Log file open, 04/20/17 18:35:14
LogInit:Display: Running engine for game: Game
LogPlatformFile: Not using cached read wrapper
LogInit:Display: RandInit(929702779) SRandInit(929702780).
LogTaskGraph: Started task graph with 4 named threads and 7 total threads with 1 sets of task threads.
LogStats: Stats thread started at 0.071440
LogInit: Version: 4.12.5-3039270+++UE4+Release-4.12
LogInit: API Version: 2992821
LogInit: Net Version: 3039270
LogDevObjectVersion: Number of dev versions registered: 13
LogDevObjectVersion:   Dev-Blueprints (B0D832E4-1F89-4F0D-ACCF-7EB736FD4AA2): 3
LogDevObjectVersion:   Dev-Build (E1C64328-A22C-4D53-A36C-8E866417BD8C): 0
LogDevObjectVersion:   Dev-Core (375EC13C-06E4-48FB-B500-84F0262A717E): 1
LogDevObjectVersion:   Dev-Editor (E4B068ED-F494-42E9-A231-DA0B2E46BB41): 2
LogDevObjectVersion:   Dev-Framework (CFFC743F-43B0-4480-9391-14DF171D2073): 6
LogDevObjectVersion:   Dev-Mobile (B02B49B5-BB20-44E9-A304-32B752E40360): 0
LogDevObjectVersion:   Dev-Networking (A4E4105C-59A1-49B5-A7C5-40C4547EDFEE): 0
LogDevObjectVersion:   Dev-Online (39C831C9-5AE6-47DC-9A44-9C173E1C8E7C): 0
LogDevObjectVersion:   Dev-Physics (78F01B33-EBEA-4F98-B9B4-84EACCB95AA2): 0
LogDevObjectVersion:   Dev-Platform (6631380F-2D4D-43E0-8009-CF276956A95A): 0
LogDevObjectVersion:   Dev-Rendering (12F88B9F-8875-4AFC-A67C-D90C383ABD29): 2
LogDevObjectVersion:   Dev-Sequencer (7B5AE74C-D270-4C10-A958-57980B212A5A): 0
LogDevObjectVersion:   Dev-VR (D7296918-1DD6-4BDD-9DE2-64A83CC13884): 0
LogInit: Compiled (64-bit): Jul  6 2016 09:09:46
LogInit: Compiled with Visual C++: 19.00.23026.00
LogInit: Build Configuration: Development
LogInit: Branch Name: ++UE4+Release-4.12
LogInit: Command line:  
LogInit: Base directory: E:/New folder/Paragon/UE_4.12/Engine/Binaries/Win64/
LogInit: Installed Engine Build: 1
LogInit: Using libcurl 7.41.0
LogInit:  - built for x86_64-pc-win32
LogInit:  - supports SSL with WinSSL
LogInit:  - other features:
LogInit:      CURL_VERSION_SSL
LogInit:      CURL_VERSION_IPV6
LogInit:      CURL_VERSION_ASYNCHDNS
LogInit:      CURL_VERSION_LARGEFILE
LogInit:      CURL_VERSION_IDN
LogInit:  CurlRequestOptions (configurable via config and command line):
LogInit:  - bVerifyPeer = true  - Libcurl will verify peer certificate
LogInit:  - bUseHttpProxy = false  - Libcurl will NOT use HTTP proxy
LogInit:  - bDontReuseConnections = false  - Libcurl will reuse connections
LogInit:  - CertBundlePath = nullptr  - Libcurl will use whatever was configured at build time.
LogInit: Presizing for max 8388607 objects, including 0 objects not considered by GC, pre-allocating 0 bytes for permanent pool.
LogInit: Object subsystem initialized
[2017.04.20-22.35.14:360][  0]LogInit: Selected Device Profile: [Windows]
[2017.04.20-22.35.14:360][  0]LogInit: Applying CVar settings loaded from the selected device profile: [Windows]
[2017.04.20-22.35.14:370][  0]LogInit: Computer: DESKTOP-JAT82AM
[2017.04.20-22.35.14:370][  0]LogInit: User: Alex
[2017.04.20-22.35.14:370][  0]LogInit: CPU Page size=65536, Cores=4
[2017.04.20-22.35.14:370][  0]LogInit: High frequency timer resolution =3.906245 MHz
[2017.04.20-22.35.14:370][  0]LogMemory: Memory total: Physical=15.9GB (16GB approx)
[2017.04.20-22.35.14:370][  0]LogMemory: Platform Memory Stats for Windows
[2017.04.20-22.35.14:370][  0]LogMemory: Process Physical Memory: 192.78 MB used, 192.78 MB peak
[2017.04.20-22.35.14:370][  0]LogMemory: Process Virtual Memory: 195.36 MB used, 195.36 MB peak
[2017.04.20-22.35.14:370][  0]LogMemory: Physical Memory: 6871.86 MB used, 16332.62 MB total
[2017.04.20-22.35.14:370][  0]LogMemory: Virtual Memory: 573.63 MB used, 134217728.00 MB total
[2017.04.20-22.35.14:395][  0]LogTextLocalizationManager: No specific translations for ('en-US') exist, so ('en') translations will be used.
[2017.04.20-22.35.14:713][  0]LogD3D11RHI: D3D11 adapters:
[2017.04.20-22.35.14:736][  0]LogD3D11RHI:    0. 'AMD Radeon R9 200 Series' (Feature Level 11_0)
[2017.04.20-22.35.14:736][  0]LogD3D11RHI:       4073/0/8166 MB DedicatedVideo/DedicatedSystem/SharedSystem, Outputs:1, VendorId:0x1002
[2017.04.20-22.35.14:737][  0]LogD3D11RHI:    1. 'Microsoft Basic Render Driver' (Feature Level 11_0)
[2017.04.20-22.35.14:737][  0]LogD3D11RHI:       0/0/8166 MB DedicatedVideo/DedicatedSystem/SharedSystem, Outputs:0, VendorId:0x1414
[2017.04.20-22.35.14:737][  0]LogD3D11RHI: Chosen D3D11 Adapter: 0
[2017.04.20-22.35.14:741][  0]LogD3D11RHI: Creating new Direct3DDevice
[2017.04.20-22.35.14:741][  0]LogD3D11RHI:     GPU DeviceId: 0x67b0 (for the marketing name, search the web for "GPU Device Id")
[2017.04.20-22.35.14:741][  0]LogWindows: EnumDisplayDevices:
[2017.04.20-22.35.14:742][  0]LogWindows:    0. 'AMD Radeon R9 200 Series' (P:1 D:1)
[2017.04.20-22.35.14:742][  0]LogWindows:    1. 'AMD Radeon R9 200 Series' (P:0 D:0)
[2017.04.20-22.35.14:742][  0]LogWindows:    2. 'AMD Radeon R9 200 Series' (P:0 D:0)
[2017.04.20-22.35.14:742][  0]LogWindows:    3. 'AMD Radeon R9 200 Series' (P:0 D:0)
[2017.04.20-22.35.14:742][  0]LogWindows:    4. 'AMD Radeon R9 200 Series' (P:0 D:0)
[2017.04.20-22.35.14:743][  0]LogWindows:    5. 'AMD Radeon R9 200 Series' (P:0 D:0)
[2017.04.20-22.35.14:743][  0]LogWindows: DebugString: FoundDriverCount:6 
[2017.04.20-22.35.14:743][  0]LogD3D11RHI:     Adapter Name: AMD Radeon R9 200 Series
[2017.04.20-22.35.14:743][  0]LogD3D11RHI:   Driver Version: Crimson ReLive 17.1.1 (internal:21.19.411.0, unified:21.19.411.0)
[2017.04.20-22.35.14:743][  0]LogD3D11RHI:      Driver Date: 1-13-2017
[2017.04.20-22.35.14:743][  0]LogRHI: Texture pool is 1361 MB (70% of 1945 MB)
[2017.04.20-22.35.14:750][  0]LogD3D11RHI: Async texture creation disabled: no driver support
[2017.04.20-22.35.14:761][  0]LogD3D11RHI: GPU Timing Frequency: 27.000000 (Debug: 2 1)
[2017.04.20-22.35.14:762][  0]LogShaderCompilers: Guid format shader working directory is 7 characters bigger than the processId version (C:/Users/Alex/Desktop/Gith/CGT445/Game/Intermediate/Shaders/WorkingDirectory/5384/).
[2017.04.20-22.35.14:762][  0]LogShaderCompilers: Cleaned the shader compiler working directory 'C:/Users/Alex/AppData/Local/Temp/UnrealShaderWorkingDir/B61B7DB24A45CECC7E0F17905089766D/'.
[2017.04.20-22.35.14:762][  0]LogShaderCompilers:Display: Using Local Shader Compiler.
[2017.04.20-22.35.15:515][  0]LogTemp:Display: Loaded TP AllDesktopTargetPlatform
[2017.04.20-22.35.15:521][  0]LogTemp:Display: Loaded TP WindowsClientTargetPlatform
[2017.04.20-22.35.15:528][  0]LogTemp:Display: Loaded TP WindowsNoEditorTargetPlatform
[2017.04.20-22.35.15:535][  0]LogTemp:Display: Loaded TP WindowsServerTargetPlatform
[2017.04.20-22.35.15:542][  0]LogTemp:Display: Loaded TP WindowsTargetPlatform
[2017.04.20-22.35.15:549][  0]LogTemp:Display: Loaded TP AndroidTargetPlatform
[2017.04.20-22.35.15:555][  0]LogTemp:Display: Loaded TP Android_ASTCTargetPlatform
[2017.04.20-22.35.15:561][  0]LogTemp:Display: Loaded TP Android_ATCTargetPlatform
[2017.04.20-22.35.15:567][  0]LogTemp:Display: Loaded TP Android_DXTTargetPlatform
[2017.04.20-22.35.15:573][  0]LogTemp:Display: Loaded TP Android_ETC1TargetPlatform
[2017.04.20-22.35.15:581][  0]LogTemp:Display: Loaded TP Android_ETC2TargetPlatform
[2017.04.20-22.35.15:594][  0]LogTemp:Display: Loaded TP Android_MultiTargetPlatform
[2017.04.20-22.35.15:594][  0]LogTemp:Display: Loaded TP Android_PVRTCTargetPlatform
[2017.04.20-22.35.15:595][  0]LogTemp:Display: Loaded TP HTML5TargetPlatform
[2017.04.20-22.35.15:612][  0]LogTemp:Display: Loaded TP IOSTargetPlatform
[2017.04.20-22.35.15:618][  0]LogTemp:Display: Loaded TP TVOSTargetPlatform
[2017.04.20-22.35.15:624][  0]LogTemp:Display: Loaded TP LinuxNoEditorTargetPlatform
[2017.04.20-22.35.15:630][  0]LogTemp:Display: Loaded TP LinuxServerTargetPlatform
[2017.04.20-22.35.15:637][  0]LogTemp:Display: Loaded TP LinuxTargetPlatform
[2017.04.20-22.35.15:637][  0]LogTargetPlatformManager:Display: Building Assets For Windows
[2017.04.20-22.35.15:686][  0]LogDerivedDataCache:Display: Max Cache Size: 512 MB
[2017.04.20-22.35.15:728][  0]LogDerivedDataCache: Loaded boot cache 0.04s 48MB C:/Users/Alex/AppData/Local/UnrealEngine/4.12/DerivedDataCache/Boot.ddc.
[2017.04.20-22.35.15:728][  0]LogDerivedDataCache:Display: Loaded Boot cache: C:/Users/Alex/AppData/Local/UnrealEngine/4.12/DerivedDataCache/Boot.ddc
[2017.04.20-22.35.15:729][  0]LogDerivedDataCache: FDerivedDataBackendGraph:  Pak pak cache file C:/Users/Alex/Desktop/Gith/CGT445/Game/DerivedDataCache/DDC.ddp not found, will not use a pak cache.
[2017.04.20-22.35.15:729][  0]LogDerivedDataCache: Unable to find inner node Pak for hierarchical cache Hierarchy.
[2017.04.20-22.35.15:729][  0]LogDerivedDataCache: FDerivedDataBackendGraph:  CompressedPak pak cache file C:/Users/Alex/Desktop/Gith/CGT445/Game/DerivedDataCache/Compressed.ddp not found, will not use a pak cache.
[2017.04.20-22.35.15:729][  0]LogDerivedDataCache: Unable to find inner node CompressedPak for hierarchical cache Hierarchy.
[2017.04.20-22.35.15:742][  0]LogDerivedDataCache:Display: Pak cache opened for reading ../../../Engine/DerivedDataCache/Compressed.ddp.
[2017.04.20-22.35.15:754][  0]LogDerivedDataCache: Using Local data cache path C:/Users/Alex/AppData/Local/UnrealEngine/Common/DerivedDataCache: Writable
[2017.04.20-22.35.15:896][  0]LogInit: Selected Device Profile: [Windows]
[2017.04.20-22.35.15:897][  0]LogContentStreaming: Texture pool size is 0.00 MB
[2017.04.20-22.35.16:013][  0]LogMeshUtilities: No automatic mesh reduction module available
[2017.04.20-22.35.16:013][  0]LogMeshUtilities: No automatic mesh merging module available
[2017.04.20-22.35.16:013][  0]LogMeshUtilities: No distributed automatic mesh merging module available
[2017.04.20-22.35.16:212][  0]LogAssetRegistry: FAssetRegistry took 0.0214 seconds to start up
[2017.04.20-22.35.16:237][  0]LogPackageLocalizationCache: Processed 3 localized package path(s) for 2 prioritized culture(s) in 0.024371 seconds
[2017.04.20-22.35.16:243][  0]LogUObjectArray: 28739 objects as part of root set at end of initial load.
[2017.04.20-22.35.16:243][  0]LogUObjectAllocator: 5855632 out of 0 bytes used by permanent object pool.
[2017.04.20-22.35.16:243][  0]LogUObjectArray: CloseDisregardForGC: 0/0 objects in disregard for GC pool
[2017.04.20-22.35.16:247][  0]LogInit: WinSock: version 1.1 (2.2), MaxSocks=32767, MaxUdp=65467
[2017.04.20-22.35.16:361][  0]LogSlate: SlateFontCache - WITH_FREETYPE: 1, WITH_HARFBUZZ: 1
[2017.04.20-22.35.16:361][  0]LogSlate: SlateFontCache - WITH_FREETYPE: 1, WITH_HARFBUZZ: 1
[2017.04.20-22.35.16:938][  0]LogUdpMessaging: Initializing bridge on interface 0.0.0.0:0 to multicast group 230.0.0.1:6666.
[2017.04.20-22.35.17:128][  0]SourceControl: Info Source control is disabled
[2017.04.20-22.35.17:129][  0]SourceControl: Info Source control is disabled
[2017.04.20-22.35.17:136][  0]SourceControl: Info Source control is disabled
[2017.04.20-22.35.17:145][  0]SourceControl: Info Source control is disabled
[2017.04.20-22.35.17:313][  0]LogEngine: Initializing Engine...
[2017.04.20-22.35.17:314][  0]LogHMD: SteamVR failed to initialize.  Err: 110
[2017.04.20-22.35.17:314][  0]LogHMD: SteamVR failed to initialize.  Err: 110
[2017.04.20-22.35.17:415][  0]LogAIModule: Creating AISystem for world NewWorld
[2017.04.20-22.35.17:421][  0]LogInit: XAudio2 using 'Speakers (Realtek High Definition Audio)' : 2 channels at 48 kHz using 32 bits per sample (channel mask 0x3)
[2017.04.20-22.35.17:431][  0]LogInit: FAudioDevice initialized.
[2017.04.20-22.35.17:450][  0]LogDerivedDataCache: Saved boot cache 0.02s 48MB C:/Users/Alex/AppData/Local/UnrealEngine/4.12/DerivedDataCache/Boot.ddc.
[2017.04.20-22.35.17:456][  0]LogInit: Texture streaming: Enabled
[2017.04.20-22.35.17:472][  0]LogInit: Transaction tracking system initialized
[2017.04.20-22.35.17:483][  0]BlueprintLog: New page: Editor Load
[2017.04.20-22.35.17:523][  0]LocalizationService: Info Localization service is disabled
[2017.04.20-22.35.17:567][  0]LogConsoleResponse:Display: 
[2017.04.20-22.35.17:641][  0]LogCook:Display: Max memory allowance for cook 8192mb
[2017.04.20-22.35.17:641][  0]LogCook:Display: Mobile HDR setting 1
[2017.04.20-22.35.17:707][  0]LogFileCache: Scanning file cache for directory 'C:/Users/Alex/Desktop/Gith/CGT445/Game/Content/' took 0.02s
[2017.04.20-22.35.17:707][  0]SourceControl: Info Source control is disabled
[2017.04.20-22.35.17:707][  0]Cmd: MAP LOAD FILE="C:/Users/Alex/Desktop/Gith/CGT445/Game/Content/FirstPersonBP/Maps/FirstPersonExampleMap.umap" TEMPLATE=0 SHOWPROGRESS=1 FEATURELEVEL=3
[2017.04.20-22.35.17:707][  0]LogEditorServer:Warning: Can't find file 'C:/Users/Alex/Desktop/Gith/CGT445/Game/Content/FirstPersonBP/Maps/FirstPersonExampleMap.umap'
[2017.04.20-22.35.17:707][  0]Cmd: MAP CHECKDEP NOCLEARLOG
[2017.04.20-22.35.17:743][  0]MapCheck: Info Map check complete: 0 Error(s), 0 Warning(s), took 35.104ms to complete.
[2017.04.20-22.35.17:743][  0]LogFileHelpers: Loading map 'FirstPersonExampleMap' took 0.036
[2017.04.20-22.35.17:851][  0]LogCollectionManager: Loaded 0 collections in 0.000751 seconds
[2017.04.20-22.35.17:888][  0]LogFileCache: Scanning file cache for directory 'C:/Users/Alex/Desktop/Gith/CGT445/Game/Saved/Collections/' took 0.01s
[2017.04.20-22.35.17:888][  0]LogFileCache: Scanning file cache for directory 'C:/Users/Alex/Desktop/Gith/CGT445/Game/Content/Developers/Alex/Collections/' took 0.01s
[2017.04.20-22.35.17:888][  0]LogFileCache: Scanning file cache for directory 'C:/Users/Alex/Desktop/Gith/CGT445/Game/Content/Collections/' took 0.01s
[2017.04.20-22.35.17:888][  0]LogCollectionManager: Rebuilt the GUID cache for 0 collections in 0.000002 seconds
[2017.04.20-22.35.17:902][  0]LogContentBrowser: Native class hierarchy populated in 0.0135 seconds. Added 2047 classes and 369 folders.
[2017.04.20-22.35.17:907][  0]LogStats: UGameplayTagsManager::ConstructGameplayTagTree: Construct from data asset -  0.000 s
[2017.04.20-22.35.17:907][  0]LogStats: UGameplayTagsManager::ConstructGameplayTagTree: GameplayTagTreeChangedEvent.Broadcast -  0.000 s
[2017.04.20-22.35.17:908][  0]LogContentBrowser: Native class hierarchy updated for 'GameplayTags' in 0.0010 seconds. Added 12 classes and 0 folders.
[2017.04.20-22.35.17:914][  0]LogContentBrowser: Native class hierarchy updated for 'WidgetCarousel' in 0.0006 seconds. Added 0 classes and 0 folders.
[2017.04.20-22.35.17:964][  0]LogContentBrowser: Native class hierarchy updated for 'AddContentDialog' in 0.0005 seconds. Added 0 classes and 0 folders.
[2017.04.20-22.35.17:967][  0]LogContentBrowser: Native class hierarchy updated for 'SceneOutliner' in 0.0003 seconds. Added 1 classes and 2 folders.
[2017.04.20-22.35.18:002][  0]LogCrashTracker: Crashtracker disabled due to settings.
[2017.04.20-22.35.18:005][  0]LogUObjectGlobals:Warning: Failed to find object 'Class None.'
[2017.04.20-22.35.18:030][  0]LogContentBrowser: Native class hierarchy updated for 'HierarchicalLODOutliner' in 0.0004 seconds. Added 1 classes and 2 folders.
[2017.04.20-22.35.18:030][  0]LogLoad: Full Startup: 5.52 seconds (BP compile: 0.00 seconds)
[2017.04.20-22.35.18:030][  0]LogExternalProfiler: No external profilers were discovered.  External profiling features will not be available.
[2017.04.20-22.35.18:038][  0]LogWindowsTextInputMethodSystem:Display: IME system now deactivated.
[2017.04.20-22.35.18:039][  0]LogOcInput: OculusInput pre-init called
[2017.04.20-22.35.18:068][  0]LogContentStreaming: Texture pool size now 1000 MB
[2017.04.20-22.35.18:187][  0]LogRenderer: Reallocating scene render targets to support 784x484 (Frame:2).
[2017.04.20-22.35.18:229][  1]LogFileCache: Retrieving MD5 hashes for directory 'C:/Users/Alex/Desktop/Gith/CGT445/Game/Content/' took 0.18s
[2017.04.20-22.35.18:243][  1]LogAssetRegistry: Asset discovery search completed in 2.0530 seconds
[2017.04.20-22.35.18:243][  1]LogCollectionManager: Rebuilt the object cache for 0 collections in 0.000001 seconds (found 0 objects)
[2017.04.20-22.35.18:244][  1]LogCollectionManager: Fixed up redirectors for 0 collections in 0.000029 seconds (updated 0 objects)
[2017.04.20-22.35.22:856][546]AssetReimport: New page: Outstanding source content changes 1:35:22 PM
[2017.04.20-22.35.22:857][546]LogFactory: FactoryCreateFile: StaticMesh with FbxFactory (0 0 C:/Users/Alex/Desktop/Gith/CGT445/Game/Content/Meshs/food/Apple_00_OBJ/Apple_00.obj)
[2017.04.20-22.35.22:864][546]LogFbx: Loading FBX Scene from C:/Users/Alex/Desktop/Gith/CGT445/Game/Content/Meshs/food/Apple_00_OBJ/Apple_00.obj
[2017.04.20-22.35.22:868][546]LogFbx: FBX Scene Loaded Succesfully
[2017.04.20-22.35.23:802][546]LogFbx: Loading FBX Scene from C:/Users/Alex/Desktop/Gith/CGT445/Game/Content/Meshs/food/Apple_00_OBJ/Apple_00.obj
[2017.04.20-22.35.23:806][546]LogFbx: FBX Scene Loaded Succesfully
[2017.04.20-22.35.23:811][546]LogMaterial: Missing cached shader map for material AppleMat, compiling. 
[2017.04.20-22.35.23:894][546]LogStaticMesh: Building static mesh Apple_00...
[2017.04.20-22.35.23:905][546]LogStaticMesh: Built static mesh [0.01s] /Game/Meshs/food/Apple_00_OBJ/Apple_00.Apple_00
[2017.04.20-22.35.23:931][547]LogFactory: FactoryCreateFile: Texture with ReimportTextureFactory (0 0 C:/Users/Alex/Desktop/Gith/CGT445/Game/Content/Meshs/food/Apple_00_OBJ/Apple_Base_Color.png)
[2017.04.20-22.35.25:859][548]LogFactory: FactoryCreateFile: StaticMesh with FbxFactory (0 0 C:/Users/Alex/Desktop/Gith/CGT445/Game/Content/Meshs/food/Banana_00_OBJ/Banana_00.obj)
[2017.04.20-22.35.25:866][548]LogFbx: Loading FBX Scene from C:/Users/Alex/Desktop/Gith/CGT445/Game/Content/Meshs/food/Banana_00_OBJ/Banana_00.obj
[2017.04.20-22.35.25:873][548]LogFbx: FBX Scene Loaded Succesfully
[2017.04.20-22.35.27:681][548]LogFbx: Loading FBX Scene from C:/Users/Alex/Desktop/Gith/CGT445/Game/Content/Meshs/food/Banana_00_OBJ/Banana_00.obj
[2017.04.20-22.35.27:686][548]LogFbx: FBX Scene Loaded Succesfully
[2017.04.20-22.35.27:691][548]LogMaterial: Missing cached shader map for material BananaMat, compiling. 
[2017.04.20-22.35.27:767][548]LogStaticMesh: Building static mesh Banana_00...
[2017.04.20-22.35.27:785][548]LogStaticMesh: Built static mesh [0.02s] /Game/Meshs/food/Banana_00_OBJ/Banana_00.Banana_00
[2017.04.20-22.35.27:815][549]LogFactory: FactoryCreateFile: Texture with ReimportTextureFactory (0 0 C:/Users/Alex/Desktop/Gith/CGT445/Game/Content/Meshs/food/Banana_00_OBJ/Banana_Base_Color_04.png)
[2017.04.20-22.35.29:115][550]Cmd: OBJ SAVEPACKAGE PACKAGE="/Game/Meshs/food/Apple_00_OBJ/Apple_00" FILE="C:/Users/Alex/Desktop/Gith/CGT445/Game/Content/Meshs/food/Apple_00_OBJ/Apple_00.uasset" SILENT=true
[2017.04.20-22.35.29:128][550]LogSavePackage: Save=12.39ms
[2017.04.20-22.35.29:129][550]LogSavePackage: Moving 'C:/Users/Alex/Desktop/Gith/CGT445/Game/Saved/Apple_00C45B1FD841D26C8DEAFFBAB6D89F9C7F.tmp' to 'C:/Users/Alex/Desktop/Gith/CGT445/Game/Content/Meshs/food/Apple_00_OBJ/Apple_00.uasset'
[2017.04.20-22.35.29:133][550]LogSavePackage:Display: Finished SavePackage C:/Users/Alex/Desktop/Gith/CGT445/Game/Content/Meshs/food/Apple_00_OBJ/Apple_00.uasset
[2017.04.20-22.35.29:143][550]Cmd: OBJ SAVEPACKAGE PACKAGE="/Game/Meshs/food/Apple_00_OBJ/Apple_Base_Color" FILE="C:/Users/Alex/Desktop/Gith/CGT445/Game/Content/Meshs/food/Apple_00_OBJ/Apple_Base_Color.uasset" SILENT=true
[2017.04.20-22.35.29:719][550]LogSavePackage: Save=574.61ms
[2017.04.20-22.35.29:719][550]LogSavePackage: Moving 'C:/Users/Alex/Desktop/Gith/CGT445/Game/Saved/Apple_Base_Color2A669E1442E47772D6A909A09FD55227.tmp' to 'C:/Users/Alex/Desktop/Gith/CGT445/Game/Content/Meshs/food/Apple_00_OBJ/Apple_Base_Color.uasset'
[2017.04.20-22.35.29:721][550]LogSavePackage:Display: Finished SavePackage C:/Users/Alex/Desktop/Gith/CGT445/Game/Content/Meshs/food/Apple_00_OBJ/Apple_Base_Color.uasset
[2017.04.20-22.35.29:736][550]Cmd: OBJ SAVEPACKAGE PACKAGE="/Game/Meshs/food/Banana_00_OBJ/Banana_00" FILE="C:/Users/Alex/Desktop/Gith/CGT445/Game/Content/Meshs/food/Banana_00_OBJ/Banana_00.uasset" SILENT=true
[2017.04.20-22.35.29:746][550]LogSavePackage: Save=9.26ms
[2017.04.20-22.35.29:746][550]LogSavePackage: Moving 'C:/Users/Alex/Desktop/Gith/CGT445/Game/Saved/Banana_005181F9F94C5A76A6E54E299E8FAD63D3.tmp' to 'C:/Users/Alex/Desktop/Gith/CGT445/Game/Content/Meshs/food/Banana_00_OBJ/Banana_00.uasset'
[2017.04.20-22.35.29:748][550]LogSavePackage:Display: Finished SavePackage C:/Users/Alex/Desktop/Gith/CGT445/Game/Content/Meshs/food/Banana_00_OBJ/Banana_00.uasset
[2017.04.20-22.35.29:755][550]Cmd: OBJ SAVEPACKAGE PACKAGE="/Game/Meshs/food/Banana_00_OBJ/Banana_Base_Color_04" FILE="C:/Users/Alex/Desktop/Gith/CGT445/Game/Content/Meshs/food/Banana_00_OBJ/Banana_Base_Color_04.uasset" SILENT=true
[2017.04.20-22.35.30:041][550]LogSavePackage: Save=284.86ms
[2017.04.20-22.35.30:041][550]LogSavePackage: Moving 'C:/Users/Alex/Desktop/Gith/CGT445/Game/Saved/Banana_Base_Color_04DA9C671A42D6890FF7EDAA99CD120692.tmp' to 'C:/Users/Alex/Desktop/Gith/CGT445/Game/Content/Meshs/food/Banana_00_OBJ/Banana_Base_Color_04.uasset'
[2017.04.20-22.35.30:043][550]LogSavePackage:Display: Finished SavePackage C:/Users/Alex/Desktop/Gith/CGT445/Game/Content/Meshs/food/Banana_00_OBJ/Banana_Base_Color_04.uasset
[2017.04.20-22.35.33:048][910]AssetReimport: Info Importing new asset /Game/Meshs/food/Apple_00_OBJ/Apple_00.
[2017.04.20-22.35.33:048][910]AssetReimport: Info Importing new asset /Game/Meshs/food/Apple_00_OBJ/Apple_Base_Color.
[2017.04.20-22.35.33:048][910]AssetReimport: Info Importing new asset /Game/Meshs/food/Banana_00_OBJ/Banana_00.
[2017.04.20-22.35.33:048][910]AssetReimport: Info Importing new asset /Game/Meshs/food/Banana_00_OBJ/Banana_Base_Color_04.
[2017.04.20-22.35.35:180][ 45]LogAIModule: Creating AISystem for world BarebonesCafeteria
[2017.04.20-22.35.36:505][ 45]Cmd: OBJ SAVEPACKAGE PACKAGE="/Game/Meshs/food/Apple_00_OBJ/AppleMat" FILE="C:/Users/Alex/Desktop/Gith/CGT445/Game/Content/Meshs/food/Apple_00_OBJ/AppleMat.uasset" SILENT=true
[2017.04.20-22.35.36:517][ 45]LogSavePackage: Save=10.98ms
[2017.04.20-22.35.36:517][ 45]LogSavePackage: Moving 'C:/Users/Alex/Desktop/Gith/CGT445/Game/Saved/AppleMat5E17BCDF4AC947CABA205F888AF5E7BD.tmp' to 'C:/Users/Alex/Desktop/Gith/CGT445/Game/Content/Meshs/food/Apple_00_OBJ/AppleMat.uasset'
[2017.04.20-22.35.36:520][ 45]LogSavePackage:Display: Finished SavePackage C:/Users/Alex/Desktop/Gith/CGT445/Game/Content/Meshs/food/Apple_00_OBJ/AppleMat.uasset
[2017.04.20-22.35.36:531][ 45]Cmd: OBJ SAVEPACKAGE PACKAGE="/Game/Meshs/food/Banana_00_OBJ/BananaMat" FILE="C:/Users/Alex/Desktop/Gith/CGT445/Game/Content/Meshs/food/Banana_00_OBJ/BananaMat.uasset" SILENT=true
[2017.04.20-22.35.36:543][ 45]LogSavePackage: Save=11.06ms
[2017.04.20-22.35.36:543][ 45]LogSavePackage: Moving 'C:/Users/Alex/Desktop/Gith/CGT445/Game/Saved/BananaMatEBB97F9F404E847788C63A8A2342CEB1.tmp' to 'C:/Users/Alex/Desktop/Gith/CGT445/Game/Content/Meshs/food/Banana_00_OBJ/BananaMat.uasset'
[2017.04.20-22.35.36:545][ 45]LogSavePackage:Display: Finished SavePackage C:/Users/Alex/Desktop/Gith/CGT445/Game/Content/Meshs/food/Banana_00_OBJ/BananaMat.uasset
[2017.04.20-22.35.36:546][ 45]Cmd: MAP LOAD FILE="C:/Users/Alex/Desktop/Gith/CGT445/Game/Content/Maps/BarebonesCafeteria.umap" TEMPLATE=0 SHOWPROGRESS=1 FEATURELEVEL=3
[2017.04.20-22.35.36:546][ 45]LightingResults: New page: Lighting Build
[2017.04.20-22.35.36:548][ 45]LogContentBrowser: Native class hierarchy updated for 'StatsViewer' in 0.0003 seconds. Added 5 classes and 0 folders.
[2017.04.20-22.35.36:549][ 45]LoadErrors: New page: Loading map: BarebonesCafeteria.umap
[2017.04.20-22.35.36:549][ 45]MapCheck: New page: Map Check
[2017.04.20-22.35.36:549][ 45]LightingResults: New page: Lighting Build
[2017.04.20-22.35.36:610][ 45]LogEditorServer: Finished looking for orphan Actors (0.000 secs)
[2017.04.20-22.35.36:634][ 45]Cmd: MAP CHECKDEP NOCLEARLOG
[2017.04.20-22.35.36:688][ 45]MapCheck: Info Map check complete: 0 Error(s), 0 Warning(s), took 54.358ms to complete.
[2017.04.20-22.35.36:688][ 45]LogFileHelpers: Loading map 'BarebonesCafeteria' took 0.143
[2017.04.20-22.36.33:079][565]AssetReimport: New page: Outstanding source content changes 1:36:33 PM
[2017.04.20-22.36.33:080][565]LogFactory: FactoryCreateFile: StaticMesh with FbxFactory (0 0 C:/Users/Alex/Desktop/Gith/CGT445/Game/Content/Meshs/fantoni - obj/fant.obj)
[2017.04.20-22.36.33:084][565]LogFbx: Loading FBX Scene from C:/Users/Alex/Desktop/Gith/CGT445/Game/Content/Meshs/fantoni - obj/fant.obj
[2017.04.20-22.36.33:125][565]LogFbx: FBX Scene Loaded Succesfully
[2017.04.20-22.36.34:012][565]LogFbx: Loading FBX Scene from C:/Users/Alex/Desktop/Gith/CGT445/Game/Content/Meshs/fantoni - obj/fant.obj
[2017.04.20-22.36.34:046][565]LogFbx: FBX Scene Loaded Succesfully
[2017.04.20-22.36.34:052][565]LogMaterial: Missing cached shader map for material wire_229154215, compiling. 
[2017.04.20-22.36.34:078][565]LogMaterial: Missing cached shader map for material Standard_8, compiling. 
[2017.04.20-22.36.34:096][565]LogMaterial: Missing cached shader map for material wire_135006006, compiling. 
[2017.04.20-22.36.34:148][565]LogMaterial: Missing cached shader map for material wire_154215229, compiling. 
[2017.04.20-22.36.34:567][565]LogMaterial: Missing cached shader map for material wire_154185229, compiling. 
[2017.04.20-22.36.34:809][565]LogStaticMesh: Building static mesh fant...
[2017.04.20-22.36.34:987][565]LogStaticMesh: Built static mesh [0.18s] /Game/Meshs/fantoni_-_obj/fant.fant
[2017.04.20-22.36.35:043][566]LogFactory: FactoryCreateFile: Texture with ReimportTextureFactory (0 0 C:/Users/Alex/Desktop/Gith/CGT445/Game/Content/Meshs/fantoni - obj/figure07.jpg)
[2017.04.20-22.36.35:159][567]LogFactory: FactoryCreateFile: Texture with ReimportTextureFactory (0 0 C:/Users/Alex/Desktop/Gith/CGT445/Game/Content/Meshs/fantoni - obj/wood_text_table.JPG)
[2017.04.20-22.36.36:789][568]Cmd: OBJ SAVEPACKAGE PACKAGE="/Game/Meshs/fantoni_-_obj/fant" FILE="C:/Users/Alex/Desktop/Gith/CGT445/Game/Content/Meshs/fantoni_-_obj/fant.uasset" SILENT=true
[2017.04.20-22.36.36:803][568]LogSavePackage: Save=12.41ms
[2017.04.20-22.36.36:803][568]LogSavePackage: Moving 'C:/Users/Alex/Desktop/Gith/CGT445/Game/Saved/fant14A262264463D68BEA8B74A262E3931F.tmp' to 'C:/Users/Alex/Desktop/Gith/CGT445/Game/Content/Meshs/fantoni_-_obj/fant.uasset'
[2017.04.20-22.36.36:806][568]LogSavePackage:Display: Finished SavePackage C:/Users/Alex/Desktop/Gith/CGT445/Game/Content/Meshs/fantoni_-_obj/fant.uasset
[2017.04.20-22.36.36:815][568]Cmd: OBJ SAVEPACKAGE PACKAGE="/Game/Meshs/fantoni_-_obj/figure07" FILE="C:/Users/Alex/Desktop/Gith/CGT445/Game/Content/Meshs/fantoni_-_obj/figure07.uasset" SILENT=true
[2017.04.20-22.36.36:836][568]LogSavePackage: Save=18.41ms
[2017.04.20-22.36.36:836][568]LogSavePackage: Moving 'C:/Users/Alex/Desktop/Gith/CGT445/Game/Saved/figure070A2A5A344AA3859A8E9593BD5CD617E9.tmp' to 'C:/Users/Alex/Desktop/Gith/CGT445/Game/Content/Meshs/fantoni_-_obj/figure07.uasset'
[2017.04.20-22.36.36:838][568]LogSavePackage:Display: Finished SavePackage C:/Users/Alex/Desktop/Gith/CGT445/Game/Content/Meshs/fantoni_-_obj/figure07.uasset
[2017.04.20-22.36.36:848][568]Cmd: OBJ SAVEPACKAGE PACKAGE="/Game/Meshs/fantoni_-_obj/wood_text_table" FILE="C:/Users/Alex/Desktop/Gith/CGT445/Game/Content/Meshs/fantoni_-_obj/wood_text_table.uasset" SILENT=true
[2017.04.20-22.36.37:045][568]LogSavePackage: Save=195.40ms
[2017.04.20-22.36.37:045][568]LogSavePackage: Moving 'C:/Users/Alex/Desktop/Gith/CGT445/Game/Saved/wood_text_table0FC8DD4D4169F8C7621802A5237AAC1E.tmp' to 'C:/Users/Alex/Desktop/Gith/CGT445/Game/Content/Meshs/fantoni_-_obj/wood_text_table.uasset'
[2017.04.20-22.36.37:048][568]LogSavePackage:Display: Finished SavePackage C:/Users/Alex/Desktop/Gith/CGT445/Game/Content/Meshs/fantoni_-_obj/wood_text_table.uasset
[2017.04.20-22.36.40:098][578]AssetReimport: Info Importing new asset /Game/Meshs/fantoni_-_obj/fant.
[2017.04.20-22.36.40:098][578]AssetReimport: Info Importing new asset /Game/Meshs/fantoni_-_obj/figure07.
[2017.04.20-22.36.40:098][578]AssetReimport: Info Importing new asset /Game/Meshs/fantoni_-_obj/wood_text_table.
[2017.04.20-22.37.19:332][215]AssetReimport: New page: Outstanding source content changes 1:37:19 PM
[2017.04.20-22.37.19:370][215]LogEditorFactories: Performing atomic reimport of [C:/Users/Alex/Desktop/Gith/CGT445/Game/Content/Meshs/fantoni_-_obj/wood_text_table.JPG]
[2017.04.20-22.37.19:370][215]LogFactory: FactoryCreateFile: Texture2D with ReimportTextureFactory (0 0 C:/Users/Alex/Desktop/Gith/CGT445/Game/Content/Meshs/fantoni_-_obj/wood_text_table.JPG)
[2017.04.20-22.37.20:618][215]LogEditorFactories: -- imported successfully
[2017.04.20-22.37.20:649][216]LogEditorFactories: Performing atomic reimport of [C:/Users/Alex/Desktop/Gith/CGT445/Game/Content/Meshs/fantoni_-_obj/figure07.jpg]
[2017.04.20-22.37.20:649][216]LogFactory: FactoryCreateFile: Texture2D with ReimportTextureFactory (0 0 C:/Users/Alex/Desktop/Gith/CGT445/Game/Content/Meshs/fantoni_-_obj/figure07.jpg)
[2017.04.20-22.37.20:729][216]LogEditorFactories: -- imported successfully
[2017.04.20-22.37.20:779][217]LogEditorFactories: Performing atomic reimport of [C:/Users/Alex/Desktop/Gith/CGT445/Game/Content/Meshs/fantoni_-_obj/fant.obj]
[2017.04.20-22.37.20:783][217]LogFbx: Loading FBX Scene from C:/Users/Alex/Desktop/Gith/CGT445/Game/Content/Meshs/fantoni_-_obj/fant.obj
[2017.04.20-22.37.20:817][217]LogFbx: FBX Scene Loaded Succesfully
[2017.04.20-22.37.21:530][217]LogStaticMesh: Building static mesh fant...
[2017.04.20-22.37.21:638][217]LogStaticMesh: Built static mesh [0.11s] /Game/Meshs/fantoni_-_obj/fant.fant
[2017.04.20-22.37.21:654][217]LogEditorFactories: -- imported successfully
[2017.04.20-22.37.24:686][577]AssetReimport: Info Reimported asset wood_text_table from C:/Users/Alex/Desktop/Gith/CGT445/Game/Content/Meshs/fantoni_-_obj/wood_text_table.JPG.
[2017.04.20-22.37.24:686][577]AssetReimport: Info Reimported asset figure07 from C:/Users/Alex/Desktop/Gith/CGT445/Game/Content/Meshs/fantoni_-_obj/figure07.jpg.
[2017.04.20-22.37.24:686][577]AssetReimport: Info Reimported asset fant from C:/Users/Alex/Desktop/Gith/CGT445/Game/Content/Meshs/fantoni_-_obj/fant.obj.
[2017.04.20-22.37.36:960][908]AssetReimport: New page: Outstanding source content changes 1:37:36 PM
[2017.04.20-22.37.36:961][908]LogFactory: FactoryCreateFile: Texture with ReimportTextureFactory (0 0 C:/Users/Alex/Desktop/Gith/CGT445/Game/Content/Meshs/wood_text_table.JPG)
[2017.04.20-22.37.38:222][909]LogFactory: FactoryCreateFile: Texture with ReimportTextureFactory (0 0 C:/Users/Alex/Desktop/Gith/CGT445/Game/Content/Meshs/figure07.jpg)
[2017.04.20-22.37.38:281][909]LogFactory: FactoryCreateFile: StaticMesh with FbxFactory (0 0 C:/Users/Alex/Desktop/Gith/CGT445/Game/Content/Meshs/fant.obj)
[2017.04.20-22.37.38:289][909]LogFbx: Loading FBX Scene from C:/Users/Alex/Desktop/Gith/CGT445/Game/Content/Meshs/fant.obj
[2017.04.20-22.37.38:323][909]LogFbx: FBX Scene Loaded Succesfully
[2017.04.20-22.37.39:699][909]LogFbx: Loading FBX Scene from C:/Users/Alex/Desktop/Gith/CGT445/Game/Content/Meshs/fant.obj
[2017.04.20-22.37.39:733][909]LogFbx: FBX Scene Loaded Succesfully
[2017.04.20-22.37.39:738][909]LogMaterial: Missing cached shader map for material wire_229154215, compiling. 
[2017.04.20-22.37.39:763][909]LogMaterial: Missing cached shader map for material Standard_8, compiling. 
[2017.04.20-22.37.39:780][909]LogMaterial: Missing cached shader map for material wire_135006006, compiling. 
[2017.04.20-22.37.39:833][909]LogMaterial: Missing cached shader map for material wire_154215229, compiling. 
[2017.04.20-22.37.40:249][909]LogMaterial: Missing cached shader map for material wire_154185229, compiling. 
[2017.04.20-22.37.40:475][909]LogStaticMesh: Building static mesh fant...
[2017.04.20-22.37.40:643][909]LogStaticMesh: Built static mesh [0.17s] /Game/Meshs/fant.fant
[2017.04.20-22.37.40:703][910]Cmd: OBJ SAVEPACKAGE PACKAGE="/Game/Meshs/wood_text_table" FILE="C:/Users/Alex/Desktop/Gith/CGT445/Game/Content/Meshs/wood_text_table.uasset" SILENT=true
[2017.04.20-22.37.40:911][910]LogSavePackage: Save=205.87ms
[2017.04.20-22.37.40:911][910]LogSavePackage: Moving 'C:/Users/Alex/Desktop/Gith/CGT445/Game/Saved/wood_text_table932586D84CE56CBFD4B146A635F8639A.tmp' to 'C:/Users/Alex/Desktop/Gith/CGT445/Game/Content/Meshs/wood_text_table.uasset'
[2017.04.20-22.37.40:913][910]LogSavePackage:Display: Finished SavePackage C:/Users/Alex/Desktop/Gith/CGT445/Game/Content/Meshs/wood_text_table.uasset
[2017.04.20-22.37.40:923][910]Cmd: OBJ SAVEPACKAGE PACKAGE="/Game/Meshs/figure07" FILE="C:/Users/Alex/Desktop/Gith/CGT445/Game/Content/Meshs/figure07.uasset" SILENT=true
[2017.04.20-22.37.40:948][910]LogSavePackage: Save=22.25ms
[2017.04.20-22.37.40:948][910]LogSavePackage: Moving 'C:/Users/Alex/Desktop/Gith/CGT445/Game/Saved/figure07618828564546183364203AA568DE9151.tmp' to 'C:/Users/Alex/Desktop/Gith/CGT445/Game/Content/Meshs/figure07.uasset'
[2017.04.20-22.37.40:950][910]LogSavePackage:Display: Finished SavePackage C:/Users/Alex/Desktop/Gith/CGT445/Game/Content/Meshs/figure07.uasset
[2017.04.20-22.37.40:971][910]Cmd: OBJ SAVEPACKAGE PACKAGE="/Game/Meshs/fant" FILE="C:/Users/Alex/Desktop/Gith/CGT445/Game/Content/Meshs/fant.uasset" SILENT=true
[2017.04.20-22.37.40:987][910]LogSavePackage: Save=14.21ms
[2017.04.20-22.37.40:987][910]LogSavePackage: Moving 'C:/Users/Alex/Desktop/Gith/CGT445/Game/Saved/fant46E1CFF145360962E2DCAA99771F4F77.tmp' to 'C:/Users/Alex/Desktop/Gith/CGT445/Game/Content/Meshs/fant.uasset'
[2017.04.20-22.37.40:989][910]LogSavePackage:Display: Finished SavePackage C:/Users/Alex/Desktop/Gith/CGT445/Game/Content/Meshs/fant.uasset
[2017.04.20-22.37.43:994][260]AssetReimport: Info Importing new asset /Game/Meshs/wood_text_table.
[2017.04.20-22.37.43:994][260]AssetReimport: Info Importing new asset /Game/Meshs/figure07.
[2017.04.20-22.37.43:994][260]AssetReimport: Info Importing new asset /Game/Meshs/fant.
[2017.04.20-22.37.45:187][394]LogActorFactory: Actor Factory created fant
[2017.04.20-22.37.45:316][407]LogActorFactory: Actor Factory created fant
[2017.04.20-22.37.51:612][136]Cmd: DELETE
[2017.04.20-22.37.51:612][136]Cmd: ACTOR DELETE
[2017.04.20-22.37.51:736][136]LogEditorActor: Deleted Actor: StaticMeshActor
[2017.04.20-22.37.51:764][136]LogEditorActor: Deleted 1 Actors (0.038 secs)
[2017.04.20-22.37.53:300][318]LogActorFactory: Actor Factory created fant
[2017.04.20-22.37.53:553][348]LogActorFactory: Actor Factory created fant
[2017.04.20-22.38.30:040][ 14]LogEditorViewport: Clicking on Actor (LMB): StaticMeshActor (fant)
[2017.04.20-22.38.30:064][ 16]Cmd: DELETE
[2017.04.20-22.38.30:064][ 16]Cmd: ACTOR DELETE
[2017.04.20-22.38.30:064][ 16]LogEditorActor: Deleted Actor: StaticMeshActor
[2017.04.20-22.38.30:071][ 16]LogEditorActor: Deleted 1 Actors (0.008 secs)
[2017.04.20-22.39.21:520][958]AssetReimport: New page: Outstanding source content changes 1:39:21 PM
[2017.04.20-22.39.21:521][958]LogFactory: FactoryCreateFile: StaticMesh with FbxFactory (0 0 C:/Users/Alex/Desktop/Gith/CGT445/Game/Content/Meshs/coffee_table.obj)
[2017.04.20-22.39.21:525][958]LogFbx: Loading FBX Scene from C:/Users/Alex/Desktop/Gith/CGT445/Game/Content/Meshs/coffee_table.obj
[2017.04.20-22.39.21:539][958]LogFbx: FBX Scene Loaded Succesfully
[2017.04.20-22.39.22:866][958]LogFbx: Loading FBX Scene from C:/Users/Alex/Desktop/Gith/CGT445/Game/Content/Meshs/coffee_table.obj
[2017.04.20-22.39.22:879][958]LogFbx: FBX Scene Loaded Succesfully
[2017.04.20-22.39.22:884][958]LogMaterial: Missing cached shader map for material coffee_tableMat, compiling. 
[2017.04.20-22.39.23:305][958]LogStaticMesh: Building static mesh coffee_table...
[2017.04.20-22.39.23:422][958]LogStaticMesh: Built static mesh [0.12s] /Game/Meshs/coffee_table.coffee_table
[2017.04.20-22.39.23:503][959]Cmd: OBJ SAVEPACKAGE PACKAGE="/Game/Meshs/coffee_table" FILE="C:/Users/Alex/Desktop/Gith/CGT445/Game/Content/Meshs/coffee_table.uasset" SILENT=true
[2017.04.20-22.39.23:518][959]LogSavePackage: Save=13.74ms
[2017.04.20-22.39.23:518][959]LogSavePackage: Moving 'C:/Users/Alex/Desktop/Gith/CGT445/Game/Saved/coffee_tableDD652E3549C9F49FDC0727AC50ABF1EB.tmp' to 'C:/Users/Alex/Desktop/Gith/CGT445/Game/Content/Meshs/coffee_table.uasset'
[2017.04.20-22.39.23:520][959]LogSavePackage:Display: Finished SavePackage C:/Users/Alex/Desktop/Gith/CGT445/Game/Content/Meshs/coffee_table.uasset
[2017.04.20-22.39.26:521][312]AssetReimport: Info Importing new asset /Game/Meshs/coffee_table.
[2017.04.20-22.39.29:116][623]LogEditorViewport: Clicking on Actor (context menu): StaticMeshActor (Floor_400x400)
[2017.04.20-22.39.30:439][764]LogActorFactory: Actor Factory created coffee_table
[2017.04.20-22.39.30:587][781]LogActorFactory: Actor Factory created coffee_table
[2017.04.20-22.40.12:771][796]AssetReimport: New page: Outstanding source content changes 1:40:12 PM
[2017.04.20-22.40.12:771][796]LogFactory: FactoryCreateFile: Texture with ReimportTextureFactory (0 0 C:/Users/Alex/Desktop/Gith/CGT445/Game/Content/Meshs/dining-table.obj/dining-table.obj/texture.jpg)
[2017.04.20-22.40.14:183][797]LogFactory: FactoryCreateFile: StaticMesh with FbxFactory (0 0 C:/Users/Alex/Desktop/Gith/CGT445/Game/Content/Meshs/dining-table.obj/dining-table.obj/diningtable.obj)
[2017.04.20-22.40.14:188][797]LogFbx: Loading FBX Scene from C:/Users/Alex/Desktop/Gith/CGT445/Game/Content/Meshs/dining-table.obj/dining-table.obj/diningtable.obj
[2017.04.20-22.40.14:231][797]LogFbx: FBX Scene Loaded Succesfully
[2017.04.20-22.40.15:254][797]LogFbx: Loading FBX Scene from C:/Users/Alex/Desktop/Gith/CGT445/Game/Content/Meshs/dining-table.obj/dining-table.obj/diningtable.obj
[2017.04.20-22.40.15:274][797]LogFbx: FBX Scene Loaded Succesfully
[2017.04.20-22.40.16:682][797]LogMaterial: Missing cached shader map for material walnut, compiling. 
[2017.04.20-22.40.16:971][797]LogStaticMesh: Building static mesh diningtable...
[2017.04.20-22.40.17:073][797]LogStaticMesh: Built static mesh [0.10s] /Game/Meshs/dining-table_obj/dining-table_obj/diningtable.diningtable
[2017.04.20-22.40.17:628][798]LogSavePackage: Save=488.14ms
[2017.04.20-22.40.17:628][798]LogSavePackage: Moving 'C:/Users/Alex/Desktop/Gith/CGT445/Game/Saved/texture4C51664A4B8E39D8EDF9C18AF12CDB7D.tmp' to 'C:/Users/Alex/Desktop/Gith/CGT445/Game/Content/Meshs/dining-table_obj/dining-table_obj/texture.uasset'
[2017.04.20-22.40.17:630][798]LogSavePackage:Display: Finished SavePackage C:/Users/Alex/Desktop/Gith/CGT445/Game/Content/Meshs/dining-table_obj/dining-table_obj/texture.uasset
[2017.04.20-22.40.17:661][798]LogSavePackage: Save=10.64ms
[2017.04.20-22.40.17:661][798]LogSavePackage: Moving 'C:/Users/Alex/Desktop/Gith/CGT445/Game/Saved/diningtable493B98FA4B8FD0F7D5185689DAB7203A.tmp' to 'C:/Users/Alex/Desktop/Gith/CGT445/Game/Content/Meshs/dining-table_obj/dining-table_obj/diningtable.uasset'
[2017.04.20-22.40.17:662][798]LogSavePackage:Display: Finished SavePackage C:/Users/Alex/Desktop/Gith/CGT445/Game/Content/Meshs/dining-table_obj/dining-table_obj/diningtable.uasset
[2017.04.20-22.40.20:663][146]AssetReimport: Info Importing new asset /Game/Meshs/dining-table_obj/dining-table_obj/texture.
[2017.04.20-22.40.20:663][146]AssetReimport: Info Importing new asset /Game/Meshs/dining-table_obj/dining-table_obj/diningtable.
[2017.04.20-22.40.21:495][244]LogActorFactory: Actor Factory created diningtable
[2017.04.20-22.40.21:921][294]LogActorFactory: Actor Factory created diningtable
[2017.04.20-22.40.38:498][185]Cmd: DELETE
[2017.04.20-22.40.38:498][185]Cmd: ACTOR DELETE
[2017.04.20-22.40.38:500][185]LogEditorActor: Deleted Actor: StaticMeshActor
[2017.04.20-22.40.38:514][185]LogEditorActor: Deleted 1 Actors (0.015 secs)
[2017.04.20-22.40.39:247][273]LogEditorViewport: Clicking on Actor (LMB): StaticMeshActor (diningtable)
[2017.04.20-22.40.51:686][159]Cmd: OBJ SAVEPACKAGE PACKAGE="/Game/Maps/BarebonesCafeteria" FILE="C:/Users/Alex/Desktop/Gith/CGT445/Game/Content/Maps/BarebonesCafeteria.umap" SILENT=true AUTOSAVING=false KEEPDIRTY=false
[2017.04.20-22.40.51:811][159]LogSavePackage: Save=96.69ms
[2017.04.20-22.40.51:811][159]LogSavePackage: Moving 'C:/Users/Alex/Desktop/Gith/CGT445/Game/Saved/BarebonesCafeteriaD719CD154353E9DFDF94BCBD32DD469C.tmp' to 'C:/Users/Alex/Desktop/Gith/CGT445/Game/Content/Maps/BarebonesCafeteria.umap'
[2017.04.20-22.40.51:813][159]LogSavePackage:Display: Finished SavePackage C:/Users/Alex/Desktop/Gith/CGT445/Game/Content/Maps/BarebonesCafeteria.umap
[2017.04.20-22.40.51:842][159]LogFileHelpers: Saving map 'BarebonesCafeteria' took 0.212
[2017.04.20-22.40.51:855][159]Cmd: OBJ SAVEPACKAGE PACKAGE="/Game/Meshs/coffee_tableMat" FILE="C:/Users/Alex/Desktop/Gith/CGT445/Game/Content/Meshs/coffee_tableMat.uasset" SILENT=true
[2017.04.20-22.40.51:867][159]LogSavePackage: Save=10.86ms
[2017.04.20-22.40.51:867][159]LogSavePackage: Moving 'C:/Users/Alex/Desktop/Gith/CGT445/Game/Saved/coffee_tableMat0272D09349B337FC38917589735A9888.tmp' to 'C:/Users/Alex/Desktop/Gith/CGT445/Game/Content/Meshs/coffee_tableMat.uasset'
[2017.04.20-22.40.51:869][159]LogSavePackage:Display: Finished SavePackage C:/Users/Alex/Desktop/Gith/CGT445/Game/Content/Meshs/coffee_tableMat.uasset
[2017.04.20-22.40.51:880][159]Cmd: OBJ SAVEPACKAGE PACKAGE="/Game/Meshs/dining-table_obj/dining-table_obj/walnut" FILE="C:/Users/Alex/Desktop/Gith/CGT445/Game/Content/Meshs/dining-table_obj/dining-table_obj/walnut.uasset" SILENT=true
[2017.04.20-22.40.51:894][159]LogSavePackage: Save=12.10ms
[2017.04.20-22.40.51:894][159]LogSavePackage: Moving 'C:/Users/Alex/Desktop/Gith/CGT445/Game/Saved/walnut78B2F4AC4DA069D3DA6E3491FBCEF16E.tmp' to 'C:/Users/Alex/Desktop/Gith/CGT445/Game/Content/Meshs/dining-table_obj/dining-table_obj/walnut.uasset'
[2017.04.20-22.40.51:895][159]LogSavePackage:Display: Finished SavePackage C:/Users/Alex/Desktop/Gith/CGT445/Game/Content/Meshs/dining-table_obj/dining-table_obj/walnut.uasset
[2017.04.20-22.40.51:906][159]Cmd: OBJ SAVEPACKAGE PACKAGE="/Game/Meshs/fantoni_-_obj/fant" FILE="C:/Users/Alex/Desktop/Gith/CGT445/Game/Content/Meshs/fantoni_-_obj/fant.uasset" SILENT=true
[2017.04.20-22.40.51:918][159]LogSavePackage: Save=9.59ms
[2017.04.20-22.40.51:918][159]LogSavePackage: Moving 'C:/Users/Alex/Desktop/Gith/CGT445/Game/Saved/fant6B32DD564E16A88A5435DB93D2788D69.tmp' to 'C:/Users/Alex/Desktop/Gith/CGT445/Game/Content/Meshs/fantoni_-_obj/fant.uasset'
[2017.04.20-22.40.51:920][159]LogSavePackage:Display: Finished SavePackage C:/Users/Alex/Desktop/Gith/CGT445/Game/Content/Meshs/fantoni_-_obj/fant.uasset
[2017.04.20-22.40.51:927][159]Cmd: OBJ SAVEPACKAGE PACKAGE="/Game/Meshs/fantoni_-_obj/figure07" FILE="C:/Users/Alex/Desktop/Gith/CGT445/Game/Content/Meshs/fantoni_-_obj/figure07.uasset" SILENT=true
[2017.04.20-22.40.51:943][159]LogSavePackage: Save=14.53ms
[2017.04.20-22.40.51:943][159]LogSavePackage: Moving 'C:/Users/Alex/Desktop/Gith/CGT445/Game/Saved/figure077B319E234F6EC54D48CC9E8CADD1A182.tmp' to 'C:/Users/Alex/Desktop/Gith/CGT445/Game/Content/Meshs/fantoni_-_obj/figure07.uasset'
[2017.04.20-22.40.51:945][159]LogSavePackage:Display: Finished SavePackage C:/Users/Alex/Desktop/Gith/CGT445/Game/Content/Meshs/fantoni_-_obj/figure07.uasset
[2017.04.20-22.40.51:956][159]Cmd: OBJ SAVEPACKAGE PACKAGE="/Game/Meshs/fantoni_-_obj/Standard_8" FILE="C:/Users/Alex/Desktop/Gith/CGT445/Game/Content/Meshs/fantoni_-_obj/Standard_8.uasset" SILENT=true
[2017.04.20-22.40.51:968][159]LogSavePackage: Save=10.40ms
[2017.04.20-22.40.51:968][159]LogSavePackage: Moving 'C:/Users/Alex/Desktop/Gith/CGT445/Game/Saved/Standard_8DD883F1A44BE3E5164138694AFB29112.tmp' to 'C:/Users/Alex/Desktop/Gith/CGT445/Game/Content/Meshs/fantoni_-_obj/Standard_8.uasset'
[2017.04.20-22.40.51:970][159]LogSavePackage:Display: Finished SavePackage C:/Users/Alex/Desktop/Gith/CGT445/Game/Content/Meshs/fantoni_-_obj/Standard_8.uasset
[2017.04.20-22.40.51:980][159]Cmd: OBJ SAVEPACKAGE PACKAGE="/Game/Meshs/fantoni_-_obj/wire_135006006" FILE="C:/Users/Alex/Desktop/Gith/CGT445/Game/Content/Meshs/fantoni_-_obj/wire_135006006.uasset" SILENT=true
[2017.04.20-22.40.51:993][159]LogSavePackage: Save=11.77ms
[2017.04.20-22.40.51:994][159]LogSavePackage: Moving 'C:/Users/Alex/Desktop/Gith/CGT445/Game/Saved/wire_135006006BBE5550A441F23A62AA1E5B6E9CA7521.tmp' to 'C:/Users/Alex/Desktop/Gith/CGT445/Game/Content/Meshs/fantoni_-_obj/wire_135006006.uasset'
[2017.04.20-22.40.51:996][159]LogSavePackage:Display: Finished SavePackage C:/Users/Alex/Desktop/Gith/CGT445/Game/Content/Meshs/fantoni_-_obj/wire_135006006.uasset
[2017.04.20-22.40.52:008][159]Cmd: OBJ SAVEPACKAGE PACKAGE="/Game/Meshs/fantoni_-_obj/wire_154185229" FILE="C:/Users/Alex/Desktop/Gith/CGT445/Game/Content/Meshs/fantoni_-_obj/wire_154185229.uasset" SILENT=true
[2017.04.20-22.40.52:020][159]LogSavePackage: Save=10.53ms
[2017.04.20-22.40.52:020][159]LogSavePackage: Moving 'C:/Users/Alex/Desktop/Gith/CGT445/Game/Saved/wire_1541852292E6B973A43121604F178EAAA975F8A92.tmp' to 'C:/Users/Alex/Desktop/Gith/CGT445/Game/Content/Meshs/fantoni_-_obj/wire_154185229.uasset'
[2017.04.20-22.40.52:022][159]LogSavePackage:Display: Finished SavePackage C:/Users/Alex/Desktop/Gith/CGT445/Game/Content/Meshs/fantoni_-_obj/wire_154185229.uasset
[2017.04.20-22.40.52:033][159]Cmd: OBJ SAVEPACKAGE PACKAGE="/Game/Meshs/fantoni_-_obj/wire_154215229" FILE="C:/Users/Alex/Desktop/Gith/CGT445/Game/Content/Meshs/fantoni_-_obj/wire_154215229.uasset" SILENT=true
[2017.04.20-22.40.52:046][159]LogSavePackage: Save=10.54ms
[2017.04.20-22.40.52:046][159]LogSavePackage: Moving 'C:/Users/Alex/Desktop/Gith/CGT445/Game/Saved/wire_154215229EF06179D43ED8E68AF65AFAB0ACB7568.tmp' to 'C:/Users/Alex/Desktop/Gith/CGT445/Game/Content/Meshs/fantoni_-_obj/wire_154215229.uasset'
[2017.04.20-22.40.52:047][159]LogSavePackage:Display: Finished SavePackage C:/Users/Alex/Desktop/Gith/CGT445/Game/Content/Meshs/fantoni_-_obj/wire_154215229.uasset
[2017.04.20-22.40.52:059][159]Cmd: OBJ SAVEPACKAGE PACKAGE="/Game/Meshs/fantoni_-_obj/wire_229154215" FILE="C:/Users/Alex/Desktop/Gith/CGT445/Game/Content/Meshs/fantoni_-_obj/wire_229154215.uasset" SILENT=true
[2017.04.20-22.40.52:071][159]LogSavePackage: Save=10.50ms
[2017.04.20-22.40.52:071][159]LogSavePackage: Moving 'C:/Users/Alex/Desktop/Gith/CGT445/Game/Saved/wire_229154215A6BC21A74695D2FF90236BB349767574.tmp' to 'C:/Users/Alex/Desktop/Gith/CGT445/Game/Content/Meshs/fantoni_-_obj/wire_229154215.uasset'
[2017.04.20-22.40.52:073][159]LogSavePackage:Display: Finished SavePackage C:/Users/Alex/Desktop/Gith/CGT445/Game/Content/Meshs/fantoni_-_obj/wire_229154215.uasset
[2017.04.20-22.40.52:081][159]Cmd: OBJ SAVEPACKAGE PACKAGE="/Game/Meshs/fantoni_-_obj/wood_text_table" FILE="C:/Users/Alex/Desktop/Gith/CGT445/Game/Content/Meshs/fantoni_-_obj/wood_text_table.uasset" SILENT=true
[2017.04.20-22.40.52:231][159]LogSavePackage: Save=147.68ms
[2017.04.20-22.40.52:231][159]LogSavePackage: Moving 'C:/Users/Alex/Desktop/Gith/CGT445/Game/Saved/wood_text_table1916254D4FDA77EABA2464B11238BD0B.tmp' to 'C:/Users/Alex/Desktop/Gith/CGT445/Game/Content/Meshs/fantoni_-_obj/wood_text_table.uasset'
[2017.04.20-22.40.52:233][159]LogSavePackage:Display: Finished SavePackage C:/Users/Alex/Desktop/Gith/CGT445/Game/Content/Meshs/fantoni_-_obj/wood_text_table.uasset
[2017.04.20-22.40.52:244][159]Cmd: OBJ SAVEPACKAGE PACKAGE="/Game/Meshs/Standard_8" FILE="C:/Users/Alex/Desktop/Gith/CGT445/Game/Content/Meshs/Standard_8.uasset" SILENT=true
[2017.04.20-22.40.52:257][159]LogSavePackage: Save=10.83ms
[2017.04.20-22.40.52:257][159]LogSavePackage: Moving 'C:/Users/Alex/Desktop/Gith/CGT445/Game/Saved/Standard_8FA657F564E7D11A7FDEA89A909AC5075.tmp' to 'C:/Users/Alex/Desktop/Gith/CGT445/Game/Content/Meshs/Standard_8.uasset'
[2017.04.20-22.40.52:259][159]LogSavePackage:Display: Finished SavePackage C:/Users/Alex/Desktop/Gith/CGT445/Game/Content/Meshs/Standard_8.uasset
[2017.04.20-22.40.52:270][159]Cmd: OBJ SAVEPACKAGE PACKAGE="/Game/Meshs/wire_135006006" FILE="C:/Users/Alex/Desktop/Gith/CGT445/Game/Content/Meshs/wire_135006006.uasset" SILENT=true
[2017.04.20-22.40.52:283][159]LogSavePackage: Save=11.01ms
[2017.04.20-22.40.52:283][159]LogSavePackage: Moving 'C:/Users/Alex/Desktop/Gith/CGT445/Game/Saved/wire_13500600639DE38CA485CF9B110098493E9939369.tmp' to 'C:/Users/Alex/Desktop/Gith/CGT445/Game/Content/Meshs/wire_135006006.uasset'
[2017.04.20-22.40.52:285][159]LogSavePackage:Display: Finished SavePackage C:/Users/Alex/Desktop/Gith/CGT445/Game/Content/Meshs/wire_135006006.uasset
[2017.04.20-22.40.52:295][159]Cmd: OBJ SAVEPACKAGE PACKAGE="/Game/Meshs/wire_154185229" FILE="C:/Users/Alex/Desktop/Gith/CGT445/Game/Content/Meshs/wire_154185229.uasset" SILENT=true
[2017.04.20-22.40.52:307][159]LogSavePackage: Save=10.17ms
[2017.04.20-22.40.52:307][159]LogSavePackage: Moving 'C:/Users/Alex/Desktop/Gith/CGT445/Game/Saved/wire_1541852298F8286B24877E77D032110A5C55CDA44.tmp' to 'C:/Users/Alex/Desktop/Gith/CGT445/Game/Content/Meshs/wire_154185229.uasset'
[2017.04.20-22.40.52:308][159]LogSavePackage:Display: Finished SavePackage C:/Users/Alex/Desktop/Gith/CGT445/Game/Content/Meshs/wire_154185229.uasset
[2017.04.20-22.40.52:321][159]Cmd: OBJ SAVEPACKAGE PACKAGE="/Game/Meshs/wire_154215229" FILE="C:/Users/Alex/Desktop/Gith/CGT445/Game/Content/Meshs/wire_154215229.uasset" SILENT=true
[2017.04.20-22.40.52:334][159]LogSavePackage: Save=11.28ms
[2017.04.20-22.40.52:334][159]LogSavePackage: Moving 'C:/Users/Alex/Desktop/Gith/CGT445/Game/Saved/wire_15421522940714943473DB71D112131BEE3800AED.tmp' to 'C:/Users/Alex/Desktop/Gith/CGT445/Game/Content/Meshs/wire_154215229.uasset'
[2017.04.20-22.40.52:336][159]LogSavePackage:Display: Finished SavePackage C:/Users/Alex/Desktop/Gith/CGT445/Game/Content/Meshs/wire_154215229.uasset
[2017.04.20-22.40.52:347][159]Cmd: OBJ SAVEPACKAGE PACKAGE="/Game/Meshs/wire_229154215" FILE="C:/Users/Alex/Desktop/Gith/CGT445/Game/Content/Meshs/wire_229154215.uasset" SILENT=true
[2017.04.20-22.40.52:359][159]LogSavePackage: Save=9.74ms
[2017.04.20-22.40.52:359][159]LogSavePackage: Moving 'C:/Users/Alex/Desktop/Gith/CGT445/Game/Saved/wire_229154215CDBBC1384BE3A0825D68D8B23ABBBE5E.tmp' to 'C:/Users/Alex/Desktop/Gith/CGT445/Game/Content/Meshs/wire_229154215.uasset'
[2017.04.20-22.40.52:361][159]LogSavePackage:Display: Finished SavePackage C:/Users/Alex/Desktop/Gith/CGT445/Game/Content/Meshs/wire_229154215.uasset
[2017.04.20-22.40.52:698][160]Cmd: QUIT_EDITOR
[2017.04.20-22.40.52:734][160]LogWindowsTextInputMethodSystem:Display: IME system now deactivated.
[2017.04.20-22.40.52:754][160]LogExit: Preparing to exit.
[2017.04.20-22.40.53:245][160]LogExit: Editor shut down
[2017.04.20-22.40.53:245][160]LogExit: Transaction tracking system shut down
[2017.04.20-22.40.53:348][160]LogObj: Freed 0b from 0 cluster array pools.
[2017.04.20-22.40.53:348][160]LogExit: Object subsystem successfully closed.
[2017.04.20-22.40.53:360][160]LogD3D11RHI: Shutdown
[2017.04.20-22.40.53:360][160]LogD3D11RHI: CleanupD3DDevice
[2017.04.20-22.40.53:362][160]LogD3D11RHI: ~FD3D11DynamicRHI
[2017.04.20-22.40.53:477][160]LogModuleManager: Shutting down and abandoning module StatsViewer (213)
[2017.04.20-22.40.53:477][160]LogModuleManager: Shutting down and abandoning module HierarchicalLODOutliner (212)
[2017.04.20-22.40.53:477][160]LogModuleManager: Shutting down and abandoning module CrashTracker (211)
[2017.04.20-22.40.53:477][160]LogModuleManager: Shutting down and abandoning module SceneOutliner (210)
[2017.04.20-22.40.53:477][160]LogModuleManager: Shutting down and abandoning module WidgetCarousel (209)
[2017.04.20-22.40.53:477][160]LogModuleManager: Shutting down and abandoning module AddContentDialog (208)
[2017.04.20-22.40.53:478][160]LogModuleManager: Shutting down and abandoning module GameplayTags (207)
[2017.04.20-22.40.53:478][160]LogModuleManager: Shutting down and abandoning module EditorWidgets (206)
[2017.04.20-22.40.53:478][160]LogModuleManager: Shutting down and abandoning module CollectionManager (205)
[2017.04.20-22.40.53:478][160]LogModuleManager: Shutting down and abandoning module FoliageEdit (204)
[2017.04.20-22.40.53:478][160]LogModuleManager: Shutting down and abandoning module LandscapeEditor (203)
[2017.04.20-22.40.53:478][160]LogModuleManager: Shutting down and abandoning module SceneDepthPickerMode (202)
[2017.04.20-22.40.53:478][160]LogModuleManager: Shutting down and abandoning module ActorPickerMode (201)
[2017.04.20-22.40.53:478][160]LogModuleManager: Shutting down and abandoning module GeometryMode (200)
[2017.04.20-22.40.53:478][160]LogModuleManager: Shutting down and abandoning module TextureAlignMode (199)
[2017.04.20-22.40.53:478][160]LogModuleManager: Shutting down and abandoning module BspMode (198)
[2017.04.20-22.40.53:478][160]LogModuleManager: Shutting down and abandoning module HardwareSurvey (197)
[2017.04.20-22.40.53:478][160]LogModuleManager: Shutting down and abandoning module SequenceRecorderSections (196)
[2017.04.20-22.40.53:478][160]LogModuleManager: Shutting down and abandoning module SequenceRecorder (195)
[2017.04.20-22.40.53:478][160]LogModuleManager: Shutting down and abandoning module AutomationWorker (194)
[2017.04.20-22.40.53:478][160]LogModuleManager: Shutting down and abandoning module MatineeToLevelSequence (193)
[2017.04.20-22.40.53:478][160]LogModuleManager: Shutting down and abandoning module PlacementMode (192)
[2017.04.20-22.40.53:478][160]LogModuleManager: Shutting down and abandoning module LevelSequenceEditor (191)
[2017.04.20-22.40.53:478][160]LogModuleManager: Shutting down and abandoning module CharacterAI (190)
[2017.04.20-22.40.53:478][160]LogModuleManager: Shutting down and abandoning module SmartSnapping (189)
[2017.04.20-22.40.53:478][160]LogModuleManager: Shutting down and abandoning module SessionServices (188)
[2017.04.20-22.40.53:478][160]LogModuleManager: Shutting down and abandoning module ViewportSnapping (187)
[2017.04.20-22.40.53:478][160]LogModuleManager: Shutting down and abandoning module LogVisualizer (186)
[2017.04.20-22.40.53:478][160]LogModuleManager: Shutting down and abandoning module GameProjectGeneration (185)
[2017.04.20-22.40.53:478][160]LogModuleManager: Shutting down and abandoning module IntroTutorials (184)
[2017.04.20-22.40.53:478][160]LogModuleManager: Shutting down and abandoning module EditorLiveStreaming (183)
[2017.04.20-22.40.53:478][160]LogModuleManager: Shutting down and abandoning module IOSPlatformEditor (182)
[2017.04.20-22.40.53:478][160]LogModuleManager: Shutting down and abandoning module HTML5PlatformEditor (181)
[2017.04.20-22.40.53:478][160]LogModuleManager: Shutting down and abandoning module AndroidDeviceDetection (180)
[2017.04.20-22.40.53:676][160]LogModuleManager: Shutting down and abandoning module AndroidPlatformEditor (179)
[2017.04.20-22.40.53:676][160]LogModuleManager: Shutting down and abandoning module IOSRuntimeSettings (178)
[2017.04.20-22.40.53:676][160]LogModuleManager: Shutting down and abandoning module AndroidRuntimeSettings (177)
[2017.04.20-22.40.53:676][160]LogModuleManager: Shutting down and abandoning module MergeActors (176)
[2017.04.20-22.40.53:676][160]LogModuleManager: Shutting down and abandoning module SizeMap (175)
[2017.04.20-22.40.53:676][160]LogModuleManager: Shutting down and abandoning module TreeMap (174)
[2017.04.20-22.40.53:676][160]LogModuleManager: Shutting down and abandoning module ReferenceViewer (173)
[2017.04.20-22.40.53:676][160]LogModuleManager: Shutting down and abandoning module LocalizationService (172)
[2017.04.20-22.40.53:676][160]LogModuleManager: Shutting down and abandoning module LocalizationDashboard (171)
[2017.04.20-22.40.53:676][160]LogModuleManager: Shutting down and abandoning module HardwareTargeting (170)
[2017.04.20-22.40.53:676][160]LogModuleManager: Shutting down and abandoning module DeviceProfileEditor (169)
[2017.04.20-22.40.53:677][160]LogModuleManager: Shutting down and abandoning module UndoHistory (168)
[2017.04.20-22.40.53:677][160]LogModuleManager: Shutting down and abandoning module UserFeedback (167)
[2017.04.20-22.40.53:677][160]LogModuleManager: Shutting down and abandoning module XmlParser (166)
[2017.04.20-22.40.53:677][160]LogModuleManager: Shutting down and abandoning module Blutility (165)
[2017.04.20-22.40.53:677][160]LogModuleManager: Shutting down and abandoning module ProjectTargetPlatformEditor (164)
[2017.04.20-22.40.53:677][160]LogModuleManager: Shutting down and abandoning module ProjectSettingsViewer (163)
[2017.04.20-22.40.53:677][160]LogModuleManager: Shutting down and abandoning module InputBindingEditor (162)
[2017.04.20-22.40.53:677][160]LogModuleManager: Shutting down and abandoning module EditorSettingsViewer (161)
[2017.04.20-22.40.53:678][160]LogModuleManager: Shutting down and abandoning module SettingsEditor (160)
[2017.04.20-22.40.53:678][160]LogModuleManager: Shutting down and abandoning module ProjectLauncher (159)
[2017.04.20-22.40.53:678][160]LogModuleManager: Shutting down and abandoning module SessionFrontend (158)
[2017.04.20-22.40.53:678][160]LogModuleManager: Shutting down and abandoning module ProfilerClient (157)
[2017.04.20-22.40.53:678][160]LogModuleManager: Shutting down and abandoning module TargetDeviceServices (156)
[2017.04.20-22.40.53:678][160]LogModuleManager: Shutting down and abandoning module DeviceManager (155)
[2017.04.20-22.40.53:731][160]LogModuleManager: Shutting down and abandoning module AutomationController (154)
[2017.04.20-22.40.53:731][160]LogModuleManager: Shutting down and abandoning module AutomationWindow (153)
[2017.04.20-22.40.53:731][160]LogModuleManager: Shutting down and abandoning module Layers (152)
[2017.04.20-22.40.53:731][160]LogModuleManager: Shutting down and abandoning module ComponentVisualizers (151)
[2017.04.20-22.40.53:731][160]LogModuleManager: Shutting down and abandoning module DetailCustomizations (150)
[2017.04.20-22.40.53:732][160]LogModuleManager: Shutting down and abandoning module PackagesDialog (149)
[2017.04.20-22.40.53:732][160]LogModuleManager: Shutting down and abandoning module Persona (148)
[2017.04.20-22.40.53:732][160]LogModuleManager: Shutting down and abandoning module Kismet (147)
[2017.04.20-22.40.53:732][160]LogModuleManager: Shutting down and abandoning module GraphEditor (146)
[2017.04.20-22.40.53:732][160]LogModuleManager: Shutting down and abandoning module ClassViewer (145)
[2017.04.20-22.40.53:733][160]LogModuleManager: Shutting down and abandoning module Toolbox (144)
[2017.04.20-22.40.53:733][160]LogModuleManager: Shutting down and abandoning module ModuleUI (143)
[2017.04.20-22.40.53:733][160]LogModuleManager: Shutting down and abandoning module MovieSceneTools (142)
[2017.04.20-22.40.53:733][160]LogModuleManager: Shutting down and abandoning module OutputLog (141)
[2017.04.20-22.40.53:733][160]LogModuleManager: Shutting down and abandoning module GammaUI (140)
[2017.04.20-22.40.53:733][160]LogModuleManager: Shutting down and abandoning module Documentation (139)
[2017.04.20-22.40.53:733][160]LogModuleManager: Shutting down and abandoning module StreamingPauseRendering (138)
[2017.04.20-22.40.53:733][160]LogModuleManager: Shutting down and abandoning module AnalyticsET (137)
[2017.04.20-22.40.53:733][160]LogModuleManager: Shutting down and abandoning module Analytics (136)
[2017.04.20-22.40.53:733][160]LogModuleManager: Shutting down and abandoning module PortalServices (135)
[2017.04.20-22.40.53:733][160]LogModuleManager: Shutting down and abandoning module PortalRpc (134)
[2017.04.20-22.40.53:733][160]LogModuleManager: Shutting down and abandoning module MessagingRpc (133)
[2017.04.20-22.40.53:733][160]LogModuleManager: Shutting down and abandoning module GameplayDebugger (132)
[2017.04.20-22.40.53:733][160]LogModuleManager: Shutting down and abandoning module AITestSuite (131)
[2017.04.20-22.40.53:733][160]LogModuleManager: Shutting down and abandoning module AIModule (130)
[2017.04.20-22.40.53:734][160]LogModuleManager: Shutting down and abandoning module ProfilerService (129)
[2017.04.20-22.40.53:985][160]LogModuleManager: Shutting down and abandoning module TaskGraph (128)
[2017.04.20-22.40.53:985][160]LogModuleManager: Shutting down and abandoning module SlateRemote (127)
[2017.04.20-22.40.53:985][160]LogModuleManager: Shutting down and abandoning module SteamVRController (126)
[2017.04.20-22.40.53:985][160]LogModuleManager: Shutting down and abandoning module SteamVR (125)
[2017.04.20-22.40.53:985][160]LogModuleManager: Shutting down and abandoning module ProceduralMeshComponent (124)
[2017.04.20-22.40.53:985][160]LogModuleManager: Shutting down and abandoning module OculusLibrary (123)
[2017.04.20-22.40.53:985][160]LogModuleManager: Shutting down and abandoning module OculusInput (122)
[2017.04.20-22.40.53:985][160]LogModuleManager: Shutting down and abandoning module CustomMeshComponent (121)
[2017.04.20-22.40.53:985][160]LogModuleManager: Shutting down and abandoning module CableComponent (120)
[2017.04.20-22.40.53:985][160]LogModuleManager: Shutting down and abandoning module ArchVisCharacter (119)
[2017.04.20-22.40.53:985][160]LogModuleManager: Shutting down and abandoning module MediaPlayerEditor (118)
[2017.04.20-22.40.53:985][160]LogModuleManager: Shutting down and abandoning module HTML5Networking (117)
[2017.04.20-22.40.53:985][160]LogModuleManager: Shutting down and abandoning module SuperSearch (116)
[2017.04.20-22.40.53:985][160]LogModuleManager: Shutting down and abandoning module SuperSearchEditor (115)
[2017.04.20-22.40.53:985][160]LogModuleManager: Shutting down and abandoning module SpeedTreeImporter (114)
[2017.04.20-22.40.53:985][160]LogModuleManager: Shutting down and abandoning module PluginBrowser (113)
[2017.04.20-22.40.53:986][160]LogModuleManager: Shutting down and abandoning module EpicSurvey (112)
[2017.04.20-22.40.53:986][160]LogModuleManager: Shutting down and abandoning module DesktopPlatform (111)
[2017.04.20-22.40.53:986][160]LogModuleManager: Shutting down and abandoning module VisualStudioSourceCodeAccess (110)
[2017.04.20-22.40.53:986][160]LogModuleManager: Shutting down and abandoning module UObjectPlugin (109)
[2017.04.20-22.40.53:986][160]LogModuleManager: Shutting down and abandoning module SubversionSourceControl (108)
[2017.04.20-22.40.53:986][160]LogModuleManager: Shutting down and abandoning module PerforceSourceControl (107)
[2017.04.20-22.40.53:986][160]LogModuleManager: Shutting down and abandoning module SourceControl (106)
[2017.04.20-22.40.53:986][160]LogModuleManager: Shutting down and abandoning module GitSourceControl (105)
[2017.04.20-22.40.53:986][160]LogModuleManager: Shutting down and abandoning module LightPropagationVolumeEditor (104)
[2017.04.20-22.40.53:986][160]LogModuleManager: Shutting down and abandoning module PaperTiledImporter (103)
[2017.04.20-22.40.53:986][160]LogModuleManager: Shutting down and abandoning module PaperSpriteSheetImporter (102)
[2017.04.20-22.40.53:986][160]LogModuleManager: Shutting down and abandoning module MeshPaint (101)
[2017.04.20-22.40.53:986][160]LogModuleManager: Shutting down and abandoning module PixelInspectorModule (100)
[2017.04.20-22.40.53:986][160]LogModuleManager: Shutting down and abandoning module HotReload (99)
[2017.04.20-22.40.53:987][160]LogModuleManager: Shutting down and abandoning module MainFrame (98)
[2017.04.20-22.40.53:988][160]LogModuleManager: Shutting down and abandoning module LevelEditor (97)
[2017.04.20-22.40.53:989][160]LogModuleManager: Shutting down and abandoning module ContentBrowser (96)
[2017.04.20-22.40.53:992][160]LogModuleManager: Shutting down and abandoning module Paper2DEditor (95)
[2017.04.20-22.40.53:992][160]LogModuleManager: Shutting down and abandoning module UdpMessaging (94)
[2017.04.20-22.40.54:093][160]LogModuleManager: Shutting down and abandoning module LightPropagationVolumeRuntime (93)
[2017.04.20-22.40.54:093][160]LogModuleManager: Shutting down and abandoning module Paper2D (92)
[2017.04.20-22.40.54:093][160]LogModuleManager: Shutting down and abandoning module WindowsMoviePlayer (91)
[2017.04.20-22.40.54:093][160]LogModuleManager: Shutting down and abandoning module Media (90)
[2017.04.20-22.40.54:093][160]LogModuleManager: Shutting down and abandoning module WmfMedia (89)
[2017.04.20-22.40.54:093][160]LogModuleManager: Shutting down and abandoning module MediaAssets (88)
[2017.04.20-22.40.54:093][160]LogModuleManager: Shutting down and abandoning module GameLiveStreaming (87)
[2017.04.20-22.40.54:094][160]LogModuleManager: Shutting down and abandoning module GameplayTagsEditor (86)
[2017.04.20-22.40.54:094][160]LogModuleManager: Shutting down and abandoning module OnlineBlueprintSupport (85)
[2017.04.20-22.40.54:094][160]LogModuleManager: Shutting down and abandoning module VREditor (84)
[2017.04.20-22.40.54:094][160]LogModuleManager: Shutting down and abandoning module GameplayTasksEditor (83)
[2017.04.20-22.40.54:094][160]LogModuleManager: Shutting down and abandoning module PropertyEditor (82)
[2017.04.20-22.40.54:094][160]LogModuleManager: Shutting down and abandoning module BehaviorTreeEditor (81)
[2017.04.20-22.40.54:094][160]LogModuleManager: Shutting down and abandoning module FunctionalTesting (80)
[2017.04.20-22.40.54:094][160]LogModuleManager: Shutting down and abandoning module CollisionAnalyzer (79)
[2017.04.20-22.40.54:094][160]LogModuleManager: Shutting down and abandoning module Sequencer (78)
[2017.04.20-22.40.54:094][160]LogModuleManager: Shutting down and abandoning module WorkspaceMenuStructure (77)
[2017.04.20-22.40.54:094][160]LogModuleManager: Shutting down and abandoning module MessageLog (76)
[2017.04.20-22.40.54:094][160]LogModuleManager: Shutting down and abandoning module AssetTools (75)
[2017.04.20-22.40.54:095][160]LogModuleManager: Shutting down and abandoning module UMGEditor (74)
[2017.04.20-22.40.54:095][160]LogModuleManager: Shutting down and abandoning module UMG (73)
[2017.04.20-22.40.54:095][160]LogModuleManager: Shutting down and abandoning module SlateReflector (72)
[2017.04.20-22.40.54:095][160]LogModuleManager: Shutting down and abandoning module Slate (71)
[2017.04.20-22.40.54:095][160]LogModuleManager: Shutting down and abandoning module EditorStyle (70)
[2017.04.20-22.40.54:102][160]LogModuleManager: Shutting down and abandoning module SourceCodeAccess (69)
[2017.04.20-22.40.54:102][160]LogModuleManager: Shutting down and abandoning module HeadMountedDisplay (68)
[2017.04.20-22.40.54:102][160]LogModuleManager: Shutting down and abandoning module XAudio2 (67)
[2017.04.20-22.40.54:102][160]LogModuleManager: Shutting down and abandoning module Networking (65)
[2017.04.20-22.40.54:102][160]LogModuleManager: Shutting down and abandoning module Core (64)
[2017.04.20-22.40.54:102][160]LogModuleManager: Shutting down and abandoning module DirectoryWatcher (63)
[2017.04.20-22.40.54:104][160]LogModuleManager: Shutting down and abandoning module AssetRegistry (62)
[2017.04.20-22.40.54:255][160]LogModuleManager: Shutting down and abandoning module KismetCompiler (61)
[2017.04.20-22.40.54:255][160]LogModuleManager: Shutting down and abandoning module PhysXFormats (60)
[2017.04.20-22.40.54:255][160]LogModuleManager: Shutting down and abandoning module MeshUtilities (59)
[2017.04.20-22.40.54:255][160]LogModuleManager: Shutting down and abandoning module DerivedDataCache (58)
[2017.04.20-22.40.54:267][160]LogDerivedDataCache: Shutdown
[2017.04.20-22.40.54:267][160]LogModuleManager: Shutting down and abandoning module VulkanShaderFormat (57)
[2017.04.20-22.40.54:267][160]LogModuleManager: Shutting down and abandoning module ShaderFormatOpenGL (56)
[2017.04.20-22.40.54:267][160]LogModuleManager: Shutting down and abandoning module ShaderFormatD3D (55)
[2017.04.20-22.40.54:267][160]LogModuleManager: Shutting down and abandoning module MetalShaderFormat (54)
[2017.04.20-22.40.54:267][160]LogModuleManager: Shutting down and abandoning module TextureFormatUncompressed (53)
[2017.04.20-22.40.54:267][160]LogModuleManager: Shutting down and abandoning module TextureFormatPVR (52)
[2017.04.20-22.40.54:267][160]LogModuleManager: Shutting down and abandoning module TextureFormatIntelISPCTexComp (51)
[2017.04.20-22.40.54:267][160]LogModuleManager: Shutting down and abandoning module TextureFormatDXT (50)
[2017.04.20-22.40.54:267][160]LogModuleManager: Shutting down and abandoning module ImageWrapper (49)
[2017.04.20-22.40.54:267][160]LogModuleManager: Shutting down and abandoning module TextureFormatASTC (48)
[2017.04.20-22.40.54:267][160]LogModuleManager: Shutting down and abandoning module TextureFormatAndroid (47)
[2017.04.20-22.40.54:267][160]LogModuleManager: Shutting down and abandoning module AudioFormatOpus (46)
[2017.04.20-22.40.54:267][160]LogModuleManager: Shutting down and abandoning module AudioFormatOgg (45)
[2017.04.20-22.40.54:267][160]LogModuleManager: Shutting down and abandoning module AudioFormatADPCM (44)
[2017.04.20-22.40.54:267][160]LogModuleManager: Shutting down and abandoning module LinuxTargetPlatform (43)
[2017.04.20-22.40.54:267][160]LogModuleManager: Shutting down and abandoning module LinuxServerTargetPlatform (42)
[2017.04.20-22.40.54:267][160]LogModuleManager: Shutting down and abandoning module LinuxNoEditorTargetPlatform (41)
[2017.04.20-22.40.54:267][160]LogModuleManager: Shutting down and abandoning module TVOSTargetPlatform (40)
[2017.04.20-22.40.54:267][160]LogModuleManager: Shutting down and abandoning module Messaging (39)
[2017.04.20-22.40.54:267][160]LogModuleManager: Shutting down and abandoning module IOSTargetPlatform (38)
[2017.04.20-22.40.54:267][160]LogModuleManager: Shutting down and abandoning module HTML5TargetPlatform (37)
[2017.04.20-22.40.54:267][160]LogModuleManager: Shutting down and abandoning module Android_PVRTCTargetPlatform (36)
[2017.04.20-22.40.54:267][160]LogModuleManager: Shutting down and abandoning module Android_MultiTargetPlatform (35)
[2017.04.20-22.40.54:267][160]LogModuleManager: Shutting down and abandoning module Android_ETC2TargetPlatform (34)
[2017.04.20-22.40.54:267][160]LogModuleManager: Shutting down and abandoning module Android_ETC1TargetPlatform (33)
[2017.04.20-22.40.54:267][160]LogModuleManager: Shutting down and abandoning module Android_DXTTargetPlatform (32)
[2017.04.20-22.40.54:267][160]LogModuleManager: Shutting down and abandoning module Android_ATCTargetPlatform (31)
[2017.04.20-22.40.54:267][160]LogModuleManager: Shutting down and abandoning module Android_ASTCTargetPlatform (30)
[2017.04.20-22.40.54:267][160]LogModuleManager: Shutting down and abandoning module AndroidTargetPlatform (29)
[2017.04.20-22.40.54:267][160]LogModuleManager: Shutting down and abandoning module WindowsTargetPlatform (28)
[2017.04.20-22.40.54:267][160]LogModuleManager: Shutting down and abandoning module WindowsServerTargetPlatform (27)
[2017.04.20-22.40.54:267][160]LogModuleManager: Shutting down and abandoning module WindowsNoEditorTargetPlatform (26)
[2017.04.20-22.40.54:267][160]LogModuleManager: Shutting down and abandoning module WindowsClientTargetPlatform (25)
[2017.04.20-22.40.54:267][160]LogModuleManager: Shutting down and abandoning module AllDesktopTargetPlatform (24)
[2017.04.20-22.40.54:267][160]LogModuleManager: Shutting down and abandoning module TargetPlatform (23)
[2017.04.20-22.40.54:267][160]LogModuleManager: Shutting down and abandoning module InputCore (22)
[2017.04.20-22.40.54:267][160]LogModuleManager: Shutting down and abandoning module Settings (21)
[2017.04.20-22.40.54:267][160]LogModuleManager: Shutting down and abandoning module OnlineSubsystem (19)
[2017.04.20-22.40.54:267][160]LogModuleManager: Shutting down and abandoning module HTTP (18)
[2017.04.20-22.40.58:279][160]LogModuleManager: Shutting down and abandoning module XMPP (17)
[2017.04.20-22.40.58:279][160]LogModuleManager: Shutting down and abandoning module OculusRift (16)
[2017.04.20-22.40.58:279][160]LogModuleManager: Shutting down and abandoning module ExampleDeviceProfileSelector (15)
[2017.04.20-22.40.58:279][160]LogModuleManager: Shutting down and abandoning module TextureCompressor (14)
[2017.04.20-22.40.58:279][160]LogModuleManager: Shutting down and abandoning module ShaderCore (13)
[2017.04.20-22.40.58:279][160]LogModuleManager: Shutting down and abandoning module Landscape (12)
[2017.04.20-22.40.58:279][160]LogModuleManager: Shutting down and abandoning module SlateRHIRenderer (11)
[2017.04.20-22.40.58:280][160]LogModuleManager: Shutting down and abandoning module OpenGLDrv (10)
[2017.04.20-22.40.58:280][160]LogModuleManager: Shutting down and abandoning module D3D11RHI (9)
[2017.04.20-22.40.58:280][160]LogModuleManager: Shutting down and abandoning module AnimGraphRuntime (8)
[2017.04.20-22.40.58:280][160]LogModuleManager: Shutting down and abandoning module Renderer (7)
[2017.04.20-22.40.58:280][160]LogModuleManager: Shutting down and abandoning module Engine (6)
[2017.04.20-22.40.58:280][160]LogModuleManager: Shutting down and abandoning module CoreUObject (5)
[2017.04.20-22.40.58:280][160]LogModuleManager: Shutting down and abandoning module NetworkFile (4)
[2017.04.20-22.40.58:280][160]LogModuleManager: Shutting down and abandoning module StreamingFile (3)
[2017.04.20-22.40.58:280][160]LogModuleManager: Shutting down and abandoning module SandboxFile (2)
[2017.04.20-22.40.58:280][160]LogModuleManager: Shutting down and abandoning module PakFile (1)
[2017.04.20-22.40.58:282][160]LogExit: Exiting.
[2017.04.20-22.40.58:283][160]Log file closed, 04/20/17 18:40:58
