Log file open, 05/02/17 19:48:43
LogInit:Display: Running engine for game: Game
LogPlatformFile: Not using cached read wrapper
LogInit:Display: RandInit(1035896366) SRandInit(1035896387).
LogTaskGraph: Started task graph with 4 named threads and 7 total threads with 1 sets of task threads.
LogStats: Stats thread started at 0.088038
LogInit: Version: 4.12.5-3039270+++UE4+Release-4.12
LogInit: API Version: 2992821
LogInit: Net Version: 3039270
LogDevObjectVersion: Number of dev versions registered: 13
LogDevObjectVersion:   Dev-Blueprints (B0D832E4-1F89-4F0D-ACCF-7EB736FD4AA2): 3
LogDevObjectVersion:   Dev-Build (E1C64328-A22C-4D53-A36C-8E866417BD8C): 0
LogDevObjectVersion:   Dev-Core (375EC13C-06E4-48FB-B500-84F0262A717E): 1
LogDevObjectVersion:   Dev-Editor (E4B068ED-F494-42E9-A231-DA0B2E46BB41): 2
LogDevObjectVersion:   Dev-Framework (CFFC743F-43B0-4480-9391-14DF171D2073): 6
LogDevObjectVersion:   Dev-Mobile (B02B49B5-BB20-44E9-A304-32B752E40360): 0
LogDevObjectVersion:   Dev-Networking (A4E4105C-59A1-49B5-A7C5-40C4547EDFEE): 0
LogDevObjectVersion:   Dev-Online (39C831C9-5AE6-47DC-9A44-9C173E1C8E7C): 0
LogDevObjectVersion:   Dev-Physics (78F01B33-EBEA-4F98-B9B4-84EACCB95AA2): 0
LogDevObjectVersion:   Dev-Platform (6631380F-2D4D-43E0-8009-CF276956A95A): 0
LogDevObjectVersion:   Dev-Rendering (12F88B9F-8875-4AFC-A67C-D90C383ABD29): 2
LogDevObjectVersion:   Dev-Sequencer (7B5AE74C-D270-4C10-A958-57980B212A5A): 0
LogDevObjectVersion:   Dev-VR (D7296918-1DD6-4BDD-9DE2-64A83CC13884): 0
LogInit: Compiled (64-bit): Jul  6 2016 09:09:46
LogInit: Compiled with Visual C++: 19.00.23026.00
LogInit: Build Configuration: Development
LogInit: Branch Name: ++UE4+Release-4.12
LogInit: Command line:  
LogInit: Base directory: C:/Program Files (x86)/Epic Games/4.12/Engine/Binaries/Win64/
LogInit: Installed Engine Build: 1
LogInit: Using libcurl 7.41.0
LogInit:  - built for x86_64-pc-win32
LogInit:  - supports SSL with WinSSL
LogInit:  - other features:
LogInit:      CURL_VERSION_SSL
LogInit:      CURL_VERSION_IPV6
LogInit:      CURL_VERSION_ASYNCHDNS
LogInit:      CURL_VERSION_LARGEFILE
LogInit:      CURL_VERSION_IDN
LogInit:  CurlRequestOptions (configurable via config and command line):
LogInit:  - bVerifyPeer = true  - Libcurl will verify peer certificate
LogInit:  - bUseHttpProxy = false  - Libcurl will NOT use HTTP proxy
LogInit:  - bDontReuseConnections = false  - Libcurl will reuse connections
LogInit:  - CertBundlePath = nullptr  - Libcurl will use whatever was configured at build time.
LogInit: Presizing for max 8388607 objects, including 0 objects not considered by GC, pre-allocating 0 bytes for permanent pool.
LogInit: Object subsystem initialized
[2017.05.02-23.48.44:097][  0]LogInit: Selected Device Profile: [Windows]
[2017.05.02-23.48.44:097][  0]LogInit: Applying CVar settings loaded from the selected device profile: [Windows]
[2017.05.02-23.48.44:112][  0]LogInit: Computer: SCOTT-PC
[2017.05.02-23.48.44:112][  0]LogInit: User: Scott
[2017.05.02-23.48.44:112][  0]LogInit: CPU Page size=65536, Cores=4
[2017.05.02-23.48.44:112][  0]LogInit: High frequency timer resolution =14.318180 MHz
[2017.05.02-23.48.44:112][  0]LogMemory: Memory total: Physical=11.9GB (12GB approx)
[2017.05.02-23.48.44:112][  0]LogMemory: Platform Memory Stats for Windows
[2017.05.02-23.48.44:112][  0]LogMemory: Process Physical Memory: 191.37 MB used, 191.37 MB peak
[2017.05.02-23.48.44:112][  0]LogMemory: Process Virtual Memory: 195.35 MB used, 195.35 MB peak
[2017.05.02-23.48.44:112][  0]LogMemory: Physical Memory: 4352.23 MB used, 12202.02 MB total
[2017.05.02-23.48.44:112][  0]LogMemory: Virtual Memory: 553.80 MB used, 134217728.00 MB total
[2017.05.02-23.48.44:146][  0]LogTextLocalizationManager: No specific translations for ('en-US') exist, so ('en') translations will be used.
[2017.05.02-23.48.44:579][  0]LogD3D11RHI: D3D11 adapters:
[2017.05.02-23.48.44:615][  0]LogD3D11RHI:    0. 'NVIDIA GeForce GTX 1080' (Feature Level 11_0)
[2017.05.02-23.48.44:615][  0]LogD3D11RHI:       8110/0/6101 MB DedicatedVideo/DedicatedSystem/SharedSystem, Outputs:2, VendorId:0x10de
[2017.05.02-23.48.44:618][  0]LogD3D11RHI:    1. 'Microsoft Basic Render Driver' (Feature Level 11_0)
[2017.05.02-23.48.44:618][  0]LogD3D11RHI:       0/0/6101 MB DedicatedVideo/DedicatedSystem/SharedSystem, Outputs:0, VendorId:0x1414
[2017.05.02-23.48.44:618][  0]LogD3D11RHI: Chosen D3D11 Adapter: 0
[2017.05.02-23.48.44:624][  0]LogD3D11RHI: Creating new Direct3DDevice
[2017.05.02-23.48.44:624][  0]LogD3D11RHI:     GPU DeviceId: 0x1b80 (for the marketing name, search the web for "GPU Device Id")
[2017.05.02-23.48.44:624][  0]LogWindows: EnumDisplayDevices:
[2017.05.02-23.48.44:624][  0]LogWindows:    0. 'NVIDIA GeForce GTX 1080' (P:1 D:1)
[2017.05.02-23.48.44:625][  0]LogWindows:    1. 'NVIDIA GeForce GTX 1080' (P:0 D:1)
[2017.05.02-23.48.44:625][  0]LogWindows:    2. 'NVIDIA GeForce GTX 1080' (P:0 D:0)
[2017.05.02-23.48.44:625][  0]LogWindows:    3. 'NVIDIA GeForce GTX 1080' (P:0 D:0)
[2017.05.02-23.48.44:625][  0]LogWindows: DebugString: FoundDriverCount:4 
[2017.05.02-23.48.44:625][  0]LogD3D11RHI:     Adapter Name: NVIDIA GeForce GTX 1080
[2017.05.02-23.48.44:625][  0]LogD3D11RHI:   Driver Version: 378.92 (internal:21.21.13.7892, unified:378.92)
[2017.05.02-23.48.44:625][  0]LogD3D11RHI:      Driver Date: 3-16-2017
[2017.05.02-23.48.44:625][  0]LogRHI: Texture pool is 1361 MB (70% of 1945 MB)
[2017.05.02-23.48.44:643][  0]LogD3D11RHI: Async texture creation enabled
[2017.05.02-23.48.44:656][  0]LogD3D11RHI: GPU Timing Frequency: 1000.000000 (Debug: 2 1)
[2017.05.02-23.48.44:657][  0]LogShaderCompilers: Guid format shader working directory is -12 characters bigger than the processId version (../../../../../../Users/Scott/Documents/GitHub/CGT445/Game/Intermediate/Shaders/WorkingDirectory/8204/).
[2017.05.02-23.48.44:657][  0]LogShaderCompilers: Cleaned the shader compiler working directory 'C:/Users/Scott/AppData/Local/Temp/UnrealShaderWorkingDir/A5DA6D2549B216055AAAB49827648CB7/'.
[2017.05.02-23.48.44:657][  0]LogShaderCompilers:Display: Using Local Shader Compiler.
[2017.05.02-23.48.45:856][  0]LogTemp:Display: Loaded TP AllDesktopTargetPlatform
[2017.05.02-23.48.45:869][  0]LogTemp:Display: Loaded TP WindowsClientTargetPlatform
[2017.05.02-23.48.45:881][  0]LogTemp:Display: Loaded TP WindowsNoEditorTargetPlatform
[2017.05.02-23.48.45:893][  0]LogTemp:Display: Loaded TP WindowsServerTargetPlatform
[2017.05.02-23.48.45:905][  0]LogTemp:Display: Loaded TP WindowsTargetPlatform
[2017.05.02-23.48.45:916][  0]LogTemp:Display: Loaded TP AndroidTargetPlatform
[2017.05.02-23.48.45:926][  0]LogTemp:Display: Loaded TP Android_ASTCTargetPlatform
[2017.05.02-23.48.45:936][  0]LogTemp:Display: Loaded TP Android_ATCTargetPlatform
[2017.05.02-23.48.45:947][  0]LogTemp:Display: Loaded TP Android_DXTTargetPlatform
[2017.05.02-23.48.45:957][  0]LogTemp:Display: Loaded TP Android_ETC1TargetPlatform
[2017.05.02-23.48.45:967][  0]LogTemp:Display: Loaded TP Android_ETC2TargetPlatform
[2017.05.02-23.48.45:988][  0]LogTemp:Display: Loaded TP Android_MultiTargetPlatform
[2017.05.02-23.48.45:988][  0]LogTemp:Display: Loaded TP Android_PVRTCTargetPlatform
[2017.05.02-23.48.45:989][  0]LogTemp:Display: Loaded TP HTML5TargetPlatform
[2017.05.02-23.48.46:014][  0]LogTemp:Display: Loaded TP IOSTargetPlatform
[2017.05.02-23.48.46:023][  0]LogTemp:Display: Loaded TP TVOSTargetPlatform
[2017.05.02-23.48.46:032][  0]LogTemp:Display: Loaded TP LinuxNoEditorTargetPlatform
[2017.05.02-23.48.46:042][  0]LogTemp:Display: Loaded TP LinuxServerTargetPlatform
[2017.05.02-23.48.46:052][  0]LogTemp:Display: Loaded TP LinuxTargetPlatform
[2017.05.02-23.48.46:052][  0]LogTargetPlatformManager:Display: Building Assets For Windows
[2017.05.02-23.48.46:161][  0]LogDerivedDataCache:Display: Max Cache Size: 512 MB
[2017.05.02-23.48.46:242][  0]LogDerivedDataCache: Loaded boot cache 0.08s 48MB C:/Users/Scott/AppData/Local/UnrealEngine/4.12/DerivedDataCache/Boot.ddc.
[2017.05.02-23.48.46:243][  0]LogDerivedDataCache:Display: Loaded Boot cache: C:/Users/Scott/AppData/Local/UnrealEngine/4.12/DerivedDataCache/Boot.ddc
[2017.05.02-23.48.46:243][  0]LogDerivedDataCache: FDerivedDataBackendGraph:  Pak pak cache file ../../../../../../Users/Scott/Documents/GitHub/CGT445/Game/DerivedDataCache/DDC.ddp not found, will not use a pak cache.
[2017.05.02-23.48.46:243][  0]LogDerivedDataCache: Unable to find inner node Pak for hierarchical cache Hierarchy.
[2017.05.02-23.48.46:243][  0]LogDerivedDataCache: FDerivedDataBackendGraph:  CompressedPak pak cache file ../../../../../../Users/Scott/Documents/GitHub/CGT445/Game/DerivedDataCache/Compressed.ddp not found, will not use a pak cache.
[2017.05.02-23.48.46:243][  0]LogDerivedDataCache: Unable to find inner node CompressedPak for hierarchical cache Hierarchy.
[2017.05.02-23.48.46:262][  0]LogDerivedDataCache:Display: Pak cache opened for reading ../../../Engine/DerivedDataCache/Compressed.ddp.
[2017.05.02-23.48.46:274][  0]LogDerivedDataCache: Using Local data cache path C:/Users/Scott/AppData/Local/UnrealEngine/Common/DerivedDataCache: Writable
[2017.05.02-23.48.46:502][  0]LogInit: Selected Device Profile: [Windows]
[2017.05.02-23.48.46:503][  0]LogContentStreaming: Texture pool size is 0.00 MB
[2017.05.02-23.48.46:693][  0]LogMeshUtilities: No automatic mesh reduction module available
[2017.05.02-23.48.46:693][  0]LogMeshUtilities: No automatic mesh merging module available
[2017.05.02-23.48.46:693][  0]LogMeshUtilities: No distributed automatic mesh merging module available
[2017.05.02-23.48.47:023][  0]LogAssetRegistry: FAssetRegistry took 0.0217 seconds to start up
[2017.05.02-23.48.47:058][  0]LogPackageLocalizationCache: Processed 3 localized package path(s) for 2 prioritized culture(s) in 0.028996 seconds
[2017.05.02-23.48.47:064][  0]LogUObjectArray: 28739 objects as part of root set at end of initial load.
[2017.05.02-23.48.47:065][  0]LogUObjectAllocator: 5855624 out of 0 bytes used by permanent object pool.
[2017.05.02-23.48.47:065][  0]LogUObjectArray: CloseDisregardForGC: 0/0 objects in disregard for GC pool
[2017.05.02-23.48.47:079][  0]LogInit: WinSock: version 1.1 (2.2), MaxSocks=32767, MaxUdp=65467
[2017.05.02-23.48.47:308][  0]LogSlate: SlateFontCache - WITH_FREETYPE: 1, WITH_HARFBUZZ: 1
[2017.05.02-23.48.47:308][  0]LogSlate: SlateFontCache - WITH_FREETYPE: 1, WITH_HARFBUZZ: 1
[2017.05.02-23.48.48:026][  0]LogSubstanceCoreModule: Substance CPU Engine Loaded, Max Texture Size 2048
[2017.05.02-23.48.48:039][  0]LogUdpMessaging: Initializing bridge on interface 0.0.0.0:0 to multicast group 230.0.0.1:6666.
[2017.05.02-23.48.48:292][  0]SourceControl: Info Source control is disabled
[2017.05.02-23.48.48:294][  0]SourceControl: Info Source control is disabled
[2017.05.02-23.48.48:305][  0]SourceControl: Info Source control is disabled
[2017.05.02-23.48.48:319][  0]SourceControl: Info Source control is disabled
[2017.05.02-23.48.48:407][  0]LogLinker:Warning: Can't find file '/Game/ThirdPersonBP/ThirdPersonOverview'
[2017.05.02-23.48.48:407][  0]LogLinker:Warning: Can't find file '/Game/ThirdPersonBP/ThirdPersonOverview'
[2017.05.02-23.48.48:407][  0]LogUObjectGlobals:Warning: Failed to find object 'Class /Game/ThirdPersonBP/ThirdPersonOverview.ThirdPersonOverview_C'
[2017.05.02-23.48.48:629][  0]LogEngine: Initializing Engine...
[2017.05.02-23.48.48:630][  0]LogHMD: SteamVR failed to initialize.  Err: 110
[2017.05.02-23.48.48:631][  0]LogHMD: SteamVR failed to initialize.  Err: 110
[2017.05.02-23.48.48:802][  0]LogAIModule: Creating AISystem for world NewWorld
[2017.05.02-23.48.48:841][  0]LogInit: XAudio2 using 'Back (5- C-Media USB Headphone Set  )' : 2 channels at 44.1 kHz using 16 bits per sample (channel mask 0x3)
[2017.05.02-23.48.48:873][  0]LogInit: FAudioDevice initialized.
[2017.05.02-23.48.48:915][  0]LogDerivedDataCache: Saved boot cache 0.04s 48MB C:/Users/Scott/AppData/Local/UnrealEngine/4.12/DerivedDataCache/Boot.ddc.
[2017.05.02-23.48.48:930][  0]LogInit: Texture streaming: Enabled
[2017.05.02-23.48.48:963][  0]LogInit: Transaction tracking system initialized
[2017.05.02-23.48.48:998][  0]BlueprintLog: New page: Editor Load
[2017.05.02-23.48.49:102][  0]LocalizationService: Info Localization service is disabled
[2017.05.02-23.48.49:183][  0]LogConsoleResponse:Display: 
[2017.05.02-23.48.49:301][  0]LogCook:Display: Max memory allowance for cook 8192mb
[2017.05.02-23.48.49:301][  0]LogCook:Display: Mobile HDR setting 1
[2017.05.02-23.48.49:445][  0]LogFileCache: Scanning file cache for directory 'C:/Users/Scott/Documents/GitHub/CGT445/Game/Content/' took 0.02s
[2017.05.02-23.48.49:445][  0]SourceControl: Info Source control is disabled
[2017.05.02-23.48.49:445][  0]Cmd: MAP LOAD FILE="../../../../../../Users/Scott/Documents/GitHub/CGT445/Game/Content/Maps/Grand_Cafeteria.umap" TEMPLATE=0 SHOWPROGRESS=1 FEATURELEVEL=3
[2017.05.02-23.48.49:446][  0]LightingResults: New page: Lighting Build
[2017.05.02-23.48.49:450][  0]MapCheck: New page: Map Check
[2017.05.02-23.48.49:450][  0]LightingResults: New page: Lighting Build
[2017.05.02-23.48.52:022][  0]LogAIModule: Creating AISystem for world Grand_Cafeteria
[2017.05.02-23.48.52:048][  0]LogEditorServer: Finished looking for orphan Actors (0.000 secs)
[2017.05.02-23.48.52:049][  0]Cmd: MAP CHECKDEP NOCLEARLOG
[2017.05.02-23.48.52:153][  0]MapCheck: Info Map check complete: 0 Error(s), 0 Warning(s), took 104.052ms to complete.
[2017.05.02-23.48.52:153][  0]LogFileHelpers: Loading map 'Grand_Cafeteria' took 2.707
[2017.05.02-23.48.52:419][  0]LogCollectionManager: Loaded 1 collections in 0.003831 seconds
[2017.05.02-23.48.52:476][  0]LogFileCache: Scanning file cache for directory 'C:/Users/Scott/Documents/GitHub/CGT445/Game/Saved/Collections/' took 0.01s
[2017.05.02-23.48.52:476][  0]LogFileCache: Scanning file cache for directory 'C:/Users/Scott/Documents/GitHub/CGT445/Game/Content/Developers/Scott/Collections/' took 0.01s
[2017.05.02-23.48.52:476][  0]LogFileCache: Scanning file cache for directory 'C:/Users/Scott/Documents/GitHub/CGT445/Game/Content/Collections/' took 0.01s
[2017.05.02-23.48.52:476][  0]LogCollectionManager: Rebuilt the GUID cache for 1 collections in 0.000006 seconds
[2017.05.02-23.48.52:476][  0]LogCollectionManager: Rebuilt the hierarchy cache for 1 collections in 0.000001 seconds
[2017.05.02-23.48.52:487][  0]LogContentBrowser: Native class hierarchy populated in 0.0110 seconds. Added 2062 classes and 375 folders.
[2017.05.02-23.48.52:493][  0]LogStats: UGameplayTagsManager::ConstructGameplayTagTree: Construct from data asset -  0.000 s
[2017.05.02-23.48.52:493][  0]LogStats: UGameplayTagsManager::ConstructGameplayTagTree: GameplayTagTreeChangedEvent.Broadcast -  0.000 s
[2017.05.02-23.48.52:494][  0]LogContentBrowser: Native class hierarchy updated for 'GameplayTags' in 0.0005 seconds. Added 12 classes and 0 folders.
[2017.05.02-23.48.52:501][  0]LogContentBrowser: Native class hierarchy updated for 'WidgetCarousel' in 0.0004 seconds. Added 0 classes and 0 folders.
[2017.05.02-23.48.52:551][  0]LogContentBrowser: Native class hierarchy updated for 'AddContentDialog' in 0.0005 seconds. Added 0 classes and 0 folders.
[2017.05.02-23.48.52:558][  0]LogContentBrowser: Native class hierarchy updated for 'SceneOutliner' in 0.0005 seconds. Added 1 classes and 2 folders.
[2017.05.02-23.48.52:641][  0]LogCrashTracker: Crashtracker disabled due to settings.
[2017.05.02-23.48.52:649][  0]LogUObjectGlobals:Warning: Failed to find object 'Class None.'
[2017.05.02-23.48.52:678][  0]LogContentBrowser: Native class hierarchy updated for 'HierarchicalLODOutliner' in 0.0006 seconds. Added 1 classes and 2 folders.
[2017.05.02-23.48.52:679][  0]LogLoad: Full Startup: 9.64 seconds (BP compile: 0.58 seconds)
[2017.05.02-23.48.52:679][  0]LogExternalProfiler: Found external profiler: VSPerf
[2017.05.02-23.48.52:679][  0]LogExternalProfiler: Using external profiler: VSPerf
[2017.05.02-23.48.52:688][  0]LogWindowsTextInputMethodSystem:Display: IME system now deactivated.
[2017.05.02-23.48.52:688][  0]LogOcInput: OculusInput pre-init called
[2017.05.02-23.48.52:721][  0]LogContentStreaming: Texture pool size now 1000 MB
[2017.05.02-23.48.52:868][  0]LogRenderer: Reallocating scene render targets to support 1208x600 (Frame:2).
[2017.05.02-23.48.53:066][  2]LogAssetRegistry: Asset discovery search completed in 6.0646 seconds
[2017.05.02-23.48.53:066][  2]LogCollectionManager: Rebuilt the object cache for 1 collections in 0.000012 seconds (found 0 objects)
[2017.05.02-23.48.53:066][  2]LogCollectionManager: Fixed up redirectors for 1 collections in 0.000071 seconds (updated 0 objects)
[2017.05.02-23.48.57:891][545]LogEditorViewport: Clicking on Actor (LMB): FoodFightersPlayerStart_C (FoodFightersPlayerStart4)
[2017.05.02-23.48.58:007][551]LogFileCache: Retrieving MD5 hashes for directory 'C:/Users/Scott/Documents/GitHub/CGT445/Game/Content/' took 5.31s
[2017.05.02-23.49.04:261][  4]LogSavePackage: Save=565.27ms
[2017.05.02-23.49.04:261][  4]LogSavePackage: Moving '../../../../../../Users/Scott/Documents/GitHub/CGT445/Game/Saved/UEDPCGrand_Cafeteria35D608B440324F695C4DD784AA24E8AB.tmp' to '../../../../../../Users/Scott/Documents/GitHub/CGT445/Game/Saved/Autosaves/Game/Maps/UEDPCGrand_Cafeteria.umap'
[2017.05.02-23.49.04:264][  4]LogSavePackage:Display: Finished SavePackage ../../../../../../Users/Scott/Documents/GitHub/CGT445/Game/Saved/Autosaves/Game/Maps/UEDPCGrand_Cafeteria.umap
[2017.05.02-23.49.04:274][  4]LogEditorTransaction: Undo Spawn Play From Here Start
[2017.05.02-23.50.16:339][624]LogEditorViewport: Clicking on Actor (LMB): Blueprint_CeilingLight_C (Blueprint_CeilingLight11)
[2017.05.02-23.50.24:862][367]LogEditorViewport: Clicking on Actor (LMB): StaticMeshActor (Floor_400x411)
[2017.05.02-23.50.25:807][439]LogEditorViewport: Clicking on Actor (LMB): StaticMeshActor (Floor_400x412)
[2017.05.02-23.50.27:167][578]LogEditorViewport: Clicking on Actor (LMB): StaticMeshActor (Floor_400x416)
[2017.05.02-23.50.28:557][713]LogEditorViewport: Clicking on Actor (LMB): StaticMeshActor (Floor_400x410)
[2017.05.02-23.50.32:083][955]LogEditorViewport: Clicking on Actor (LMB): StaticMeshActor (CokeMachine)
[2017.05.02-23.50.51:369][513]LogEditorViewport: Clicking on Actor (LMB): StaticMeshActor (Floor_400x406)
[2017.05.02-23.50.52:225][602]LogEditorViewport: Clicking on Actor (CTRL LMB): StaticMeshActor (Floor_400x407)
[2017.05.02-23.50.53:298][705]LogEditorViewport: Clicking on Actor (CTRL LMB): StaticMeshActor (Floor_400x408)
[2017.05.02-23.50.53:716][744]LogEditorViewport: Clicking on Actor (CTRL LMB): StaticMeshActor (Floor_400x409)
[2017.05.02-23.50.55:506][858]LogEditorViewport: Clicking on Actor (CTRL LMB): StaticMeshActor (Floor_400x410)
[2017.05.02-23.50.56:104][884]LogEditorViewport: Clicking on Actor (CTRL LMB): StaticMeshActor (Floor_400x411)
[2017.05.02-23.50.57:439][ 15]LogEditorViewport: Clicking on Actor (CTRL LMB): StaticMeshActor (Floor_400x412)
[2017.05.02-23.50.59:543][152]LogEditorViewport: Clicking on Actor (CTRL LMB): StaticMeshActor (Floor_400x416)
[2017.05.02-23.51.08:941][ 83]LogEditorViewport: Clicking on Actor (LMB): StaticMeshActor (Floor_400x417)
[2017.05.02-23.51.09:471][138]LogEditorViewport: Clicking on Actor (LMB): StaticMeshActor (Floor_400x414)
[2017.05.02-23.51.10:597][250]LogEditorViewport: Clicking on Actor (CTRL LMB): StaticMeshActor (Floor_400x415)
[2017.05.02-23.51.30:235][351]LogEditorViewport: Clicking on Actor (LMB): StaticMeshActor (Floor_400x400)
[2017.05.02-23.51.37:823][876]Cmd: OBJ SAVEPACKAGE PACKAGE="/Game/Maps/Grand_Cafeteria" FILE="../../../../../../Users/Scott/Documents/GitHub/CGT445/Game/Content/Maps/Grand_Cafeteria.umap" SILENT=true AUTOSAVING=false KEEPDIRTY=false
[2017.05.02-23.51.38:331][876]LogSavePackage: Save=464.62ms
[2017.05.02-23.51.38:331][876]LogSavePackage: Moving '../../../../../../Users/Scott/Documents/GitHub/CGT445/Game/Saved/Grand_Cafeteria981874AB4558BF21C6A1F99CFDC1CE0A.tmp' to '../../../../../../Users/Scott/Documents/GitHub/CGT445/Game/Content/Maps/Grand_Cafeteria.umap'
[2017.05.02-23.51.38:337][876]LogSavePackage:Display: Finished SavePackage ../../../../../../Users/Scott/Documents/GitHub/CGT445/Game/Content/Maps/Grand_Cafeteria.umap
[2017.05.02-23.51.39:427][914]LogSavePackage: Save=459.20ms
[2017.05.02-23.51.39:427][914]LogSavePackage: Moving '../../../../../../Users/Scott/Documents/GitHub/CGT445/Game/Saved/UEDPCGrand_CafeteriaA9CD45EB490E5EE2CEB37292B9F29354.tmp' to '../../../../../../Users/Scott/Documents/GitHub/CGT445/Game/Saved/Autosaves/Game/Maps/UEDPCGrand_Cafeteria.umap'
[2017.05.02-23.51.39:430][914]LogSavePackage:Display: Finished SavePackage ../../../../../../Users/Scott/Documents/GitHub/CGT445/Game/Saved/Autosaves/Game/Maps/UEDPCGrand_Cafeteria.umap
[2017.05.02-23.51.39:436][914]LogEditorTransaction: Undo Spawn Play From Here Start
[2017.05.02-23.52.14:370][390]LogEditorViewport: Clicking on Actor (LMB): StaticMeshActor (modern_staircase)
[2017.05.02-23.53.08:155][522]Cmd: OBJ SAVEPACKAGE PACKAGE="/Game/Maps/Grand_Cafeteria" FILE="../../../../../../Users/Scott/Documents/GitHub/CGT445/Game/Content/Maps/Grand_Cafeteria.umap" SILENT=true AUTOSAVING=false KEEPDIRTY=false
[2017.05.02-23.53.08:683][522]LogSavePackage: Save=453.46ms
[2017.05.02-23.53.08:683][522]LogSavePackage: Moving '../../../../../../Users/Scott/Documents/GitHub/CGT445/Game/Saved/Grand_Cafeteria1E61BFA549D3E87BF14D54B40CA5FEC4.tmp' to '../../../../../../Users/Scott/Documents/GitHub/CGT445/Game/Content/Maps/Grand_Cafeteria.umap'
[2017.05.02-23.53.08:687][522]LogSavePackage:Display: Finished SavePackage ../../../../../../Users/Scott/Documents/GitHub/CGT445/Game/Content/Maps/Grand_Cafeteria.umap
[2017.05.02-23.53.10:235][605]LogSavePackage: Save=461.92ms
[2017.05.02-23.53.10:235][605]LogSavePackage: Moving '../../../../../../Users/Scott/Documents/GitHub/CGT445/Game/Saved/UEDPCGrand_Cafeteria48726C844D02881C5E7E21A4B782352D.tmp' to '../../../../../../Users/Scott/Documents/GitHub/CGT445/Game/Saved/Autosaves/Game/Maps/UEDPCGrand_Cafeteria.umap'
[2017.05.02-23.53.10:238][605]LogSavePackage:Display: Finished SavePackage ../../../../../../Users/Scott/Documents/GitHub/CGT445/Game/Saved/Autosaves/Game/Maps/UEDPCGrand_Cafeteria.umap
[2017.05.02-23.53.10:244][605]LogEditorTransaction: Undo Spawn Play From Here Start
[2017.05.02-23.54.03:149][120]LogEditorViewport: Clicking on Actor (LMB): StaticMeshActor (Wall_500x517)
[2017.05.02-23.54.03:733][150]LogEditorViewport: Clicking on Actor (CTRL LMB): StaticMeshActor (Wall_Door_400x301)
[2017.05.02-23.54.04:036][175]LogEditorViewport: Clicking on Actor (CTRL LMB): StaticMeshActor (Wall_500x510)
[2017.05.02-23.54.04:627][238]LogEditorViewport: Clicking on Actor (CTRL LMB): StaticMeshActor (Wall_500x511)
[2017.05.02-23.54.05:171][295]LogEditorViewport: Clicking on Actor (CTRL LMB): StaticMeshActor (Wall_500x509)
[2017.05.02-23.54.05:567][333]LogEditorViewport: Clicking on Actor (CTRL LMB): StaticMeshActor (Wall_500x516)
[2017.05.02-23.54.06:669][434]LogEditorViewport: Clicking on Actor (CTRL LMB): StaticMeshActor (Wall_500x508)
[2017.05.02-23.54.07:183][486]LogEditorViewport: Clicking on Actor (CTRL LMB): StaticMeshActor (Wall_Door_400x300)
[2017.05.02-23.54.07:727][538]LogEditorViewport: Clicking on Actor (CTRL LMB): StaticMeshActor (Wall_500x500)
[2017.05.02-23.54.09:246][695]LogEditorViewport: Clicking on Actor (CTRL LMB): StaticMeshActor (Floor_400x413)
[2017.05.02-23.54.10:817][832]LogEditorViewport: Clicking on Actor (CTRL LMB): StaticMeshActor (Wall_500x503)
[2017.05.02-23.54.11:260][870]LogEditorViewport: Clicking on Actor (CTRL LMB): StaticMeshActor (Wall_500x501)
[2017.05.02-23.54.11:663][907]LogEditorViewport: Clicking on Actor (CTRL LMB): StaticMeshActor (Wall_500x512)
[2017.05.02-23.54.12:127][942]LogEditorViewport: Clicking on Actor (CTRL LMB): StaticMeshActor (Wall_Door_400x302)
[2017.05.02-23.54.13:103][ 38]LogEditorViewport: Clicking on Actor (CTRL LMB): StaticMeshActor (Wall_500x518)
[2017.05.02-23.54.13:763][100]LogEditorViewport: Clicking on Actor (CTRL LMB): StaticMeshActor (Wall_500x513)
[2017.05.02-23.54.15:014][213]LogEditorViewport: Clicking on Actor (CTRL LMB): StaticMeshActor (Wall_Door_400x303)
[2017.05.02-23.54.15:637][269]LogEditorViewport: Clicking on Actor (CTRL 