Log file open, 04/20/17 16:43:08
LogInit:Display: Running engine for game: Game
LogPlatformFile: Not using cached read wrapper
LogInit:Display: RandInit(421607072) SRandInit(421607073).
LogTaskGraph: Started task graph with 4 named threads and 7 total threads with 1 sets of task threads.
LogStats: Stats thread started at 0.076853
LogInit: Version: 4.12.5-3039270+++UE4+Release-4.12
LogInit: API Version: 2992821
LogInit: Net Version: 3039270
LogDevObjectVersion: Number of dev versions registered: 13
LogDevObjectVersion:   Dev-Blueprints (B0D832E4-1F89-4F0D-ACCF-7EB736FD4AA2): 3
LogDevObjectVersion:   Dev-Build (E1C64328-A22C-4D53-A36C-8E866417BD8C): 0
LogDevObjectVersion:   Dev-Core (375EC13C-06E4-48FB-B500-84F0262A717E): 1
LogDevObjectVersion:   Dev-Editor (E4B068ED-F494-42E9-A231-DA0B2E46BB41): 2
LogDevObjectVersion:   Dev-Framework (CFFC743F-43B0-4480-9391-14DF171D2073): 6
LogDevObjectVersion:   Dev-Mobile (B02B49B5-BB20-44E9-A304-32B752E40360): 0
LogDevObjectVersion:   Dev-Networking (A4E4105C-59A1-49B5-A7C5-40C4547EDFEE): 0
LogDevObjectVersion:   Dev-Online (39C831C9-5AE6-47DC-9A44-9C173E1C8E7C): 0
LogDevObjectVersion:   Dev-Physics (78F01B33-EBEA-4F98-B9B4-84EACCB95AA2): 0
LogDevObjectVersion:   Dev-Platform (6631380F-2D4D-43E0-8009-CF276956A95A): 0
LogDevObjectVersion:   Dev-Rendering (12F88B9F-8875-4AFC-A67C-D90C383ABD29): 2
LogDevObjectVersion:   Dev-Sequencer (7B5AE74C-D270-4C10-A958-57980B212A5A): 0
LogDevObjectVersion:   Dev-VR (D7296918-1DD6-4BDD-9DE2-64A83CC13884): 0
LogInit: Compiled (64-bit): Jul  6 2016 09:09:46
LogInit: Compiled with Visual C++: 19.00.23026.00
LogInit: Build Configuration: Development
LogInit: Branch Name: ++UE4+Release-4.12
LogInit: Command line:  
LogInit: Base directory: E:/New folder/Paragon/UE_4.12/Engine/Binaries/Win64/
LogInit: Installed Engine Build: 1
LogInit: Using libcurl 7.41.0
LogInit:  - built for x86_64-pc-win32
LogInit:  - supports SSL with WinSSL
LogInit:  - other features:
LogInit:      CURL_VERSION_SSL
LogInit:      CURL_VERSION_IPV6
LogInit:      CURL_VERSION_ASYNCHDNS
LogInit:      CURL_VERSION_LARGEFILE
LogInit:      CURL_VERSION_IDN
LogInit:  CurlRequestOptions (configurable via config and command line):
LogInit:  - bVerifyPeer = true  - Libcurl will verify peer certificate
LogInit:  - bUseHttpProxy = false  - Libcurl will NOT use HTTP proxy
LogInit:  - bDontReuseConnections = false  - Libcurl will reuse connections
LogInit:  - CertBundlePath = nullptr  - Libcurl will use whatever was configured at build time.
LogInit: Presizing for max 8388607 objects, including 0 objects not considered by GC, pre-allocating 0 bytes for permanent pool.
LogInit: Object subsystem initialized
[2017.04.20-20.43.08:411][  0]LogInit: Selected Device Profile: [Windows]
[2017.04.20-20.43.08:411][  0]LogInit: Applying CVar settings loaded from the selected device profile: [Windows]
[2017.04.20-20.43.08:432][  0]LogInit: Computer: DESKTOP-JAT82AM
[2017.04.20-20.43.08:432][  0]LogInit: User: Alex
[2017.04.20-20.43.08:432][  0]LogInit: CPU Page size=65536, Cores=4
[2017.04.20-20.43.08:432][  0]LogInit: High frequency timer resolution =3.906245 MHz
[2017.04.20-20.43.08:432][  0]LogMemory: Memory total: Physical=15.9GB (16GB approx)
[2017.04.20-20.43.08:432][  0]LogMemory: Platform Memory Stats for Windows
[2017.04.20-20.43.08:432][  0]LogMemory: Process Physical Memory: 192.61 MB used, 192.61 MB peak
[2017.04.20-20.43.08:432][  0]LogMemory: Process Virtual Memory: 195.29 MB used, 195.29 MB peak
[2017.04.20-20.43.08:432][  0]LogMemory: Physical Memory: 7118.10 MB used, 16332.62 MB total
[2017.04.20-20.43.08:432][  0]LogMemory: Virtual Memory: 581.54 MB used, 134217728.00 MB total
[2017.04.20-20.43.08:592][  0]LogTextLocalizationManager: No specific translations for ('en-US') exist, so ('en') translations will be used.
[2017.04.20-20.43.08:933][  0]LogD3D11RHI: D3D11 adapters:
[2017.04.20-20.43.08:952][  0]LogD3D11RHI:    0. 'AMD Radeon R9 200 Series' (Feature Level 11_0)
[2017.04.20-20.43.08:952][  0]LogD3D11RHI:       4073/0/8166 MB DedicatedVideo/DedicatedSystem/SharedSystem, Outputs:1, VendorId:0x1002
[2017.04.20-20.43.08:953][  0]LogD3D11RHI:    1. 'Microsoft Basic Render Driver' (Feature Level 11_0)
[2017.04.20-20.43.08:954][  0]LogD3D11RHI:       0/0/8166 MB DedicatedVideo/DedicatedSystem/SharedSystem, Outputs:0, VendorId:0x1414
[2017.04.20-20.43.08:954][  0]LogD3D11RHI: Chosen D3D11 Adapter: 0
[2017.04.20-20.43.08:957][  0]LogD3D11RHI: Creating new Direct3DDevice
[2017.04.20-20.43.08:957][  0]LogD3D11RHI:     GPU DeviceId: 0x67b0 (for the marketing name, search the web for "GPU Device Id")
[2017.04.20-20.43.08:957][  0]LogWindows: EnumDisplayDevices:
[2017.04.20-20.43.08:957][  0]LogWindows:    0. 'AMD Radeon R9 200 Series' (P:1 D:1)
[2017.04.20-20.43.08:958][  0]LogWindows:    1. 'AMD Radeon R9 200 Series' (P:0 D:0)
[2017.04.20-20.43.08:958][  0]LogWindows:    2. 'AMD Radeon R9 200 Series' (P:0 D:0)
[2017.04.20-20.43.08:958][  0]LogWindows:    3. 'AMD Radeon R9 200 Series' (P:0 D:0)
[2017.04.20-20.43.08:958][  0]LogWindows:    4. 'AMD Radeon R9 200 Series' (P:0 D:0)
[2017.04.20-20.43.08:958][  0]LogWindows:    5. 'AMD Radeon R9 200 Series' (P:0 D:0)
[2017.04.20-20.43.08:958][  0]LogWindows: DebugString: FoundDriverCount:6 
[2017.04.20-20.43.08:958][  0]LogD3D11RHI:     Adapter Name: AMD Radeon R9 200 Series
[2017.04.20-20.43.08:958][  0]LogD3D11RHI:   Driver Version: Crimson ReLive 17.1.1 (internal:21.19.411.0, unified:21.19.411.0)
[2017.04.20-20.43.08:958][  0]LogD3D11RHI:      Driver Date: 1-13-2017
[2017.04.20-20.43.08:958][  0]LogRHI: Texture pool is 1361 MB (70% of 1945 MB)
[2017.04.20-20.43.08:966][  0]LogD3D11RHI: Async texture creation disabled: no driver support
[2017.04.20-20.43.08:978][  0]LogD3D11RHI: GPU Timing Frequency: 27.000000 (Debug: 2 1)
[2017.04.20-20.43.08:979][  0]LogShaderCompilers: Guid format shader working directory is 7 characters bigger than the processId version (C:/Users/Alex/Desktop/Gith/CGT445/Game/Intermediate/Shaders/WorkingDirectory/6364/).
[2017.04.20-20.43.08:979][  0]LogShaderCompilers: Cleaned the shader compiler working directory 'C:/Users/Alex/AppData/Local/Temp/UnrealShaderWorkingDir/2AE89BCD46230A566EFA7A99BEA9E222/'.
[2017.04.20-20.43.08:979][  0]LogShaderCompilers:Display: Using Local Shader Compiler.
[2017.04.20-20.43.10:492][  0]LogTemp:Display: Loaded TP AllDesktopTargetPlatform
[2017.04.20-20.43.10:499][  0]LogTemp:Display: Loaded TP WindowsClientTargetPlatform
[2017.04.20-20.43.10:505][  0]LogTemp:Display: Loaded TP WindowsNoEditorTargetPlatform
[2017.04.20-20.43.10:511][  0]LogTemp:Display: Loaded TP WindowsServerTargetPlatform
[2017.04.20-20.43.10:518][  0]LogTemp:Display: Loaded TP WindowsTargetPlatform
[2017.04.20-20.43.10:526][  0]LogTemp:Display: Loaded TP AndroidTargetPlatform
[2017.04.20-20.43.10:532][  0]LogTemp:Display: Loaded TP Android_ASTCTargetPlatform
[2017.04.20-20.43.10:538][  0]LogTemp:Display: Loaded TP Android_ATCTargetPlatform
[2017.04.20-20.43.10:543][  0]LogTemp:Display: Loaded TP Android_DXTTargetPlatform
[2017.04.20-20.43.10:550][  0]LogTemp:Display: Loaded TP Android_ETC1TargetPlatform
[2017.04.20-20.43.10:556][  0]LogTemp:Display: Loaded TP Android_ETC2TargetPlatform
[2017.04.20-20.43.10:567][  0]LogTemp:Display: Loaded TP Android_MultiTargetPlatform
[2017.04.20-20.43.10:567][  0]LogTemp:Display: Loaded TP Android_PVRTCTargetPlatform
[2017.04.20-20.43.10:568][  0]LogTemp:Display: Loaded TP HTML5TargetPlatform
[2017.04.20-20.43.10:604][  0]LogTemp:Display: Loaded TP IOSTargetPlatform
[2017.04.20-20.43.10:610][  0]LogTemp:Display: Loaded TP TVOSTargetPlatform
[2017.04.20-20.43.10:616][  0]LogTemp:Display: Loaded TP LinuxNoEditorTargetPlatform
[2017.04.20-20.43.10:621][  0]LogTemp:Display: Loaded TP LinuxServerTargetPlatform
[2017.04.20-20.43.10:631][  0]LogTemp:Display: Loaded TP LinuxTargetPlatform
[2017.04.20-20.43.10:631][  0]LogTargetPlatformManager:Display: Building Assets For Windows
[2017.04.20-20.43.10:870][  0]LogDerivedDataCache:Display: Max Cache Size: 512 MB
[2017.04.20-20.43.10:913][  0]LogDerivedDataCache: Loaded boot cache 0.04s 48MB C:/Users/Alex/AppData/Local/UnrealEngine/4.12/DerivedDataCache/Boot.ddc.
[2017.04.20-20.43.10:913][  0]LogDerivedDataCache:Display: Loaded Boot cache: C:/Users/Alex/AppData/Local/UnrealEngine/4.12/DerivedDataCache/Boot.ddc
[2017.04.20-20.43.10:914][  0]LogDerivedDataCache: FDerivedDataBackendGraph:  Pak pak cache file C:/Users/Alex/Desktop/Gith/CGT445/Game/DerivedDataCache/DDC.ddp not found, will not use a pak cache.
[2017.04.20-20.43.10:914][  0]LogDerivedDataCache: Unable to find inner node Pak for hierarchical cache Hierarchy.
[2017.04.20-20.43.10:914][  0]LogDerivedDataCache: FDerivedDataBackendGraph:  CompressedPak pak cache file C:/Users/Alex/Desktop/Gith/CGT445/Game/DerivedDataCache/Compressed.ddp not found, will not use a pak cache.
[2017.04.20-20.43.10:914][  0]LogDerivedDataCache: Unable to find inner node CompressedPak for hierarchical cache Hierarchy.
[2017.04.20-20.43.10:930][  0]LogDerivedDataCache:Display: Pak cache opened for reading ../../../Engine/DerivedDataCache/Compressed.ddp.
[2017.04.20-20.43.10:942][  0]LogDerivedDataCache: Using Local data cache path C:/Users/Alex/AppData/Local/UnrealEngine/Common/DerivedDataCache: Writable
[2017.04.20-20.43.12:722][  0]LogInit: Selected Device Profile: [Windows]
[2017.04.20-20.43.12:723][  0]LogContentStreaming: Texture pool size is 0.00 MB
[2017.04.20-20.43.12:924][  0]LogMeshUtilities: No automatic mesh reduction module available
[2017.04.20-20.43.12:924][  0]LogMeshUtilities: No automatic mesh merging module available
[2017.04.20-20.43.12:924][  0]LogMeshUtilities: No distributed automatic mesh merging module available
[2017.04.20-20.43.13:334][  0]LogAssetRegistry: FAssetRegistry took 0.0214 seconds to start up
[2017.04.20-20.43.13:362][  0]LogPackageLocalizationCache: Processed 3 localized package path(s) for 2 prioritized culture(s) in 0.026117 seconds
[2017.04.20-20.43.13:366][  0]LogUObjectArray: 28739 objects as part of root set at end of initial load.
[2017.04.20-20.43.13:366][  0]LogUObjectAllocator: 5855632 out of 0 bytes used by permanent object pool.
[2017.04.20-20.43.13:366][  0]LogUObjectArray: CloseDisregardForGC: 0/0 objects in disregard for GC pool
[2017.04.20-20.43.13:369][  0]LogInit: WinSock: version 1.1 (2.2), MaxSocks=32767, MaxUdp=65467
[2017.04.20-20.43.13:610][  0]LogSlate: SlateFontCache - WITH_FREETYPE: 1, WITH_HARFBUZZ: 1
[2017.04.20-20.43.13:610][  0]LogSlate: SlateFontCache - WITH_FREETYPE: 1, WITH_HARFBUZZ: 1
[2017.04.20-20.43.14:921][  0]LogUdpMessaging: Initializing bridge on interface 0.0.0.0:0 to multicast group 230.0.0.1:6666.
[2017.04.20-20.43.15:289][  0]SourceControl: Info Source control is disabled
[2017.04.20-20.43.15:290][  0]SourceControl: Info Source control is disabled
[2017.04.20-20.43.15:300][  0]SourceControl: Info Source control is disabled
[2017.04.20-20.43.15:307][  0]SourceControl: Info Source control is disabled
[2017.04.20-20.43.15:522][  0]LogEngine: Initializing Engine...
[2017.04.20-20.43.15:539][  0]LogHMD: SteamVR failed to initialize.  Err: 110
[2017.04.20-20.43.15:540][  0]LogHMD: SteamVR failed to initialize.  Err: 110
[2017.04.20-20.43.15:726][  0]LogAIModule: Creating AISystem for world NewWorld
[2017.04.20-20.43.15:732][  0]LogInit: XAudio2 using 'Speakers (Realtek High Definition Audio)' : 2 channels at 48 kHz using 32 bits per sample (channel mask 0x3)
[2017.04.20-20.43.15:743][  0]LogInit: FAudioDevice initialized.
[2017.04.20-20.43.15:763][  0]LogDerivedDataCache: Saved boot cache 0.02s 48MB C:/Users/Alex/AppData/Local/UnrealEngine/4.12/DerivedDataCache/Boot.ddc.
[2017.04.20-20.43.15:769][  0]LogInit: Texture streaming: Enabled
[2017.04.20-20.43.15:785][  0]LogInit: Transaction tracking system initialized
[2017.04.20-20.43.15:798][  0]BlueprintLog: New page: Editor Load
[2017.04.20-20.43.15:843][  0]LocalizationService: Info Localization service is disabled
[2017.04.20-20.43.15:895][  0]LogConsoleResponse:Display: 
[2017.04.20-20.43.16:161][  0]LogCook:Display: Max memory allowance for cook 8192mb
[2017.04.20-20.43.16:161][  0]LogCook:Display: Mobile HDR setting 1
[2017.04.20-20.43.16:262][  0]LogFileCache: Scanning file cache for directory 'C:/Users/Alex/Desktop/Gith/CGT445/Game/Content/' took 0.02s
[2017.04.20-20.43.16:262][  0]SourceControl: Info Source control is disabled
[2017.04.20-20.43.16:262][  0]Cmd: MAP LOAD FILE="C:/Users/Alex/Desktop/Gith/CGT445/Game/Content/FirstPersonBP/Maps/FirstPersonExampleMap.umap" TEMPLATE=0 SHOWPROGRESS=1 FEATURELEVEL=3
[2017.04.20-20.43.16:262][  0]LogEditorServer:Warning: Can't find file 'C:/Users/Alex/Desktop/Gith/CGT445/Game/Content/FirstPersonBP/Maps/FirstPersonExampleMap.umap'
[2017.04.20-20.43.16:262][  0]Cmd: MAP CHECKDEP NOCLEARLOG
[2017.04.20-20.43.16:296][  0]MapCheck: Info Map check complete: 0 Error(s), 0 Warning(s), took 33.525ms to complete.
[2017.04.20-20.43.16:296][  0]LogFileHelpers: Loading map 'FirstPersonExampleMap' took 0.034
[2017.04.20-20.43.16:459][  0]LogCollectionManager: Loaded 0 collections in 0.000760 seconds
[2017.04.20-20.43.16:496][  0]LogFileCache: Scanning file cache for directory 'C:/Users/Alex/Desktop/Gith/CGT445/Game/Saved/Collections/' took 0.01s
[2017.04.20-20.43.16:496][  0]LogFileCache: Scanning file cache for directory 'C:/Users/Alex/Desktop/Gith/CGT445/Game/Content/Developers/Alex/Collections/' took 0.01s
[2017.04.20-20.43.16:496][  0]LogFileCache: Scanning file cache for directory 'C:/Users/Alex/Desktop/Gith/CGT445/Game/Content/Collections/' took 0.01s
[2017.04.20-20.43.16:496][  0]LogCollectionManager: Rebuilt the GUID cache for 0 collections in 0.000002 seconds
[2017.04.20-20.43.16:502][  0]LogContentBrowser: Native class hierarchy populated in 0.0061 seconds. Added 2047 classes and 369 folders.
[2017.04.20-20.43.16:504][  0]LogStats: UGameplayTagsManager::ConstructGameplayTagTree: Construct from data asset -  0.000 s
[2017.04.20-20.43.16:504][  0]LogStats: UGameplayTagsManager::ConstructGameplayTagTree: GameplayTagTreeChangedEvent.Broadcast -  0.000 s
[2017.04.20-20.43.16:505][  0]LogContentBrowser: Native class hierarchy updated for 'GameplayTags' in 0.0004 seconds. Added 12 classes and 0 folders.
[2017.04.20-20.43.16:507][  0]LogContentBrowser: Native class hierarchy updated for 'WidgetCarousel' in 0.0002 seconds. Added 0 classes and 0 folders.
[2017.04.20-20.43.16:701][  0]LogContentBrowser: Native class hierarchy updated for 'AddContentDialog' in 0.0003 seconds. Added 0 classes and 0 folders.
[2017.04.20-20.43.16:703][  0]LogContentBrowser: Native class hierarchy updated for 'SceneOutliner' in 0.0003 seconds. Added 1 classes and 2 folders.
[2017.04.20-20.43.16:740][  0]LogCrashTracker: Crashtracker disabled due to settings.
[2017.04.20-20.43.16:743][  0]LogUObjectGlobals:Warning: Failed to find object 'Class None.'
[2017.04.20-20.43.16:767][  0]LogContentBrowser: Native class hierarchy updated for 'HierarchicalLODOutliner' in 0.0004 seconds. Added 1 classes and 2 folders.
[2017.04.20-20.43.16:768][  0]LogLoad: Full Startup: 11.04 seconds (BP compile: 0.01 seconds)
[2017.04.20-20.43.16:768][  0]LogExternalProfiler: No external profilers were discovered.  External profiling features will not be available.
[2017.04.20-20.43.16:779][  0]LogOcInput: OculusInput pre-init called
[2017.04.20-20.43.16:799][  0]LogContentStreaming: Texture pool size now 1000 MB
[2017.04.20-20.43.17:015][  0]LogRenderer: Reallocating scene render targets to support 952x576 (Frame:2).
[2017.04.20-20.43.17:107][  1]LogAssetRegistry: Asset discovery search completed in 3.7943 seconds
[2017.04.20-20.43.17:107][  1]LogCollectionManager: Rebuilt the object cache for 0 collections in 0.000001 seconds (found 0 objects)
[2017.04.20-20.43.17:107][  1]LogCollectionManager: Fixed up redirectors for 0 collections in 0.000017 seconds (updated 0 objects)
[2017.04.20-20.43.30:311][523]LogContentBrowser: Native class hierarchy updated for 'BlueprintGraph' in 0.0006 seconds. Added 111 classes and 0 folders.
[2017.04.20-20.44.19:955][851]LogWindowsTextInputMethodSystem:Display: IME system now deactivated.
[2017.04.20-20.44.20:111][852]Cmd: QUIT_EDITOR
[2017.04.20-20.44.20:149][852]LogExit: Preparing to exit.
[2017.04.20-20.44.21:096][852]LogExit: Editor shut down
[2017.04.20-20.44.21:097][852]LogExit: Transaction tracking system shut down
[2017.04.20-20.44.21:218][852]LogObj: Freed 0b from 0 cluster array pools.
[2017.04.20-20.44.21:218][852]LogExit: Object subsystem successfully closed.
[2017.04.20-20.44.21:235][852]LogD3D11RHI: Shutdown
[2017.04.20-20.44.21:235][852]LogD3D11RHI: CleanupD3DDevice
[2017.04.20-20.44.21:322][852]LogD3D11RHI: ~FD3D11DynamicRHI
[2017.04.20-20.44.21:327][852]LogModuleManager: Shutting down and abandoning module BlueprintGraph (213)
[2017.04.20-20.44.21:327][852]LogModuleManager: Shutting down and abandoning module HierarchicalLODOutliner (212)
[2017.04.20-20.44.21:327][852]LogModuleManager: Shutting down and abandoning module CrashTracker (211)
[2017.04.20-20.44.21:327][852]LogModuleManager: Shutting down and abandoning module SceneOutliner (210)
[2017.04.20-20.44.21:327][852]LogModuleManager: Shutting down and abandoning module WidgetCarousel (209)
[2017.04.20-20.44.21:327][852]LogModuleManager: Shutting down and abandoning module AddContentDialog (208)
[2017.04.20-20.44.21:328][852]LogModuleManager: Shutting down and abandoning module GameplayTags (207)
[2017.04.20-20.44.21:328][852]LogModuleManager: Shutting down and abandoning module EditorWidgets (206)
[2017.04.20-20.44.21:328][852]LogModuleManager: Shutting down and abandoning module CollectionManager (205)
[2017.04.20-20.44.21:328][852]LogModuleManager: Shutting down and abandoning module FoliageEdit (204)
[2017.04.20-20.44.21:328][852]LogModuleManager: Shutting down and abandoning module LandscapeEditor (203)
[2017.04.20-20.44.21:328][852]LogModuleManager: Shutting down and abandoning module SceneDepthPickerMode (202)
[2017.04.20-20.44.21:328][852]LogModuleManager: Shutting down and abandoning module ActorPickerMode (201)
[2017.04.20-20.44.21:328][852]LogModuleManager: Shutting down and abandoning module GeometryMode (200)
[2017.04.20-20.44.21:328][852]LogModuleManager: Shutting down and abandoning module TextureAlignMode (199)
[2017.04.20-20.44.21:328][852]LogModuleManager: Shutting down and abandoning module BspMode (198)
[2017.04.20-20.44.21:328][852]LogModuleManager: Shutting down and abandoning module HardwareSurvey (197)
[2017.04.20-20.44.21:328][852]LogModuleManager: Shutting down and abandoning module SequenceRecorderSections (196)
[2017.04.20-20.44.21:328][852]LogModuleManager: Shutting down and abandoning module SequenceRecorder (195)
[2017.04.20-20.44.21:328][852]LogModuleManager: Shutting down and abandoning module AutomationWorker (194)
[2017.04.20-20.44.21:328][852]LogModuleManager: Shutting down and abandoning module MatineeToLevelSequence (193)
[2017.04.20-20.44.21:328][852]LogModuleManager: Shutting down and abandoning module PlacementMode (192)
[2017.04.20-20.44.21:328][852]LogModuleManager: Shutting down and abandoning module LevelSequenceEditor (191)
[2017.04.20-20.44.21:328][852]LogModuleManager: Shutting down and abandoning module CharacterAI (190)
[2017.04.20-20.44.21:328][852]LogModuleManager: Shutting down and abandoning module SmartSnapping (189)
[2017.04.20-20.44.21:328][852]LogModuleManager: Shutting down and abandoning module SessionServices (188)
[2017.04.20-20.44.21:328][852]LogModuleManager: Shutting down and abandoning module ViewportSnapping (187)
[2017.04.20-20.44.21:328][852]LogModuleManager: Shutting down and abandoning module LogVisualizer (186)
[2017.04.20-20.44.21:329][852]LogModuleManager: Shutting down and abandoning module GameProjectGeneration (185)
[2017.04.20-20.44.21:329][852]LogModuleManager: Shutting down and abandoning module IntroTutorials (184)
[2017.04.20-20.44.21:329][852]LogModuleManager: Shutting down and abandoning module EditorLiveStreaming (183)
[2017.04.20-20.44.21:329][852]LogModuleManager: Shutting down and abandoning module IOSPlatformEditor (182)
[2017.04.20-20.44.21:329][852]LogModuleManager: Shutting down and abandoning module HTML5PlatformEditor (181)
[2017.04.20-20.44.21:329][852]LogModuleManager: Shutting down and abandoning module AndroidDeviceDetection (180)
[2017.04.20-20.44.21:895][852]LogModuleManager: Shutting down and abandoning module AndroidPlatformEditor (179)
[2017.04.20-20.44.21:895][852]LogModuleManager: Shutting down and abandoning module IOSRuntimeSettings (178)
[2017.04.20-20.44.21:895][852]LogModuleManager: Shutting down and abandoning module AndroidRuntimeSettings (177)
[2017.04.20-20.44.21:895][852]LogModuleManager: Shutting down and abandoning module MergeActors (176)
[2017.04.20-20.44.21:895][852]LogModuleManager: Shutting down and abandoning module SizeMap (175)
[2017.04.20-20.44.21:895][852]LogModuleManager: Shutting down and abandoning module TreeMap (174)
[2017.04.20-20.44.21:895][852]LogModuleManager: Shutting down and abandoning module ReferenceViewer (173)
[2017.04.20-20.44.21:895][852]LogModuleManager: Shutting down and abandoning module LocalizationService (172)
[2017.04.20-20.44.21:895][852]LogModuleManager: Shutting down and abandoning module LocalizationDashboard (171)
[2017.04.20-20.44.21:895][852]LogModuleManager: Shutting down and abandoning module HardwareTargeting (170)
[2017.04.20-20.44.21:895][852]LogModuleManager: Shutting down and abandoning module DeviceProfileEditor (169)
[2017.04.20-20.44.21:895][852]LogModuleManager: Shutting down and abandoning module UndoHistory (168)
[2017.04.20-20.44.21:895][852]LogModuleManager: Shutting down and abandoning module UserFeedback (167)
[2017.04.20-20.44.21:895][852]LogModuleManager: Shutting down and abandoning module XmlParser (166)
[2017.04.20-20.44.21:895][852]LogModuleManager: Shutting down and abandoning module Blutility (165)
[2017.04.20-20.44.21:895][852]LogModuleManager: Shutting down and abandoning module ProjectTargetPlatformEditor (164)
[2017.04.20-20.44.21:895][852]LogModuleManager: Shutting down and abandoning module ProjectSettingsViewer (163)
[2017.04.20-20.44.21:895][852]LogModuleManager: Shutting down and abandoning module InputBindingEditor (162)
[2017.04.20-20.44.21:896][852]LogModuleManager: Shutting down and abandoning module EditorSettingsViewer (161)
[2017.04.20-20.44.21:896][852]LogModuleManager: Shutting down and abandoning module SettingsEditor (160)
[2017.04.20-20.44.21:896][852]LogModuleManager: Shutting down and abandoning module ProjectLauncher (159)
[2017.04.20-20.44.21:896][852]LogModuleManager: Shutting down and abandoning module SessionFrontend (158)
[2017.04.20-20.44.21:896][852]LogModuleManager: Shutting down and abandoning module ProfilerClient (157)
[2017.04.20-20.44.21:896][852]LogModuleManager: Shutting down and abandoning module TargetDeviceServices (156)
[2017.04.20-20.44.21:896][852]LogModuleManager: Shutting down and abandoning module DeviceManager (155)
[2017.04.20-20.44.21:948][852]LogModuleManager: Shutting down and abandoning module AutomationController (154)
[2017.04.20-20.44.21:948][852]LogModuleManager: Shutting down and abandoning module AutomationWindow (153)
[2017.04.20-20.44.21:948][852]LogModuleManager: Shutting down and abandoning module Layers (152)
[2017.04.20-20.44.21:948][852]LogModuleManager: Shutting down and abandoning module ComponentVisualizers (151)
[2017.04.20-20.44.21:948][852]LogModuleManager: Shutting down and abandoning module DetailCustomizations (150)
[2017.04.20-20.44.21:948][852]LogModuleManager: Shutting down and abandoning module PackagesDialog (149)
[2017.04.20-20.44.21:948][852]LogModuleManager: Shutting down and abandoning module Persona (148)
[2017.04.20-20.44.21:948][852]LogModuleManager: Shutting down and abandoning module Kismet (147)
[2017.04.20-20.44.21:948][852]LogModuleManager: Shutting down and abandoning module GraphEditor (146)
[2017.04.20-20.44.21:948][852]LogModuleManager: Shutting down and abandoning module ClassViewer (145)
[2017.04.20-20.44.21:948][852]LogModuleManager: Shutting down and abandoning module Toolbox (144)
[2017.04.20-20.44.21:948][852]LogModuleManager: Shutting down and abandoning module ModuleUI (143)
[2017.04.20-20.44.21:948][852]LogModuleManager: Shutting down and abandoning module MovieSceneTools (142)
[2017.04.20-20.44.21:948][852]LogModuleManager: Shutting down and abandoning module OutputLog (141)
[2017.04.20-20.44.21:948][852]LogModuleManager: Shutting down and abandoning module GammaUI (140)
[2017.04.20-20.44.21:948][852]LogModuleManager: Shutting down and abandoning module Documentation (139)
[2017.04.20-20.44.21:948][852]LogModuleManager: Shutting down and abandoning module StreamingPauseRendering (138)
[2017.04.20-20.44.21:948][852]LogModuleManager: Shutting down and abandoning module AnalyticsET (137)
[2017.04.20-20.44.21:948][852]LogModuleManager: Shutting down and abandoning module Analytics (136)
[2017.04.20-20.44.21:949][852]LogModuleManager: Shutting down and abandoning module PortalServices (135)
[2017.04.20-20.44.21:949][852]LogModuleManager: Shutting down and abandoning module PortalRpc (134)
[2017.04.20-20.44.21:949][852]LogModuleManager: Shutting down and abandoning module MessagingRpc (133)
[2017.04.20-20.44.21:949][852]LogModuleManager: Shutting down and abandoning module GameplayDebugger (132)
[2017.04.20-20.44.21:949][852]LogModuleManager: Shutting down and abandoning module AITestSuite (131)
[2017.04.20-20.44.21:949][852]LogModuleManager: Shutting down and abandoning module AIModule (130)
[2017.04.20-20.44.21:949][852]LogModuleManager: Shutting down and abandoning module ProfilerService (129)
[2017.04.20-20.44.22:061][852]LogModuleManager: Shutting down and abandoning module TaskGraph (128)
[2017.04.20-20.44.22:061][852]LogModuleManager: Shutting down and abandoning module SlateRemote (127)
[2017.04.20-20.44.22:061][852]LogModuleManager: Shutting down and abandoning module SteamVRController (126)
[2017.04.20-20.44.22:061][852]LogModuleManager: Shutting down and abandoning module SteamVR (125)
[2017.04.20-20.44.22:061][852]LogModuleManager: Shutting down and abandoning module ProceduralMeshComponent (124)
[2017.04.20-20.44.22:061][852]LogModuleManager: Shutting down and abandoning module OculusLibrary (123)
[2017.04.20-20.44.22:061][852]LogModuleManager: Shutting down and abandoning module OculusInput (122)
[2017.04.20-20.44.22:061][852]LogModuleManager: Shutting down and abandoning module CustomMeshComponent (121)
[2017.04.20-20.44.22:061][852]LogModuleManager: Shutting down and abandoning module CableComponent (120)
[2017.04.20-20.44.22:061][852]LogModuleManager: Shutting down and abandoning module ArchVisCharacter (119)
[2017.04.20-20.44.22:061][852]LogModuleManager: Shutting down and abandoning module MediaPlayerEditor (118)
[2017.04.20-20.44.22:061][852]LogModuleManager: Shutting down and abandoning module HTML5Networking (117)
[2017.04.20-20.44.22:061][852]LogModuleManager: Shutting down and abandoning module SuperSearch (116)
[2017.04.20-20.44.22:061][852]LogModuleManager: Shutting down and abandoning module SuperSearchEditor (115)
[2017.04.20-20.44.22:061][852]LogModuleManager: Shutting down and abandoning module SpeedTreeImporter (114)
[2017.04.20-20.44.22:061][852]LogModuleManager: Shutting down and abandoning module PluginBrowser (113)
[2017.04.20-20.44.22:061][852]LogModuleManager: Shutting down and abandoning module EpicSurvey (112)
[2017.04.20-20.44.22:061][852]LogModuleManager: Shutting down and abandoning module DesktopPlatform (111)
[2017.04.20-20.44.22:061][852]LogModuleManager: Shutting down and abandoning module VisualStudioSourceCodeAccess (110)
[2017.04.20-20.44.22:061][852]LogModuleManager: Shutting down and abandoning module UObjectPlugin (109)
[2017.04.20-20.44.22:061][852]LogModuleManager: Shutting down and abandoning module SubversionSourceControl (108)
[2017.04.20-20.44.22:061][852]LogModuleManager: Shutting down and abandoning module PerforceSourceControl (107)
[2017.04.20-20.44.22:061][852]LogModuleManager: Shutting down and abandoning module SourceControl (106)
[2017.04.20-20.44.22:061][852]LogModuleManager: Shutting down and abandoning module GitSourceControl (105)
[2017.04.20-20.44.22:061][852]LogModuleManager: Shutting down and abandoning module LightPropagationVolumeEditor (104)
[2017.04.20-20.44.22:061][852]LogModuleManager: Shutting down and abandoning module PaperTiledImporter (103)
[2017.04.20-20.44.22:061][852]LogModuleManager: Shutting down and abandoning module PaperSpriteSheetImporter (102)
[2017.04.20-20.44.22:061][852]LogModuleManager: Shutting down and abandoning module MeshPaint (101)
[2017.04.20-20.44.22:061][852]LogModuleManager: Shutting down and abandoning module PixelInspectorModule (100)
[2017.04.20-20.44.22:062][852]LogModuleManager: Shutting down and abandoning module HotReload (99)
[2017.04.20-20.44.22:062][852]LogModuleManager: Shutting down and abandoning module MainFrame (98)
[2017.04.20-20.44.22:062][852]LogModuleManager: Shutting down and abandoning module LevelEditor (97)
[2017.04.20-20.44.22:062][852]LogModuleManager: Shutting down and abandoning module ContentBrowser (96)
[2017.04.20-20.44.22:063][852]LogModuleManager: Shutting down and abandoning module Paper2DEditor (95)
[2017.04.20-20.44.22:063][852]LogModuleManager: Shutting down and abandoning module UdpMessaging (94)
[2017.04.20-20.44.22:163][852]LogModuleManager: Shutting down and abandoning module LightPropagationVolumeRuntime (93)
[2017.04.20-20.44.22:163][852]LogModuleManager: Shutting down and abandoning module Paper2D (92)
[2017.04.20-20.44.22:163][852]LogModuleManager: Shutting down and abandoning module WindowsMoviePlayer (91)
[2017.04.20-20.44.22:163][852]LogModuleManager: Shutting down and abandoning module Media (90)
[2017.04.20-20.44.22:163][852]LogModuleManager: Shutting down and abandoning module WmfMedia (89)
[2017.04.20-20.44.22:164][852]LogModuleManager: Shutting down and abandoning module MediaAssets (88)
[2017.04.20-20.44.22:164][852]LogModuleManager: Shutting down and abandoning module GameLiveStreaming (87)
[2017.04.20-20.44.22:164][852]LogModuleManager: Shutting down and abandoning module GameplayTagsEditor (86)
[2017.04.20-20.44.22:164][852]LogModuleManager: Shutting down and abandoning module OnlineBlueprintSupport (85)
[2017.04.20-20.44.22:164][852]LogModuleManager: Shutting down and abandoning module VREditor (84)
[2017.04.20-20.44.22:164][852]LogModuleManager: Shutting down and abandoning module GameplayTasksEditor (83)
[2017.04.20-20.44.22:164][852]LogModuleManager: Shutting down and abandoning module PropertyEditor (82)
[2017.04.20-20.44.22:164][852]LogModuleManager: Shutting down and abandoning module BehaviorTreeEditor (81)
[2017.04.20-20.44.22:164][852]LogModuleManager: Shutting down and abandoning module FunctionalTesting (80)
[2017.04.20-20.44.22:164][852]LogModuleManager: Shutting down and abandoning module CollisionAnalyzer (79)
[2017.04.20-20.44.22:164][852]LogModuleManager: Shutting down and abandoning module Sequencer (78)
[2017.04.20-20.44.22:164][852]LogModuleManager: Shutting down and abandoning module WorkspaceMenuStructure (77)
[2017.04.20-20.44.22:164][852]LogModuleManager: Shutting down and abandoning module MessageLog (76)
[2017.04.20-20.44.22:164][852]LogModuleManager: Shutting down and abandoning module AssetTools (75)
[2017.04.20-20.44.22:164][852]LogModuleManager: Shutting down and abandoning module UMGEditor (74)
[2017.04.20-20.44.22:164][852]LogModuleManager: Shutting down and abandoning module UMG (73)
[2017.04.20-20.44.22:165][852]LogModuleManager: Shutting down and abandoning module SlateReflector (72)
[2017.04.20-20.44.22:165][852]LogModuleManager: Shutting down and abandoning module Slate (71)
[2017.04.20-20.44.22:165][852]LogModuleManager: Shutting down and abandoning module EditorStyle (70)
[2017.04.20-20.44.22:171][852]LogModuleManager: Shutting down and abandoning module SourceCodeAccess (69)
[2017.04.20-20.44.22:172][852]LogModuleManager: Shutting down and abandoning module HeadMountedDisplay (68)
[2017.04.20-20.44.22:172][852]LogModuleManager: Shutting down and abandoning module XAudio2 (67)
[2017.04.20-20.44.22:172][852]LogModuleManager: Shutting down and abandoning module Networking (65)
[2017.04.20-20.44.22:172][852]LogModuleManager: Shutting down and abandoning module Core (64)
[2017.04.20-20.44.22:172][852]LogModuleManager: Shutting down and abandoning module DirectoryWatcher (63)
[2017.04.20-20.44.22:174][852]LogModuleManager: Shutting down and abandoning module AssetRegistry (62)
[2017.04.20-20.44.22:260][852]LogModuleManager: Shutting down and abandoning module KismetCompiler (61)
[2017.04.20-20.44.22:260][852]LogModuleManager: Shutting down and abandoning module PhysXFormats (60)
[2017.04.20-20.44.22:260][852]LogModuleManager: Shutting down and abandoning module MeshUtilities (59)
[2017.04.20-20.44.22:260][852]LogModuleManager: Shutting down and abandoning module DerivedDataCache (58)
[2017.04.20-20.44.22:487][852]LogDerivedDataCache: Shutdown
[2017.04.20-20.44.22:487][852]LogModuleManager: Shutting down and abandoning module VulkanShaderFormat (57)
[2017.04.20-20.44.22:487][852]LogModuleManager: Shutting down and abandoning module ShaderFormatOpenGL (56)
[2017.04.20-20.44.22:488][852]LogModuleManager: Shutting down and abandoning module ShaderFormatD3D (55)
[2017.04.20-20.44.22:488][852]LogModuleManager: Shutting down and abandoning module MetalShaderFormat (54)
[2017.04.20-20.44.22:488][852]LogModuleManager: Shutting down and abandoning module TextureFormatUncompressed (53)
[2017.04.20-20.44.22:488][852]LogModuleManager: Shutting down and abandoning module TextureFormatPVR (52)
[2017.04.20-20.44.22:488][852]LogModuleManager: Shutting down and abandoning module TextureFormatIntelISPCTexComp (51)
[2017.04.20-20.44.22:488][852]LogModuleManager: Shutting down and abandoning module TextureFormatDXT (50)
[2017.04.20-20.44.22:488][852]LogModuleManager: Shutting down and abandoning module ImageWrapper (49)
[2017.04.20-20.44.22:488][852]LogModuleManager: Shutting down and abandoning module TextureFormatASTC (48)
[2017.04.20-20.44.22:488][852]LogModuleManager: Shutting down and abandoning module TextureFormatAndroid (47)
[2017.04.20-20.44.22:488][852]LogModuleManager: Shutting down and abandoning module AudioFormatOpus (46)
[2017.04.20-20.44.22:488][852]LogModuleManager: Shutting down and abandoning module AudioFormatOgg (45)
[2017.04.20-20.44.22:488][852]LogModuleManager: Shutting down and abandoning module AudioFormatADPCM (44)
[2017.04.20-20.44.22:488][852]LogModuleManager: Shutting down and abandoning module LinuxTargetPlatform (43)
[2017.04.20-20.44.22:488][852]LogModuleManager: Shutting down and abandoning module LinuxServerTargetPlatform (42)
[2017.04.20-20.44.22:488][852]LogModuleManager: Shutting down and abandoning module LinuxNoEditorTargetPlatform (41)
[2017.04.20-20.44.22:488][852]LogModuleManager: Shutting down and abandoning module TVOSTargetPlatform (40)
[2017.04.20-20.44.22:488][852]LogModuleManager: Shutting down and abandoning module Messaging (39)
[2017.04.20-20.44.22:488][852]LogModuleManager: Shutting down and abandoning module IOSTargetPlatform (38)
[2017.04.20-20.44.22:488][852]LogModuleManager: Shutting down and abandoning module HTML5TargetPlatform (37)
[2017.04.20-20.44.22:488][852]LogModuleManager: Shutting down and abandoning module Android_PVRTCTargetPlatform (36)
[2017.04.20-20.44.22:488][852]LogModuleManager: Shutting down and abandoning module Android_MultiTargetPlatform (35)
[2017.04.20-20.44.22:488][852]LogModuleManager: Shutting down and abandoning module Android_ETC2TargetPlatform (34)
[2017.04.20-20.44.22:488][852]LogModuleManager: Shutting down and abandoning module Android_ETC1TargetPlatform (33)
[2017.04.20-20.44.22:488][852]LogModuleManager: Shutting down and abandoning module Android_DXTTargetPlatform (32)
[2017.04.20-20.44.22:488][852]LogModuleManager: Shutting down and abandoning module Android_ATCTargetPlatform (31)
[2017.04.20-20.44.22:488][852]LogModuleManager: Shutting down and abandoning module Android_ASTCTargetPlatform (30)
[2017.04.20-20.44.22:488][852]LogModuleManager: Shutting down and abandoning module AndroidTargetPlatform (29)
[2017.04.20-20.44.22:488][852]LogModuleManager: Shutting down and abandoning module WindowsTargetPlatform (28)
[2017.04.20-20.44.22:488][852]LogModuleManager: Shutting down and abandoning module WindowsServerTargetPlatform (27)
[2017.04.20-20.44.22:488][852]LogModuleManager: Shutting down and abandoning module WindowsNoEditorTargetPlatform (26)
[2017.04.20-20.44.22:488][852]LogModuleManager: Shutting down and abandoning module WindowsClientTargetPlatform (25)
[2017.04.20-20.44.22:488][852]LogModuleManager: Shutting down and abandoning module AllDesktopTargetPlatform (24)
[2017.04.20-20.44.22:488][852]LogModuleManager: Shutting down and abandoning module TargetPlatform (23)
[2017.04.20-20.44.22:488][852]LogModuleManager: Shutting down and abandoning module InputCore (22)
[2017.04.20-20.44.22:488][852]LogModuleManager: Shutting down and abandoning module Settings (21)
[2017.04.20-20.44.22:488][852]LogModuleManager: Shutting down and abandoning module OnlineSubsystem (19)
[2017.04.20-20.44.22:488][852]LogModuleManager: Shutting down and abandoning module HTTP (18)
[2017.04.20-20.44.23:991][852]LogModuleManager: Shutting down and abandoning module XMPP (17)
[2017.04.20-20.44.23:991][852]LogModuleManager: Shutting down and abandoning module OculusRift (16)
[2017.04.20-20.44.23:991][852]LogModuleManager: Shutting down and abandoning module ExampleDeviceProfileSelector (15)
[2017.04.20-20.44.23:991][852]LogModuleManager: Shutting down and abandoning module TextureCompressor (14)
[2017.04.20-20.44.23:991][852]LogModuleManager: Shutting down and abandoning module ShaderCore (13)
[2017.04.20-20.44.23:991][852]LogModuleManager: Shutting down and abandoning module Landscape (12)
[2017.04.20-20.44.23:991][852]LogModuleManager: Shutting down and abandoning module SlateRHIRenderer (11)
[2017.04.20-20.44.23:992][852]LogModuleManager: Shutting down and abandoning module OpenGLDrv (10)
[2017.04.20-20.44.23:992][852]LogModuleManager: Shutting down and abandoning module D3D11RHI (9)
[2017.04.20-20.44.23:992][852]LogModuleManager: Shutting down and abandoning module AnimGraphRuntime (8)
[2017.04.20-20.44.23:992][852]LogModuleManager: Shutting down and abandoning module Renderer (7)
[2017.04.20-20.44.23:992][852]LogModuleManager: Shutting down and abandoning module Engine (6)
[2017.04.20-20.44.23:992][852]LogModuleManager: Shutting down and abandoning module CoreUObject (5)
[2017.04.20-20.44.23:992][852]LogModuleManager: Shutting down and abandoning module NetworkFile (4)
[2017.04.20-20.44.23:992][852]LogModuleManager: Shutting down and abandoning module StreamingFile (3)
[2017.04.20-20.44.23:992][852]LogModuleManager: Shutting down and abandoning module SandboxFile (2)
[2017.04.20-20.44.23:992][852]LogModuleManager: Shutting down and abandoning module PakFile (1)
[2017.04.20-20.44.23:994][852]LogExit: Exiting.
[2017.04.20-20.44.23:996][852]Log file closed, 04/20/17 16:44:23
