Log file open, 04/13/17 08:24:45
LogInit:Display: Running engine for game: Game
LogPlatformFile: Not using cached read wrapper
LogInit:Display: RandInit(-861995923) SRandInit(-861995920).
LogTaskGraph: Started task graph with 4 named threads and 7 total threads with 1 sets of task threads.
LogStats: Stats thread started at 0.203976
LogInit: Version: 4.12.5-3039270+++UE4+Release-4.12
LogInit: API Version: 2992821
LogInit: Net Version: 3039270
LogDevObjectVersion: Number of dev versions registered: 13
LogDevObjectVersion:   Dev-Blueprints (B0D832E4-1F89-4F0D-ACCF-7EB736FD4AA2): 3
LogDevObjectVersion:   Dev-Build (E1C64328-A22C-4D53-A36C-8E866417BD8C): 0
LogDevObjectVersion:   Dev-Core (375EC13C-06E4-48FB-B500-84F0262A717E): 1
LogDevObjectVersion:   Dev-Editor (E4B068ED-F494-42E9-A231-DA0B2E46BB41): 2
LogDevObjectVersion:   Dev-Framework (CFFC743F-43B0-4480-9391-14DF171D2073): 6
LogDevObjectVersion:   Dev-Mobile (B02B49B5-BB20-44E9-A304-32B752E40360): 0
LogDevObjectVersion:   Dev-Networking (A4E4105C-59A1-49B5-A7C5-40C4547EDFEE): 0
LogDevObjectVersion:   Dev-Online (39C831C9-5AE6-47DC-9A44-9C173E1C8E7C): 0
LogDevObjectVersion:   Dev-Physics (78F01B33-EBEA-4F98-B9B4-84EACCB95AA2): 0
LogDevObjectVersion:   Dev-Platform (6631380F-2D4D-43E0-8009-CF276956A95A): 0
LogDevObjectVersion:   Dev-Rendering (12F88B9F-8875-4AFC-A67C-D90C383ABD29): 2
LogDevObjectVersion:   Dev-Sequencer (7B5AE74C-D270-4C10-A958-57980B212A5A): 0
LogDevObjectVersion:   Dev-VR (D7296918-1DD6-4BDD-9DE2-64A83CC13884): 0
LogInit: Compiled (64-bit): Jul  6 2016 09:09:46
LogInit: Compiled with Visual C++: 19.00.23026.00
LogInit: Build Configuration: Development
LogInit: Branch Name: ++UE4+Release-4.12
LogInit: Command line:  
LogInit: Base directory: E:/New folder/Paragon/UE_4.12/Engine/Binaries/Win64/
LogInit: Installed Engine Build: 1
LogInit: Using libcurl 7.41.0
LogInit:  - built for x86_64-pc-win32
LogInit:  - supports SSL with WinSSL
LogInit:  - other features:
LogInit:      CURL_VERSION_SSL
LogInit:      CURL_VERSION_IPV6
LogInit:      CURL_VERSION_ASYNCHDNS
LogInit:      CURL_VERSION_LARGEFILE
LogInit:      CURL_VERSION_IDN
LogInit:  CurlRequestOptions (configurable via config and command line):
LogInit:  - bVerifyPeer = true  - Libcurl will verify peer certificate
LogInit:  - bUseHttpProxy = false  - Libcurl will NOT use HTTP proxy
LogInit:  - bDontReuseConnections = false  - Libcurl will reuse connections
LogInit:  - CertBundlePath = nullptr  - Libcurl will use whatever was configured at build time.
LogInit: Presizing for max 8388607 objects, including 0 objects not considered by GC, pre-allocating 0 bytes for permanent pool.
LogInit: Object subsystem initialized
[2017.04.13-12.24.46:872][  0]LogInit: Selected Device Profile: [Windows]
[2017.04.13-12.24.46:872][  0]LogInit: Applying CVar settings loaded from the selected device profile: [Windows]
[2017.04.13-12.24.46:991][  0]LogInit: Computer: DESKTOP-JAT82AM
[2017.04.13-12.24.46:992][  0]LogInit: User: Alex
[2017.04.13-12.24.46:992][  0]LogInit: CPU Page size=65536, Cores=4
[2017.04.13-12.24.46:992][  0]LogInit: High frequency timer resolution =3.906245 MHz
[2017.04.13-12.24.47:001][  0]LogMemory: Memory total: Physical=15.9GB (16GB approx)
[2017.04.13-12.24.47:004][  0]LogMemory: Platform Memory Stats for Windows
[2017.04.13-12.24.47:004][  0]LogMemory: Process Physical Memory: 192.84 MB used, 192.84 MB peak
[2017.04.13-12.24.47:004][  0]LogMemory: Process Virtual Memory: 195.29 MB used, 195.29 MB peak
[2017.04.13-12.24.47:004][  0]LogMemory: Physical Memory: 3607.82 MB used, 16332.62 MB total
[2017.04.13-12.24.47:004][  0]LogMemory: Virtual Memory: 573.61 MB used, 134217728.00 MB total
[2017.04.13-12.24.48:245][  0]LogTextLocalizationManager: No specific translations for ('en-US') exist, so ('en') translations will be used.
[2017.04.13-12.24.49:350][  0]LogD3D11RHI: D3D11 adapters:
[2017.04.13-12.24.49:413][  0]LogD3D11RHI:    0. 'AMD Radeon R9 200 Series' (Feature Level 11_0)
[2017.04.13-12.24.49:413][  0]LogD3D11RHI:       4073/0/8166 MB DedicatedVideo/DedicatedSystem/SharedSystem, Outputs:1, VendorId:0x1002
[2017.04.13-12.24.49:418][  0]LogD3D11RHI:    1. 'Microsoft Basic Render Driver' (Feature Level 11_0)
[2017.04.13-12.24.49:418][  0]LogD3D11RHI:       0/0/8166 MB DedicatedVideo/DedicatedSystem/SharedSystem, Outputs:0, VendorId:0x1414
[2017.04.13-12.24.49:418][  0]LogD3D11RHI: Chosen D3D11 Adapter: 0
[2017.04.13-12.24.49:432][  0]LogD3D11RHI: Creating new Direct3DDevice
[2017.04.13-12.24.49:432][  0]LogD3D11RHI:     GPU DeviceId: 0x67b0 (for the marketing name, search the web for "GPU Device Id")
[2017.04.13-12.24.49:433][  0]LogWindows: EnumDisplayDevices:
[2017.04.13-12.24.49:433][  0]LogWindows:    0. 'AMD Radeon R9 200 Series' (P:1 D:1)
[2017.04.13-12.24.49:434][  0]LogWindows:    1. 'AMD Radeon R9 200 Series' (P:0 D:0)
[2017.04.13-12.24.49:435][  0]LogWindows:    2. 'AMD Radeon R9 200 Series' (P:0 D:0)
[2017.04.13-12.24.49:436][  0]LogWindows:    3. 'AMD Radeon R9 200 Series' (P:0 D:0)
[2017.04.13-12.24.49:436][  0]LogWindows:    4. 'AMD Radeon R9 200 Series' (P:0 D:0)
[2017.04.13-12.24.49:437][  0]LogWindows:    5. 'AMD Radeon R9 200 Series' (P:0 D:0)
[2017.04.13-12.24.49:438][  0]LogWindows: DebugString: FoundDriverCount:6 
[2017.04.13-12.24.49:438][  0]LogD3D11RHI:     Adapter Name: AMD Radeon R9 200 Series
[2017.04.13-12.24.49:438][  0]LogD3D11RHI:   Driver Version: Crimson ReLive 17.1.1 (internal:21.19.411.0, unified:21.19.411.0)
[2017.04.13-12.24.49:438][  0]LogD3D11RHI:      Driver Date: 1-13-2017
[2017.04.13-12.24.49:438][  0]LogRHI: Texture pool is 1361 MB (70% of 1945 MB)
[2017.04.13-12.24.49:457][  0]LogD3D11RHI: Async texture creation disabled: no driver support
[2017.04.13-12.24.49:783][  0]LogD3D11RHI: GPU Timing Frequency: 27.000000 (Debug: 2 1)
[2017.04.13-12.24.49:867][  0]LogShaderCompilers: Guid format shader working directory is 7 characters bigger than the processId version (C:/Users/Alex/Desktop/Gith/CGT445/Game/Intermediate/Shaders/WorkingDirectory/4412/).
[2017.04.13-12.24.49:867][  0]LogShaderCompilers: Cleaned the shader compiler working directory 'C:/Users/Alex/AppData/Local/Temp/UnrealShaderWorkingDir/787B11F9453B797E3C9DD1A9616EF94D/'.
[2017.04.13-12.24.49:868][  0]LogShaderCompilers:Display: Using Local Shader Compiler.
[2017.04.13-12.24.53:883][  0]LogTemp:Display: Loaded TP AllDesktopTargetPlatform
[2017.04.13-12.24.53:916][  0]LogTemp:Display: Loaded TP WindowsClientTargetPlatform
[2017.04.13-12.24.53:948][  0]LogTemp:Display: Loaded TP WindowsNoEditorTargetPlatform
[2017.04.13-12.24.53:961][  0]LogTemp:Display: Loaded TP WindowsServerTargetPlatform
[2017.04.13-12.24.53:972][  0]LogTemp:Display: Loaded TP WindowsTargetPlatform
[2017.04.13-12.24.53:992][  0]LogTemp:Display: Loaded TP AndroidTargetPlatform
[2017.04.13-12.24.53:998][  0]LogTemp:Display: Loaded TP Android_ASTCTargetPlatform
[2017.04.13-12.24.54:004][  0]LogTemp:Display: Loaded TP Android_ATCTargetPlatform
[2017.04.13-12.24.54:010][  0]LogTemp:Display: Loaded TP Android_DXTTargetPlatform
[2017.04.13-12.24.54:016][  0]LogTemp:Display: Loaded TP Android_ETC1TargetPlatform
[2017.04.13-12.24.54:030][  0]LogTemp:Display: Loaded TP Android_ETC2TargetPlatform
[2017.04.13-12.24.54:049][  0]LogTemp:Display: Loaded TP Android_MultiTargetPlatform
[2017.04.13-12.24.54:049][  0]LogTemp:Display: Loaded TP Android_PVRTCTargetPlatform
[2017.04.13-12.24.54:050][  0]LogTemp:Display: Loaded TP HTML5TargetPlatform
[2017.04.13-12.24.54:192][  0]LogTemp:Display: Loaded TP IOSTargetPlatform
[2017.04.13-12.24.54:209][  0]LogTemp:Display: Loaded TP TVOSTargetPlatform
[2017.04.13-12.24.54:223][  0]LogTemp:Display: Loaded TP LinuxNoEditorTargetPlatform
[2017.04.13-12.24.54:231][  0]LogTemp:Display: Loaded TP LinuxServerTargetPlatform
[2017.04.13-12.24.54:279][  0]LogTemp:Display: Loaded TP LinuxTargetPlatform
[2017.04.13-12.24.54:279][  0]LogTargetPlatformManager:Display: Building Assets For Windows
[2017.04.13-12.24.55:264][  0]LogDerivedDataCache:Display: Max Cache Size: 512 MB
[2017.04.13-12.24.55:685][  0]LogDerivedDataCache: Loaded boot cache 0.42s 48MB C:/Users/Alex/AppData/Local/UnrealEngine/4.12/DerivedDataCache/Boot.ddc.
[2017.04.13-12.24.55:685][  0]LogDerivedDataCache:Display: Loaded Boot cache: C:/Users/Alex/AppData/Local/UnrealEngine/4.12/DerivedDataCache/Boot.ddc
[2017.04.13-12.24.55:686][  0]LogDerivedDataCache: FDerivedDataBackendGraph:  Pak pak cache file C:/Users/Alex/Desktop/Gith/CGT445/Game/DerivedDataCache/DDC.ddp not found, will not use a pak cache.
[2017.04.13-12.24.55:686][  0]LogDerivedDataCache: Unable to find inner node Pak for hierarchical cache Hierarchy.
[2017.04.13-12.24.55:686][  0]LogDerivedDataCache: FDerivedDataBackendGraph:  CompressedPak pak cache file C:/Users/Alex/Desktop/Gith/CGT445/Game/DerivedDataCache/Compressed.ddp not found, will not use a pak cache.
[2017.04.13-12.24.55:686][  0]LogDerivedDataCache: Unable to find inner node CompressedPak for hierarchical cache Hierarchy.
[2017.04.13-12.24.55:796][  0]LogDerivedDataCache:Display: Pak cache opened for reading ../../../Engine/DerivedDataCache/Compressed.ddp.
[2017.04.13-12.24.55:809][  0]LogDerivedDataCache: Using Local data cache path C:/Users/Alex/AppData/Local/UnrealEngine/Common/DerivedDataCache: Writable
[2017.04.13-12.25.08:502][  0]LogInit: Selected Device Profile: [Windows]
[2017.04.13-12.25.08:584][  0]LogContentStreaming: Texture pool size is 0.00 MB
[2017.04.13-12.25.11:298][  0]LogMeshUtilities: No automatic mesh reduction module available
[2017.04.13-12.25.11:298][  0]LogMeshUtilities: No automatic mesh merging module available
[2017.04.13-12.25.11:298][  0]LogMeshUtilities: No distributed automatic mesh merging module available
[2017.04.13-12.25.15:707][  0]LogAssetRegistry: FAssetRegistry took 0.0263 seconds to start up
[2017.04.13-12.25.16:038][  0]LogPackageLocalizationCache: Processed 3 localized package path(s) for 2 prioritized culture(s) in 0.199348 seconds
[2017.04.13-12.25.16:087][  0]LogUObjectArray: 28739 objects as part of root set at end of initial load.
[2017.04.13-12.25.16:087][  0]LogUObjectAllocator: 5855632 out of 0 bytes used by permanent object pool.
[2017.04.13-12.25.16:087][  0]LogUObjectArray: CloseDisregardForGC: 0/0 objects in disregard for GC pool
[2017.04.13-12.25.16:155][  0]LogInit: WinSock: version 1.1 (2.2), MaxSocks=32767, MaxUdp=65467
[2017.04.13-12.25.21:077][  0]LogSlate: SlateFontCache - WITH_FREETYPE: 1, WITH_HARFBUZZ: 1
[2017.04.13-12.25.21:078][  0]LogSlate: SlateFontCache - WITH_FREETYPE: 1, WITH_HARFBUZZ: 1
[2017.04.13-12.25.36:227][  0]LogUdpMessaging: Initializing bridge on interface 0.0.0.0:0 to multicast group 230.0.0.1:6666.
[2017.04.13-12.25.37:871][  0]SourceControl: Info Source control is disabled
[2017.04.13-12.25.37:886][  0]SourceControl: Info Source control is disabled
[2017.04.13-12.25.37:926][  0]SourceControl: Info Source control is disabled
[2017.04.13-12.25.37:979][  0]SourceControl: Info Source control is disabled
[2017.04.13-12.25.39:853][  0]LogEngine: Initializing Engine...
[2017.04.13-12.25.39:951][  0]LogHMD: SteamVR failed to initialize.  Err: 110
[2017.04.13-12.25.39:952][  0]LogHMD: SteamVR failed to initialize.  Err: 110
[2017.04.13-12.25.41:067][  0]LogAIModule: Creating AISystem for world NewWorld
[2017.04.13-12.25.41:183][  0]LogInit: XAudio2 using 'Speakers (Realtek High Definition Audio)' : 2 channels at 48 kHz using 32 bits per sample (channel mask 0x3)
[2017.04.13-12.25.41:242][  0]LogInit: FAudioDevice initialized.
[2017.04.13-12.25.41:266][  0]LogDerivedDataCache: Saved boot cache 0.02s 48MB C:/Users/Alex/AppData/Local/UnrealEngine/4.12/DerivedDataCache/Boot.ddc.
[2017.04.13-12.25.41:271][  0]LogInit: Texture streaming: Enabled
[2017.04.13-12.25.41:772][  0]LogInit: Transaction tracking system initialized
[2017.04.13-12.25.43:022][  0]BlueprintLog: New page: Editor Load
[2017.04.13-12.25.44:706][  0]LocalizationService: Info Localization service is disabled
[2017.04.13-12.25.45:963][  0]LogConsoleResponse:Display: 
[2017.04.13-12.25.49:724][  0]LogFileCache: Scanning file cache for directory 'C:/Users/Alex/Desktop/Gith/CGT445/Game/Content/' took 0.04s
[2017.04.13-12.25.49:724][  0]LogCook:Display: Max memory allowance for cook 8192mb
[2017.04.13-12.25.49:724][  0]LogCook:Display: Mobile HDR setting 1
[2017.04.13-12.25.53:206][  0]SourceControl: Info Source control is disabled
[2017.04.13-12.25.53:334][  0]Cmd: MAP LOAD FILE="C:/Users/Alex/Desktop/Gith/CGT445/Game/Content/FirstPersonBP/Maps/FirstPersonExampleMap.umap" TEMPLATE=0 SHOWPROGRESS=1 FEATURELEVEL=3
[2017.04.13-12.25.53:456][  0]LightingResults: New page: Lighting Build
[2017.04.13-12.25.53:841][  0]MapCheck: New page: Map Check
[2017.04.13-12.25.53:841][  0]LightingResults: New page: Lighting Build
[2017.04.13-12.26.01:928][  0]LogAIModule: Creating AISystem for world FirstPersonExampleMap
[2017.04.13-12.26.03:156][  0]LogEditorServer: Finished looking for orphan Actors (0.000 secs)
[2017.04.13-12.26.03:196][  0]Cmd: MAP CHECKDEP NOCLEARLOG
[2017.04.13-12.26.03:339][  0]MapCheck: Info Map check complete: 0 Error(s), 0 Warning(s), took 142.992ms to complete.
[2017.04.13-12.26.03:339][  0]LogFileHelpers: Loading map 'FirstPersonExampleMap' took 10.070
[2017.04.13-12.26.05:457][  0]LogCollectionManager: Loaded 0 collections in 0.037947 seconds
[2017.04.13-12.26.05:726][  0]LogFileCache: Scanning file cache for directory 'C:/Users/Alex/Desktop/Gith/CGT445/Game/Saved/Collections/' took 0.01s
[2017.04.13-12.26.05:726][  0]LogFileCache: Scanning file cache for directory 'C:/Users/Alex/Desktop/Gith/CGT445/Game/Content/Developers/Alex/Collections/' took 0.01s
[2017.04.13-12.26.05:726][  0]LogFileCache: Scanning file cache for directory 'C:/Users/Alex/Desktop/Gith/CGT445/Game/Content/Collections/' took 0.01s
[2017.04.13-12.26.05:726][  0]LogCollectionManager: Rebuilt the GUID cache for 0 collections in 0.000002 seconds
[2017.04.13-12.26.05:734][  0]LogContentBrowser: Native class hierarchy populated in 0.0064 seconds. Added 2047 classes and 369 folders.
[2017.04.13-12.26.05:777][  0]LogStats: UGameplayTagsManager::ConstructGameplayTagTree: Construct from data asset -  0.000 s
[2017.04.13-12.26.05:794][  0]LogStats: UGameplayTagsManager::ConstructGameplayTagTree: GameplayTagTreeChangedEvent.Broadcast -  0.016 s
[2017.04.13-12.26.05:796][  0]LogContentBrowser: Native class hierarchy updated for 'GameplayTags' in 0.0015 seconds. Added 12 classes and 0 folders.
[2017.04.13-12.26.05:832][  0]LogContentBrowser: Native class hierarchy updated for 'WidgetCarousel' in 0.0012 seconds. Added 0 classes and 0 folders.
[2017.04.13-12.26.08:767][  0]LogContentBrowser: Native class hierarchy updated for 'AddContentDialog' in 0.0014 seconds. Added 0 classes and 0 folders.
[2017.04.13-12.26.09:114][  0]LogContentBrowser: Native class hierarchy updated for 'SceneOutliner' in 0.0008 seconds. Added 1 classes and 2 folders.
[2017.04.13-12.26.11:694][  0]LogCrashTracker: Crashtracker disabled due to settings.
[2017.04.13-12.26.12:145][  0]LogUObjectGlobals:Warning: Failed to find object 'Class None.'
[2017.04.13-12.26.12:334][  0]LogContentBrowser: Native class hierarchy updated for 'HierarchicalLODOutliner' in 0.0005 seconds. Added 1 classes and 2 folders.
[2017.04.13-12.26.12:334][  0]LogLoad: Full Startup: 109.67 seconds (BP compile: 1.52 seconds)
[2017.04.13-12.26.12:334][  0]LogExternalProfiler: No external profilers were discovered.  External profiling features will not be available.
[2017.04.13-12.26.12:372][  0]LogOcInput: OculusInput pre-init called
[2017.04.13-12.26.12:680][  0]LogContentStreaming: Texture pool size now 1000 MB
[2017.04.13-12.26.14:024][  0]LogRenderer: Reallocating scene render targets to support 952x576 (Frame:2).
[2017.04.13-12.26.14:714][  4]LogAssetRegistry: Asset discovery search completed in 59.0310 seconds
[2017.04.13-12.26.14:722][  4]LogCollectionManager: Rebuilt the object cache for 0 collections in 0.000001 seconds (found 0 objects)
[2017.04.13-12.26.14:722][  4]LogCollectionManager: Fixed up redirectors for 0 collections in 0.007526 seconds (updated 0 objects)
[2017.04.13-12.26.30:172][776]Cmd: MAP LOAD FILE="C:/Users/Alex/Desktop/Gith/CGT445/Game/Content/Maps/BarebonesCafeteria.umap" TEMPLATE=0 SHOWPROGRESS=1 FEATURELEVEL=3
[2017.04.13-12.26.30:195][776]LightingResults: New page: Lighting Build
[2017.04.13-12.26.30:197][776]LoadErrors: New page: Loading map: BarebonesCafeteria.umap
[2017.04.13-12.26.30:199][776]MapCheck: New page: Map Check
[2017.04.13-12.26.30:199][776]LightingResults: New page: Lighting Build
[2017.04.13-12.26.30:314][776]LogLinker:Warning: Can't find file '/Game/Exported_content/New_folder/RevolverSkin'
[2017.04.13-12.26.30:315][776]LogLinker:Warning: Can't find file for asset '/Game/Exported_content/New_folder/RevolverSkin' while loading C:/Users/Alex/Desktop/Gith/CGT445/Game/Content/Exported_content/New_folder/RevolverSkin_Mat.uasset.
[2017.04.13-12.26.30:315][776]LoadErrors:Error: Error /Game/Exported_content/New_folder/RevolverSkin_Mat : Can't find file for asset. /Game/Exported_content/New_folder/RevolverSkin
[2017.04.13-12.26.30:315][776]LogLinker:Warning: Can't find file '/Game/Exported_content/New_folder/RevolverSkin'
[2017.04.13-12.26.30:315][776]LogLinker:Warning: Can't find file for asset '/Game/Exported_content/New_folder/RevolverSkin' while loading C:/Users/Alex/Desktop/Gith/CGT445/Game/Content/Exported_content/New_folder/RevolverSkin_Mat.uasset.
[2017.04.13-12.26.30:584][776]LogLinker:Warning: Can't find file '/Game/Exported_content/New_folder/RevolverSkin'
[2017.04.13-12.26.30:584][776]LoadErrors: Info Failed to load /Game/Exported_content/New_folder/RevolverSkin.RevolverSkin Referenced by MaterialExpressionTextureSample_0
[2017.04.13-12.26.30:585][776]LogLinker:Warning: Can't find file for asset '/Game/Exported_content/New_folder/RevolverSkin' while loading NULL.
[2017.04.13-12.26.30:851][776]LogTexture:Display: Building textures: HQ_Lightmap1_1 (AutoDXT)
[2017.04.13-12.26.31:052][776]LogTexture:Display: Building textures: HQ_Lightmap1_2 (AutoDXT)
[2017.04.13-12.26.31:053][776]LogTexture:Display: Building textures: HQ_Lightmap1_3 (AutoDXT)
[2017.04.13-12.26.31:113][776]LogMaterial: Missing cached shader map for material RevolverSkin_Mat, compiling. 
[2017.04.13-12.26.31:133][776]LogMaterial:Warning: Failed to compile Material /Game/Exported_content/New_folder/RevolverSkin_Mat.RevolverSkin_Mat for platform PCD3D_SM5, Default Material will be used in game.
[2017.04.13-12.26.31:133][776]LogMaterial:Warning: 	(Node TextureSample) TextureSample> Missing input texture
[2017.04.13-12.26.31:219][776]LogAIModule: Creating AISystem for world BarebonesCafeteria
[2017.04.13-12.26.31:382][776]LogEditorServer: Finished looking for orphan Actors (0.000 secs)
[2017.04.13-12.26.31:511][776]Cmd: MAP CHECKDEP NOCLEARLOG
[2017.04.13-12.26.31:576][776]MapCheck: Info Map check complete: 0 Error(s), 0 Warning(s), took 65.019ms to complete.
[2017.04.13-12.26.31:576][776]LogFileHelpers: Loading map 'BarebonesCafeteria' took 1.429
[2017.04.13-12.27.23:720][408]LogPlayLevel: PlayLevel: No blueprints needed recompiling
[2017.04.13-12.27.23:745][408]PIE: New page: PIE session: BarebonesCafeteria (Apr 13, 2017, 3:27:23 AM)
[2017.04.13-12.27.23:745][408]LogPlayLevel: Creating play world package: /Game/Maps/UEDPIE_0_BarebonesCafeteria
[2017.04.13-12.27.23:760][408]LogPlayLevel: PIE: StaticDuplicateObject took: (0.014581s)
[2017.04.13-12.27.23:761][408]LogAIModule: Creating AISystem for world BarebonesCafeteria
[2017.04.13-12.27.23:761][408]LogPlayLevel: PIE: World Init took: (0.001140s)
[2017.04.13-12.27.23:761][408]LogPlayLevel: PIE: Created PIE world by copying editor world from /Game/Maps/BarebonesCafeteria.BarebonesCafeteria to /Game/Maps/UEDPIE_0_BarebonesCafeteria.BarebonesCafeteria (0.015937s)
[2017.04.13-12.27.23:780][408]LogInit: XAudio2 using 'Speakers (Realtek High Definition Audio)' : 2 channels at 48 kHz using 32 bits per sample (channel mask 0x3)
[2017.04.13-12.27.23:787][408]LogInit: FAudioDevice initialized.
[2017.04.13-12.27.23:966][408]LogWorld: Game class is 'FoodFightersGM_C'
[2017.04.13-12.27.24:045][408]LogWorld: Bringing World /Game/Maps/UEDPIE_0_BarebonesCafeteria.BarebonesCafeteria up for play (max tick rate 0) at 2017.04.13-08.27.24
[2017.04.13-12.27.24:055][408]LogWorld: Bringing up level for play took: 0.027859
[2017.04.13-12.27.24:114][408]LogContentBrowser: Native class hierarchy updated for 'MovieSceneCapture' in 0.0015 seconds. Added 11 classes and 0 folders.
[2017.04.13-12.27.24:231][408]LogPlayerManagement:Error: Failed to Create Player: A local player already exists for controller ID 0,
[2017.04.13-12.27.24:288][408]PIE: Info Play in editor start time for /Game/Maps/UEDPIE_0_BarebonesCafeteria 0.009
[2017.04.13-12.27.41:976][459]LogPlayLevel: PlayLevel: No blueprints needed recompiling
[2017.04.13-12.27.41:976][459]PIE: New page: PIE session: BarebonesCafeteria (Apr 13, 2017, 3:27:41 AM)
[2017.04.13-12.27.41:977][459]LogPlayLevel: Creating play world package: /Game/Maps/UEDPIE_0_BarebonesCafeteria
[2017.04.13-12.27.41:982][459]LogPlayLevel: PIE: StaticDuplicateObject took: (0.005326s)
[2017.04.13-12.27.41:982][459]LogAIModule: Creating AISystem for world BarebonesCafeteria
[2017.04.13-12.27.41:982][459]LogPlayLevel: PIE: World Init took: (0.000580s)
[2017.04.13-12.27.41:983][459]LogPlayLevel: PIE: Created PIE world by copying editor world from /Game/Maps/BarebonesCafeteria.BarebonesCafeteria to /Game/Maps/UEDPIE_0_BarebonesCafeteria.BarebonesCafeteria (0.006094s)
[2017.04.13-12.27.41:994][459]LogInit: XAudio2 using 'Speakers (Realtek High Definition Audio)' : 2 channels at 48 kHz using 32 bits per sample (channel mask 0x3)
[2017.04.13-12.27.42:002][459]LogInit: FAudioDevice initialized.
[2017.04.13-12.27.42:049][459]LogWorld: Game class is 'FoodFightersGM_C'
[2017.04.13-12.27.42:055][459]LogWorld: Bringing World /Game/Maps/UEDPIE_0_BarebonesCafeteria.BarebonesCafeteria up for play (max tick rate 0) at 2017.04.13-08.27.42
[2017.04.13-12.27.42:055][459]LogWorld: Bringing up level for play took: 0.004398
[2017.04.13-12.27.42:057][459]LogPlayerManagement:Error: Failed to Create Player: A local player already exists for controller ID 0,
[2017.04.13-12.27.42:060][459]PIE: Info Play in editor start time for /Game/Maps/UEDPIE_0_BarebonesCafeteria -0.22
[2017.04.13-12.28.44:077][829]LogScript:Warning: Attempted to access FoodFightersChar_C_1 via property My Character, but FoodFightersChar_C_1 is pending kill
	HUDP2_C /Engine/Transient.UnrealEdEngine_0:FoodFightersGI_C_1.HUDP2_C_1
	Function /Game/UI/HUDP2.HUDP2_C:ExecuteUbergraph_HUDP2:00F6
[2017.04.13-12.28.44:082][830]LogScript:Warning: Attempted to access FoodFightersChar_C_1 via property My Character, but FoodFightersChar_C_1 is pending kill
	HUDP2_C /Engine/Transient.UnrealEdEngine_0:FoodFightersGI_C_1.HUDP2_C_1
	Function /Game/UI/HUDP2.HUDP2_C:ExecuteUbergraph_HUDP2:00F6
[2017.04.13-12.28.44:090][831]LogScript:Warning: Attempted to access FoodFightersChar_C_1 via property My Character, but FoodFightersChar_C_1 is pending kill
	HUDP2_C /Engine/Transient.UnrealEdEngine_0:FoodFightersGI_C_1.HUDP2_C_1
	Function /Game/UI/HUDP2.HUDP2_C:ExecuteUbergraph_HUDP2:00F6
[2017.04.13-12.28.44:099][832]LogScript:Warning: Attempted to access FoodFightersChar_C_1 via property My Character, but FoodFightersChar_C_1 is pending kill
	HUDP2_C /Engine/Transient.UnrealEdEngine_0:FoodFightersGI_C_1.HUDP2_C_1
	Function /Game/UI/HUDP2.HUDP2_C:ExecuteUbergraph_HUDP2:00F6
[2017.04.13-12.28.44:107][833]LogScript:Warning: Attempted to access FoodFightersChar_C_1 via property My Character, but FoodFightersChar_C_1 is pending kill
	HUDP2_C /Engine/Transient.UnrealEdEngine_0:FoodFightersGI_C_1.HUDP2_C_1
	Function /Game/UI/HUDP2.HUDP2_C:ExecuteUbergraph_HUDP2:00F6
[2017.04.13-12.28.44:116][834]LogScript:Warning: Attempted to access FoodFightersChar_C_1 via property My Character, but FoodFightersChar_C_1 is pending kill
	HUDP2_C /Engine/Transient.UnrealEdEngine_0:FoodFightersGI_C_1.HUDP2_C_1
	Function /Game/UI/HUDP2.HUDP2_C:ExecuteUbergraph_HUDP2:00F6
[2017.04.13-12.28.44:124][835]LogScript:Warning: Attempted to access FoodFightersChar_C_1 via property My Character, but FoodFightersChar_C_1 is pending kill
	HUDP2_C /Engine/Transient.UnrealEdEngine_0:FoodFightersGI_C_1.HUDP2_C_1
	Function /Game/UI/HUDP2.HUDP2_C:ExecuteUbergraph_HUDP2:00F6
[2017.04.13-12.28.44:132][836]LogScript:Warning: Attempted to access FoodFightersChar_C_1 via property My Character, but FoodFightersChar_C_1 is pending kill
	HUDP2_C /Engine/Transient.UnrealEdEngine_0:FoodFightersGI_C_1.HUDP2_C_1
	Function /Game/UI/HUDP2.HUDP2_C:ExecuteUbergraph_HUDP2:00F6
[2017.04.13-12.28.44:141][837]LogScript:Warning: Attempted to access FoodFightersChar_C_1 via property My Character, but FoodFightersChar_C_1 is pending kill
	HUDP2_C /Engine/Transient.UnrealEdEngine_0:FoodFightersGI_C_1.HUDP2_C_1
	Function /Game/UI/HUDP2.HUDP2_C:ExecuteUbergraph_HUDP2:00F6
[2017.04.13-12.28.44:149][838]LogScript:Warning: Attempted to access FoodFightersChar_C_1 via property My Character, but FoodFightersChar_C_1 is pending kill
	HUDP2_C /Engine/Transient.UnrealEdEngine_0:FoodFightersGI_C_1.HUDP2_C_1
	Function /Game/UI/HUDP2.HUDP2_C:ExecuteUbergraph_HUDP2:00F6
[2017.04.13-12.28.44:157][839]LogScript:Warning: Attempted to access FoodFightersChar_C_1 via property My Character, but FoodFightersChar_C_1 is pending kill
	HUDP2_C /Engine/Transient.UnrealEdEngine_0:FoodFightersGI_C_1.HUDP2_C_1
	Function /Game/UI/HUDP2.HUDP2_C:ExecuteUbergraph_HUDP2:00F6
[2017.04.13-12.28.44:166][840]LogScript:Warning: Attempted to access FoodFightersChar_C_1 via property My Character, but FoodFightersChar_C_1 is pending kill
	HUDP2_C /Engine/Transient.UnrealEdEngine_0:FoodFightersGI_C_1.HUDP2_C_1
	Function /Game/UI/HUDP2.HUDP2_C:ExecuteUbergraph_HUDP2:00F6
[2017.04.13-12.28.44:174][841]LogScript:Warning: Attempted to access FoodFightersChar_C_1 via property My Character, but FoodFightersChar_C_1 is pending kill
	HUDP2_C /Engine/Transient.UnrealEdEngine_0:FoodFightersGI_C_1.HUDP2_C_1
	Function /Game/UI/HUDP2.HUDP2_C:ExecuteUbergraph_HUDP2:00F6
[2017.04.13-12.28.44:182][842]LogScript:Warning: Attempted to access FoodFightersChar_C_1 via property My Character, but FoodFightersChar_C_1 is pending kill
	HUDP2_C /Engine/Transient.UnrealEdEngine_0:FoodFightersGI_C_1.HUDP2_C_1
	Function /Game/UI/HUDP2.HUDP2_C:ExecuteUbergraph_HUDP2:00F6
[2017.04.13-12.28.44:191][843]LogScript:Warning: Attempted to access FoodFightersChar_C_1 via property My Character, but FoodFightersChar_C_1 is pending kill
	HUDP2_C /Engine/Transient.UnrealEdEngine_0:FoodFightersGI_C_1.HUDP2_C_1
	Function /Game/UI/HUDP2.HUDP2_C:ExecuteUbergraph_HUDP2:00F6
[2017.04.13-12.28.44:199][844]LogScript:Warning: Attempted to access FoodFightersChar_C_1 via property My Character, but FoodFightersChar_C_1 is pending kill
	HUDP2_C /Engine/Transient.UnrealEdEngine_0:FoodFightersGI_C_1.HUDP2_C_1
	Function /Game/UI/HUDP2.HUDP2_C:ExecuteUbergraph_HUDP2:00F6
[2017.04.13-12.28.44:207][845]LogScript:Warning: Attempted to access FoodFightersChar_C_1 via property My Character, but FoodFightersChar_C_1 is pending kill
	HUDP2_C /Engine/Transient.UnrealEdEngine_0:FoodFightersGI_C_1.HUDP2_C_1
	Function /Game/UI/HUDP2.HUDP2_C:ExecuteUbergraph_HUDP2:00F6
[2017.04.13-12.29.40:379][106]LogPlayLevel: PlayLevel: No blueprints needed recompiling
[2017.04.13-12.29.40:380][106]PIE: New page: PIE session: BarebonesCafeteria (Apr 13, 2017, 3:29:40 AM)
[2017.04.13-12.29.40:380][106]LogPlayLevel: Creating play world package: /Game/Maps/UEDPIE_0_BarebonesCafeteria
[2017.04.13-12.29.40:384][106]LogPlayLevel: PIE: StaticDuplicateObject took: (0.004689s)
[2017.04.13-12.29.40:385][106]LogAIModule: Creating AISystem for world BarebonesCafeteria
[2017.04.13-12.29.40:385][106]LogPlayLevel: PIE: World Init took: (0.000580s)
[2017.04.13-12.29.40:385][106]LogPlayLevel: PIE: Created PIE world by copying editor world from /Game/Maps/BarebonesCafeteria.BarebonesCafeteria to /Game/Maps/UEDPIE_0_BarebonesCafeteria.BarebonesCafeteria (0.005462s)
[2017.04.13-12.29.40:398][106]LogInit: XAudio2 using 'Speakers (Realtek High Definition Audio)' : 2 channels at 48 kHz using 32 bits per sample (channel mask 0x3)
[2017.04.13-12.29.40:406][106]LogInit: FAudioDevice initialized.
[2017.04.13-12.29.40:449][106]LogWorld: Game class is 'FoodFightersGM_C'
[2017.04.13-12.29.40:454][106]LogWorld: Bringing World /Game/Maps/UEDPIE_0_BarebonesCafeteria.BarebonesCafeteria up for play (max tick rate 0) at 2017.04.13-08.29.40
[2017.04.13-12.29.40:454][106]LogWorld: Bringing up level for play took: 0.004564
[2017.04.13-12.29.40:456][106]LogPlayerManagement:Error: Failed to Create Player: A local player already exists for controller ID 0,
[2017.04.13-12.29.40:460][106]PIE: Info Play in editor start time for /Game/Maps/UEDPIE_0_BarebonesCafeteria 0.18
[2017.04.13-12.30.31:723][246]LogScript:Warning: Attempted to access FoodFightersChar_C_1 via property My Character, but FoodFightersChar_C_1 is pending kill
	HUDP2_C /Engine/Transient.UnrealEdEngine_0:FoodFightersGI_C_2.HUDP2_C_2
	Function /Game/UI/HUDP2.HUDP2_C:ExecuteUbergraph_HUDP2:00F6
[2017.04.13-12.30.31:730][247]LogScript:Warning: Attempted to access FoodFightersChar_C_1 via property My Character, but FoodFightersChar_C_1 is pending kill
	HUDP2_C /Engine/Transient.UnrealEdEngine_0:FoodFightersGI_C_2.HUDP2_C_2
	Function /Game/UI/HUDP2.HUDP2_C:ExecuteUbergraph_HUDP2:00F6
[2017.04.13-12.30.31:739][248]LogScript:Warning: Attempted to access FoodFightersChar_C_1 via property My Character, but FoodFightersChar_C_1 is pending kill
	HUDP2_C /Engine/Transient.UnrealEdEngine_0:FoodFightersGI_C_2.HUDP2_C_2
	Function /Game/UI/HUDP2.HUDP2_C:ExecuteUbergraph_HUDP2:00F6
[2017.04.13-12.30.31:747][249]LogScript:Warning: Attempted to access FoodFightersChar_C_1 via property My Character, but FoodFightersChar_C_1 is pending kill
	HUDP2_C /Engine/Transient.UnrealEdEngine_0:FoodFightersGI_C_2.HUDP2_C_2
	Function /Game/UI/HUDP2.HUDP2_C:ExecuteUbergraph_HUDP2:00F6
[2017.04.13-12.30.31:756][250]LogScript:Warning: Attempted to access FoodFightersChar_C_1 via property My Character, but FoodFightersChar_C_1 is pending kill
	HUDP2_C /Engine/Transient.UnrealEdEngine_0:FoodFightersGI_C_2.HUDP2_C_2
	Function /Game/UI/HUDP2.HUDP2_C:ExecuteUbergraph_HUDP2:00F6
[2017.04.13-12.30.31:764][251]LogScript:Warning: Attempted to access FoodFightersChar_C_1 via property My Character, but FoodFightersChar_C_1 is pending kill
	HUDP2_C /Engine/Transient.UnrealEdEngine_0:FoodFightersGI_C_2.HUDP2_C_2
	Function /Game/UI/HUDP2.HUDP2_C:ExecuteUbergraph_HUDP2:00F6
[2017.04.13-12.30.31:772][252]LogScript:Warning: Attempted to access FoodFightersChar_C_1 via property My Character, but FoodFightersChar_C_1 is pending kill
	HUDP2_C /Engine/Transient.UnrealEdEngine_0:FoodFightersGI_C_2.HUDP2_C_2
	Function /Game/UI/HUDP2.HUDP2_C:ExecuteUbergraph_HUDP2:00F6
[2017.04.13-12.30.31:780][253]LogScript:Warning: Attempted to access FoodFightersChar_C_1 via property My Character, but FoodFightersChar_C_1 is pending kill
	HUDP2_C /Engine/Transient.UnrealEdEngine_0:FoodFightersGI_C_2.HUDP2_C_2
	Function /Game/UI/HUDP2.HUDP2_C:ExecuteUbergraph_HUDP2:00F6
[2017.04.13-12.30.31:788][254]LogScript:Warning: Attempted to access FoodFightersChar_C_1 via property My Character, but FoodFightersChar_C_1 is pending kill
	HUDP2_C /Engine/Transient.UnrealEdEngine_0:FoodFightersGI_C_2.HUDP2_C_2
	Function /Game/UI/HUDP2.HUDP2_C:ExecuteUbergraph_HUDP2:00F6
[2017.04.13-12.30.31:797][255]LogScript:Warning: Attempted to access FoodFightersChar_C_1 via property My Character, but FoodFightersChar_C_1 is pending kill
	HUDP2_C /Engine/Transient.UnrealEdEngine_0:FoodFightersGI_C_2.HUDP2_C_2
	Function /Game/UI/HUDP2.HUDP2_C:ExecuteUbergraph_HUDP2:00F6
[2017.04.13-12.30.31:805][256]LogScript:Warning: Attempted to access FoodFightersChar_C_1 via property My Character, but FoodFightersChar_C_1 is pending kill
	HUDP2_C /Engine/Transient.UnrealEdEngine_0:FoodFightersGI_C_2.HUDP2_C_2
	Function /Game/UI/HUDP2.HUDP2_C:ExecuteUbergraph_HUDP2:00F6
[2017.04.13-12.30.31:813][257]LogScript:Warning: Attempted to access FoodFightersChar_C_1 via property My Character, but FoodFightersChar_C_1 is pending kill
	HUDP2_C /Engine/Transient.UnrealEdEngine_0:FoodFightersGI_C_2.HUDP2_C_2
	Function /Game/UI/HUDP2.HUDP2_C:ExecuteUbergraph_HUDP2:00F6
[2017.04.13-12.30.31:822][258]LogScript:Warning: Attempted to access FoodFightersChar_C_1 via property My Character, but FoodFightersChar_C_1 is pending kill
	HUDP2_C /Engine/Transient.UnrealEdEngine_0:FoodFightersGI_C_2.HUDP2_C_2
	Function /Game/UI/HUDP2.HUDP2_C:ExecuteUbergraph_HUDP2:00F6
[2017.04.13-12.30.31:830][259]LogScript:Warning: Attempted to access FoodFightersChar_C_1 via property My Character, but FoodFightersChar_C_1 is pending kill
	HUDP2_C /Engine/Transient.UnrealEdEngine_0:FoodFightersGI_C_2.HUDP2_C_2
	Function /Game/UI/HUDP2.HUDP2_C:ExecuteUbergraph_HUDP2:00F6
[2017.04.13-12.30.31:839][260]LogScript:Warning: Attempted to access FoodFightersChar_C_1 via property My Character, but FoodFightersChar_C_1 is pending kill
	HUDP2_C /Engine/Transient.UnrealEdEngine_0:FoodFightersGI_C_2.HUDP2_C_2
	Function /Game/UI/HUDP2.HUDP2_C:ExecuteUbergraph_HUDP2:00F6
[2017.04.13-12.30.31:846][261]LogScript:Warning: Attempted to access FoodFightersChar_C_1 via property My Character, but FoodFightersChar_C_1 is pending kill
	HUDP2_C /Engine/Transient.UnrealEdEngine_0:FoodFightersGI_C_2.HUDP2_C_2
	Function /Game/UI/HUDP2.HUDP2_C:ExecuteUbergraph_HUDP2:00F6
[2017.04.13-12.30.31:855][262]LogScript:Warning: Attempted to access FoodFightersChar_C_1 via property My Character, but FoodFightersChar_C_1 is pending kill
	HUDP2_C /Engine/Transient.UnrealEdEngine_0:FoodFightersGI_C_2.HUDP2_C_2
	Function /Game/UI/HUDP2.HUDP2_C:ExecuteUbergraph_HUDP2:00F6
[2017.04.13-12.31.05:585][198]LogWindowsTextInputMethodSystem:Display: IME system now deactivated.
[2017.04.13-12.31.05:904][199]Cmd: QUIT_EDITOR
[2017.04.13-12.31.06:436][199]LogExit: Preparing to exit.
[2017.04.13-12.31.07:604][199]LogExit: Editor shut down
[2017.04.13-12.31.07:604][199]LogExit: Transaction tracking system shut down
[2017.04.13-12.31.08:023][199]LogObj: Freed 0b from 0 cluster array pools.
[2017.04.13-12.31.08:024][199]LogExit: Object subsystem successfully closed.
[2017.04.13-12.31.08:086][199]LogD3D11RHI: Shutdown
[2017.04.13-12.31.08:086][199]LogD3D11RHI: CleanupD3DDevice
[2017.04.13-12.31.08:246][199]LogD3D11RHI: ~FD3D11DynamicRHI
[2017.04.13-12.31.08:516][199]LogModuleManager: Shutting down and abandoning module MovieSceneCapture (214)
[2017.04.13-12.31.08:516][199]LogModuleManager: Shutting down and abandoning module HierarchicalLODOutliner (213)
[2017.04.13-12.31.08:522][199]LogModuleManager: Shutting down and abandoning module CrashTracker (212)
[2017.04.13-12.31.08:522][199]LogModuleManager: Shutting down and abandoning module SceneOutliner (211)
[2017.04.13-12.31.08:522][199]LogModuleManager: Shutting down and abandoning module WidgetCarousel (210)
[2017.04.13-12.31.08:522][199]LogModuleManager: Shutting down and abandoning module AddContentDialog (209)
[2017.04.13-12.31.08:525][199]LogModuleManager: Shutting down and abandoning module GameplayTags (208)
[2017.04.13-12.31.08:525][199]LogModuleManager: Shutting down and abandoning module EditorWidgets (207)
[2017.04.13-12.31.08:525][199]LogModuleManager: Shutting down and abandoning module CollectionManager (206)
[2017.04.13-12.31.08:526][199]LogModuleManager: Shutting down and abandoning module StatsViewer (205)
[2017.04.13-12.31.08:544][199]LogModuleManager: Shutting down and abandoning module FoliageEdit (204)
[2017.04.13-12.31.08:544][199]LogModuleManager: Shutting down and abandoning module LandscapeEditor (203)
[2017.04.13-12.31.08:555][199]LogModuleManager: Shutting down and abandoning module SceneDepthPickerMode (202)
[2017.04.13-12.31.08:555][199]LogModuleManager: Shutting down and abandoning module ActorPickerMode (201)
[2017.04.13-12.31.08:555][199]LogModuleManager: Shutting down and abandoning module GeometryMode (200)
[2017.04.13-12.31.08:555][199]LogModuleManager: Shutting down and abandoning module TextureAlignMode (199)
[2017.04.13-12.31.08:555][199]LogModuleManager: Shutting down and abandoning module BspMode (198)
[2017.04.13-12.31.08:555][199]LogModuleManager: Shutting down and abandoning module HardwareSurvey (197)
[2017.04.13-12.31.08:555][199]LogModuleManager: Shutting down and abandoning module SequenceRecorderSections (196)
[2017.04.13-12.31.08:555][199]LogModuleManager: Shutting down and abandoning module SequenceRecorder (195)
[2017.04.13-12.31.08:560][199]LogModuleManager: Shutting down and abandoning module AutomationWorker (194)
[2017.04.13-12.31.08:560][199]LogModuleManager: Shutting down and abandoning module MatineeToLevelSequence (193)
[2017.04.13-12.31.08:560][199]LogModuleManager: Shutting down and abandoning module PlacementMode (192)
[2017.04.13-12.31.08:574][199]LogModuleManager: Shutting down and abandoning module LevelSequenceEditor (191)
[2017.04.13-12.31.08:574][199]LogModuleManager: Shutting down and abandoning module CharacterAI (190)
[2017.04.13-12.31.08:574][199]LogModuleManager: Shutting down and abandoning module SmartSnapping (189)
[2017.04.13-12.31.08:574][199]LogModuleManager: Shutting down and abandoning module SessionServices (188)
[2017.04.13-12.31.08:574][199]LogModuleManager: Shutting down and abandoning module ViewportSnapping (187)
[2017.04.13-12.31.08:574][199]LogModuleManager: Shutting down and abandoning module LogVisualizer (186)
[2017.04.13-12.31.08:575][199]LogModuleManager: Shutting down and abandoning module GameProjectGeneration (185)
[2017.04.13-12.31.08:584][199]LogModuleManager: Shutting down and abandoning module IntroTutorials (184)
[2017.04.13-12.31.08:585][199]LogModuleManager: Shutting down and abandoning module EditorLiveStreaming (183)
[2017.04.13-12.31.08:585][199]LogModuleManager: Shutting down and abandoning module IOSPlatformEditor (182)
[2017.04.13-12.31.08:585][199]LogModuleManager: Shutting down and abandoning module HTML5PlatformEditor (181)
[2017.04.13-12.31.08:585][199]LogModuleManager: Shutting down and abandoning module AndroidDeviceDetection (180)
[2017.04.13-12.31.09:476][199]LogModuleManager: Shutting down and abandoning module AndroidPlatformEditor (179)
[2017.04.13-12.31.09:476][199]LogModuleManager: Shutting down and abandoning module IOSRuntimeSettings (178)
[2017.04.13-12.31.09:476][199]LogModuleManager: Shutting down and abandoning module AndroidRuntimeSettings (177)
[2017.04.13-12.31.09:476][199]LogModuleManager: Shutting down and abandoning module MergeActors (176)
[2017.04.13-12.31.09:483][199]LogModuleManager: Shutting down and abandoning module SizeMap (175)
[2017.04.13-12.31.09:483][199]LogModuleManager: Shutting down and abandoning module TreeMap (174)
[2017.04.13-12.31.09:483][199]LogModuleManager: Shutting down and abandoning module ReferenceViewer (173)
[2017.04.13-12.31.09:483][199]LogModuleManager: Shutting down and abandoning module LocalizationService (172)
[2017.04.13-12.31.09:497][199]LogModuleManager: Shutting down and abandoning module LocalizationDashboard (171)
[2017.04.13-12.31.09:503][199]LogModuleManager: Shutting down and abandoning module HardwareTargeting (170)
[2017.04.13-12.31.09:503][199]LogModuleManager: Shutting down and abandoning module DeviceProfileEditor (169)
[2017.04.13-12.31.09:515][199]LogModuleManager: Shutting down and abandoning module UndoHistory (168)
[2017.04.13-12.31.09:516][199]LogModuleManager: Shutting down and abandoning module UserFeedback (167)
[2017.04.13-12.31.09:516][199]LogModuleManager: Shutting down and abandoning module XmlParser (166)
[2017.04.13-12.31.09:516][199]LogModuleManager: Shutting down and abandoning module Blutility (165)
[2017.04.13-12.31.09:516][199]LogModuleManager: Shutting down and abandoning module ProjectTargetPlatformEditor (164)
[2017.04.13-12.31.09:516][199]LogModuleManager: Shutting down and abandoning module ProjectSettingsViewer (163)
[2017.04.13-12.31.09:516][199]LogModuleManager: Shutting down and abandoning module InputBindingEditor (162)
[2017.04.13-12.31.09:516][199]LogModuleManager: Shutting down and abandoning module EditorSettingsViewer (161)
[2017.04.13-12.31.09:516][199]LogModuleManager: Shutting down and abandoning module SettingsEditor (160)
[2017.04.13-12.31.09:522][199]LogModuleManager: Shutting down and abandoning module ProjectLauncher (159)
[2017.04.13-12.31.09:543][199]LogModuleManager: Shutting down and abandoning module SessionFrontend (158)
[2017.04.13-12.31.09:553][199]LogModuleManager: Shutting down and abandoning module ProfilerClient (157)
[2017.04.13-12.31.09:584][199]LogModuleManager: Shutting down and abandoning module TargetDeviceServices (156)
[2017.04.13-12.31.09:584][199]LogModuleManager: Shutting down and abandoning module DeviceManager (155)
[2017.04.13-12.31.09:648][199]LogModuleManager: Shutting down and abandoning module AutomationController (154)
[2017.04.13-12.31.09:661][199]LogModuleManager: Shutting down and abandoning module AutomationWindow (153)
[2017.04.13-12.31.09:686][199]LogModuleManager: Shutting down and abandoning module Layers (152)
[2017.04.13-12.31.09:706][199]LogModuleManager: Shutting down and abandoning module ComponentVisualizers (151)
[2017.04.13-12.31.09:706][199]LogModuleManager: Shutting down and abandoning module DetailCustomizations (150)
[2017.04.13-12.31.09:706][199]LogModuleManager: Shutting down and abandoning module PackagesDialog (149)
[2017.04.13-12.31.09:731][199]LogModuleManager: Shutting down and abandoning module Persona (148)
[2017.04.13-12.31.09:761][199]LogModuleManager: Shutting down and abandoning module Kismet (147)
[2017.04.13-12.31.09:761][199]LogModuleManager: Shutting down and abandoning module GraphEditor (146)
[2017.04.13-12.31.09:789][199]LogModuleManager: Shutting down and abandoning module ClassViewer (145)
[2017.04.13-12.31.09:805][199]LogModuleManager: Shutting down and abandoning module Toolbox (144)
[2017.04.13-12.31.09:805][199]LogModuleManager: Shutting down and abandoning module ModuleUI (143)
[2017.04.13-12.31.09:834][199]LogModuleManager: Shutting down and abandoning module MovieSceneTools (142)
[2017.04.13-12.31.09:834][199]LogModuleManager: Shutting down and abandoning module OutputLog (141)
[2017.04.13-12.31.09:834][199]LogModuleManager: Shutting down and abandoning module GammaUI (140)
[2017.04.13-12.31.09:863][199]LogModuleManager: Shutting down and abandoning module Documentation (139)
[2017.04.13-12.31.09:863][199]LogModuleManager: Shutting down and abandoning module StreamingPauseRendering (138)
[2017.04.13-12.31.09:863][199]LogModuleManager: Shutting down and abandoning module AnalyticsET (137)
[2017.04.13-12.31.09:863][199]LogModuleManager: Shutting down and abandoning module Analytics (136)
[2017.04.13-12.31.09:863][199]LogModuleManager: Shutting down and abandoning module PortalServices (135)
[2017.04.13-12.31.09:863][199]LogModuleManager: Shutting down and abandoning module PortalRpc (134)
[2017.04.13-12.31.09:863][199]LogModuleManager: Shutting down and abandoning module MessagingRpc (133)
[2017.04.13-12.31.09:863][199]LogModuleManager: Shutting down and abandoning module GameplayDebugger (132)
[2017.04.13-12.31.09:863][199]LogModuleManager: Shutting down and abandoning module AITestSuite (131)
[2017.04.13-12.31.09:863][199]LogModuleManager: Shutting down and abandoning module AIModule (130)
[2017.04.13-12.31.09:863][199]LogModuleManager: Shutting down and abandoning module ProfilerService (129)
[2017.04.13-12.31.10:110][199]LogModuleManager: Shutting down and abandoning module TaskGraph (128)
[2017.04.13-12.31.10:122][199]LogModuleManager: Shutting down and abandoning module SlateRemote (127)
[2017.04.13-12.31.10:122][199]LogModuleManager: Shutting down and abandoning module SteamVRController (126)
[2017.04.13-12.31.10:122][199]LogModuleManager: Shutting down and abandoning module SteamVR (125)
[2017.04.13-12.31.10:122][199]LogModuleManager: Shutting down and abandoning module ProceduralMeshComponent (124)
[2017.04.13-12.31.10:123][199]LogModuleManager: Shutting down and abandoning module OculusLibrary (123)
[2017.04.13-12.31.10:123][199]LogModuleManager: Shutting down and abandoning module OculusInput (122)
[2017.04.13-12.31.10:123][199]LogModuleManager: Shutting down and abandoning module CustomMeshComponent (121)
[2017.04.13-12.31.10:123][199]LogModuleManager: Shutting down and abandoning module CableComponent (120)
[2017.04.13-12.31.10:123][199]LogModuleManager: Shutting down and abandoning module ArchVisCharacter (119)
[2017.04.13-12.31.10:123][199]LogModuleManager: Shutting down and abandoning module MediaPlayerEditor (118)
[2017.04.13-12.31.10:135][199]LogModuleManager: Shutting down and abandoning module HTML5Networking (117)
[2017.04.13-12.31.10:135][199]LogModuleManager: Shutting down and abandoning module SuperSearch (116)
[2017.04.13-12.31.10:135][199]LogModuleManager: Shutting down and abandoning module SuperSearchEditor (115)
[2017.04.13-12.31.10:135][199]LogModuleManager: Shutting down and abandoning module SpeedTreeImporter (114)
[2017.04.13-12.31.10:135][199]LogModuleManager: Shutting down and abandoning module PluginBrowser (113)
[2017.04.13-12.31.10:135][199]LogModuleManager: Shutting down and abandoning module EpicSurvey (112)
[2017.04.13-12.31.10:136][199]LogModuleManager: Shutting down and abandoning module DesktopPlatform (111)
[2017.04.13-12.31.10:144][199]LogModuleManager: Shutting down and abandoning module VisualStudioSourceCodeAccess (110)
[2017.04.13-12.31.10:144][199]LogModuleManager: Shutting down and abandoning module UObjectPlugin (109)
[2017.04.13-12.31.10:144][199]LogModuleManager: Shutting down and abandoning module SubversionSourceControl (108)
[2017.04.13-12.31.10:144][199]LogModuleManager: Shutting down and abandoning module PerforceSourceControl (107)
[2017.04.13-12.31.10:144][199]LogModuleManager: Shutting down and abandoning module SourceControl (106)
[2017.04.13-12.31.10:149][199]LogModuleManager: Shutting down and abandoning module GitSourceControl (105)
[2017.04.13-12.31.10:149][199]LogModuleManager: Shutting down and abandoning module LightPropagationVolumeEditor (104)
[2017.04.13-12.31.10:149][199]LogModuleManager: Shutting down and abandoning module PaperTiledImporter (103)
[2017.04.13-12.31.10:149][199]LogModuleManager: Shutting down and abandoning module PaperSpriteSheetImporter (102)
[2017.04.13-12.31.10:149][199]LogModuleManager: Shutting down and abandoning module MeshPaint (101)
[2017.04.13-12.31.10:149][199]LogModuleManager: Shutting down and abandoning module PixelInspectorModule (100)
[2017.04.13-12.31.10:149][199]LogModuleManager: Shutting down and abandoning module HotReload (99)
[2017.04.13-12.31.10:150][199]LogModuleManager: Shutting down and abandoning module MainFrame (98)
[2017.04.13-12.31.10:150][199]LogModuleManager: Shutting down and abandoning module LevelEditor (97)
[2017.04.13-12.31.10:150][199]LogModuleManager: Shutting down and abandoning module ContentBrowser (96)
[2017.04.13-12.31.10:151][199]LogModuleManager: Shutting down and abandoning module Paper2DEditor (95)
[2017.04.13-12.31.10:158][199]LogModuleManager: Shutting down and abandoning module UdpMessaging (94)
[2017.04.13-12.31.10:259][199]LogModuleManager: Shutting down and abandoning module LightPropagationVolumeRuntime (93)
[2017.04.13-12.31.10:259][199]LogModuleManager: Shutting down and abandoning module Paper2D (92)
[2017.04.13-12.31.10:259][199]LogModuleManager: Shutting down and abandoning module WindowsMoviePlayer (91)
[2017.04.13-12.31.10:259][199]LogModuleManager: Shutting down and abandoning module Media (90)
[2017.04.13-12.31.10:259][199]LogModuleManager: Shutting down and abandoning module WmfMedia (89)
[2017.04.13-12.31.10:270][199]LogModuleManager: Shutting down and abandoning module MediaAssets (88)
[2017.04.13-12.31.10:271][199]LogModuleManager: Shutting down and abandoning module GameLiveStreaming (87)
[2017.04.13-12.31.10:271][199]LogModuleManager: Shutting down and abandoning module GameplayTagsEditor (86)
[2017.04.13-12.31.10:271][199]LogModuleManager: Shutting down and abandoning module OnlineBlueprintSupport (85)
[2017.04.13-12.31.10:271][199]LogModuleManager: Shutting down and abandoning module VREditor (84)
[2017.04.13-12.31.10:271][199]LogModuleManager: Shutting down and abandoning module GameplayTasksEditor (83)
[2017.04.13-12.31.10:271][199]LogModuleManager: Shutting down and abandoning module PropertyEditor (82)
[2017.04.13-12.31.10:271][199]LogModuleManager: Shutting down and abandoning module BehaviorTreeEditor (81)
[2017.04.13-12.31.10:283][199]LogModuleManager: Shutting down and abandoning module FunctionalTesting (80)
[2017.04.13-12.31.10:290][199]LogModuleManager: Shutting down and abandoning module CollisionAnalyzer (79)
[2017.04.13-12.31.10:294][199]LogModuleManager: Shutting down and abandoning module Sequencer (78)
[2017.04.13-12.31.10:313][199]LogModuleManager: Shutting down and abandoning module WorkspaceMenuStructure (77)
[2017.04.13-12.31.10:313][199]LogModuleManager: Shutting down and abandoning module MessageLog (76)
[2017.04.13-12.31.10:313][199]LogModuleManager: Shutting down and abandoning module AssetTools (75)
[2017.04.13-12.31.10:332][199]LogModuleManager: Shutting down and abandoning module UMGEditor (74)
[2017.04.13-12.31.10:353][199]LogModuleManager: Shutting down and abandoning module UMG (73)
[2017.04.13-12.31.10:353][199]LogModuleManager: Shutting down and abandoning module SlateReflector (72)
[2017.04.13-12.31.10:362][199]LogModuleManager: Shutting down and abandoning module Slate (71)
[2017.04.13-12.31.10:362][199]LogModuleManager: Shutting down and abandoning module EditorStyle (70)
[2017.04.13-12.31.10:369][199]LogModuleManager: Shutting down and abandoning module SourceCodeAccess (69)
[2017.04.13-12.31.10:369][199]LogModuleManager: Shutting down and abandoning module HeadMountedDisplay (68)
[2017.04.13-12.31.10:369][199]LogModuleManager: Shutting down and abandoning module XAudio2 (67)
[2017.04.13-12.31.10:369][199]LogModuleManager: Shutting down and abandoning module Networking (65)
[2017.04.13-12.31.10:369][199]LogModuleManager: Shutting down and abandoning module Core (64)
[2017.04.13-12.31.10:369][199]LogModuleManager: Shutting down and abandoning module DirectoryWatcher (63)
[2017.04.13-12.31.10:371][199]LogModuleManager: Shutting down and abandoning module AssetRegistry (62)
[2017.04.13-12.31.10:515][199]LogModuleManager: Shutting down and abandoning module KismetCompiler (61)
[2017.04.13-12.31.10:515][199]LogModuleManager: Shutting down and abandoning module PhysXFormats (60)
[2017.04.13-12.31.10:515][199]LogModuleManager: Shutting down and abandoning module MeshUtilities (59)
[2017.04.13-12.31.10:537][199]LogModuleManager: Shutting down and abandoning module DerivedDataCache (58)
[2017.04.13-12.31.10:555][199]LogDerivedDataCache: Shutdown
[2017.04.13-12.31.10:555][199]LogModuleManager: Shutting down and abandoning module VulkanShaderFormat (57)
[2017.04.13-12.31.10:555][199]LogModuleManager: Shutting down and abandoning module ShaderFormatOpenGL (56)
[2017.04.13-12.31.10:581][199]LogModuleManager: Shutting down and abandoning module ShaderFormatD3D (55)
[2017.04.13-12.31.10:581][199]LogModuleManager: Shutting down and abandoning module MetalShaderFormat (54)
[2017.04.13-12.31.10:610][199]LogModuleManager: Shutting down and abandoning module TextureFormatUncompressed (53)
[2017.04.13-12.31.10:610][199]LogModuleManager: Shutting down and abandoning module TextureFormatPVR (52)
[2017.04.13-12.31.10:610][199]LogModuleManager: Shutting down and abandoning module TextureFormatIntelISPCTexComp (51)
[2017.04.13-12.31.10:611][199]LogModuleManager: Shutting down and abandoning module TextureFormatDXT (50)
[2017.04.13-12.31.10:611][199]LogModuleManager: Shutting down and abandoning module ImageWrapper (49)
[2017.04.13-12.31.10:611][199]LogModuleManager: Shutting down and abandoning module TextureFormatASTC (48)
[2017.04.13-12.31.10:611][199]LogModuleManager: Shutting down and abandoning module TextureFormatAndroid (47)
[2017.04.13-12.31.10:611][199]LogModuleManager: Shutting down and abandoning module AudioFormatOpus (46)
[2017.04.13-12.31.10:611][199]LogModuleManager: Shutting down and abandoning module AudioFormatOgg (45)
[2017.04.13-12.31.10:611][199]LogModuleManager: Shutting down and abandoning module AudioFormatADPCM (44)
[2017.04.13-12.31.10:611][199]LogModuleManager: Shutting down and abandoning module LinuxTargetPlatform (43)
[2017.04.13-12.31.10:611][199]LogModuleManager: Shutting down and abandoning module LinuxServerTargetPlatform (42)
[2017.04.13-12.31.10:611][199]LogModuleManager: Shutting down and abandoning module LinuxNoEditorTargetPlatform (41)
[2017.04.13-12.31.10:611][199]LogModuleManager: Shutting down and abandoning module TVOSTargetPlatform (40)
[2017.04.13-12.31.10:611][199]LogModuleManager: Shutting down and abandoning module Messaging (39)
[2017.04.13-12.31.10:611][199]LogModuleManager: Shutting down and abandoning module IOSTargetPlatform (38)
[2017.04.13-12.31.10:611][199]LogModuleManager: Shutting down and abandoning module HTML5TargetPlatform (37)
[2017.04.13-12.31.10:611][199]LogModuleManager: Shutting down and abandoning module Android_PVRTCTargetPlatform (36)
[2017.04.13-12.31.10:611][199]LogModuleManager: Shutting down and abandoning module Android_MultiTargetPlatform (35)
[2017.04.13-12.31.10:611][199]LogModuleManager: Shutting down and abandoning module Android_ETC2TargetPlatform (34)
[2017.04.13-12.31.10:611][199]LogModuleManager: Shutting down and abandoning module Android_ETC1TargetPlatform (33)
[2017.04.13-12.31.10:611][199]LogModuleManager: Shutting down and abandoning module Android_DXTTargetPlatform (32)
[2017.04.13-12.31.10:611][199]LogModuleManager: Shutting down and abandoning module Android_ATCTargetPlatform (31)
[2017.04.13-12.31.10:611][199]LogModuleManager: Shutting down and abandoning module Android_ASTCTargetPlatform (30)
[2017.04.13-12.31.10:611][199]LogModuleManager: Shutting down and abandoning module AndroidTargetPlatform (29)
[2017.04.13-12.31.10:612][199]LogModuleManager: Shutting down and abandoning module WindowsTargetPlatform (28)
[2017.04.13-12.31.10:612][199]LogModuleManager: Shutting down and abandoning module WindowsServerTargetPlatform (27)
[2017.04.13-12.31.10:612][199]LogModuleManager: Shutting down and abandoning module WindowsNoEditorTargetPlatform (26)
[2017.04.13-12.31.10:612][199]LogModuleManager: Shutting down and abandoning module WindowsClientTargetPlatform (25)
[2017.04.13-12.31.10:612][199]LogModuleManager: Shutting down and abandoning module AllDesktopTargetPlatform (24)
[2017.04.13-12.31.10:612][199]LogModuleManager: Shutting down and abandoning module TargetPlatform (23)
[2017.04.13-12.31.10:612][199]LogModuleManager: Shutting down and abandoning module InputCore (22)
[2017.04.13-12.31.10:612][199]LogModuleManager: Shutting down and abandoning module Settings (21)
[2017.04.13-12.31.10:612][199]LogModuleManager: Shutting down and abandoning module OnlineSubsystem (19)
[2017.04.13-12.31.10:612][199]LogModuleManager: Shutting down and abandoning module HTTP (18)
[2017.04.13-12.31.12:114][199]LogModuleManager: Shutting down and abandoning module XMPP (17)
[2017.04.13-12.31.12:135][199]LogModuleManager: Shutting down and abandoning module OculusRift (16)
[2017.04.13-12.31.12:154][199]LogModuleManager: Shutting down and abandoning module ExampleDeviceProfileSelector (15)
[2017.04.13-12.31.12:154][199]LogModuleManager: Shutting down and abandoning module TextureCompressor (14)
[2017.04.13-12.31.12:154][199]LogModuleManager: Shutting down and abandoning module ShaderCore (13)
[2017.04.13-12.31.12:154][199]LogModuleManager: Shutting down and abandoning module Landscape (12)
[2017.04.13-12.31.12:154][199]LogModuleManager: Shutting down and abandoning module SlateRHIRenderer (11)
[2017.04.13-12.31.12:168][199]LogModuleManager: Shutting down and abandoning module OpenGLDrv (10)
[2017.04.13-12.31.12:169][199]LogModuleManager: Shutting down and abandoning module D3D11RHI (9)
[2017.04.13-12.31.12:169][199]LogModuleManager: Shutting down and abandoning module AnimGraphRuntime (8)
[2017.04.13-12.31.12:169][199]LogModuleManager: Shutting down and abandoning module Renderer (7)
[2017.04.13-12.31.12:169][199]LogModuleManager: Shutting down and abandoning module Engine (6)
[2017.04.13-12.31.12:169][199]LogModuleManager: Shutting down and abandoning module CoreUObject (5)
[2017.04.13-12.31.12:169][199]LogModuleManager: Shutting down and abandoning module NetworkFile (4)
[2017.04.13-12.31.12:169][199]LogModuleManager: Shutting down and abandoning module StreamingFile (3)
[2017.04.13-12.31.12:169][199]LogModuleManager: Shutting down and abandoning module SandboxFile (2)
[2017.04.13-12.31.12:169][199]LogModuleManager: Shutting down and abandoning module PakFile (1)
[2017.04.13-12.31.12:190][199]LogExit: Exiting.
[2017.04.13-12.31.12:192][199]Log file closed, 04/13/17 08:31:12
