Log file open, 05/01/17 19:58:28
LogInit:Display: Running engine for game: Game
LogPlatformFile: Not using cached read wrapper
LogInit:Display: RandInit(756006759) SRandInit(756006760).
LogTaskGraph: Started task graph with 4 named threads and 7 total threads with 1 sets of task threads.
LogStats: Stats thread started at 0.063985
LogInit: Version: 4.12.5-3039270+++UE4+Release-4.12
LogInit: API Version: 2992821
LogInit: Net Version: 3039270
LogDevObjectVersion: Number of dev versions registered: 13
LogDevObjectVersion:   Dev-Blueprints (B0D832E4-1F89-4F0D-ACCF-7EB736FD4AA2): 3
LogDevObjectVersion:   Dev-Build (E1C64328-A22C-4D53-A36C-8E866417BD8C): 0
LogDevObjectVersion:   Dev-Core (375EC13C-06E4-48FB-B500-84F0262A717E): 1
LogDevObjectVersion:   Dev-Editor (E4B068ED-F494-42E9-A231-DA0B2E46BB41): 2
LogDevObjectVersion:   Dev-Framework (CFFC743F-43B0-4480-9391-14DF171D2073): 6
LogDevObjectVersion:   Dev-Mobile (B02B49B5-BB20-44E9-A304-32B752E40360): 0
LogDevObjectVersion:   Dev-Networking (A4E4105C-59A1-49B5-A7C5-40C4547EDFEE): 0
LogDevObjectVersion:   Dev-Online (39C831C9-5AE6-47DC-9A44-9C173E1C8E7C): 0
LogDevObjectVersion:   Dev-Physics (78F01B33-EBEA-4F98-B9B4-84EACCB95AA2): 0
LogDevObjectVersion:   Dev-Platform (6631380F-2D4D-43E0-8009-CF276956A95A): 0
LogDevObjectVersion:   Dev-Rendering (12F88B9F-8875-4AFC-A67C-D90C383ABD29): 2
LogDevObjectVersion:   Dev-Sequencer (7B5AE74C-D270-4C10-A958-57980B212A5A): 0
LogDevObjectVersion:   Dev-VR (D7296918-1DD6-4BDD-9DE2-64A83CC13884): 0
LogInit: Compiled (64-bit): Jul  6 2016 09:09:46
LogInit: Compiled with Visual C++: 19.00.23026.00
LogInit: Build Configuration: Development
LogInit: Branch Name: ++UE4+Release-4.12
LogInit: Command line:  
LogInit: Base directory: E:/New folder/Paragon/UE_4.12/Engine/Binaries/Win64/
LogInit: Installed Engine Build: 1
LogInit: Using libcurl 7.41.0
LogInit:  - built for x86_64-pc-win32
LogInit:  - supports SSL with WinSSL
LogInit:  - other features:
LogInit:      CURL_VERSION_SSL
LogInit:      CURL_VERSION_IPV6
LogInit:      CURL_VERSION_ASYNCHDNS
LogInit:      CURL_VERSION_LARGEFILE
LogInit:      CURL_VERSION_IDN
LogInit:  CurlRequestOptions (configurable via config and command line):
LogInit:  - bVerifyPeer = true  - Libcurl will verify peer certificate
LogInit:  - bUseHttpProxy = false  - Libcurl will NOT use HTTP proxy
LogInit:  - bDontReuseConnections = false  - Libcurl will reuse connections
LogInit:  - CertBundlePath = nullptr  - Libcurl will use whatever was configured at build time.
LogInit: Presizing for max 8388607 objects, including 0 objects not considered by GC, pre-allocating 0 bytes for permanent pool.
LogInit: Object subsystem initialized
[2017.05.01-23.58.28:505][  0]LogInit: Selected Device Profile: [Windows]
[2017.05.01-23.58.28:505][  0]LogInit: Applying CVar settings loaded from the selected device profile: [Windows]
[2017.05.01-23.58.28:514][  0]LogInit: Computer: DESKTOP-JAT82AM
[2017.05.01-23.58.28:514][  0]LogInit: User: Alex
[2017.05.01-23.58.28:514][  0]LogInit: CPU Page size=65536, Cores=4
[2017.05.01-23.58.28:514][  0]LogInit: High frequency timer resolution =3.906245 MHz
[2017.05.01-23.58.28:514][  0]LogMemory: Memory total: Physical=15.9GB (16GB approx)
[2017.05.01-23.58.28:514][  0]LogMemory: Platform Memory Stats for Windows
[2017.05.01-23.58.28:514][  0]LogMemory: Process Physical Memory: 193.13 MB used, 193.13 MB peak
[2017.05.01-23.58.28:514][  0]LogMemory: Process Virtual Memory: 195.55 MB used, 195.55 MB peak
[2017.05.01-23.58.28:514][  0]LogMemory: Physical Memory: 5894.96 MB used, 16332.62 MB total
[2017.05.01-23.58.28:514][  0]LogMemory: Virtual Memory: 573.63 MB used, 134217728.00 MB total
[2017.05.01-23.58.28:537][  0]LogTextLocalizationManager: No specific translations for ('en-US') exist, so ('en') translations will be used.
[2017.05.01-23.58.28:846][  0]LogD3D11RHI: D3D11 adapters:
[2017.05.01-23.58.28:868][  0]LogD3D11RHI:    0. 'AMD Radeon R9 200 Series' (Feature Level 11_0)
[2017.05.01-23.58.28:868][  0]LogD3D11RHI:       4073/0/8166 MB DedicatedVideo/DedicatedSystem/SharedSystem, Outputs:1, VendorId:0x1002
[2017.05.01-23.58.28:870][  0]LogD3D11RHI:    1. 'Microsoft Basic Render Driver' (Feature Level 11_0)
[2017.05.01-23.58.28:870][  0]LogD3D11RHI:       0/0/8166 MB DedicatedVideo/DedicatedSystem/SharedSystem, Outputs:0, VendorId:0x1414
[2017.05.01-23.58.28:870][  0]LogD3D11RHI: Chosen D3D11 Adapter: 0
[2017.05.01-23.58.28:874][  0]LogD3D11RHI: Creating new Direct3DDevice
[2017.05.01-23.58.28:874][  0]LogD3D11RHI:     GPU DeviceId: 0x67b0 (for the marketing name, search the web for "GPU Device Id")
[2017.05.01-23.58.28:874][  0]LogWindows: EnumDisplayDevices:
[2017.05.01-23.58.28:874][  0]LogWindows:    0. 'AMD Radeon R9 200 Series' (P:1 D:1)
[2017.05.01-23.58.28:874][  0]LogWindows:    1. 'AMD Radeon R9 200 Series' (P:0 D:0)
[2017.05.01-23.58.28:874][  0]LogWindows:    2. 'AMD Radeon R9 200 Series' (P:0 D:0)
[2017.05.01-23.58.28:875][  0]LogWindows:    3. 'AMD Radeon R9 200 Series' (P:0 D:0)
[2017.05.01-23.58.28:875][  0]LogWindows:    4. 'AMD Radeon R9 200 Series' (P:0 D:0)
[2017.05.01-23.58.28:875][  0]LogWindows:    5. 'AMD Radeon R9 200 Series' (P:0 D:0)
[2017.05.01-23.58.28:875][  0]LogWindows: DebugString: FoundDriverCount:6 
[2017.05.01-23.58.28:875][  0]LogD3D11RHI:     Adapter Name: AMD Radeon R9 200 Series
[2017.05.01-23.58.28:875][  0]LogD3D11RHI:   Driver Version: Crimson ReLive 17.1.1 (internal:21.19.411.0, unified:21.19.411.0)
[2017.05.01-23.58.28:875][  0]LogD3D11RHI:      Driver Date: 1-13-2017
[2017.05.01-23.58.28:875][  0]LogRHI: Texture pool is 1361 MB (70% of 1945 MB)
[2017.05.01-23.58.28:883][  0]LogD3D11RHI: Async texture creation disabled: no driver support
[2017.05.01-23.58.28:895][  0]LogD3D11RHI: GPU Timing Frequency: 27.000000 (Debug: 2 1)
[2017.05.01-23.58.28:896][  0]LogShaderCompilers: Guid format shader working directory is 7 characters bigger than the processId version (C:/Users/Alex/Desktop/Gith/CGT445/Game/Intermediate/Shaders/WorkingDirectory/7128/).
[2017.05.01-23.58.28:896][  0]LogShaderCompilers: Cleaned the shader compiler working directory 'C:/Users/Alex/AppData/Local/Temp/UnrealShaderWorkingDir/930B1551419D75D3576497AF4B8FC725/'.
[2017.05.01-23.58.28:896][  0]LogShaderCompilers:Display: Using Local Shader Compiler.
[2017.05.01-23.58.29:644][  0]LogTemp:Display: Loaded TP AllDesktopTargetPlatform
[2017.05.01-23.58.29:650][  0]LogTemp:Display: Loaded TP WindowsClientTargetPlatform
[2017.05.01-23.58.29:657][  0]LogTemp:Display: Loaded TP WindowsNoEditorTargetPlatform
[2017.05.01-23.58.29:663][  0]LogTemp:Display: Loaded TP WindowsServerTargetPlatform
[2017.05.01-23.58.29:670][  0]LogTemp:Display: Loaded TP WindowsTargetPlatform
[2017.05.01-23.58.29:676][  0]LogTemp:Display: Loaded TP AndroidTargetPlatform
[2017.05.01-23.58.29:682][  0]LogTemp:Display: Loaded TP Android_ASTCTargetPlatform
[2017.05.01-23.58.29:689][  0]LogTemp:Display: Loaded TP Android_ATCTargetPlatform
[2017.05.01-23.58.29:695][  0]LogTemp:Display: Loaded TP Android_DXTTargetPlatform
[2017.05.01-23.58.29:702][  0]LogTemp:Display: Loaded TP Android_ETC1TargetPlatform
[2017.05.01-23.58.29:709][  0]LogTemp:Display: Loaded TP Android_ETC2TargetPlatform
[2017.05.01-23.58.29:722][  0]LogTemp:Display: Loaded TP Android_MultiTargetPlatform
[2017.05.01-23.58.29:722][  0]LogTemp:Display: Loaded TP Android_PVRTCTargetPlatform
[2017.05.01-23.58.29:723][  0]LogTemp:Display: Loaded TP HTML5TargetPlatform
[2017.05.01-23.58.29:741][  0]LogTemp:Display: Loaded TP IOSTargetPlatform
[2017.05.01-23.58.29:746][  0]LogTemp:Display: Loaded TP TVOSTargetPlatform
[2017.05.01-23.58.29:752][  0]LogTemp:Display: Loaded TP LinuxNoEditorTargetPlatform
[2017.05.01-23.58.29:758][  0]LogTemp:Display: Loaded TP LinuxServerTargetPlatform
[2017.05.01-23.58.29:764][  0]LogTemp:Display: Loaded TP LinuxTargetPlatform
[2017.05.01-23.58.29:764][  0]LogTargetPlatformManager:Display: Building Assets For Windows
[2017.05.01-23.58.29:814][  0]LogDerivedDataCache:Display: Max Cache Size: 512 MB
[2017.05.01-23.58.29:858][  0]LogDerivedDataCache: Loaded boot cache 0.04s 48MB C:/Users/Alex/AppData/Local/UnrealEngine/4.12/DerivedDataCache/Boot.ddc.
[2017.05.01-23.58.29:862][  0]LogDerivedDataCache:Display: Loaded Boot cache: C:/Users/Alex/AppData/Local/UnrealEngine/4.12/DerivedDataCache/Boot.ddc
[2017.05.01-23.58.29:862][  0]LogDerivedDataCache: FDerivedDataBackendGraph:  Pak pak cache file C:/Users/Alex/Desktop/Gith/CGT445/Game/DerivedDataCache/DDC.ddp not found, will not use a pak cache.
[2017.05.01-23.58.29:862][  0]LogDerivedDataCache: Unable to find inner node Pak for hierarchical cache Hierarchy.
[2017.05.01-23.58.29:862][  0]LogDerivedDataCache: FDerivedDataBackendGraph:  CompressedPak pak cache file C:/Users/Alex/Desktop/Gith/CGT445/Game/DerivedDataCache/Compressed.ddp not found, will not use a pak cache.
[2017.05.01-23.58.29:862][  0]LogDerivedDataCache: Unable to find inner node CompressedPak for hierarchical cache Hierarchy.
[2017.05.01-23.58.29:930][  0]LogDerivedDataCache:Display: Pak cache opened for reading ../../../Engine/DerivedDataCache/Compressed.ddp.
[2017.05.01-23.58.29:945][  0]LogDerivedDataCache: Using Local data cache path C:/Users/Alex/AppData/Local/UnrealEngine/Common/DerivedDataCache: Writable
[2017.05.01-23.58.30:176][  0]LogInit: Selected Device Profile: [Windows]
[2017.05.01-23.58.30:176][  0]LogContentStreaming: Texture pool size is 0.00 MB
[2017.05.01-23.58.30:306][  0]LogMeshUtilities: No automatic mesh reduction module available
[2017.05.01-23.58.30:306][  0]LogMeshUtilities: No automatic mesh merging module available
[2017.05.01-23.58.30:306][  0]LogMeshUtilities: No distributed automatic mesh merging module available
[2017.05.01-23.58.30:526][  0]LogAssetRegistry: FAssetRegistry took 0.0211 seconds to start up
[2017.05.01-23.58.30:554][  0]LogPackageLocalizationCache: Processed 3 localized package path(s) for 2 prioritized culture(s) in 0.025896 seconds
[2017.05.01-23.58.30:558][  0]LogUObjectArray: 28739 objects as part of root set at end of initial load.
[2017.05.01-23.58.30:558][  0]LogUObjectAllocator: 5855632 out of 0 bytes used by permanent object pool.
[2017.05.01-23.58.30:558][  0]LogUObjectArray: CloseDisregardForGC: 0/0 objects in disregard for GC pool
[2017.05.01-23.58.30:561][  0]LogInit: WinSock: version 1.1 (2.2), MaxSocks=32767, MaxUdp=65467
[2017.05.01-23.58.30:687][  0]LogSlate: SlateFontCache - WITH_FREETYPE: 1, WITH_HARFBUZZ: 1
[2017.05.01-23.58.30:687][  0]LogSlate: SlateFontCache - WITH_FREETYPE: 1, WITH_HARFBUZZ: 1
[2017.05.01-23.58.31:387][  0]LogUdpMessaging: Initializing bridge on interface 0.0.0.0:0 to multicast group 230.0.0.1:6666.
[2017.05.01-23.58.31:611][  0]SourceControl: Info Source control is disabled
[2017.05.01-23.58.31:611][  0]SourceControl: Info Source control is disabled
[2017.05.01-23.58.31:619][  0]SourceControl: Info Source control is disabled
[2017.05.01-23.58.31:626][  0]SourceControl: Info Source control is disabled
[2017.05.01-23.58.31:797][  0]LogEngine: Initializing Engine...
[2017.05.01-23.58.31:798][  0]LogHMD: SteamVR failed to initialize.  Err: 110
[2017.05.01-23.58.31:798][  0]LogHMD: SteamVR failed to initialize.  Err: 110
[2017.05.01-23.58.31:907][  0]LogAIModule: Creating AISystem for world NewWorld
[2017.05.01-23.58.31:913][  0]LogInit: XAudio2 using 'Speakers (Realtek High Definition Audio)' : 2 channels at 48 kHz using 32 bits per sample (channel mask 0x3)
[2017.05.01-23.58.31:924][  0]LogInit: FAudioDevice initialized.
[2017.05.01-23.58.31:943][  0]LogDerivedDataCache: Saved boot cache 0.02s 48MB C:/Users/Alex/AppData/Local/UnrealEngine/4.12/DerivedDataCache/Boot.ddc.
[2017.05.01-23.58.31:949][  0]LogInit: Texture streaming: Enabled
[2017.05.01-23.58.31:964][  0]LogInit: Transaction tracking system initialized
[2017.05.01-23.58.31:977][  0]BlueprintLog: New page: Editor Load
[2017.05.01-23.58.32:023][  0]LocalizationService: Info Localization service is disabled
[2017.05.01-23.58.32:068][  0]LogConsoleResponse:Display: 
[2017.05.01-23.58.32:161][  0]LogCook:Display: Max memory allowance for cook 8192mb
[2017.05.01-23.58.32:161][  0]LogCook:Display: Mobile HDR setting 1
[2017.05.01-23.58.32:231][  0]LogFileCache: Scanning file cache for directory 'C:/Users/Alex/Desktop/Gith/CGT445/Game/Content/' took 0.02s
[2017.05.01-23.58.32:231][  0]SourceControl: Info Source control is disabled
[2017.05.01-23.58.32:303][  0]LogWindowsTextInputMethodSystem:Display: IME system now deactivated.
[2017.05.01-23.58.38:046][  0]LogWindowsTextInputMethodSystem:Display: IME system now deactivated.
[2017.05.01-23.58.38:062][  0]LogWindowsTextInputMethodSystem:Display: IME system now deactivated.
[2017.05.01-23.58.40:319][  0]LogWindowsTextInputMethodSystem:Display: IME system now deactivated.
[2017.05.01-23.58.40:330][  0]LogWindowsTextInputMethodSystem:Display: IME system now deactivated.
[2017.05.01-23.58.40:331][  0]Cmd: MAP LOAD FILE="C:/Users/Alex/Desktop/Gith/CGT445/Game/Content/Maps/Grand_Cafeteria.umap" TEMPLATE=0 SHOWPROGRESS=1 FEATURELEVEL=3
[2017.05.01-23.58.40:331][  0]LightingResults: New page: Lighting Build
[2017.05.01-23.58.40:333][  0]MapCheck: New page: Map Check
[2017.05.01-23.58.40:333][  0]LightingResults: New page: Lighting Build
[2017.05.01-23.58.42:027][  0]LogAIModule: Creating AISystem for world Grand_Cafeteria
[2017.05.01-23.58.42:064][  0]LogEditorServer: Finished looking for orphan Actors (0.000 secs)
[2017.05.01-23.58.42:065][  0]Cmd: MAP CHECKDEP NOCLEARLOG
[2017.05.01-23.58.42:136][  0]MapCheck: Info Map check complete: 0 Error(s), 0 Warning(s), took 71.064ms to complete.
[2017.05.01-23.58.42:136][  0]LogFileHelpers: Loading map 'Grand_Cafeteria' took 1.806
[2017.05.01-23.58.42:292][  0]LogStats:Warning: MetaData mismatch. Did you assign a stat to two groups? New //STATGROUP_Threads//SplashScreenThread///Thread_2ab0_0///####STATCAT_Advanced#### old //STATGROUP_Threads//SplashScreenThread///Thread_40ac_0///####STATCAT_Advanced####
[2017.05.01-23.58.42:292][  0]LogCollectionManager: Loaded 1 collections in 0.000769 seconds
[2017.05.01-23.58.42:330][  0]LogFileCache: Scanning file cache for directory 'C:/Users/Alex/Desktop/Gith/CGT445/Game/Saved/Collections/' took 0.01s
[2017.05.01-23.58.42:330][  0]LogFileCache: Scanning file cache for directory 'C:/Users/Alex/Desktop/Gith/CGT445/Game/Content/Developers/Alex/Collections/' took 0.01s
[2017.05.01-23.58.42:330][  0]LogFileCache: Scanning file cache for directory 'C:/Users/Alex/Desktop/Gith/CGT445/Game/Content/Collections/' took 0.01s
[2017.05.01-23.58.42:330][  0]LogCollectionManager: Rebuilt the GUID cache for 1 collections in 0.000006 seconds
[2017.05.01-23.58.42:330][  0]LogCollectionManager: Rebuilt the hierarchy cache for 1 collections in 0.000000 seconds
[2017.05.01-23.58.42:337][  0]LogContentBrowser: Native class hierarchy populated in 0.0068 seconds. Added 2047 classes and 369 folders.
[2017.05.01-23.58.42:339][  0]LogStats: UGameplayTagsManager::ConstructGameplayTagTree: Construct from data asset -  0.000 s
[2017.05.01-23.58.42:339][  0]LogStats: UGameplayTagsManager::ConstructGameplayTagTree: GameplayTagTreeChangedEvent.Broadcast -  0.000 s
[2017.05.01-23.58.42:339][  0]LogContentBrowser: Native class hierarchy updated for 'GameplayTags' in 0.0003 seconds. Added 12 classes and 0 folders.
[2017.05.01-23.58.42:341][  0]LogContentBrowser: Native class hierarchy updated for 'WidgetCarousel' in 0.0002 seconds. Added 0 classes and 0 folders.
[2017.05.01-23.58.42:386][  0]LogContentBrowser: Native class hierarchy updated for 'AddContentDialog' in 0.0004 seconds. Added 0 classes and 0 folders.
[2017.05.01-23.58.42:388][  0]LogContentBrowser: Native class hierarchy updated for 'SceneOutliner' in 0.0003 seconds. Added 1 classes and 2 folders.
[2017.05.01-23.58.42:449][  0]LogCrashTracker: Crashtracker disabled due to settings.
[2017.05.01-23.58.42:454][  0]LogUObjectGlobals:Warning: Failed to find object 'Class None.'
[2017.05.01-23.58.42:478][  0]LogContentBrowser: Native class hierarchy updated for 'HierarchicalLODOutliner' in 0.0003 seconds. Added 1 classes and 2 folders.
[2017.05.01-23.58.42:478][  0]LogLoad: Full Startup: 15.51 seconds (BP compile: 0.36 seconds)
[2017.05.01-23.58.42:478][  0]LogExternalProfiler: No external profilers were discovered.  External profiling features will not be available.
[2017.05.01-23.58.42:488][  0]LogOcInput: OculusInput pre-init called
[2017.05.01-23.58.42:519][  0]LogContentStreaming: Texture pool size now 1000 MB
[2017.05.01-23.58.42:646][  0]LogRenderer: Reallocating scene render targets to support 952x576 (Frame:2).
[2017.05.01-23.58.42:774][  1]LogAssetRegistry: Asset discovery search completed in 12.2689 seconds
[2017.05.01-23.58.42:774][  1]LogCollectionManager: Rebuilt the object cache for 1 collections in 0.000005 seconds (found 0 objects)
[2017.05.01-23.58.42:774][  1]LogCollectionManager: Fixed up redirectors for 1 collections in 0.000017 seconds (updated 0 objects)
[2017.05.01-23.58.46:971][423]LogContentBrowser: Native class hierarchy updated for 'BlueprintGraph' in 0.0006 seconds. Added 111 classes and 0 folders.
[2017.05.01-23.58.48:942][423]LogFileCache: Retrieving MD5 hashes for directory 'C:/Users/Alex/Desktop/Gith/CGT445/Game/Content/' took 6.44s
[2017.05.01-23.58.52:947][817]AssetReimport: New page: Outstanding source content changes 2:58:52 PM
[2017.05.01-23.58.58:702][140]AssetReimport: Info Attempting to delete bathroom_sink_free01 (its source file has been removed).
[2017.05.01-23.59.19:268][517]LogActorFactory: Actor Factory created Shape_Cube
[2017.05.01-23.59.20:543][633]LogActorFactory: Actor Factory created Shape_Cube
[2017.05.01-23.59.22:341][806]LogEditorViewport: Clicking on Actor (context menu): StaticMeshActor (Floor_400x400)
[2017.05.01-23.59.23:462][908]LogEditorViewport: Clicking on Actor (LMB): StaticMeshActor (Floor_400x400)
[2017.05.01-23.59.25:376][ 99]LogEditorViewport: Clicking on Actor (LMB): StaticMeshActor (Shape_Cube)
[2017.05.02-00.01.16:516][287]LogEditorViewport: Clicking on Actor (LMB): StaticMeshActor (CokeMachine4)
[2017.05.02-00.01.17:326][375]LogEditorViewport: Clicking on Actor (LMB): StaticMeshActor (Shape_Cube3)
[2017.05.02-00.01.30:801][872]Cmd: TRANSACTION UNDO
[2017.05.02-00.01.30:801][872]LogEditorTransaction: Undo Create Actors
[2017.05.02-00.01.53:028][632]LogEditorViewport: Clicking on Actor (context menu): StaticMeshActor (CokeMachine4)
[2017.05.02-00.02.24:283][875]LogEditorViewport: Clicking on Actor (LMB): StaticMeshActor (dining_table_fixed17)
[2017.05.02-00.03.08:876][994]LogEditorViewport: Clicking on Actor (LMB): StaticMeshActor (Floor_400x400)
[2017.05.02-00.03.12:980][423]LogEditorViewport: Clicking on Actor (LMB): StaticMeshActor (Shape_Cube)
[2017.05.02-00.03.14:402][573]LogEditorViewport: Clicking on Actor (LMB): StaticMeshActor (Floor_400x400)
[2017.05.02-00.03.14:848][621]LogEditorViewport: Clicking on Actor (LMB): StaticMeshActor (Shape_Cube)
[2017.05.02-00.03.20:905][228]LogEditorViewport: Clicking on Actor (LMB): StaticMeshActor (Shape_Cube9)
[2017.05.02-00.03.20:978][232]Cmd: DELETE
[2017.05.02-00.03.20:978][232]Cmd: ACTOR DELETE
[2017.05.02-00.03.20:980][232]LogEditorActor: Deleted Actor: StaticMeshActor
[2017.05.02-00.03.21:000][232]LogEditorActor: Deleted 1 Actors (0.021 secs)
[2017.05.02-00.03.22:674][420]Cmd: TRANSACTION UNDO
[2017.05.02-00.03.22:674][420]LogEditorTransaction: Undo Delete Actors
[2017.05.02-00.03.23:047][453]LogEditorViewport: Clicking on Actor (LMB): StaticMeshActor (Shape_Cube9)
[2017.05.02-00.03.23:463][498]LogEditorViewport: Clicking on Actor (LMB): StaticMeshActor (Shape_Cube9)
[2017.05.02-00.03.24:311][595]LogEditorViewport: Clicking on Actor (LMB): StaticMeshActor (Shape_Cube8)
[2017.05.02-00.03.25:093][681]LogEditorViewport: Clicking on Actor (LMB): StaticMeshActor (Floor_400x413)
[2017.05.02-00.03.25:588][732]LogEditorViewport: Clicking on Actor (LMB): StaticMeshActor (Shape_Cube6)
[2017.05.02-00.03.28:506][ 33]LogEditorViewport: Clicking on Actor (LMB): StaticMeshActor (Shape_Cube7)
[2017.05.02-00.03.30:707][257]LogEditorViewport: Clicking on Actor (LMB): StaticMeshActor (Shape_Cube9)
[2017.05.02-00.03.33:451][559]LogEditorViewport: Clicking on Actor (LMB): StaticMeshActor (Shape_Cube9)
[2017.05.02-00.03.33:751][592]LogEditorViewport: Clicking on Actor (LMB): StaticMeshActor (Shape_Cube9)
[2017.05.02-00.03.34:003][620]LogEditorViewport: Clicking on Actor (LMB): StaticMeshActor (Shape_Cube8)
[2017.05.02-00.03.37:889][ 39]LogEditorViewport: Clicking on Actor (LMB): StaticMeshActor (Shape_Cube7)
[2017.05.02-00.03.41:274][421]LogEditorViewport: Clicking on Actor (LMB): StaticMeshActor (Shape_Cube6)
[2017.05.02-00.03.44:737][817]LogEditorViewport: Clicking on Actor (LMB): StaticMeshActor (Shape_Cube7)
[2017.05.02-00.03.58:462][189]LogEditorViewport: Clicking on Actor (LMB): StaticMeshActor (Floor_400x400)
[2017.05.02-00.03.58:981][245]LogEditorViewport: Clicking on Actor (LMB): FoodFightersPlayerStart_C (FoodFightersPlayerStart2)
[2017.05.02-00.04.07:919][  1]Cmd: OBJ SAVEPACKAGE PACKAGE="/Game/Maps/Grand_Cafeteria" FILE="C:/Users/Alex/Desktop/Gith/CGT445/Game/Content/Maps/Grand_Cafeteria.umap" SILENT=true AUTOSAVING=false KEEPDIRTY=false
[2017.05.02-00.04.08:385][  1]LogSavePackage: Save=422.28ms
[2017.05.02-00.04.08:385][  1]LogSavePackage: Moving 'C:/Users/Alex/Desktop/Gith/CGT445/Game/Saved/Grand_Cafeteria0D77F2DD46AFE47C4E5F018F9E22F0D0.tmp' to 'C:/Users/Alex/Desktop/Gith/CGT445/Game/Content/Maps/Grand_Cafeteria.umap'
[2017.05.02-00.04.08:388][  1]LogSavePackage:Display: Finished SavePackage C:/Users/Alex/Desktop/Gith/CGT445/Game/Content/Maps/Grand_Cafeteria.umap
[2017.05.02-00.04.08:423][  1]LogFileHelpers: Saving map 'Grand_Cafeteria' took 0.577
[2017.05.02-00.04.08:719][  1]LogActorComponent: UnregisterComponent: (/Engine/Transient.EditorFloorComp) Not registered. Aborting.
[2017.05.02-00.04.08:809][  1]LogWindowsTextInputMethodSystem:Display: IME system now deactivated.
[2017.05.02-00.04.09:009][  2]Cmd: QUIT_EDITOR
[2017.05.02-00.04.09:090][  2]LogExit: Preparing to exit.
[2017.05.02-00.04.09:661][  2]LogExit: Editor shut down
[2017.05.02-00.04.09:662][  2]LogExit: Transaction tracking system shut down
[2017.05.02-00.04.09:807][  2]LogObj: Freed 0b from 0 cluster array pools.
[2017.05.02-00.04.09:809][  2]LogExit: Object subsystem successfully closed.
[2017.05.02-00.04.09:821][  2]LogD3D11RHI: Shutdown
[2017.05.02-00.04.09:821][  2]LogD3D11RHI: CleanupD3DDevice
[2017.05.02-00.04.09:987][  2]LogD3D11RHI: ~FD3D11DynamicRHI
[2017.05.02-00.04.09:993][  2]LogModuleManager: Shutting down and abandoning module SequencerWidgets (215)
[2017.05.02-00.04.09:993][  2]LogModuleManager: Shutting down and abandoning module BlueprintGraph (214)
[2017.05.02-00.04.09:993][  2]LogModuleManager: Shutting down and abandoning module HierarchicalLODOutliner (213)
[2017.05.02-00.04.09:993][  2]LogModuleManager: Shutting down and abandoning module CrashTracker (212)
[2017.05.02-00.04.09:993][  2]LogModuleManager: Shutting down and abandoning module SceneOutliner (211)
[2017.05.02-00.04.09:993][  2]LogModuleManager: Shutting down and abandoning module WidgetCarousel (210)
[2017.05.02-00.04.09:993][  2]LogModuleManager: Shutting down and abandoning module AddContentDialog (209)
[2017.05.02-00.04.09:994][  2]LogModuleManager: Shutting down and abandoning module GameplayTags (208)
[2017.05.02-00.04.09:994][  2]LogModuleManager: Shutting down and abandoning module EditorWidgets (207)
[2017.05.02-00.04.09:994][  2]LogModuleManager: Shutting down and abandoning module CollectionManager (206)
[2017.05.02-00.04.09:994][  2]LogModuleManager: Shutting down and abandoning module StatsViewer (205)
[2017.05.02-00.04.09:994][  2]LogModuleManager: Shutting down and abandoning module FoliageEdit (204)
[2017.05.02-00.04.09:994][  2]LogModuleManager: Shutting down and abandoning module LandscapeEditor (203)
[2017.05.02-00.04.09:994][  2]LogModuleManager: Shutting down and abandoning module SceneDepthPickerMode (202)
[2017.05.02-00.04.09:994][  2]LogModuleManager: Shutting down and abandoning module ActorPickerMode (201)
[2017.05.02-00.04.09:994][  2]LogModuleManager: Shutting down and abandoning module GeometryMode (200)
[2017.05.02-00.04.09:994][  2]LogModuleManager: Shutting down and abandoning module TextureAlignMode (199)
[2017.05.02-00.04.09:994][  2]LogModuleManager: Shutting down and abandoning module BspMode (198)
[2017.05.02-00.04.09:994][  2]LogModuleManager: Shutting down and abandoning module HardwareSurvey (197)
[2017.05.02-00.04.09:994][  2]LogModuleManager: Shutting down and abandoning module SequenceRecorderSections (196)
[2017.05.02-00.04.09:994][  2]LogModuleManager: Shutting down and abandoning module SequenceRecorder (195)
[2017.05.02-00.04.09:994][  2]LogModuleManager: Shutting down and abandoning module AutomationWorker (194)
[2017.05.02-00.04.09:994][  2]LogModuleManager: Shutting down and abandoning module MatineeToLevelSequence (193)
[2017.05.02-00.04.09:994][  2]LogModuleManager: Shutting down and abandoning module PlacementMode (192)
[2017.05.02-00.04.09:994][  2]LogModuleManager: Shutting down and abandoning module LevelSequenceEditor (191)
[2017.05.02-00.04.09:994][  2]LogModuleManager: Shutting down and abandoning module CharacterAI (190)
[2017.05.02-00.04.09:994][  2]LogModuleManager: Shutting down and abandoning module SmartSnapping (189)
[2017.05.02-00.04.09:994][  2]LogModuleManager: Shutting down and abandoning module SessionServices (188)
[2017.05.02-00.04.09:994][  2]LogModuleManager: Shutting down and abandoning module ViewportSnapping (187)
[2017.05.02-00.04.09:994][  2]LogModuleManager: Shutting down and abandoning module LogVisualizer (186)
[2017.05.02-00.04.09:995][  2]LogModuleManager: Shutting down and abandoning module GameProjectGeneration (185)
[2017.05.02-00.04.09:995][  2]LogModuleManager: Shutting down and abandoning module IntroTutorials (184)
[2017.05.02-00.04.09:995][  2]LogModuleManager: Shutting down and abandoning module EditorLiveStreaming (183)
[2017.05.02-00.04.09:995][  2]LogModuleManager: Shutting down and abandoning module IOSPlatformEditor (182)
[2017.05.02-00.04.09:995][  2]LogModuleManager: Shutting down and abandoning module HTML5PlatformEditor (181)
[2017.05.02-00.04.09:995][  2]LogModuleManager: Shutting down and abandoning module AndroidDeviceDetection (180)
[2017.05.02-00.04.10:167][  2]LogModuleManager: Shutting down and abandoning module AndroidPlatformEditor (179)
[2017.05.02-00.04.10:167][  2]LogModuleManager: Shutting down and abandoning module IOSRuntimeSettings (178)
[2017.05.02-00.04.10:167][  2]LogModuleManager: Shutting down and abandoning module AndroidRuntimeSettings (177)
[2017.05.02-00.04.10:167][  2]LogModuleManager: Shutting down and abandoning module MergeActors (176)
[2017.05.02-00.04.10:167][  2]LogModuleManager: Shutting down and abandoning module SizeMap (175)
[2017.05.02-00.04.10:167][  2]LogModuleManager: Shutting down and abandoning module TreeMap (174)
[2017.05.02-00.04.10:167][  2]LogModuleManager: Shutting down and abandoning module ReferenceViewer (173)
[2017.05.02-00.04.10:167][  2]LogModuleManager: Shutting down and abandoning module LocalizationService (172)
[2017.05.02-00.04.10:167][  2]LogModuleManager: Shutting down and abandoning module LocalizationDashboard (171)
[2017.05.02-00.04.10:167][  2]LogModuleManager: Shutting down and abandoning module HardwareTargeting (170)
[2017.05.02-00.04.10:167][  2]LogModuleManager: Shutting down and abandoning module DeviceProfileEditor (169)
[2017.05.02-00.04.10:167][  2]LogModuleManager: Shutting down and abandoning module UndoHistory (168)
[2017.05.02-00.04.10:167][  2]LogModuleManager: Shutting down and abandoning module UserFeedback (167)
[2017.05.02-00.04.10:167][  2]LogModuleManager: Shutting down and abandoning module XmlParser (166)
[2017.05.02-00.04.10:168][  2]LogModuleManager: Shutting down and abandoning module Blutility (165)
[2017.05.02-00.04.10:168][  2]LogModuleManager: Shutting down and abandoning module ProjectTargetPlatformEditor (164)
[2017.05.02-00.04.10:168][  2]LogModuleManager: Shutting down and abandoning module ProjectSettingsViewer (163)
[2017.05.02-00.04.10:168][  2]LogModuleManager: Shutting down and abandoning module InputBindingEditor (162)
[2017.05.02-00.04.10:168][  2]LogModuleManager: Shutting down and abandoning module EditorSettingsViewer (161)
[2017.05.02-00.04.10:168][  2]LogModuleManager: Shutting down and abandoning module SettingsEditor (160)
[2017.05.02-00.04.10:168][  2]LogModuleManager: Shutting down and abandoning module ProjectLauncher (159)
[2017.05.02-00.04.10:168][  2]LogModuleManager: Shutting down and abandoning module SessionFrontend (158)
[2017.05.02-00.04.10:168][  2]LogModuleManager: Shutting down and abandoning module ProfilerClient (157)
[2017.05.02-00.04.10:168][  2]LogModuleManager: Shutting down and abandoning module TargetDeviceServices (156)
[2017.05.02-00.04.10:168][  2]LogModuleManager: Shutting down and abandoning module DeviceManager (155)
[2017.05.02-00.04.10:221][  2]LogModuleManager: Shutting down and abandoning module AutomationController (154)
[2017.05.02-00.04.10:221][  2]LogModuleManager: Shutting down and abandoning module AutomationWindow (153)
[2017.05.02-00.04.10:221][  2]LogModuleManager: Shutting down and abandoning module Layers (152)
[2017.05.02-00.04.10:221][  2]LogModuleManager: Shutting down and abandoning module ComponentVisualizers (151)
[2017.05.02-00.04.10:221][  2]LogModuleManager: Shutting down and abandoning module DetailCustomizations (150)
[2017.05.02-00.04.10:221][  2]LogModuleManager: Shutting down and abandoning module PackagesDialog (149)
[2017.05.02-00.04.10:221][  2]LogModuleManager: Shutting down and abandoning module Persona (148)
[2017.05.02-00.04.10:221][  2]LogModuleManager: Shutting down and abandoning module Kismet (147)
[2017.05.02-00.04.10:221][  2]LogModuleManager: Shutting down and abandoning module GraphEditor (146)
[2017.05.02-00.04.10:221][  2]LogModuleManager: Shutting down and abandoning module ClassViewer (145)
[2017.05.02-00.04.10:221][  2]LogModuleManager: Shutting down and abandoning module Toolbox (144)
[2017.05.02-00.04.10:221][  2]LogModuleManager: Shutting down and abandoning module ModuleUI (143)
[2017.05.02-00.04.10:221][  2]LogModuleManager: Shutting down and abandoning module MovieSceneTools (142)
[2017.05.02-00.04.10:221][  2]LogModuleManager: Shutting down and abandoning module OutputLog (141)
[2017.05.02-00.04.10:221][  2]LogModuleManager: Shutting down and abandoning module GammaUI (140)
[2017.05.02-00.04.10:221][  2]LogModuleManager: Shutting down and abandoning module Documentation (139)
[2017.05.02-00.04.10:221][  2]LogModuleManager: Shutting down and abandoning module StreamingPauseRendering (138)
[2017.05.02-00.04.10:221][  2]LogModuleManager: Shutting down and abandoning module AnalyticsET (137)
[2017.05.02-00.04.10:221][  2]LogModuleManager: Shutting down and abandoning module Analytics (136)
[2017.05.02-00.04.10:221][  2]LogModuleManager: Shutting down and abandoning module PortalServices (135)
[2017.05.02-00.04.10:221][  2]LogModuleManager: Shutting down and abandoning module PortalRpc (134)
[2017.05.02-00.04.10:221][  2]LogModuleManager: Shutting down and abandoning module MessagingRpc (133)
[2017.05.02-00.04.10:221][  2]LogModuleManager: Shutting down and abandoning module GameplayDebugger (132)
[2017.05.02-00.04.10:221][  2]LogModuleManager: Shutting down and abandoning module AITestSuite (131)
[2017.05.02-00.04.10:221][  2]LogModuleManager: Shutting down and abandoning module AIModule (130)
[2017.05.02-00.04.10:222][  2]LogModuleManager: Shutting down and abandoning module ProfilerService (129)
[2017.05.02-00.04.10:460][  2]LogModuleManager: Shutting down and abandoning module TaskGraph (128)
[2017.05.02-00.04.10:460][  2]LogModuleManager: Shutting down and abandoning module SlateRemote (127)
[2017.05.02-00.04.10:460][  2]LogModuleManager: Shutting down and abandoning module SteamVRController (126)
[2017.05.02-00.04.10:460][  2]LogModuleManager: Shutting down and abandoning module SteamVR (125)
[2017.05.02-00.04.10:460][  2]LogModuleManager: Shutting down and abandoning module ProceduralMeshComponent (124)
[2017.05.02-00.04.10:460][  2]LogModuleManager: Shutting down and abandoning module OculusLibrary (123)
[2017.05.02-00.04.10:460][  2]LogModuleManager: Shutting down and abandoning module OculusInput (122)
[2017.05.02-00.04.10:460][  2]LogModuleManager: Shutting down and abandoning module CustomMeshComponent (121)
[2017.05.02-00.04.10:460][  2]LogModuleManager: Shutting down and abandoning module CableComponent (120)
[2017.05.02-00.04.10:460][  2]LogModuleManager: Shutting down and abandoning module ArchVisCharacter (119)
[2017.05.02-00.04.10:460][  2]LogModuleManager: Shutting down and abandoning module MediaPlayerEditor (118)
[2017.05.02-00.04.10:460][  2]LogModuleManager: Shutting down and abandoning module HTML5Networking (117)
[2017.05.02-00.04.10:460][  2]LogModuleManager: Shutting down and abandoning module SuperSearch (116)
[2017.05.02-00.04.10:460][  2]LogModuleManager: Shutting down and abandoning module SuperSearchEditor (115)
[2017.05.02-00.04.10:460][  2]LogModuleManager: Shutting down and abandoning module SpeedTreeImporter (114)
[2017.05.02-00.04.10:460][  2]LogModuleManager: Shutting down and abandoning module PluginBrowser (113)
[2017.05.02-00.04.10:460][  2]LogModuleManager: Shutting down and abandoning module EpicSurvey (112)
[2017.05.02-00.04.10:460][  2]LogModuleManager: Shutting down and abandoning module DesktopPlatform (111)
[2017.05.02-00.04.10:460][  2]LogModuleManager: Shutting down and abandoning module VisualStudioSourceCodeAccess (110)
[2017.05.02-00.04.10:460][  2]LogModuleManager: Shutting down and abandoning module UObjectPlugin (109)
[2017.05.02-00.04.10:460][  2]LogModuleManager: Shutting down and abandoning module SubversionSourceControl (108)
[2017.05.02-00.04.10:460][  2]LogModuleManager: Shutting down and abandoning module PerforceSourceControl (107)
[2017.05.02-00.04.10:460][  2]LogModuleManager: Shutting down and abandoning module SourceControl (106)
[2017.05.02-00.04.10:460][  2]LogModuleManager: Shutting down and abandoning module GitSourceControl (105)
[2017.05.02-00.04.10:460][  2]LogModuleManager: Shutting down and abandoning module LightPropagationVolumeEditor (104)
[2017.05.02-00.04.10:460][  2]LogModuleManager: Shutting down and abandoning module PaperTiledImporter (103)
[2017.05.02-00.04.10:460][  2]LogModuleManager: Shutting down and abandoning module PaperSpriteSheetImporter (102)
[2017.05.02-00.04.10:460][  2]LogModuleManager: Shutting down and abandoning module MeshPaint (101)
[2017.05.02-00.04.10:460][  2]LogModuleManager: Shutting down and abandoning module PixelInspectorModule (100)
[2017.05.02-00.04.10:460][  2]LogModuleManager: Shutting down and abandoning module HotReload (99)
[2017.05.02-00.04.10:461][  2]LogModuleManager: Shutting down and abandoning module MainFrame (98)
[2017.05.02-00.04.10:461][  2]LogModuleManager: Shutting down and abandoning module LevelEditor (97)
[2017.05.02-00.04.10:461][  2]LogModuleManager: Shutting down and abandoning module ContentBrowser (96)
[2017.05.02-00.04.10:462][  2]LogModuleManager: Shutting down and abandoning module Paper2DEditor (95)
[2017.05.02-00.04.10:462][  2]LogModuleManager: Shutting down and abandoning module UdpMessaging (94)
[2017.05.02-00.04.10:563][  2]LogModuleManager: Shutting down and abandoning module LightPropagationVolumeRuntime (93)
[2017.05.02-00.04.10:563][  2]LogModuleManager: Shutting down and abandoning module Paper2D (92)
[2017.05.02-00.04.10:563][  2]LogModuleManager: Shutting down and abandoning module WindowsMoviePlayer (91)
[2017.05.02-00.04.10:563][  2]LogModuleManager: Shutting down and abandoning module Media (90)
[2017.05.02-00.04.10:563][  2]LogModuleManager: Shutting down and abandoning module WmfMedia (89)
[2017.05.02-00.04.10:563][  2]LogModuleManager: Shutting down and abandoning module MediaAssets (88)
[2017.05.02-00.04.10:563][  2]LogModuleManager: Shutting down and abandoning module GameLiveStreaming (87)
[2017.05.02-00.04.10:563][  2]LogModuleManager: Shutting down and abandoning module GameplayTagsEditor (86)
[2017.05.02-00.04.10:563][  2]LogModuleManager: Shutting down and abandoning module OnlineBlueprintSupport (85)
[2017.05.02-00.04.10:563][  2]LogModuleManager: Shutting down and abandoning module VREditor (84)
[2017.05.02-00.04.10:563][  2]LogModuleManager: Shutting down and abandoning module GameplayTasksEditor (83)
[2017.05.02-00.04.10:563][  2]LogModuleManager: Shutting down and abandoning module PropertyEditor (82)
[2017.05.02-00.04.10:563][  2]LogModuleManager: Shutting down and abandoning module BehaviorTreeEditor (81)
[2017.05.02-00.04.10:563][  2]LogModuleManager: Shutting down and abandoning module FunctionalTesting (80)
[2017.05.02-00.04.10:563][  2]LogModuleManager: Shutting down and abandoning module CollisionAnalyzer (79)
[2017.05.02-00.04.10:563][  2]LogModuleManager: Shutting down and abandoning module Sequencer (78)
[2017.05.02-00.04.10:563][  2]LogModuleManager: Shutting down and abandoning module WorkspaceMenuStructure (77)
[2017.05.02-00.04.10:563][  2]LogModuleManager: Shutting down and abandoning module MessageLog (76)
[2017.05.02-00.04.10:563][  2]LogModuleManager: Shutting down and abandoning module AssetTools (75)
[2017.05.02-00.04.10:563][  2]LogModuleManager: Shutting down and abandoning module UMGEditor (74)
[2017.05.02-00.04.10:563][  2]LogModuleManager: Shutting down and abandoning module UMG (73)
[2017.05.02-00.04.10:563][  2]LogModuleManager: Shutting down and abandoning module SlateReflector (72)
[2017.05.02-00.04.10:563][  2]LogModuleManager: Shutting down and abandoning module Slate (71)
[2017.05.02-00.04.10:563][  2]LogModuleManager: Shutting down and abandoning module EditorStyle (70)
[2017.05.02-00.04.10:565][  2]LogModuleManager: Shutting down and abandoning module SourceCodeAccess (69)
[2017.05.02-00.04.10:565][  2]LogModuleManager: Shutting down and abandoning module HeadMountedDisplay (68)
[2017.05.02-00.04.10:565][  2]LogModuleManager: Shutting down and abandoning module XAudio2 (67)
[2017.05.02-00.04.10:565][  2]LogModuleManager: Shutting down and abandoning module Networking (65)
[2017.05.02-00.04.10:565][  2]LogModuleManager: Shutting down and abandoning module Core (64)
[2017.05.02-00.04.10:565][  2]LogModuleManager: Shutting down and abandoning module DirectoryWatcher (63)
[2017.05.02-00.04.10:565][  2]LogModuleManager: Shutting down and abandoning module AssetRegistry (62)
[2017.05.02-00.04.10:784][  2]LogModuleManager: Shutting down and abandoning module KismetCompiler (61)
[2017.05.02-00.04.10:784][  2]LogModuleManager: Shutting down and abandoning module PhysXFormats (60)
[2017.05.02-00.04.10:784][  2]LogModuleManager: Shutting down and abandoning module MeshUtilities (59)
[2017.05.02-00.04.10:784][  2]LogModuleManager: Shutting down and abandoning module DerivedDataCache (58)
[2017.05.02-00.04.10:839][  2]LogDerivedDataCache: Shutdown
[2017.05.02-00.04.10:839][  2]LogModuleManager: Shutting down and abandoning module VulkanShaderFormat (57)
[2017.05.02-00.04.10:839][  2]LogModuleManager: Shutting down and abandoning module ShaderFormatOpenGL (56)
[2017.05.02-00.04.10:839][  2]LogModuleManager: Shutting down and abandoning module ShaderFormatD3D (55)
[2017.05.02-00.04.10:839][  2]LogModuleManager: Shutting down and abandoning module MetalShaderFormat (54)
[2017.05.02-00.04.10:839][  2]LogModuleManager: Shutting down and abandoning module TextureFormatUncompressed (53)
[2017.05.02-00.04.10:839][  2]LogModuleManager: Shutting down and abandoning module TextureFormatPVR (52)
[2017.05.02-00.04.10:839][  2]LogModuleManager: Shutting down and abandoning module TextureFormatIntelISPCTexComp (51)
[2017.05.02-00.04.10:839][  2]LogModuleManager: Shutting down and abandoning module TextureFormatDXT (50)
[2017.05.02-00.04.10:839][  2]LogModuleManager: Shutting down and abandoning module ImageWrapper (49)
[2017.05.02-00.04.10:839][  2]LogModuleManager: Shutting down and abandoning module TextureFormatASTC (48)
[2017.05.02-00.04.10:839][  2]LogModuleManager: Shutting down and abandoning module TextureFormatAndroid (47)
[2017.05.02-00.04.10:839][  2]LogModuleManager: Shutting down and abandoning module AudioFormatOpus (46)
[2017.05.02-00.04.10:839][  2]LogModuleManager: Shutting down and abandoning module AudioFormatOgg (45)
[2017.05.02-00.04.10:839][  2]LogModuleManager: Shutting down and abandoning module AudioFormatADPCM (44)
[2017.05.02-00.04.10:839][  2]LogModuleManager: Shutting down and abandoning module LinuxTargetPlatform (43)
[2017.05.02-00.04.10:839][  2]LogModuleManager: Shutting down and abandoning module LinuxServerTargetPlatform (42)
[2017.05.02-00.04.10:839][  2]LogModuleManager: Shutting down and abandoning module LinuxNoEditorTargetPlatform (41)
[2017.05.02-00.04.10:839][  2]LogModuleManager: Shutting down and abandoning module TVOSTargetPlatform (40)
[2017.05.02-00.04.10:839][  2]LogModuleManager: Shutting down and abandoning module Messaging (39)
[2017.05.02-00.04.10:839][  2]LogModuleManager: Shutting down and abandoning module IOSTargetPlatform (38)
[2017.05.02-00.04.10:840][  2]LogModuleManager: Shutting down and abandoning module HTML5TargetPlatform (37)
[2017.05.02-00.04.10:840][  2]LogModuleManager: Shutting down and abandoning module Android_PVRTCTargetPlatform (36)
[2017.05.02-00.04.10:840][  2]LogModuleManager: Shutting down and abandoning module Android_MultiTargetPlatform (35)
[2017.05.02-00.04.10:840][  2]LogModuleManager: Shutting down and abandoning module Android_ETC2TargetPlatform (34)
[2017.05.02-00.04.10:840][  2]LogModuleManager: Shutting down and abandoning module Android_ETC1TargetPlatform (33)
[2017.05.02-00.04.10:840][  2]LogModuleManager: Shutting down and abandoning module Android_DXTTargetPlatform (32)
[2017.05.02-00.04.10:840][  2]LogModuleManager: Shutting down and abandoning module Android_ATCTargetPlatform (31)
[2017.05.02-00.04.10:840][  2]LogModuleManager: Shutting down and abandoning module Android_ASTCTargetPlatform (30)
[2017.05.02-00.04.10:840][  2]LogModuleManager: Shutting down and abandoning module AndroidTargetPlatform (29)
[2017.05.02-00.04.10:840][  2]LogModuleManager: Shutting down and abandoning module WindowsTargetPlatform (28)
[2017.05.02-00.04.10:840][  2]LogModuleManager: Shutting down and abandoning module WindowsServerTargetPlatform (27)
[2017.05.02-00.04.10:840][  2]LogModuleManager: Shutting down and abandoning module WindowsNoEditorTargetPlatform (26)
[2017.05.02-00.04.10:840][  2]LogModuleManager: Shutting down and abandoning module WindowsClientTargetPlatform (25)
[2017.05.02-00.04.10:840][  2]LogModuleManager: Shutting down and abandoning module AllDesktopTargetPlatform (24)
[2017.05.02-00.04.10:840][  2]LogModuleManager: Shutting down and abandoning module TargetPlatform (23)
[2017.05.02-00.04.10:840][  2]LogModuleManager: Shutting down and abandoning module InputCore (22)
[2017.05.02-00.04.10:840][  2]LogModuleManager: Shutting down and abandoning module Settings (21)
[2017.05.02-00.04.10:840][  2]LogModuleManager: Shutting down and abandoning module OnlineSubsystem (19)
[2017.05.02-00.04.10:840][  2]LogModuleManager: Shutting down and abandoning module HTTP (18)
[2017.05.02-00.04.14:851][  2]LogModuleManager: Shutting down and abandoning module XMPP (17)
[2017.05.02-00.04.14:852][  2]LogModuleManager: Shutting down and abandoning module OculusRift (16)
[2017.05.02-00.04.14:852][  2]LogModuleManager: Shutting down and abandoning module ExampleDeviceProfileSelector (15)
[2017.05.02-00.04.14:852][  2]LogModuleManager: Shutting down and abandoning module TextureCompressor (14)
[2017.05.02-00.04.14:852][  2]LogModuleManager: Shutting down and abandoning module ShaderCore (13)
[2017.05.02-00.04.14:852][  2]LogModuleManager: Shutting down and abandoning module Landscape (12)
[2017.05.02-00.04.14:852][  2]LogModuleManager: Shutting down and abandoning module SlateRHIRenderer (11)
[2017.05.02-00.04.14:857][  2]LogModuleManager: Shutting down and abandoning module OpenGLDrv (10)
[2017.05.02-00.04.14:857][  2]LogModuleManager: Shutting down and abandoning module D3D11RHI (9)
[2017.05.02-00.04.14:857][  2]LogModuleManager: Shutting down and abandoning module AnimGraphRuntime (8)
[2017.05.02-00.04.14:857][  2]LogModuleManager: Shutting down and abandoning module Renderer (7)
[2017.05.02-00.04.14:857][  2]LogModuleManager: Shutting down and abandoning module Engine (6)
[2017.05.02-00.04.14:857][  2]LogModuleManager: Shutting down and abandoning module CoreUObject (5)
[2017.05.02-00.04.14:857][  2]LogModuleManager: Shutting down and abandoning module NetworkFile (4)
[2017.05.02-00.04.14:857][  2]LogModuleManager: Shutting down and abandoning module StreamingFile (3)
[2017.05.02-00.04.14:857][  2]LogModuleManager: Shutting down and abandoning module SandboxFile (2)
[2017.05.02-00.04.14:857][  2]LogModuleManager: Shutting down and abandoning module PakFile (1)
[2017.05.02-00.04.14:862][  2]LogExit: Exiting.
[2017.05.02-00.04.14:867][  2]Log file closed, 05/01/17 20:04:14
