Log file open, 02/21/17 04:04:25
LogInit:Display: Running engine for game: Game
LogPlatformFile: Not using cached read wrapper
LogInit:Display: RandInit(-803832431) SRandInit(-803832417).
LogTaskGraph: Started task graph with 4 named threads and 7 total threads with 1 sets of task threads.
LogStats: Stats thread started at 0.144629
LogExit: Preparing to exit.
LogModuleManager: Shutting down and abandoning module TextureCompressor (14)
LogModuleManager: Shutting down and abandoning module ShaderCore (13)
LogModuleManager: Shutting down and abandoning module Landscape (12)
LogModuleManager: Shutting down and abandoning module SlateRHIRenderer (11)
LogModuleManager: Shutting down and abandoning module OpenGLDrv (10)
LogModuleManager: Shutting down and abandoning module D3D11RHI (9)
LogModuleManager: Shutting down and abandoning module AnimGraphRuntime (8)
LogModuleManager: Shutting down and abandoning module Renderer (7)
LogModuleManager: Shutting down and abandoning module Engine (6)
LogModuleManager: Shutting down and abandoning module CoreUObject (5)
LogModuleManager: Shutting down and abandoning module NetworkFile (4)
LogModuleManager: Shutting down and abandoning module StreamingFile (3)
LogModuleManager: Shutting down and abandoning module SandboxFile (2)
LogModuleManager: Shutting down and abandoning module PakFile (1)
LogExit: Exiting.
Log file closed, 02/21/17 04:04:25
