Log file open, 02/09/17 14:23:56
LogInit:Display: Running engine for game: Game
LogPlatformFile: Not using cached read wrapper
LogInit:Display: RandInit(-1769162235) SRandInit(-1769162234).
LogTaskGraph: Started task graph with 4 named threads and 7 total threads with 1 sets of task threads.
LogStats: Stats thread started at 2.470398
LogInit: Version: 4.12.5-3039270+++UE4+Release-4.12
LogInit: API Version: 2992821
LogInit: Net Version: 3039270
LogDevObjectVersion: Number of dev versions registered: 13
LogDevObjectVersion:   Dev-Blueprints (B0D832E4-1F89-4F0D-ACCF-7EB736FD4AA2): 3
LogDevObjectVersion:   Dev-Build (E1C64328-A22C-4D53-A36C-8E866417BD8C): 0
LogDevObjectVersion:   Dev-Core (375EC13C-06E4-48FB-B500-84F0262A717E): 1
LogDevObjectVersion:   Dev-Editor (E4B068ED-F494-42E9-A231-DA0B2E46BB41): 2
LogDevObjectVersion:   Dev-Framework (CFFC743F-43B0-4480-9391-14DF171D2073): 6
LogDevObjectVersion:   Dev-Mobile (B02B49B5-BB20-44E9-A304-32B752E40360): 0
LogDevObjectVersion:   Dev-Networking (A4E4105C-59A1-49B5-A7C5-40C4547EDFEE): 0
LogDevObjectVersion:   Dev-Online (39C831C9-5AE6-47DC-9A44-9C173E1C8E7C): 0
LogDevObjectVersion:   Dev-Physics (78F01B33-EBEA-4F98-B9B4-84EACCB95AA2): 0
LogDevObjectVersion:   Dev-Platform (6631380F-2D4D-43E0-8009-CF276956A95A): 0
LogDevObjectVersion:   Dev-Rendering (12F88B9F-8875-4AFC-A67C-D90C383ABD29): 2
LogDevObjectVersion:   Dev-Sequencer (7B5AE74C-D270-4C10-A958-57980B212A5A): 0
LogDevObjectVersion:   Dev-VR (D7296918-1DD6-4BDD-9DE2-64A83CC13884): 0
LogInit: Compiled (64-bit): Jul  6 2016 09:09:46
LogInit: Compiled with Visual C++: 19.00.23026.00
LogInit: Build Configuration: Development
LogInit: Branch Name: ++UE4+Release-4.12
LogInit: Command line:  
LogInit: Base directory: E:/New folder/Paragon/UE_4.12/Engine/Binaries/Win64/
LogInit: Installed Engine Build: 1
LogInit: Using libcurl 7.41.0
LogInit:  - built for x86_64-pc-win32
LogInit:  - supports SSL with WinSSL
LogInit:  - other features:
LogInit:      CURL_VERSION_SSL
LogInit:      CURL_VERSION_IPV6
LogInit:      CURL_VERSION_ASYNCHDNS
LogInit:      CURL_VERSION_LARGEFILE
LogInit:      CURL_VERSION_IDN
LogInit:  CurlRequestOptions (configurable via config and command line):
LogInit:  - bVerifyPeer = true  - Libcurl will verify peer certificate
LogInit:  - bUseHttpProxy = false  - Libcurl will NOT use HTTP proxy
LogInit:  - bDontReuseConnections = false  - Libcurl will reuse connections
LogInit:  - CertBundlePath = nullptr  - Libcurl will use whatever was configured at build time.
LogInit: Presizing for max 8388607 objects, including 0 objects not considered by GC, pre-allocating 0 bytes for permanent pool.
LogInit: Object subsystem initialized
[2017.02.09-19.23.57:551][  0]LogInit: Selected Device Profile: [Windows]
[2017.02.09-19.23.57:551][  0]LogInit: Applying CVar settings loaded from the selected device profile: [Windows]
[2017.02.09-19.23.57:652][  0]LogInit: Computer: DESKTOP-JAT82AM
[2017.02.09-19.23.57:669][  0]LogInit: User: Alex
[2017.02.09-19.23.57:669][  0]LogInit: CPU Page size=65536, Cores=4
[2017.02.09-19.23.57:669][  0]LogInit: High frequency timer resolution =3.906248 MHz
[2017.02.09-19.23.57:675][  0]LogMemory: Memory total: Physical=15.9GB (16GB approx)
[2017.02.09-19.23.57:675][  0]LogMemory: Platform Memory Stats for Windows
[2017.02.09-19.23.57:675][  0]LogMemory: Process Physical Memory: 189.89 MB used, 189.89 MB peak
[2017.02.09-19.23.57:675][  0]LogMemory: Process Virtual Memory: 195.12 MB used, 195.12 MB peak
[2017.02.09-19.23.57:675][  0]LogMemory: Physical Memory: 4740.90 MB used, 16332.62 MB total
[2017.02.09-19.23.57:675][  0]LogMemory: Virtual Memory: 553.31 MB used, 134217728.00 MB total
[2017.02.09-19.23.58:852][  0]LogTextLocalizationManager: No specific translations for ('en-US') exist, so ('en') translations will be used.
[2017.02.09-19.24.00:237][  0]LogD3D11RHI: D3D11 adapters:
[2017.02.09-19.24.00:276][  0]LogD3D11RHI:    0. 'AMD Radeon R9 200 Series' (Feature Level 11_0)
[2017.02.09-19.24.00:276][  0]LogD3D11RHI:       4073/0/8166 MB DedicatedVideo/DedicatedSystem/SharedSystem, Outputs:1, VendorId:0x1002
[2017.02.09-19.24.00:278][  0]LogD3D11RHI:    1. 'Microsoft Basic Render Driver' (Feature Level 11_0)
[2017.02.09-19.24.00:278][  0]LogD3D11RHI:       0/0/8166 MB DedicatedVideo/DedicatedSystem/SharedSystem, Outputs:0, VendorId:0x1414
[2017.02.09-19.24.00:278][  0]LogD3D11RHI: Chosen D3D11 Adapter: 0
[2017.02.09-19.24.00:286][  0]LogD3D11RHI: Creating new Direct3DDevice
[2017.02.09-19.24.00:286][  0]LogD3D11RHI:     GPU DeviceId: 0x67b0 (for the marketing name, search the web for "GPU Device Id")
[2017.02.09-19.24.00:286][  0]LogWindows: EnumDisplayDevices:
[2017.02.09-19.24.00:286][  0]LogWindows:    0. 'AMD Radeon R9 200 Series' (P:1 D:1)
[2017.02.09-19.24.00:287][  0]LogWindows:    1. 'AMD Radeon R9 200 Series' (P:0 D:0)
[2017.02.09-19.24.00:287][  0]LogWindows:    2. 'AMD Radeon R9 200 Series' (P:0 D:0)
[2017.02.09-19.24.00:287][  0]LogWindows:    3. 'AMD Radeon R9 200 Series' (P:0 D:0)
[2017.02.09-19.24.00:287][  0]LogWindows:    4. 'AMD Radeon R9 200 Series' (P:0 D:0)
[2017.02.09-19.24.00:288][  0]LogWindows:    5. 'AMD Radeon R9 200 Series' (P:0 D:0)
[2017.02.09-19.24.00:288][  0]LogWindows: DebugString: FoundDriverCount:6 
[2017.02.09-19.24.00:288][  0]LogD3D11RHI:     Adapter Name: AMD Radeon R9 200 Series
[2017.02.09-19.24.00:288][  0]LogD3D11RHI:   Driver Version: Crimson ReLive 17.1.1 (internal:21.19.411.0, unified:21.19.411.0)
[2017.02.09-19.24.00:288][  0]LogD3D11RHI:      Driver Date: 1-13-2017
[2017.02.09-19.24.00:288][  0]LogRHI: Texture pool is 1361 MB (70% of 1945 MB)
[2017.02.09-19.24.00:298][  0]LogD3D11RHI: Async texture creation disabled: no driver support
[2017.02.09-19.24.00:576][  0]LogD3D11RHI: GPU Timing Frequency: 27.000000 (Debug: 2 1)
[2017.02.09-19.24.00:657][  0]LogShaderCompilers: Guid format shader working directory is 7 characters bigger than the processId version (C:/Users/Alex/Desktop/Gith/CGT445/Game/Intermediate/Shaders/WorkingDirectory/3928/).
[2017.02.09-19.24.00:658][  0]LogShaderCompilers: Cleaned the shader compiler working directory 'C:/Users/Alex/AppData/Local/Temp/UnrealShaderWorkingDir/FABD392245634677474C419C7C434FAE/'.
[2017.02.09-19.24.00:661][  0]LogShaderCompilers:Display: Using Local Shader Compiler.
[2017.02.09-19.24.04:838][  0]LogTemp:Display: Loaded TP AllDesktopTargetPlatform
[2017.02.09-19.24.04:844][  0]LogTemp:Display: Loaded TP WindowsClientTargetPlatform
[2017.02.09-19.24.04:851][  0]LogTemp:Display: Loaded TP WindowsNoEditorTargetPlatform
[2017.02.09-19.24.04:858][  0]LogTemp:Display: Loaded TP WindowsServerTargetPlatform
[2017.02.09-19.24.04:866][  0]LogTemp:Display: Loaded TP WindowsTargetPlatform
[2017.02.09-19.24.04:890][  0]LogTemp:Display: Loaded TP AndroidTargetPlatform
[2017.02.09-19.24.04:898][  0]LogTemp:Display: Loaded TP Android_ASTCTargetPlatform
[2017.02.09-19.24.04:912][  0]LogTemp:Display: Loaded TP Android_ATCTargetPlatform
[2017.02.09-19.24.04:919][  0]LogTemp:Display: Loaded TP Android_DXTTargetPlatform
[2017.02.09-19.24.04:926][  0]LogTemp:Display: Loaded TP Android_ETC1TargetPlatform
[2017.02.09-19.24.04:943][  0]LogTemp:Display: Loaded TP Android_ETC2TargetPlatform
[2017.02.09-19.24.04:971][  0]LogTemp:Display: Loaded TP Android_MultiTargetPlatform
[2017.02.09-19.24.04:971][  0]LogTemp:Display: Loaded TP Android_PVRTCTargetPlatform
[2017.02.09-19.24.04:972][  0]LogTemp:Display: Loaded TP HTML5TargetPlatform
[2017.02.09-19.24.05:102][  0]LogTemp:Display: Loaded TP IOSTargetPlatform
[2017.02.09-19.24.05:108][  0]LogTemp:Display: Loaded TP TVOSTargetPlatform
[2017.02.09-19.24.05:171][  0]LogTemp:Display: Loaded TP LinuxNoEditorTargetPlatform
[2017.02.09-19.24.05:195][  0]LogTemp:Display: Loaded TP LinuxServerTargetPlatform
[2017.02.09-19.24.05:238][  0]LogTemp:Display: Loaded TP LinuxTargetPlatform
[2017.02.09-19.24.05:238][  0]LogTargetPlatformManager:Display: Building Assets For Windows
[2017.02.09-19.24.06:170][  0]LogDerivedDataCache:Display: Max Cache Size: 512 MB
[2017.02.09-19.24.06:446][  0]LogDerivedDataCache: Loaded boot cache 0.27s 48MB C:/Users/Alex/AppData/Local/UnrealEngine/4.12/DerivedDataCache/Boot.ddc.
[2017.02.09-19.24.06:447][  0]LogDerivedDataCache:Display: Loaded Boot cache: C:/Users/Alex/AppData/Local/UnrealEngine/4.12/DerivedDataCache/Boot.ddc
[2017.02.09-19.24.06:447][  0]LogDerivedDataCache: FDerivedDataBackendGraph:  Pak pak cache file C:/Users/Alex/Desktop/Gith/CGT445/Game/DerivedDataCache/DDC.ddp not found, will not use a pak cache.
[2017.02.09-19.24.06:447][  0]LogDerivedDataCache: Unable to find inner node Pak for hierarchical cache Hierarchy.
[2017.02.09-19.24.06:447][  0]LogDerivedDataCache: FDerivedDataBackendGraph:  CompressedPak pak cache file C:/Users/Alex/Desktop/Gith/CGT445/Game/DerivedDataCache/Compressed.ddp not found, will not use a pak cache.
[2017.02.09-19.24.06:447][  0]LogDerivedDataCache: Unable to find inner node CompressedPak for hierarchical cache Hierarchy.
[2017.02.09-19.24.06:507][  0]LogDerivedDataCache:Display: Pak cache opened for reading ../../../Engine/DerivedDataCache/Compressed.ddp.
[2017.02.09-19.24.06:519][  0]LogDerivedDataCache: Using Local data cache path C:/Users/Alex/AppData/Local/UnrealEngine/Common/DerivedDataCache: Writable
[2017.02.09-19.24.13:864][  0]LogInit: Selected Device Profile: [Windows]
[2017.02.09-19.24.13:912][  0]LogContentStreaming: Texture pool size is 0.00 MB
[2017.02.09-19.24.15:860][  0]LogMeshUtilities: No automatic mesh reduction module available
[2017.02.09-19.24.15:860][  0]LogMeshUtilities: No automatic mesh merging module available
[2017.02.09-19.24.15:860][  0]LogMeshUtilities: No distributed automatic mesh merging module available
[2017.02.09-19.24.19:157][  0]LogAssetRegistry: FAssetRegistry took 0.0225 seconds to start up
[2017.02.09-19.24.19:370][  0]LogPackageLocalizationCache: Processed 3 localized package path(s) for 2 prioritized culture(s) in 0.063880 seconds
[2017.02.09-19.24.19:448][  0]LogUObjectArray: 28739 objects as part of root set at end of initial load.
[2017.02.09-19.24.19:448][  0]LogUObjectAllocator: 5855632 out of 0 bytes used by permanent object pool.
[2017.02.09-19.24.19:448][  0]LogUObjectArray: CloseDisregardForGC: 0/0 objects in disregard for GC pool
[2017.02.09-19.24.19:510][  0]LogInit: WinSock: version 1.1 (2.2), MaxSocks=32767, MaxUdp=65467
[2017.02.09-19.24.27:670][  0]LogSlate: SlateFontCache - WITH_FREETYPE: 1, WITH_HARFBUZZ: 1
[2017.02.09-19.24.27:670][  0]LogSlate: SlateFontCache - WITH_FREETYPE: 1, WITH_HARFBUZZ: 1
[2017.02.09-19.24.42:652][  0]LogUdpMessaging: Initializing bridge on interface 0.0.0.0:0 to multicast group 230.0.0.1:6666.
[2017.02.09-19.24.44:337][  0]SourceControl: Info Source control is disabled
[2017.02.09-19.24.44:351][  0]SourceControl: Info Source control is disabled
[2017.02.09-19.24.44:458][  0]SourceControl: Info Source control is disabled
[2017.02.09-19.24.44:641][  0]SourceControl: Info Source control is disabled
[2017.02.09-19.24.47:806][  0]LogEngine: Initializing Engine...
[2017.02.09-19.24.48:107][  0]LogHMD: SteamVR failed to initialize.  Err: 110
[2017.02.09-19.24.48:108][  0]LogHMD: SteamVR failed to initialize.  Err: 110
[2017.02.09-19.24.49:013][  0]LogAIModule: Creating AISystem for world NewWorld
[2017.02.09-19.24.49:263][  0]LogInit: XAudio2 using 'Speakers (Realtek High Definition Audio)' : 2 channels at 48 kHz using 32 bits per sample (channel mask 0x3)
[2017.02.09-19.24.49:295][  0]LogInit: FAudioDevice initialized.
[2017.02.09-19.24.49:315][  0]LogDerivedDataCache: Saved boot cache 0.02s 48MB C:/Users/Alex/AppData/Local/UnrealEngine/4.12/DerivedDataCache/Boot.ddc.
[2017.02.09-19.24.49:322][  0]LogInit: Texture streaming: Enabled
[2017.02.09-19.24.49:916][  0]LogInit: Transaction tracking system initialized
[2017.02.09-19.24.52:653][  0]BlueprintLog: New page: Editor Load
[2017.02.09-19.24.58:367][  0]LocalizationService: Info Localization service is disabled
[2017.02.09-19.25.01:466][  0]LogConsoleResponse:Display: 
[2017.02.09-19.25.03:159][  0]LogFileCache: Scanning file cache for directory 'C:/Users/Alex/Desktop/Gith/CGT445/Game/Content/' took 0.01s
[2017.02.09-19.25.03:159][  0]LogCook:Display: Max memory allowance for cook 8192mb
[2017.02.09-19.25.03:159][  0]LogCook:Display: Mobile HDR setting 1
[2017.02.09-19.25.09:016][  0]SourceControl: Info Source control is disabled
[2017.02.09-19.25.09:277][  0]Cmd: MAP LOAD FILE="C:/Users/Alex/Desktop/Gith/CGT445/Game/Content/FirstPersonBP/Maps/FirstPersonExampleMap.umap" TEMPLATE=0 SHOWPROGRESS=1 FEATURELEVEL=3
[2017.02.09-19.25.09:368][  0]LightingResults: New page: Lighting Build
[2017.02.09-19.25.09:818][  0]MapCheck: New page: Map Check
[2017.02.09-19.25.09:818][  0]LightingResults: New page: Lighting Build
[2017.02.09-19.25.12:931][  0]LogAIModule: Creating AISystem for world FirstPersonExampleMap
[2017.02.09-19.25.13:662][  0]LogEditorServer: Finished looking for orphan Actors (0.000 secs)
[2017.02.09-19.25.13:715][  0]Cmd: MAP CHECKDEP NOCLEARLOG
[2017.02.09-19.25.13:781][  0]MapCheck: Info Map check complete: 0 Error(s), 0 Warning(s), took 66.506ms to complete.
[2017.02.09-19.25.13:781][  0]LogFileHelpers: Loading map 'FirstPersonExampleMap' took 4.687
[2017.02.09-19.25.18:415][  0]LogCollectionManager: Loaded 0 collections in 0.017484 seconds
[2017.02.09-19.25.18:764][  0]LogFileCache: Scanning file cache for directory 'C:/Users/Alex/Desktop/Gith/CGT445/Game/Saved/Collections/' took 0.01s
[2017.02.09-19.25.18:764][  0]LogFileCache: Scanning file cache for directory 'C:/Users/Alex/Desktop/Gith/CGT445/Game/Content/Developers/Alex/Collections/' took 0.01s
[2017.02.09-19.25.18:764][  0]LogFileCache: Scanning file cache for directory 'C:/Users/Alex/Desktop/Gith/CGT445/Game/Content/Collections/' took 0.01s
[2017.02.09-19.25.18:764][  0]LogCollectionManager: Rebuilt the GUID cache for 0 collections in 0.000002 seconds
[2017.02.09-19.25.18:925][  0]LogContentBrowser: Native class hierarchy populated in 0.0268 seconds. Added 2047 classes and 369 folders.
[2017.02.09-19.25.19:039][  0]LogStats: UGameplayTagsManager::ConstructGameplayTagTree: Construct from data asset -  0.000 s
[2017.02.09-19.25.19:039][  0]LogStats: UGameplayTagsManager::ConstructGameplayTagTree: GameplayTagTreeChangedEvent.Broadcast -  0.000 s
[2017.02.09-19.25.19:040][  0]LogContentBrowser: Native class hierarchy updated for 'GameplayTags' in 0.0008 seconds. Added 12 classes and 0 folders.
[2017.02.09-19.25.19:070][  0]LogContentBrowser: Native class hierarchy updated for 'WidgetCarousel' in 0.0005 seconds. Added 0 classes and 0 folders.
[2017.02.09-19.25.21:158][  0]LogContentBrowser: Native class hierarchy updated for 'AddContentDialog' in 0.0007 seconds. Added 0 classes and 0 folders.
[2017.02.09-19.25.21:224][  0]LogContentBrowser: Native class hierarchy updated for 'SceneOutliner' in 0.0007 seconds. Added 1 classes and 2 folders.
[2017.02.09-19.25.21:514][  0]LogCrashTracker: Crashtracker disabled due to settings.
[2017.02.09-19.25.21:673][  0]LogTexture:Display: Building textures: icon_Editor_Preferences_General_40x (BGRA8)
[2017.02.09-19.25.21:703][  0]LogTexture:Display: Building textures: Paper2DSprite_TutorialIcon (BGRA8)
[2017.02.09-19.25.21:705][  0]LogTexture:Display: Building textures: icon_ShowSkeletalMeshes_40x (BGRA8)
[2017.02.09-19.25.21:706][  0]LogTexture:Display: Building textures: Landscape (BGRA8)
[2017.02.09-19.25.21:708][  0]LogTexture:Display: Building textures: Foliage (BGRA8)
[2017.02.09-19.25.21:909][  0]LogContentBrowser: Native class hierarchy updated for 'HierarchicalLODOutliner' in 0.0004 seconds. Added 1 classes and 2 folders.
[2017.02.09-19.25.21:909][  0]LogLoad: Full Startup: 91.96 seconds (BP compile: 1.07 seconds)
[2017.02.09-19.25.21:909][  0]LogExternalProfiler: No external profilers were discovered.  External profiling features will not be available.
[2017.02.09-19.25.22:266][  0]LogOcInput: OculusInput pre-init called
[2017.02.09-19.25.22:595][  0]LogContentStreaming: Texture pool size now 1000 MB
[2017.02.09-19.25.24:296][  0]LogRenderer: Reallocating scene render targets to support 1208x576 (Frame:2).
[2017.02.09-19.25.26:127][  3]LogAssetRegistry: Asset discovery search completed in 66.9911 seconds
[2017.02.09-19.25.26:173][  3]LogCollectionManager: Rebuilt the object cache for 0 collections in 0.000001 seconds (found 0 objects)
[2017.02.09-19.25.26:173][  3]LogCollectionManager: Fixed up redirectors for 0 collections in 0.045257 seconds (updated 0 objects)
[2017.02.09-19.25.37:342][879]LogStreaming:Warning: Failed to open ANSI TEXT file C:/Users/Alex/Desktop/Gith/CGT445/Game/Saved/HardwareSurvey/dxdiag.txt
[2017.02.09-19.25.37:353][880]LogSynthBenchmark:Display: FSynthBenchmark (V0.95):  requested WorkScale=5.00
[2017.02.09-19.25.37:353][880]LogSynthBenchmark:Display: ===============
[2017.02.09-19.25.37:353][880]LogSynthBenchmark:Display: Main Processor:
[2017.02.09-19.25.37:599][880]LogSynthBenchmark:Display:          ... 0.027979 s/Run 'RayIntersect'
[2017.02.09-19.25.37:599][880]LogSynthBenchmark:Display:          ... 0.021211 s/Run 'Fractal'
[2017.02.09-19.25.37:599][880]LogSynthBenchmark:Display: 
[2017.02.09-19.25.37:599][880]LogSynthBenchmark:Display:   CompiledTarget_x_Bits: 64
[2017.02.09-19.25.37:599][880]LogSynthBenchmark:Display:   UE_BUILD_SHIPPING: 0
[2017.02.09-19.25.37:599][880]LogSynthBenchmark:Display:   UE_BUILD_TEST: 0
[2017.02.09-19.25.37:599][880]LogSynthBenchmark:Display:   UE_BUILD_DEBUG: 0
[2017.02.09-19.25.37:599][880]LogSynthBenchmark:Display:   TotalPhysicalGBRam: 16
[2017.02.09-19.25.37:599][880]LogSynthBenchmark:Display:   NumberOfCores (physical): 4
[2017.02.09-19.25.37:599][880]LogSynthBenchmark:Display:   NumberOfCores (logical): 8
[2017.02.09-19.25.37:599][880]LogSynthBenchmark:Display:   CPU Perf Index 0: 91.5 (weight 1.00)
[2017.02.09-19.25.37:599][880]LogSynthBenchmark:Display:   CPU Perf Index 1: 134.8 (weight 1.50)
[2017.02.09-19.25.37:599][880]LogSynthBenchmark:Display:  
[2017.02.09-19.25.37:599][880]LogSynthBenchmark:Display: Graphics:
[2017.02.09-19.25.37:599][880]LogSynthBenchmark:Display:   Adapter Name: 'AMD Radeon R9 200 Series'
[2017.02.09-19.25.37:599][880]LogSynthBenchmark:Display:   (On Optimus the name might be wrong, memory should be ok)
[2017.02.09-19.25.37:599][880]LogSynthBenchmark:Display:   Vendor Id: 0x1002
[2017.02.09-19.25.37:599][880]LogSynthBenchmark:Display:   Device Id: 0x67b0
[2017.02.09-19.25.37:599][880]LogSynthBenchmark:Display:   GPU Memory: 4074/0/8167 MB
[2017.02.09-19.25.37:646][880]LogSynthBenchmark:Display:   GPU first test: 0.00s
[2017.02.09-19.25.37:646][880]LogSynthBenchmark:Display:          ... 2.383 GigaPix/s, Confidence=89% 'ALUHeavyNoise' (likely to be very inaccurate)
[2017.02.09-19.25.37:646][880]LogSynthBenchmark:Display:          ... 2.119 GigaPix/s, Confidence=100% 'TexHeavy' (likely to be very inaccurate)
[2017.02.09-19.25.37:646][880]LogSynthBenchmark:Display:          ... 1.780 GigaPix/s, Confidence=100% 'DepTexHeavy' (likely to be very inaccurate)
[2017.02.09-19.25.37:646][880]LogSynthBenchmark:Display:          ... 2.935 GigaPix/s, Confidence=100% 'FillOnly' (likely to be very inaccurate)
[2017.02.09-19.25.37:646][880]LogSynthBenchmark:Display:          ... 0.658 GigaPix/s, Confidence=100% 'Bandwidth' (likely to be very inaccurate)
[2017.02.09-19.25.37:661][880]LogSynthBenchmark:Display:   GPU second test: 0.01s
[2017.02.09-19.25.37:661][880]LogSynthBenchmark:Display:          ... 9.695 GigaPix/s, Confidence=89% 'ALUHeavyNoise' (likely to be inaccurate)
[2017.02.09-19.25.37:661][880]LogSynthBenchmark:Display:          ... 7.665 GigaPix/s, Confidence=89% 'TexHeavy' (likely to be inaccurate)
[2017.02.09-19.25.37:661][880]LogSynthBenchmark:Display:          ... 6.786 GigaPix/s, Confidence=100% 'DepTexHeavy' (likely to be inaccurate)
[2017.02.09-19.25.37:661][880]LogSynthBenchmark:Display:          ... 16.151 GigaPix/s, Confidence=100% 'FillOnly' (likely to be inaccurate)
[2017.02.09-19.25.37:661][880]LogSynthBenchmark:Display:          ... 1.034 GigaPix/s, Confidence=100% 'Bandwidth' (likely to be inaccurate)
[2017.02.09-19.25.38:166][880]LogSynthBenchmark:Display:   GPU third test: 0.49s
[2017.02.09-19.25.38:166][880]LogSynthBenchmark:Display:          ... 15.236 GigaPix/s, Confidence=89% 'ALUHeavyNoise'
[2017.02.09-19.25.38:166][880]LogSynthBenchmark:Display:          ... 10.712 GigaPix/s, Confidence=89% 'TexHeavy'
[2017.02.09-19.25.38:166][880]LogSynthBenchmark:Display:          ... 9.513 GigaPix/s, Confidence=89% 'DepTexHeavy'
[2017.02.09-19.25.38:166][880]LogSynthBenchmark:Display:          ... 41.313 GigaPix/s, Confidence=100% 'FillOnly'
[2017.02.09-19.25.38:166][880]LogSynthBenchmark:Display:          ... 1.122 GigaPix/s, Confidence=100% 'Bandwidth'
[2017.02.09-19.25.38:166][880]LogSynthBenchmark:Display: 
[2017.02.09-19.25.38:166][880]LogSynthBenchmark:Display:   GPU Perf Index 0: 331.1 (weight 1.00)
[2017.02.09-19.25.38:166][880]LogSynthBenchmark:Display:   GPU Perf Index 1: 143.8 (weight 0.10)
[2017.02.09-19.25.38:166][880]LogSynthBenchmark:Display:   GPU Perf Index 2: 247.3 (weight 0.10)
[2017.02.09-19.25.38:166][880]LogSynthBenchmark:Display:   GPU Perf Index 3: 162.2 (weight 3.00)
[2017.02.09-19.25.38:166][880]LogSynthBenchmark:Display:   GPU Perf Index 4: 104.7 (weight 1.00)
[2017.02.09-19.25.38:166][880]LogSynthBenchmark:Display:   CPUIndex: 117.5
[2017.02.09-19.25.38:166][880]LogSynthBenchmark:Display:   GPUIndex: 184.9
[2017.02.09-19.25.38:166][880]LogSynthBenchmark:Display: 
[2017.02.09-19.25.38:166][880]LogSynthBenchmark:Display:          ... Total Time: 0.813565 sec
[2017.02.09-19.25.52:572][480]LogWindowsTextInputMethodSystem:Display: IME system now deactivated.
[2017.02.09-19.25.52:952][481]Cmd: QUIT_EDITOR
[2017.02.09-19.25.53:167][481]LogExit: Preparing to exit.
[2017.02.09-19.25.54:164][481]LogExit: Editor shut down
[2017.02.09-19.25.54:164][481]LogExit: Transaction tracking system shut down
[2017.02.09-19.25.55:339][481]LogObj: Freed 0b from 0 cluster array pools.
[2017.02.09-19.25.55:340][481]LogExit: Object subsystem successfully closed.
[2017.02.09-19.25.55:515][481]LogD3D11RHI: Shutdown
[2017.02.09-19.25.55:515][481]LogD3D11RHI: CleanupD3DDevice
[2017.02.09-19.25.55:792][481]LogD3D11RHI: ~FD3D11DynamicRHI
[2017.02.09-19.25.56:348][481]LogModuleManager: Shutting down and abandoning module SynthBenchmark (214)
[2017.02.09-19.25.56:348][481]LogModuleManager: Shutting down and abandoning module HierarchicalLODOutliner (213)
[2017.02.09-19.25.56:366][481]LogModuleManager: Shutting down and abandoning module CrashTracker (212)
[2017.02.09-19.25.56:366][481]LogModuleManager: Shutting down and abandoning module SceneOutliner (211)
[2017.02.09-19.25.56:366][481]LogModuleManager: Shutting down and abandoning module WidgetCarousel (210)
[2017.02.09-19.25.56:366][481]LogModuleManager: Shutting down and abandoning module AddContentDialog (209)
[2017.02.09-19.25.56:377][481]LogModuleManager: Shutting down and abandoning module GameplayTags (208)
[2017.02.09-19.25.56:377][481]LogModuleManager: Shutting down and abandoning module EditorWidgets (207)
[2017.02.09-19.25.56:377][481]LogModuleManager: Shutting down and abandoning module CollectionManager (206)
[2017.02.09-19.25.56:377][481]LogModuleManager: Shutting down and abandoning module StatsViewer (205)
[2017.02.09-19.25.56:397][481]LogModuleManager: Shutting down and abandoning module FoliageEdit (204)
[2017.02.09-19.25.56:397][481]LogModuleManager: Shutting down and abandoning module LandscapeEditor (203)
[2017.02.09-19.25.56:427][481]LogModuleManager: Shutting down and abandoning module SceneDepthPickerMode (202)
[2017.02.09-19.25.56:427][481]LogModuleManager: Shutting down and abandoning module ActorPickerMode (201)
[2017.02.09-19.25.56:427][481]LogModuleManager: Shutting down and abandoning module GeometryMode (200)
[2017.02.09-19.25.56:427][481]LogModuleManager: Shutting down and abandoning module TextureAlignMode (199)
[2017.02.09-19.25.56:427][481]LogModuleManager: Shutting down and abandoning module BspMode (198)
[2017.02.09-19.25.56:427][481]LogModuleManager: Shutting down and abandoning module HardwareSurvey (197)
[2017.02.09-19.25.56:427][481]LogModuleManager: Shutting down and abandoning module SequenceRecorderSections (196)
[2017.02.09-19.25.56:427][481]LogModuleManager: Shutting down and abandoning module SequenceRecorder (195)
[2017.02.09-19.25.56:427][481]LogModuleManager: Shutting down and abandoning module AutomationWorker (194)
[2017.02.09-19.25.56:427][481]LogModuleManager: Shutting down and abandoning module MatineeToLevelSequence (193)
[2017.02.09-19.25.56:427][481]LogModuleManager: Shutting down and abandoning module PlacementMode (192)
[2017.02.09-19.25.56:450][481]LogModuleManager: Shutting down and abandoning module LevelSequenceEditor (191)
[2017.02.09-19.25.56:451][481]LogModuleManager: Shutting down and abandoning module CharacterAI (190)
[2017.02.09-19.25.56:451][481]LogModuleManager: Shutting down and abandoning module SmartSnapping (189)
[2017.02.09-19.25.56:451][481]LogModuleManager: Shutting down and abandoning module SessionServices (188)
[2017.02.09-19.25.56:451][481]LogModuleManager: Shutting down and abandoning module ViewportSnapping (187)
[2017.02.09-19.25.56:451][481]LogModuleManager: Shutting down and abandoning module LogVisualizer (186)
[2017.02.09-19.25.56:473][481]LogModuleManager: Shutting down and abandoning module GameProjectGeneration (185)
[2017.02.09-19.25.56:523][481]LogModuleManager: Shutting down and abandoning module IntroTutorials (184)
[2017.02.09-19.25.56:524][481]LogModuleManager: Shutting down and abandoning module EditorLiveStreaming (183)
[2017.02.09-19.25.56:524][481]LogModuleManager: Shutting down and abandoning module IOSPlatformEditor (182)
[2017.02.09-19.25.56:524][481]LogModuleManager: Shutting down and abandoning module HTML5PlatformEditor (181)
[2017.02.09-19.25.56:524][481]LogModuleManager: Shutting down and abandoning module AndroidDeviceDetection (180)
[2017.02.09-19.25.56:545][481]LogModuleManager: Shutting down and abandoning module AndroidPlatformEditor (179)
[2017.02.09-19.25.56:545][481]LogModuleManager: Shutting down and abandoning module IOSRuntimeSettings (178)
[2017.02.09-19.25.56:545][481]LogModuleManager: Shutting down and abandoning module AndroidRuntimeSettings (177)
[2017.02.09-19.25.56:545][481]LogModuleManager: Shutting down and abandoning module MergeActors (176)
[2017.02.09-19.25.56:560][481]LogModuleManager: Shutting down and abandoning module SizeMap (175)
[2017.02.09-19.25.56:560][481]LogModuleManager: Shutting down and abandoning module TreeMap (174)
[2017.02.09-19.25.56:560][481]LogModuleManager: Shutting down and abandoning module ReferenceViewer (173)
[2017.02.09-19.25.56:560][481]LogModuleManager: Shutting down and abandoning module LocalizationService (172)
[2017.02.09-19.25.56:586][481]LogModuleManager: Shutting down and abandoning module LocalizationDashboard (171)
[2017.02.09-19.25.56:600][481]LogModuleManager: Shutting down and abandoning module HardwareTargeting (170)
[2017.02.09-19.25.56:600][481]LogModuleManager: Shutting down and abandoning module DeviceProfileEditor (169)
[2017.02.09-19.25.56:621][481]LogModuleManager: Shutting down and abandoning module UndoHistory (168)
[2017.02.09-19.25.56:641][481]LogModuleManager: Shutting down and abandoning module UserFeedback (167)
[2017.02.09-19.25.56:642][481]LogModuleManager: Shutting down and abandoning module XmlParser (166)
[2017.02.09-19.25.56:642][481]LogModuleManager: Shutting down and abandoning module Blutility (165)
[2017.02.09-19.25.56:642][481]LogModuleManager: Shutting down and abandoning module ProjectTargetPlatformEditor (164)
[2017.02.09-19.25.56:642][481]LogModuleManager: Shutting down and abandoning module ProjectSettingsViewer (163)
[2017.02.09-19.25.56:642][481]LogModuleManager: Shutting down and abandoning module InputBindingEditor (162)
[2017.02.09-19.25.56:665][481]LogModuleManager: Shutting down and abandoning module EditorSettingsViewer (161)
[2017.02.09-19.25.56:665][481]LogModuleManager: Shutting down and abandoning module SettingsEditor (160)
[2017.02.09-19.25.56:685][481]LogModuleManager: Shutting down and abandoning module ProjectLauncher (159)
[2017.02.09-19.25.56:758][481]LogModuleManager: Shutting down and abandoning module SessionFrontend (158)
[2017.02.09-19.25.56:785][481]LogModuleManager: Shutting down and abandoning module ProfilerClient (157)
[2017.02.09-19.25.56:849][481]LogModuleManager: Shutting down and abandoning module TargetDeviceServices (156)
[2017.02.09-19.25.56:849][481]LogModuleManager: Shutting down and abandoning module DeviceManager (155)
[2017.02.09-19.25.56:913][481]LogModuleManager: Shutting down and abandoning module AutomationController (154)
[2017.02.09-19.25.56:932][481]LogModuleManager: Shutting down and abandoning module AutomationWindow (153)
[2017.02.09-19.25.57:016][481]LogModuleManager: Shutting down and abandoning module Layers (152)
[2017.02.09-19.25.57:054][481]LogModuleManager: Shutting down and abandoning module ComponentVisualizers (151)
[2017.02.09-19.25.57:055][481]LogModuleManager: Shutting down and abandoning module DetailCustomizations (150)
[2017.02.09-19.25.57:062][481]LogModuleManager: Shutting down and abandoning module PackagesDialog (149)
[2017.02.09-19.25.57:103][481]LogModuleManager: Shutting down and abandoning module Persona (148)
[2017.02.09-19.25.57:158][481]LogModuleManager: Shutting down and abandoning module Kismet (147)
[2017.02.09-19.25.57:158][481]LogModuleManager: Shutting down and abandoning module GraphEditor (146)
[2017.02.09-19.25.57:228][481]LogModuleManager: Shutting down and abandoning module ClassViewer (145)
[2017.02.09-19.25.57:246][481]LogModuleManager: Shutting down and abandoning module Toolbox (144)
[2017.02.09-19.25.57:246][481]LogModuleManager: Shutting down and abandoning module ModuleUI (143)
[2017.02.09-19.25.57:285][481]LogModuleManager: Shutting down and abandoning module MovieSceneTools (142)
[2017.02.09-19.25.57:294][481]LogModuleManager: Shutting down and abandoning module OutputLog (141)
[2017.02.09-19.25.57:294][481]LogModuleManager: Shutting down and abandoning module GammaUI (140)
[2017.02.09-19.25.57:344][481]LogModuleManager: Shutting down and abandoning module Documentation (139)
[2017.02.09-19.25.57:344][481]LogModuleManager: Shutting down and abandoning module StreamingPauseRendering (138)
[2017.02.09-19.25.57:344][481]LogModuleManager: Shutting down and abandoning module AnalyticsET (137)
[2017.02.09-19.25.57:344][481]LogModuleManager: Shutting down and abandoning module Analytics (136)
[2017.02.09-19.25.57:344][481]LogModuleManager: Shutting down and abandoning module PortalServices (135)
[2017.02.09-19.25.57:344][481]LogModuleManager: Shutting down and abandoning module PortalRpc (134)
[2017.02.09-19.25.57:344][481]LogModuleManager: Shutting down and abandoning module MessagingRpc (133)
[2017.02.09-19.25.57:344][481]LogModuleManager: Shutting down and abandoning module GameplayDebugger (132)
[2017.02.09-19.25.57:344][481]LogModuleManager: Shutting down and abandoning module AITestSuite (131)
[2017.02.09-19.25.57:344][481]LogModuleManager: Shutting down and abandoning module AIModule (130)
[2017.02.09-19.25.57:364][481]LogModuleManager: Shutting down and abandoning module ProfilerService (129)
[2017.02.09-19.25.57:609][481]LogModuleManager: Shutting down and abandoning module TaskGraph (128)
[2017.02.09-19.25.57:628][481]LogModuleManager: Shutting down and abandoning module SlateRemote (127)
[2017.02.09-19.25.57:628][481]LogModuleManager: Shutting down and abandoning module SteamVRController (126)
[2017.02.09-19.25.57:628][481]LogModuleManager: Shutting down and abandoning module SteamVR (125)
[2017.02.09-19.25.57:628][481]LogModuleManager: Shutting down and abandoning module ProceduralMeshComponent (124)
[2017.02.09-19.25.57:628][481]LogModuleManager: Shutting down and abandoning module OculusLibrary (123)
[2017.02.09-19.25.57:628][481]LogModuleManager: Shutting down and abandoning module OculusInput (122)
[2017.02.09-19.25.57:628][481]LogModuleManager: Shutting down and abandoning module CustomMeshComponent (121)
[2017.02.09-19.25.57:628][481]LogModuleManager: Shutting down and abandoning module CableComponent (120)
[2017.02.09-19.25.57:628][481]LogModuleManager: Shutting down and abandoning module ArchVisCharacter (119)
[2017.02.09-19.25.57:628][481]LogModuleManager: Shutting down and abandoning module MediaPlayerEditor (118)
[2017.02.09-19.25.57:676][481]LogModuleManager: Shutting down and abandoning module HTML5Networking (117)
[2017.02.09-19.25.57:677][481]LogModuleManager: Shutting down and abandoning module SuperSearch (116)
[2017.02.09-19.25.57:677][481]LogModuleManager: Shutting down and abandoning module SuperSearchEditor (115)
[2017.02.09-19.25.57:677][481]LogModuleManager: Shutting down and abandoning module SpeedTreeImporter (114)
[2017.02.09-19.25.57:677][481]LogModuleManager: Shutting down and abandoning module PluginBrowser (113)
[2017.02.09-19.25.57:677][481]LogModuleManager: Shutting down and abandoning module EpicSurvey (112)
[2017.02.09-19.25.57:677][481]LogModuleManager: Shutting down and abandoning module DesktopPlatform (111)
[2017.02.09-19.25.57:692][481]LogModuleManager: Shutting down and abandoning module VisualStudioSourceCodeAccess (110)
[2017.02.09-19.25.57:692][481]LogModuleManager: Shutting down and abandoning module UObjectPlugin (109)
[2017.02.09-19.25.57:692][481]LogModuleManager: Shutting down and abandoning module SubversionSourceControl (108)
[2017.02.09-19.25.57:692][481]LogModuleManager: Shutting down and abandoning module PerforceSourceControl (107)
[2017.02.09-19.25.57:692][481]LogModuleManager: Shutting down and abandoning module SourceControl (106)
[2017.02.09-19.25.57:708][481]LogModuleManager: Shutting down and abandoning module GitSourceControl (105)
[2017.02.09-19.25.57:708][481]LogModuleManager: Shutting down and abandoning module LightPropagationVolumeEditor (104)
[2017.02.09-19.25.57:708][481]LogModuleManager: Shutting down and abandoning module PaperTiledImporter (103)
[2017.02.09-19.25.57:709][481]LogModuleManager: Shutting down and abandoning module PaperSpriteSheetImporter (102)
[2017.02.09-19.25.57:709][481]LogModuleManager: Shutting down and abandoning module MeshPaint (101)
[2017.02.09-19.25.57:709][481]LogModuleManager: Shutting down and abandoning module PixelInspectorModule (100)
[2017.02.09-19.25.57:709][481]LogModuleManager: Shutting down and abandoning module HotReload (99)
[2017.02.09-19.25.57:710][481]LogModuleManager: Shutting down and abandoning module MainFrame (98)
[2017.02.09-19.25.57:710][481]LogModuleManager: Shutting down and abandoning module LevelEditor (97)
[2017.02.09-19.25.57:711][481]LogModuleManager: Shutting down and abandoning module ContentBrowser (96)
[2017.02.09-19.25.57:713][481]LogModuleManager: Shutting down and abandoning module Paper2DEditor (95)
[2017.02.09-19.25.57:735][481]LogModuleManager: Shutting down and abandoning module UdpMessaging (94)
[2017.02.09-19.25.57:836][481]LogModuleManager: Shutting down and abandoning module LightPropagationVolumeRuntime (93)
[2017.02.09-19.25.57:836][481]LogModuleManager: Shutting down and abandoning module Paper2D (92)
[2017.02.09-19.25.57:836][481]LogModuleManager: Shutting down and abandoning module WindowsMoviePlayer (91)
[2017.02.09-19.25.57:836][481]LogModuleManager: Shutting down and abandoning module Media (90)
[2017.02.09-19.25.57:836][481]LogModuleManager: Shutting down and abandoning module WmfMedia (89)
[2017.02.09-19.25.57:843][481]LogModuleManager: Shutting down and abandoning module MediaAssets (88)
[2017.02.09-19.25.57:843][481]LogModuleManager: Shutting down and abandoning module GameLiveStreaming (87)
[2017.02.09-19.25.57:843][481]LogModuleManager: Shutting down and abandoning module GameplayTagsEditor (86)
[2017.02.09-19.25.57:843][481]LogModuleManager: Shutting down and abandoning module OnlineBlueprintSupport (85)
[2017.02.09-19.25.57:843][481]LogModuleManager: Shutting down and abandoning module VREditor (84)
[2017.02.09-19.25.57:861][481]LogModuleManager: Shutting down and abandoning module GameplayTasksEditor (83)
[2017.02.09-19.25.57:861][481]LogModuleManager: Shutting down and abandoning module PropertyEditor (82)
[2017.02.09-19.25.57:897][481]LogModuleManager: Shutting down and abandoning module BehaviorTreeEditor (81)
[2017.02.09-19.25.57:922][481]LogModuleManager: Shutting down and abandoning module FunctionalTesting (80)
[2017.02.09-19.25.57:938][481]LogModuleManager: Shutting down and abandoning module CollisionAnalyzer (79)
[2017.02.09-19.25.57:958][481]LogModuleManager: Shutting down and abandoning module Sequencer (78)
[2017.02.09-19.25.58:003][481]LogModuleManager: Shutting down and abandoning module WorkspaceMenuStructure (77)
[2017.02.09-19.25.58:003][481]LogModuleManager: Shutting down and abandoning module MessageLog (76)
[2017.02.09-19.25.58:003][481]LogModuleManager: Shutting down and abandoning module AssetTools (75)
[2017.02.09-19.25.58:029][481]LogModuleManager: Shutting down and abandoning module UMGEditor (74)
[2017.02.09-19.25.58:069][481]LogModuleManager: Shutting down and abandoning module UMG (73)
[2017.02.09-19.25.58:085][481]LogModuleManager: Shutting down and abandoning module SlateReflector (72)
[2017.02.09-19.25.58:117][481]LogModuleManager: Shutting down and abandoning module Slate (71)
[2017.02.09-19.25.58:117][481]LogModuleManager: Shutting down and abandoning module EditorStyle (70)
[2017.02.09-19.25.58:119][481]LogModuleManager: Shutting down and abandoning module SourceCodeAccess (69)
[2017.02.09-19.25.58:119][481]LogModuleManager: Shutting down and abandoning module HeadMountedDisplay (68)
[2017.02.09-19.25.58:119][481]LogModuleManager: Shutting down and abandoning module XAudio2 (67)
[2017.02.09-19.25.58:119][481]LogModuleManager: Shutting down and abandoning module Networking (65)
[2017.02.09-19.25.58:119][481]LogModuleManager: Shutting down and abandoning module Core (64)
[2017.02.09-19.25.58:119][481]LogModuleManager: Shutting down and abandoning module DirectoryWatcher (63)
[2017.02.09-19.25.58:119][481]LogModuleManager: Shutting down and abandoning module AssetRegistry (62)
[2017.02.09-19.25.58:281][481]LogModuleManager: Shutting down and abandoning module KismetCompiler (61)
[2017.02.09-19.25.58:281][481]LogModuleManager: Shutting down and abandoning module PhysXFormats (60)
[2017.02.09-19.25.58:281][481]LogModuleManager: Shutting down and abandoning module MeshUtilities (59)
[2017.02.09-19.25.58:311][481]LogModuleManager: Shutting down and abandoning module DerivedDataCache (58)
[2017.02.09-19.25.58:618][481]LogDerivedDataCache: Shutdown
[2017.02.09-19.25.58:618][481]LogModuleManager: Shutting down and abandoning module VulkanShaderFormat (57)
[2017.02.09-19.25.58:618][481]LogModuleManager: Shutting down and abandoning module ShaderFormatOpenGL (56)
[2017.02.09-19.25.58:681][481]LogModuleManager: Shutting down and abandoning module ShaderFormatD3D (55)
[2017.02.09-19.25.58:681][481]LogModuleManager: Shutting down and abandoning module MetalShaderFormat (54)
[2017.02.09-19.25.58:743][481]LogModuleManager: Shutting down and abandoning module TextureFormatUncompressed (53)
[2017.02.09-19.25.58:743][481]LogModuleManager: Shutting down and abandoning module TextureFormatPVR (52)
[2017.02.09-19.25.58:744][481]LogModuleManager: Shutting down and abandoning module TextureFormatIntelISPCTexComp (51)
[2017.02.09-19.25.58:744][481]LogModuleManager: Shutting down and abandoning module TextureFormatDXT (50)
[2017.02.09-19.25.58:744][481]LogModuleManager: Shutting down and abandoning module ImageWrapper (49)
[2017.02.09-19.25.58:744][481]LogModuleManager: Shutting down and abandoning module TextureFormatASTC (48)
[2017.02.09-19.25.58:744][481]LogModuleManager: Shutting down and abandoning module TextureFormatAndroid (47)
[2017.02.09-19.25.58:744][481]LogModuleManager: Shutting down and abandoning module AudioFormatOpus (46)
[2017.02.09-19.25.58:744][481]LogModuleManager: Shutting down and abandoning module AudioFormatOgg (45)
[2017.02.09-19.25.58:744][481]LogModuleManager: Shutting down and abandoning module AudioFormatADPCM (44)
[2017.02.09-19.25.58:744][481]LogModuleManager: Shutting down and abandoning module LinuxTargetPlatform (43)
[2017.02.09-19.25.58:744][481]LogModuleManager: Shutting down and abandoning module LinuxServerTargetPlatform (42)
[2017.02.09-19.25.58:744][481]LogModuleManager: Shutting down and abandoning module LinuxNoEditorTargetPlatform (41)
[2017.02.09-19.25.58:744][481]LogModuleManager: Shutting down and abandoning module TVOSTargetPlatform (40)
[2017.02.09-19.25.58:744][481]LogModuleManager: Shutting down and abandoning module Messaging (39)
[2017.02.09-19.25.58:744][481]LogModuleManager: Shutting down and abandoning module IOSTargetPlatform (38)
[2017.02.09-19.25.58:744][481]LogModuleManager: Shutting down and abandoning module HTML5TargetPlatform (37)
[2017.02.09-19.25.58:744][481]LogModuleManager: Shutting down and abandoning module Android_PVRTCTargetPlatform (36)
[2017.02.09-19.25.58:744][481]LogModuleManager: Shutting down and abandoning module Android_MultiTargetPlatform (35)
[2017.02.09-19.25.58:744][481]LogModuleManager: Shutting down and abandoning module Android_ETC2TargetPlatform (34)
[2017.02.09-19.25.58:744][481]LogModuleManager: Shutting down and abandoning module Android_ETC1TargetPlatform (33)
[2017.02.09-19.25.58:744][481]LogModuleManager: Shutting down and abandoning module Android_DXTTargetPlatform (32)
[2017.02.09-19.25.58:744][481]LogModuleManager: Shutting down and abandoning module Android_ATCTargetPlatform (31)
[2017.02.09-19.25.58:744][481]LogModuleManager: Shutting down and abandoning module Android_ASTCTargetPlatform (30)
[2017.02.09-19.25.58:744][481]LogModuleManager: Shutting down and abandoning module AndroidTargetPlatform (29)
[2017.02.09-19.25.58:744][481]LogModuleManager: Shutting down and abandoning module WindowsTargetPlatform (28)
[2017.02.09-19.25.58:744][481]LogModuleManager: Shutting down and abandoning module WindowsServerTargetPlatform (27)
[2017.02.09-19.25.58:744][481]LogModuleManager: Shutting down and abandoning module WindowsNoEditorTargetPlatform (26)
[2017.02.09-19.25.58:744][481]LogModuleManager: Shutting down and abandoning module WindowsClientTargetPlatform (25)
[2017.02.09-19.25.58:744][481]LogModuleManager: Shutting down and abandoning module AllDesktopTargetPlatform (24)
[2017.02.09-19.25.58:744][481]LogModuleManager: Shutting down and abandoning module TargetPlatform (23)
[2017.02.09-19.25.58:744][481]LogModuleManager: Shutting down and abandoning module InputCore (22)
[2017.02.09-19.25.58:744][481]LogModuleManager: Shutting down and abandoning module Settings (21)
[2017.02.09-19.25.58:744][481]LogModuleManager: Shutting down and abandoning module OnlineSubsystem (19)
[2017.02.09-19.25.58:744][481]LogModuleManager: Shutting down and abandoning module HTTP (18)
[2017.02.09-19.26.02:799][481]LogModuleManager: Shutting down and abandoning module XMPP (17)
[2017.02.09-19.26.02:833][481]LogModuleManager: Shutting down and abandoning module OculusRift (16)
[2017.02.09-19.26.02:855][481]LogModuleManager: Shutting down and abandoning module ExampleDeviceProfileSelector (15)
[2017.02.09-19.26.02:855][481]LogModuleManager: Shutting down and abandoning module TextureCompressor (14)
[2017.02.09-19.26.02:855][481]LogModuleManager: Shutting down and abandoning module ShaderCore (13)
[2017.02.09-19.26.02:855][481]LogModuleManager: Shutting down and abandoning module Landscape (12)
[2017.02.09-19.26.02:855][481]LogModuleManager: Shutting down and abandoning module SlateRHIRenderer (11)
[2017.02.09-19.26.02:871][481]LogModuleManager: Shutting down and abandoning module OpenGLDrv (10)
[2017.02.09-19.26.02:897][481]LogModuleManager: Shutting down and abandoning module D3D11RHI (9)
[2017.02.09-19.26.02:897][481]LogModuleManager: Shutting down and abandoning module AnimGraphRuntime (8)
[2017.02.09-19.26.02:897][481]LogModuleManager: Shutting down and abandoning module Renderer (7)
[2017.02.09-19.26.02:897][481]LogModuleManager: Shutting down and abandoning module Engine (6)
[2017.02.09-19.26.02:897][481]LogModuleManager: Shutting down and abandoning module CoreUObject (5)
[2017.02.09-19.26.02:897][481]LogModuleManager: Shutting down and abandoning module NetworkFile (4)
[2017.02.09-19.26.02:910][481]LogModuleManager: Shutting down and abandoning module StreamingFile (3)
[2017.02.09-19.26.02:910][481]LogModuleManager: Shutting down and abandoning module SandboxFile (2)
[2017.02.09-19.26.02:910][481]LogModuleManager: Shutting down and abandoning module PakFile (1)
[2017.02.09-19.26.02:920][481]LogExit: Exiting.
[2017.02.09-19.26.02:930][481]Log file closed, 02/09/17 14:26:02
