Log file open, 04/30/17 03:48:37
LogInit:Display: Running engine for game: Game
LogPlatformFile: Not using cached read wrapper
LogInit:Display: RandInit(426365290) SRandInit(426365304).
LogTaskGraph: Started task graph with 4 named threads and 7 total threads with 1 sets of task threads.
LogStats: Stats thread started at 0.089828
LogInit: Version: 4.12.5-3039270+++UE4+Release-4.12
LogInit: API Version: 2992821
LogInit: Net Version: 3039270
LogDevObjectVersion: Number of dev versions registered: 13
LogDevObjectVersion:   Dev-Blueprints (B0D832E4-1F89-4F0D-ACCF-7EB736FD4AA2): 3
LogDevObjectVersion:   Dev-Build (E1C64328-A22C-4D53-A36C-8E866417BD8C): 0
LogDevObjectVersion:   Dev-Core (375EC13C-06E4-48FB-B500-84F0262A717E): 1
LogDevObjectVersion:   Dev-Editor (E4B068ED-F494-42E9-A231-DA0B2E46BB41): 2
LogDevObjectVersion:   Dev-Framework (CFFC743F-43B0-4480-9391-14DF171D2073): 6
LogDevObjectVersion:   Dev-Mobile (B02B49B5-BB20-44E9-A304-32B752E40360): 0
LogDevObjectVersion:   Dev-Networking (A4E4105C-59A1-49B5-A7C5-40C4547EDFEE): 0
LogDevObjectVersion:   Dev-Online (39C831C9-5AE6-47DC-9A44-9C173E1C8E7C): 0
LogDevObjectVersion:   Dev-Physics (78F01B33-EBEA-4F98-B9B4-84EACCB95AA2): 0
LogDevObjectVersion:   Dev-Platform (6631380F-2D4D-43E0-8009-CF276956A95A): 0
LogDevObjectVersion:   Dev-Rendering (12F88B9F-8875-4AFC-A67C-D90C383ABD29): 2
LogDevObjectVersion:   Dev-Sequencer (7B5AE74C-D270-4C10-A958-57980B212A5A): 0
LogDevObjectVersion:   Dev-VR (D7296918-1DD6-4BDD-9DE2-64A83CC13884): 0
LogInit: Compiled (64-bit): Jul  6 2016 09:09:46
LogInit: Compiled with Visual C++: 19.00.23026.00
LogInit: Build Configuration: Development
LogInit: Branch Name: ++UE4+Release-4.12
LogInit: Command line:  /Temp/Autosaves/Game/Maps/UEDPCMain -game -PIEVIACONSOLE -ResX=1280 -ResY=720  -Multiprocess -windowed -messaging -SessionName="Play in Standalone Game" 
LogInit: Base directory: C:/Program Files (x86)/Epic Games/4.12/Engine/Binaries/Win64/
LogInit: Installed Engine Build: 1
LogInit: Using libcurl 7.41.0
LogInit:  - built for x86_64-pc-win32
LogInit:  - supports SSL with WinSSL
LogInit:  - other features:
LogInit:      CURL_VERSION_SSL
LogInit:      CURL_VERSION_IPV6
LogInit:      CURL_VERSION_ASYNCHDNS
LogInit:      CURL_VERSION_LARGEFILE
LogInit:      CURL_VERSION_IDN
LogInit:  CurlRequestOptions (configurable via config and command line):
LogInit:  - bVerifyPeer = true  - Libcurl will verify peer certificate
LogInit:  - bUseHttpProxy = false  - Libcurl will NOT use HTTP proxy
LogInit:  - bDontReuseConnections = false  - Libcurl will reuse connections
LogInit:  - CertBundlePath = nullptr  - Libcurl will use whatever was configured at build time.
LogInit: Presizing for max 8388607 objects, including 0 objects not considered by GC, pre-allocating 0 bytes for permanent pool.
LogInit: Object subsystem initialized
[2017.04.30-07.48.37:886][  0]LogInit: Selected Device Profile: [Windows]
[2017.04.30-07.48.37:886][  0]LogInit: Applying CVar settings loaded from the selected device profile: [Windows]
[2017.04.30-07.48.37:891][  0]LogInit: Computer: SCOTT-PC
[2017.04.30-07.48.37:891][  0]LogInit: User: Scott
[2017.04.30-07.48.37:891][  0]LogInit: CPU Page size=65536, Cores=4
[2017.04.30-07.48.37:891][  0]LogInit: High frequency timer resolution =14.318180 MHz
[2017.04.30-07.48.37:891][  0]LogMemory: Memory total: Physical=11.9GB (12GB approx)
[2017.04.30-07.48.37:891][  0]LogMemory: Platform Memory Stats for Windows
[2017.04.30-07.48.37:891][  0]LogMemory: Process Physical Memory: 190.13 MB used, 190.13 MB peak
[2017.04.30-07.48.37:891][  0]LogMemory: Process Virtual Memory: 195.35 MB used, 195.35 MB peak
[2017.04.30-07.48.37:891][  0]LogMemory: Physical Memory: 7544.86 MB used, 12202.02 MB total
[2017.04.30-07.48.37:891][  0]LogMemory: Virtual Memory: 553.80 MB used, 134217728.00 MB total
[2017.04.30-07.48.37:926][  0]LogTextLocalizationManager: No specific translations for ('en-US') exist, so ('en') translations will be used.
[2017.04.30-07.48.38:365][  0]LogD3D11RHI: D3D11 adapters:
[2017.04.30-07.48.38:433][  0]LogD3D11RHI:    0. 'NVIDIA GeForce GTX 1080' (Feature Level 11_0)
[2017.04.30-07.48.38:434][  0]LogD3D11RHI:       8110/0/6101 MB DedicatedVideo/DedicatedSystem/SharedSystem, Outputs:2, VendorId:0x10de
[2017.04.30-07.48.38:435][  0]LogD3D11RHI:    1. 'Microsoft Basic Render Driver' (Feature Level 11_0)
[2017.04.30-07.48.38:435][  0]LogD3D11RHI:       0/0/6101 MB DedicatedVideo/DedicatedSystem/SharedSystem, Outputs:0, VendorId:0x1414
[2017.04.30-07.48.38:435][  0]LogD3D11RHI: Chosen D3D11 Adapter: 0
[2017.04.30-07.48.38:442][  0]LogD3D11RHI: Creating new Direct3DDevice
[2017.04.30-07.48.38:442][  0]LogD3D11RHI:     GPU DeviceId: 0x1b80 (for the marketing name, search the web for "GPU Device Id")
[2017.04.30-07.48.38:442][  0]LogWindows: EnumDisplayDevices:
[2017.04.30-07.48.38:442][  0]LogWindows:    0. 'NVIDIA GeForce GTX 1080' (P:1 D:1)
[2017.04.30-07.48.38:443][  0]LogWindows:    1. 'NVIDIA GeForce GTX 1080' (P:0 D:1)
[2017.04.30-07.48.38:443][  0]LogWindows:    2. 'NVIDIA GeForce GTX 1080' (P:0 D:0)
[2017.04.30-07.48.38:443][  0]LogWindows:    3. 'NVIDIA GeForce GTX 1080' (P:0 D:0)
[2017.04.30-07.48.38:443][  0]LogWindows: DebugString: FoundDriverCount:4 
[2017.04.30-07.48.38:443][  0]LogD3D11RHI:     Adapter Name: NVIDIA GeForce GTX 1080
[2017.04.30-07.48.38:443][  0]LogD3D11RHI:   Driver Version: 378.92 (internal:21.21.13.7892, unified:378.92)
[2017.04.30-07.48.38:443][  0]LogD3D11RHI:      Driver Date: 3-16-2017
[2017.04.30-07.48.38:443][  0]LogRHI: Texture pool is 1361 MB (70% of 1945 MB)
[2017.04.30-07.48.38:467][  0]LogD3D11RHI: Async texture creation enabled
[2017.04.30-07.48.38:481][  0]LogD3D11RHI: GPU Timing Frequency: 1000.000000 (Debug: 2 1)
[2017.04.30-07.48.38:481][  0]LogShaderCompilers: Guid format shader working directory is -13 characters bigger than the processId version (../../../../../../Users/Scott/Documents/GitHub/CGT445/Game/Intermediate/Shaders/WorkingDirectory/11160/).
[2017.04.30-07.48.38:482][  0]LogShaderCompilers: Cleaned the shader compiler working directory 'C:/Users/Scott/AppData/Local/Temp/UnrealShaderWorkingDir/D2E8E3EA40678CEF58B3B09E4C706745/'.
[2017.04.30-07.48.38:482][  0]LogShaderCompilers:Display: Using Local Shader Compiler.
[2017.04.30-07.48.39:697][  0]LogTemp:Display: Loaded TP WindowsClientTargetPlatform
[2017.04.30-07.48.39:709][  0]LogTemp:Display: Loaded TP WindowsNoEditorTargetPlatform
[2017.04.30-07.48.39:721][  0]LogTemp:Display: Loaded TP WindowsServerTargetPlatform
[2017.04.30-07.48.39:733][  0]LogTemp:Display: Loaded TP WindowsTargetPlatform
[2017.04.30-07.48.39:733][  0]LogTargetPlatformManager:Display: Building Assets For Windows
[2017.04.30-07.48.39:840][  0]LogDerivedDataCache:Display: Max Cache Size: 512 MB
[2017.04.30-07.48.39:929][  0]LogDerivedDataCache: Loaded boot cache 0.09s 48MB C:/Users/Scott/AppData/Local/UnrealEngine/4.12/DerivedDataCache/Boot.ddc.
[2017.04.30-07.48.39:930][  0]LogDerivedDataCache:Display: Loaded Boot cache: C:/Users/Scott/AppData/Local/UnrealEngine/4.12/DerivedDataCache/Boot.ddc
[2017.04.30-07.48.39:930][  0]LogDerivedDataCache: FDerivedDataBackendGraph:  Pak pak cache file ../../../../../../Users/Scott/Documents/GitHub/CGT445/Game/DerivedDataCache/DDC.ddp not found, will not use a pak cache.
[2017.04.30-07.48.39:930][  0]LogDerivedDataCache: Unable to find inner node Pak for hierarchical cache Hierarchy.
[2017.04.30-07.48.39:930][  0]LogDerivedDataCache: FDerivedDataBackendGraph:  CompressedPak pak cache file ../../../../../../Users/Scott/Documents/GitHub/CGT445/Game/DerivedDataCache/Compressed.ddp not found, will not use a pak cache.
[2017.04.30-07.48.39:930][  0]LogDerivedDataCache: Unable to find inner node CompressedPak for hierarchical cache Hierarchy.
[2017.04.30-07.48.39:948][  0]LogDerivedDataCache:Display: Pak cache opened for reading ../../../Engine/DerivedDataCache/Compressed.ddp.
[2017.04.30-07.48.39:960][  0]LogDerivedDataCache: Using Local data cache path C:/Users/Scott/AppData/Local/UnrealEngine/Common/DerivedDataCache: Writable
[2017.04.30-07.48.40:193][  0]LogAssetRegistry: FAssetRegistry took 0.0001 seconds to start up
[2017.04.30-07.48.40:197][  0]LogPackageLocalizationCache: Processed 3 localized package path(s) for 2 prioritized culture(s) in 0.004420 seconds
[2017.04.30-07.48.40:202][  0]LogInit: Selected Device Profile: [Windows]
[2017.04.30-07.48.40:203][  0]LogContentStreaming: Texture pool size is 1000.00 MB
[2017.04.30-07.48.40:373][  0]LogMeshUtilities: No automatic mesh reduction module available
[2017.04.30-07.48.40:373][  0]LogMeshUtilities: No automatic mesh merging module available
[2017.04.30-07.48.40:373][  0]LogMeshUtilities: No distributed automatic mesh merging module available
[2017.04.30-07.48.40:658][  0]LogInit: WinSock: version 1.1 (2.2), MaxSocks=32767, MaxUdp=65467
[2017.04.30-07.48.40:841][  0]LogSlate: SlateFontCache - WITH_FREETYPE: 1, WITH_HARFBUZZ: 1
[2017.04.30-07.48.40:841][  0]LogSlate: SlateFontCache - WITH_FREETYPE: 1, WITH_HARFBUZZ: 1
[2017.04.30-07.48.40:923][  0]LogMoviePlayer: Initializing movie player
[2017.04.30-07.48.41:035][  0]LogWindowsMoviePlayer: Unable to load movie: ../../../../../../Users/Scott/Documents/GitHub/CGT445/Game/Content/Movies/Default_Startup.mp4
[2017.04.30-07.48.41:122][  0]LogSubstanceCoreModule: Substance CPU Engine Loaded, Max Texture Size 2048
[2017.04.30-07.48.41:135][  0]LogUdpMessaging: Initializing bridge on interface 0.0.0.0:0 to multicast group 230.0.0.1:6666.
[2017.04.30-07.48.41:209][  0]SourceControl: Info Source control is disabled
[2017.04.30-07.48.41:209][  0]SourceControl: Info Source control is disabled
[2017.04.30-07.48.41:222][  0]SourceControl: Info Source control is disabled
[2017.04.30-07.48.41:385][  0]LogUObjectArray: 31128 objects as part of root set at end of initial load.
[2017.04.30-07.48.41:385][  0]LogUObjectAllocator: 6742592 out of 0 bytes used by permanent object pool.
[2017.04.30-07.48.41:385][  0]LogUObjectArray: CloseDisregardForGC: 0/0 objects in disregard for GC pool
[2017.04.30-07.48.41:446][  0]LogEngine: Initializing Engine...
[2017.04.30-07.48.41:447][  0]LogHMD: SteamVR failed to initialize.  Err: 110
[2017.04.30-07.48.41:448][  0]LogHMD: SteamVR failed to initialize.  Err: 110
[2017.04.30-07.48.41:639][  0]LogInit: XAudio2 using 'Back (5- C-Media USB Headphone Set  )' : 2 channels at 44.1 kHz using 16 bits per sample (channel mask 0x3)
[2017.04.30-07.48.41:660][  0]LogInit: FAudioDevice initialized.
[2017.04.30-07.48.41:673][  0]LogInit: Texture streaming: Enabled
[2017.04.30-07.48.41:752][  0]LogNet: Browse: /Temp/Autosaves/Game/Maps/UEDPCMain?Name=Player
[2017.04.30-07.48.41:753][  0]LogLoad: LoadMap: /Temp/Autosaves/Game/Maps/UEDPCMain?Name=Player
[2017.04.30-07.48.41:776][  0]LogMemory: Platform Memory Stats for Windows
[2017.04.30-07.48.41:776][  0]LogMemory: Process Physical Memory: 552.44 MB used, 570.30 MB peak
[2017.04.30-07.48.41:776][  0]LogMemory: Process Virtual Memory: 610.13 MB used, 617.53 MB peak
[2017.04.30-07.48.41:776][  0]LogMemory: Physical Memory: 7834.28 MB used, 12202.02 MB total
[2017.04.30-07.48.41:776][  0]LogMemory: Virtual Memory: 1214.91 MB used, 134217728.00 MB total
[2017.04.30-07.48.41:776][  0]LogMemory: 
[2017.04.30-07.48.41:776][  0]Allocator Stats for TBB: (not implemented)
[2017.04.30-07.48.42:005][  0]LogAIModule: Creating AISystem for world Main
[2017.04.30-07.48.42:005][  0]LogWorld: Game class is 'GameMode'
[2017.04.30-07.48.42:007][  0]LogWorld: Bringing World /Temp/Autosaves/Game/Maps/UEDPCMain.Main up for play (max tick rate 0) at 2017.04.30-03.48.42
[2017.04.30-07.48.42:007][  0]LogWorld: Bringing up level for play took: 0.000972
[2017.04.30-07.48.42:012][  0]LogLoad: Took 0.259783 seconds to LoadMap(/Temp/Autosaves/Game/Maps/UEDPCMain)
[2017.04.30-07.48.42:012][  0]LogInit:Display: Game Engine Initialized.
[2017.04.30-07.48.42:251][  0]LogLoad: Full Startup: 5.27 seconds (BP compile: 0.05 seconds)
[2017.04.30-07.48.42:251][  0]LogExternalProfiler: Found external profiler: VSPerf
[2017.04.30-07.48.42:251][  0]LogExternalProfiler: Using external profiler: VSPerf
[2017.04.30-07.48.42:268][  0]LogWindowsTextInputMethodSystem:Display: IME system now deactivated.
[2017.04.30-07.48.42:269][  0]LogOcInput: OculusInput pre-init called
[2017.04.30-07.48.42:421][  2]LogRenderer: Reallocating scene render targets to support 1280x720 (Frame:2).
[2017.04.30-07.48.45:346][169]LogPackageName: SearchForPackageOnDisk took   0.117s to resolve Grand_Cafeteria.umap.
[2017.04.30-07.48.45:456][169]LogPackageName: SearchForPackageOnDisk took   0.109s to resolve Grand_Cafeteria.umap.
[2017.04.30-07.48.45:456][169]LogNet: Browse: /Game/Maps/Grand_Cafeteria
[2017.04.30-07.48.45:456][169]LogLoad: LoadMap: /Game/Maps/Grand_Cafeteria
[2017.04.30-07.48.45:489][169]LogMemory: Platform Memory Stats for Windows
[2017.04.30-07.48.45:489][169]LogMemory: Process Physical Memory: 617.95 MB used, 622.98 MB peak
[2017.04.30-07.48.45:489][169]LogMemory: Process Virtual Memory: 853.54 MB used, 861.89 MB peak
[2017.04.30-07.48.45:489][169]LogMemory: Physical Memory: 7885.31 MB used, 12202.02 MB total
[2017.04.30-07.48.45:489][169]LogMemory: Virtual Memory: 1487.80 MB used, 134217728.00 MB total
[2017.04.30-07.48.45:489][169]LogMemory: 
[2017.04.30-07.48.45:489][169]Allocator Stats for TBB: (not implemented)
[2017.04.30-07.48.47:074][169]LogAIModule: Creating AISystem for world Grand_Cafeteria
[2017.04.30-07.48.47:074][169]LogWorld: Game class is 'FoodFightersGM_C'
[2017.04.30-07.48.47:094][169]LogWorld: Bringing World /Game/Maps/Grand_Cafeteria.Grand_Cafeteria up for play (max tick rate 0) at 2017.04.30-03.48.47
[2017.04.30-07.48.47:095][169]LogWorld: Bringing up level for play took: 0.018880
[2017.04.30-07.48.47:098][169]LogPlayerManagement:Error: Failed to Create Player: A local player already exists for controller ID 0,
[2017.04.30-07.48.47:108][169]LogLoad: Took 1.652187 seconds to LoadMap(/Game/Maps/Grand_Cafeteria)
[2017.04.30-07.48.55:014][654]LogScript:Warning: Accessed None trying to read property SpriteComponent
	FoodFightersGM_C /Game/Maps/Grand_Cafeteria.Grand_Cafeteria:PersistentLevel.FoodFightersGM_C_0
	Function /Game/Blueprints/FoodFightersGM.FoodFightersGM_C:ammoSpawner:0929
[2017.04.30-07.48.55:014][654]LogScript:Warning: Script call stack:
	Function /Game/Blueprints/FoodFightersGM.FoodFightersGM_C:ammoSpawner

[2017.04.30-07.48.55:014][654]LogScript:Warning: Accessed None trying to read property SpriteComponent
	FoodFightersGM_C /Game/Maps/Grand_Cafeteria.Grand_Cafeteria:PersistentLevel.FoodFightersGM_C_0
	Function /Game/Blueprints/FoodFightersGM.FoodFightersGM_C:ammoSpawner:0A11
[2017.04.30-07.48.55:014][654]LogScript:Warning: Script call stack:
	Function /Game/Blueprints/FoodFightersGM.FoodFightersGM_C:ammoSpawner

[2017.04.30-07.48.58:013][840]LogScript:Warning: Accessed None trying to read property SpriteComponent
	FoodFightersGM_C /Game/Maps/Grand_Cafeteria.Grand_Cafeteria:PersistentLevel.FoodFightersGM_C_0
	Function /Game/Blueprints/FoodFightersGM.FoodFightersGM_C:ammoSpawner:0929
[2017.04.30-07.48.58:013][840]LogScript:Warning: Script call stack:
	Function /Game/Blueprints/FoodFightersGM.FoodFightersGM_C:ammoSpawner

[2017.04.30-07.48.58:013][840]LogScript:Warning: Accessed None trying to read property SpriteComponent
	FoodFightersGM_C /Game/Maps/Grand_Cafeteria.Grand_Cafeteria:PersistentLevel.FoodFightersGM_C_0
	Function /Game/Blueprints/FoodFightersGM.FoodFightersGM_C:ammoSpawner:0A11
[2017.04.30-07.48.58:013][840]LogScript:Warning: Script call stack:
	Function /Game/Blueprints/FoodFightersGM.FoodFightersGM_C:ammoSpawner

[2017.04.30-07.49.01:021][ 26]LogScript:Warning: Accessed None trying to read property SpriteComponent
	FoodFightersGM_C /Game/Maps/Grand_Cafeteria.Grand_Cafeteria:PersistentLevel.FoodFightersGM_C_0
	Function /Game/Blueprints/FoodFightersGM.FoodFightersGM_C:ammoSpawner:0929
[2017.04.30-07.49.01:021][ 26]LogScript:Warning: Script call stack:
	Function /Game/Blueprints/FoodFightersGM.FoodFightersGM_C:ammoSpawner

[2017.04.30-07.49.01:021][ 26]LogScript:Warning: Accessed None trying to read property SpriteComponent
	FoodFightersGM_C /Game/Maps/Grand_Cafeteria.Grand_Cafeteria:PersistentLevel.FoodFightersGM_C_0
	Function /Game/Blueprints/FoodFightersGM.FoodFightersGM_C:ammoSpawner:0A11
[2017.04.30-07.49.01:021][ 26]LogScript:Warning: Script call stack:
	Function /Game/Blueprints/FoodFightersGM.FoodFightersGM_C:ammoSpawner

[2017.04.30-07.49.04:017][212]LogScript:Warning: Accessed None trying to read property SpriteComponent
	FoodFightersGM_C /Game/Maps/Grand_Cafeteria.Grand_Cafeteria:PersistentLevel.FoodFightersGM_C_0
	Function /Game/Blueprints/FoodFightersGM.FoodFightersGM_C:ammoSpawner:0929
[2017.04.30-07.49.04:017][212]LogScript:Warning: Script call stack:
	Function /Game/Blueprints/FoodFightersGM.FoodFightersGM_C:ammoSpawner

[2017.04.30-07.49.04:017][212]LogScript:Warning: Accessed None trying to read property SpriteComponent
	FoodFightersGM_C /Game/Maps/Grand_Cafeteria.Grand_Cafeteria:PersistentLevel.FoodFightersGM_C_0
	Function /Game/Blueprints/FoodFightersGM.FoodFightersGM_C:ammoSpawner:0A11
[2017.04.30-07.49.04:017][212]LogScript:Warning: Script call stack:
	Function /Game/Blueprints/FoodFightersGM.FoodFightersGM_C:ammoSpawner

[2017.04.30-07.49.07:017][398]LogScript:Warning: Accessed None trying to read property SpriteComponent
	FoodFightersGM_C /Game/Maps/Grand_Cafeteria.Grand_Cafeteria:PersistentLevel.FoodFightersGM_C_0
	Function /Game/Blueprints/FoodFightersGM.FoodFightersGM_C:ammoSpawner:0929
[2017.04.30-07.49.07:017][398]LogScript:Warning: Script call stack:
	Function /Game/Blueprints/FoodFightersGM.FoodFightersGM_C:ammoSpawner

[2017.04.30-07.49.07:017][398]LogScript:Warning: Accessed None trying to read property SpriteComponent
	FoodFightersGM_C /Game/Maps/Grand_Cafeteria.Grand_Cafeteria:PersistentLevel.FoodFightersGM_C_0
	Function /Game/Blueprints/FoodFightersGM.FoodFightersGM_C:ammoSpawner:0A11
[2017.04.30-07.49.07:017][398]LogScript:Warning: Script call stack:
	Function /Game/Blueprints/FoodFightersGM.FoodFightersGM_C:ammoSpawner

[2017.04.30-07.49.08:338][480]Closing by request
[2017.04.30-07.49.08:338][480]LogWindows: FPlatformMisc::RequestExit(0)
[2017.04.30-07.49.08:341][481]LogMoviePlayer: Shutting down movie player
[2017.04.30-07.49.08:489][481]LogWindowsTextInputMethodSystem:Display: IME system now deactivated.
[2017.04.30-07.49.08:495][481]LogExit: Preparing to exit.
[2017.04.30-07.49.09:317][481]LogExit: Game engine shut down
[2017.04.30-07.49.09:470][481]LogObj: Freed 0b from 0 cluster array pools.
[2017.04.30-07.49.09:470][481]LogExit: Object subsystem successfully closed.
[2017.04.30-07.49.09:492][481]LogD3D11RHI: Shutdown
[2017.04.30-07.49.09:492][481]LogD3D11RHI: CleanupD3DDevice
[2017.04.30-07.49.09:616][481]LogD3D11RHI: ~FD3D11DynamicRHI
[2017.04.30-07.49.09:626][481]LogModuleManager: Shutting down and abandoning module SequenceRecorderSections (113)
[2017.04.30-07.49.09:626][481]LogModuleManager: Shutting down and abandoning module SequenceRecorder (112)
[2017.04.30-07.49.09:626][481]LogModuleManager: Shutting down and abandoning module AutomationController (111)
[2017.04.30-07.49.09:626][481]LogModuleManager: Shutting down and abandoning module AutomationWorker (110)
[2017.04.30-07.49.09:626][481]LogModuleManager: Shutting down and abandoning module CharacterAI (109)
[2017.04.30-07.49.09:626][481]LogModuleManager: Shutting down and abandoning module SessionServices (108)
[2017.04.30-07.49.09:626][481]LogModuleManager: Shutting down and abandoning module GameplayDebugger (107)
[2017.04.30-07.49.09:626][481]LogModuleManager: Shutting down and abandoning module AITestSuite (106)
[2017.04.30-07.49.09:626][481]LogModuleManager: Shutting down and abandoning module AIModule (105)
[2017.04.30-07.49.09:626][481]LogModuleManager: Shutting down and abandoning module MovieSceneCapture (104)
[2017.04.30-07.49.09:626][481]LogModuleManager: Shutting down and abandoning module StreamingPauseRendering (103)
[2017.04.30-07.49.09:626][481]LogModuleManager: Shutting down and abandoning module PortalServices (102)
[2017.04.30-07.49.09:626][481]LogModuleManager: Shutting down and abandoning module PortalRpc (101)
[2017.04.30-07.49.09:626][481]LogModuleManager: Shutting down and abandoning module MessagingRpc (100)
[2017.04.30-07.49.09:626][481]LogModuleManager: Shutting down and abandoning module ProfilerService (99)
[2017.04.30-07.49.09:684][481]LogModuleManager: Shutting down and abandoning module TaskGraph (98)
[2017.04.30-07.49.09:685][481]LogModuleManager: Shutting down and abandoning module SlateRemote (97)
[2017.04.30-07.49.09:685][481]LogModuleManager: Shutting down and abandoning module SteamVRController (96)
[2017.04.30-07.49.09:685][481]LogModuleManager: Shutting down and abandoning module SteamVR (95)
[2017.04.30-07.49.09:685][481]LogModuleManager: Shutting down and abandoning module ProceduralMeshComponent (94)
[2017.04.30-07.49.09:685][481]LogModuleManager: Shutting down and abandoning module OculusLibrary (93)
[2017.04.30-07.49.09:685][481]LogModuleManager: Shutting down and abandoning module OculusInput (92)
[2017.04.30-07.49.09:685][481]LogModuleManager: Shutting down and abandoning module CustomMeshComponent (91)
[2017.04.30-07.49.09:685][481]LogModuleManager: Shutting down and abandoning module CableComponent (90)
[2017.04.30-07.49.09:685][481]LogModuleManager: Shutting down and abandoning module ArchVisCharacter (89)
[2017.04.30-07.49.09:685][481]LogModuleManager: Shutting down and abandoning module HTML5Networking (88)
[2017.04.30-07.49.09:685][481]LogModuleManager: Shutting down and abandoning module DesktopPlatform (87)
[2017.04.30-07.49.09:685][481]LogModuleManager: Shutting down and abandoning module DirectoryWatcher (86)
[2017.04.30-07.49.09:685][481]LogModuleManager: Shutting down and abandoning module HotReload (85)
[2017.04.30-07.49.09:685][481]LogModuleManager: Shutting down and abandoning module VisualStudioSourceCodeAccess (84)
[2017.04.30-07.49.09:685][481]LogModuleManager: Shutting down and abandoning module UObjectPlugin (83)
[2017.04.30-07.49.09:685][481]LogModuleManager: Shutting down and abandoning module SubversionSourceControl (82)
[2017.04.30-07.49.09:685][481]LogModuleManager: Shutting down and abandoning module SourceControl (81)
[2017.04.30-07.49.09:685][481]LogModuleManager: Shutting down and abandoning module PerforceSourceControl (80)
[2017.04.30-07.49.09:685][481]LogModuleManager: Shutting down and abandoning module UdpMessaging (79)
[2017.04.30-07.49.09:785][481]LogModuleManager: Shutting down and abandoning module SubstanceCore (78)
[2017.04.30-07.49.09:785][481]LogModuleManager: Shutting down and abandoning module LightPropagationVolumeRuntime (77)
[2017.04.30-07.49.09:785][481]LogModuleManager: Shutting down and abandoning module Paper2D (76)
[2017.04.30-07.49.09:785][481]LogModuleManager: Shutting down and abandoning module WindowsMoviePlayer (75)
[2017.04.30-07.49.09:785][481]LogModuleManager: Shutting down and abandoning module Media (74)
[2017.04.30-07.49.09:785][481]LogModuleManager: Shutting down and abandoning module WmfMedia (73)
[2017.04.30-07.49.09:785][481]LogModuleManager: Shutting down and abandoning module MediaAssets (72)
[2017.04.30-07.49.09:785][481]LogModuleManager: Shutting down and abandoning module GameLiveStreaming (71)
[2017.04.30-07.49.09:785][481]LogModuleManager: Shutting down and abandoning module GameplayTagsEditor (70)
[2017.04.30-07.49.09:786][481]LogModuleManager: Shutting down and abandoning module OnlineBlueprintSupport (69)
[2017.04.30-07.49.09:786][481]LogModuleManager: Shutting down and abandoning module VREditor (68)
[2017.04.30-07.49.09:786][481]LogModuleManager: Shutting down and abandoning module GameplayTasksEditor (67)
[2017.04.30-07.49.09:786][481]LogModuleManager: Shutting down and abandoning module PropertyEditor (66)
[2017.04.30-07.49.09:786][481]LogModuleManager: Shutting down and abandoning module BehaviorTreeEditor (65)
[2017.04.30-07.49.09:786][481]LogModuleManager: Shutting down and abandoning module FunctionalTesting (64)
[2017.04.30-07.49.09:786][481]LogModuleManager: Shutting down and abandoning module CollisionAnalyzer (63)
[2017.04.30-07.49.09:786][481]LogModuleManager: Shutting down and abandoning module Sequencer (62)
[2017.04.30-07.49.09:786][481]LogModuleManager: Shutting down and abandoning module WorkspaceMenuStructure (61)
[2017.04.30-07.49.09:786][481]LogModuleManager: Shutting down and abandoning module MessageLog (60)
[2017.04.30-07.49.09:786][481]LogModuleManager: Shutting down and abandoning module AssetTools (59)
[2017.04.30-07.49.09:786][481]LogModuleManager: Shutting down and abandoning module UMGEditor (58)
[2017.04.30-07.49.09:786][481]LogModuleManager: Shutting down and abandoning module UMG (57)
[2017.04.30-07.49.09:786][481]LogModuleManager: Shutting down and abandoning module SlateReflector (56)
[2017.04.30-07.49.09:786][481]LogModuleManager: Shutting down and abandoning module Slate (55)
[2017.04.30-07.49.09:786][481]LogModuleManager: Shutting down and abandoning module EditorStyle (54)
[2017.04.30-07.49.09:788][481]LogModuleManager: Shutting down and abandoning module Messaging (53)
[2017.04.30-07.49.09:788][481]LogModuleManager: Shutting down and abandoning module SourceCodeAccess (52)
[2017.04.30-07.49.09:788][481]LogModuleManager: Shutting down and abandoning module HeadMountedDisplay (51)
[2017.04.30-07.49.09:788][481]LogModuleManager: Shutting down and abandoning module XAudio2 (50)
[2017.04.30-07.49.09:788][481]LogModuleManager: Shutting down and abandoning module Networking (48)
[2017.04.30-07.49.09:788][481]LogModuleManager: Shutting down and abandoning module Core (47)
[2017.04.30-07.49.09:788][481]LogModuleManager: Shutting down and abandoning module KismetCompiler (46)
[2017.04.30-07.49.09:788][481]LogModuleManager: Shutting down and abandoning module PhysXFormats (45)
[2017.04.30-07.49.09:788][481]LogModuleManager: Shutting down and abandoning module MeshUtilities (44)
[2017.04.30-07.49.09:788][481]LogModuleManager: Shutting down and abandoning module AssetRegistry (43)
[2017.04.30-07.49.09:788][481]LogModuleManager: Shutting down and abandoning module DerivedDataCache (42)
[2017.04.30-07.49.09:972][481]LogDerivedDataCache: Shutdown
[2017.04.30-07.49.09:972][481]LogModuleManager: Shutting down and abandoning module VulkanShaderFormat (41)
[2017.04.30-07.49.09:972][481]LogModuleManager: Shutting down and abandoning module ShaderFormatOpenGL (40)
[2017.04.30-07.49.09:972][481]LogModuleManager: Shutting down and abandoning module ShaderFormatD3D (39)
[2017.04.30-07.49.09:972][481]LogModuleManager: Shutting down and abandoning module MetalShaderFormat (38)
[2017.04.30-07.49.09:972][481]LogModuleManager: Shutting down and abandoning module TextureFormatUncompressed (37)
[2017.04.30-07.49.09:972][481]LogModuleManager: Shutting down and abandoning module TextureFormatPVR (36)
[2017.04.30-07.49.09:972][481]LogModuleManager: Shutting down and abandoning module TextureFormatIntelISPCTexComp (35)
[2017.04.30-07.49.09:972][481]LogModuleManager: Shutting down and abandoning module TextureFormatDXT (34)
[2017.04.30-07.49.09:973][481]LogModuleManager: Shutting down and abandoning module ImageWrapper (33)
[2017.04.30-07.49.09:973][481]LogModuleManager: Shutting down and abandoning module TextureFormatASTC (32)
[2017.04.30-07.49.09:973][481]LogModuleManager: Shutting down and abandoning module TextureFormatAndroid (31)
[2017.04.30-07.49.09:973][481]LogModuleManager: Shutting down and abandoning module AudioFormatOpus (30)
[2017.04.30-07.49.09:973][481]LogModuleManager: Shutting down and abandoning module AudioFormatOgg (29)
[2017.04.30-07.49.09:973][481]LogModuleManager: Shutting down and abandoning module AudioFormatADPCM (28)
[2017.04.30-07.49.09:973][481]LogModuleManager: Shutting down and abandoning module WindowsTargetPlatform (27)
[2017.04.30-07.49.09:973][481]LogModuleManager: Shutting down and abandoning module WindowsServerTargetPlatform (26)
[2017.04.30-07.49.09:973][481]LogModuleManager: Shutting down and abandoning module WindowsNoEditorTargetPlatform (25)
[2017.04.30-07.49.09:973][481]LogModuleManager: Shutting down and abandoning module WindowsClientTargetPlatform (24)
[2017.04.30-07.49.09:973][481]LogModuleManager: Shutting down and abandoning module TargetPlatform (23)
[2017.04.30-07.49.09:973][481]LogModuleManager: Shutting down and abandoning module InputCore (22)
[2017.04.30-07.49.09:973][481]LogModuleManager: Shutting down and abandoning module Settings (21)
[2017.04.30-07.49.09:973][481]LogModuleManager: Shutting down and abandoning module OnlineSubsystem (19)
[2017.04.30-07.49.09:973][481]LogModuleManager: Shutting down and abandoning module HTTP (18)
[2017.04.30-07.49.09:973][481]LogModuleManager: Shutting down and abandoning module XMPP (17)
[2017.04.30-07.49.09:973][481]LogModuleManager: Shutting down and abandoning module OculusRift (16)
[2017.04.30-07.49.09:973][481]LogModuleManager: Shutting down and abandoning module ExampleDeviceProfileSelector (15)
[2017.04.30-07.49.09:973][481]LogModuleManager: Shutting down and abandoning module TextureCompressor (14)
[2017.04.30-07.49.09:973][481]LogModuleManager: Shutting down and abandoning module ShaderCore (13)
[2017.04.30-07.49.09:973][481]LogModuleManager: Shutting down and abandoning module Landscape (12)
[2017.04.30-07.49.09:973][481]LogModuleManager: Shutting down and abandoning module SlateRHIRenderer (11)
[2017.04.30-07.49.09:974][481]LogModuleManager: Shutting down and abandoning module OpenGLDrv (10)
[2017.04.30-07.49.09:974][481]LogModuleManager: Shutting down and abandoning module D3D11RHI (9)
[2017.04.30-07.49.09:974][481]LogModuleManager: Shutting down and abandoning module AnimGraphRuntime (8)
[2017.04.30-07.49.09:974][481]LogModuleManager: Shutting down and abandoning module Renderer (7)
[2017.04.30-07.49.09:974][481]LogModuleManager: Shutting down and abandoning module Engine (6)
[2017.04.30-07.49.09:974][481]LogModuleManager: Shutting down and abandoning module CoreUObject (5)
[2017.04.30-07.49.09:974][481]LogModuleManager: Shutting down and abandoning module NetworkFile (4)
[2017.04.30-07.49.09:974][481]LogModuleManager: Shutting down and abandoning module StreamingFile (3)
[2017.04.30-07.49.09:974][481]LogModuleManager: Shutting down and abandoning module SandboxFile (2)
[2017.04.30-07.49.09:974][481]LogModuleManager: Shutting down and abandoning module PakFile (1)
[2017.04.30-07.49.09:975][481]LogExit: Exiting.
[2017.04.30-07.49.09:977][481]Log file closed, 04/30/17 03:49:09
