Log file open, 05/01/17 18:41:23
LogInit:Display: Running engine for game: Game
LogPlatformFile: Not using cached read wrapper
LogInit:Display: RandInit(-1052872599) SRandInit(-1052872578).
LogTaskGraph: Started task graph with 4 named threads and 7 total threads with 1 sets of task threads.
LogStats: Stats thread started at 0.099440
LogInit: Version: 4.12.5-3039270+++UE4+Release-4.12
LogInit: API Version: 2992821
LogInit: Net Version: 3039270
LogDevObjectVersion: Number of dev versions registered: 13
LogDevObjectVersion:   Dev-Blueprints (B0D832E4-1F89-4F0D-ACCF-7EB736FD4AA2): 3
LogDevObjectVersion:   Dev-Build (E1C64328-A22C-4D53-A36C-8E866417BD8C): 0
LogDevObjectVersion:   Dev-Core (375EC13C-06E4-48FB-B500-84F0262A717E): 1
LogDevObjectVersion:   Dev-Editor (E4B068ED-F494-42E9-A231-DA0B2E46BB41): 2
LogDevObjectVersion:   Dev-Framework (CFFC743F-43B0-4480-9391-14DF171D2073): 6
LogDevObjectVersion:   Dev-Mobile (B02B49B5-BB20-44E9-A304-32B752E40360): 0
LogDevObjectVersion:   Dev-Networking (A4E4105C-59A1-49B5-A7C5-40C4547EDFEE): 0
LogDevObjectVersion:   Dev-Online (39C831C9-5AE6-47DC-9A44-9C173E1C8E7C): 0
LogDevObjectVersion:   Dev-Physics (78F01B33-EBEA-4F98-B9B4-84EACCB95AA2): 0
LogDevObjectVersion:   Dev-Platform (6631380F-2D4D-43E0-8009-CF276956A95A): 0
LogDevObjectVersion:   Dev-Rendering (12F88B9F-8875-4AFC-A67C-D90C383ABD29): 2
LogDevObjectVersion:   Dev-Sequencer (7B5AE74C-D270-4C10-A958-57980B212A5A): 0
LogDevObjectVersion:   Dev-VR (D7296918-1DD6-4BDD-9DE2-64A83CC13884): 0
LogInit: Compiled (64-bit): Jul  6 2016 09:09:46
LogInit: Compiled with Visual C++: 19.00.23026.00
LogInit: Build Configuration: Development
LogInit: Branch Name: ++UE4+Release-4.12
LogInit: Command line:  /Temp/Autosaves/Game/Maps/UEDPCMain -game -PIEVIACONSOLE -ResX=1280 -ResY=720  -Multiprocess -windowed -messaging -SessionName="Play in Standalone Game" 
LogInit: Base directory: C:/Program Files (x86)/Epic Games/4.12/Engine/Binaries/Win64/
LogInit: Installed Engine Build: 1
LogFileManager:Warning: Error deleting file: ../../../../../../Users/Scott/Documents/GitHub/CGT445/Game/Saved/Logs/Game.log (Error Code 32)
LogInit: Using libcurl 7.41.0
LogInit:  - built for x86_64-pc-win32
LogInit:  - supports SSL with WinSSL
LogInit:  - other features:
LogInit:      CURL_VERSION_SSL
LogInit:      CURL_VERSION_IPV6
LogInit:      CURL_VERSION_ASYNCHDNS
LogInit:      CURL_VERSION_LARGEFILE
LogInit:      CURL_VERSION_IDN
LogInit:  CurlRequestOptions (configurable via config and command line):
LogInit:  - bVerifyPeer = true  - Libcurl will verify peer certificate
LogInit:  - bUseHttpProxy = false  - Libcurl will NOT use HTTP proxy
LogInit:  - bDontReuseConnections = false  - Libcurl will reuse connections
LogInit:  - CertBundlePath = nullptr  - Libcurl will use whatever was configured at build time.
LogInit: Presizing for max 8388607 objects, including 0 objects not considered by GC, pre-allocating 0 bytes for permanent pool.
LogInit: Object subsystem initialized
[2017.05.01-22.41.23:750][  0]LogInit: Selected Device Profile: [Windows]
[2017.05.01-22.41.23:750][  0]LogInit: Applying CVar settings loaded from the selected device profile: [Windows]
[2017.05.01-22.41.23:755][  0]LogInit: Computer: SCOTT-PC
[2017.05.01-22.41.23:755][  0]LogInit: User: Scott
[2017.05.01-22.41.23:755][  0]LogInit: CPU Page size=65536, Cores=4
[2017.05.01-22.41.23:755][  0]LogInit: High frequency timer resolution =14.318180 MHz
[2017.05.01-22.41.23:755][  0]LogMemory: Memory total: Physical=11.9GB (12GB approx)
[2017.05.01-22.41.23:756][  0]LogMemory: Platform Memory Stats for Windows
[2017.05.01-22.41.23:756][  0]LogMemory: Process Physical Memory: 190.14 MB used, 190.14 MB peak
[2017.05.01-22.41.23:756][  0]LogMemory: Process Virtual Memory: 195.24 MB used, 195.24 MB peak
[2017.05.01-22.41.23:756][  0]LogMemory: Physical Memory: 4885.02 MB used, 12202.02 MB total
[2017.05.01-22.41.23:756][  0]LogMemory: Virtual Memory: 553.80 MB used, 134217728.00 MB total
[2017.05.01-22.41.23:790][  0]LogTextLocalizationManager: No specific translations for ('en-US') exist, so ('en') translations will be used.
[2017.05.01-22.41.24:233][  0]LogD3D11RHI: D3D11 adapters:
[2017.05.01-22.41.24:308][  0]LogD3D11RHI:    0. 'NVIDIA GeForce GTX 1080' (Feature Level 11_0)
[2017.05.01-22.41.24:308][  0]LogD3D11RHI:       8110/0/6101 MB DedicatedVideo/DedicatedSystem/SharedSystem, Outputs:2, VendorId:0x10de
[2017.05.01-22.41.24:310][  0]LogD3D11RHI:    1. 'Microsoft Basic Render Driver' (Feature Level 11_0)
[2017.05.01-22.41.24:310][  0]LogD3D11RHI:       0/0/6101 MB DedicatedVideo/DedicatedSystem/SharedSystem, Outputs:0, VendorId:0x1414
[2017.05.01-22.41.24:310][  0]LogD3D11RHI: Chosen D3D11 Adapter: 0
[2017.05.01-22.41.24:320][  0]LogD3D11RHI: Creating new Direct3DDevice
[2017.05.01-22.41.24:320][  0]LogD3D11RHI:     GPU DeviceId: 0x1b80 (for the marketing name, search the web for "GPU Device Id")
[2017.05.01-22.41.24:320][  0]LogWindows: EnumDisplayDevices:
[2017.05.01-22.41.24:320][  0]LogWindows:    0. 'NVIDIA GeForce GTX 1080' (P:1 D:1)
[2017.05.01-22.41.24:320][  0]LogWindows:    1. 'NVIDIA GeForce GTX 1080' (P:0 D:1)
[2017.05.01-22.41.24:321][  0]LogWindows:    2. 'NVIDIA GeForce GTX 1080' (P:0 D:0)
[2017.05.01-22.41.24:321][  0]LogWindows:    3. 'NVIDIA GeForce GTX 1080' (P:0 D:0)
[2017.05.01-22.41.24:322][  0]LogWindows: DebugString: FoundDriverCount:4 
[2017.05.01-22.41.24:322][  0]LogD3D11RHI:     Adapter Name: NVIDIA GeForce GTX 1080
[2017.05.01-22.41.24:322][  0]LogD3D11RHI:   Driver Version: 378.92 (internal:21.21.13.7892, unified:378.92)
[2017.05.01-22.41.24:322][  0]LogD3D11RHI:      Driver Date: 3-16-2017
[2017.05.01-22.41.24:322][  0]LogRHI: Texture pool is 1361 MB (70% of 1945 MB)
[2017.05.01-22.41.24:338][  0]LogD3D11RHI: Async texture creation enabled
[2017.05.01-22.41.24:352][  0]LogD3D11RHI: GPU Timing Frequency: 1000.000000 (Debug: 2 1)
[2017.05.01-22.41.24:353][  0]LogShaderCompilers: Guid format shader working directory is -12 characters bigger than the processId version (../../../../../../Users/Scott/Documents/GitHub/CGT445/Game/Intermediate/Shaders/WorkingDirectory/4228/).
[2017.05.01-22.41.24:353][  0]LogShaderCompilers: Cleaned the shader compiler working directory 'C:/Users/Scott/AppData/Local/Temp/UnrealShaderWorkingDir/3535ACF049EB073ABFC799B6E9BB5CB7/'.
[2017.05.01-22.41.24:353][  0]LogShaderCompilers:Display: Using Local Shader Compiler.
[2017.05.01-22.41.25:541][  0]LogTemp:Display: Loaded TP WindowsClientTargetPlatform
[2017.05.01-22.41.25:555][  0]LogTemp:Display: Loaded TP WindowsNoEditorTargetPlatform
[2017.05.01-22.41.25:567][  0]LogTemp:Display: Loaded TP WindowsServerTargetPlatform
[2017.05.01-22.41.25:579][  0]LogTemp:Display: Loaded TP WindowsTargetPlatform
[2017.05.01-22.41.25:579][  0]LogTargetPlatformManager:Display: Building Assets For Windows
[2017.05.01-22.41.25:688][  0]LogDerivedDataCache:Display: Max Cache Size: 512 MB
[2017.05.01-22.41.25:767][  0]LogDerivedDataCache: Loaded boot cache 0.08s 48MB C:/Users/Scott/AppData/Local/UnrealEngine/4.12/DerivedDataCache/Boot.ddc.
[2017.05.01-22.41.25:768][  0]LogDerivedDataCache:Display: Loaded Boot cache: C:/Users/Scott/AppData/Local/UnrealEngine/4.12/DerivedDataCache/Boot.ddc
[2017.05.01-22.41.25:768][  0]LogDerivedDataCache: FDerivedDataBackendGraph:  Pak pak cache file ../../../../../../Users/Scott/Documents/GitHub/CGT445/Game/DerivedDataCache/DDC.ddp not found, will not use a pak cache.
[2017.05.01-22.41.25:768][  0]LogDerivedDataCache: Unable to find inner node Pak for hierarchical cache Hierarchy.
[2017.05.01-22.41.25:768][  0]LogDerivedDataCache: FDerivedDataBackendGraph:  CompressedPak pak cache file ../../../../../../Users/Scott/Documents/GitHub/CGT445/Game/DerivedDataCache/Compressed.ddp not found, will not use a pak cache.
[2017.05.01-22.41.25:768][  0]LogDerivedDataCache: Unable to find inner node CompressedPak for hierarchical cache Hierarchy.
[2017.05.01-22.41.25:786][  0]LogDerivedDataCache:Display: Pak cache opened for reading ../../../Engine/DerivedDataCache/Compressed.ddp.
[2017.05.01-22.41.25:798][  0]LogDerivedDataCache: Using Local data cache path C:/Users/Scott/AppData/Local/UnrealEngine/Common/DerivedDataCache: Writable
[2017.05.01-22.41.26:034][  0]LogAssetRegistry: FAssetRegistry took 0.0001 seconds to start up
[2017.05.01-22.41.26:038][  0]LogPackageLocalizationCache: Processed 3 localized package path(s) for 2 prioritized culture(s) in 0.004667 seconds
[2017.05.01-22.41.26:043][  0]LogInit: Selected Device Profile: [Windows]
[2017.05.01-22.41.26:044][  0]LogContentStreaming: Texture pool size is 1000.00 MB
[2017.05.01-22.41.26:215][  0]LogMeshUtilities: No automatic mesh reduction module available
[2017.05.01-22.41.26:215][  0]LogMeshUtilities: No automatic mesh merging module available
[2017.05.01-22.41.26:215][  0]LogMeshUtilities: No distributed automatic mesh merging module available
[2017.05.01-22.41.26:488][  0]LogInit: WinSock: version 1.1 (2.2), MaxSocks=32767, MaxUdp=65467
[2017.05.01-22.41.26:675][  0]LogSlate: SlateFontCache - WITH_FREETYPE: 1, WITH_HARFBUZZ: 1
[2017.05.01-22.41.26:675][  0]LogSlate: SlateFontCache - WITH_FREETYPE: 1, WITH_HARFBUZZ: 1
[2017.05.01-22.41.26:753][  0]LogMoviePlayer: Initializing movie player
[2017.05.01-22.41.26:842][  0]LogWindowsMoviePlayer: Unable to load movie: ../../../../../../Users/Scott/Documents/GitHub/CGT445/Game/Content/Movies/Default_Startup.mp4
[2017.05.01-22.41.26:929][  0]LogSubstanceCoreModule: Substance CPU Engine Loaded, Max Texture Size 2048
[2017.05.01-22.41.26:942][  0]LogUdpMessaging: Initializing bridge on interface 0.0.0.0:0 to multicast group 230.0.0.1:6666.
[2017.05.01-22.41.27:016][  0]SourceControl: Info Source control is disabled
[2017.05.01-22.41.27:016][  0]SourceControl: Info Source control is disabled
[2017.05.01-22.41.27:029][  0]SourceControl: Info Source control is disabled
[2017.05.01-22.41.27:194][  0]LogUObjectArray: 31128 objects as part of root set at end of initial load.
[2017.05.01-22.41.27:194][  0]LogUObjectAllocator: 6742600 out of 0 bytes used by permanent object pool.
[2017.05.01-22.41.27:194][  0]LogUObjectArray: CloseDisregardForGC: 0/0 objects in disregard for GC pool
[2017.05.01-22.41.27:253][  0]LogEngine: Initializing Engine...
[2017.05.01-22.41.27:254][  0]LogHMD: SteamVR failed to initialize.  Err: 110
[2017.05.01-22.41.27:255][  0]LogHMD: SteamVR failed to initialize.  Err: 110
[2017.05.01-22.41.27:419][  0]LogInit: XAudio2 using 'Back (5- C-Media USB Headphone Set  )' : 2 channels at 44.1 kHz using 16 bits per sample (channel mask 0x3)
[2017.05.01-22.41.27:440][  0]LogInit: FAudioDevice initialized.
[2017.05.01-22.41.27:453][  0]LogInit: Texture streaming: Enabled
[2017.05.01-22.41.27:539][  0]LogNet: Browse: /Temp/Autosaves/Game/Maps/UEDPCMain?Name=Player
[2017.05.01-22.41.27:539][  0]LogLoad: LoadMap: /Temp/Autosaves/Game/Maps/UEDPCMain?Name=Player
[2017.05.01-22.41.27:566][  0]LogMemory: Platform Memory Stats for Windows
[2017.05.01-22.41.27:566][  0]LogMemory: Process Physical Memory: 560.78 MB used, 578.09 MB peak
[2017.05.01-22.41.27:566][  0]LogMemory: Process Virtual Memory: 613.17 MB used, 613.18 MB peak
[2017.05.01-22.41.27:566][  0]LogMemory: Physical Memory: 5191.77 MB used, 12202.02 MB total
[2017.05.01-22.41.27:566][  0]LogMemory: Virtual Memory: 1217.79 MB used, 134217728.00 MB total
[2017.05.01-22.41.27:566][  0]LogMemory: 
[2017.05.01-22.41.27:566][  0]Allocator Stats for TBB: (not implemented)
[2017.05.01-22.41.27:794][  0]LogAIModule: Creating AISystem for world Main
[2017.05.01-22.41.27:794][  0]LogWorld: Game class is 'GameMode'
[2017.05.01-22.41.27:796][  0]LogWorld: Bringing World /Temp/Autosaves/Game/Maps/UEDPCMain.Main up for play (max tick rate 0) at 2017.05.01-18.41.27
[2017.05.01-22.41.27:796][  0]LogWorld: Bringing up level for play took: 0.000946
[2017.05.01-22.41.27:801][  0]LogLoad: Took 0.262211 seconds to LoadMap(/Temp/Autosaves/Game/Maps/UEDPCMain)
[2017.05.01-22.41.27:801][  0]LogInit:Display: Game Engine Initialized.
[2017.05.01-22.41.28:037][  0]LogLoad: Full Startup: 5.24 seconds (BP compile: 0.05 seconds)
[2017.05.01-22.41.28:037][  0]LogExternalProfiler: Found external profiler: VSPerf
[2017.05.01-22.41.28:037][  0]LogExternalProfiler: Using external profiler: VSPerf
[2017.05.01-22.41.28:054][  0]LogWindowsTextInputMethodSystem:Display: IME system now deactivated.
[2017.05.01-22.41.28:054][  0]LogOcInput: OculusInput pre-init called
[2017.05.01-22.41.28:211][  2]LogRenderer: Reallocating scene render targets to support 1280x720 (Frame:2).
[2017.05.01-22.41.30:105][106]LogPackageName: SearchForPackageOnDisk took   0.107s to resolve Grand_Cafeteria.umap.
[2017.05.01-22.41.30:215][106]LogPackageName: SearchForPackageOnDisk took   0.109s to resolve Grand_Cafeteria.umap.
[2017.05.01-22.41.30:215][106]LogNet: Browse: /Game/Maps/Grand_Cafeteria
[2017.05.01-22.41.30:215][106]LogLoad: LoadMap: /Game/Maps/Grand_Cafeteria
[2017.05.01-22.41.30:247][106]LogMemory: Platform Memory Stats for Windows
[2017.05.01-22.41.30:247][106]LogMemory: Process Physical Memory: 615.23 MB used, 623.32 MB peak
[2017.05.01-22.41.30:247][106]LogMemory: Process Virtual Memory: 814.78 MB used, 825.06 MB peak
[2017.05.01-22.41.30:247][106]LogMemory: Physical Memory: 5230.29 MB used, 12202.02 MB total
[2017.05.01-22.41.30:247][106]LogMemory: Virtual Memory: 1438.05 MB used, 134217728.00 MB total
[2017.05.01-22.41.30:247][106]LogMemory: 
[2017.05.01-22.41.30:247][106]Allocator Stats for TBB: (not implemented)
[2017.05.01-22.41.32:069][106]LogAIModule: Creating AISystem for world Grand_Cafeteria
[2017.05.01-22.41.32:070][106]LogWorld: Game class is 'FoodFightersGM_C'
[2017.05.01-22.41.32:088][106]LogBlueprintUserMessages: [FoodFightersGM_C_0] Warning! Not Enough Player Starts!
[2017.05.01-22.41.32:088][106]LogWorld: Bringing World /Game/Maps/Grand_Cafeteria.Grand_Cafeteria up for play (max tick rate 0) at 2017.05.01-18.41.32
[2017.05.01-22.41.32:089][106]LogWorld: Bringing up level for play took: 0.018038
[2017.05.01-22.41.32:092][106]LogBlueprintUserMessages: [FoodFightersGM_C_0] Event Begin Play
[2017.05.01-22.41.32:092][106]LogPlayerManagement:Error: Failed to Create Player: A local player already exists for controller ID 0,
[2017.05.01-22.41.32:095][106]LogBlueprintUserMessages: [FoodFightersGM_C_0] Sequence 0
[2017.05.01-22.41.32:095][106]LogBlueprintUserMessages: [FoodFightersGM_C_0] Sequence 1
[2017.05.01-22.41.32:098][106]LogBlueprintUserMessages: [FoodFightersGM_C_0] Sequence 2
[2017.05.01-22.41.32:099][106]LogBlueprintUserMessages: [FoodFightersGM_C_0] Sequence 3
[2017.05.01-22.41.32:099][106]LogBlueprintUserMessages: [FoodFightersGM_C_0] Ammo Spawning Timer Is Valid
[2017.05.01-22.41.32:103][106]LogLoad: Took 1.887882 seconds to LoadMap(/Game/Maps/Grand_Cafeteria)
[2017.05.01-22.41.37:295][427]LogBlueprintUserMessages: [FoodFightersGM_C_0] Spawning 2D Sound
[2017.05.01-22.41.40:005][595]LogScript:Warning: Accessed None trying to read property SpriteComponent
	FoodFightersGM_C /Game/Maps/Grand_Cafeteria.Grand_Cafeteria:PersistentLevel.FoodFightersGM_C_0
	Function /Game/Blueprints/FoodFightersGM.FoodFightersGM_C:ammoSpawner:0929
[2017.05.01-22.41.40:005][595]LogScript:Warning: Script call stack:
	Function /Game/Blueprints/FoodFightersGM.FoodFightersGM_C:ammoSpawner

[2017.05.01-22.41.40:006][595]LogScript:Warning: Accessed None trying to read property SpriteComponent
	FoodFightersGM_C /Game/Maps/Grand_Cafeteria.Grand_Cafeteria:PersistentLevel.FoodFightersGM_C_0
	Function /Game/Blueprints/FoodFightersGM.FoodFightersGM_C:ammoSpawner:0A11
[2017.05.01-22.41.40:006][595]LogScript:Warning: Script call stack:
	Function /Game/Blueprints/FoodFightersGM.FoodFightersGM_C:ammoSpawner

[2017.05.01-22.41.40:007][595]LogBlueprintUserMessages: [FoodFightersGM_C_0] 0
[2017.05.01-22.41.47:942][ 87]LogScript:Warning: Accessed None trying to read property SpriteComponent
	FoodFightersGM_C /Game/Maps/Grand_Cafeteria.Grand_Cafeteria:PersistentLevel.FoodFightersGM_C_0
	Function /Game/Blueprints/FoodFightersGM.FoodFightersGM_C:ammoSpawner:0929
[2017.05.01-22.41.47:942][ 87]LogScript:Warning: Script call stack:
	Function /Game/Blueprints/FoodFightersGM.FoodFightersGM_C:ammoSpawner

[2017.05.01-22.41.47:942][ 87]LogScript:Warning: Accessed None trying to read property SpriteComponent
	FoodFightersGM_C /Game/Maps/Grand_Cafeteria.Grand_Cafeteria:PersistentLevel.FoodFightersGM_C_0
	Function /Game/Blueprints/FoodFightersGM.FoodFightersGM_C:ammoSpawner:0A11
[2017.05.01-22.41.47:942][ 87]LogScript:Warning: Script call stack:
	Function /Game/Blueprints/FoodFightersGM.FoodFightersGM_C:ammoSpawner

[2017.05.01-22.41.47:943][ 87]LogBlueprintUserMessages: [FoodFightersGM_C_0] 1
[2017.05.01-22.41.52:168][349]LogScript:Warning: Accessed None trying to read property SpriteComponent
	FoodFightersGM_C /Game/Maps/Grand_Cafeteria.Grand_Cafeteria:PersistentLevel.FoodFightersGM_C_0
	Function /Game/Blueprints/FoodFightersGM.FoodFightersGM_C:ammoSpawner:0929
[2017.05.01-22.41.52:168][349]LogScript:Warning: Script call stack:
	Function /Game/Blueprints/FoodFightersGM.FoodFightersGM_C:ammoSpawner

[2017.05.01-22.41.52:168][349]LogScript:Warning: Accessed None trying to read property SpriteComponent
	FoodFightersGM_C /Game/Maps/Grand_Cafeteria.Grand_Cafeteria:PersistentLevel.FoodFightersGM_C_0
	Function /Game/Blueprints/FoodFightersGM.FoodFightersGM_C:ammoSpawner:0A11
[2017.05.01-22.41.52:168][349]LogScript:Warning: Script call stack:
	Function /Game/Blueprints/FoodFightersGM.FoodFightersGM_C:ammoSpawner

[2017.05.01-22.41.52:170][349]LogBlueprintUserMessages: [FoodFightersGM_C_0] 2
[2017.05.01-22.41.57:137][657]LogScript:Warning: Accessed None trying to read property SpriteComponent
	FoodFightersGM_C /Game/Maps/Grand_Cafeteria.Grand_Cafeteria:PersistentLevel.FoodFightersGM_C_0
	Function /Game/Blueprints/FoodFightersGM.FoodFightersGM_C:ammoSpawner:0929
[2017.05.01-22.41.57:137][657]LogScript:Warning: Script call stack:
	Function /Game/Blueprints/FoodFightersGM.FoodFightersGM_C:ammoSpawner

[2017.05.01-22.41.57:137][657]LogScript:Warning: Accessed None trying to read property SpriteComponent
	FoodFightersGM_C /Game/Maps/Grand_Cafeteria.Grand_Cafeteria:PersistentLevel.FoodFightersGM_C_0
	Function /Game/Blueprints/FoodFightersGM.FoodFightersGM_C:ammoSpawner:0A11
[2017.05.01-22.41.57:137][657]LogScript:Warning: Script call stack:
	Function /Game/Blueprints/FoodFightersGM.FoodFightersGM_C:ammoSpawner

[2017.05.01-22.41.57:138][657]LogBlueprintUserMessages: [FoodFightersGM_C_0] 3
[2017.05.01-22.42.01:960][956]LogScript:Warning: Accessed None trying to read property SpriteComponent
	FoodFightersGM_C /Game/Maps/Grand_Cafeteria.Grand_Cafeteria:PersistentLevel.FoodFightersGM_C_0
	Function /Game/Blueprints/FoodFightersGM.FoodFightersGM_C:ammoSpawner:0929
[2017.05.01-22.42.01:960][956]LogScript:Warning: Script call stack:
	Function /Game/Blueprints/FoodFightersGM.FoodFightersGM_C:ammoSpawner

[2017.05.01-22.42.01:960][956]LogScript:Warning: Accessed None trying to read property SpriteComponent
	FoodFightersGM_C /Game/Maps/Grand_Cafeteria.Grand_Cafeteria:PersistentLevel.FoodFightersGM_C_0
	Function /Game/Blueprints/FoodFightersGM.FoodFightersGM_C:ammoSpawner:0A11
[2017.05.01-22.42.01:960][956]LogScript:Warning: Script call stack:
	Function /Game/Blueprints/FoodFightersGM.FoodFightersGM_C:ammoSpawner

[2017.05.01-22.42.01:962][956]LogBlueprintUserMessages: [FoodFightersGM_C_0] 4
[2017.05.01-22.42.04:961][142]LogScript:Warning: Accessed None trying to read property SpriteComponent
	FoodFightersGM_C /Game/Maps/Grand_Cafeteria.Grand_Cafeteria:PersistentLevel.FoodFightersGM_C_0
	Function /Game/Blueprints/FoodFightersGM.FoodFightersGM_C:ammoSpawner:0929
[2017.05.01-22.42.04:961][142]LogScript:Warning: Script call stack:
	Function /Game/Blueprints/FoodFightersGM.FoodFightersGM_C:ammoSpawner

[2017.05.01-22.42.04:961][142]LogScript:Warning: Accessed None trying to read property SpriteComponent
	FoodFightersGM_C /Game/Maps/Grand_Cafeteria.Grand_Cafeteria:PersistentLevel.FoodFightersGM_C_0
	Function /Game/Blueprints/FoodFightersGM.FoodFightersGM_C:ammoSpawner:0A11
[2017.05.01-22.42.04:961][142]LogScript:Warning: Script call stack:
	Function /Game/Blueprints/FoodFightersGM.FoodFightersGM_C:ammoSpawner

[2017.05.01-22.42.04:963][142]LogBlueprintUserMessages: [FoodFightersGM_C_0] 5
[2017.05.01-22.42.07:961][328]LogScript:Warning: Accessed None trying to read property SpriteComponent
	FoodFightersGM_C /Game/Maps/Grand_Cafeteria.Grand_Cafeteria:PersistentLevel.FoodFightersGM_C_0
	Function /Game/Blueprints/FoodFightersGM.FoodFightersGM_C:ammoSpawner:0929
[2017.05.01-22.42.07:961][328]LogScript:Warning: Script call stack:
	Function /Game/Blueprints/FoodFightersGM.FoodFightersGM_C:ammoSpawner

[2017.05.01-22.42.07:961][328]LogScript:Warning: Accessed None trying to read property SpriteComponent
	FoodFightersGM_C /Game/Maps/Grand_Cafeteria.Grand_Cafeteria:PersistentLevel.FoodFightersGM_C_0
	Function /Game/Blueprints/FoodFightersGM.FoodFightersGM_C:ammoSpawner:0A11
[2017.05.01-22.42.07:961][328]LogScript:Warning: Script call stack:
	Function /Game/Blueprints/FoodFightersGM.FoodFightersGM_C:ammoSpawner

[2017.05.01-22.42.07:963][328]LogBlueprintUserMessages: [FoodFightersGM_C_0] 6
[2017.05.01-22.42.10:961][514]LogScript:Warning: Accessed None trying to read property SpriteComponent
	FoodFightersGM_C /Game/Maps/Grand_Cafeteria.Grand_Cafeteria:PersistentLevel.FoodFightersGM_C_0
	Function /Game/Blueprints/FoodFightersGM.FoodFightersGM_C:ammoSpawner:0929
[2017.05.01-22.42.10:961][514]LogScript:Warning: Script call stack:
	Function /Game/Blueprints/FoodFightersGM.FoodFightersGM_C:ammoSpawner

[2017.05.01-22.42.10:961][514]LogScript:Warning: Accessed None trying to read property SpriteComponent
	FoodFightersGM_C /Game/Maps/Grand_Cafeteria.Grand_Cafeteria:PersistentLevel.FoodFightersGM_C_0
	Function /Game/Blueprints/FoodFightersGM.FoodFightersGM_C:ammoSpawner:0A11
[2017.05.01-22.42.10:961][514]LogScript:Warning: Script call stack:
	Function /Game/Blueprints/FoodFightersGM.FoodFightersGM_C:ammoSpawner

[2017.05.01-22.42.10:963][514]LogBlueprintUserMessages: [FoodFightersGM_C_0] 7
[2017.05.01-22.42.13:961][700]LogScriptCore:Warning: Attempted to get an item from array ammoPickupTypes out of bounds [3/2]!

[2017.05.01-22.42.13:961][700]LogScript:Warning: Accessed None trying to read property SpriteComponent
	FoodFightersGM_C /Game/Maps/Grand_Cafeteria.Grand_Cafeteria:PersistentLevel.FoodFightersGM_C_0
	Function /Game/Blueprints/FoodFightersGM.FoodFightersGM_C:ammoSpawner:0929
[2017.05.01-22.42.13:961][700]LogScript:Warning: Script call stack:
	Function /Game/Blueprints/FoodFightersGM.FoodFightersGM_C:ammoSpawner

[2017.05.01-22.42.13:961][700]LogScript:Warning: UGameplayStatics::BeginSpawningActorFromClass: can not spawn an actor from a NULL class
[2017.05.01-22.42.13:962][700]LogScript:Warning: Script call stack:
	Function /Game/Blueprints/FoodFightersGM.FoodFightersGM_C:ammoSpawner

[2017.05.01-22.42.13:962][700]LogBlueprintUserMessages: [FoodFightersGM_C_0] 8
[2017.05.01-22.42.16:962][886]LogScript:Warning: Script call stack:
	Function /Game/Blueprints/FoodFightersGM.FoodFightersGM_C:ammoSpawner

[2017.05.01-22.42.16:962][886]LogScript:Warning: Script call stack:
	Function /Game/Blueprints/FoodFightersGM.FoodFightersGM_C:ammoSpawner

[2017.05.01-22.42.16:964][886]LogBlueprintUserMessages: [FoodFightersGM_C_0] 9
[2017.05.01-22.42.19:963][ 72]LogScript:Warning: Script call stack:
	Function /Game/Blueprints/FoodFightersGM.FoodFightersGM_C:ammoSpawner

[2017.05.01-22.42.19:963][ 72]LogScript:Warning: Script call stack:
	Function /Game/Blueprints/FoodFightersGM.FoodFightersGM_C:ammoSpawner

[2017.05.01-22.42.19:965][ 72]LogBlueprintUserMessages: [FoodFightersGM_C_0] 10
[2017.05.01-22.42.22:963][258]LogScript:Warning: Script call stack:
	Function /Game/Blueprints/FoodFightersGM.FoodFightersGM_C:ammoSpawner

[2017.05.01-22.42.22:963][258]LogScript:Warning: Script call stack:
	Function /Game/Blueprints/FoodFightersGM.FoodFightersGM_C:ammoSpawner

[2017.05.01-22.42.22:965][258]LogBlueprintUserMessages: [FoodFightersGM_C_0] 11
[2017.05.01-22.42.25:963][444]LogScript:Warning: Script call stack:
	Function /Game/Blueprints/FoodFightersGM.FoodFightersGM_C:ammoSpawner

[2017.05.01-22.42.25:964][444]LogScript:Warning: Script call stack:
	Function /Game/Blueprints/FoodFightersGM.FoodFightersGM_C:ammoSpawner

[2017.05.01-22.42.25:966][444]LogBlueprintUserMessages: [FoodFightersGM_C_0] 12
[2017.05.01-22.42.28:964][630]LogScript:Warning: Script call stack:
	Function /Game/Blueprints/FoodFightersGM.FoodFightersGM_C:ammoSpawner

[2017.05.01-22.42.28:964][630]LogScript:Warning: Script call stack:
	Function /Game/Blueprints/FoodFightersGM.FoodFightersGM_C:ammoSpawner

[2017.05.01-22.42.28:966][630]LogBlueprintUserMessages: [FoodFightersGM_C_0] 13
[2017.05.01-22.42.31:973][815]LogScript:Warning: Script call stack:
	Function /Game/Blueprints/FoodFightersGM.FoodFightersGM_C:ammoSpawner

[2017.05.01-22.42.31:973][815]LogScript:Warning: Script call stack:
	Function /Game/Blueprints/FoodFightersGM.FoodFightersGM_C:ammoSpawner

[2017.05.01-22.42.31:976][815]LogBlueprintUserMessages: [FoodFightersGM_C_0] 14
[2017.05.01-22.42.33:874][933]Closing by request
[2017.05.01-22.42.33:874][933]LogWindows: FPlatformMisc::RequestExit(0)
[2017.05.01-22.42.33:877][934]LogMoviePlayer: Shutting down movie player
[2017.05.01-22.42.34:320][934]LogWindowsTextInputMethodSystem:Display: IME system now deactivated.
[2017.05.01-22.42.34:326][934]LogExit: Preparing to exit.
[2017.05.01-22.42.35:138][934]LogExit: Game engine shut down
[2017.05.01-22.42.35:290][934]LogObj: Freed 0b from 0 cluster array pools.
[2017.05.01-22.42.35:291][934]LogExit: Object subsystem successfully closed.
[2017.05.01-22.42.35:309][934]LogD3D11RHI: Shutdown
[2017.05.01-22.42.35:309][934]LogD3D11RHI: CleanupD3DDevice
[2017.05.01-22.42.35:427][934]LogD3D11RHI: ~FD3D11DynamicRHI
[2017.05.01-22.42.35:439][934]LogModuleManager: Shutting down and abandoning module SequenceRecorderSections (113)
[2017.05.01-22.42.35:439][934]LogModuleManager: Shutting down and abandoning module SequenceRecorder (112)
[2017.05.01-22.42.35:439][934]LogModuleManager: Shutting down and abandoning module AutomationController (111)
[2017.05.01-22.42.35:439][934]LogModuleManager: Shutting down and abandoning module AutomationWorker (110)
[2017.05.01-22.42.35:439][934]LogModuleManager: Shutting down and abandoning module CharacterAI (109)
[2017.05.01-22.42.35:439][934]LogModuleManager: Shutting down and abandoning module SessionServices (108)
[2017.05.01-22.42.35:439][934]LogModuleManager: Shutting down and abandoning module GameplayDebugger (107)
[2017.05.01-22.42.35:439][934]LogModuleManager: Shutting down and abandoning module AITestSuite (106)
[2017.05.01-22.42.35:439][934]LogModuleManager: Shutting down and abandoning module AIModule (105)
[2017.05.01-22.42.35:439][934]LogModuleManager: Shutting down and abandoning module MovieSceneCapture (104)
[2017.05.01-22.42.35:439][934]LogModuleManager: Shutting down and abandoning module StreamingPauseRendering (103)
[2017.05.01-22.42.35:439][934]LogModuleManager: Shutting down and abandoning module PortalServices (102)
[2017.05.01-22.42.35:439][934]LogModuleManager: Shutting down and abandoning module PortalRpc (101)
[2017.05.01-22.42.35:439][934]LogModuleManager: Shutting down and abandoning module MessagingRpc (100)
[2017.05.01-22.42.35:439][934]LogModuleManager: Shutting down and abandoning module ProfilerService (99)
[2017.05.01-22.42.35:535][934]LogModuleManager: Shutting down and abandoning module TaskGraph (98)
[2017.05.01-22.42.35:536][934]LogModuleManager: Shutting down and abandoning module SlateRemote (97)
[2017.05.01-22.42.35:536][934]LogModuleManager: Shutting down and abandoning module SteamVRController (96)
[2017.05.01-22.42.35:536][934]LogModuleManager: Shutting down and abandoning module SteamVR (95)
[2017.05.01-22.42.35:536][934]LogModuleManager: Shutting down and abandoning module ProceduralMeshComponent (94)
[2017.05.01-22.42.35:536][934]LogModuleManager: Shutting down and abandoning module OculusLibrary (93)
[2017.05.01-22.42.35:536][934]LogModuleManager: Shutting down and abandoning module OculusInput (92)
[2017.05.01-22.42.35:536][934]LogModuleManager: Shutting down and abandoning module CustomMeshComponent (91)
[2017.05.01-22.42.35:536][934]LogModuleManager: Shutting down and abandoning module CableComponent (90)
[2017.05.01-22.42.35:536][934]LogModuleManager: Shutting down and abandoning module ArchVisCharacter (89)
[2017.05.01-22.42.35:536][934]LogModuleManager: Shutting down and abandoning module HTML5Networking (88)
[2017.05.01-22.42.35:536][934]LogModuleManager: Shutting down and abandoning module DesktopPlatform (87)
[2017.05.01-22.42.35:536][934]LogModuleManager: Shutting down and abandoning module DirectoryWatcher (86)
[2017.05.01-22.42.35:536][934]LogModuleManager: Shutting down and abandoning module HotReload (85)
[2017.05.01-22.42.35:536][934]LogModuleManager: Shutting down and abandoning module VisualStudioSourceCodeAccess (84)
[2017.05.01-22.42.35:536][934]LogModuleManager: Shutting down and abandoning module UObjectPlugin (83)
[2017.05.01-22.42.35:536][934]LogModuleManager: Shutting down and abandoning module SubversionSourceControl (82)
[2017.05.01-22.42.35:536][934]LogModuleManager: Shutting down and abandoning module SourceControl (81)
[2017.05.01-22.42.35:536][934]LogModuleManager: Shutting down and abandoning module PerforceSourceControl (80)
[2017.05.01-22.42.35:536][934]LogModuleManager: Shutting down and abandoning module UdpMessaging (79)
[2017.05.01-22.42.35:637][934]LogModuleManager: Shutting down and abandoning module SubstanceCore (78)
[2017.05.01-22.42.35:637][934]LogModuleManager: Shutting down and abandoning module LightPropagationVolumeRuntime (77)
[2017.05.01-22.42.35:637][934]LogModuleManager: Shutting down and abandoning module Paper2D (76)
[2017.05.01-22.42.35:637][934]LogModuleManager: Shutting down and abandoning module WindowsMoviePlayer (75)
[2017.05.01-22.42.35:637][934]LogModuleManager: Shutting down and abandoning module Media (74)
[2017.05.01-22.42.35:637][934]LogModuleManager: Shutting down and abandoning module WmfMedia (73)
[2017.05.01-22.42.35:637][934]LogModuleManager: Shutting down and abandoning module MediaAssets (72)
[2017.05.01-22.42.35:637][934]LogModuleManager: Shutting down and abandoning module GameLiveStreaming (71)
[2017.05.01-22.42.35:637][934]LogModuleManager: Shutting down and abandoning module GameplayTagsEditor (70)
[2017.05.01-22.42.35:637][934]LogModuleManager: Shutting down and abandoning module OnlineBlueprintSupport (69)
[2017.05.01-22.42.35:637][934]LogModuleManager: Shutting down and abandoning module VREditor (68)
[2017.05.01-22.42.35:637][934]LogModuleManager: Shutting down and abandoning module GameplayTasksEditor (67)
[2017.05.01-22.42.35:637][934]LogModuleManager: Shutting down and abandoning module PropertyEditor (66)
[2017.05.01-22.42.35:637][934]LogModuleManager: Shutting down and abandoning module BehaviorTreeEditor (65)
[2017.05.01-22.42.35:637][934]LogModuleManager: Shutting down and abandoning module FunctionalTesting (64)
[2017.05.01-22.42.35:637][934]LogModuleManager: Shutting down and abandoning module CollisionAnalyzer (63)
[2017.05.01-22.42.35:637][934]LogModuleManager: Shutting down and abandoning module Sequencer (62)
[2017.05.01-22.42.35:637][934]LogModuleManager: Shutting down and abandoning module WorkspaceMenuStructure (61)
[2017.05.01-22.42.35:637][934]LogModuleManager: Shutting down and abandoning module MessageLog (60)
[2017.05.01-22.42.35:637][934]LogModuleManager: Shutting down and abandoning module AssetTools (59)
[2017.05.01-22.42.35:637][934]LogModuleManager: Shutting down and abandoning module UMGEditor (58)
[2017.05.01-22.42.35:637][934]LogModuleManager: Shutting down and abandoning module UMG (57)
[2017.05.01-22.42.35:637][934]LogModuleManager: Shutting down and abandoning module SlateReflector (56)
[2017.05.01-22.42.35:637][934]LogModuleManager: Shutting down and abandoning module Slate (55)
[2017.05.01-22.42.35:637][934]LogModuleManager: Shutting down and abandoning module EditorStyle (54)
[2017.05.01-22.42.35:640][934]LogModuleManager: Shutting down and abandoning module Messaging (53)
[2017.05.01-22.42.35:640][934]LogModuleManager: Shutting down and abandoning module SourceCodeAccess (52)
[2017.05.01-22.42.35:640][934]LogModuleManager: Shutting down and abandoning module HeadMountedDisplay (51)
[2017.05.01-22.42.35:640][934]LogModuleManager: Shutting down and abandoning module XAudio2 (50)
[2017.05.01-22.42.35:640][934]LogModuleManager: Shutting down and abandoning module Networking (48)
[2017.05.01-22.42.35:640][934]LogModuleManager: Shutting down and abandoning module Core (47)
[2017.05.01-22.42.35:640][934]LogModuleManager: Shutting down and abandoning module KismetCompiler (46)
[2017.05.01-22.42.35:640][934]LogModuleManager: Shutting down and abandoning module PhysXFormats (45)
[2017.05.01-22.42.35:640][934]LogModuleManager: Shutting down and abandoning module MeshUtilities (44)
[2017.05.01-22.42.35:640][934]LogModuleManager: Shutting down and abandoning module AssetRegistry (43)
[2017.05.01-22.42.35:640][934]LogModuleManager: Shutting down and abandoning module DerivedDataCache (42)
[2017.05.01-22.42.35:844][934]LogDerivedDataCache: Shutdown
[2017.05.01-22.42.35:844][934]LogModuleManager: Shutting down and abandoning module VulkanShaderFormat (41)
[2017.05.01-22.42.35:844][934]LogModuleManager: Shutting down and abandoning module ShaderFormatOpenGL (40)
[2017.05.01-22.42.35:844][934]LogModuleManager: Shutting down and abandoning module ShaderFormatD3D (39)
[2017.05.01-22.42.35:844][934]LogModuleManager: Shutting down and abandoning module MetalShaderFormat (38)
[2017.05.01-22.42.35:844][934]LogModuleManager: Shutting down and abandoning module TextureFormatUncompressed (37)
[2017.05.01-22.42.35:844][934]LogModuleManager: Shutting down and abandoning module TextureFormatPVR (36)
[2017.05.01-22.42.35:844][934]LogModuleManager: Shutting down and abandoning module TextureFormatIntelISPCTexComp (35)
[2017.05.01-22.42.35:844][934]LogModuleManager: Shutting down and abandoning module TextureFormatDXT (34)
[2017.05.01-22.42.35:844][934]LogModuleManager: Shutting down and abandoning module ImageWrapper (33)
[2017.05.01-22.42.35:844][934]LogModuleManager: Shutting down and abandoning module TextureFormatASTC (32)
[2017.05.01-22.42.35:844][934]LogModuleManager: Shutting down and abandoning module TextureFormatAndroid (31)
[2017.05.01-22.42.35:844][934]LogModuleManager: Shutting down and abandoning module AudioFormatOpus (30)
[2017.05.01-22.42.35:844][934]LogModuleManager: Shutting down and abandoning module AudioFormatOgg (29)
[2017.05.01-22.42.35:844][934]LogModuleManager: Shutting down and abandoning module AudioFormatADPCM (28)
[2017.05.01-22.42.35:844][934]LogModuleManager: Shutting down and abandoning module WindowsTargetPlatform (27)
[2017.05.01-22.42.35:844][934]LogModuleManager: Shutting down and abandoning module WindowsServerTargetPlatform (26)
[2017.05.01-22.42.35:844][934]LogModuleManager: Shutting down and abandoning module WindowsNoEditorTargetPlatform (25)
[2017.05.01-22.42.35:844][934]LogModuleManager: Shutting down and abandoning module WindowsClientTargetPlatform (24)
[2017.05.01-22.42.35:844][934]LogModuleManager: Shutting down and abandoning module TargetPlatform (23)
[2017.05.01-22.42.35:844][934]LogModuleManager: Shutting down and abandoning module InputCore (22)
[2017.05.01-22.42.35:844][934]LogModuleManager: Shutting down and abandoning module Settings (21)
[2017.05.01-22.42.35:844][934]LogModuleManager: Shutting down and abandoning module OnlineSubsystem (19)
[2017.05.01-22.42.35:844][934]LogModuleManager: Shutting down and abandoning module HTTP (18)
[2017.05.01-22.42.35:844][934]LogModuleManager: Shutting down and abandoning module XMPP (17)
[2017.05.01-22.42.35:844][934]LogModuleManager: Shutting down and abandoning module OculusRift (16)
[2017.05.01-22.42.35:844][934]LogModuleManager: Shutting down and abandoning module ExampleDeviceProfileSelector (15)
[2017.05.01-22.42.35:844][934]LogModuleManager: Shutting down and abandoning module TextureCompressor (14)
[2017.05.01-22.42.35:845][934]LogModuleManager: Shutting down and abandoning module ShaderCore (13)
[2017.05.01-22.42.35:845][934]LogModuleManager: Shutting down and abandoning module Landscape (12)
[2017.05.01-22.42.35:845][934]LogModuleManager: Shutting down and abandoning module SlateRHIRenderer (11)
[2017.05.01-22.42.35:845][934]LogModuleManager: Shutting down and abandoning module OpenGLDrv (10)
[2017.05.01-22.42.35:845][934]LogModuleManager: Shutting down and abandoning module D3D11RHI (9)
[2017.05.01-22.42.35:845][934]LogModuleManager: Shutting down and abandoning module AnimGraphRuntime (8)
[2017.05.01-22.42.35:845][934]LogModuleManager: Shutting down and abandoning module Renderer (7)
[2017.05.01-22.42.35:845][934]LogModuleManager: Shutting down and abandoning module Engine (6)
[2017.05.01-22.42.35:845][934]LogModuleManager: Shutting down and abandoning module CoreUObject (5)
[2017.05.01-22.42.35:845][934]LogModuleManager: Shutting down and abandoning module NetworkFile (4)
[2017.05.01-22.42.35:845][934]LogModuleManager: Shutting down and abandoning module StreamingFile (3)
[2017.05.01-22.42.35:845][934]LogModuleManager: Shutting down and abandoning module SandboxFile (2)
[2017.05.01-22.42.35:845][934]LogModuleManager: Shutting down and abandoning module PakFile (1)
[2017.05.01-22.42.35:847][934]LogExit: Exiting.
[2017.05.01-22.42.35:849][934]Log file closed, 05/01/17 18:42:35
