Log file open, 04/20/17 15:02:28
LogInit:Display: Running engine for game: Game
LogPlatformFile: Not using cached read wrapper
LogInit:Display: RandInit(-1704429596) SRandInit(-1704429592).
LogTaskGraph: Started task graph with 4 named threads and 7 total threads with 1 sets of task threads.
LogStats: Stats thread started at 0.203348
LogInit: Version: 4.12.5-3039270+++UE4+Release-4.12
LogInit: API Version: 2992821
LogInit: Net Version: 3039270
LogDevObjectVersion: Number of dev versions registered: 13
LogDevObjectVersion:   Dev-Blueprints (B0D832E4-1F89-4F0D-ACCF-7EB736FD4AA2): 3
LogDevObjectVersion:   Dev-Build (E1C64328-A22C-4D53-A36C-8E866417BD8C): 0
LogDevObjectVersion:   Dev-Core (375EC13C-06E4-48FB-B500-84F0262A717E): 1
LogDevObjectVersion:   Dev-Editor (E4B068ED-F494-42E9-A231-DA0B2E46BB41): 2
LogDevObjectVersion:   Dev-Framework (CFFC743F-43B0-4480-9391-14DF171D2073): 6
LogDevObjectVersion:   Dev-Mobile (B02B49B5-BB20-44E9-A304-32B752E40360): 0
LogDevObjectVersion:   Dev-Networking (A4E4105C-59A1-49B5-A7C5-40C4547EDFEE): 0
LogDevObjectVersion:   Dev-Online (39C831C9-5AE6-47DC-9A44-9C173E1C8E7C): 0
LogDevObjectVersion:   Dev-Physics (78F01B33-EBEA-4F98-B9B4-84EACCB95AA2): 0
LogDevObjectVersion:   Dev-Platform (6631380F-2D4D-43E0-8009-CF276956A95A): 0
LogDevObjectVersion:   Dev-Rendering (12F88B9F-8875-4AFC-A67C-D90C383ABD29): 2
LogDevObjectVersion:   Dev-Sequencer (7B5AE74C-D270-4C10-A958-57980B212A5A): 0
LogDevObjectVersion:   Dev-VR (D7296918-1DD6-4BDD-9DE2-64A83CC13884): 0
LogInit: Compiled (64-bit): Jul  6 2016 09:09:46
LogInit: Compiled with Visual C++: 19.00.23026.00
LogInit: Build Configuration: Development
LogInit: Branch Name: ++UE4+Release-4.12
LogInit: Command line:  
LogInit: Base directory: E:/New folder/Paragon/UE_4.12/Engine/Binaries/Win64/
LogInit: Installed Engine Build: 1
LogInit: Using libcurl 7.41.0
LogInit:  - built for x86_64-pc-win32
LogInit:  - supports SSL with WinSSL
LogInit:  - other features:
LogInit:      CURL_VERSION_SSL
LogInit:      CURL_VERSION_IPV6
LogInit:      CURL_VERSION_ASYNCHDNS
LogInit:      CURL_VERSION_LARGEFILE
LogInit:      CURL_VERSION_IDN
LogInit:  CurlRequestOptions (configurable via config and command line):
LogInit:  - bVerifyPeer = true  - Libcurl will verify peer certificate
LogInit:  - bUseHttpProxy = false  - Libcurl will NOT use HTTP proxy
LogInit:  - bDontReuseConnections = false  - Libcurl will reuse connections
LogInit:  - CertBundlePath = nullptr  - Libcurl will use whatever was configured at build time.
LogInit: Presizing for max 8388607 objects, including 0 objects not considered by GC, pre-allocating 0 bytes for permanent pool.
LogInit: Object subsystem initialized
[2017.04.20-19.02.29:665][  0]LogInit: Selected Device Profile: [Windows]
[2017.04.20-19.02.29:666][  0]LogInit: Applying CVar settings loaded from the selected device profile: [Windows]
[2017.04.20-19.02.29:817][  0]LogInit: Computer: DESKTOP-JAT82AM
[2017.04.20-19.02.29:818][  0]LogInit: User: Alex
[2017.04.20-19.02.29:818][  0]LogInit: CPU Page size=65536, Cores=4
[2017.04.20-19.02.29:818][  0]LogInit: High frequency timer resolution =3.906245 MHz
[2017.04.20-19.02.29:827][  0]LogMemory: Memory total: Physical=15.9GB (16GB approx)
[2017.04.20-19.02.29:827][  0]LogMemory: Platform Memory Stats for Windows
[2017.04.20-19.02.29:827][  0]LogMemory: Process Physical Memory: 192.43 MB used, 192.43 MB peak
[2017.04.20-19.02.29:828][  0]LogMemory: Process Virtual Memory: 195.32 MB used, 195.32 MB peak
[2017.04.20-19.02.29:828][  0]LogMemory: Physical Memory: 5532.70 MB used, 16332.62 MB total
[2017.04.20-19.02.29:828][  0]LogMemory: Virtual Memory: 581.54 MB used, 134217728.00 MB total
[2017.04.20-19.02.31:021][  0]LogTextLocalizationManager: No specific translations for ('en-US') exist, so ('en') translations will be used.
[2017.04.20-19.02.32:027][  0]LogD3D11RHI: D3D11 adapters:
[2017.04.20-19.02.32:075][  0]LogD3D11RHI:    0. 'AMD Radeon R9 200 Series' (Feature Level 11_0)
[2017.04.20-19.02.32:075][  0]LogD3D11RHI:       4073/0/8166 MB DedicatedVideo/DedicatedSystem/SharedSystem, Outputs:1, VendorId:0x1002
[2017.04.20-19.02.32:078][  0]LogD3D11RHI:    1. 'Microsoft Basic Render Driver' (Feature Level 11_0)
[2017.04.20-19.02.32:079][  0]LogD3D11RHI:       0/0/8166 MB DedicatedVideo/DedicatedSystem/SharedSystem, Outputs:0, VendorId:0x1414
[2017.04.20-19.02.32:079][  0]LogD3D11RHI: Chosen D3D11 Adapter: 0
[2017.04.20-19.02.32:087][  0]LogD3D11RHI: Creating new Direct3DDevice
[2017.04.20-19.02.32:087][  0]LogD3D11RHI:     GPU DeviceId: 0x67b0 (for the marketing name, search the web for "GPU Device Id")
[2017.04.20-19.02.32:087][  0]LogWindows: EnumDisplayDevices:
[2017.04.20-19.02.32:087][  0]LogWindows:    0. 'AMD Radeon R9 200 Series' (P:1 D:1)
[2017.04.20-19.02.32:088][  0]LogWindows:    1. 'AMD Radeon R9 200 Series' (P:0 D:0)
[2017.04.20-19.02.32:088][  0]LogWindows:    2. 'AMD Radeon R9 200 Series' (P:0 D:0)
[2017.04.20-19.02.32:089][  0]LogWindows:    3. 'AMD Radeon R9 200 Series' (P:0 D:0)
[2017.04.20-19.02.32:089][  0]LogWindows:    4. 'AMD Radeon R9 200 Series' (P:0 D:0)
[2017.04.20-19.02.32:090][  0]LogWindows:    5. 'AMD Radeon R9 200 Series' (P:0 D:0)
[2017.04.20-19.02.32:090][  0]LogWindows: DebugString: FoundDriverCount:6 
[2017.04.20-19.02.32:090][  0]LogD3D11RHI:     Adapter Name: AMD Radeon R9 200 Series
[2017.04.20-19.02.32:090][  0]LogD3D11RHI:   Driver Version: Crimson ReLive 17.1.1 (internal:21.19.411.0, unified:21.19.411.0)
[2017.04.20-19.02.32:090][  0]LogD3D11RHI:      Driver Date: 1-13-2017
[2017.04.20-19.02.32:090][  0]LogRHI: Texture pool is 1361 MB (70% of 1945 MB)
[2017.04.20-19.02.32:107][  0]LogD3D11RHI: Async texture creation disabled: no driver support
[2017.04.20-19.02.32:459][  0]LogD3D11RHI: GPU Timing Frequency: 27.000000 (Debug: 2 1)
[2017.04.20-19.02.32:543][  0]LogShaderCompilers: Guid format shader working directory is 6 characters bigger than the processId version (C:/Users/Alex/Desktop/Gith/CGT445/Game/Intermediate/Shaders/WorkingDirectory/12484/).
[2017.04.20-19.02.32:544][  0]LogShaderCompilers: Cleaned the shader compiler working directory 'C:/Users/Alex/AppData/Local/Temp/UnrealShaderWorkingDir/ABD7D80146DBFC321D86D1BBB42358EA/'.
[2017.04.20-19.02.32:551][  0]LogShaderCompilers:Display: Using Local Shader Compiler.
[2017.04.20-19.02.36:859][  0]LogTemp:Display: Loaded TP AllDesktopTargetPlatform
[2017.04.20-19.02.36:882][  0]LogTemp:Display: Loaded TP WindowsClientTargetPlatform
[2017.04.20-19.02.36:897][  0]LogTemp:Display: Loaded TP WindowsNoEditorTargetPlatform
[2017.04.20-19.02.36:908][  0]LogTemp:Display: Loaded TP WindowsServerTargetPlatform
[2017.04.20-19.02.36:915][  0]LogTemp:Display: Loaded TP WindowsTargetPlatform
[2017.04.20-19.02.36:937][  0]LogTemp:Display: Loaded TP AndroidTargetPlatform
[2017.04.20-19.02.36:987][  0]LogTemp:Display: Loaded TP Android_ASTCTargetPlatform
[2017.04.20-19.02.37:017][  0]LogTemp:Display: Loaded TP Android_ATCTargetPlatform
[2017.04.20-19.02.37:039][  0]LogTemp:Display: Loaded TP Android_DXTTargetPlatform
[2017.04.20-19.02.37:056][  0]LogTemp:Display: Loaded TP Android_ETC1TargetPlatform
[2017.04.20-19.02.37:082][  0]LogTemp:Display: Loaded TP Android_ETC2TargetPlatform
[2017.04.20-19.02.37:109][  0]LogTemp:Display: Loaded TP Android_MultiTargetPlatform
[2017.04.20-19.02.37:109][  0]LogTemp:Display: Loaded TP Android_PVRTCTargetPlatform
[2017.04.20-19.02.37:110][  0]LogTemp:Display: Loaded TP HTML5TargetPlatform
[2017.04.20-19.02.37:211][  0]LogTemp:Display: Loaded TP IOSTargetPlatform
[2017.04.20-19.02.37:223][  0]LogTemp:Display: Loaded TP TVOSTargetPlatform
[2017.04.20-19.02.37:248][  0]LogTemp:Display: Loaded TP LinuxNoEditorTargetPlatform
[2017.04.20-19.02.37:269][  0]LogTemp:Display: Loaded TP LinuxServerTargetPlatform
[2017.04.20-19.02.37:323][  0]LogTemp:Display: Loaded TP LinuxTargetPlatform
[2017.04.20-19.02.37:323][  0]LogTargetPlatformManager:Display: Building Assets For Windows
[2017.04.20-19.02.38:401][  0]LogDerivedDataCache:Display: Max Cache Size: 512 MB
[2017.04.20-19.02.38:794][  0]LogDerivedDataCache: Loaded boot cache 0.39s 48MB C:/Users/Alex/AppData/Local/UnrealEngine/4.12/DerivedDataCache/Boot.ddc.
[2017.04.20-19.02.38:795][  0]LogDerivedDataCache:Display: Loaded Boot cache: C:/Users/Alex/AppData/Local/UnrealEngine/4.12/DerivedDataCache/Boot.ddc
[2017.04.20-19.02.38:795][  0]LogDerivedDataCache: FDerivedDataBackendGraph:  Pak pak cache file C:/Users/Alex/Desktop/Gith/CGT445/Game/DerivedDataCache/DDC.ddp not found, will not use a pak cache.
[2017.04.20-19.02.38:795][  0]LogDerivedDataCache: Unable to find inner node Pak for hierarchical cache Hierarchy.
[2017.04.20-19.02.38:795][  0]LogDerivedDataCache: FDerivedDataBackendGraph:  CompressedPak pak cache file C:/Users/Alex/Desktop/Gith/CGT445/Game/DerivedDataCache/Compressed.ddp not found, will not use a pak cache.
[2017.04.20-19.02.38:795][  0]LogDerivedDataCache: Unable to find inner node CompressedPak for hierarchical cache Hierarchy.
[2017.04.20-19.02.38:937][  0]LogDerivedDataCache:Display: Pak cache opened for reading ../../../Engine/DerivedDataCache/Compressed.ddp.
[2017.04.20-19.02.38:950][  0]LogDerivedDataCache: Using Local data cache path C:/Users/Alex/AppData/Local/UnrealEngine/Common/DerivedDataCache: Writable
[2017.04.20-19.02.46:910][  0]LogInit: Selected Device Profile: [Windows]
[2017.04.20-19.02.46:960][  0]LogContentStreaming: Texture pool size is 0.00 MB
[2017.04.20-19.02.49:272][  0]LogMeshUtilities: No automatic mesh reduction module available
[2017.04.20-19.02.49:273][  0]LogMeshUtilities: No automatic mesh merging module available
[2017.04.20-19.02.49:273][  0]LogMeshUtilities: No distributed automatic mesh merging module available
[2017.04.20-19.02.53:097][  0]LogAssetRegistry: FAssetRegistry took 0.0243 seconds to start up
[2017.04.20-19.02.53:406][  0]LogPackageLocalizationCache: Processed 3 localized package path(s) for 2 prioritized culture(s) in 0.133571 seconds
[2017.04.20-19.02.53:451][  0]LogUObjectArray: 28739 objects as part of root set at end of initial load.
[2017.04.20-19.02.53:451][  0]LogUObjectAllocator: 5855624 out of 0 bytes used by permanent object pool.
[2017.04.20-19.02.53:451][  0]LogUObjectArray: CloseDisregardForGC: 0/0 objects in disregard for GC pool
[2017.04.20-19.02.53:507][  0]LogInit: WinSock: version 1.1 (2.2), MaxSocks=32767, MaxUdp=65467
[2017.04.20-19.02.57:545][  0]LogSlate: SlateFontCache - WITH_FREETYPE: 1, WITH_HARFBUZZ: 1
[2017.04.20-19.02.57:545][  0]LogSlate: SlateFontCache - WITH_FREETYPE: 1, WITH_HARFBUZZ: 1
[2017.04.20-19.03.11:144][  0]LogUdpMessaging: Initializing bridge on interface 0.0.0.0:0 to multicast group 230.0.0.1:6666.
[2017.04.20-19.03.12:840][  0]SourceControl: Info Source control is disabled
[2017.04.20-19.03.12:855][  0]SourceControl: Info Source control is disabled
[2017.04.20-19.03.12:896][  0]SourceControl: Info Source control is disabled
[2017.04.20-19.03.12:947][  0]SourceControl: Info Source control is disabled
[2017.04.20-19.03.14:630][  0]LogEngine: Initializing Engine...
[2017.04.20-19.03.14:734][  0]LogHMD: SteamVR failed to initialize.  Err: 110
[2017.04.20-19.03.14:735][  0]LogHMD: SteamVR failed to initialize.  Err: 110
[2017.04.20-19.03.15:902][  0]LogAIModule: Creating AISystem for world NewWorld
[2017.04.20-19.03.16:077][  0]LogInit: XAudio2 using 'Speakers (Realtek High Definition Audio)' : 2 channels at 48 kHz using 32 bits per sample (channel mask 0x3)
[2017.04.20-19.03.16:115][  0]LogInit: FAudioDevice initialized.
[2017.04.20-19.03.16:151][  0]LogDerivedDataCache: Saved boot cache 0.04s 48MB C:/Users/Alex/AppData/Local/UnrealEngine/4.12/DerivedDataCache/Boot.ddc.
[2017.04.20-19.03.16:157][  0]LogInit: Texture streaming: Enabled
[2017.04.20-19.03.16:582][  0]LogInit: Transaction tracking system initialized
[2017.04.20-19.03.17:479][  0]BlueprintLog: New page: Editor Load
[2017.04.20-19.03.19:703][  0]LocalizationService: Info Localization service is disabled
[2017.04.20-19.03.21:115][  0]LogConsoleResponse:Display: 
[2017.04.20-19.03.24:376][  0]LogFileCache: Scanning file cache for directory 'C:/Users/Alex/Desktop/Gith/CGT445/Game/Content/' took 0.04s
[2017.04.20-19.03.24:376][  0]LogCook:Display: Max memory allowance for cook 8192mb
[2017.04.20-19.03.24:376][  0]LogCook:Display: Mobile HDR setting 1
[2017.04.20-19.03.28:733][  0]SourceControl: Info Source control is disabled
[2017.04.20-19.03.28:836][  0]Cmd: MAP LOAD FILE="C:/Users/Alex/Desktop/Gith/CGT445/Game/Content/FirstPersonBP/Maps/FirstPersonExampleMap.umap" TEMPLATE=0 SHOWPROGRESS=1 FEATURELEVEL=3
[2017.04.20-19.03.28:849][  0]LogEditorServer:Warning: Can't find file 'C:/Users/Alex/Desktop/Gith/CGT445/Game/Content/FirstPersonBP/Maps/FirstPersonExampleMap.umap'
[2017.04.20-19.03.28:849][  0]Cmd: MAP CHECKDEP NOCLEARLOG
[2017.04.20-19.03.28:904][  0]MapCheck: Info Map check complete: 0 Error(s), 0 Warning(s), took 54.91ms to complete.
[2017.04.20-19.03.28:904][  0]LogFileHelpers: Loading map 'FirstPersonExampleMap' took 0.101
[2017.04.20-19.03.33:507][  0]LogCollectionManager: Loaded 0 collections in 0.061839 seconds
[2017.04.20-19.03.33:937][  0]LogFileCache: Scanning file cache for directory 'C:/Users/Alex/Desktop/Gith/CGT445/Game/Saved/Collections/' took 0.01s
[2017.04.20-19.03.33:937][  0]LogFileCache: Scanning file cache for directory 'C:/Users/Alex/Desktop/Gith/CGT445/Game/Content/Developers/Alex/Collections/' took 0.01s
[2017.04.20-19.03.33:937][  0]LogFileCache: Scanning file cache for directory 'C:/Users/Alex/Desktop/Gith/CGT445/Game/Content/Collections/' took 0.01s
[2017.04.20-19.03.33:937][  0]LogCollectionManager: Rebuilt the GUID cache for 0 collections in 0.000006 seconds
[2017.04.20-19.03.34:016][  0]LogContentBrowser: Native class hierarchy populated in 0.0258 seconds. Added 2047 classes and 369 folders.
[2017.04.20-19.03.34:154][  0]LogStats: UGameplayTagsManager::ConstructGameplayTagTree: Construct from data asset -  0.000 s
[2017.04.20-19.03.34:187][  0]LogStats: UGameplayTagsManager::ConstructGameplayTagTree: GameplayTagTreeChangedEvent.Broadcast -  0.033 s
[2017.04.20-19.03.34:206][  0]LogContentBrowser: Native class hierarchy updated for 'GameplayTags' in 0.0017 seconds. Added 12 classes and 0 folders.
[2017.04.20-19.03.34:285][  0]LogContentBrowser: Native class hierarchy updated for 'WidgetCarousel' in 0.0013 seconds. Added 0 classes and 0 folders.
[2017.04.20-19.03.38:034][  0]LogContentBrowser: Native class hierarchy updated for 'AddContentDialog' in 0.0011 seconds. Added 0 classes and 0 folders.
[2017.04.20-19.03.38:391][  0]LogContentBrowser: Native class hierarchy updated for 'SceneOutliner' in 0.0015 seconds. Added 1 classes and 2 folders.
[2017.04.20-19.03.42:171][  0]LogCrashTracker: Crashtracker disabled due to settings.
[2017.04.20-19.03.42:666][  0]LogUObjectGlobals:Warning: Failed to find object 'Class None.'
[2017.04.20-19.03.42:953][  0]LogContentBrowser: Native class hierarchy updated for 'HierarchicalLODOutliner' in 0.0009 seconds. Added 1 classes and 2 folders.
[2017.04.20-19.03.42:953][  0]LogLoad: Full Startup: 79.18 seconds (BP compile: 0.52 seconds)
[2017.04.20-19.03.42:953][  0]LogExternalProfiler: No external profilers were discovered.  External profiling features will not be available.
[2017.04.20-19.03.43:095][  0]LogOcInput: OculusInput pre-init called
[2017.04.20-19.03.43:440][  0]LogContentStreaming: Texture pool size now 1000 MB
[2017.04.20-19.03.44:322][  0]LogRenderer: Reallocating scene render targets to support 764x460 (Frame:2).
[2017.04.20-19.03.44:659][  1]LogFileCache: Retrieving MD5 hashes for directory 'C:/Users/Alex/Desktop/Gith/CGT445/Game/Content/' took 1.42s
[2017.04.20-19.03.44:999][  4]LogAssetRegistry: Asset discovery search completed in 51.9242 seconds
[2017.04.20-19.03.45:006][  4]LogCollectionManager: Rebuilt the object cache for 0 collections in 0.000001 seconds (found 0 objects)
[2017.04.20-19.03.45:006][  4]LogCollectionManager: Fixed up redirectors for 0 collections in 0.006960 seconds (updated 0 objects)
[2017.04.20-19.03.52:481][233]LogContentBrowser: Native class hierarchy updated for 'BlueprintGraph' in 0.0006 seconds. Added 111 classes and 0 folders.
[2017.04.20-19.03.56:423][238]AssetReimport: New page: Outstanding source content changes 10:03:55 AM
[2017.04.20-19.03.56:547][239]LogFactory: FactoryCreateFile: SoundWave with ReimportSoundFactory (0 0 C:/Users/Alex/Desktop/Gith/CGT445/Game/Content/Sounds/Lose Sound 1.wav)
[2017.04.20-19.03.56:582][239]LogFactory: FactoryCreateFile: SoundWave with ReimportSoundFactory (0 0 C:/Users/Alex/Desktop/Gith/CGT445/Game/Content/Sounds/Lose Sound 1.wav)
[2017.04.20-19.03.56:583][239]LogFactory: FactoryCreateFile: SoundWave with SoundSurroundFactory (0 0 C:/Users/Alex/Desktop/Gith/CGT445/Game/Content/Sounds/Lose Sound 1.wav)
[2017.04.20-19.03.56:584][239]LogFactory: FactoryCreateFile: SoundWave with ReimportSoundSurroundFactory (0 0 C:/Users/Alex/Desktop/Gith/CGT445/Game/Content/Sounds/Lose Sound 1.wav)
[2017.04.20-19.03.56:585][239]LogFactory: FactoryCreateFile: SoundWave with ReimportSoundSurroundFactory (0 0 C:/Users/Alex/Desktop/Gith/CGT445/Game/Content/Sounds/Lose Sound 1.wav)
[2017.04.20-19.03.56:586][239]LogFactory: FactoryCreateFile: MediaPlayer with MediaPlayerFactory (0 0 C:/Users/Alex/Desktop/Gith/CGT445/Game/Content/Sounds/Lose Sound 1.wav)
[2017.04.20-19.03.56:717][240]LogWmfMedia:Error: Failed to set topology in media session
[2017.04.20-19.03.56:719][240]LogFactory: FactoryCreateFile: SoundWave with ReimportSoundFactory (0 0 C:/Users/Alex/Desktop/Gith/CGT445/Game/Content/Sounds/Lose Sound 2.wav)
[2017.04.20-19.03.56:723][240]LogFactory: FactoryCreateFile: SoundWave with ReimportSoundFactory (0 0 C:/Users/Alex/Desktop/Gith/CGT445/Game/Content/Sounds/Lose Sound 2.wav)
[2017.04.20-19.03.56:724][240]LogFactory: FactoryCreateFile: SoundWave with SoundSurroundFactory (0 0 C:/Users/Alex/Desktop/Gith/CGT445/Game/Content/Sounds/Lose Sound 2.wav)
[2017.04.20-19.03.56:725][240]LogFactory: FactoryCreateFile: SoundWave with ReimportSoundSurroundFactory (0 0 C:/Users/Alex/Desktop/Gith/CGT445/Game/Content/Sounds/Lose Sound 2.wav)
[2017.04.20-19.03.56:726][240]LogFactory: FactoryCreateFile: SoundWave with ReimportSoundSurroundFactory (0 0 C:/Users/Alex/Desktop/Gith/CGT445/Game/Content/Sounds/Lose Sound 2.wav)
[2017.04.20-19.03.56:728][240]LogFactory: FactoryCreateFile: MediaPlayer with MediaPlayerFactory (0 0 C:/Users/Alex/Desktop/Gith/CGT445/Game/Content/Sounds/Lose Sound 2.wav)
[2017.04.20-19.03.56:734][240]LogFactory: FactoryCreateFile: SoundWave with ReimportSoundFactory (0 0 C:/Users/Alex/Desktop/Gith/CGT445/Game/Content/Sounds/Lose Sound 3.wav)
[2017.04.20-19.03.57:012][241]LogWmfMedia:Error: Failed to set topology in media session
[2017.04.20-19.03.57:013][241]LogFactory: FactoryCreateFile: MediaPlayer with MediaPlayerFactory (0 0 C:/Users/Alex/Desktop/Gith/CGT445/Game/Content/Sounds/Win Sound 1.mp3)
[2017.04.20-19.03.57:017][241]LogFactory: FactoryCreateFile: SoundWave with ReimportSoundFactory (0 0 C:/Users/Alex/Desktop/Gith/CGT445/Game/Content/Sounds/Win Sound 2.wav)
[2017.04.20-19.03.57:021][241]LogFactory: FactoryCreateFile: SoundWave with ReimportSoundFactory (0 0 C:/Users/Alex/Desktop/Gith/CGT445/Game/Content/Sounds/Win Sound 2.wav)
[2017.04.20-19.03.57:025][241]LogFactory: FactoryCreateFile: SoundWave with SoundSurroundFactory (0 0 C:/Users/Alex/Desktop/Gith/CGT445/Game/Content/Sounds/Win Sound 2.wav)
[2017.04.20-19.03.57:027][241]LogFactory: FactoryCreateFile: SoundWave with ReimportSoundSurroundFactory (0 0 C:/Users/Alex/Desktop/Gith/CGT445/Game/Content/Sounds/Win Sound 2.wav)
[2017.04.20-19.03.57:029][241]LogFactory: FactoryCreateFile: SoundWave with ReimportSoundSurroundFactory (0 0 C:/Users/Alex/Desktop/Gith/CGT445/Game/Content/Sounds/Win Sound 2.wav)
[2017.04.20-19.03.57:031][241]LogFactory: FactoryCreateFile: MediaPlayer with MediaPlayerFactory (0 0 C:/Users/Alex/Desktop/Gith/CGT445/Game/Content/Sounds/Win Sound 2.wav)
[2017.04.20-19.03.57:049][242]LogWmfMedia:Error: Failed to set topology in media session
[2017.04.20-19.03.57:055][242]LogFactory: FactoryCreateFile: SoundWave with ReimportSoundFactory (0 0 C:/Users/Alex/Desktop/Gith/CGT445/Game/Content/Sounds/Win Sound 3.wav)
[2017.04.20-19.03.57:058][242]LogFactory: FactoryCreateFile: SoundWave with ReimportSoundFactory (0 0 C:/Users/Alex/Desktop/Gith/CGT445/Game/Content/Sounds/Win Sound 3.wav)
[2017.04.20-19.03.57:060][242]LogFactory: FactoryCreateFile: SoundWave with SoundSurroundFactory (0 0 C:/Users/Alex/Desktop/Gith/CGT445/Game/Content/Sounds/Win Sound 3.wav)
[2017.04.20-19.03.57:061][242]LogFactory: FactoryCreateFile: SoundWave with ReimportSoundSurroundFactory (0 0 C:/Users/Alex/Desktop/Gith/CGT445/Game/Content/Sounds/Win Sound 3.wav)
[2017.04.20-19.03.57:062][242]LogFactory: FactoryCreateFile: SoundWave with ReimportSoundSurroundFactory (0 0 C:/Users/Alex/Desktop/Gith/CGT445/Game/Content/Sounds/Win Sound 3.wav)
[2017.04.20-19.03.57:064][242]LogFactory: FactoryCreateFile: MediaPlayer with MediaPlayerFactory (0 0 C:/Users/Alex/Desktop/Gith/CGT445/Game/Content/Sounds/Win Sound 3.wav)
[2017.04.20-19.03.57:237][242]Cmd: OBJ SAVEPACKAGE PACKAGE="/Game/Sounds/Lose_Sound_1" FILE="C:/Users/Alex/Desktop/Gith/CGT445/Game/Content/Sounds/Lose_Sound_1.uasset" SILENT=true
[2017.04.20-19.03.57:479][242]LogSavePackage: Save=136.58ms
[2017.04.20-19.03.57:479][242]LogSavePackage: Moving 'C:/Users/Alex/Desktop/Gith/CGT445/Game/Saved/Lose_Sound_17FC2B8AE44506250D7249694A6309B73.tmp' to 'C:/Users/Alex/Desktop/Gith/CGT445/Game/Content/Sounds/Lose_Sound_1.uasset'
[2017.04.20-19.03.57:542][242]LogSavePackage:Display: Finished SavePackage C:/Users/Alex/Desktop/Gith/CGT445/Game/Content/Sounds/Lose_Sound_1.uasset
[2017.04.20-19.03.57:549][242]Cmd: OBJ SAVEPACKAGE PACKAGE="/Game/Sounds/Lose_Sound_2" FILE="C:/Users/Alex/Desktop/Gith/CGT445/Game/Content/Sounds/Lose_Sound_2.uasset" SILENT=true
[2017.04.20-19.03.57:558][242]LogSavePackage: Save=5.94ms
[2017.04.20-19.03.57:558][242]LogSavePackage: Moving 'C:/Users/Alex/Desktop/Gith/CGT445/Game/Saved/Lose_Sound_20175DE0F4A04CA17E7741EBA96FE163F.tmp' to 'C:/Users/Alex/Desktop/Gith/CGT445/Game/Content/Sounds/Lose_Sound_2.uasset'
[2017.04.20-19.03.57:561][242]LogSavePackage:Display: Finished SavePackage C:/Users/Alex/Desktop/Gith/CGT445/Game/Content/Sounds/Lose_Sound_2.uasset
[2017.04.20-19.03.57:629][242]Cmd: OBJ SAVEPACKAGE PACKAGE="/Game/Sounds/Lose_Sound_3" FILE="C:/Users/Alex/Desktop/Gith/CGT445/Game/Content/Sounds/Lose_Sound_3.uasset" SILENT=true
[2017.04.20-19.03.57:659][242]LogSavePackage: Save=28.80ms
[2017.04.20-19.03.57:659][242]LogSavePackage: Moving 'C:/Users/Alex/Desktop/Gith/CGT445/Game/Saved/Lose_Sound_3464A54EC42A2D08119E9DB9BA6EDBB8A.tmp' to 'C:/Users/Alex/Desktop/Gith/CGT445/Game/Content/Sounds/Lose_Sound_3.uasset'
[2017.04.20-19.03.57:661][242]LogSavePackage:Display: Finished SavePackage C:/Users/Alex/Desktop/Gith/CGT445/Game/Content/Sounds/Lose_Sound_3.uasset
[2017.04.20-19.03.57:665][242]Cmd: OBJ SAVEPACKAGE PACKAGE="/Game/Sounds/Win_Sound_1" FILE="C:/Users/Alex/Desktop/Gith/CGT445/Game/Content/Sounds/Win_Sound_1.uasset" SILENT=true
[2017.04.20-19.03.57:672][242]LogSavePackage: Save=3.07ms
[2017.04.20-19.03.57:672][242]LogSavePackage: Moving 'C:/Users/Alex/Desktop/Gith/CGT445/Game/Saved/Win_Sound_11DF8F3A74A294566A7480FBD3E39603B.tmp' to 'C:/Users/Alex/Desktop/Gith/CGT445/Game/Content/Sounds/Win_Sound_1.uasset'
[2017.04.20-19.03.57:673][242]LogSavePackage:Display: Finished SavePackage C:/Users/Alex/Desktop/Gith/CGT445/Game/Content/Sounds/Win_Sound_1.uasset
[2017.04.20-19.03.57:676][242]Cmd: OBJ SAVEPACKAGE PACKAGE="/Game/Sounds/Win_Sound_2" FILE="C:/Users/Alex/Desktop/Gith/CGT445/Game/Content/Sounds/Win_Sound_2.uasset" SILENT=true
[2017.04.20-19.03.57:683][242]LogSavePackage: Save=3.23ms
[2017.04.20-19.03.57:683][242]LogSavePackage: Moving 'C:/Users/Alex/Desktop/Gith/CGT445/Game/Saved/Win_Sound_240CEE82A42E3DA512FD3B58AB40DEFD5.tmp' to 'C:/Users/Alex/Desktop/Gith/CGT445/Game/Content/Sounds/Win_Sound_2.uasset'
[2017.04.20-19.03.57:684][242]LogSavePackage:Display: Finished SavePackage C:/Users/Alex/Desktop/Gith/CGT445/Game/Content/Sounds/Win_Sound_2.uasset
[2017.04.20-19.03.57:687][242]Cmd: OBJ SAVEPACKAGE PACKAGE="/Game/Sounds/Win_Sound_3" FILE="C:/Users/Alex/Desktop/Gith/CGT445/Game/Content/Sounds/Win_Sound_3.uasset" SILENT=true
[2017.04.20-19.03.57:692][242]LogSavePackage: Save=3.34ms
[2017.04.20-19.03.57:692][242]LogSavePackage: Moving 'C:/Users/Alex/Desktop/Gith/CGT445/Game/Saved/Win_Sound_35617F8A34F7DAF76A50169825AC3A167.tmp' to 'C:/Users/Alex/Desktop/Gith/CGT445/Game/Content/Sounds/Win_Sound_3.uasset'
[2017.04.20-19.03.57:693][242]LogSavePackage:Display: Finished SavePackage C:/Users/Alex/Desktop/Gith/CGT445/Game/Content/Sounds/Win_Sound_3.uasset
[2017.04.20-19.03.57:724][243]LogWmfMedia:Error: Failed to set topology in media session
[2017.04.20-19.04.00:739][252]AssetReimport: Info Importing new asset /Game/Sounds/Lose_Sound_1.
[2017.04.20-19.04.00:739][252]AssetReimport: Info Importing new asset /Game/Sounds/Lose_Sound_2.
[2017.04.20-19.04.00:739][252]AssetReimport: Info Importing new asset /Game/Sounds/Lose_Sound_3.
[2017.04.20-19.04.00:739][252]AssetReimport: Info Importing new asset /Game/Sounds/Win_Sound_1.
[2017.04.20-19.04.00:739][252]AssetReimport: Info Importing new asset /Game/Sounds/Win_Sound_2.
[2017.04.20-19.04.00:739][252]AssetReimport: Info Importing new asset /Game/Sounds/Win_Sound_3.
[2017.04.20-19.04.23:954][659]LogWmfMedia:Error: Failed to set topology in media session
[2017.04.20-19.13.49:177][260]LogFileHelpers: Editor autosave (incl. sublevels) for '/Temp/Untitled_0' took 0.152
[2017.04.20-19.13.49:183][260]OBJ SavePackage: Generating thumbnails for [0] asset(s) in package [/Game/Sounds/Lose_Sound_1] ([1] browsable assets)...
[2017.04.20-19.13.49:184][260]OBJ SavePackage: Finished generating thumbnails for package [/Game/Sounds/Lose_Sound_1]
[2017.04.20-19.13.49:184][260]Cmd: OBJ SAVEPACKAGE PACKAGE="/Game/Sounds/Lose_Sound_1" FILE="C:/Users/Alex/Desktop/Gith/CGT445/Game/Saved/Autosaves/Game/Sounds/Lose_Sound_1_Auto1.uasset" SILENT=false AUTOSAVING=true
[2017.04.20-19.13.49:252][260]LogSavePackage: Save=5.31ms
[2017.04.20-19.13.49:252][260]LogSavePackage: Moving 'C:/Users/Alex/Desktop/Gith/CGT445/Game/Saved/Lose_Sound_1_Auto193ED093343A12559962EA8BD67B320CE.tmp' to 'C:/Users/Alex/Desktop/Gith/CGT445/Game/Saved/Autosaves/Game/Sounds/Lose_Sound_1_Auto1.uasset'
[2017.04.20-19.13.49:253][260]LogSavePackage:Display: Finished SavePackage C:/Users/Alex/Desktop/Gith/CGT445/Game/Saved/Autosaves/Game/Sounds/Lose_Sound_1_Auto1.uasset
[2017.04.20-19.13.49:253][260]LogFileHelpers: Auto-saving content packages took 0.072
[2017.04.20-19.18.06:045][292]LogAIModule: Creating AISystem for world BarebonesCafeteria
[2017.04.20-19.27.56:672][292]Cmd: OBJ SAVEPACKAGE PACKAGE="/Game/Sounds/Lose_Sound_1" FILE="C:/Users/Alex/Desktop/Gith/CGT445/Game/Content/Sounds/Lose_Sound_1.uasset" SILENT=true
[2017.04.20-19.27.56:691][292]LogSavePackage: Save=3.39ms
[2017.04.20-19.27.56:691][292]LogSavePackage: Moving 'C:/Users/Alex/Desktop/Gith/CGT445/Game/Saved/Lose_Sound_196FBDFD9433C426BD5C1DDBC232C7CA2.tmp' to 'C:/Users/Alex/Desktop/Gith/CGT445/Game/Content/Sounds/Lose_Sound_1.uasset'
[2017.04.20-19.27.56:695][292]LogSavePackage:Display: Finished SavePackage C:/Users/Alex/Desktop/Gith/CGT445/Game/Content/Sounds/Lose_Sound_1.uasset
[2017.04.20-19.27.56:696][292]Cmd: MAP LOAD FILE="C:/Users/Alex/Desktop/Gith/CGT445/Game/Content/Maps/BarebonesCafeteria.umap" TEMPLATE=0 SHOWPROGRESS=1 FEATURELEVEL=3
[2017.04.20-19.27.56:719][292]LightingResults: New page: Lighting Build
[2017.04.20-19.27.56:750][292]LogContentBrowser: Native class hierarchy updated for 'StatsViewer' in 0.0015 seconds. Added 5 classes and 0 folders.
[2017.04.20-19.27.56:752][292]LoadErrors: New page: Loading map: BarebonesCafeteria.umap
[2017.04.20-19.27.56:776][292]MapCheck: New page: Map Check
[2017.04.20-19.27.56:776][292]LightingResults: New page: Lighting Build
[2017.04.20-19.27.57:007][292]LogEditorServer: Finished looking for orphan Actors (0.000 secs)
[2017.04.20-19.27.57:062][292]Cmd: MAP CHECKDEP NOCLEARLOG
[2017.04.20-19.27.57:136][292]MapCheck: Info Map check complete: 0 Error(s), 0 Warning(s), took 74.426ms to complete.
[2017.04.20-19.27.57:136][292]LogFileHelpers: Loading map 'BarebonesCafeteria' took 0.442
[2017.04.20-19.29.20:755][578]AssetReimport: New page: Outstanding source content changes 10:29:20 AM
[2017.04.20-19.29.20:756][578]LogFactory: FactoryCreateFile: SoundWave with ReimportSoundFactory (0 0 C:/Users/Alex/Desktop/Gith/CGT445/Game/Content/Sounds/Menu Click Sound 2.wav)
[2017.04.20-19.29.20:765][578]LogFactory: FactoryCreateFile: SoundWave with ReimportSoundFactory (0 0 C:/Users/Alex/Desktop/Gith/CGT445/Game/Content/Sounds/Menu Click Sound 1.wav)
[2017.04.20-19.29.20:778][579]LogFactory: FactoryCreateFile: SoundWave with ReimportSoundFactory (0 0 C:/Users/Alex/Desktop/Gith/CGT445/Game/Content/Sounds/Menu Click Sound 3.wav)
[2017.04.20-19.29.20:826][580]Cmd: OBJ SAVEPACKAGE PACKAGE="/Game/Sounds/Menu_Click_Sound_2" FILE="C:/Users/Alex/Desktop/Gith/CGT445/Game/Content/Sounds/Menu_Click_Sound_2.uasset" SILENT=true
[2017.04.20-19.29.20:833][580]LogSavePackage: Save=5.59ms
[2017.04.20-19.29.20:833][580]LogSavePackage: Moving 'C:/Users/Alex/Desktop/Gith/CGT445/Game/Saved/Menu_Click_Sound_207F0B2994DDDC3C1F77A219A0591CA1C.tmp' to 'C:/Users/Alex/Desktop/Gith/CGT445/Game/Content/Sounds/Menu_Click_Sound_2.uasset'
[2017.04.20-19.29.20:834][580]LogSavePackage:Display: Finished SavePackage C:/Users/Alex/Desktop/Gith/CGT445/Game/Content/Sounds/Menu_Click_Sound_2.uasset
[2017.04.20-19.29.20:845][580]Cmd: OBJ SAVEPACKAGE PACKAGE="/Game/Sounds/Menu_Click_Sound_1" FILE="C:/Users/Alex/Desktop/Gith/CGT445/Game/Content/Sounds/Menu_Click_Sound_1.uasset" SILENT=true
[2017.04.20-19.29.20:851][580]LogSavePackage: Save=5.48ms
[2017.04.20-19.29.20:851][580]LogSavePackage: Moving 'C:/Users/Alex/Desktop/Gith/CGT445/Game/Saved/Menu_Click_Sound_11D4194D6448C3B6ED559F58120B31704.tmp' to 'C:/Users/Alex/Desktop/Gith/CGT445/Game/Content/Sounds/Menu_Click_Sound_1.uasset'
[2017.04.20-19.29.20:853][580]LogSavePackage:Display: Finished SavePackage C:/Users/Alex/Desktop/Gith/CGT445/Game/Content/Sounds/Menu_Click_Sound_1.uasset
[2017.04.20-19.29.20:862][580]Cmd: OBJ SAVEPACKAGE PACKAGE="/Game/Sounds/Menu_Click_Sound_3" FILE="C:/Users/Alex/Desktop/Gith/CGT445/Game/Content/Sounds/Menu_Click_Sound_3.uasset" SILENT=true
[2017.04.20-19.29.20:868][580]LogSavePackage: Save=5.56ms
[2017.04.20-19.29.20:868][580]LogSavePackage: Moving 'C:/Users/Alex/Desktop/Gith/CGT445/Game/Saved/Menu_Click_Sound_380F5F04940DFF64226075AB34D4F34E5.tmp' to 'C:/Users/Alex/Desktop/Gith/CGT445/Game/Content/Sounds/Menu_Click_Sound_3.uasset'
[2017.04.20-19.29.20:870][580]LogSavePackage:Display: Finished SavePackage C:/Users/Alex/Desktop/Gith/CGT445/Game/Content/Sounds/Menu_Click_Sound_3.uasset
[2017.04.20-19.29.23:874][940]AssetReimport: Info Importing new asset /Game/Sounds/Menu_Click_Sound_2.
[2017.04.20-19.29.23:874][940]AssetReimport: Info Importing new asset /Game/Sounds/Menu_Click_Sound_1.
[2017.04.20-19.29.23:874][940]AssetReimport: Info Importing new asset /Game/Sounds/Menu_Click_Sound_3.
[2017.04.20-19.29.30:011][554]LogEditorViewport: Clicking on Actor (LMB): StaticMeshActor (grape)
[2017.04.20-19.54.16:247][988]Cmd: QUIT_EDITOR
[2017.04.20-19.54.16:414][988]LogWindowsTextInputMethodSystem:Display: IME system now deactivated.
[2017.04.20-19.54.16:434][988]LogExit: Preparing to exit.
[2017.04.20-19.54.17:579][988]LogExit: Editor shut down
[2017.04.20-19.54.17:579][988]LogExit: Transaction tracking system shut down
[2017.04.20-19.54.18:038][988]LogObj: Freed 0b from 0 cluster array pools.
[2017.04.20-19.54.18:038][988]LogExit: Object subsystem successfully closed.
[2017.04.20-19.54.18:096][988]LogD3D11RHI: Shutdown
[2017.04.20-19.54.18:096][988]LogD3D11RHI: CleanupD3DDevice
[2017.04.20-19.54.18:228][988]LogD3D11RHI: ~FD3D11DynamicRHI
[2017.04.20-19.54.18:507][988]LogModuleManager: Shutting down and abandoning module StatsViewer (214)
[2017.04.20-19.54.18:535][988]LogModuleManager: Shutting down and abandoning module BlueprintGraph (213)
[2017.04.20-19.54.18:535][988]LogModuleManager: Shutting down and abandoning module HierarchicalLODOutliner (212)
[2017.04.20-19.54.18:546][988]LogModuleManager: Shutting down and abandoning module CrashTracker (211)
[2017.04.20-19.54.18:546][988]LogModuleManager: Shutting down and abandoning module SceneOutliner (210)
[2017.04.20-19.54.18:546][988]LogModuleManager: Shutting down and abandoning module WidgetCarousel (209)
[2017.04.20-19.54.18:546][988]LogModuleManager: Shutting down and abandoning module AddContentDialog (208)
[2017.04.20-19.54.18:547][988]LogModuleManager: Shutting down and abandoning module GameplayTags (207)
[2017.04.20-19.54.18:547][988]LogModuleManager: Shutting down and abandoning module EditorWidgets (206)
[2017.04.20-19.54.18:547][988]LogModuleManager: Shutting down and abandoning module CollectionManager (205)
[2017.04.20-19.54.18:547][988]LogModuleManager: Shutting down and abandoning module FoliageEdit (204)
[2017.04.20-19.54.18:547][988]LogModuleManager: Shutting down and abandoning module LandscapeEditor (203)
[2017.04.20-19.54.18:554][988]LogModuleManager: Shutting down and abandoning module SceneDepthPickerMode (202)
[2017.04.20-19.54.18:554][988]LogModuleManager: Shutting down and abandoning module ActorPickerMode (201)
[2017.04.20-19.54.18:554][988]LogModuleManager: Shutting down and abandoning module GeometryMode (200)
[2017.04.20-19.54.18:554][988]LogModuleManager: Shutting down and abandoning module TextureAlignMode (199)
[2017.04.20-19.54.18:554][988]LogModuleManager: Shutting down and abandoning module BspMode (198)
[2017.04.20-19.54.18:554][988]LogModuleManager: Shutting down and abandoning module HardwareSurvey (197)
[2017.04.20-19.54.18:554][988]LogModuleManager: Shutting down and abandoning module SequenceRecorderSections (196)
[2017.04.20-19.54.18:554][988]LogModuleManager: Shutting down and abandoning module SequenceRecorder (195)
[2017.04.20-19.54.18:554][988]LogModuleManager: Shutting down and abandoning module AutomationWorker (194)
[2017.04.20-19.54.18:554][988]LogModuleManager: Shutting down and abandoning module MatineeToLevelSequence (193)
[2017.04.20-19.54.18:554][988]LogModuleManager: Shutting down and abandoning module PlacementMode (192)
[2017.04.20-19.54.18:573][988]LogModuleManager: Shutting down and abandoning module LevelSequenceEditor (191)
[2017.04.20-19.54.18:573][988]LogModuleManager: Shutting down and abandoning module CharacterAI (190)
[2017.04.20-19.54.18:573][988]LogModuleManager: Shutting down and abandoning module SmartSnapping (189)
[2017.04.20-19.54.18:573][988]LogModuleManager: Shutting down and abandoning module SessionServices (188)
[2017.04.20-19.54.18:573][988]LogModuleManager: Shutting down and abandoning module ViewportSnapping (187)
[2017.04.20-19.54.18:573][988]LogModuleManager: Shutting down and abandoning module LogVisualizer (186)
[2017.04.20-19.54.18:573][988]LogModuleManager: Shutting down and abandoning module GameProjectGeneration (185)
[2017.04.20-19.54.18:584][988]LogModuleManager: Shutting down and abandoning module IntroTutorials (184)
[2017.04.20-19.54.18:584][988]LogModuleManager: Shutting down and abandoning module EditorLiveStreaming (183)
[2017.04.20-19.54.18:584][988]LogModuleManager: Shutting down and abandoning module IOSPlatformEditor (182)
[2017.04.20-19.54.18:584][988]LogModuleManager: Shutting down and abandoning module HTML5PlatformEditor (181)
[2017.04.20-19.54.18:584][988]LogModuleManager: Shutting down and abandoning module AndroidDeviceDetection (180)
[2017.04.20-19.54.19:427][988]LogModuleManager: Shutting down and abandoning module AndroidPlatformEditor (179)
[2017.04.20-19.54.19:427][988]LogModuleManager: Shutting down and abandoning module IOSRuntimeSettings (178)
[2017.04.20-19.54.19:427][988]LogModuleManager: Shutting down and abandoning module AndroidRuntimeSettings (177)
[2017.04.20-19.54.19:427][988]LogModuleManager: Shutting down and abandoning module MergeActors (176)
[2017.04.20-19.54.19:441][988]LogModuleManager: Shutting down and abandoning module SizeMap (175)
[2017.04.20-19.54.19:441][988]LogModuleManager: Shutting down and abandoning module TreeMap (174)
[2017.04.20-19.54.19:441][988]LogModuleManager: Shutting down and abandoning module ReferenceViewer (173)
[2017.04.20-19.54.19:442][988]LogModuleManager: Shutting down and abandoning module LocalizationService (172)
[2017.04.20-19.54.19:455][988]LogModuleManager: Shutting down and abandoning module LocalizationDashboard (171)
[2017.04.20-19.54.19:461][988]LogModuleManager: Shutting down and abandoning module HardwareTargeting (170)
[2017.04.20-19.54.19:462][988]LogModuleManager: Shutting down and abandoning module DeviceProfileEditor (169)
[2017.04.20-19.54.19:473][988]LogModuleManager: Shutting down and abandoning module UndoHistory (168)
[2017.04.20-19.54.19:479][988]LogModuleManager: Shutting down and abandoning module UserFeedback (167)
[2017.04.20-19.54.19:479][988]LogModuleManager: Shutting down and abandoning module XmlParser (166)
[2017.04.20-19.54.19:479][988]LogModuleManager: Shutting down and abandoning module Blutility (165)
[2017.04.20-19.54.19:479][988]LogModuleManager: Shutting down and abandoning module ProjectTargetPlatformEditor (164)
[2017.04.20-19.54.19:479][988]LogModuleManager: Shutting down and abandoning module ProjectSettingsViewer (163)
[2017.04.20-19.54.19:479][988]LogModuleManager: Shutting down and abandoning module InputBindingEditor (162)
[2017.04.20-19.54.19:480][988]LogModuleManager: Shutting down and abandoning module EditorSettingsViewer (161)
[2017.04.20-19.54.19:480][988]LogModuleManager: Shutting down and abandoning module SettingsEditor (160)
[2017.04.20-19.54.19:487][988]LogModuleManager: Shutting down and abandoning module ProjectLauncher (159)
[2017.04.20-19.54.19:509][988]LogModuleManager: Shutting down and abandoning module SessionFrontend (158)
[2017.04.20-19.54.19:519][988]LogModuleManager: Shutting down and abandoning module ProfilerClient (157)
[2017.04.20-19.54.19:550][988]LogModuleManager: Shutting down and abandoning module TargetDeviceServices (156)
[2017.04.20-19.54.19:550][988]LogModuleManager: Shutting down and abandoning module DeviceManager (155)
[2017.04.20-19.54.19:615][988]LogModuleManager: Shutting down and abandoning module AutomationController (154)
[2017.04.20-19.54.19:626][988]LogModuleManager: Shutting down and abandoning module AutomationWindow (153)
[2017.04.20-19.54.19:652][988]LogModuleManager: Shutting down and abandoning module Layers (152)
[2017.04.20-19.54.19:672][988]LogModuleManager: Shutting down and abandoning module ComponentVisualizers (151)
[2017.04.20-19.54.19:672][988]LogModuleManager: Shutting down and abandoning module DetailCustomizations (150)
[2017.04.20-19.54.19:672][988]LogModuleManager: Shutting down and abandoning module PackagesDialog (149)
[2017.04.20-19.54.19:672][988]LogModuleManager: Shutting down and abandoning module Persona (148)
[2017.04.20-19.54.19:702][988]LogModuleManager: Shutting down and abandoning module Kismet (147)
[2017.04.20-19.54.19:702][988]LogModuleManager: Shutting down and abandoning module GraphEditor (146)
[2017.04.20-19.54.19:702][988]LogModuleManager: Shutting down and abandoning module ClassViewer (145)
[2017.04.20-19.54.19:720][988]LogModuleManager: Shutting down and abandoning module Toolbox (144)
[2017.04.20-19.54.19:720][988]LogModuleManager: Shutting down and abandoning module ModuleUI (143)
[2017.04.20-19.54.19:750][988]LogModuleManager: Shutting down and abandoning module MovieSceneTools (142)
[2017.04.20-19.54.19:750][988]LogModuleManager: Shutting down and abandoning module OutputLog (141)
[2017.04.20-19.54.19:750][988]LogModuleManager: Shutting down and abandoning module GammaUI (140)
[2017.04.20-19.54.19:779][988]LogModuleManager: Shutting down and abandoning module Documentation (139)
[2017.04.20-19.54.19:779][988]LogModuleManager: Shutting down and abandoning module StreamingPauseRendering (138)
[2017.04.20-19.54.19:779][988]LogModuleManager: Shutting down and abandoning module AnalyticsET (137)
[2017.04.20-19.54.19:779][988]LogModuleManager: Shutting down and abandoning module Analytics (136)
[2017.04.20-19.54.19:779][988]LogModuleManager: Shutting down and abandoning module PortalServices (135)
[2017.04.20-19.54.19:779][988]LogModuleManager: Shutting down and abandoning module PortalRpc (134)
[2017.04.20-19.54.19:779][988]LogModuleManager: Shutting down and abandoning module MessagingRpc (133)
[2017.04.20-19.54.19:779][988]LogModuleManager: Shutting down and abandoning module GameplayDebugger (132)
[2017.04.20-19.54.19:779][988]LogModuleManager: Shutting down and abandoning module AITestSuite (131)
[2017.04.20-19.54.19:779][988]LogModuleManager: Shutting down and abandoning module AIModule (130)
[2017.04.20-19.54.19:779][988]LogModuleManager: Shutting down and abandoning module ProfilerService (129)
[2017.04.20-19.54.19:823][988]LogModuleManager: Shutting down and abandoning module TaskGraph (128)
[2017.04.20-19.54.19:830][988]LogModuleManager: Shutting down and abandoning module SlateRemote (127)
[2017.04.20-19.54.19:830][988]LogModuleManager: Shutting down and abandoning module SteamVRController (126)
[2017.04.20-19.54.19:830][988]LogModuleManager: Shutting down and abandoning module SteamVR (125)
[2017.04.20-19.54.19:830][988]LogModuleManager: Shutting down and abandoning module ProceduralMeshComponent (124)
[2017.04.20-19.54.19:830][988]LogModuleManager: Shutting down and abandoning module OculusLibrary (123)
[2017.04.20-19.54.19:830][988]LogModuleManager: Shutting down and abandoning module OculusInput (122)
[2017.04.20-19.54.19:830][988]LogModuleManager: Shutting down and abandoning module CustomMeshComponent (121)
[2017.04.20-19.54.19:830][988]LogModuleManager: Shutting down and abandoning module CableComponent (120)
[2017.04.20-19.54.19:830][988]LogModuleManager: Shutting down and abandoning module ArchVisCharacter (119)
[2017.04.20-19.54.19:830][988]LogModuleManager: Shutting down and abandoning module MediaPlayerEditor (118)
[2017.04.20-19.54.19:830][988]LogModuleManager: Shutting down and abandoning module HTML5Networking (117)
[2017.04.20-19.54.19:830][988]LogModuleManager: Shutting down and abandoning module SuperSearch (116)
[2017.04.20-19.54.19:830][988]LogModuleManager: Shutting down and abandoning module SuperSearchEditor (115)
[2017.04.20-19.54.19:830][988]LogModuleManager: Shutting down and abandoning module SpeedTreeImporter (114)
[2017.04.20-19.54.19:830][988]LogModuleManager: Shutting down and abandoning module PluginBrowser (113)
[2017.04.20-19.54.19:830][988]LogModuleManager: Shutting down and abandoning module EpicSurvey (112)
[2017.04.20-19.54.19:830][988]LogModuleManager: Shutting down and abandoning module DesktopPlatform (111)
[2017.04.20-19.54.19:835][988]LogModuleManager: Shutting down and abandoning module VisualStudioSourceCodeAccess (110)
[2017.04.20-19.54.19:835][988]LogModuleManager: Shutting down and abandoning module UObjectPlugin (109)
[2017.04.20-19.54.19:835][988]LogModuleManager: Shutting down and abandoning module SubversionSourceControl (108)
[2017.04.20-19.54.19:835][988]LogModuleManager: Shutting down and abandoning module PerforceSourceControl (107)
[2017.04.20-19.54.19:835][988]LogModuleManager: Shutting down and abandoning module SourceControl (106)
[2017.04.20-19.54.19:835][988]LogModuleManager: Shutting down and abandoning module GitSourceControl (105)
[2017.04.20-19.54.19:835][988]LogModuleManager: Shutting down and abandoning module LightPropagationVolumeEditor (104)
[2017.04.20-19.54.19:835][988]LogModuleManager: Shutting down and abandoning module PaperTiledImporter (103)
[2017.04.20-19.54.19:835][988]LogModuleManager: Shutting down and abandoning module PaperSpriteSheetImporter (102)
[2017.04.20-19.54.19:835][988]LogModuleManager: Shutting down and abandoning module MeshPaint (101)
[2017.04.20-19.54.19:835][988]LogModuleManager: Shutting down and abandoning module PixelInspectorModule (100)
[2017.04.20-19.54.19:835][988]LogModuleManager: Shutting down and abandoning module HotReload (99)
[2017.04.20-19.54.19:836][988]LogModuleManager: Shutting down and abandoning module MainFrame (98)
[2017.04.20-19.54.19:836][988]LogModuleManager: Shutting down and abandoning module LevelEditor (97)
[2017.04.20-19.54.19:837][988]LogModuleManager: Shutting down and abandoning module ContentBrowser (96)
[2017.04.20-19.54.19:838][988]LogModuleManager: Shutting down and abandoning module Paper2DEditor (95)
[2017.04.20-19.54.19:849][988]LogModuleManager: Shutting down and abandoning module UdpMessaging (94)
[2017.04.20-19.54.19:951][988]LogModuleManager: Shutting down and abandoning module LightPropagationVolumeRuntime (93)
[2017.04.20-19.54.19:951][988]LogModuleManager: Shutting down and abandoning module Paper2D (92)
[2017.04.20-19.54.19:951][988]LogModuleManager: Shutting down and abandoning module WindowsMoviePlayer (91)
[2017.04.20-19.54.19:951][988]LogModuleManager: Shutting down and abandoning module Media (90)
[2017.04.20-19.54.19:951][988]LogModuleManager: Shutting down and abandoning module WmfMedia (89)
[2017.04.20-19.54.19:951][988]LogModuleManager: Shutting down and abandoning module MediaAssets (88)
[2017.04.20-19.54.19:951][988]LogModuleManager: Shutting down and abandoning module GameLiveStreaming (87)
[2017.04.20-19.54.19:951][988]LogModuleManager: Shutting down and abandoning module GameplayTagsEditor (86)
[2017.04.20-19.54.19:951][988]LogModuleManager: Shutting down and abandoning module OnlineBlueprintSupport (85)
[2017.04.20-19.54.19:951][988]LogModuleManager: Shutting down and abandoning module VREditor (84)
[2017.04.20-19.54.19:952][988]LogModuleManager: Shutting down and abandoning module GameplayTasksEditor (83)
[2017.04.20-19.54.19:952][988]LogModuleManager: Shutting down and abandoning module PropertyEditor (82)
[2017.04.20-19.54.19:952][988]LogModuleManager: Shutting down and abandoning module BehaviorTreeEditor (81)
[2017.04.20-19.54.19:966][988]LogModuleManager: Shutting down and abandoning module FunctionalTesting (80)
[2017.04.20-19.54.19:966][988]LogModuleManager: Shutting down and abandoning module CollisionAnalyzer (79)
[2017.04.20-19.54.19:977][988]LogModuleManager: Shutting down and abandoning module Sequencer (78)
[2017.04.20-19.54.20:003][988]LogModuleManager: Shutting down and abandoning module WorkspaceMenuStructure (77)
[2017.04.20-19.54.20:003][988]LogModuleManager: Shutting down and abandoning module MessageLog (76)
[2017.04.20-19.54.20:003][988]LogModuleManager: Shutting down and abandoning module AssetTools (75)
[2017.04.20-19.54.20:032][988]LogModuleManager: Shutting down and abandoning module UMGEditor (74)
[2017.04.20-19.54.20:052][988]LogModuleManager: Shutting down and abandoning module UMG (73)
[2017.04.20-19.54.20:067][988]LogModuleManager: Shutting down and abandoning module SlateReflector (72)
[2017.04.20-19.54.20:078][988]LogModuleManager: Shutting down and abandoning module Slate (71)
[2017.04.20-19.54.20:078][988]LogModuleManager: Shutting down and abandoning module EditorStyle (70)
[2017.04.20-19.54.20:081][988]LogModuleManager: Shutting down and abandoning module SourceCodeAccess (69)
[2017.04.20-19.54.20:081][988]LogModuleManager: Shutting down and abandoning module HeadMountedDisplay (68)
[2017.04.20-19.54.20:081][988]LogModuleManager: Shutting down and abandoning module XAudio2 (67)
[2017.04.20-19.54.20:081][988]LogModuleManager: Shutting down and abandoning module Networking (65)
[2017.04.20-19.54.20:081][988]LogModuleManager: Shutting down and abandoning module Core (64)
[2017.04.20-19.54.20:081][988]LogModuleManager: Shutting down and abandoning module DirectoryWatcher (63)
[2017.04.20-19.54.20:082][988]LogModuleManager: Shutting down and abandoning module AssetRegistry (62)
[2017.04.20-19.54.20:266][988]LogModuleManager: Shutting down and abandoning module KismetCompiler (61)
[2017.04.20-19.54.20:266][988]LogModuleManager: Shutting down and abandoning module PhysXFormats (60)
[2017.04.20-19.54.20:266][988]LogModuleManager: Shutting down and abandoning module MeshUtilities (59)
[2017.04.20-19.54.20:277][988]LogModuleManager: Shutting down and abandoning module DerivedDataCache (58)
[2017.04.20-19.54.20:377][988]LogDerivedDataCache: Shutdown
[2017.04.20-19.54.20:377][988]LogModuleManager: Shutting down and abandoning module VulkanShaderFormat (57)
[2017.04.20-19.54.20:377][988]LogModuleManager: Shutting down and abandoning module ShaderFormatOpenGL (56)
[2017.04.20-19.54.20:405][988]LogModuleManager: Shutting down and abandoning module ShaderFormatD3D (55)
[2017.04.20-19.54.20:405][988]LogModuleManager: Shutting down and abandoning module MetalShaderFormat (54)
[2017.04.20-19.54.20:426][988]LogModuleManager: Shutting down and abandoning module TextureFormatUncompressed (53)
[2017.04.20-19.54.20:426][988]LogModuleManager: Shutting down and abandoning module TextureFormatPVR (52)
[2017.04.20-19.54.20:426][988]LogModuleManager: Shutting down and abandoning module TextureFormatIntelISPCTexComp (51)
[2017.04.20-19.54.20:426][988]LogModuleManager: Shutting down and abandoning module TextureFormatDXT (50)
[2017.04.20-19.54.20:426][988]LogModuleManager: Shutting down and abandoning module ImageWrapper (49)
[2017.04.20-19.54.20:426][988]LogModuleManager: Shutting down and abandoning module TextureFormatASTC (48)
[2017.04.20-19.54.20:426][988]LogModuleManager: Shutting down and abandoning module TextureFormatAndroid (47)
[2017.04.20-19.54.20:426][988]LogModuleManager: Shutting down and abandoning module AudioFormatOpus (46)
[2017.04.20-19.54.20:426][988]LogModuleManager: Shutting down and abandoning module AudioFormatOgg (45)
[2017.04.20-19.54.20:426][988]LogModuleManager: Shutting down and abandoning module AudioFormatADPCM (44)
[2017.04.20-19.54.20:426][988]LogModuleManager: Shutting down and abandoning module LinuxTargetPlatform (43)
[2017.04.20-19.54.20:426][988]LogModuleManager: Shutting down and abandoning module LinuxServerTargetPlatform (42)
[2017.04.20-19.54.20:426][988]LogModuleManager: Shutting down and abandoning module LinuxNoEditorTargetPlatform (41)
[2017.04.20-19.54.20:426][988]LogModuleManager: Shutting down and abandoning module TVOSTargetPlatform (40)
[2017.04.20-19.54.20:426][988]LogModuleManager: Shutting down and abandoning module Messaging (39)
[2017.04.20-19.54.20:426][988]LogModuleManager: Shutting down and abandoning module IOSTargetPlatform (38)
[2017.04.20-19.54.20:426][988]LogModuleManager: Shutting down and abandoning module HTML5TargetPlatform (37)
[2017.04.20-19.54.20:426][988]LogModuleManager: Shutting down and abandoning module Android_PVRTCTargetPlatform (36)
[2017.04.20-19.54.20:426][988]LogModuleManager: Shutting down and abandoning module Android_MultiTargetPlatform (35)
[2017.04.20-19.54.20:426][988]LogModuleManager: Shutting down and abandoning module Android_ETC2TargetPlatform (34)
[2017.04.20-19.54.20:426][988]LogModuleManager: Shutting down and abandoning module Android_ETC1TargetPlatform (33)
[2017.04.20-19.54.20:426][988]LogModuleManager: Shutting down and abandoning module Android_DXTTargetPlatform (32)
[2017.04.20-19.54.20:426][988]LogModuleManager: Shutting down and abandoning module Android_ATCTargetPlatform (31)
[2017.04.20-19.54.20:426][988]LogModuleManager: Shutting down and abandoning module Android_ASTCTargetPlatform (30)
[2017.04.20-19.54.20:426][988]LogModuleManager: Shutting down and abandoning module AndroidTargetPlatform (29)
[2017.04.20-19.54.20:426][988]LogModuleManager: Shutting down and abandoning module WindowsTargetPlatform (28)
[2017.04.20-19.54.20:426][988]LogModuleManager: Shutting down and abandoning module WindowsServerTargetPlatform (27)
[2017.04.20-19.54.20:426][988]LogModuleManager: Shutting down and abandoning module WindowsNoEditorTargetPlatform (26)
[2017.04.20-19.54.20:426][988]LogModuleManager: Shutting down and abandoning module WindowsClientTargetPlatform (25)
[2017.04.20-19.54.20:426][988]LogModuleManager: Shutting down and abandoning module AllDesktopTargetPlatform (24)
[2017.04.20-19.54.20:426][988]LogModuleManager: Shutting down and abandoning module TargetPlatform (23)
[2017.04.20-19.54.20:426][988]LogModuleManager: Shutting down and abandoning module InputCore (22)
[2017.04.20-19.54.20:426][988]LogModuleManager: Shutting down and abandoning module Settings (21)
[2017.04.20-19.54.20:426][988]LogModuleManager: Shutting down and abandoning module OnlineSubsystem (19)
[2017.04.20-19.54.20:426][988]LogModuleManager: Shutting down and abandoning module HTTP (18)
[2017.04.20-19.54.24:436][988]LogModuleManager: Shutting down and abandoning module XMPP (17)
[2017.04.20-19.54.24:467][988]LogModuleManager: Shutting down and abandoning module OculusRift (16)
[2017.04.20-19.54.24:486][988]LogModuleManager: Shutting down and abandoning module ExampleDeviceProfileSelector (15)
[2017.04.20-19.54.24:486][988]LogModuleManager: Shutting down and abandoning module TextureCompressor (14)
[2017.04.20-19.54.24:487][988]LogModuleManager: Shutting down and abandoning module ShaderCore (13)
[2017.04.20-19.54.24:487][988]LogModuleManager: Shutting down and abandoning module Landscape (12)
[2017.04.20-19.54.24:487][988]LogModuleManager: Shutting down and abandoning module SlateRHIRenderer (11)
[2017.04.20-19.54.24:502][988]LogModuleManager: Shutting down and abandoning module OpenGLDrv (10)
[2017.04.20-19.54.24:503][988]LogModuleManager: Shutting down and abandoning module D3D11RHI (9)
[2017.04.20-19.54.24:503][988]LogModuleManager: Shutting down and abandoning module AnimGraphRuntime (8)
[2017.04.20-19.54.24:503][988]LogModuleManager: Shutting down and abandoning module Renderer (7)
[2017.04.20-19.54.24:503][988]LogModuleManager: Shutting down and abandoning module Engine (6)
[2017.04.20-19.54.24:503][988]LogModuleManager: Shutting down and abandoning module CoreUObject (5)
[2017.04.20-19.54.24:503][988]LogModuleManager: Shutting down and abandoning module NetworkFile (4)
[2017.04.20-19.54.24:503][988]LogModuleManager: Shutting down and abandoning module StreamingFile (3)
[2017.04.20-19.54.24:503][988]LogModuleManager: Shutting down and abandoning module SandboxFile (2)
[2017.04.20-19.54.24:503][988]LogModuleManager: Shutting down and abandoning module PakFile (1)
[2017.04.20-19.54.24:507][988]LogExit: Exiting.
[2017.04.20-19.54.24:511][988]Log file closed, 04/20/17 15:54:24
