Log file open, 04/30/17 04:04:07
LogInit:Display: Running engine for game: Game
LogPlatformFile: Not using cached read wrapper
LogInit:Display: RandInit(850592613) SRandInit(850592634).
LogTaskGraph: Started task graph with 4 named threads and 7 total threads with 1 sets of task threads.
LogStats: Stats thread started at 0.091015
LogInit: Version: 4.12.5-3039270+++UE4+Release-4.12
LogInit: API Version: 2992821
LogInit: Net Version: 3039270
LogDevObjectVersion: Number of dev versions registered: 13
LogDevObjectVersion:   Dev-Blueprints (B0D832E4-1F89-4F0D-ACCF-7EB736FD4AA2): 3
LogDevObjectVersion:   Dev-Build (E1C64328-A22C-4D53-A36C-8E866417BD8C): 0
LogDevObjectVersion:   Dev-Core (375EC13C-06E4-48FB-B500-84F0262A717E): 1
LogDevObjectVersion:   Dev-Editor (E4B068ED-F494-42E9-A231-DA0B2E46BB41): 2
LogDevObjectVersion:   Dev-Framework (CFFC743F-43B0-4480-9391-14DF171D2073): 6
LogDevObjectVersion:   Dev-Mobile (B02B49B5-BB20-44E9-A304-32B752E40360): 0
LogDevObjectVersion:   Dev-Networking (A4E4105C-59A1-49B5-A7C5-40C4547EDFEE): 0
LogDevObjectVersion:   Dev-Online (39C831C9-5AE6-47DC-9A44-9C173E1C8E7C): 0
LogDevObjectVersion:   Dev-Physics (78F01B33-EBEA-4F98-B9B4-84EACCB95AA2): 0
LogDevObjectVersion:   Dev-Platform (6631380F-2D4D-43E0-8009-CF276956A95A): 0
LogDevObjectVersion:   Dev-Rendering (12F88B9F-8875-4AFC-A67C-D90C383ABD29): 2
LogDevObjectVersion:   Dev-Sequencer (7B5AE74C-D270-4C10-A958-57980B212A5A): 0
LogDevObjectVersion:   Dev-VR (D7296918-1DD6-4BDD-9DE2-64A83CC13884): 0
LogInit: Compiled (64-bit): Jul  6 2016 09:09:46
LogInit: Compiled with Visual C++: 19.00.23026.00
LogInit: Build Configuration: Development
LogInit: Branch Name: ++UE4+Release-4.12
LogInit: Command line:  /Temp/Autosaves/Game/Maps/UEDPCMain -game -PIEVIACONSOLE -ResX=1280 -ResY=720  -Multiprocess -windowed -messaging -SessionName="Play in Standalone Game" 
LogInit: Base directory: C:/Program Files (x86)/Epic Games/4.12/Engine/Binaries/Win64/
LogInit: Installed Engine Build: 1
LogInit: Using libcurl 7.41.0
LogInit:  - built for x86_64-pc-win32
LogInit:  - supports SSL with WinSSL
LogInit:  - other features:
LogInit:      CURL_VERSION_SSL
LogInit:      CURL_VERSION_IPV6
LogInit:      CURL_VERSION_ASYNCHDNS
LogInit:      CURL_VERSION_LARGEFILE
LogInit:      CURL_VERSION_IDN
LogInit:  CurlRequestOptions (configurable via config and command line):
LogInit:  - bVerifyPeer = true  - Libcurl will verify peer certificate
LogInit:  - bUseHttpProxy = false  - Libcurl will NOT use HTTP proxy
LogInit:  - bDontReuseConnections = false  - Libcurl will reuse connections
LogInit:  - CertBundlePath = nullptr  - Libcurl will use whatever was configured at build time.
LogInit: Presizing for max 8388607 objects, including 0 objects not considered by GC, pre-allocating 0 bytes for permanent pool.
LogInit: Object subsystem initialized
[2017.04.30-08.04.07:438][  0]LogInit: Selected Device Profile: [Windows]
[2017.04.30-08.04.07:438][  0]LogInit: Applying CVar settings loaded from the selected device profile: [Windows]
[2017.04.30-08.04.07:443][  0]LogInit: Computer: SCOTT-PC
[2017.04.30-08.04.07:443][  0]LogInit: User: Scott
[2017.04.30-08.04.07:443][  0]LogInit: CPU Page size=65536, Cores=4
[2017.04.30-08.04.07:443][  0]LogInit: High frequency timer resolution =14.318180 MHz
[2017.04.30-08.04.07:443][  0]LogMemory: Memory total: Physical=11.9GB (12GB approx)
[2017.04.30-08.04.07:443][  0]LogMemory: Platform Memory Stats for Windows
[2017.04.30-08.04.07:443][  0]LogMemory: Process Physical Memory: 190.13 MB used, 190.13 MB peak
[2017.04.30-08.04.07:443][  0]LogMemory: Process Virtual Memory: 195.32 MB used, 195.32 MB peak
[2017.04.30-08.04.07:443][  0]LogMemory: Physical Memory: 6921.23 MB used, 12202.02 MB total
[2017.04.30-08.04.07:443][  0]LogMemory: Virtual Memory: 553.80 MB used, 134217728.00 MB total
[2017.04.30-08.04.07:479][  0]LogTextLocalizationManager: No specific translations for ('en-US') exist, so ('en') translations will be used.
[2017.04.30-08.04.07:941][  0]LogD3D11RHI: D3D11 adapters:
[2017.04.30-08.04.08:016][  0]LogD3D11RHI:    0. 'NVIDIA GeForce GTX 1080' (Feature Level 11_0)
[2017.04.30-08.04.08:016][  0]LogD3D11RHI:       8110/0/6101 MB DedicatedVideo/DedicatedSystem/SharedSystem, Outputs:2, VendorId:0x10de
[2017.04.30-08.04.08:017][  0]LogD3D11RHI:    1. 'Microsoft Basic Render Driver' (Feature Level 11_0)
[2017.04.30-08.04.08:017][  0]LogD3D11RHI:       0/0/6101 MB DedicatedVideo/DedicatedSystem/SharedSystem, Outputs:0, VendorId:0x1414
[2017.04.30-08.04.08:017][  0]LogD3D11RHI: Chosen D3D11 Adapter: 0
[2017.04.30-08.04.08:024][  0]LogD3D11RHI: Creating new Direct3DDevice
[2017.04.30-08.04.08:024][  0]LogD3D11RHI:     GPU DeviceId: 0x1b80 (for the marketing name, search the web for "GPU Device Id")
[2017.04.30-08.04.08:024][  0]LogWindows: EnumDisplayDevices:
[2017.04.30-08.04.08:024][  0]LogWindows:    0. 'NVIDIA GeForce GTX 1080' (P:1 D:1)
[2017.04.30-08.04.08:025][  0]LogWindows:    1. 'NVIDIA GeForce GTX 1080' (P:0 D:1)
[2017.04.30-08.04.08:025][  0]LogWindows:    2. 'NVIDIA GeForce GTX 1080' (P:0 D:0)
[2017.04.30-08.04.08:025][  0]LogWindows:    3. 'NVIDIA GeForce GTX 1080' (P:0 D:0)
[2017.04.30-08.04.08:026][  0]LogWindows: DebugString: FoundDriverCount:4 
[2017.04.30-08.04.08:026][  0]LogD3D11RHI:     Adapter Name: NVIDIA GeForce GTX 1080
[2017.04.30-08.04.08:026][  0]LogD3D11RHI:   Driver Version: 378.92 (internal:21.21.13.7892, unified:378.92)
[2017.04.30-08.04.08:026][  0]LogD3D11RHI:      Driver Date: 3-16-2017
[2017.04.30-08.04.08:026][  0]LogRHI: Texture pool is 1361 MB (70% of 1945 MB)
[2017.04.30-08.04.08:045][  0]LogD3D11RHI: Async texture creation enabled
[2017.04.30-08.04.08:060][  0]LogD3D11RHI: GPU Timing Frequency: 1000.000000 (Debug: 2 1)
[2017.04.30-08.04.08:060][  0]LogShaderCompilers: Guid format shader working directory is -13 characters bigger than the processId version (../../../../../../Users/Scott/Documents/GitHub/CGT445/Game/Intermediate/Shaders/WorkingDirectory/10908/).
[2017.04.30-08.04.08:061][  0]LogShaderCompilers: Cleaned the shader compiler working directory 'C:/Users/Scott/AppData/Local/Temp/UnrealShaderWorkingDir/69D0E1A94D3B89534F24EA9D74279352/'.
[2017.04.30-08.04.08:061][  0]LogShaderCompilers:Display: Using Local Shader Compiler.
[2017.04.30-08.04.09:248][  0]LogTemp:Display: Loaded TP WindowsClientTargetPlatform
[2017.04.30-08.04.09:259][  0]LogTemp:Display: Loaded TP WindowsNoEditorTargetPlatform
[2017.04.30-08.04.09:272][  0]LogTemp:Display: Loaded TP WindowsServerTargetPlatform
[2017.04.30-08.04.09:284][  0]LogTemp:Display: Loaded TP WindowsTargetPlatform
[2017.04.30-08.04.09:284][  0]LogTargetPlatformManager:Display: Building Assets For Windows
[2017.04.30-08.04.09:389][  0]LogDerivedDataCache:Display: Max Cache Size: 512 MB
[2017.04.30-08.04.09:467][  0]LogDerivedDataCache: Loaded boot cache 0.08s 48MB C:/Users/Scott/AppData/Local/UnrealEngine/4.12/DerivedDataCache/Boot.ddc.
[2017.04.30-08.04.09:468][  0]LogDerivedDataCache:Display: Loaded Boot cache: C:/Users/Scott/AppData/Local/UnrealEngine/4.12/DerivedDataCache/Boot.ddc
[2017.04.30-08.04.09:468][  0]LogDerivedDataCache: FDerivedDataBackendGraph:  Pak pak cache file ../../../../../../Users/Scott/Documents/GitHub/CGT445/Game/DerivedDataCache/DDC.ddp not found, will not use a pak cache.
[2017.04.30-08.04.09:468][  0]LogDerivedDataCache: Unable to find inner node Pak for hierarchical cache Hierarchy.
[2017.04.30-08.04.09:468][  0]LogDerivedDataCache: FDerivedDataBackendGraph:  CompressedPak pak cache file ../../../../../../Users/Scott/Documents/GitHub/CGT445/Game/DerivedDataCache/Compressed.ddp not found, will not use a pak cache.
[2017.04.30-08.04.09:468][  0]LogDerivedDataCache: Unable to find inner node CompressedPak for hierarchical cache Hierarchy.
[2017.04.30-08.04.09:487][  0]LogDerivedDataCache:Display: Pak cache opened for reading ../../../Engine/DerivedDataCache/Compressed.ddp.
[2017.04.30-08.04.09:520][  0]LogDerivedDataCache: Using Local data cache path C:/Users/Scott/AppData/Local/UnrealEngine/Common/DerivedDataCache: Writable
[2017.04.30-08.04.09:750][  0]LogAssetRegistry: FAssetRegistry took 0.0001 seconds to start up
[2017.04.30-08.04.09:754][  0]LogPackageLocalizationCache: Processed 3 localized package path(s) for 2 prioritized culture(s) in 0.004412 seconds
[2017.04.30-08.04.09:759][  0]LogInit: Selected Device Profile: [Windows]
[2017.04.30-08.04.09:760][  0]LogContentStreaming: Texture pool size is 1000.00 MB
[2017.04.30-08.04.09:927][  0]LogMeshUtilities: No automatic mesh reduction module available
[2017.04.30-08.04.09:927][  0]LogMeshUtilities: No automatic mesh merging module available
[2017.04.30-08.04.09:927][  0]LogMeshUtilities: No distributed automatic mesh merging module available
[2017.04.30-08.04.10:202][  0]LogInit: WinSock: version 1.1 (2.2), MaxSocks=32767, MaxUdp=65467
[2017.04.30-08.04.10:390][  0]LogSlate: SlateFontCache - WITH_FREETYPE: 1, WITH_HARFBUZZ: 1
[2017.04.30-08.04.10:390][  0]LogSlate: SlateFontCache - WITH_FREETYPE: 1, WITH_HARFBUZZ: 1
[2017.04.30-08.04.10:475][  0]LogMoviePlayer: Initializing movie player
[2017.04.30-08.04.10:596][  0]LogWindowsMoviePlayer: Unable to load movie: ../../../../../../Users/Scott/Documents/GitHub/CGT445/Game/Content/Movies/Default_Startup.mp4
[2017.04.30-08.04.10:682][  0]LogSubstanceCoreModule: Substance CPU Engine Loaded, Max Texture Size 2048
[2017.04.30-08.04.10:696][  0]LogUdpMessaging: Initializing bridge on interface 0.0.0.0:0 to multicast group 230.0.0.1:6666.
[2017.04.30-08.04.10:770][  0]SourceControl: Info Source control is disabled
[2017.04.30-08.04.10:770][  0]SourceControl: Info Source control is disabled
[2017.04.30-08.04.10:783][  0]SourceControl: Info Source control is disabled
[2017.04.30-08.04.10:951][  0]LogUObjectArray: 31128 objects as part of root set at end of initial load.
[2017.04.30-08.04.10:951][  0]LogUObjectAllocator: 6742600 out of 0 bytes used by permanent object pool.
[2017.04.30-08.04.10:951][  0]LogUObjectArray: CloseDisregardForGC: 0/0 objects in disregard for GC pool
[2017.04.30-08.04.11:011][  0]LogEngine: Initializing Engine...
[2017.04.30-08.04.11:012][  0]LogHMD: SteamVR failed to initialize.  Err: 110
[2017.04.30-08.04.11:013][  0]LogHMD: SteamVR failed to initialize.  Err: 110
[2017.04.30-08.04.11:200][  0]LogInit: XAudio2 using 'Back (5- C-Media USB Headphone Set  )' : 2 channels at 44.1 kHz using 16 bits per sample (channel mask 0x3)
[2017.04.30-08.04.11:221][  0]LogInit: FAudioDevice initialized.
[2017.04.30-08.04.11:233][  0]LogInit: Texture streaming: Enabled
[2017.04.30-08.04.11:313][  0]LogNet: Browse: /Temp/Autosaves/Game/Maps/UEDPCMain?Name=Player
[2017.04.30-08.04.11:313][  0]LogLoad: LoadMap: /Temp/Autosaves/Game/Maps/UEDPCMain?Name=Player
[2017.04.30-08.04.11:338][  0]LogMemory: Platform Memory Stats for Windows
[2017.04.30-08.04.11:338][  0]LogMemory: Process Physical Memory: 553.62 MB used, 571.50 MB peak
[2017.04.30-08.04.11:338][  0]LogMemory: Process Virtual Memory: 617.51 MB used, 624.91 MB peak
[2017.04.30-08.04.11:338][  0]LogMemory: Physical Memory: 7236.66 MB used, 12202.02 MB total
[2017.04.30-08.04.11:339][  0]LogMemory: Virtual Memory: 1222.10 MB used, 134217728.00 MB total
[2017.04.30-08.04.11:339][  0]LogMemory: 
[2017.04.30-08.04.11:339][  0]Allocator Stats for TBB: (not implemented)
[2017.04.30-08.04.11:567][  0]LogAIModule: Creating AISystem for world Main
[2017.04.30-08.04.11:568][  0]LogWorld: Game class is 'GameMode'
[2017.04.30-08.04.11:570][  0]LogWorld: Bringing World /Temp/Autosaves/Game/Maps/UEDPCMain.Main up for play (max tick rate 0) at 2017.04.30-04.04.11
[2017.04.30-08.04.11:570][  0]LogWorld: Bringing up level for play took: 0.000955
[2017.04.30-08.04.11:575][  0]LogLoad: Took 0.261985 seconds to LoadMap(/Temp/Autosaves/Game/Maps/UEDPCMain)
[2017.04.30-08.04.11:575][  0]LogInit:Display: Game Engine Initialized.
[2017.04.30-08.04.11:813][  0]LogLoad: Full Startup: 5.31 seconds (BP compile: 0.05 seconds)
[2017.04.30-08.04.11:813][  0]LogExternalProfiler: Found external profiler: VSPerf
[2017.04.30-08.04.11:813][  0]LogExternalProfiler: Using external profiler: VSPerf
[2017.04.30-08.04.11:830][  0]LogWindowsTextInputMethodSystem:Display: IME system now deactivated.
[2017.04.30-08.04.11:831][  0]LogOcInput: OculusInput pre-init called
[2017.04.30-08.04.11:971][  2]LogRenderer: Reallocating scene render targets to support 1280x720 (Frame:2).
[2017.04.30-08.04.13:927][110]LogPackageName: SearchForPackageOnDisk took   0.114s to resolve Grand_Cafeteria.umap.
[2017.04.30-08.04.14:038][110]LogPackageName: SearchForPackageOnDisk took   0.110s to resolve Grand_Cafeteria.umap.
[2017.04.30-08.04.14:038][110]LogNet: Browse: /Game/Maps/Grand_Cafeteria
[2017.04.30-08.04.14:039][110]LogLoad: LoadMap: /Game/Maps/Grand_Cafeteria
[2017.04.30-08.04.14:078][110]LogMemory: Platform Memory Stats for Windows
[2017.04.30-08.04.14:078][110]LogMemory: Process Physical Memory: 621.73 MB used, 628.91 MB peak
[2017.04.30-08.04.14:078][110]LogMemory: Process Virtual Memory: 835.27 MB used, 840.02 MB peak
[2017.04.30-08.04.14:078][110]LogMemory: Physical Memory: 7293.05 MB used, 12202.02 MB total
[2017.04.30-08.04.14:078][110]LogMemory: Virtual Memory: 1454.98 MB used, 134217728.00 MB total
[2017.04.30-08.04.14:078][110]LogMemory: 
[2017.04.30-08.04.14:078][110]Allocator Stats for TBB: (not implemented)
[2017.04.30-08.04.15:670][110]LogAIModule: Creating AISystem for world Grand_Cafeteria
[2017.04.30-08.04.15:670][110]LogWorld: Game class is 'FoodFightersGM_C'
[2017.04.30-08.04.15:690][110]LogWorld: Bringing World /Game/Maps/Grand_Cafeteria.Grand_Cafeteria up for play (max tick rate 0) at 2017.04.30-04.04.15
[2017.04.30-08.04.15:691][110]LogWorld: Bringing up level for play took: 0.018810
[2017.04.30-08.04.15:695][110]LogPlayerManagement:Error: Failed to Create Player: A local player already exists for controller ID 0,
[2017.04.30-08.04.15:705][110]LogLoad: Took 1.666394 seconds to LoadMap(/Game/Maps/Grand_Cafeteria)
[2017.04.30-08.04.23:616][595]LogScriptCore:Warning: Attempted to get an item from array ammoPickupTypes out of bounds [3/2]!

[2017.04.30-08.04.23:616][595]LogScript:Warning: Accessed None trying to read property SpriteComponent
	FoodFightersGM_C /Game/Maps/Grand_Cafeteria.Grand_Cafeteria:PersistentLevel.FoodFightersGM_C_0
	Function /Game/Blueprints/FoodFightersGM.FoodFightersGM_C:ammoSpawner:0929
[2017.04.30-08.04.23:616][595]LogScript:Warning: Script call stack:
	Function /Game/Blueprints/FoodFightersGM.FoodFightersGM_C:ammoSpawner

[2017.04.30-08.04.23:616][595]LogScript:Warning: UGameplayStatics::BeginSpawningActorFromClass: can not spawn an actor from a NULL class
[2017.04.30-08.04.23:616][595]LogScript:Warning: Accessed None trying to read property SpriteComponent
	FoodFightersGM_C /Game/Maps/Grand_Cafeteria.Grand_Cafeteria:PersistentLevel.FoodFightersGM_C_0
	Function /Game/Blueprints/FoodFightersGM.FoodFightersGM_C:ammoSpawner:0A11
[2017.04.30-08.04.23:616][595]LogScript:Warning: Script call stack:
	Function /Game/Blueprints/FoodFightersGM.FoodFightersGM_C:ammoSpawner

[2017.04.30-08.04.25:259][697]LogScriptCore:Warning: Attempted to get an item from array ScreamsArray out of bounds [3/2]!

[2017.04.30-08.04.26:614][781]LogScriptCore:Warning: Attempted to get an item from array ammoPickupTypes out of bounds [3/2]!

[2017.04.30-08.04.26:614][781]LogScript:Warning: Accessed None trying to read property SpriteComponent
	FoodFightersGM_C /Game/Maps/Grand_Cafeteria.Grand_Cafeteria:PersistentLevel.FoodFightersGM_C_0
	Function /Game/Blueprints/FoodFightersGM.FoodFightersGM_C:ammoSpawner:0929
[2017.04.30-08.04.26:614][781]LogScript:Warning: Script call stack:
	Function /Game/Blueprints/FoodFightersGM.FoodFightersGM_C:ammoSpawner

[2017.04.30-08.04.26:614][781]LogScript:Warning: UGameplayStatics::BeginSpawningActorFromClass: can not spawn an actor from a NULL class
[2017.04.30-08.04.26:614][781]LogScript:Warning: Accessed None trying to read property SpriteComponent
	FoodFightersGM_C /Game/Maps/Grand_Cafeteria.Grand_Cafeteria:PersistentLevel.FoodFightersGM_C_0
	Function /Game/Blueprints/FoodFightersGM.FoodFightersGM_C:ammoSpawner:0A11
[2017.04.30-08.04.26:614][781]LogScript:Warning: Script call stack:
	Function /Game/Blueprints/FoodFightersGM.FoodFightersGM_C:ammoSpawner

[2017.04.30-08.04.29:614][967]LogScript:Warning: Accessed None trying to read property SpriteComponent
	FoodFightersGM_C /Game/Maps/Grand_Cafeteria.Grand_Cafeteria:PersistentLevel.FoodFightersGM_C_0
	Function /Game/Blueprints/FoodFightersGM.FoodFightersGM_C:ammoSpawner:0929
[2017.04.30-08.04.29:614][967]LogScript:Warning: Script call stack:
	Function /Game/Blueprints/FoodFightersGM.FoodFightersGM_C:ammoSpawner

[2017.04.30-08.04.29:614][967]LogScript:Warning: Accessed None trying to read property SpriteComponent
	FoodFightersGM_C /Game/Maps/Grand_Cafeteria.Grand_Cafeteria:PersistentLevel.FoodFightersGM_C_0
	Function /Game/Blueprints/FoodFightersGM.FoodFightersGM_C:ammoSpawner:0A11
[2017.04.30-08.04.29:614][967]LogScript:Warning: Script call stack:
	Function /Game/Blueprints/FoodFightersGM.FoodFightersGM_C:ammoSpawner

[2017.04.30-08.04.32:615][153]LogScript:Warning: Accessed None trying to read property SpriteComponent
	FoodFightersGM_C /Game/Maps/Grand_Cafeteria.Grand_Cafeteria:PersistentLevel.FoodFightersGM_C_0
	Function /Game/Blueprints/FoodFightersGM.FoodFightersGM_C:ammoSpawner:0929
[2017.04.30-08.04.32:615][153]LogScript:Warning: Script call stack:
	Function /Game/Blueprints/FoodFightersGM.FoodFightersGM_C:ammoSpawner

[2017.04.30-08.04.32:615][153]LogScript:Warning: Accessed None trying to read property SpriteComponent
	FoodFightersGM_C /Game/Maps/Grand_Cafeteria.Grand_Cafeteria:PersistentLevel.FoodFightersGM_C_0
	Function /Game/Blueprints/FoodFightersGM.FoodFightersGM_C:ammoSpawner:0A11
[2017.04.30-08.04.32:615][153]LogScript:Warning: Script call stack:
	Function /Game/Blueprints/FoodFightersGM.FoodFightersGM_C:ammoSpawner

[2017.04.30-08.04.35:615][339]LogScriptCore:Warning: Attempted to get an item from array ammoPickupTypes out of bounds [3/2]!

[2017.04.30-08.04.35:615][339]LogScript:Warning: Accessed None trying to read property SpriteComponent
	FoodFightersGM_C /Game/Maps/Grand_Cafeteria.Grand_Cafeteria:PersistentLevel.FoodFightersGM_C_0
	Function /Game/Blueprints/FoodFightersGM.FoodFightersGM_C:ammoSpawner:0929
[2017.04.30-08.04.35:615][339]LogScript:Warning: Script call stack:
	Function /Game/Blueprints/FoodFightersGM.FoodFightersGM_C:ammoSpawner

[2017.04.30-08.04.35:615][339]LogScript:Warning: UGameplayStatics::BeginSpawningActorFromClass: can not spawn an actor from a NULL class
[2017.04.30-08.04.35:615][339]LogScript:Warning: Accessed None trying to read property SpriteComponent
	FoodFightersGM_C /Game/Maps/Grand_Cafeteria.Grand_Cafeteria:PersistentLevel.FoodFightersGM_C_0
	Function /Game/Blueprints/FoodFightersGM.FoodFightersGM_C:ammoSpawner:0A11
[2017.04.30-08.04.35:615][339]LogScript:Warning: Script call stack:
	Function /Game/Blueprints/FoodFightersGM.FoodFightersGM_C:ammoSpawner

[2017.04.30-08.04.38:615][525]LogScript:Warning: Accessed None trying to read property SpriteComponent
	FoodFightersGM_C /Game/Maps/Grand_Cafeteria.Grand_Cafeteria:PersistentLevel.FoodFightersGM_C_0
	Function /Game/Blueprints/FoodFightersGM.FoodFightersGM_C:ammoSpawner:0929
[2017.04.30-08.04.38:616][525]LogScript:Warning: Script call stack:
	Function /Game/Blueprints/FoodFightersGM.FoodFightersGM_C:ammoSpawner

[2017.04.30-08.04.38:616][525]LogScript:Warning: Accessed None trying to read property SpriteComponent
	FoodFightersGM_C /Game/Maps/Grand_Cafeteria.Grand_Cafeteria:PersistentLevel.FoodFightersGM_C_0
	Function /Game/Blueprints/FoodFightersGM.FoodFightersGM_C:ammoSpawner:0A11
[2017.04.30-08.04.38:616][525]LogScript:Warning: Script call stack:
	Function /Game/Blueprints/FoodFightersGM.FoodFightersGM_C:ammoSpawner

[2017.04.30-08.04.41:616][711]LogScriptCore:Warning: Attempted to get an item from array ammoPickupTypes out of bounds [3/2]!

[2017.04.30-08.04.41:616][711]LogScript:Warning: Accessed None trying to read property SpriteComponent
	FoodFightersGM_C /Game/Maps/Grand_Cafeteria.Grand_Cafeteria:PersistentLevel.FoodFightersGM_C_0
	Function /Game/Blueprints/FoodFightersGM.FoodFightersGM_C:ammoSpawner:0929
[2017.04.30-08.04.41:616][711]LogScript:Warning: Script call stack:
	Function /Game/Blueprints/FoodFightersGM.FoodFightersGM_C:ammoSpawner

[2017.04.30-08.04.41:616][711]LogScript:Warning: UGameplayStatics::BeginSpawningActorFromClass: can not spawn an actor from a NULL class
[2017.04.30-08.04.41:616][711]LogScript:Warning: Accessed None trying to read property SpriteComponent
	FoodFightersGM_C /Game/Maps/Grand_Cafeteria.Grand_Cafeteria:PersistentLevel.FoodFightersGM_C_0
	Function /Game/Blueprints/FoodFightersGM.FoodFightersGM_C:ammoSpawner:0A11
[2017.04.30-08.04.41:616][711]LogScript:Warning: Script call stack:
	Function /Game/Blueprints/FoodFightersGM.FoodFightersGM_C:ammoSpawner

[2017.04.30-08.04.42:677][770]LogPackageName: SearchForPackageOnDisk took   0.111s to resolve Main.umap.
[2017.04.30-08.04.42:786][770]LogPackageName: SearchForPackageOnDisk took   0.107s to resolve Main.umap.
[2017.04.30-08.04.42:786][770]LogNet: Browse: /Game/Maps/Main
[2017.04.30-08.04.42:786][770]LogLoad: LoadMap: /Game/Maps/Main
[2017.04.30-08.04.42:901][770]LogMemory: Platform Memory Stats for Windows
[2017.04.30-08.04.42:901][770]LogMemory: Process Physical Memory: 764.19 MB used, 820.15 MB peak
[2017.04.30-08.04.42:901][770]LogMemory: Process Virtual Memory: 1107.63 MB used, 1181.14 MB peak
[2017.04.30-08.04.42:901][770]LogMemory: Physical Memory: 7451.68 MB used, 12202.02 MB total
[2017.04.30-08.04.42:901][770]LogMemory: Virtual Memory: 1745.42 MB used, 134217728.00 MB total
[2017.04.30-08.04.42:901][770]LogMemory: 
[2017.04.30-08.04.42:901][770]Allocator Stats for TBB: (not implemented)
[2017.04.30-08.04.43:105][770]LogAIModule: Creating AISystem for world Main
[2017.04.30-08.04.43:105][770]LogWorld: Game class is 'GameMode'
[2017.04.30-08.04.43:108][770]LogWorld: Bringing World /Game/Maps/Main.Main up for play (max tick rate 0) at 2017.04.30-04.04.43
[2017.04.30-08.04.43:109][770]LogWorld: Bringing up level for play took: 0.000756
[2017.04.30-08.04.43:109][770]LogGameMode: Warning - PATHS NOT DEFINED or NO PLAYERSTART with positive rating
[2017.04.30-08.04.43:109][770]LogGameMode: Warning - PATHS NOT DEFINED or NO PLAYERSTART with positive rating
[2017.04.30-08.04.43:112][770]LogLoad: Took 0.326662 seconds to LoadMap(/Game/Maps/Main)
[2017.04.30-08.04.44:780][867]LogPackageName: SearchForPackageOnDisk took   0.111s to resolve Grand_Cafeteria.umap.
[2017.04.30-08.04.44:892][867]LogPackageName: SearchForPackageOnDisk took   0.111s to resolve Grand_Cafeteria.umap.
[2017.04.30-08.04.44:892][867]LogNet: Browse: /Game/Maps/Grand_Cafeteria
[2017.04.30-08.04.44:892][867]LogLoad: LoadMap: /Game/Maps/Grand_Cafeteria
[2017.04.30-08.04.44:927][867]LogMemory: Platform Memory Stats for Windows
[2017.04.30-08.04.44:927][867]LogMemory: Process Physical Memory: 775.17 MB used, 820.15 MB peak
[2017.04.30-08.04.44:927][867]LogMemory: Process Virtual Memory: 1165.77 MB used, 1181.14 MB peak
[2017.04.30-08.04.44:927][867]LogMemory: Physical Memory: 7436.26 MB used, 12202.02 MB total
[2017.04.30-08.04.44:927][867]LogMemory: Virtual Memory: 1805.42 MB used, 134217728.00 MB total
[2017.04.30-08.04.44:927][867]LogMemory: 
[2017.04.30-08.04.44:927][867]Allocator Stats for TBB: (not implemented)
[2017.04.30-08.04.46:480][867]LogAIModule: Creating AISystem for world Grand_Cafeteria
[2017.04.30-08.04.46:480][867]LogWorld: Game class is 'FoodFightersGM_C'
[2017.04.30-08.04.46:498][867]LogWorld: Bringing World /Game/Maps/Grand_Cafeteria.Grand_Cafeteria up for play (max tick rate 0) at 2017.04.30-04.04.46
[2017.04.30-08.04.46:499][867]LogWorld: Bringing up level for play took: 0.016742
[2017.04.30-08.04.46:502][867]LogPlayerManagement:Error: Failed to Create Player: A local player already exists for controller ID 0,
[2017.04.30-08.04.46:505][867]LogPlayerManagement:Error: Failed to Create Player: A local player already exists for controller ID 1,
[2017.04.30-08.04.46:514][867]LogLoad: Took 1.622429 seconds to LoadMap(/Game/Maps/Grand_Cafeteria)
[2017.04.30-08.04.54:323][342]LogScriptCore:Warning: Attempted to get an item from array ScreamsArray out of bounds [3/2]!

[2017.04.30-08.04.54:420][348]LogScript:Warning: Accessed None trying to read property SpriteComponent
	FoodFightersGM_C /Game/Maps/Grand_Cafeteria.Grand_Cafeteria:PersistentLevel.FoodFightersGM_C_0
	Function /Game/Blueprints/FoodFightersGM.FoodFightersGM_C:ammoSpawner:0929
[2017.04.30-08.04.54:420][348]LogScript:Warning: Script call stack:
	Function /Game/Blueprints/FoodFightersGM.FoodFightersGM_C:ammoSpawner

[2017.04.30-08.04.54:420][348]LogScript:Warning: Accessed None trying to read property SpriteComponent
	FoodFightersGM_C /Game/Maps/Grand_Cafeteria.Grand_Cafeteria:PersistentLevel.FoodFightersGM_C_0
	Function /Game/Blueprints/FoodFightersGM.FoodFightersGM_C:ammoSpawner:0A11
[2017.04.30-08.04.54:420][348]LogScript:Warning: Script call stack:
	Function /Game/Blueprints/FoodFightersGM.FoodFightersGM_C:ammoSpawner

[2017.04.30-08.04.57:420][534]LogScript:Warning: Accessed None trying to read property SpriteComponent
	FoodFightersGM_C /Game/Maps/Grand_Cafeteria.Grand_Cafeteria:PersistentLevel.FoodFightersGM_C_0
	Function /Game/Blueprints/FoodFightersGM.FoodFightersGM_C:ammoSpawner:0929
[2017.04.30-08.04.57:420][534]LogScript:Warning: Script call stack:
	Function /Game/Blueprints/FoodFightersGM.FoodFightersGM_C:ammoSpawner

[2017.04.30-08.04.57:420][534]LogScript:Warning: Script call stack:
	Function /Game/Blueprints/FoodFightersGM.FoodFightersGM_C:ammoSpawner

[2017.04.30-08.04.59:872][686]LogScriptCore:Warning: Attempted to get an item from array ScreamsArray out of bounds [3/2]!

[2017.04.30-08.05.00:421][720]LogScript:Warning: Script call stack:
	Function /Game/Blueprints/FoodFightersGM.FoodFightersGM_C:ammoSpawner

[2017.04.30-08.05.00:421][720]LogScript:Warning: Script call stack:
	Function /Game/Blueprints/FoodFightersGM.FoodFightersGM_C:ammoSpawner

[2017.04.30-08.05.03:425][906]LogScriptCore:Warning: Attempted to get an item from array ammoPickupTypes out of bounds [3/2]!

[2017.04.30-08.05.03:425][906]LogScript:Warning: Script call stack:
	Function /Game/Blueprints/FoodFightersGM.FoodFightersGM_C:ammoSpawner

[2017.04.30-08.05.03:425][906]LogScript:Warning: UGameplayStatics::BeginSpawningActorFromClass: can not spawn an actor from a NULL class
[2017.04.30-08.05.03:425][906]LogScript:Warning: Script call stack:
	Function /Game/Blueprints/FoodFightersGM.FoodFightersGM_C:ammoSpawner

[2017.04.30-08.05.05:150][ 13]LogScriptCore:Warning: Attempted to get an item from array ScreamsArray out of bounds [3/2]!

[2017.04.30-08.05.06:134][ 74]LogScriptCore:Warning: Attempted to get an item from array ScreamsArray out of bounds [3/2]!

[2017.04.30-08.05.06:425][ 92]LogScript:Warning: Script call stack:
	Function /Game/Blueprints/FoodFightersGM.FoodFightersGM_C:ammoSpawner

[2017.04.30-08.05.06:425][ 92]LogScript:Warning: Script call stack:
	Function /Game/Blueprints/FoodFightersGM.FoodFightersGM_C:ammoSpawner

[2017.04.30-08.05.07:732][173]LogScriptCore:Warning: Attempted to get an item from array ScreamsArray out of bounds [3/2]!

[2017.04.30-08.05.09:425][278]LogScript:Warning: Script call stack:
	Function /Game/Blueprints/FoodFightersGM.FoodFightersGM_C:ammoSpawner

[2017.04.30-08.05.09:426][278]LogScript:Warning: Script call stack:
	Function /Game/Blueprints/FoodFightersGM.FoodFightersGM_C:ammoSpawner

[2017.04.30-08.05.12:426][464]LogScriptCore:Warning: Attempted to get an item from array ammoPickupTypes out of bounds [3/2]!

[2017.04.30-08.05.12:426][464]LogScript:Warning: Script call stack:
	Function /Game/Blueprints/FoodFightersGM.FoodFightersGM_C:ammoSpawner

[2017.04.30-08.05.12:426][464]LogScript:Warning: UGameplayStatics::BeginSpawningActorFromClass: can not spawn an actor from a NULL class
[2017.04.30-08.05.12:426][464]LogScript:Warning: Script call stack:
	Function /Game/Blueprints/FoodFightersGM.FoodFightersGM_C:ammoSpawner

[2017.04.30-08.05.15:426][650]LogScriptCore:Warning: Attempted to get an item from array ammoPickupTypes out of bounds [3/2]!

[2017.04.30-08.05.15:426][650]LogScript:Warning: Script call stack:
	Function /Game/Blueprints/FoodFightersGM.FoodFightersGM_C:ammoSpawner

[2017.04.30-08.05.15:426][650]LogScript:Warning: UGameplayStatics::BeginSpawningActorFromClass: can not spawn an actor from a NULL class
[2017.04.30-08.05.15:426][650]LogScript:Warning: Script call stack:
	Function /Game/Blueprints/FoodFightersGM.FoodFightersGM_C:ammoSpawner

[2017.04.30-08.05.18:427][836]LogScript:Warning: Script call stack:
	Function /Game/Blueprints/FoodFightersGM.FoodFightersGM_C:ammoSpawner

[2017.04.30-08.05.18:427][836]LogScript:Warning: Script call stack:
	Function /Game/Blueprints/FoodFightersGM.FoodFightersGM_C:ammoSpawner

[2017.04.30-08.05.21:427][ 22]LogScript:Warning: Script call stack:
	Function /Game/Blueprints/FoodFightersGM.FoodFightersGM_C:ammoSpawner

[2017.04.30-08.05.21:427][ 22]LogScript:Warning: Script call stack:
	Function /Game/Blueprints/FoodFightersGM.FoodFightersGM_C:ammoSpawner

[2017.04.30-08.05.22:635][ 97]Closing by request
[2017.04.30-08.05.22:635][ 97]LogWindows: FPlatformMisc::RequestExit(0)
[2017.04.30-08.05.22:638][ 98]LogMoviePlayer: Shutting down movie player
[2017.04.30-08.05.23:072][ 98]LogWindowsTextInputMethodSystem:Display: IME system now deactivated.
[2017.04.30-08.05.23:081][ 98]LogExit: Preparing to exit.
[2017.04.30-08.05.23:890][ 98]LogExit: Game engine shut down
[2017.04.30-08.05.24:043][ 98]LogObj: Freed 0b from 0 cluster array pools.
[2017.04.30-08.05.24:043][ 98]LogExit: Object subsystem successfully closed.
[2017.04.30-08.05.24:061][ 98]LogD3D11RHI: Shutdown
[2017.04.30-08.05.24:061][ 98]LogD3D11RHI: CleanupD3DDevice
[2017.04.30-08.05.24:232][ 98]LogD3D11RHI: ~FD3D11DynamicRHI
[2017.04.30-08.05.24:243][ 98]LogModuleManager: Shutting down and abandoning module SequenceRecorderSections (113)
[2017.04.30-08.05.24:243][ 98]LogModuleManager: Shutting down and abandoning module SequenceRecorder (112)
[2017.04.30-08.05.24:243][ 98]LogModuleManager: Shutting down and abandoning module AutomationController (111)
[2017.04.30-08.05.24:243][ 98]LogModuleManager: Shutting down and abandoning module AutomationWorker (110)
[2017.04.30-08.05.24:243][ 98]LogModuleManager: Shutting down and abandoning module CharacterAI (109)
[2017.04.30-08.05.24:243][ 98]LogModuleManager: Shutting down and abandoning module SessionServices (108)
[2017.04.30-08.05.24:243][ 98]LogModuleManager: Shutting down and abandoning module GameplayDebugger (107)
[2017.04.30-08.05.24:243][ 98]LogModuleManager: Shutting down and abandoning module AITestSuite (106)
[2017.04.30-08.05.24:243][ 98]LogModuleManager: Shutting down and abandoning module AIModule (105)
[2017.04.30-08.05.24:243][ 98]LogModuleManager: Shutting down and abandoning module MovieSceneCapture (104)
[2017.04.30-08.05.24:243][ 98]LogModuleManager: Shutting down and abandoning module StreamingPauseRendering (103)
[2017.04.30-08.05.24:243][ 98]LogModuleManager: Shutting down and abandoning module PortalServices (102)
[2017.04.30-08.05.24:243][ 98]LogModuleManager: Shutting down and abandoning module PortalRpc (101)
[2017.04.30-08.05.24:243][ 98]LogModuleManager: Shutting down and abandoning module MessagingRpc (100)
[2017.04.30-08.05.24:243][ 98]LogModuleManager: Shutting down and abandoning module ProfilerService (99)
[2017.04.30-08.05.24:303][ 98]LogModuleManager: Shutting down and abandoning module TaskGraph (98)
[2017.04.30-08.05.24:303][ 98]LogModuleManager: Shutting down and abandoning module SlateRemote (97)
[2017.04.30-08.05.24:303][ 98]LogModuleManager: Shutting down and abandoning module SteamVRController (96)
[2017.04.30-08.05.24:303][ 98]LogModuleManager: Shutting down and abandoning module SteamVR (95)
[2017.04.30-08.05.24:303][ 98]LogModuleManager: Shutting down and abandoning module ProceduralMeshComponent (94)
[2017.04.30-08.05.24:303][ 98]LogModuleManager: Shutting down and abandoning module OculusLibrary (93)
[2017.04.30-08.05.24:303][ 98]LogModuleManager: Shutting down and abandoning module OculusInput (92)
[2017.04.30-08.05.24:303][ 98]LogModuleManager: Shutting down and abandoning module CustomMeshComponent (91)
[2017.04.30-08.05.24:303][ 98]LogModuleManager: Shutting down and abandoning module CableComponent (90)
[2017.04.30-08.05.24:303][ 98]LogModuleManager: Shutting down and abandoning module ArchVisCharacter (89)
[2017.04.30-08.05.24:303][ 98]LogModuleManager: Shutting down and abandoning module HTML5Networking (88)
[2017.04.30-08.05.24:303][ 98]LogModuleManager: Shutting down and abandoning module DesktopPlatform (87)
[2017.04.30-08.05.24:303][ 98]LogModuleManager: Shutting down and abandoning module DirectoryWatcher (86)
[2017.04.30-08.05.24:303][ 98]LogModuleManager: Shutting down and abandoning module HotReload (85)
[2017.04.30-08.05.24:303][ 98]LogModuleManager: Shutting down and abandoning module VisualStudioSourceCodeAccess (84)
[2017.04.30-08.05.24:303][ 98]LogModuleManager: Shutting down and abandoning module UObjectPlugin (83)
[2017.04.30-08.05.24:304][ 98]LogModuleManager: Shutting down and abandoning module SubversionSourceControl (82)
[2017.04.30-08.05.24:304][ 98]LogModuleManager: Shutting down and abandoning module SourceControl (81)
[2017.04.30-08.05.24:304][ 98]LogModuleManager: Shutting down and abandoning module PerforceSourceControl (80)
[2017.04.30-08.05.24:304][ 98]LogModuleManager: Shutting down and abandoning module UdpMessaging (79)
[2017.04.30-08.05.24:405][ 98]LogModuleManager: Shutting down and abandoning module SubstanceCore (78)
[2017.04.30-08.05.24:405][ 98]LogModuleManager: Shutting down and abandoning module LightPropagationVolumeRuntime (77)
[2017.04.30-08.05.24:405][ 98]LogModuleManager: Shutting down and abandoning module Paper2D (76)
[2017.04.30-08.05.24:405][ 98]LogModuleManager: Shutting down and abandoning module WindowsMoviePlayer (75)
[2017.04.30-08.05.24:405][ 98]LogModuleManager: Shutting down and abandoning module Media (74)
[2017.04.30-08.05.24:405][ 98]LogModuleManager: Shutting down and abandoning module WmfMedia (73)
[2017.04.30-08.05.24:405][ 98]LogModuleManager: Shutting down and abandoning module MediaAssets (72)
[2017.04.30-08.05.24:405][ 98]LogModuleManager: Shutting down and abandoning module GameLiveStreaming (71)
[2017.04.30-08.05.24:405][ 98]LogModuleManager: Shutting down and abandoning module GameplayTagsEditor (70)
[2017.04.30-08.05.24:405][ 98]LogModuleManager: Shutting down and abandoning module OnlineBlueprintSupport (69)
[2017.04.30-08.05.24:405][ 98]LogModuleManager: Shutting down and abandoning module VREditor (68)
[2017.04.30-08.05.24:405][ 98]LogModuleManager: Shutting down and abandoning module GameplayTasksEditor (67)
[2017.04.30-08.05.24:405][ 98]LogModuleManager: Shutting down and abandoning module PropertyEditor (66)
[2017.04.30-08.05.24:405][ 98]LogModuleManager: Shutting down and abandoning module BehaviorTreeEditor (65)
[2017.04.30-08.05.24:405][ 98]LogModuleManager: Shutting down and abandoning module FunctionalTesting (64)
[2017.04.30-08.05.24:405][ 98]LogModuleManager: Shutting down and abandoning module CollisionAnalyzer (63)
[2017.04.30-08.05.24:405][ 98]LogModuleManager: Shutting down and abandoning module Sequencer (62)
[2017.04.30-08.05.24:405][ 98]LogModuleManager: Shutting down and abandoning module WorkspaceMenuStructure (61)
[2017.04.30-08.05.24:405][ 98]LogModuleManager: Shutting down and abandoning module MessageLog (60)
[2017.04.30-08.05.24:405][ 98]LogModuleManager: Shutting down and abandoning module AssetTools (59)
[2017.04.30-08.05.24:405][ 98]LogModuleManager: Shutting down and abandoning module UMGEditor (58)
[2017.04.30-08.05.24:405][ 98]LogModuleManager: Shutting down and abandoning module UMG (57)
[2017.04.30-08.05.24:405][ 98]LogModuleManager: Shutting down and abandoning module SlateReflector (56)
[2017.04.30-08.05.24:405][ 98]LogModuleManager: Shutting down and abandoning module Slate (55)
[2017.04.30-08.05.24:405][ 98]LogModuleManager: Shutting down and abandoning module EditorStyle (54)
[2017.04.30-08.05.24:408][ 98]LogModuleManager: Shutting down and abandoning module Messaging (53)
[2017.04.30-08.05.24:408][ 98]LogModuleManager: Shutting down and abandoning module SourceCodeAccess (52)
[2017.04.30-08.05.24:408][ 98]LogModuleManager: Shutting down and abandoning module HeadMountedDisplay (51)
[2017.04.30-08.05.24:408][ 98]LogModuleManager: Shutting down and abandoning module XAudio2 (50)
[2017.04.30-08.05.24:408][ 98]LogModuleManager: Shutting down and abandoning module Networking (48)
[2017.04.30-08.05.24:408][ 98]LogModuleManager: Shutting down and abandoning module Core (47)
[2017.04.30-08.05.24:408][ 98]LogModuleManager: Shutting down and abandoning module KismetCompiler (46)
[2017.04.30-08.05.24:408][ 98]LogModuleManager: Shutting down and abandoning module PhysXFormats (45)
[2017.04.30-08.05.24:408][ 98]LogModuleManager: Shutting down and abandoning module MeshUtilities (44)
[2017.04.30-08.05.24:409][ 98]LogModuleManager: Shutting down and abandoning module AssetRegistry (43)
[2017.04.30-08.05.24:409][ 98]LogModuleManager: Shutting down and abandoning module DerivedDataCache (42)
[2017.04.30-08.05.24:565][ 98]LogDerivedDataCache: Shutdown
[2017.04.30-08.05.24:565][ 98]LogModuleManager: Shutting down and abandoning module VulkanShaderFormat (41)
[2017.04.30-08.05.24:565][ 98]LogModuleManager: Shutting down and abandoning module ShaderFormatOpenGL (40)
[2017.04.30-08.05.24:565][ 98]LogModuleManager: Shutting down and abandoning module ShaderFormatD3D (39)
[2017.04.30-08.05.24:565][ 98]LogModuleManager: Shutting down and abandoning module MetalShaderFormat (38)
[2017.04.30-08.05.24:565][ 98]LogModuleManager: Shutting down and abandoning module TextureFormatUncompressed (37)
[2017.04.30-08.05.24:565][ 98]LogModuleManager: Shutting down and abandoning module TextureFormatPVR (36)
[2017.04.30-08.05.24:565][ 98]LogModuleManager: Shutting down and abandoning module TextureFormatIntelISPCTexComp (35)
[2017.04.30-08.05.24:565][ 98]LogModuleManager: Shutting down and abandoning module TextureFormatDXT (34)
[2017.04.30-08.05.24:565][ 98]LogModuleManager: Shutting down and abandoning module ImageWrapper (33)
[2017.04.30-08.05.24:565][ 98]LogModuleManager: Shutting down and abandoning module TextureFormatASTC (32)
[2017.04.30-08.05.24:565][ 98]LogModuleManager: Shutting down and abandoning module TextureFormatAndroid (31)
[2017.04.30-08.05.24:565][ 98]LogModuleManager: Shutting down and abandoning module AudioFormatOpus (30)
[2017.04.30-08.05.24:565][ 98]LogModuleManager: Shutting down and abandoning module AudioFormatOgg (29)
[2017.04.30-08.05.24:565][ 98]LogModuleManager: Shutting down and abandoning module AudioFormatADPCM (28)
[2017.04.30-08.05.24:565][ 98]LogModuleManager: Shutting down and abandoning module WindowsTargetPlatform (27)
[2017.04.30-08.05.24:565][ 98]LogModuleManager: Shutting down and abandoning module WindowsServerTargetPlatform (26)
[2017.04.30-08.05.24:565][ 98]LogModuleManager: Shutting down and abandoning module WindowsNoEditorTargetPlatform (25)
[2017.04.30-08.05.24:565][ 98]LogModuleManager: Shutting down and abandoning module WindowsClientTargetPlatform (24)
[2017.04.30-08.05.24:565][ 98]LogModuleManager: Shutting down and abandoning module TargetPlatform (23)
[2017.04.30-08.05.24:565][ 98]LogModuleManager: Shutting down and abandoning module InputCore (22)
[2017.04.30-08.05.24:565][ 98]LogModuleManager: Shutting down and abandoning module Settings (21)
[2017.04.30-08.05.24:565][ 98]LogModuleManager: Shutting down and abandoning module OnlineSubsystem (19)
[2017.04.30-08.05.24:565][ 98]LogModuleManager: Shutting down and abandoning module HTTP (18)
[2017.04.30-08.05.24:565][ 98]LogModuleManager: Shutting down and abandoning module XMPP (17)
[2017.04.30-08.05.24:565][ 98]LogModuleManager: Shutting down and abandoning module OculusRift (16)
[2017.04.30-08.05.24:565][ 98]LogModuleManager: Shutting down and abandoning module ExampleDeviceProfileSelector (15)
[2017.04.30-08.05.24:565][ 98]LogModuleManager: Shutting down and abandoning module TextureCompressor (14)
[2017.04.30-08.05.24:566][ 98]LogModuleManager: Shutting down and abandoning module ShaderCore (13)
[2017.04.30-08.05.24:566][ 98]LogModuleManager: Shutting down and abandoning module Landscape (12)
[2017.04.30-08.05.24:566][ 98]LogModuleManager: Shutting down and abandoning module SlateRHIRenderer (11)
[2017.04.30-08.05.24:566][ 98]LogModuleManager: Shutting down and abandoning module OpenGLDrv (10)
[2017.04.30-08.05.24:566][ 98]LogModuleManager: Shutting down and abandoning module D3D11RHI (9)
[2017.04.30-08.05.24:566][ 98]LogModuleManager: Shutting down and abandoning module AnimGraphRuntime (8)
[2017.04.30-08.05.24:567][ 98]LogModuleManager: Shutting down and abandoning module Renderer (7)
[2017.04.30-08.05.24:567][ 98]LogModuleManager: Shutting down and abandoning module Engine (6)
[2017.04.30-08.05.24:567][ 98]LogModuleManager: Shutting down and abandoning module CoreUObject (5)
[2017.04.30-08.05.24:567][ 98]LogModuleManager: Shutting down and abandoning module NetworkFile (4)
[2017.04.30-08.05.24:567][ 98]LogModuleManager: Shutting down and abandoning module StreamingFile (3)
[2017.04.30-08.05.24:567][ 98]LogModuleManager: Shutting down and abandoning module SandboxFile (2)
[2017.04.30-08.05.24:567][ 98]LogModuleManager: Shutting down and abandoning module PakFile (1)
[2017.04.30-08.05.24:568][ 98]LogExit: Exiting.
[2017.04.30-08.05.24:570][ 98]Log file closed, 04/30/17 04:05:24
