Log file open, 03/29/17 17:36:32
LogInit:Display: Running engine for game: Game
LogPlatformFile: Not using cached read wrapper
LogInit:Display: RandInit(-300731593) SRandInit(-300731589).
LogTaskGraph: Started task graph with 4 named threads and 7 total threads with 1 sets of task threads.
LogStats: Stats thread started at 0.154358
LogInit: Version: 4.12.5-3039270+++UE4+Release-4.12
LogInit: API Version: 2992821
LogInit: Net Version: 3039270
LogDevObjectVersion: Number of dev versions registered: 13
LogDevObjectVersion:   Dev-Blueprints (B0D832E4-1F89-4F0D-ACCF-7EB736FD4AA2): 3
LogDevObjectVersion:   Dev-Build (E1C64328-A22C-4D53-A36C-8E866417BD8C): 0
LogDevObjectVersion:   Dev-Core (375EC13C-06E4-48FB-B500-84F0262A717E): 1
LogDevObjectVersion:   Dev-Editor (E4B068ED-F494-42E9-A231-DA0B2E46BB41): 2
LogDevObjectVersion:   Dev-Framework (CFFC743F-43B0-4480-9391-14DF171D2073): 6
LogDevObjectVersion:   Dev-Mobile (B02B49B5-BB20-44E9-A304-32B752E40360): 0
LogDevObjectVersion:   Dev-Networking (A4E4105C-59A1-49B5-A7C5-40C4547EDFEE): 0
LogDevObjectVersion:   Dev-Online (39C831C9-5AE6-47DC-9A44-9C173E1C8E7C): 0
LogDevObjectVersion:   Dev-Physics (78F01B33-EBEA-4F98-B9B4-84EACCB95AA2): 0
LogDevObjectVersion:   Dev-Platform (6631380F-2D4D-43E0-8009-CF276956A95A): 0
LogDevObjectVersion:   Dev-Rendering (12F88B9F-8875-4AFC-A67C-D90C383ABD29): 2
LogDevObjectVersion:   Dev-Sequencer (7B5AE74C-D270-4C10-A958-57980B212A5A): 0
LogDevObjectVersion:   Dev-VR (D7296918-1DD6-4BDD-9DE2-64A83CC13884): 0
LogInit: Compiled (64-bit): Jul  6 2016 09:09:46
LogInit: Compiled with Visual C++: 19.00.23026.00
LogInit: Build Configuration: Development
LogInit: Branch Name: ++UE4+Release-4.12
LogInit: Command line:  
LogInit: Base directory: E:/New folder/Paragon/UE_4.12/Engine/Binaries/Win64/
LogInit: Installed Engine Build: 1
LogInit: Using libcurl 7.41.0
LogInit:  - built for x86_64-pc-win32
LogInit:  - supports SSL with WinSSL
LogInit:  - other features:
LogInit:      CURL_VERSION_SSL
LogInit:      CURL_VERSION_IPV6
LogInit:      CURL_VERSION_ASYNCHDNS
LogInit:      CURL_VERSION_LARGEFILE
LogInit:      CURL_VERSION_IDN
LogInit:  CurlRequestOptions (configurable via config and command line):
LogInit:  - bVerifyPeer = true  - Libcurl will verify peer certificate
LogInit:  - bUseHttpProxy = false  - Libcurl will NOT use HTTP proxy
LogInit:  - bDontReuseConnections = false  - Libcurl will reuse connections
LogInit:  - CertBundlePath = nullptr  - Libcurl will use whatever was configured at build time.
LogInit: Presizing for max 8388607 objects, including 0 objects not considered by GC, pre-allocating 0 bytes for permanent pool.
LogInit: Object subsystem initialized
[2017.03.29-21.36.33:318][  0]LogInit: Selected Device Profile: [Windows]
[2017.03.29-21.36.33:319][  0]LogInit: Applying CVar settings loaded from the selected device profile: [Windows]
[2017.03.29-21.36.33:496][  0]LogInit: Computer: DESKTOP-JAT82AM
[2017.03.29-21.36.33:496][  0]LogInit: User: Alex
[2017.03.29-21.36.33:496][  0]LogInit: CPU Page size=65536, Cores=4
[2017.03.29-21.36.33:496][  0]LogInit: High frequency timer resolution =3.906252 MHz
[2017.03.29-21.36.33:505][  0]LogMemory: Memory total: Physical=15.9GB (16GB approx)
[2017.03.29-21.36.33:508][  0]LogMemory: Platform Memory Stats for Windows
[2017.03.29-21.36.33:508][  0]LogMemory: Process Physical Memory: 193.20 MB used, 193.20 MB peak
[2017.03.29-21.36.33:508][  0]LogMemory: Process Virtual Memory: 195.34 MB used, 195.34 MB peak
[2017.03.29-21.36.33:508][  0]LogMemory: Physical Memory: 5954.56 MB used, 16332.62 MB total
[2017.03.29-21.36.33:508][  0]LogMemory: Virtual Memory: 573.63 MB used, 134217728.00 MB total
[2017.03.29-21.36.34:757][  0]LogTextLocalizationManager: No specific translations for ('en-US') exist, so ('en') translations will be used.
[2017.03.29-21.36.35:788][  0]LogD3D11RHI: D3D11 adapters:
[2017.03.29-21.36.35:853][  0]LogD3D11RHI:    0. 'AMD Radeon R9 200 Series' (Feature Level 11_0)
[2017.03.29-21.36.35:853][  0]LogD3D11RHI:       4073/0/8166 MB DedicatedVideo/DedicatedSystem/SharedSystem, Outputs:1, VendorId:0x1002
[2017.03.29-21.36.35:857][  0]LogD3D11RHI:    1. 'Microsoft Basic Render Driver' (Feature Level 11_0)
[2017.03.29-21.36.35:857][  0]LogD3D11RHI:       0/0/8166 MB DedicatedVideo/DedicatedSystem/SharedSystem, Outputs:0, VendorId:0x1414
[2017.03.29-21.36.35:857][  0]LogD3D11RHI: Chosen D3D11 Adapter: 0
[2017.03.29-21.36.35:873][  0]LogD3D11RHI: Creating new Direct3DDevice
[2017.03.29-21.36.35:873][  0]LogD3D11RHI:     GPU DeviceId: 0x67b0 (for the marketing name, search the web for "GPU Device Id")
[2017.03.29-21.36.35:873][  0]LogWindows: EnumDisplayDevices:
[2017.03.29-21.36.35:874][  0]LogWindows:    0. 'AMD Radeon R9 200 Series' (P:1 D:1)
[2017.03.29-21.36.35:875][  0]LogWindows:    1. 'AMD Radeon R9 200 Series' (P:0 D:0)
[2017.03.29-21.36.35:875][  0]LogWindows:    2. 'AMD Radeon R9 200 Series' (P:0 D:0)
[2017.03.29-21.36.35:876][  0]LogWindows:    3. 'AMD Radeon R9 200 Series' (P:0 D:0)
[2017.03.29-21.36.35:877][  0]LogWindows:    4. 'AMD Radeon R9 200 Series' (P:0 D:0)
[2017.03.29-21.36.35:878][  0]LogWindows:    5. 'AMD Radeon R9 200 Series' (P:0 D:0)
[2017.03.29-21.36.35:879][  0]LogWindows: DebugString: FoundDriverCount:6 
[2017.03.29-21.36.35:879][  0]LogD3D11RHI:     Adapter Name: AMD Radeon R9 200 Series
[2017.03.29-21.36.35:879][  0]LogD3D11RHI:   Driver Version: Crimson ReLive 17.1.1 (internal:21.19.411.0, unified:21.19.411.0)
[2017.03.29-21.36.35:879][  0]LogD3D11RHI:      Driver Date: 1-13-2017
[2017.03.29-21.36.35:879][  0]LogRHI: Texture pool is 1361 MB (70% of 1945 MB)
[2017.03.29-21.36.35:908][  0]LogD3D11RHI: Async texture creation disabled: no driver support
[2017.03.29-21.36.36:271][  0]LogD3D11RHI: GPU Timing Frequency: 27.000000 (Debug: 2 1)
[2017.03.29-21.36.36:355][  0]LogShaderCompilers: Guid format shader working directory is 6 characters bigger than the processId version (C:/Users/Alex/Desktop/Gith/CGT445/Game/Intermediate/Shaders/WorkingDirectory/12308/).
[2017.03.29-21.36.36:355][  0]LogShaderCompilers: Cleaned the shader compiler working directory 'C:/Users/Alex/AppData/Local/Temp/UnrealShaderWorkingDir/B7E607344E8EAB443827DDA189B5C395/'.
[2017.03.29-21.36.36:370][  0]LogShaderCompilers:Display: Using Local Shader Compiler.
[2017.03.29-21.36.40:520][  0]LogTemp:Display: Loaded TP AllDesktopTargetPlatform
[2017.03.29-21.36.40:537][  0]LogTemp:Display: Loaded TP WindowsClientTargetPlatform
[2017.03.29-21.36.40:557][  0]LogTemp:Display: Loaded TP WindowsNoEditorTargetPlatform
[2017.03.29-21.36.40:567][  0]LogTemp:Display: Loaded TP WindowsServerTargetPlatform
[2017.03.29-21.36.40:575][  0]LogTemp:Display: Loaded TP WindowsTargetPlatform
[2017.03.29-21.36.40:597][  0]LogTemp:Display: Loaded TP AndroidTargetPlatform
[2017.03.29-21.36.40:605][  0]LogTemp:Display: Loaded TP Android_ASTCTargetPlatform
[2017.03.29-21.36.40:612][  0]LogTemp:Display: Loaded TP Android_ATCTargetPlatform
[2017.03.29-21.36.40:620][  0]LogTemp:Display: Loaded TP Android_DXTTargetPlatform
[2017.03.29-21.36.40:626][  0]LogTemp:Display: Loaded TP Android_ETC1TargetPlatform
[2017.03.29-21.36.40:643][  0]LogTemp:Display: Loaded TP Android_ETC2TargetPlatform
[2017.03.29-21.36.40:661][  0]LogTemp:Display: Loaded TP Android_MultiTargetPlatform
[2017.03.29-21.36.40:661][  0]LogTemp:Display: Loaded TP Android_PVRTCTargetPlatform
[2017.03.29-21.36.40:662][  0]LogTemp:Display: Loaded TP HTML5TargetPlatform
[2017.03.29-21.36.40:817][  0]LogTemp:Display: Loaded TP IOSTargetPlatform
[2017.03.29-21.36.40:830][  0]LogTemp:Display: Loaded TP TVOSTargetPlatform
[2017.03.29-21.36.40:859][  0]LogTemp:Display: Loaded TP LinuxNoEditorTargetPlatform
[2017.03.29-21.36.40:870][  0]LogTemp:Display: Loaded TP LinuxServerTargetPlatform
[2017.03.29-21.36.40:918][  0]LogTemp:Display: Loaded TP LinuxTargetPlatform
[2017.03.29-21.36.40:918][  0]LogTargetPlatformManager:Display: Building Assets For Windows
[2017.03.29-21.36.41:938][  0]LogDerivedDataCache:Display: Max Cache Size: 512 MB
[2017.03.29-21.36.42:305][  0]LogDerivedDataCache: Loaded boot cache 0.37s 48MB C:/Users/Alex/AppData/Local/UnrealEngine/4.12/DerivedDataCache/Boot.ddc.
[2017.03.29-21.36.42:306][  0]LogDerivedDataCache:Display: Loaded Boot cache: C:/Users/Alex/AppData/Local/UnrealEngine/4.12/DerivedDataCache/Boot.ddc
[2017.03.29-21.36.42:306][  0]LogDerivedDataCache: FDerivedDataBackendGraph:  Pak pak cache file C:/Users/Alex/Desktop/Gith/CGT445/Game/DerivedDataCache/DDC.ddp not found, will not use a pak cache.
[2017.03.29-21.36.42:306][  0]LogDerivedDataCache: Unable to find inner node Pak for hierarchical cache Hierarchy.
[2017.03.29-21.36.42:306][  0]LogDerivedDataCache: FDerivedDataBackendGraph:  CompressedPak pak cache file C:/Users/Alex/Desktop/Gith/CGT445/Game/DerivedDataCache/Compressed.ddp not found, will not use a pak cache.
[2017.03.29-21.36.42:306][  0]LogDerivedDataCache: Unable to find inner node CompressedPak for hierarchical cache Hierarchy.
[2017.03.29-21.36.42:413][  0]LogDerivedDataCache:Display: Pak cache opened for reading ../../../Engine/DerivedDataCache/Compressed.ddp.
[2017.03.29-21.36.42:426][  0]LogDerivedDataCache: Using Local data cache path C:/Users/Alex/AppData/Local/UnrealEngine/Common/DerivedDataCache: Writable
[2017.03.29-21.36.50:331][  0]LogInit: Selected Device Profile: [Windows]
[2017.03.29-21.36.50:380][  0]LogContentStreaming: Texture pool size is 0.00 MB
[2017.03.29-21.36.52:854][  0]LogMeshUtilities: No automatic mesh reduction module available
[2017.03.29-21.36.52:854][  0]LogMeshUtilities: No automatic mesh merging module available
[2017.03.29-21.36.52:854][  0]LogMeshUtilities: No distributed automatic mesh merging module available
[2017.03.29-21.36.56:853][  0]LogAssetRegistry: FAssetRegistry took 0.0266 seconds to start up
[2017.03.29-21.36.57:066][  0]LogPackageLocalizationCache: Processed 3 localized package path(s) for 2 prioritized culture(s) in 0.174829 seconds
[2017.03.29-21.36.57:120][  0]LogUObjectArray: 28739 objects as part of root set at end of initial load.
[2017.03.29-21.36.57:120][  0]LogUObjectAllocator: 5855624 out of 0 bytes used by permanent object pool.
[2017.03.29-21.36.57:120][  0]LogUObjectArray: CloseDisregardForGC: 0/0 objects in disregard for GC pool
[2017.03.29-21.36.57:176][  0]LogInit: WinSock: version 1.1 (2.2), MaxSocks=32767, MaxUdp=65467
[2017.03.29-21.37.03:639][  0]LogSlate: SlateFontCache - WITH_FREETYPE: 1, WITH_HARFBUZZ: 1
[2017.03.29-21.37.03:639][  0]LogSlate: SlateFontCache - WITH_FREETYPE: 1, WITH_HARFBUZZ: 1
[2017.03.29-21.37.21:613][  0]LogUdpMessaging: Initializing bridge on interface 0.0.0.0:0 to multicast group 230.0.0.1:6666.
[2017.03.29-21.37.23:533][  0]SourceControl: Info Source control is disabled
[2017.03.29-21.37.23:557][  0]SourceControl: Info Source control is disabled
[2017.03.29-21.37.23:674][  0]SourceControl: Info Source control is disabled
[2017.03.29-21.37.23:768][  0]SourceControl: Info Source control is disabled
[2017.03.29-21.37.26:366][  0]LogEngine: Initializing Engine...
[2017.03.29-21.37.26:826][  0]LogHMD: SteamVR failed to initialize.  Err: 110
[2017.03.29-21.37.26:830][  0]LogHMD: SteamVR failed to initialize.  Err: 110
[2017.03.29-21.37.27:920][  0]LogAIModule: Creating AISystem for world NewWorld
[2017.03.29-21.37.28:262][  0]LogInit: XAudio2 using 'Speakers (Realtek High Definition Audio)' : 2 channels at 48 kHz using 32 bits per sample (channel mask 0x3)
[2017.03.29-21.37.28:355][  0]LogInit: FAudioDevice initialized.
[2017.03.29-21.37.28:376][  0]LogDerivedDataCache: Saved boot cache 0.02s 48MB C:/Users/Alex/AppData/Local/UnrealEngine/4.12/DerivedDataCache/Boot.ddc.
[2017.03.29-21.37.28:383][  0]LogInit: Texture streaming: Enabled
[2017.03.29-21.37.29:226][  0]LogInit: Transaction tracking system initialized
[2017.03.29-21.37.30:823][  0]BlueprintLog: New page: Editor Load
[2017.03.29-21.37.34:621][  0]LocalizationService: Info Localization service is disabled
[2017.03.29-21.37.36:409][  0]LogConsoleResponse:Display: 
[2017.03.29-21.37.38:645][  0]LogFileCache: Scanning file cache for directory 'C:/Users/Alex/Desktop/Gith/CGT445/Game/Content/' took 0.03s
[2017.03.29-21.37.38:645][  0]LogCook:Display: Max memory allowance for cook 8192mb
[2017.03.29-21.37.38:645][  0]LogCook:Display: Mobile HDR setting 1
[2017.03.29-21.37.45:586][  0]SourceControl: Info Source control is disabled
[2017.03.29-21.37.45:771][  0]Cmd: MAP LOAD FILE="C:/Users/Alex/Desktop/Gith/CGT445/Game/Content/FirstPersonBP/Maps/FirstPersonExampleMap.umap" TEMPLATE=0 SHOWPROGRESS=1 FEATURELEVEL=3
[2017.03.29-21.37.45:910][  0]LightingResults: New page: Lighting Build
[2017.03.29-21.37.46:528][  0]MapCheck: New page: Map Check
[2017.03.29-21.37.46:528][  0]LightingResults: New page: Lighting Build
[2017.03.29-21.37.51:502][  0]LogTexture:Display: Building textures: UE4Man_Logo_N (BC5)
[2017.03.29-21.37.51:616][  0]LogTexture:Display: Building textures: T_ML_Rubber_Blue_01_D (AutoDXT)
[2017.03.29-21.37.51:735][  0]LogTexture:Display: Building textures: T_ML_Rubber_Blue_01_N (BC5)
[2017.03.29-21.37.51:764][  0]LogTexture:Display: Building textures: T_ML_Aluminum01 (AutoDXT)
[2017.03.29-21.37.51:858][  0]LogTexture:Display: Building textures: T_ML_Aluminum01_N (BC5)
[2017.03.29-21.37.52:278][  0]LogMaterial: Missing cached shader map for material M_Metal_Rust, compiling. 
[2017.03.29-21.37.52:470][  0]LogMaterial: Missing cached shader map for material M_Water_Ocean, compiling. 
[2017.03.29-21.37.53:647][  0]LogAIModule: Creating AISystem for world FirstPersonExampleMap
[2017.03.29-21.37.54:767][  0]LogEditorServer: Finished looking for orphan Actors (0.000 secs)
[2017.03.29-21.37.54:874][  0]Cmd: MAP CHECKDEP NOCLEARLOG
[2017.03.29-21.37.54:986][  0]MapCheck: Info Map check complete: 0 Error(s), 0 Warning(s), took 110.817ms to complete.
[2017.03.29-21.37.54:986][  0]LogFileHelpers: Loading map 'FirstPersonExampleMap' took 9.313
[2017.03.29-21.37.58:774][  0]LogCollectionManager: Loaded 0 collections in 0.039732 seconds
[2017.03.29-21.37.59:389][  0]LogFileCache: Scanning file cache for directory 'C:/Users/Alex/Desktop/Gith/CGT445/Game/Saved/Collections/' took 0.01s
[2017.03.29-21.37.59:389][  0]LogFileCache: Scanning file cache for directory 'C:/Users/Alex/Desktop/Gith/CGT445/Game/Content/Developers/Alex/Collections/' took 0.01s
[2017.03.29-21.37.59:389][  0]LogFileCache: Scanning file cache for directory 'C:/Users/Alex/Desktop/Gith/CGT445/Game/Content/Collections/' took 0.01s
[2017.03.29-21.37.59:389][  0]LogCollectionManager: Rebuilt the GUID cache for 0 collections in 0.000003 seconds
[2017.03.29-21.37.59:466][  0]LogContentBrowser: Native class hierarchy populated in 0.0148 seconds. Added 2047 classes and 369 folders.
[2017.03.29-21.37.59:622][  0]LogStats: UGameplayTagsManager::ConstructGameplayTagTree: Construct from data asset -  0.000 s
[2017.03.29-21.37.59:639][  0]LogStats: UGameplayTagsManager::ConstructGameplayTagTree: GameplayTagTreeChangedEvent.Broadcast -  0.016 s
[2017.03.29-21.37.59:653][  0]LogContentBrowser: Native class hierarchy updated for 'GameplayTags' in 0.0006 seconds. Added 12 classes and 0 folders.
[2017.03.29-21.37.59:732][  0]LogContentBrowser: Native class hierarchy updated for 'WidgetCarousel' in 0.0004 seconds. Added 0 classes and 0 folders.
[2017.03.29-21.38.02:135][  0]LogContentBrowser: Native class hierarchy updated for 'AddContentDialog' in 0.0006 seconds. Added 0 classes and 0 folders.
[2017.03.29-21.38.02:221][  0]LogContentBrowser: Native class hierarchy updated for 'SceneOutliner' in 0.0006 seconds. Added 1 classes and 2 folders.
[2017.03.29-21.38.03:114][  0]LogCrashTracker: Crashtracker disabled due to settings.
[2017.03.29-21.38.03:246][  0]LogUObjectGlobals:Warning: Failed to find object 'Class None.'
[2017.03.29-21.38.03:346][  0]LogContentBrowser: Native class hierarchy updated for 'HierarchicalLODOutliner' in 0.0007 seconds. Added 1 classes and 2 folders.
[2017.03.29-21.38.03:347][  0]LogLoad: Full Startup: 95.56 seconds (BP compile: 1.84 seconds)
[2017.03.29-21.38.03:347][  0]LogExternalProfiler: No external profilers were discovered.  External profiling features will not be available.
[2017.03.29-21.38.03:385][  0]LogOcInput: OculusInput pre-init called
[2017.03.29-21.38.03:642][  0]LogContentStreaming: Texture pool size now 1000 MB
[2017.03.29-21.38.05:488][  0]LogRenderer: Reallocating scene render targets to support 952x576 (Frame:2).
[2017.03.29-21.38.07:267][  1]LogEditorViewport: Clicking on Actor (LMB): BP_Sky_Sphere_C (SkySphereBlueprint)
[2017.03.29-21.38.07:849][  1]LogEditorViewport: Clicking on Actor (LMB): BP_Sky_Sphere_C (SkySphereBlueprint)
[2017.03.29-21.38.07:871][  1]LogEditorViewport: Clicking on Actor (LMB): BP_Sky_Sphere_C (SkySphereBlueprint)
[2017.03.29-21.38.07:886][  1]LogEditorViewport: Clicking on Actor (LMB): BP_Sky_Sphere_C (SkySphereBlueprint)
[2017.03.29-21.38.07:902][  1]LogEditorViewport: Clicking on Actor (LMB): BP_Sky_Sphere_C (SkySphereBlueprint)
[2017.03.29-21.38.07:924][  1]LogEditorViewport: Clicking on Component (LMB): StaticMeshComponent (Sky Sphere mesh)
[2017.03.29-21.38.08:922][  1]LogFileCache: Retrieving MD5 hashes for directory 'C:/Users/Alex/Desktop/Gith/CGT445/Game/Content/' took 5.48s
[2017.03.29-21.38.10:202][  4]LogAssetRegistry: Asset discovery search completed in 73.3735 seconds
[2017.03.29-21.38.10:202][  4]LogCollectionManager: Rebuilt the object cache for 0 collections in 0.000001 seconds (found 0 objects)
[2017.03.29-21.38.10:202][  4]LogCollectionManager: Fixed up redirectors for 0 collections in 0.000201 seconds (updated 0 objects)
[2017.03.29-21.38.15:254][578]AssetReimport: New page: Outstanding source content changes 12:38:15 PM
[2017.03.29-21.38.15:334][579]LoadErrors: Info Failed to load /Game/Import/pCube6Mat.pCube6Mat Referenced by Table_for_Cafe
[2017.03.29-21.38.15:464][579]LogEditorFactories: Performing atomic reimport of [C:/Users/Alex/Desktop/Gith/CGT445/Game/Content/Import/Table for Cafe.obj]
[2017.03.29-21.38.15:579][579]LogFbx: Loading FBX Scene from C:/Users/Alex/Desktop/Gith/CGT445/Game/Content/Import/Table for Cafe.obj
[2017.03.29-21.38.15:619][579]LogFbx: FBX Scene Loaded Succesfully
[2017.03.29-21.38.15:775][579]LogStaticMesh: Building static mesh Table_for_Cafe...
[2017.03.29-21.38.15:834][579]LogStaticMesh: Built static mesh [0.09s] /Game/Import/Table_for_Cafe.Table_for_Cafe
[2017.03.29-21.38.15:909][579]LogEditorFactories: -- imported successfully
[2017.03.29-21.38.16:264][580]Cmd: OBJ SAVEPACKAGE PACKAGE="/Game/Import/Table_for_Cafe" FILE="C:/Users/Alex/Desktop/Gith/CGT445/Game/Content/Import/Table_for_Cafe.uasset" SILENT=true
[2017.03.29-21.38.16:498][580]LogSavePackage: Save=166.75ms
[2017.03.29-21.38.16:498][580]LogSavePackage: Moving 'C:/Users/Alex/Desktop/Gith/CGT445/Game/Saved/Table_for_CafeEC8592034819370826DFA0B734696B32.tmp' to 'C:/Users/Alex/Desktop/Gith/CGT445/Game/Content/Import/Table_for_Cafe.uasset'
[2017.03.29-21.38.16:525][580]LogSavePackage:Display: Finished SavePackage C:/Users/Alex/Desktop/Gith/CGT445/Game/Content/Import/Table_for_Cafe.uasset
[2017.03.29-21.38.18:272][668]LogContentBrowser: Native class hierarchy updated for 'BlueprintGraph' in 0.0026 seconds. Added 111 classes and 0 folders.
[2017.03.29-21.38.19:328][668]LogLinker:Warning: Can't resolve asset name
[2017.03.29-21.38.19:440][668]LogTexture:Display: Building textures: red_button00 (BGRA8)
[2017.03.29-21.38.19:443][668]LogTexture:Display: Building textures: green_button00 (BGRA8)
[2017.03.29-21.38.19:444][668]LogTexture:Display: Building textures: blue_button00 (BGRA8)
[2017.03.29-21.38.19:954][668]AssetReimport: Info Reimported asset Table_for_Cafe from C:/Users/Alex/Desktop/Gith/CGT445/Game/Content/Import/Table for Cafe.obj.
[2017.03.29-21.38.33:062][334]LogEditorViewport: Clicking on Actor (LMB): StaticMeshActor (Floor)
[2017.03.29-21.38.38:322][927]Cmd: MAP LOAD FILE="C:/Users/Alex/Desktop/Gith/CGT445/Game/Content/Maps/BarebonesCafeteria.umap" TEMPLATE=0 SHOWPROGRESS=1 FEATURELEVEL=3
[2017.03.29-21.38.38:323][927]LightingResults: New page: Lighting Build
[2017.03.29-21.38.38:323][927]LoadErrors: New page: Loading map: BarebonesCafeteria.umap
[2017.03.29-21.38.38:324][927]MapCheck: New page: Map Check
[2017.03.29-21.38.38:324][927]LightingResults: New page: Lighting Build
[2017.03.29-21.38.39:277][927]LogAIModule: Creating AISystem for world BarebonesCafeteria
[2017.03.29-21.38.39:391][927]LogEditorServer: Finished looking for orphan Actors (0.000 secs)
[2017.03.29-21.38.39:432][927]Cmd: MAP CHECKDEP NOCLEARLOG
[2017.03.29-21.38.39:486][927]MapCheck: Info Map check complete: 0 Error(s), 0 Warning(s), took 53.369ms to complete.
[2017.03.29-21.38.39:486][927]LogFileHelpers: Loading map 'BarebonesCafeteria' took 1.164
[2017.03.29-21.40.18:940][465]LogEditorViewport: Clicking on Actor (LMB): StaticMeshActor (Floor_400x400)
[2017.03.29-21.40.29:648][370]LogWindowsTextInputMethodSystem:Display: IME system now deactivated.
[2017.03.29-21.40.30:186][371]Cmd: QUIT_EDITOR
[2017.03.29-21.40.31:684][371]LogExit: Preparing to exit.
[2017.03.29-21.40.33:563][371]LogExit: Editor shut down
[2017.03.29-21.40.33:565][371]LogExit: Transaction tracking system shut down
[2017.03.29-21.40.40:281][371]LogObj: Freed 0b from 0 cluster array pools.
[2017.03.29-21.40.40:281][371]LogExit: Object subsystem successfully closed.
[2017.03.29-21.40.40:895][371]LogD3D11RHI: Shutdown
[2017.03.29-21.40.40:903][371]LogD3D11RHI: CleanupD3DDevice
[2017.03.29-21.40.41:119][371]LogD3D11RHI: ~FD3D11DynamicRHI
[2017.03.29-21.40.44:617][371]LogModuleManager: Shutting down and abandoning module SequencerWidgets (215)
[2017.03.29-21.40.44:617][371]LogModuleManager: Shutting down and abandoning module BlueprintGraph (214)
[2017.03.29-21.40.44:746][371]LogModuleManager: Shutting down and abandoning module HierarchicalLODOutliner (213)
[2017.03.29-21.40.44:772][371]LogModuleManager: Shutting down and abandoning module CrashTracker (212)
[2017.03.29-21.40.44:772][371]LogModuleManager: Shutting down and abandoning module SceneOutliner (211)
[2017.03.29-21.40.44:794][371]LogModuleManager: Shutting down and abandoning module WidgetCarousel (210)
[2017.03.29-21.40.44:813][371]LogModuleManager: Shutting down and abandoning module AddContentDialog (209)
[2017.03.29-21.40.44:875][371]LogModuleManager: Shutting down and abandoning module GameplayTags (208)
[2017.03.29-21.40.44:875][371]LogModuleManager: Shutting down and abandoning module EditorWidgets (207)
[2017.03.29-21.40.44:875][371]LogModuleManager: Shutting down and abandoning module CollectionManager (206)
[2017.03.29-21.40.44:933][371]LogModuleManager: Shutting down and abandoning module StatsViewer (205)
[2017.03.29-21.40.45:054][371]LogModuleManager: Shutting down and abandoning module FoliageEdit (204)
[2017.03.29-21.40.45:078][371]LogModuleManager: Shutting down and abandoning module LandscapeEditor (203)
[2017.03.29-21.40.45:162][371]LogModuleManager: Shutting down and abandoning module SceneDepthPickerMode (202)
[2017.03.29-21.40.45:162][371]LogModuleManager: Shutting down and abandoning module ActorPickerMode (201)
[2017.03.29-21.40.45:162][371]LogModuleManager: Shutting down and abandoning module GeometryMode (200)
[2017.03.29-21.40.45:189][371]LogModuleManager: Shutting down and abandoning module TextureAlignMode (199)
[2017.03.29-21.40.45:189][371]LogModuleManager: Shutting down and abandoning module BspMode (198)
[2017.03.29-21.40.45:256][371]LogModuleManager: Shutting down and abandoning module HardwareSurvey (197)
[2017.03.29-21.40.45:291][371]LogModuleManager: Shutting down and abandoning module SequenceRecorderSections (196)
[2017.03.29-21.40.45:316][371]LogModuleManager: Shutting down and abandoning module SequenceRecorder (195)
[2017.03.29-21.40.45:421][371]LogModuleManager: Shutting down and abandoning module AutomationWorker (194)
[2017.03.29-21.40.45:421][371]LogModuleManager: Shutting down and abandoning module MatineeToLevelSequence (193)
[2017.03.29-21.40.45:421][371]LogModuleManager: Shutting down and abandoning module PlacementMode (192)
[2017.03.29-21.40.45:516][371]LogModuleManager: Shutting down and abandoning module LevelSequenceEditor (191)
[2017.03.29-21.40.46:052][371]LogModuleManager: Shutting down and abandoning module CharacterAI (190)
[2017.03.29-21.40.46:052][371]LogModuleManager: Shutting down and abandoning module SmartSnapping (189)
[2017.03.29-21.40.46:052][371]LogModuleManager: Shutting down and abandoning module SessionServices (188)
[2017.03.29-21.40.46:052][371]LogModuleManager: Shutting down and abandoning module ViewportSnapping (187)
[2017.03.29-21.40.46:052][371]LogModuleManager: Shutting down and abandoning module LogVisualizer (186)
[2017.03.29-21.40.46:253][371]LogModuleManager: Shutting down and abandoning module GameProjectGeneration (185)
[2017.03.29-21.40.46:265][371]LogModuleManager: Shutting down and abandoning module IntroTutorials (184)
[2017.03.29-21.40.46:301][371]LogModuleManager: Shutting down and abandoning module EditorLiveStreaming (183)
[2017.03.29-21.40.46:309][371]LogModuleManager: Shutting down and abandoning module IOSPlatformEditor (182)
[2017.03.29-21.40.46:336][371]LogModuleManager: Shutting down and abandoning module HTML5PlatformEditor (181)
[2017.03.29-21.40.46:336][371]LogModuleManager: Shutting down and abandoning module AndroidDeviceDetection (180)
[2017.03.29-21.40.46:440][371]LogModuleManager: Shutting down and abandoning module AndroidPlatformEditor (179)
[2017.03.29-21.40.46:528][371]LogModuleManager: Shutting down and abandoning module IOSRuntimeSettings (178)
[2017.03.29-21.40.46:528][371]LogModuleManager: Shutting down and abandoning module AndroidRuntimeSettings (177)
[2017.03.29-21.40.46:528][371]LogModuleManager: Shutting down and abandoning module MergeActors (176)
[2017.03.29-21.40.46:575][371]LogModuleManager: Shutting down and abandoning module SizeMap (175)
[2017.03.29-21.40.46:575][371]LogModuleManager: Shutting down and abandoning module TreeMap (174)
[2017.03.29-21.40.46:630][371]LogModuleManager: Shutting down and abandoning module ReferenceViewer (173)
[2017.03.29-21.40.46:650][371]LogModuleManager: Shutting down and abandoning module LocalizationService (172)
[2017.03.29-21.40.46:714][371]LogModuleManager: Shutting down and abandoning module LocalizationDashboard (171)
[2017.03.29-21.40.46:773][371]LogModuleManager: Shutting down and abandoning module HardwareTargeting (170)
[2017.03.29-21.40.46:781][371]LogModuleManager: Shutting down and abandoning module DeviceProfileEditor (169)
[2017.03.29-21.40.46:901][371]LogModuleManager: Shutting down and abandoning module UndoHistory (168)
[2017.03.29-21.40.46:930][371]LogModuleManager: Shutting down and abandoning module UserFeedback (167)
[2017.03.29-21.40.46:930][371]LogModuleManager: Shutting down and abandoning module XmlParser (166)
[2017.03.29-21.40.47:053][371]LogModuleManager: Shutting down and abandoning module Blutility (165)
[2017.03.29-21.40.47:162][371]LogModuleManager: Shutting down and abandoning module ProjectTargetPlatformEditor (164)
[2017.03.29-21.40.47:181][371]LogModuleManager: Shutting down and abandoning module ProjectSettingsViewer (163)
[2017.03.29-21.40.47:181][371]LogModuleManager: Shutting down and abandoning module InputBindingEditor (162)
[2017.03.29-21.40.47:327][371]LogModuleManager: Shutting down and abandoning module EditorSettingsViewer (161)
[2017.03.29-21.40.47:327][371]LogModuleManager: Shutting down and abandoning module SettingsEditor (160)
[2017.03.29-21.40.47:497][371]LogModuleManager: Shutting down and abandoning module ProjectLauncher (159)
[2017.03.29-21.40.47:601][371]LogModuleManager: Shutting down and abandoning module SessionFrontend (158)
[2017.03.29-21.40.47:687][371]LogModuleManager: Shutting down and abandoning module ProfilerClient (157)
[2017.03.29-21.40.47:784][371]LogModuleManager: Shutting down and abandoning module TargetDeviceServices (156)
[2017.03.29-21.40.47:784][371]LogModuleManager: Shutting down and abandoning module DeviceManager (155)
[2017.03.29-21.40.47:940][371]LogModuleManager: Shutting down and abandoning module AutomationController (154)
[2017.03.29-21.40.48:111][371]LogModuleManager: Shutting down and abandoning module AutomationWindow (153)
[2017.03.29-21.40.48:170][371]LogModuleManager: Shutting down and abandoning module Layers (152)
[2017.03.29-21.40.48:280][371]LogModuleManager: Shutting down and abandoning module ComponentVisualizers (151)
[2017.03.29-21.40.48:280][371]LogModuleManager: Shutting down and abandoning module DetailCustomizations (150)
[2017.03.29-21.40.48:372][371]LogModuleManager: Shutting down and abandoning module PackagesDialog (149)
[2017.03.29-21.40.48:541][371]LogModuleManager: Shutting down and abandoning module Persona (148)
[2017.03.29-21.40.48:817][371]LogModuleManager: Shutting down and abandoning module Kismet (147)
[2017.03.29-21.40.48:817][371]LogModuleManager: Shutting down and abandoning module GraphEditor (146)
[2017.03.29-21.40.48:817][371]LogModuleManager: Shutting down and abandoning module ClassViewer (145)
[2017.03.29-21.40.48:922][371]LogModuleManager: Shutting down and abandoning module Toolbox (144)
[2017.03.29-21.40.48:940][371]LogModuleManager: Shutting down and abandoning module ModuleUI (143)
[2017.03.29-21.40.49:085][371]LogModuleManager: Shutting down and abandoning module MovieSceneTools (142)
[2017.03.29-21.40.49:105][371]LogModuleManager: Shutting down and abandoning module OutputLog (141)
[2017.03.29-21.40.49:142][371]LogModuleManager: Shutting down and abandoning module GammaUI (140)
[2017.03.29-21.40.49:188][371]LogModuleManager: Shutting down and abandoning module Documentation (139)
[2017.03.29-21.40.49:188][371]LogModuleManager: Shutting down and abandoning module StreamingPauseRendering (138)
[2017.03.29-21.40.49:188][371]LogModuleManager: Shutting down and abandoning module AnalyticsET (137)
[2017.03.29-21.40.49:188][371]LogModuleManager: Shutting down and abandoning module Analytics (136)
[2017.03.29-21.40.49:188][371]LogModuleManager: Shutting down and abandoning module PortalServices (135)
[2017.03.29-21.40.49:188][371]LogModuleManager: Shutting down and abandoning module PortalRpc (134)
[2017.03.29-21.40.49:188][371]LogModuleManager: Shutting down and abandoning module MessagingRpc (133)
[2017.03.29-21.40.49:188][371]LogModuleManager: Shutting down and abandoning module GameplayDebugger (132)
[2017.03.29-21.40.49:213][371]LogModuleManager: Shutting down and abandoning module AITestSuite (131)
[2017.03.29-21.40.49:234][371]LogModuleManager: Shutting down and abandoning module AIModule (130)
[2017.03.29-21.40.49:258][371]LogModuleManager: Shutting down and abandoning module ProfilerService (129)
[2017.03.29-21.40.49:361][371]LogModuleManager: Shutting down and abandoning module TaskGraph (128)
[2017.03.29-21.40.49:456][371]LogModuleManager: Shutting down and abandoning module SlateRemote (127)
[2017.03.29-21.40.49:456][371]LogModuleManager: Shutting down and abandoning module SteamVRController (126)
[2017.03.29-21.40.49:456][371]LogModuleManager: Shutting down and abandoning module SteamVR (125)
[2017.03.29-21.40.49:456][371]LogModuleManager: Shutting down and abandoning module ProceduralMeshComponent (124)
[2017.03.29-21.40.49:456][371]LogModuleManager: Shutting down and abandoning module OculusLibrary (123)
[2017.03.29-21.40.49:456][371]LogModuleManager: Shutting down and abandoning module OculusInput (122)
[2017.03.29-21.40.49:456][371]LogModuleManager: Shutting down and abandoning module CustomMeshComponent (121)
[2017.03.29-21.40.49:466][371]LogModuleManager: Shutting down and abandoning module CableComponent (120)
[2017.03.29-21.40.49:490][371]LogModuleManager: Shutting down and abandoning module ArchVisCharacter (119)
[2017.03.29-21.40.49:490][371]LogModuleManager: Shutting down and abandoning module MediaPlayerEditor (118)
[2017.03.29-21.40.49:686][371]LogModuleManager: Shutting down and abandoning module HTML5Networking (117)
[2017.03.29-21.40.49:686][371]LogModuleManager: Shutting down and abandoning module SuperSearch (116)
[2017.03.29-21.40.49:686][371]LogModuleManager: Shutting down and abandoning module SuperSearchEditor (115)
[2017.03.29-21.40.49:686][371]LogModuleManager: Shutting down and abandoning module SpeedTreeImporter (114)
[2017.03.29-21.40.49:686][371]LogModuleManager: Shutting down and abandoning module PluginBrowser (113)
[2017.03.29-21.40.49:716][371]LogModuleManager: Shutting down and abandoning module EpicSurvey (112)
[2017.03.29-21.40.49:716][371]LogModuleManager: Shutting down and abandoning module DesktopPlatform (111)
[2017.03.29-21.40.49:886][371]LogModuleManager: Shutting down and abandoning module VisualStudioSourceCodeAccess (110)
[2017.03.29-21.40.50:301][371]LogModuleManager: Shutting down and abandoning module UObjectPlugin (109)
[2017.03.29-21.40.50:301][371]LogModuleManager: Shutting down and abandoning module SubversionSourceControl (108)
[2017.03.29-21.40.50:350][371]LogModuleManager: Shutting down and abandoning module PerforceSourceControl (107)
[2017.03.29-21.40.50:413][371]LogModuleManager: Shutting down and abandoning module SourceControl (106)
[2017.03.29-21.40.50:483][371]LogModuleManager: Shutting down and abandoning module GitSourceControl (105)
[2017.03.29-21.40.50:529][371]LogModuleManager: Shutting down and abandoning module LightPropagationVolumeEditor (104)
[2017.03.29-21.40.50:529][371]LogModuleManager: Shutting down and abandoning module PaperTiledImporter (103)
[2017.03.29-21.40.50:549][371]LogModuleManager: Shutting down and abandoning module PaperSpriteSheetImporter (102)
[2017.03.29-21.40.50:578][371]LogModuleManager: Shutting down and abandoning module MeshPaint (101)
[2017.03.29-21.40.50:595][371]LogModuleManager: Shutting down and abandoning module PixelInspectorModule (100)
[2017.03.29-21.40.50:644][371]LogModuleManager: Shutting down and abandoning module HotReload (99)
[2017.03.29-21.40.50:706][371]LogModuleManager: Shutting down and abandoning module MainFrame (98)
[2017.03.29-21.40.50:722][371]LogModuleManager: Shutting down and abandoning module LevelEditor (97)
[2017.03.29-21.40.50:745][371]LogModuleManager: Shutting down and abandoning module ContentBrowser (96)
[2017.03.29-21.40.50:747][371]LogModuleManager: Shutting down and abandoning module Paper2DEditor (95)
[2017.03.29-21.40.50:931][371]LogModuleManager: Shutting down and abandoning module UdpMessaging (94)
[2017.03.29-21.40.51:032][371]LogModuleManager: Shutting down and abandoning module LightPropagationVolumeRuntime (93)
[2017.03.29-21.40.51:032][371]LogModuleManager: Shutting down and abandoning module Paper2D (92)
[2017.03.29-21.40.51:098][371]LogModuleManager: Shutting down and abandoning module WindowsMoviePlayer (91)
[2017.03.29-21.40.51:110][371]LogModuleManager: Shutting down and abandoning module Media (90)
[2017.03.29-21.40.51:110][371]LogModuleManager: Shutting down and abandoning module WmfMedia (89)
[2017.03.29-21.40.51:130][371]LogModuleManager: Shutting down and abandoning module MediaAssets (88)
[2017.03.29-21.40.51:130][371]LogModuleManager: Shutting down and abandoning module GameLiveStreaming (87)
[2017.03.29-21.40.51:183][371]LogModuleManager: Shutting down and abandoning module GameplayTagsEditor (86)
[2017.03.29-21.40.51:183][371]LogModuleManager: Shutting down and abandoning module OnlineBlueprintSupport (85)
[2017.03.29-21.40.51:183][371]LogModuleManager: Shutting down and abandoning module VREditor (84)
[2017.03.29-21.40.51:197][371]LogModuleManager: Shutting down and abandoning module GameplayTasksEditor (83)
[2017.03.29-21.40.51:198][371]LogModuleManager: Shutting down and abandoning module PropertyEditor (82)
[2017.03.29-21.40.51:211][371]LogModuleManager: Shutting down and abandoning module BehaviorTreeEditor (81)
[2017.03.29-21.40.51:349][371]LogModuleManager: Shutting down and abandoning module FunctionalTesting (80)
[2017.03.29-21.40.51:391][371]LogModuleManager: Shutting down and abandoning module CollisionAnalyzer (79)
[2017.03.29-21.40.51:397][371]LogModuleManager: Shutting down and abandoning module Sequencer (78)
[2017.03.29-21.40.51:397][371]LogModuleManager: Shutting down and abandoning module WorkspaceMenuStructure (77)
[2017.03.29-21.40.51:397][371]LogModuleManager: Shutting down and abandoning module MessageLog (76)
[2017.03.29-21.40.51:397][371]LogModuleManager: Shutting down and abandoning module AssetTools (75)
[2017.03.29-21.40.51:495][371]LogModuleManager: Shutting down and abandoning module UMGEditor (74)
[2017.03.29-21.40.51:495][371]LogModuleManager: Shutting down and abandoning module UMG (73)
[2017.03.29-21.40.51:495][371]LogModuleManager: Shutting down and abandoning module SlateReflector (72)
[2017.03.29-21.40.51:573][371]LogModuleManager: Shutting down and abandoning module Slate (71)
[2017.03.29-21.40.51:573][371]LogModuleManager: Shutting down and abandoning module EditorStyle (70)
[2017.03.29-21.40.51:576][371]LogModuleManager: Shutting down and abandoning module SourceCodeAccess (69)
[2017.03.29-21.40.51:576][371]LogModuleManager: Shutting down and abandoning module HeadMountedDisplay (68)
[2017.03.29-21.40.51:576][371]LogModuleManager: Shutting down and abandoning module XAudio2 (67)
[2017.03.29-21.40.51:576][371]LogModuleManager: Shutting down and abandoning module Networking (65)
[2017.03.29-21.40.51:576][371]LogModuleManager: Shutting down and abandoning module Core (64)
[2017.03.29-21.40.51:576][371]LogModuleManager: Shutting down and abandoning module DirectoryWatcher (63)
[2017.03.29-21.40.51:577][371]LogModuleManager: Shutting down and abandoning module AssetRegistry (62)
[2017.03.29-21.40.51:841][371]LogModuleManager: Shutting down and abandoning module KismetCompiler (61)
[2017.03.29-21.40.51:841][371]LogModuleManager: Shutting down and abandoning module PhysXFormats (60)
[2017.03.29-21.40.51:841][371]LogModuleManager: Shutting down and abandoning module MeshUtilities (59)
[2017.03.29-21.40.51:926][371]LogModuleManager: Shutting down and abandoning module DerivedDataCache (58)
[2017.03.29-21.40.52:010][371]LogDerivedDataCache: Shutdown
[2017.03.29-21.40.52:010][371]LogModuleManager: Shutting down and abandoning module VulkanShaderFormat (57)
[2017.03.29-21.40.52:057][371]LogModuleManager: Shutting down and abandoning module ShaderFormatOpenGL (56)
[2017.03.29-21.40.52:123][371]LogModuleManager: Shutting down and abandoning module ShaderFormatD3D (55)
[2017.03.29-21.40.52:193][371]LogModuleManager: Shutting down and abandoning module MetalShaderFormat (54)
[2017.03.29-21.40.52:235][371]LogModuleManager: Shutting down and abandoning module TextureFormatUncompressed (53)
[2017.03.29-21.40.52:235][371]LogModuleManager: Shutting down and abandoning module TextureFormatPVR (52)
[2017.03.29-21.40.52:244][371]LogModuleManager: Shutting down and abandoning module TextureFormatIntelISPCTexComp (51)
[2017.03.29-21.40.52:296][371]LogModuleManager: Shutting down and abandoning module TextureFormatDXT (50)
[2017.03.29-21.40.52:296][371]LogModuleManager: Shutting down and abandoning module ImageWrapper (49)
[2017.03.29-21.40.52:296][371]LogModuleManager: Shutting down and abandoning module TextureFormatASTC (48)
[2017.03.29-21.40.52:296][371]LogModuleManager: Shutting down and abandoning module TextureFormatAndroid (47)
[2017.03.29-21.40.52:296][371]LogModuleManager: Shutting down and abandoning module AudioFormatOpus (46)
[2017.03.29-21.40.52:323][371]LogModuleManager: Shutting down and abandoning module AudioFormatOgg (45)
[2017.03.29-21.40.52:357][371]LogModuleManager: Shutting down and abandoning module AudioFormatADPCM (44)
[2017.03.29-21.40.52:374][371]LogModuleManager: Shutting down and abandoning module LinuxTargetPlatform (43)
[2017.03.29-21.40.52:374][371]LogModuleManager: Shutting down and abandoning module LinuxServerTargetPlatform (42)
[2017.03.29-21.40.52:471][371]LogModuleManager: Shutting down and abandoning module LinuxNoEditorTargetPlatform (41)
[2017.03.29-21.40.52:513][371]LogModuleManager: Shutting down and abandoning module TVOSTargetPlatform (40)
[2017.03.29-21.40.52:513][371]LogModuleManager: Shutting down and abandoning module Messaging (39)
[2017.03.29-21.40.52:513][371]LogModuleManager: Shutting down and abandoning module IOSTargetPlatform (38)
[2017.03.29-21.40.52:513][371]LogModuleManager: Shutting down and abandoning module HTML5TargetPlatform (37)
[2017.03.29-21.40.52:513][371]LogModuleManager: Shutting down and abandoning module Android_PVRTCTargetPlatform (36)
[2017.03.29-21.40.52:513][371]LogModuleManager: Shutting down and abandoning module Android_MultiTargetPlatform (35)
[2017.03.29-21.40.52:581][371]LogModuleManager: Shutting down and abandoning module Android_ETC2TargetPlatform (34)
[2017.03.29-21.40.52:581][371]LogModuleManager: Shutting down and abandoning module Android_ETC1TargetPlatform (33)
[2017.03.29-21.40.52:581][371]LogModuleManager: Shutting down and abandoning module Android_DXTTargetPlatform (32)
[2017.03.29-21.40.52:581][371]LogModuleManager: Shutting down and abandoning module Android_ATCTargetPlatform (31)
[2017.03.29-21.40.52:581][371]LogModuleManager: Shutting down and abandoning module Android_ASTCTargetPlatform (30)
[2017.03.29-21.40.52:581][371]LogModuleManager: Shutting down and abandoning module AndroidTargetPlatform (29)
[2017.03.29-21.40.52:581][371]LogModuleManager: Shutting down and abandoning module WindowsTargetPlatform (28)
[2017.03.29-21.40.52:581][371]LogModuleManager: Shutting down and abandoning module WindowsServerTargetPlatform (27)
[2017.03.29-21.40.52:669][371]LogModuleManager: Shutting down and abandoning module WindowsNoEditorTargetPlatform (26)
[2017.03.29-21.40.52:676][371]LogModuleManager: Shutting down and abandoning module WindowsClientTargetPlatform (25)
[2017.03.29-21.40.52:680][371]LogModuleManager: Shutting down and abandoning module AllDesktopTargetPlatform (24)
[2017.03.29-21.40.52:680][371]LogModuleManager: Shutting down and abandoning module TargetPlatform (23)
[2017.03.29-21.40.52:695][371]LogModuleManager: Shutting down and abandoning module InputCore (22)
[2017.03.29-21.40.52:695][371]LogModuleManager: Shutting down and abandoning module Settings (21)
[2017.03.29-21.40.52:711][371]LogModuleManager: Shutting down and abandoning module OnlineSubsystem (19)
[2017.03.29-21.40.52:722][371]LogModuleManager: Shutting down and abandoning module HTTP (18)
[2017.03.29-21.40.56:730][371]LogModuleManager: Shutting down and abandoning module XMPP (17)
[2017.03.29-21.40.56:826][371]LogModuleManager: Shutting down and abandoning module OculusRift (16)
[2017.03.29-21.40.56:904][371]LogModuleManager: Shutting down and abandoning module ExampleDeviceProfileSelector (15)
[2017.03.29-21.40.56:904][371]LogModuleManager: Shutting down and abandoning module TextureCompressor (14)
[2017.03.29-21.40.56:904][371]LogModuleManager: Shutting down and abandoning module ShaderCore (13)
[2017.03.29-21.40.56:904][371]LogModuleManager: Shutting down and abandoning module Landscape (12)
[2017.03.29-21.40.56:904][371]LogModuleManager: Shutting down and abandoning module SlateRHIRenderer (11)
[2017.03.29-21.40.57:129][371]LogModuleManager: Shutting down and abandoning module OpenGLDrv (10)
[2017.03.29-21.40.57:200][371]LogModuleManager: Shutting down and abandoning module D3D11RHI (9)
[2017.03.29-21.40.57:200][371]LogModuleManager: Shutting down and abandoning module AnimGraphRuntime (8)
[2017.03.29-21.40.57:200][371]LogModuleManager: Shutting down and abandoning module Renderer (7)
[2017.03.29-21.40.57:200][371]LogModuleManager: Shutting down and abandoning module Engine (6)
[2017.03.29-21.40.57:200][371]LogModuleManager: Shutting down and abandoning module CoreUObject (5)
[2017.03.29-21.40.57:200][371]LogModuleManager: Shutting down and abandoning module NetworkFile (4)
[2017.03.29-21.40.57:221][371]LogModuleManager: Shutting down and abandoning module StreamingFile (3)
[2017.03.29-21.40.57:221][371]LogModuleManager: Shutting down and abandoning module SandboxFile (2)
[2017.03.29-21.40.57:234][371]LogModuleManager: Shutting down and abandoning module PakFile (1)
[2017.03.29-21.40.57:367][371]LogExit: Exiting.
[2017.03.29-21.40.57:418][371]Log file closed, 03/29/17 17:40:57
