Log file open, 05/01/17 19:15:57
LogInit:Display: Running engine for game: Game
LogPlatformFile: Not using cached read wrapper
LogInit:Display: RandInit(-629627725) SRandInit(-629627723).
LogTaskGraph: Started task graph with 4 named threads and 7 total threads with 1 sets of task threads.
LogStats: Stats thread started at 0.127720
LogInit: Version: 4.12.5-3039270+++UE4+Release-4.12
LogInit: API Version: 2992821
LogInit: Net Version: 3039270
LogDevObjectVersion: Number of dev versions registered: 13
LogDevObjectVersion:   Dev-Blueprints (B0D832E4-1F89-4F0D-ACCF-7EB736FD4AA2): 3
LogDevObjectVersion:   Dev-Build (E1C64328-A22C-4D53-A36C-8E866417BD8C): 0
LogDevObjectVersion:   Dev-Core (375EC13C-06E4-48FB-B500-84F0262A717E): 1
LogDevObjectVersion:   Dev-Editor (E4B068ED-F494-42E9-A231-DA0B2E46BB41): 2
LogDevObjectVersion:   Dev-Framework (CFFC743F-43B0-4480-9391-14DF171D2073): 6
LogDevObjectVersion:   Dev-Mobile (B02B49B5-BB20-44E9-A304-32B752E40360): 0
LogDevObjectVersion:   Dev-Networking (A4E4105C-59A1-49B5-A7C5-40C4547EDFEE): 0
LogDevObjectVersion:   Dev-Online (39C831C9-5AE6-47DC-9A44-9C173E1C8E7C): 0
LogDevObjectVersion:   Dev-Physics (78F01B33-EBEA-4F98-B9B4-84EACCB95AA2): 0
LogDevObjectVersion:   Dev-Platform (6631380F-2D4D-43E0-8009-CF276956A95A): 0
LogDevObjectVersion:   Dev-Rendering (12F88B9F-8875-4AFC-A67C-D90C383ABD29): 2
LogDevObjectVersion:   Dev-Sequencer (7B5AE74C-D270-4C10-A958-57980B212A5A): 0
LogDevObjectVersion:   Dev-VR (D7296918-1DD6-4BDD-9DE2-64A83CC13884): 0
LogInit: Compiled (64-bit): Jul  6 2016 09:09:46
LogInit: Compiled with Visual C++: 19.00.23026.00
LogInit: Build Configuration: Development
LogInit: Branch Name: ++UE4+Release-4.12
LogInit: Command line:  
LogInit: Base directory: E:/New folder/Paragon/UE_4.12/Engine/Binaries/Win64/
LogInit: Installed Engine Build: 1
LogInit: Using libcurl 7.41.0
LogInit:  - built for x86_64-pc-win32
LogInit:  - supports SSL with WinSSL
LogInit:  - other features:
LogInit:      CURL_VERSION_SSL
LogInit:      CURL_VERSION_IPV6
LogInit:      CURL_VERSION_ASYNCHDNS
LogInit:      CURL_VERSION_LARGEFILE
LogInit:      CURL_VERSION_IDN
LogInit:  CurlRequestOptions (configurable via config and command line):
LogInit:  - bVerifyPeer = true  - Libcurl will verify peer certificate
LogInit:  - bUseHttpProxy = false  - Libcurl will NOT use HTTP proxy
LogInit:  - bDontReuseConnections = false  - Libcurl will reuse connections
LogInit:  - CertBundlePath = nullptr  - Libcurl will use whatever was configured at build time.
LogInit: Presizing for max 8388607 objects, including 0 objects not considered by GC, pre-allocating 0 bytes for permanent pool.
LogInit: Object subsystem initialized
[2017.05.01-23.15.58:328][  0]LogInit: Selected Device Profile: [Windows]
[2017.05.01-23.15.58:328][  0]LogInit: Applying CVar settings loaded from the selected device profile: [Windows]
[2017.05.01-23.15.58:463][  0]LogInit: Computer: DESKTOP-JAT82AM
[2017.05.01-23.15.58:464][  0]LogInit: User: Alex
[2017.05.01-23.15.58:464][  0]LogInit: CPU Page size=65536, Cores=4
[2017.05.01-23.15.58:464][  0]LogInit: High frequency timer resolution =3.906245 MHz
[2017.05.01-23.15.58:473][  0]LogMemory: Memory total: Physical=15.9GB (16GB approx)
[2017.05.01-23.15.58:476][  0]LogMemory: Platform Memory Stats for Windows
[2017.05.01-23.15.58:476][  0]LogMemory: Process Physical Memory: 193.09 MB used, 193.09 MB peak
[2017.05.01-23.15.58:476][  0]LogMemory: Process Virtual Memory: 195.50 MB used, 195.50 MB peak
[2017.05.01-23.15.58:476][  0]LogMemory: Physical Memory: 4861.63 MB used, 16332.62 MB total
[2017.05.01-23.15.58:476][  0]LogMemory: Virtual Memory: 581.54 MB used, 134217728.00 MB total
[2017.05.01-23.15.59:658][  0]LogTextLocalizationManager: No specific translations for ('en-US') exist, so ('en') translations will be used.
[2017.05.01-23.16.00:640][  0]LogD3D11RHI: D3D11 adapters:
[2017.05.01-23.16.00:705][  0]LogD3D11RHI:    0. 'AMD Radeon R9 200 Series' (Feature Level 11_0)
[2017.05.01-23.16.00:705][  0]LogD3D11RHI:       4073/0/8166 MB DedicatedVideo/DedicatedSystem/SharedSystem, Outputs:1, VendorId:0x1002
[2017.05.01-23.16.00:710][  0]LogD3D11RHI:    1. 'Microsoft Basic Render Driver' (Feature Level 11_0)
[2017.05.01-23.16.00:710][  0]LogD3D11RHI:       0/0/8166 MB DedicatedVideo/DedicatedSystem/SharedSystem, Outputs:0, VendorId:0x1414
[2017.05.01-23.16.00:710][  0]LogD3D11RHI: Chosen D3D11 Adapter: 0
[2017.05.01-23.16.00:721][  0]LogD3D11RHI: Creating new Direct3DDevice
[2017.05.01-23.16.00:721][  0]LogD3D11RHI:     GPU DeviceId: 0x67b0 (for the marketing name, search the web for "GPU Device Id")
[2017.05.01-23.16.00:722][  0]LogWindows: EnumDisplayDevices:
[2017.05.01-23.16.00:722][  0]LogWindows:    0. 'AMD Radeon R9 200 Series' (P:1 D:1)
[2017.05.01-23.16.00:722][  0]LogWindows:    1. 'AMD Radeon R9 200 Series' (P:0 D:0)
[2017.05.01-23.16.00:723][  0]LogWindows:    2. 'AMD Radeon R9 200 Series' (P:0 D:0)
[2017.05.01-23.16.00:724][  0]LogWindows:    3. 'AMD Radeon R9 200 Series' (P:0 D:0)
[2017.05.01-23.16.00:724][  0]LogWindows:    4. 'AMD Radeon R9 200 Series' (P:0 D:0)
[2017.05.01-23.16.00:725][  0]LogWindows:    5. 'AMD Radeon R9 200 Series' (P:0 D:0)
[2017.05.01-23.16.00:725][  0]LogWindows: DebugString: FoundDriverCount:6 
[2017.05.01-23.16.00:725][  0]LogD3D11RHI:     Adapter Name: AMD Radeon R9 200 Series
[2017.05.01-23.16.00:725][  0]LogD3D11RHI:   Driver Version: Crimson ReLive 17.1.1 (internal:21.19.411.0, unified:21.19.411.0)
[2017.05.01-23.16.00:725][  0]LogD3D11RHI:      Driver Date: 1-13-2017
[2017.05.01-23.16.00:725][  0]LogRHI: Texture pool is 1361 MB (70% of 1945 MB)
[2017.05.01-23.16.00:743][  0]LogD3D11RHI: Async texture creation disabled: no driver support
[2017.05.01-23.16.01:063][  0]LogD3D11RHI: GPU Timing Frequency: 27.000000 (Debug: 2 1)
[2017.05.01-23.16.01:148][  0]LogShaderCompilers: Guid format shader working directory is 7 characters bigger than the processId version (C:/Users/Alex/Desktop/Gith/CGT445/Game/Intermediate/Shaders/WorkingDirectory/4740/).
[2017.05.01-23.16.01:148][  0]LogShaderCompilers: Cleaned the shader compiler working directory 'C:/Users/Alex/AppData/Local/Temp/UnrealShaderWorkingDir/9B3627864C0020F5CBF922A30AFE567B/'.
[2017.05.01-23.16.01:155][  0]LogShaderCompilers:Display: Using Local Shader Compiler.
[2017.05.01-23.16.05:014][  0]LogTemp:Display: Loaded TP AllDesktopTargetPlatform
[2017.05.01-23.16.05:027][  0]LogTemp:Display: Loaded TP WindowsClientTargetPlatform
[2017.05.01-23.16.05:038][  0]LogTemp:Display: Loaded TP WindowsNoEditorTargetPlatform
[2017.05.01-23.16.05:046][  0]LogTemp:Display: Loaded TP WindowsServerTargetPlatform
[2017.05.01-23.16.05:054][  0]LogTemp:Display: Loaded TP WindowsTargetPlatform
[2017.05.01-23.16.05:073][  0]LogTemp:Display: Loaded TP AndroidTargetPlatform
[2017.05.01-23.16.05:113][  0]LogTemp:Display: Loaded TP Android_ASTCTargetPlatform
[2017.05.01-23.16.05:128][  0]LogTemp:Display: Loaded TP Android_ATCTargetPlatform
[2017.05.01-23.16.05:135][  0]LogTemp:Display: Loaded TP Android_DXTTargetPlatform
[2017.05.01-23.16.05:143][  0]LogTemp:Display: Loaded TP Android_ETC1TargetPlatform
[2017.05.01-23.16.05:161][  0]LogTemp:Display: Loaded TP Android_ETC2TargetPlatform
[2017.05.01-23.16.05:180][  0]LogTemp:Display: Loaded TP Android_MultiTargetPlatform
[2017.05.01-23.16.05:180][  0]LogTemp:Display: Loaded TP Android_PVRTCTargetPlatform
[2017.05.01-23.16.05:181][  0]LogTemp:Display: Loaded TP HTML5TargetPlatform
[2017.05.01-23.16.05:290][  0]LogTemp:Display: Loaded TP IOSTargetPlatform
[2017.05.01-23.16.05:304][  0]LogTemp:Display: Loaded TP TVOSTargetPlatform
[2017.05.01-23.16.05:334][  0]LogTemp:Display: Loaded TP LinuxNoEditorTargetPlatform
[2017.05.01-23.16.05:345][  0]LogTemp:Display: Loaded TP LinuxServerTargetPlatform
[2017.05.01-23.16.05:397][  0]LogTemp:Display: Loaded TP LinuxTargetPlatform
[2017.05.01-23.16.05:397][  0]LogTargetPlatformManager:Display: Building Assets For Windows
[2017.05.01-23.16.06:360][  0]LogDerivedDataCache:Display: Max Cache Size: 512 MB
[2017.05.01-23.16.06:653][  0]LogDerivedDataCache: Loaded boot cache 0.29s 48MB C:/Users/Alex/AppData/Local/UnrealEngine/4.12/DerivedDataCache/Boot.ddc.
[2017.05.01-23.16.06:654][  0]LogDerivedDataCache:Display: Loaded Boot cache: C:/Users/Alex/AppData/Local/UnrealEngine/4.12/DerivedDataCache/Boot.ddc
[2017.05.01-23.16.06:654][  0]LogDerivedDataCache: FDerivedDataBackendGraph:  Pak pak cache file C:/Users/Alex/Desktop/Gith/CGT445/Game/DerivedDataCache/DDC.ddp not found, will not use a pak cache.
[2017.05.01-23.16.06:654][  0]LogDerivedDataCache: Unable to find inner node Pak for hierarchical cache Hierarchy.
[2017.05.01-23.16.06:654][  0]LogDerivedDataCache: FDerivedDataBackendGraph:  CompressedPak pak cache file C:/Users/Alex/Desktop/Gith/CGT445/Game/DerivedDataCache/Compressed.ddp not found, will not use a pak cache.
[2017.05.01-23.16.06:654][  0]LogDerivedDataCache: Unable to find inner node CompressedPak for hierarchical cache Hierarchy.
[2017.05.01-23.16.06:758][  0]LogDerivedDataCache:Display: Pak cache opened for reading ../../../Engine/DerivedDataCache/Compressed.ddp.
[2017.05.01-23.16.06:770][  0]LogDerivedDataCache: Using Local data cache path C:/Users/Alex/AppData/Local/UnrealEngine/Common/DerivedDataCache: Writable
[2017.05.01-23.16.13:767][  0]LogInit: Selected Device Profile: [Windows]
[2017.05.01-23.16.13:823][  0]LogContentStreaming: Texture pool size is 0.00 MB
[2017.05.01-23.16.16:269][  0]LogMeshUtilities: No automatic mesh reduction module available
[2017.05.01-23.16.16:269][  0]LogMeshUtilities: No automatic mesh merging module available
[2017.05.01-23.16.16:269][  0]LogMeshUtilities: No distributed automatic mesh merging module available
[2017.05.01-23.16.20:010][  0]LogAssetRegistry: FAssetRegistry took 0.0237 seconds to start up
[2017.05.01-23.16.20:293][  0]LogPackageLocalizationCache: Processed 3 localized package path(s) for 2 prioritized culture(s) in 0.152554 seconds
[2017.05.01-23.16.20:359][  0]LogUObjectArray: 28739 objects as part of root set at end of initial load.
[2017.05.01-23.16.20:359][  0]LogUObjectAllocator: 5855624 out of 0 bytes used by permanent object pool.
[2017.05.01-23.16.20:359][  0]LogUObjectArray: CloseDisregardForGC: 0/0 objects in disregard for GC pool
[2017.05.01-23.16.20:477][  0]LogInit: WinSock: version 1.1 (2.2), MaxSocks=32767, MaxUdp=65467
[2017.05.01-23.16.28:733][  0]LogSlate: SlateFontCache - WITH_FREETYPE: 1, WITH_HARFBUZZ: 1
[2017.05.01-23.16.28:733][  0]LogSlate: SlateFontCache - WITH_FREETYPE: 1, WITH_HARFBUZZ: 1
[2017.05.01-23.16.53:631][  0]LogUdpMessaging: Initializing bridge on interface 0.0.0.0:0 to multicast group 230.0.0.1:6666.
[2017.05.01-23.16.56:085][  0]SourceControl: Info Source control is disabled
[2017.05.01-23.16.56:101][  0]SourceControl: Info Source control is disabled
[2017.05.01-23.16.56:233][  0]SourceControl: Info Source control is disabled
[2017.05.01-23.16.56:261][  0]SourceControl: Info Source control is disabled
[2017.05.01-23.16.58:808][  0]LogEngine: Initializing Engine...
[2017.05.01-23.16.58:966][  0]LogHMD: SteamVR failed to initialize.  Err: 110
[2017.05.01-23.16.58:971][  0]LogHMD: SteamVR failed to initialize.  Err: 110
[2017.05.01-23.16.59:980][  0]LogAIModule: Creating AISystem for world NewWorld
[2017.05.01-23.17.00:181][  0]LogInit: XAudio2 using 'Speakers (Realtek High Definition Audio)' : 2 channels at 48 kHz using 32 bits per sample (channel mask 0x3)
[2017.05.01-23.17.00:289][  0]LogInit: FAudioDevice initialized.
[2017.05.01-23.17.00:330][  0]LogDerivedDataCache: Saved boot cache 0.04s 48MB C:/Users/Alex/AppData/Local/UnrealEngine/4.12/DerivedDataCache/Boot.ddc.
[2017.05.01-23.17.00:339][  0]LogInit: Texture streaming: Enabled
[2017.05.01-23.17.01:270][  0]LogInit: Transaction tracking system initialized
[2017.05.01-23.17.02:466][  0]BlueprintLog: New page: Editor Load
[2017.05.01-23.17.05:989][  0]LocalizationService: Info Localization service is disabled
[2017.05.01-23.17.08:219][  0]LogConsoleResponse:Display: 
[2017.05.01-23.17.10:255][  0]LogFileCache: Scanning file cache for directory 'C:/Users/Alex/Desktop/Gith/CGT445/Game/Content/' took 0.02s
[2017.05.01-23.17.10:255][  0]LogCook:Display: Max memory allowance for cook 8192mb
[2017.05.01-23.17.10:255][  0]LogCook:Display: Mobile HDR setting 1
[2017.05.01-23.17.16:196][  0]SourceControl: Info Source control is disabled
[2017.05.01-23.17.16:440][  0]Cmd: MAP LOAD FILE="C:/Users/Alex/Desktop/Gith/CGT445/Game/Content/Maps/Grand_Cafeteria.umap" TEMPLATE=0 SHOWPROGRESS=1 FEATURELEVEL=3
[2017.05.01-23.17.16:486][  0]LightingResults: New page: Lighting Build
[2017.05.01-23.17.16:663][  0]MapCheck: New page: Map Check
[2017.05.01-23.17.16:663][  0]LightingResults: New page: Lighting Build
[2017.05.01-23.17.21:485][  0]LogTexture:Display: Building textures: HQ_Lightmap0_1 (AutoDXT)
[2017.05.01-23.17.21:653][  0]LogTexture:Display: Building textures: HQ_Lightmap0_2 (AutoDXT)
[2017.05.01-23.17.21:781][  0]LogTexture:Display: Building textures: HQ_Lightmap0_3 (AutoDXT)
[2017.05.01-23.17.21:923][  0]LogTexture:Display: Building textures: HQ_Lightmap0_4 (AutoDXT)
[2017.05.01-23.17.21:948][  0]LogTexture:Display: Building textures: HQ_Lightmap1_5 (AutoDXT)
[2017.05.01-23.17.21:958][  0]LogTexture:Display: Building textures: LQ_Lightmap_0_1 (DXT1)
[2017.05.01-23.17.22:017][  0]LogTexture:Display: Building textures: LQ_Lightmap_0_2 (DXT1)
[2017.05.01-23.17.22:081][  0]LogTexture:Display: Building textures: LQ_Lightmap_0_3 (DXT1)
[2017.05.01-23.17.22:160][  0]LogTexture:Display: Building textures: LQ_Lightmap_0_4 (DXT1)
[2017.05.01-23.17.22:171][  0]LogTexture:Display: Building textures: LQ_Lightmap_1_5 (DXT1)
[2017.05.01-23.17.22:291][  0]LogTexture:Display: Building textures: ShadowMapTexture2D_2 (BGRA8)
[2017.05.01-23.17.22:392][  0]LogTexture:Display: Building textures: ShadowMapTexture2D_3 (G8)
[2017.05.01-23.17.23:049][  0]LogTexture:Display: Building textures: Tomato_texture (AutoDXT)
[2017.05.01-23.17.23:207][  0]LogMaterial: Missing cached shader map for material Material__Tomato_texture_tga, compiling. 
[2017.05.01-23.17.23:463][  0]LogMaterial: Missing cached shader map for material Material_001__Tomato_texture_tga, compiling. 
[2017.05.01-23.17.24:833][  0]LogAIModule: Creating AISystem for world Grand_Cafeteria
[2017.05.01-23.17.25:502][  0]LogEditorServer: Finished looking for orphan Actors (0.000 secs)
[2017.05.01-23.17.25:524][  0]Cmd: MAP CHECKDEP NOCLEARLOG
[2017.05.01-23.17.25:638][  0]MapCheck: Info Map check complete: 0 Error(s), 0 Warning(s), took 114.942ms to complete.
[2017.05.01-23.17.25:639][  0]LogFileHelpers: Loading map 'Grand_Cafeteria' took 9.347
[2017.05.01-23.17.27:183][  0]LogCollectionManager: Loaded 1 collections in 0.084114 seconds
[2017.05.01-23.17.27:790][  0]LogFileCache: Scanning file cache for directory 'C:/Users/Alex/Desktop/Gith/CGT445/Game/Saved/Collections/' took 0.01s
[2017.05.01-23.17.27:790][  0]LogFileCache: Scanning file cache for directory 'C:/Users/Alex/Desktop/Gith/CGT445/Game/Content/Developers/Alex/Collections/' took 0.01s
[2017.05.01-23.17.27:790][  0]LogFileCache: Scanning file cache for directory 'C:/Users/Alex/Desktop/Gith/CGT445/Game/Content/Collections/' took 0.01s
[2017.05.01-23.17.27:790][  0]LogCollectionManager: Rebuilt the GUID cache for 1 collections in 0.000008 seconds
[2017.05.01-23.17.27:812][  0]LogCollectionManager: Rebuilt the hierarchy cache for 1 collections in 0.000002 seconds
[2017.05.01-23.17.27:970][  0]LogContentBrowser: Native class hierarchy populated in 0.0836 seconds. Added 2047 classes and 369 folders.
[2017.05.01-23.17.28:257][  0]LogStats: UGameplayTagsManager::ConstructGameplayTagTree: Construct from data asset -  0.000 s
[2017.05.01-23.17.28:274][  0]LogStats: UGameplayTagsManager::ConstructGameplayTagTree: GameplayTagTreeChangedEvent.Broadcast -  0.016 s
[2017.05.01-23.17.28:286][  0]LogContentBrowser: Native class hierarchy updated for 'GameplayTags' in 0.0007 seconds. Added 12 classes and 0 folders.
[2017.05.01-23.17.28:409][  0]LogContentBrowser: Native class hierarchy updated for 'WidgetCarousel' in 0.0006 seconds. Added 0 classes and 0 folders.
[2017.05.01-23.17.32:722][  0]LogContentBrowser: Native class hierarchy updated for 'AddContentDialog' in 0.0014 seconds. Added 0 classes and 0 folders.
[2017.05.01-23.17.32:775][  0]LogContentBrowser: Native class hierarchy updated for 'SceneOutliner' in 0.0015 seconds. Added 1 classes and 2 folders.
[2017.05.01-23.17.34:533][  0]LogCrashTracker: Crashtracker disabled due to settings.
[2017.05.01-23.17.35:306][  0]LogUObjectGlobals:Warning: Failed to find object 'Class None.'
[2017.05.01-23.17.35:508][  0]LogContentBrowser: Native class hierarchy updated for 'HierarchicalLODOutliner' in 0.0011 seconds. Added 1 classes and 2 folders.
[2017.05.01-23.17.35:508][  0]LogLoad: Full Startup: 102.35 seconds (BP compile: 1.77 seconds)
[2017.05.01-23.17.35:509][  0]LogExternalProfiler: No external profilers were discovered.  External profiling features will not be available.
[2017.05.01-23.17.35:545][  0]LogOcInput: OculusInput pre-init called
[2017.05.01-23.17.35:769][  0]LogContentStreaming: Texture pool size now 1000 MB
[2017.05.01-23.17.36:296][  0]LogRenderer: Reallocating scene render targets to support 952x576 (Frame:2).
[2017.05.01-23.17.36:823][  1]LogFileCache: Retrieving MD5 hashes for directory 'C:/Users/Alex/Desktop/Gith/CGT445/Game/Content/' took 1.21s
[2017.05.01-23.17.37:451][  3]LogAssetRegistry: Asset discovery search completed in 77.4643 seconds
[2017.05.01-23.17.37:451][  3]LogCollectionManager: Rebuilt the object cache for 1 collections in 0.000006 seconds (found 0 objects)
[2017.05.01-23.17.37:451][  3]LogCollectionManager: Fixed up redirectors for 1 collections in 0.000017 seconds (updated 0 objects)
[2017.05.01-23.17.40:559][226]LogContentBrowser: Native class hierarchy updated for 'BlueprintGraph' in 0.0016 seconds. Added 111 classes and 0 folders.
[2017.05.01-23.17.44:606][226]LogAudioDerivedData:Display: Building compressed audio format OGG wave BGmusic01...
[2017.05.01-23.17.52:485][800]Cmd: OBJ SAVEPACKAGE PACKAGE="/Game/Maps/Grand_Cafeteria" FILE="C:/Users/Alex/Desktop/Gith/CGT445/Game/Saved/Autosaves/Game/Maps/UEDPCGrand_Cafeteria.umap" SILENT=true AUTOSAVING=true KEEPDIRTY=true
[2017.05.01-23.17.53:016][800]LogSavePackage: Save=439.00ms
[2017.05.01-23.17.53:016][800]LogSavePackage: Moving 'C:/Users/Alex/Desktop/Gith/CGT445/Game/Saved/UEDPCGrand_Cafeteria2C59E8E74EB5B4C36FBC3BB97C40CECE.tmp' to 'C:/Users/Alex/Desktop/Gith/CGT445/Game/Saved/Autosaves/Game/Maps/UEDPCGrand_Cafeteria.umap'
[2017.05.01-23.17.53:018][800]LogSavePackage:Display: Finished SavePackage C:/Users/Alex/Desktop/Gith/CGT445/Game/Saved/Autosaves/Game/Maps/UEDPCGrand_Cafeteria.umap
[2017.05.01-23.17.53:028][800]LogEditorTransaction: Undo Spawn Play From Here Start
[2017.05.01-23.23.42:480][217]LogEditorViewport: Clicking on Actor (LMB): StaticMeshActor (dining_table_fixed9)
[2017.05.01-23.23.43:568][308]LogEditorViewport: Clicking on Actor (LMB): StaticMeshActor (dining_table_fixed15)
[2017.05.01-23.23.44:740][431]Cmd: TRANSACTION UNDO
[2017.05.01-23.23.44:740][431]LogEditorTransaction: Undo Animatable Property Changed
[2017.05.01-23.23.46:283][611]Cmd: TRANSACTION UNDO
[2017.05.01-23.23.46:283][611]LogEditorTransaction: Undo Animatable Property Changed
[2017.05.01-23.23.46:871][680]Cmd: TRANSACTION UNDO
[2017.05.01-23.23.46:871][680]LogEditorTransaction: Undo Animatable Property Changed
[2017.05.01-23.23.53:770][461]Cmd: TRANSACTION UNDO
[2017.05.01-23.23.53:770][461]LogEditorTransaction: Undo Move Actors
[2017.05.01-23.23.53:786][461]LogActorComponent: ~FComponentReregisterContext: (/Game/Maps/Grand_Cafeteria.Grand_Cafeteria:PersistentLevel.Furniture71.StaticMeshComponent0) Component already registered.
[2017.05.01-23.23.55:398][636]Cmd: TRANSACTION UNDO
[2017.05.01-23.23.55:398][636]LogEditorTransaction: Undo Move Actors
[2017.05.01-23.23.55:399][636]LogActorComponent: ~FComponentReregisterContext: (/Game/Maps/Grand_Cafeteria.Grand_Cafeteria:PersistentLevel.Furniture71.StaticMeshComponent0) Component already registered.
[2017.05.01-23.23.55:843][688]LogEditorViewport: Clicking on Actor (LMB): StaticMeshActor (Floor_400x400)
[2017.05.01-23.23.56:656][780]LogEditorViewport: Clicking on Actor (LMB): StaticMeshActor (Furniture74)
[2017.05.01-23.24.03:823][549]LogEditorViewport: Clicking on Actor (context menu): StaticMeshActor (Floor_400x400)
[2017.05.01-23.24.10:305][218]LogEditorViewport: Clicking on Actor (LMB): StaticMeshActor (dining_table_fixed5)
[2017.05.01-23.24.11:945][394]LogEditorViewport: Clicking on Actor (LMB): StaticMeshActor (Floor_400x400)
[2017.05.01-23.24.12:329][435]LogEditorViewport: Clicking on Actor (LMB): StaticMeshActor (Furniture31)
[2017.05.01-23.24.17:430][  8]Cmd: TRANSACTION UNDO
[2017.05.01-23.24.17:431][  8]LogEditorTransaction: Undo Animatable Property Changed
[2017.05.01-23.24.18:440][127]LogEditorViewport: Clicking on Actor (LMB): StaticMeshActor (Furniture32)
[2017.05.01-23.24.19:543][251]Cmd: TRANSACTION UNDO
[2017.05.01-23.24.19:543][251]LogEditorTransaction: Undo Clicking on Actors
[2017.05.01-23.24.19:844][283]Cmd: TRANSACTION UNDO
[2017.05.01-23.24.19:844][283]LogEditorTransaction: Undo Animatable Property Changed
[2017.05.01-23.24.20:875][405]LogEditorViewport: Clicking on Actor (LMB): StaticMeshActor (Floor_400x400)
[2017.05.01-23.24.26:495][992]LogEditorViewport: Clicking on Actor (LMB): StaticMeshActor (Furniture32)
[2017.05.01-23.24.55:100][438]LogEditorViewport: Clicking on Actor (double click): TargetPoint (TargetPoint9)
[2017.05.01-23.24.55:874][520]Cmd: TRANSACTION UNDO
[2017.05.01-23.24.55:874][520]LogEditorTransaction: Undo Clicking on Actors (double-click)
[2017.05.01-23.25.02:278][249]LogEditorViewport: Clicking on Actor (LMB): TargetPoint (TargetPoint10)
[2017.05.01-23.25.12:521][373]LogEditorViewport: Clicking on Actor (LMB): StaticMeshActor (SodaMachine)
[2017.05.01-23.25.14:891][639]LogEditorViewport: Clicking on Actor (LMB): StaticMeshActor (SnackMachine2)
[2017.05.01-23.25.17:384][905]Cmd: TRANSACTION UNDO
[2017.05.01-23.25.17:384][905]LogEditorTransaction: Undo Scale Actors
[2017.05.01-23.26.10:406][539]LogEditorViewport: Clicking on Actor (LMB): Blueprint_CeilingLight_C (Blueprint_CeilingLight5)
[2017.05.01-23.27.22:015][333]LogEditorViewport: Clicking on Actor (LMB): StaticMeshActor (SnackMachine)
[2017.05.01-23.27.23:935][541]LogEditorViewport: Clicking on Actor (LMB): Blueprint_CeilingLight_C (Blueprint_CeilingLight5)
[2017.05.01-23.27.24:537][609]LogEditorViewport: Clicking on Actor (LMB): Blueprint_CeilingLight_C (Blueprint_CeilingLight5)
[2017.05.01-23.27.31:813][380]Cmd: TRANSACTION UNDO
[2017.05.01-23.27.31:813][380]LogEditorTransaction: Undo Edit Source Radius
[2017.05.01-23.27.38:849][195]0.427591
[2017.05.01-23.27.38:888][199]0.474387
[2017.05.01-23.27.38:902][200]0.540564
[2017.05.01-23.27.38:917][201]0.693863
[2017.05.01-23.27.38:930][202]0.855563
[2017.05.01-23.27.38:951][204]0.972718
[2017.05.01-23.27.38:963][205]1.061069
[2017.05.01-23.27.38:977][206]1.120458
[2017.05.01-23.27.38:998][208]1.183014
[2017.05.01-23.27.39:011][209]1.298119
[2017.05.01-23.27.39:032][211]1.418886
[2017.05.01-23.27.39:033][211]1.463125
[2017.05.01-23.27.39:046][212]1.507864
[2017.05.01-23.27.39:060][213]1.584566
[2017.05.01-23.27.39:074][214]1.625868
[2017.05.01-23.27.42:713][634]Cmd: TRANSACTION UNDO
[2017.05.01-23.27.42:713][634]LogEditorTransaction: Undo Edit Color
[2017.05.01-23.39.10:592][ 59]Cmd: OBJ SAVEPACKAGE PACKAGE="/Game/Maps/Grand_Cafeteria" FILE="C:/Users/Alex/Desktop/Gith/CGT445/Game/Saved/Autosaves/Game/Maps/Grand_Cafeteria_Auto1.umap" SILENT=true AUTOSAVING=true KEEPDIRTY=false
[2017.05.01-23.39.10:934][ 59]LogSavePackage: Save=321.60ms
[2017.05.01-23.39.10:934][ 59]LogSavePackage: Moving 'C:/Users/Alex/Desktop/Gith/CGT445/Game/Saved/Grand_Cafeteria_Auto1B74D51E446DB35E5F1721FA25C1B3690.tmp' to 'C:/Users/Alex/Desktop/Gith/CGT445/Game/Saved/Autosaves/Game/Maps/Grand_Cafeteria_Auto1.umap'
[2017.05.01-23.39.10:935][ 59]LogSavePackage:Display: Finished SavePackage C:/Users/Alex/Desktop/Gith/CGT445/Game/Saved/Autosaves/Game/Maps/Grand_Cafeteria_Auto1.umap
[2017.05.01-23.39.10:949][ 59]LogFileHelpers: Editor autosave (incl. sublevels) for '/Game/Maps/Grand_Cafeteria' took 0.378
[2017.05.01-23.39.10:949][ 59]LogFileHelpers: Editor autosave (incl. sublevels) for all levels took 0.378
[2017.05.01-23.49.48:790][355]LogActorFactory: Actor Factory created Shape_Cube
[2017.05.01-23.49.49:613][439]LogActorFactory: Actor Factory created Shape_Cube
[2017.05.01-23.50.07:497][478]LogEditorViewport: Clicking on Actor (LMB): StaticMeshActor (Floor_400x400)
[2017.05.01-23.50.08:585][598]LogEditorViewport: Clicking on Actor (LMB): StaticMeshActor (Shape_Cube3)
[2017.05.01-23.50.13:586][164]LogEditorViewport: Clicking on Actor (LMB): StaticMeshActor (Shape_Cube4)
[2017.05.01-23.50.18:487][719]LogEditorViewport: Clicking on Actor (LMB): StaticMeshActor (Shape_Cube3)
[2017.05.01-23.50.19:214][801]LogEditorViewport: Clicking on Actor (LMB): StaticMeshActor (Shape_Cube5)
[2017.05.01-23.50.21:999][120]LogEditorViewport: Clicking on Actor (LMB): StaticMeshActor (Floor_400x400)
[2017.05.01-23.51.38:186][990]AssetReimport: New page: Outstanding source content changes 2:51:38 PM
[2017.05.01-23.51.38:213][991]LogFactory: FactoryCreateFile: StaticMesh with FbxFactory (0 0 C:/Users/Alex/Desktop/Gith/CGT445/Game/Content/Meshs/bathroom sink free01 OBJ/bathroom_sink_free01.obj)
[2017.05.01-23.51.38:326][991]LogFbx: Loading FBX Scene from C:/Users/Alex/Desktop/Gith/CGT445/Game/Content/Meshs/bathroom sink free01 OBJ/bathroom_sink_free01.obj
[2017.05.01-23.51.38:350][991]LogFbx: FBX Scene Loaded Succesfully
[2017.05.01-23.51.39:521][991]LogFbx: Loading FBX Scene from C:/Users/Alex/Desktop/Gith/CGT445/Game/Content/Meshs/bathroom sink free01 OBJ/bathroom_sink_free01.obj
[2017.05.01-23.51.39:526][991]LogFbx: FBX Scene Loaded Succesfully
[2017.05.01-23.51.39:562][991]LogMaterial: Missing cached shader map for material bathroom_sink_free02, compiling. 
[2017.05.01-23.51.39:673][991]LogStaticMesh: Building static mesh bathroom_sink_free01...
[2017.05.01-23.51.39:724][991]LogStaticMesh: Built static mesh [0.05s] /Game/Meshs/bathroom_sink_free01_OBJ/bathroom_sink_free01.bathroom_sink_free01
[2017.05.01-23.51.39:815][992]LogFactory: FactoryCreateFile: StaticMesh with FbxFactory (0 0 C:/Users/Alex/Desktop/Gith/CGT445/Game/Content/Meshs/bathroom sink free01 OBJ/__MACOSX/._bathroom_sink_free01.obj)
[2017.05.01-23.51.39:820][992]LogFbx: Loading FBX Scene from C:/Users/Alex/Desktop/Gith/CGT445/Game/Content/Meshs/bathroom sink free01 OBJ/__MACOSX/._bathroom_sink_free01.obj
[2017.05.01-23.51.39:820][992]LogFbx: FBX Scene Loaded Succesfully
[2017.05.01-23.51.39:972][993]LogSavePackage: Save=22.94ms
[2017.05.01-23.51.39:972][993]LogSavePackage: Moving 'C:/Users/Alex/Desktop/Gith/CGT445/Game/Saved/bathroom_sink_free010644557B4722B6DB7DEEFFA962D35E40.tmp' to 'C:/Users/Alex/Desktop/Gith/CGT445/Game/Content/Meshs/bathroom_sink_free01_OBJ/bathroom_sink_free01.uasset'
[2017.05.01-23.51.39:974][993]LogSavePackage:Display: Finished SavePackage C:/Users/Alex/Desktop/Gith/CGT445/Game/Content/Meshs/bathroom_sink_free01_OBJ/bathroom_sink_free01.uasset
[2017.05.01-23.51.42:977][311]AssetReimport: Info Importing new asset /Game/Meshs/bathroom_sink_free01_OBJ/bathroom_sink_free01.
[2017.05.01-23.51.42:977][311]AssetReimport: Info Importing new asset /Game/Meshs/bathroom_sink_free01_OBJ/__MACOSX/__bathroom_sink_free01.
[2017.05.01-23.51.42:977][311]AssetReimport: Info Failed to import file C:/Users/Alex/Desktop/Gith/CGT445/Game/Content/Meshs/bathroom sink free01 OBJ/__MACOSX/._bathroom_sink_free01.obj.
[2017.05.01-23.52.08:228][314]LogActorFactory: Actor Factory created bathroom_sink_free01
[2017.05.01-23.52.08:354][324]LogActorFactory: Actor Factory created bathroom_sink_free01
[2017.05.01-23.52.55:006][413]LogEditorViewport: Clicking on Actor (LMB): StaticMeshActor (bathroom_sink_free01)
[2017.05.01-23.53.21:531][397]LogEditorViewport: Clicking on Actor (LMB): StaticMeshActor (Shape_Cube3)
[2017.05.01-23.53.22:405][496]LogEditorViewport: Clicking on Actor (LMB): StaticMeshActor (bathroom_sink_free01)
[2017.05.01-23.54.36:106][856]AssetReimport: New page: Outstanding source content changes 2:54:36 PM
[2017.05.01-23.54.36:107][856]LogFactory: FactoryCreateFile: StaticMesh with FbxFactory (0 0 C:/Users/Alex/Desktop/Gith/CGT445/Game/Content/Meshs/Taps/sink_seperated.obj)
[2017.05.01-23.54.36:112][856]LogFbx: Loading FBX Scene from C:/Users/Alex/Desktop/Gith/CGT445/Game/Content/Meshs/Taps/sink_seperated.obj
[2017.05.01-23.54.36:143][856]LogFbx: FBX Scene Loaded Succesfully
[2017.05.01-23.54.37:054][856]LogFbx: Loading FBX Scene from C:/Users/Alex/Desktop/Gith/CGT445/Game/Content/Meshs/Taps/sink_seperated.obj
[2017.05.01-23.54.37:085][856]LogFbx: FBX Scene Loaded Succesfully
[2017.05.01-23.54.37:090][856]LogMaterial: Missing cached shader map for material white, compiling. 
[2017.05.01-23.54.37:108][856]LogMaterial: Missing cached shader map for material Material_002, compiling. 
[2017.05.01-23.54.37:129][856]LogMaterial: Missing cached shader map for material metal, compiling. 
[2017.05.01-23.54.37:151][856]LogMaterial: Missing cached shader map for material Material_001, compiling. 
[2017.05.01-23.54.37:387][856]LogStaticMesh: Building static mesh sink_seperated...
[2017.05.01-23.54.37:482][856]LogStaticMesh: Built static mesh [0.10s] /Game/Meshs/Taps/sink_seperated.sink_seperated
[2017.05.01-23.54.37:529][857]LogFactory: FactoryCreateFile: StaticMesh with FbxFactory (0 0 C:/Users/Alex/Desktop/Gith/CGT445/Game/Content/Meshs/Taps/sink_notseperated.obj)
[2017.05.01-23.54.37:536][857]LogFbx: Loading FBX Scene from C:/Users/Alex/Desktop/Gith/CGT445/Game/Content/Meshs/Taps/sink_notseperated.obj
[2017.05.01-23.54.37:633][857]LogFbx: FBX Scene Loaded Succesfully
[2017.05.01-23.54.38:186][857]LogFbx: Loading FBX Scene from C:/Users/Alex/Desktop/Gith/CGT445/Game/Content/Meshs/Taps/sink_notseperated.obj
[2017.05.01-23.54.38:287][857]LogFbx: FBX Scene Loaded Succesfully
[2017.05.01-23.54.38:737][857]LogStaticMesh: Building static mesh sink_notseperated...
[2017.05.01-23.54.39:170][857]LogStaticMesh: Built static mesh [0.43s] /Game/Meshs/Taps/sink_notseperated.sink_notseperated
[2017.05.01-23.54.39:258][858]Cmd: OBJ SAVEPACKAGE PACKAGE="/Game/Meshs/Taps/sink_seperated" FILE="C:/Users/Alex/Desktop/Gith/CGT445/Game/Content/Meshs/Taps/sink_seperated.uasset" SILENT=true
[2017.05.01-23.54.39:275][858]LogSavePackage: Save=15.52ms
[2017.05.01-23.54.39:275][858]LogSavePackage: Moving 'C:/Users/Alex/Desktop/Gith/CGT445/Game/Saved/sink_seperatedD6243A9D469F559C418AD68AF1375B26.tmp' to 'C:/Users/Alex/Desktop/Gith/CGT445/Game/Content/Meshs/Taps/sink_seperated.uasset'
[2017.05.01-23.54.39:277][858]LogSavePackage:Display: Finished SavePackage C:/Users/Alex/Desktop/Gith/CGT445/Game/Content/Meshs/Taps/sink_seperated.uasset
[2017.05.01-23.54.39:292][858]Cmd: OBJ SAVEPACKAGE PACKAGE="/Game/Meshs/Taps/sink_notseperated" FILE="C:/Users/Alex/Desktop/Gith/CGT445/Game/Content/Meshs/Taps/sink_notseperated.uasset" SILENT=true
[2017.05.01-23.54.39:306][858]LogSavePackage: Save=12.42ms
[2017.05.01-23.54.39:306][858]LogSavePackage: Moving 'C:/Users/Alex/Desktop/Gith/CGT445/Game/Saved/sink_notseperatedF752F09C4B127BAB4A178D91E8E96407.tmp' to 'C:/Users/Alex/Desktop/Gith/CGT445/Game/Content/Meshs/Taps/sink_notseperated.uasset'
[2017.05.01-23.54.39:309][858]LogSavePackage:Display: Finished SavePackage C:/Users/Alex/Desktop/Gith/CGT445/Game/Content/Meshs/Taps/sink_notseperated.uasset
[2017.05.01-23.54.42:585][868]AssetReimport: Info Importing new asset /Game/Meshs/Taps/sink_seperated.
[2017.05.01-23.54.42:585][868]AssetReimport: Info Importing new asset /Game/Meshs/Taps/sink_notseperated.
[2017.05.01-23.54.54:548][282]LogActorFactory: Actor Factory created bathroom_sink_free01
[2017.05.01-23.54.54:877][312]LogActorFactory: Actor Factory created bathroom_sink_free01
[2017.05.01-23.54.55:508][382]Cmd: DELETE
[2017.05.01-23.54.55:508][382]Cmd: ACTOR DELETE
[2017.05.01-23.54.55:510][382]LogEditorActor: Deleted Actor: StaticMeshActor
[2017.05.01-23.54.55:530][382]LogEditorActor: Deleted 1 Actors (0.021 secs)
[2017.05.01-23.55.03:380][321]LogActorFactory: Actor Factory created sink_seperated
[2017.05.01-23.55.03:553][340]LogActorFactory: Actor Factory created sink_seperated
[2017.05.01-23.55.08:271][849]LogActorFactory: Actor Factory created sink_notseperated
[2017.05.01-23.55.08:403][861]LogActorFactory: Actor Factory created sink_notseperated
[2017.05.01-23.55.13:047][387]LogEditorViewport: Clicking on Actor (LMB): StaticMeshActor (Floor_400x400)
[2017.05.01-23.55.13:406][425]LogEditorViewport: Clicking on Actor (LMB): StaticMeshActor (Floor_400x400)
[2017.05.01-23.55.13:790][469]LogEditorViewport: Clicking on Actor (LMB): StaticMeshActor (sink_seperated)
[2017.05.01-23.55.14:074][498]LogEditorViewport: Clicking on Actor (LMB): StaticMeshActor (sink_seperated)
[2017.05.01-23.55.17:032][827]Cmd: DELETE
[2017.05.01-23.55.17:032][827]Cmd: ACTOR DELETE
[2017.05.01-23.55.17:033][827]LogEditorActor: Deleted Actor: StaticMeshActor
[2017.05.01-23.55.17:050][827]LogEditorActor: Deleted 1 Actors (0.018 secs)
[2017.05.01-23.55.17:967][936]LogEditorViewport: Clicking on Actor (LMB): StaticMeshActor (sink_notseperated)
[2017.05.01-23.55.18:071][944]Cmd: DELETE
[2017.05.01-23.55.18:071][944]Cmd: ACTOR DELETE
[2017.05.01-23.55.18:072][944]LogEditorActor: Deleted Actor: StaticMeshActor
[2017.05.01-23.55.18:089][944]LogEditorActor: Deleted 1 Actors (0.018 secs)
[2017.05.01-23.55.55:036][606]LogTexture:Display: Building textures: T_Tech_Hex_Tile_M (AutoDXT)
[2017.05.01-23.55.55:285][606]LogTexture:Display: Building textures: T_Tech_Hex_Tile_N (BC5)
[2017.05.01-23.55.57:514][839]LogTexture:Display: Building textures: T_Rock_Sandstone_D (AutoDXT)
[2017.05.01-23.56.00:318][839]LogTexture:Display: Building textures: T_Rock_Sandstone_N (BC5)
[2017.05.01-23.56.00:766][839]LogMaterial: Missing cached shader map for material M_Rock_Sandstone, compiling. 
[2017.05.01-23.56.13:231][599]LogSavePackage: Save=24.08ms
[2017.05.01-23.56.13:231][599]LogSavePackage: Moving 'C:/Users/Alex/Desktop/Gith/CGT445/Game/Saved/bathroom_sink_free0227BE2FB541D58AF4DC0E70AD308F0A74.tmp' to 'C:/Users/Alex/Desktop/Gith/CGT445/Game/Content/Meshs/bathroom_sink_free01_OBJ/bathroom_sink_free02.uasset'
[2017.05.01-23.56.13:235][599]LogSavePackage:Display: Finished SavePackage C:/Users/Alex/Desktop/Gith/CGT445/Game/Content/Meshs/bathroom_sink_free01_OBJ/bathroom_sink_free02.uasset
[2017.05.01-23.56.13:275][599]Cmd: OBJ SAVEPACKAGE PACKAGE="/Game/Maps/Grand_Cafeteria" FILE="C:/Users/Alex/Desktop/Gith/CGT445/Game/Saved/Autosaves/Game/Maps/UEDPCGrand_Cafeteria.umap" SILENT=true AUTOSAVING=true KEEPDIRTY=true
[2017.05.01-23.56.14:107][599]LogSavePackage: Save=786.31ms
[2017.05.01-23.56.14:107][599]LogSavePackage: Moving 'C:/Users/Alex/Desktop/Gith/CGT445/Game/Saved/UEDPCGrand_Cafeteria7AEF67FD48FD5FD696ABC388F078052A.tmp' to 'C:/Users/Alex/Desktop/Gith/CGT445/Game/Saved/Autosaves/Game/Maps/UEDPCGrand_Cafeteria.umap'
[2017.05.01-23.56.14:110][599]LogSavePackage:Display: Finished SavePackage C:/Users/Alex/Desktop/Gith/CGT445/Game/Saved/Autosaves/Game/Maps/UEDPCGrand_Cafeteria.umap
[2017.05.01-23.56.14:112][599]LogEditorTransaction: Undo Spawn Play From Here Start
[2017.05.01-23.56.16:437][608]LogCrashTracker: 


[2017.05.01-23.56.16:468][608]LogWindows: Windows GetLastError: The operation completed successfully. (0)
[2017.05.01-23.56.16:527][608]LogCrashTracker: 


[2017.05.01-23.56.16:527][608]LogWindows:Error: === Critical error: ===
Fatal error: [File:D:\Build\++UE4+Release-4.12+Compile\Sync\Engine\Source\Runtime\RenderCore\Private\RenderingThread.cpp] [Line: 717] 
Rendering thread exception:
Fatal error!






[2017.05.01-23.56.16:557][608]LogExit: Executing StaticShutdownAfterError
[2017.05.01-23.56.16:565][608]LogWindows: FPlatformMisc::RequestExit(1)
[2017.05.01-23.56.16:565][608]Log file closed, 05/01/17 19:56:16
