Log file open, 02/21/17 04:05:34
LogInit:Display: Running engine for game: Game
LogPlatformFile: Not using cached read wrapper
LogInit:Display: RandInit(261244904) SRandInit(261244925).
LogTaskGraph: Started task graph with 4 named threads and 7 total threads with 1 sets of task threads.
LogStats: Stats thread started at 0.081670
LogInit: Version: 4.12.5-3039270+++UE4+Release-4.12
LogInit: API Version: 2992821
LogInit: Net Version: 3039270
LogDevObjectVersion: Number of dev versions registered: 13
LogDevObjectVersion:   Dev-Blueprints (B0D832E4-1F89-4F0D-ACCF-7EB736FD4AA2): 3
LogDevObjectVersion:   Dev-Build (E1C64328-A22C-4D53-A36C-8E866417BD8C): 0
LogDevObjectVersion:   Dev-Core (375EC13C-06E4-48FB-B500-84F0262A717E): 1
LogDevObjectVersion:   Dev-Editor (E4B068ED-F494-42E9-A231-DA0B2E46BB41): 2
LogDevObjectVersion:   Dev-Framework (CFFC743F-43B0-4480-9391-14DF171D2073): 6
LogDevObjectVersion:   Dev-Mobile (B02B49B5-BB20-44E9-A304-32B752E40360): 0
LogDevObjectVersion:   Dev-Networking (A4E4105C-59A1-49B5-A7C5-40C4547EDFEE): 0
LogDevObjectVersion:   Dev-Online (39C831C9-5AE6-47DC-9A44-9C173E1C8E7C): 0
LogDevObjectVersion:   Dev-Physics (78F01B33-EBEA-4F98-B9B4-84EACCB95AA2): 0
LogDevObjectVersion:   Dev-Platform (6631380F-2D4D-43E0-8009-CF276956A95A): 0
LogDevObjectVersion:   Dev-Rendering (12F88B9F-8875-4AFC-A67C-D90C383ABD29): 2
LogDevObjectVersion:   Dev-Sequencer (7B5AE74C-D270-4C10-A958-57980B212A5A): 0
LogDevObjectVersion:   Dev-VR (D7296918-1DD6-4BDD-9DE2-64A83CC13884): 0
LogInit: Compiled (64-bit): Jul  6 2016 09:09:46
LogInit: Compiled with Visual C++: 19.00.23026.00
LogInit: Build Configuration: Development
LogInit: Branch Name: ++UE4+Release-4.12
LogInit: Command line:  
LogInit: Base directory: C:/Program Files (x86)/Epic Games/4.12/Engine/Binaries/Win64/
LogInit: Installed Engine Build: 1
LogInit: Using libcurl 7.41.0
LogInit:  - built for x86_64-pc-win32
LogInit:  - supports SSL with WinSSL
LogInit:  - other features:
LogInit:      CURL_VERSION_SSL
LogInit:      CURL_VERSION_IPV6
LogInit:      CURL_VERSION_ASYNCHDNS
LogInit:      CURL_VERSION_LARGEFILE
LogInit:      CURL_VERSION_IDN
LogInit:  CurlRequestOptions (configurable via config and command line):
LogInit:  - bVerifyPeer = true  - Libcurl will verify peer certificate
LogInit:  - bUseHttpProxy = false  - Libcurl will NOT use HTTP proxy
LogInit:  - bDontReuseConnections = false  - Libcurl will reuse connections
LogInit:  - CertBundlePath = nullptr  - Libcurl will use whatever was configured at build time.
LogInit: Presizing for max 8388607 objects, including 0 objects not considered by GC, pre-allocating 0 bytes for permanent pool.
LogInit: Object subsystem initialized
[2017.02.21-09.05.34:594][  0]LogInit: Selected Device Profile: [Windows]
[2017.02.21-09.05.34:595][  0]LogInit: Applying CVar settings loaded from the selected device profile: [Windows]
[2017.02.21-09.05.34:623][  0]LogInit: Computer: SCOTT-PC
[2017.02.21-09.05.34:624][  0]LogInit: User: Scott
[2017.02.21-09.05.34:624][  0]LogInit: CPU Page size=65536, Cores=4
[2017.02.21-09.05.34:624][  0]LogInit: High frequency timer resolution =14.318180 MHz
[2017.02.21-09.05.34:624][  0]LogMemory: Memory total: Physical=11.9GB (12GB approx)
[2017.02.21-09.05.34:624][  0]LogMemory: Platform Memory Stats for Windows
[2017.02.21-09.05.34:624][  0]LogMemory: Process Physical Memory: 190.87 MB used, 190.87 MB peak
[2017.02.21-09.05.34:624][  0]LogMemory: Process Virtual Memory: 195.29 MB used, 195.29 MB peak
[2017.02.21-09.05.34:624][  0]LogMemory: Physical Memory: 4554.70 MB used, 12202.02 MB total
[2017.02.21-09.05.34:624][  0]LogMemory: Virtual Memory: 553.58 MB used, 134217728.00 MB total
[2017.02.21-09.05.34:828][  0]LogTextLocalizationManager: No specific translations for ('en-US') exist, so ('en') translations will be used.
[2017.02.21-09.05.35:344][  0]LogD3D11RHI: D3D11 adapters:
[2017.02.21-09.05.35:382][  0]LogD3D11RHI:    0. 'NVIDIA GeForce GTX 1080' (Feature Level 11_0)
[2017.02.21-09.05.35:382][  0]LogD3D11RHI:       8110/0/6101 MB DedicatedVideo/DedicatedSystem/SharedSystem, Outputs:2, VendorId:0x10de
[2017.02.21-09.05.35:384][  0]LogD3D11RHI:    1. 'Microsoft Basic Render Driver' (Feature Level 11_0)
[2017.02.21-09.05.35:384][  0]LogD3D11RHI:       0/0/6101 MB DedicatedVideo/DedicatedSystem/SharedSystem, Outputs:0, VendorId:0x1414
[2017.02.21-09.05.35:384][  0]LogD3D11RHI: Chosen D3D11 Adapter: 0
[2017.02.21-09.05.35:391][  0]LogD3D11RHI: Creating new Direct3DDevice
[2017.02.21-09.05.35:391][  0]LogD3D11RHI:     GPU DeviceId: 0x1b80 (for the marketing name, search the web for "GPU Device Id")
[2017.02.21-09.05.35:391][  0]LogWindows: EnumDisplayDevices:
[2017.02.21-09.05.35:391][  0]LogWindows:    0. 'NVIDIA GeForce GTX 1080' (P:1 D:1)
[2017.02.21-09.05.35:391][  0]LogWindows:    1. 'NVIDIA GeForce GTX 1080' (P:0 D:1)
[2017.02.21-09.05.35:392][  0]LogWindows:    2. 'NVIDIA GeForce GTX 1080' (P:0 D:0)
[2017.02.21-09.05.35:392][  0]LogWindows:    3. 'NVIDIA GeForce GTX 1080' (P:0 D:0)
[2017.02.21-09.05.35:392][  0]LogWindows: DebugString: FoundDriverCount:4 
[2017.02.21-09.05.35:392][  0]LogD3D11RHI:     Adapter Name: NVIDIA GeForce GTX 1080
[2017.02.21-09.05.35:392][  0]LogD3D11RHI:   Driver Version: 378.66 (internal:21.21.13.7866, unified:378.66)
[2017.02.21-09.05.35:392][  0]LogD3D11RHI:      Driver Date: 2-9-2017
[2017.02.21-09.05.35:392][  0]LogRHI: Texture pool is 1361 MB (70% of 1945 MB)
[2017.02.21-09.05.35:408][  0]LogD3D11RHI: Async texture creation enabled
[2017.02.21-09.05.35:438][  0]LogD3D11RHI: GPU Timing Frequency: 1000.000000 (Debug: 2 1)
[2017.02.21-09.05.35:446][  0]LogShaderCompilers: Guid format shader working directory is -12 characters bigger than the processId version (../../../../../../Users/Scott/Documents/GitHub/CGT445/Game/Intermediate/Shaders/WorkingDirectory/1964/).
[2017.02.21-09.05.35:446][  0]LogShaderCompilers: Cleaned the shader compiler working directory 'C:/Users/Scott/AppData/Local/Temp/UnrealShaderWorkingDir/A6A0822247B1909AAB35419FB40E215F/'.
[2017.02.21-09.05.35:446][  0]LogShaderCompilers:Display: Using Local Shader Compiler.
[2017.02.21-09.05.37:978][  0]LogTemp:Display: Loaded TP AllDesktopTargetPlatform
[2017.02.21-09.05.37:990][  0]LogTemp:Display: Loaded TP WindowsClientTargetPlatform
[2017.02.21-09.05.38:003][  0]LogTemp:Display: Loaded TP WindowsNoEditorTargetPlatform
[2017.02.21-09.05.38:015][  0]LogTemp:Display: Loaded TP WindowsServerTargetPlatform
[2017.02.21-09.05.38:026][  0]LogTemp:Display: Loaded TP WindowsTargetPlatform
[2017.02.21-09.05.38:041][  0]LogTemp:Display: Loaded TP AndroidTargetPlatform
[2017.02.21-09.05.38:051][  0]LogTemp:Display: Loaded TP Android_ASTCTargetPlatform
[2017.02.21-09.05.38:061][  0]LogTemp:Display: Loaded TP Android_ATCTargetPlatform
[2017.02.21-09.05.38:070][  0]LogTemp:Display: Loaded TP Android_DXTTargetPlatform
[2017.02.21-09.05.38:080][  0]LogTemp:Display: Loaded TP Android_ETC1TargetPlatform
[2017.02.21-09.05.38:090][  0]LogTemp:Display: Loaded TP Android_ETC2TargetPlatform
[2017.02.21-09.05.38:110][  0]LogTemp:Display: Loaded TP Android_MultiTargetPlatform
[2017.02.21-09.05.38:110][  0]LogTemp:Display: Loaded TP Android_PVRTCTargetPlatform
[2017.02.21-09.05.38:111][  0]LogTemp:Display: Loaded TP HTML5TargetPlatform
[2017.02.21-09.05.38:165][  0]LogTemp:Display: Loaded TP IOSTargetPlatform
[2017.02.21-09.05.38:175][  0]LogTemp:Display: Loaded TP TVOSTargetPlatform
[2017.02.21-09.05.38:183][  0]LogTemp:Display: Loaded TP LinuxNoEditorTargetPlatform
[2017.02.21-09.05.38:194][  0]LogTemp:Display: Loaded TP LinuxServerTargetPlatform
[2017.02.21-09.05.38:206][  0]LogTemp:Display: Loaded TP LinuxTargetPlatform
[2017.02.21-09.05.38:206][  0]LogTargetPlatformManager:Display: Building Assets For Windows
[2017.02.21-09.05.38:569][  0]LogDerivedDataCache:Display: Max Cache Size: 512 MB
[2017.02.21-09.05.38:847][  0]LogDerivedDataCache: Loaded boot cache 0.28s 48MB C:/Users/Scott/AppData/Local/UnrealEngine/4.12/DerivedDataCache/Boot.ddc.
[2017.02.21-09.05.38:847][  0]LogDerivedDataCache:Display: Loaded Boot cache: C:/Users/Scott/AppData/Local/UnrealEngine/4.12/DerivedDataCache/Boot.ddc
[2017.02.21-09.05.38:847][  0]LogDerivedDataCache: FDerivedDataBackendGraph:  Pak pak cache file ../../../../../../Users/Scott/Documents/GitHub/CGT445/Game/DerivedDataCache/DDC.ddp not found, will not use a pak cache.
[2017.02.21-09.05.38:847][  0]LogDerivedDataCache: Unable to find inner node Pak for hierarchical cache Hierarchy.
[2017.02.21-09.05.38:847][  0]LogDerivedDataCache: FDerivedDataBackendGraph:  CompressedPak pak cache file ../../../../../../Users/Scott/Documents/GitHub/CGT445/Game/DerivedDataCache/Compressed.ddp not found, will not use a pak cache.
[2017.02.21-09.05.38:847][  0]LogDerivedDataCache: Unable to find inner node CompressedPak for hierarchical cache Hierarchy.
[2017.02.21-09.05.38:871][  0]LogDerivedDataCache:Display: Pak cache opened for reading ../../../Engine/DerivedDataCache/Compressed.ddp.
[2017.02.21-09.05.38:884][  0]LogDerivedDataCache: Using Local data cache path C:/Users/Scott/AppData/Local/UnrealEngine/Common/DerivedDataCache: Writable
[2017.02.21-09.05.41:697][  0]LogInit: Selected Device Profile: [Windows]
[2017.02.21-09.05.41:701][  0]LogContentStreaming: Texture pool size is 0.00 MB
[2017.02.21-09.05.42:095][  0]LogMeshUtilities: No automatic mesh reduction module available
[2017.02.21-09.05.42:095][  0]LogMeshUtilities: No automatic mesh merging module available
[2017.02.21-09.05.42:095][  0]LogMeshUtilities: No distributed automatic mesh merging module available
[2017.02.21-09.05.42:844][  0]LogAssetRegistry: FAssetRegistry took 0.0231 seconds to start up
[2017.02.21-09.05.42:890][  0]LogPackageLocalizationCache: Processed 3 localized package path(s) for 2 prioritized culture(s) in 0.037600 seconds
[2017.02.21-09.05.42:897][  0]LogUObjectArray: 28739 objects as part of root set at end of initial load.
[2017.02.21-09.05.42:898][  0]LogUObjectAllocator: 5855632 out of 0 bytes used by permanent object pool.
[2017.02.21-09.05.42:898][  0]LogUObjectArray: CloseDisregardForGC: 0/0 objects in disregard for GC pool
[2017.02.21-09.05.42:909][  0]LogInit: WinSock: version 1.1 (2.2), MaxSocks=32767, MaxUdp=65467
[2017.02.21-09.05.43:447][  0]LogSlate: SlateFontCache - WITH_FREETYPE: 1, WITH_HARFBUZZ: 1
[2017.02.21-09.05.43:447][  0]LogSlate: SlateFontCache - WITH_FREETYPE: 1, WITH_HARFBUZZ: 1
[2017.02.21-09.05.45:536][  0]LogSubstanceCoreModule: Substance CPU Engine Loaded, Max Texture Size 2048
[2017.02.21-09.05.45:551][  0]LogUdpMessaging: Initializing bridge on interface 0.0.0.0:0 to multicast group 230.0.0.1:6666.
[2017.02.21-09.05.45:911][  0]SourceControl: Info Source control is disabled
[2017.02.21-09.05.45:913][  0]SourceControl: Info Source control is disabled
[2017.02.21-09.05.45:928][  0]SourceControl: Info Source control is disabled
[2017.02.21-09.05.45:941][  0]SourceControl: Info Source control is disabled
[2017.02.21-09.05.46:056][  0]LogLinker:Warning: Can't find file '/Game/ThirdPersonBP/ThirdPersonOverview'
[2017.02.21-09.05.46:056][  0]LogLinker:Warning: Can't find file '/Game/ThirdPersonBP/ThirdPersonOverview'
[2017.02.21-09.05.46:056][  0]LogUObjectGlobals:Warning: Failed to find object 'Class /Game/ThirdPersonBP/ThirdPersonOverview.ThirdPersonOverview_C'
[2017.02.21-09.05.46:306][  0]LogEngine: Initializing Engine...
[2017.02.21-09.05.46:329][  0]LogHMD: SteamVR failed to initialize.  Err: 110
[2017.02.21-09.05.46:330][  0]LogHMD: SteamVR failed to initialize.  Err: 110
[2017.02.21-09.05.46:537][  0]LogAIModule: Creating AISystem for world NewWorld
[2017.02.21-09.05.46:569][  0]LogInit: XAudio2 using 'Back (3- C-Media USB Headphone Set  )' : 2 channels at 44.1 kHz using 16 bits per sample (channel mask 0x3)
[2017.02.21-09.05.46:583][  0]LogInit: FAudioDevice initialized.
[2017.02.21-09.05.46:627][  0]LogDerivedDataCache: Saved boot cache 0.04s 48MB C:/Users/Scott/AppData/Local/UnrealEngine/4.12/DerivedDataCache/Boot.ddc.
[2017.02.21-09.05.46:644][  0]LogInit: Texture streaming: Enabled
[2017.02.21-09.05.46:686][  0]LogInit: Transaction tracking system initialized
[2017.02.21-09.05.46:742][  0]BlueprintLog: New page: Editor Load
[2017.02.21-09.05.46:923][  0]LocalizationService: Info Localization service is disabled
[2017.02.21-09.05.47:044][  0]LogConsoleResponse:Display: 
[2017.02.21-09.05.47:321][  0]LogCook:Display: Max memory allowance for cook 8192mb
[2017.02.21-09.05.47:321][  0]LogCook:Display: Mobile HDR setting 1
[2017.02.21-09.05.47:552][  0]LogFileCache: Scanning file cache for directory 'C:/Users/Scott/Documents/GitHub/CGT445/Game/Content/' took 0.02s
[2017.02.21-09.05.47:552][  0]SourceControl: Info Source control is disabled
[2017.02.21-09.05.47:555][  0]Cmd: MAP LOAD FILE="../../../../../../Users/Scott/Documents/GitHub/CGT445/Game/Content/FirstPersonBP/Maps/FirstPersonExampleMap.umap" TEMPLATE=0 SHOWPROGRESS=1 FEATURELEVEL=3
[2017.02.21-09.05.47:561][  0]LightingResults: New page: Lighting Build
[2017.02.21-09.05.47:572][  0]MapCheck: New page: Map Check
[2017.02.21-09.05.47:573][  0]LightingResults: New page: Lighting Build
[2017.02.21-09.05.48:917][  0]LogAIModule: Creating AISystem for world FirstPersonExampleMap
[2017.02.21-09.05.49:096][  0]LogEditorServer: Finished looking for orphan Actors (0.000 secs)
[2017.02.21-09.05.49:098][  0]Cmd: MAP CHECKDEP NOCLEARLOG
[2017.02.21-09.05.49:167][  0]MapCheck: Info Map check complete: 0 Error(s), 0 Warning(s), took 68.775ms to complete.
[2017.02.21-09.05.49:167][  0]LogFileHelpers: Loading map 'FirstPersonExampleMap' took 1.614
[2017.02.21-09.05.49:447][  0]LogCollectionManager: Loaded 0 collections in 0.003348 seconds
[2017.02.21-09.05.49:520][  0]LogFileCache: Scanning file cache for directory 'C:/Users/Scott/Documents/GitHub/CGT445/Game/Saved/Collections/' took 0.01s
[2017.02.21-09.05.49:520][  0]LogFileCache: Scanning file cache for directory 'C:/Users/Scott/Documents/GitHub/CGT445/Game/Content/Developers/Scott/Collections/' took 0.01s
[2017.02.21-09.05.49:520][  0]LogFileCache: Scanning file cache for directory 'C:/Users/Scott/Documents/GitHub/CGT445/Game/Content/Collections/' took 0.01s
[2017.02.21-09.05.49:520][  0]LogCollectionManager: Rebuilt the GUID cache for 0 collections in 0.000005 seconds
[2017.02.21-09.05.49:534][  0]LogContentBrowser: Native class hierarchy populated in 0.0120 seconds. Added 2062 classes and 375 folders.
[2017.02.21-09.05.49:542][  0]LogStats: UGameplayTagsManager::ConstructGameplayTagTree: Construct from data asset -  0.000 s
[2017.02.21-09.05.49:542][  0]LogStats: UGameplayTagsManager::ConstructGameplayTagTree: GameplayTagTreeChangedEvent.Broadcast -  0.000 s
[2017.02.21-09.05.49:543][  0]LogContentBrowser: Native class hierarchy updated for 'GameplayTags' in 0.0005 seconds. Added 12 classes and 0 folders.
[2017.02.21-09.05.49:554][  0]LogContentBrowser: Native class hierarchy updated for 'WidgetCarousel' in 0.0005 seconds. Added 0 classes and 0 folders.
[2017.02.21-09.05.49:836][  0]LogContentBrowser: Native class hierarchy updated for 'AddContentDialog' in 0.0008 seconds. Added 0 classes and 0 folders.
[2017.02.21-09.05.49:847][  0]LogContentBrowser: Native class hierarchy updated for 'SceneOutliner' in 0.0004 seconds. Added 1 classes and 2 folders.
[2017.02.21-09.05.49:905][  0]LogCrashTracker: Crashtracker disabled due to settings.
[2017.02.21-09.05.49:920][  0]LogUObjectGlobals:Warning: Failed to find object 'Class None.'
[2017.02.21-09.05.49:955][  0]LogContentBrowser: Native class hierarchy updated for 'HierarchicalLODOutliner' in 0.0005 seconds. Added 1 classes and 2 folders.
[2017.02.21-09.05.49:955][  0]LogLoad: Full Startup: 16.94 seconds (BP compile: 0.20 seconds)
[2017.02.21-09.05.49:955][  0]LogExternalProfiler: Found external profiler: VSPerf
[2017.02.21-09.05.49:955][  0]LogExternalProfiler: Using external profiler: VSPerf
[2017.02.21-09.05.49:966][  0]LogWindowsTextInputMethodSystem:Display: IME system now deactivated.
[2017.02.21-09.05.49:968][  0]LogOcInput: OculusInput pre-init called
[2017.02.21-09.05.50:002][  0]LogContentStreaming: Texture pool size now 1000 MB
[2017.02.21-09.05.50:250][  2]LogRenderer: Reallocating scene render targets to support 852x412 (Frame:2).
[2017.02.21-09.05.50:937][ 59]LogAssetRegistry: Asset discovery search completed in 8.1150 seconds
[2017.02.21-09.05.50:937][ 59]LogCollectionManager: Rebuilt the object cache for 0 collections in 0.000002 seconds (found 0 objects)
[2017.02.21-09.05.50:937][ 59]LogCollectionManager: Fixed up redirectors for 0 collections in 0.000037 seconds (updated 0 objects)
[2017.02.21-09.05.58:470][901]LogRenderer: Reallocating scene render targets to support 1208x600 (Frame:901).
[2017.02.21-09.06.11:668][446]LogStaticMesh: Building static mesh pCube4...
[2017.02.21-09.06.11:669][446]LogMeshUtilities:Warning: Invalid vertex normals found for mesh. Forcing recomputation of vertex normals for MikkTSpace. Fix mesh or disable "Use MikkTSpace Tangent Space" to avoid forced recomputation of normals.
[2017.02.21-09.06.11:672][446]LogStaticMesh: Built static mesh [0.00s] /Game/MayaImports/pCube4.pCube4
[2017.02.21-09.06.11:679][446]LogTexture:Display: Building textures: HQ_Lightmap0_6 (AutoDXT)
[2017.02.21-09.06.11:687][446]LogTexture:Display: Building textures: HQ_Lightmap0_7 (AutoDXT)
[2017.02.21-09.06.11:688][446]LogTexture:Display: Building textures: LQ_Lightmap_0_6 (DXT1)
[2017.02.21-09.06.11:691][446]LogTexture:Display: Building textures: LQ_Lightmap_0_7 (DXT1)
[2017.02.21-09.06.11:729][446]LogTexture:Display: Building textures: ShadowMapTexture2D_2 (BGRA8)
[2017.02.21-09.06.11:898][446]LogTexture:Display: Building textures: ShadowMapTexture2D_3 (BGRA8)
[2017.02.21-09.06.11:899][446]LogStaticMesh: Building static mesh pCube1...
[2017.02.21-09.06.11:899][446]LogMeshUtilities:Warning: Invalid vertex normals found for mesh. Forcing recomputation of vertex normals for MikkTSpace. Fix mesh or disable "Use MikkTSpace Tangent Space" to avoid forced recomputation of normals.
[2017.02.21-09.06.11:901][446]LogStaticMesh: Built static mesh [0.00s] /Game/Geometry/pCube1.pCube1
[2017.02.21-09.06.11:902][446]LogStaticMesh: Building static mesh pCube3...
[2017.02.21-09.06.11:903][446]LogMeshUtilities:Warning: Invalid vertex normals found for mesh. Forcing recomputation of vertex normals for MikkTSpace. Fix mesh or disable "Use MikkTSpace Tangent Space" to avoid forced recomputation of normals.
[2017.02.21-09.06.11:930][446]LogStaticMesh: Built static mesh [0.03s] /Game/MayaImports/pCube3.pCube3
[2017.02.21-09.06.11:930][446]LogStaticMesh: Building static mesh pCube1...
[2017.02.21-09.06.11:930][446]LogMeshUtilities:Warning: Invalid vertex normals found for mesh. Forcing recomputation of vertex normals for MikkTSpace. Fix mesh or disable "Use MikkTSpace Tangent Space" to avoid forced recomputation of normals.
[2017.02.21-09.06.11:932][446]LogStaticMesh: Built static mesh [0.00s] /Game/Geometry/pCube1_1.pCube1
[2017.02.21-09.06.12:112][446]LogTexture:Display: Building textures: floor_for_level_room (AutoDXT)
[2017.02.21-09.06.17:752][446]LogMaterial: Missing cached shader map for material blinn1, compiling. 
[2017.02.21-09.06.17:786][446]LogMaterial: Missing cached shader map for material lambert3, compiling. 
[2017.02.21-09.06.17:804][446]LogMaterial: Missing cached shader map for material lambert2, compiling. 
[2017.02.21-09.06.17:829][446]LogMaterial: Missing cached shader map for material lambert3, compiling. 
[2017.02.21-09.06.17:841][446]LogMaterial: Missing cached shader map for material red, compiling. 
[2017.02.21-09.06.17:856][446]LogMaterial: Missing cached shader map for material lambert4, compiling. 
[2017.02.21-09.06.17:874][446]LogAIModule: Creating AISystem for world TheMapOfDoors
[2017.02.21-09.06.17:935][446]Cmd: MAP LOAD FILE="../../../../../../Users/Scott/Documents/GitHub/CGT445/Game/Content/Maps/TheMapOfDoors.umap" TEMPLATE=0 SHOWPROGRESS=1 FEATURELEVEL=3
[2017.02.21-09.06.17:935][446]LightingResults: New page: Lighting Build
[2017.02.21-09.06.17:936][446]LoadErrors: New page: Loading map: TheMapOfDoors.umap
[2017.02.21-09.06.17:937][446]MapCheck: New page: Map Check
[2017.02.21-09.06.17:937][446]LightingResults: New page: Lighting Build
[2017.02.21-09.06.17:976][446]LogEditorServer: Finished looking for orphan Actors (0.000 secs)
[2017.02.21-09.06.18:017][446]Cmd: MAP CHECKDEP NOCLEARLOG
[2017.02.21-09.06.18:090][446]MapCheck: Info Map check complete: 0 Error(s), 0 Warning(s), took 72.106ms to complete.
[2017.02.21-09.06.18:090][446]LogFileHelpers: Loading map 'TheMapOfDoors' took 0.156
[2017.02.21-09.07.09:119][379]LogStaticMesh: Building static mesh Bare_DFrame...
[2017.02.21-09.07.09:151][379]LogStaticMesh: Built static mesh [0.03s] /Game/Geometry/Bare_DFrame.Bare_DFrame
[2017.02.21-09.07.09:174][379]LogTexture:Display: Building textures: HQ_Lightmap1_1 (AutoDXT)
[2017.02.21-09.07.09:381][379]LogTexture:Display: Building textures: LQ_Lightmap_1_1 (DXT1)
[2017.02.21-09.07.09:444][379]LogTexture:Display: Building textures: ShadowMapTexture2D_1 (G8)
[2017.02.21-09.07.09:472][379]LogMaterial: Missing cached shader map for material lambert1, compiling. 
[2017.02.21-09.07.09:488][379]LogAIModule: Creating AISystem for world Opening_Level
[2017.02.21-09.07.09:508][379]Cmd: MAP LOAD FILE="../../../../../../Users/Scott/Documents/GitHub/CGT445/Game/Content/Maps/Opening_Level.umap" TEMPLATE=0 SHOWPROGRESS=1 FEATURELEVEL=3
[2017.02.21-09.07.09:508][379]LightingResults: New page: Lighting Build
[2017.02.21-09.07.09:509][379]LoadErrors: New page: Loading map: Opening_Level.umap
[2017.02.21-09.07.09:510][379]MapCheck: New page: Map Check
[2017.02.21-09.07.09:510][379]LightingResults: New page: Lighting Build
[2017.02.21-09.07.09:540][379]LogEditorServer: Finished looking for orphan Actors (0.000 secs)
[2017.02.21-09.07.09:583][379]Cmd: MAP CHECKDEP NOCLEARLOG
[2017.02.21-09.07.09:664][379]MapCheck: Info Map check complete: 0 Error(s), 0 Warning(s), took 80.679ms to complete.
[2017.02.21-09.07.09:664][379]LogFileHelpers: Loading map 'Opening_Level' took 0.157
[2017.02.21-09.07.30:939][885]LogPlayLevel: PlayLevel: No blueprints needed recompiling
[2017.02.21-09.07.30:959][885]PIE: New page: PIE session: Opening_Level (Feb 20, 2017, 11:07:30 PM)
[2017.02.21-09.07.30:959][885]LogPlayLevel: Creating play world package: /Game/Maps/UEDPIE_0_Opening_Level
[2017.02.21-09.07.30:964][885]LogPlayLevel: PIE: StaticDuplicateObject took: (0.004615s)
[2017.02.21-09.07.30:965][885]LogAIModule: Creating AISystem for world Opening_Level
[2017.02.21-09.07.30:965][885]LogPlayLevel: PIE: World Init took: (0.001143s)
[2017.02.21-09.07.30:965][885]LogPlayLevel: PIE: Created PIE world by copying editor world from /Game/Maps/Opening_Level.Opening_Level to /Game/Maps/UEDPIE_0_Opening_Level.Opening_Level (0.006066s)
[2017.02.21-09.07.30:989][885]LogInit: XAudio2 using 'Back (3- C-Media USB Headphone Set  )' : 2 channels at 44.1 kHz using 16 bits per sample (channel mask 0x3)
[2017.02.21-09.07.30:999][885]LogInit: FAudioDevice initialized.
[2017.02.21-09.07.31:068][885]LogWorld: Game class is 'FirstPersonGameMode_C'
[2017.02.21-09.07.31:073][885]LogWorld: Bringing World /Game/Maps/UEDPIE_0_Opening_Level.Opening_Level up for play (max tick rate 0) at 2017.02.21-04.07.31
[2017.02.21-09.07.31:075][885]LogWorld: Bringing up level for play took: 0.004375
[2017.02.21-09.07.31:082][885]LogContentBrowser: Native class hierarchy updated for 'MovieSceneCapture' in 0.0005 seconds. Added 11 classes and 0 folders.
[2017.02.21-09.07.31:087][885]PIE: Info Play in editor start time for /Game/Maps/UEDPIE_0_Opening_Level -0.167
[2017.02.21-09.11.30:896][232]Cmd: OBJ SAVEPACKAGE PACKAGE="/Game/Maps/NewWorld" FILE="../../../../../../Users/Scott/Documents/GitHub/CGT445/Game/Content/Maps/NewWorld.umap" SILENT=true AUTOSAVING=false KEEPDIRTY=false
[2017.02.21-09.11.31:008][232]LogSavePackage: Save=14.69ms
[2017.02.21-09.11.31:008][232]LogSavePackage: Moving '../../../../../../Users/Scott/Documents/GitHub/CGT445/Game/Saved/NewWorld308D06BF443B40A0F9DBFCB3006C7B6A.tmp' to '../../../../../../Users/Scott/Documents/GitHub/CGT445/Game/Content/Maps/NewWorld.umap'
[2017.02.21-09.11.31:014][232]LogSavePackage:Display: Finished SavePackage ../../../../../../Users/Scott/Documents/GitHub/CGT445/Game/Content/Maps/NewWorld.umap
[2017.02.21-09.11.31:014][232]LogFileHelpers: Saving map 'NewWorld' took 0.179
[2017.02.21-09.11.31:016][232]Cmd: MAP LOAD FILE="../../../../../../Users/Scott/Documents/GitHub/CGT445/Game/Content/Maps/NewWorld.umap" TEMPLATE=0 SHOWPROGRESS=1 FEATURELEVEL=3
[2017.02.21-09.11.31:016][232]LightingResults: New page: Lighting Build
[2017.02.21-09.11.31:017][232]LoadErrors: New page: Loading map: NewWorld.umap
[2017.02.21-09.11.31:018][232]MapCheck: New page: Map Check
[2017.02.21-09.11.31:018][232]LightingResults: New page: Lighting Build
[2017.02.21-09.11.31:035][232]LogEditorServer: Finished looking for orphan Actors (0.000 secs)
[2017.02.21-09.11.31:036][232]LogAIModule: Creating AISystem for world NewWorld
[2017.02.21-09.11.31:082][232]Cmd: MAP CHECKDEP NOCLEARLOG
[2017.02.21-09.11.31:143][232]MapCheck: Info Map check complete: 0 Error(s), 0 Warning(s), took 60.849ms to complete.
[2017.02.21-09.11.31:144][232]LogFileHelpers: Loading map 'NewWorld' took 0.129
[2017.02.21-09.15.27:137][437]LogFeaturePack:Warning: Failed to copy ../../../Templates/TemplateResources/Standard/FirstPerson/Content/Animations/FirstPersonFire_Montage.uasset to ../../../../../../Users/Scott/Documents/GitHub/CGT445/Game/Content/FirstPerson/Animations/FirstPersonFire_Montage.uasset
[2017.02.21-09.15.27:144][437]LogFeaturePack:Warning: Failed to copy ../../../Templates/TemplateResources/Standard/FirstPerson/Content/Animations/FirstPerson_AnimBP.uasset to ../../../../../../Users/Scott/Documents/GitHub/CGT445/Game/Content/FirstPerson/Animations/FirstPerson_AnimBP.uasset
[2017.02.21-09.15.27:148][437]LogFeaturePack:Warning: Failed to copy ../../../Templates/TemplateResources/Standard/FirstPerson/Content/Animations/FirstPerson_Fire.uasset to ../../../../../../Users/Scott/Documents/GitHub/CGT445/Game/Content/FirstPerson/Animations/FirstPerson_Fire.uasset
[2017.02.21-09.15.27:152][437]LogFeaturePack:Warning: Failed to copy ../../../Templates/TemplateResources/Standard/FirstPerson/Content/Animations/FirstPerson_Idle.uasset to ../../../../../../Users/Scott/Documents/GitHub/CGT445/Game/Content/FirstPerson/Animations/FirstPerson_Idle.uasset
[2017.02.21-09.15.27:156][437]LogFeaturePack:Warning: Failed to copy ../../../Templates/TemplateResources/Standard/FirstPerson/Content/Animations/FirstPerson_JumpEnd.uasset to ../../../../../../Users/Scott/Documents/GitHub/CGT445/Game/Content/FirstPerson/Animations/FirstPerson_JumpEnd.uasset
[2017.02.21-09.15.27:160][437]LogFeaturePack:Warning: Failed to copy ../../../Templates/TemplateResources/Standard/FirstPerson/Content/Animations/FirstPerson_JumpLoop.uasset to ../../../../../../Users/Scott/Documents/GitHub/CGT445/Game/Content/FirstPerson/Animations/FirstPerson_JumpLoop.uasset
[2017.02.21-09.15.27:163][437]LogFeaturePack:Warning: Failed to copy ../../../Templates/TemplateResources/Standard/FirstPerson/Content/Animations/FirstPerson_JumpStart.uasset to ../../../../../../Users/Scott/Documents/GitHub/CGT445/Game/Content/FirstPerson/Animations/FirstPerson_JumpStart.uasset
[2017.02.21-09.15.27:167][437]LogFeaturePack:Warning: Failed to copy ../../../Templates/TemplateResources/Standard/FirstPerson/Content/Animations/FirstPerson_Run.uasset to ../../../../../../Users/Scott/Documents/GitHub/CGT445/Game/Content/FirstPerson/Animations/FirstPerson_Run.uasset
[2017.02.21-09.15.27:171][437]LogFeaturePack:Warning: Failed to copy ../../../Templates/TemplateResources/Standard/FirstPerson/Content/Audio/FirstPersonTemplateWeaponFire02.uasset to ../../../../../../Users/Scott/Documents/GitHub/CGT445/Game/Content/FirstPerson/Audio/FirstPersonTemplateWeaponFire02.uasset
[2017.02.21-09.15.27:175][437]LogFeaturePack:Warning: Failed to copy ../../../Templates/TemplateResources/Standard/FirstPerson/Content/Character/Materials/M_UE4Man_Body.uasset to ../../../../../../Users/Scott/Documents/GitHub/CGT445/Game/Content/FirstPerson/Character/Materials/M_UE4Man_Body.uasset
[2017.02.21-09.15.27:180][437]LogFeaturePack:Warning: Failed to copy ../../../Templates/TemplateResources/Standard/FirstPerson/Content/Character/Materials/MaterialLayers/ML_GlossyBlack_Latex_UE4.uasset to ../../../../../../Users/Scott/Documents/GitHub/CGT445/Game/Content/FirstPerson/Character/Materials/MaterialLayers/ML_GlossyBlack_Latex_UE4.uasset
[2017.02.21-09.15.27:184][437]LogFeaturePack:Warning: Failed to copy ../../../Templates/TemplateResources/Standard/FirstPerson/Content/Character/Materials/MaterialLayers/ML_Plastic_Shiny_Beige.uasset to ../../../../../../Users/Scott/Documents/GitHub/CGT445/Game/Content/FirstPerson/Character/Materials/MaterialLayers/ML_Plastic_Shiny_Beige.uasset
[2017.02.21-09.15.27:188][437]LogFeaturePack:Warning: Failed to copy ../../../Templates/TemplateResources/Standard/FirstPerson/Content/Character/Materials/MaterialLayers/ML_Plastic_Shiny_Beige_LOGO.uasset to ../../../../../../Users/Scott/Documents/GitHub/CGT445/Game/Content/FirstPerson/Character/Materials/MaterialLayers/ML_Plastic_Shiny_Beige_LOGO.uasset
[2017.02.21-09.15.27:192][437]LogFeaturePack:Warning: Failed to copy ../../../Templates/TemplateResources/Standard/FirstPerson/Content/Character/Materials/MaterialLayers/ML_SoftMetal_UE4.uasset to ../../../../../../Users/Scott/Documents/GitHub/CGT445/Game/Content/FirstPerson/Character/Materials/MaterialLayers/ML_SoftMetal_UE4.uasset
[2017.02.21-09.15.27:196][437]LogFeaturePack:Warning: Failed to copy ../../../Templates/TemplateResources/Standard/FirstPerson/Content/Character/Materials/MaterialLayers/T_ML_Aluminum01.uasset to ../../../../../../Users/Scott/Documents/GitHub/CGT445/Game/Content/FirstPerson/Character/Materials/MaterialLayers/T_ML_Aluminum01.uasset
[2017.02.21-09.15.27:200][437]LogFeaturePack:Warning: Failed to copy ../../../Templates/TemplateResources/Standard/FirstPerson/Content/Character/Materials/MaterialLayers/T_ML_Aluminum01_N.uasset to ../../../../../../Users/Scott/Documents/GitHub/CGT445/Game/Content/FirstPerson/Character/Materials/MaterialLayers/T_ML_Aluminum01_N.uasset
[2017.02.21-09.15.27:204][437]LogFeaturePack:Warning: Failed to copy ../../../Templates/TemplateResources/Standard/FirstPerson/Content/Character/Materials/MaterialLayers/T_ML_Rubber_Blue_01_D.uasset to ../../../../../../Users/Scott/Documents/GitHub/CGT445/Game/Content/FirstPerson/Character/Materials/MaterialLayers/T_ML_Rubber_Blue_01_D.uasset
[2017.02.21-09.15.27:207][437]LogFeaturePack:Warning: Failed to copy ../../../Templates/TemplateResources/Standard/FirstPerson/Content/Character/Materials/MaterialLayers/T_ML_Rubber_Blue_01_N.uasset to ../../../../../../Users/Scott/Documents/GitHub/CGT445/Game/Content/FirstPerson/Character/Materials/MaterialLayers/T_ML_Rubber_Blue_01_N.uasset
[2017.02.21-09.15.27:213][437]LogFeaturePack:Warning: Failed to copy ../../../Templates/TemplateResources/Standard/FirstPerson/Content/Character/Mesh/SK_Mannequin_Arms.uasset to ../../../../../../Users/Scott/Documents/GitHub/CGT445/Game/Content/FirstPerson/Character/Mesh/SK_Mannequin_Arms.uasset
[2017.02.21-09.15.27:216][437]LogFeaturePack:Warning: Failed to copy ../../../Templates/TemplateResources/Standard/FirstPerson/Content/Character/Mesh/SK_Mannequin_Arms_PhysicsAsset.uasset to ../../../../../../Users/Scott/Documents/GitHub/CGT445/Game/Content/FirstPerson/Character/Mesh/SK_Mannequin_Arms_PhysicsAsset.uasset
[2017.02.21-09.15.27:220][437]LogFeaturePack:Warning: Failed to copy ../../../Templates/TemplateResources/Standard/FirstPerson/Content/Character/Mesh/SK_Mannequin_Arms_Skeleton.uasset to ../../../../../../Users/Scott/Documents/GitHub/CGT445/Game/Content/FirstPerson/Character/Mesh/SK_Mannequin_Arms_Skeleton.uasset
[2017.02.21-09.15.27:224][437]LogFeaturePack:Warning: Failed to copy ../../../Templates/TemplateResources/Standard/FirstPerson/Content/Character/Textures/UE4_LOGO_CARD.uasset to ../../../../../../Users/Scott/Documents/GitHub/CGT445/Game/Content/FirstPerson/Character/Textures/UE4_LOGO_CARD.uasset
[2017.02.21-09.15.27:228][437]LogFeaturePack:Warning: Failed to copy ../../../Templates/TemplateResources/Standard/FirstPerson/Content/Character/Textures/UE4_Mannequin_MAT_MASKA.uasset to ../../../../../../Users/Scott/Documents/GitHub/CGT445/Game/Content/FirstPerson/Character/Textures/UE4_Mannequin_MAT_MASKA.uasset
[2017.02.21-09.15.27:232][437]LogFeaturePack:Warning: Failed to copy ../../../Templates/TemplateResources/Standard/FirstPerson/Content/Character/Textures/UE4_Mannequin__normals.uasset to ../../../../../../Users/Scott/Documents/GitHub/CGT445/Game/Content/FirstPerson/Character/Textures/UE4_Mannequin__normals.uasset
[2017.02.21-09.15.27:237][437]LogFeaturePack:Warning: Failed to copy ../../../Templates/TemplateResources/Standard/FirstPerson/Content/FPWeapon/Materials/M_FPGun.uasset to ../../../../../../Users/Scott/Documents/GitHub/CGT445/Game/Content/FirstPerson/FPWeapon/Materials/M_FPGun.uasset
[2017.02.21-09.15.27:241][437]LogFeaturePack:Warning: Failed to copy ../../../Templates/TemplateResources/Standard/FirstPerson/Content/FPWeapon/Materials/MaterialLayers/ML_GlossyBlack_Latex_UE4.uasset to ../../../../../../Users/Scott/Documents/GitHub/CGT445/Game/Content/FirstPerson/FPWeapon/Materials/MaterialLayers/ML_GlossyBlack_Latex_UE4.uasset
[2017.02.21-09.15.27:246][437]LogFeaturePack:Warning: Failed to copy ../../../Templates/TemplateResources/Standard/FirstPerson/Content/FPWeapon/Materials/MaterialLayers/ML_Plastic_Shiny_Beige.uasset to ../../../../../../Users/Scott/Documents/GitHub/CGT445/Game/Content/FirstPerson/FPWeapon/Materials/MaterialLayers/ML_Plastic_Shiny_Beige.uasset
[2017.02.21-09.15.27:257][437]LogFeaturePack:Warning: Failed to copy ../../../Templates/TemplateResources/Standard/FirstPerson/Content/FPWeapon/Materials/MaterialLayers/ML_Screen.uasset to ../../../../../../Users/Scott/Documents/GitHub/CGT445/Game/Content/FirstPerson/FPWeapon/Materials/MaterialLayers/ML_Screen.uasset
[2017.02.21-09.15.27:261][437]LogFeaturePack:Warning: Failed to copy ../../../Templates/TemplateResources/Standard/FirstPerson/Content/FPWeapon/Materials/MaterialLayers/ML_SoftMetal_UE4.uasset to ../../../../../../Users/Scott/Documents/GitHub/CGT445/Game/Content/FirstPerson/FPWeapon/Materials/MaterialLayers/ML_SoftMetal_UE4.uasset
[2017.02.21-09.15.27:265][437]LogFeaturePack:Warning: Failed to copy ../../../Templates/TemplateResources/Standard/FirstPerson/Content/FPWeapon/Materials/MaterialLayers/T_ML_Aluminum01.uasset to ../../../../../../Users/Scott/Documents/GitHub/CGT445/Game/Content/FirstPerson/FPWeapon/Materials/MaterialLayers/T_ML_Aluminum01.uasset
[2017.02.21-09.15.27:269][437]LogFeaturePack:Warning: Failed to copy ../../../Templates/TemplateResources/Standard/FirstPerson/Content/FPWeapon/Materials/MaterialLayers/T_ML_Aluminum01_N.uasset to ../../../../../../Users/Scott/Documents/GitHub/CGT445/Game/Content/FirstPerson/FPWeapon/Materials/MaterialLayers/T_ML_Aluminum01_N.uasset
[2017.02.21-09.15.27:311][437]LogFeaturePack:Warning: Failed to copy ../../../Templates/TemplateResources/Standard/FirstPerson/Content/FPWeapon/Materials/MaterialLayers/T_ML_Rubber_Blue_01_D.uasset to ../../../../../../Users/Scott/Documents/GitHub/CGT445/Game/Content/FirstPerson/FPWeapon/Materials/MaterialLayers/T_ML_Rubber_Blue_01_D.uasset
[2017.02.21-09.15.27:314][437]LogFeaturePack:Warning: Failed to copy ../../../Templates/TemplateResources/Standard/FirstPerson/Content/FPWeapon/Materials/MaterialLayers/T_ML_Rubber_Blue_01_N.uasset to ../../../../../../Users/Scott/Documents/GitHub/CGT445/Game/Content/FirstPerson/FPWeapon/Materials/MaterialLayers/T_ML_Rubber_Blue_01_N.uasset
[2017.02.21-09.15.27:318][437]LogFeaturePack:Warning: Failed to copy ../../../Templates/TemplateResources/Standard/FirstPerson/Content/FPWeapon/Mesh/SK_FPGun.uasset to ../../../../../../Users/Scott/Documents/GitHub/CGT445/Game/Content/FirstPerson/FPWeapon/Mesh/SK_FPGun.uasset
[2017.02.21-09.15.27:321][437]LogFeaturePack:Warning: Failed to copy ../../../Templates/TemplateResources/Standard/FirstPerson/Content/FPWeapon/Mesh/SK_FPGun_Skeleton.uasset to ../../../../../../Users/Scott/Documents/GitHub/CGT445/Game/Content/FirstPerson/FPWeapon/Mesh/SK_FPGun_Skeleton.uasset
[2017.02.21-09.15.27:325][437]LogFeaturePack:Warning: Failed to copy ../../../Templates/TemplateResources/Standard/FirstPerson/Content/FPWeapon/Textures/T_FPGun_M.uasset to ../../../../../../Users/Scott/Documents/GitHub/CGT445/Game/Content/FirstPerson/FPWeapon/Textures/T_FPGun_M.uasset
[2017.02.21-09.15.27:329][437]LogFeaturePack:Warning: Failed to copy ../../../Templates/TemplateResources/Standard/FirstPerson/Content/FPWeapon/Textures/T_FPGun_N.uasset to ../../../../../../Users/Scott/Documents/GitHub/CGT445/Game/Content/FirstPerson/FPWeapon/Textures/T_FPGun_N.uasset
[2017.02.21-09.15.27:333][437]LogFeaturePack:Warning: Failed to copy ../../../Templates/TemplateResources/Standard/FirstPerson/Content/Meshes/BaseMaterial.uasset to ../../../../../../Users/Scott/Documents/GitHub/CGT445/Game/Content/FirstPerson/Meshes/BaseMaterial.uasset
[2017.02.21-09.15.27:337][437]LogFeaturePack:Warning: Failed to copy ../../../Templates/TemplateResources/Standard/FirstPerson/Content/Meshes/CubeMaterialOverride.uasset to ../../../../../../Users/Scott/Documents/GitHub/CGT445/Game/Content/FirstPerson/Meshes/CubeMaterialOverride.uasset
[2017.02.21-09.15.27:341][437]LogFeaturePack:Warning: Failed to copy ../../../Templates/TemplateResources/Standard/FirstPerson/Content/Meshes/FirstPersonProjectileMaterial.uasset to ../../../../../../Users/Scott/Documents/GitHub/CGT445/Game/Content/FirstPerson/Meshes/FirstPersonProjectileMaterial.uasset
[2017.02.21-09.15.27:344][437]LogFeaturePack:Warning: Failed to copy ../../../Templates/TemplateResources/Standard/FirstPerson/Content/Meshes/FirstPersonProjectileMesh.uasset to ../../../../../../Users/Scott/Documents/GitHub/CGT445/Game/Content/FirstPerson/Meshes/FirstPersonProjectileMesh.uasset
[2017.02.21-09.15.27:346][437]LogFeaturePack:Warning: Failed to copy ../../../Templates/TemplateResources/Standard/FirstPerson/Content/Textures/FirstPersonCrosshair.uasset to ../../../../../../Users/Scott/Documents/GitHub/CGT445/Game/Content/FirstPerson/Textures/FirstPersonCrosshair.uasset
[2017.02.21-09.15.27:350][437]LogFeaturePack:Warning: Failed to copy ../../../Templates/TemplateResources/High/Geometry/Content/Meshes/1M_Cube.uasset to ../../../../../../Users/Scott/Documents/GitHub/CGT445/Game/Content/Geometry/Meshes/1M_Cube.uasset
[2017.02.21-09.15.27:361][437]LogFeaturePack:Warning: Failed to copy ../../../Templates/TemplateResources/High/Geometry/Content/Meshes/CubeMaterial.uasset to ../../../../../../Users/Scott/Documents/GitHub/CGT445/Game/Content/Geometry/Meshes/CubeMaterial.uasset
[2017.02.21-09.15.27:364][437]LogFeaturePack:Warning: Failed to copy ../../../Templates/TemplateResources/High/Geometry/Content/Meshes/TemplateFloor.uasset to ../../../../../../Users/Scott/Documents/GitHub/CGT445/Game/Content/Geometry/Meshes/TemplateFloor.uasset
[2017.02.21-09.15.27:400][437]LogFactory: FactoryCreateFile: PackFactory with PackFactory (0 0 C:/Program Files (x86)/Epic Games/4.12/FeaturePacks/FP_FirstPersonBP.upack)
[2017.02.21-09.15.27:410][437]LogPackFactory: Finished extracting 8 files (including 0 errors).
[2017.02.21-09.15.27:417][437]LogPackFactory: Copied "../../../Templates/FP_FirstPersonBP/Content/FirstPersonBP/FirstPersonOverview.uasset" to "../../../../../../Users/Scott/Documents/GitHub/CGT445/Game/Content/FirstPersonBP/FirstPersonOverview.uasset"
[2017.02.21-09.15.27:421][437]LogPackFactory:Error: Unable to copy file "../../../Templates/FP_FirstPersonBP/Content/FirstPersonBP/Blueprints/FirstPersonCharacter.uasset" to "../../../../../../Users/Scott/Documents/GitHub/CGT445/Game/Content/FirstPersonBP/Blueprints/FirstPersonCharacter.uasset".
[2017.02.21-09.15.27:424][437]LogPackFactory:Error: Unable to copy file "../../../Templates/FP_FirstPersonBP/Content/FirstPersonBP/Blueprints/FirstPersonGameMode.uasset" to "../../../../../../Users/Scott/Documents/GitHub/CGT445/Game/Content/FirstPersonBP/Blueprints/FirstPersonGameMode.uasset".
[2017.02.21-09.15.27:429][437]LogPackFactory:Error: Unable to copy file "../../../Templates/FP_FirstPersonBP/Content/FirstPersonBP/Blueprints/FirstPersonHUD.uasset" to "../../../../../../Users/Scott/Documents/GitHub/CGT445/Game/Content/FirstPersonBP/Blueprints/FirstPersonHUD.uasset".
[2017.02.21-09.15.27:535][437]LogPackFactory: Copied "../../../Templates/FP_FirstPersonBP/Content/FirstPersonBP/Maps/FirstPersonExampleMap.umap" to "../../../../../../Users/Scott/Documents/GitHub/CGT445/Game/Content/FirstPersonBP/Maps/FirstPersonExampleMap.umap"
[2017.02.21-09.15.27:584][437]Cmd: OBJ SAVEPACKAGE PACKAGE="/Game/FirstPersonBP/FirstPersonOverview" FILE="../../../../../../Users/Scott/Documents/GitHub/CGT445/Game/Content/FirstPersonBP/FirstPersonOverview.uasset" SILENT=true
[2017.02.21-09.15.27:603][437]LogSavePackage: Save=10.00ms
[2017.02.21-09.15.27:603][437]LogSavePackage: Moving '../../../../../../Users/Scott/Documents/GitHub/CGT445/Game/Saved/FirstPersonOverviewE5CD02C640D8788C2D0753B0E51F2DEF.tmp' to '../../../../../../Users/Scott/Documents/GitHub/CGT445/Game/Content/FirstPersonBP/FirstPersonOverview.uasset'
[2017.02.21-09.15.27:606][437]LogSavePackage:Display: Finished SavePackage ../../../../../../Users/Scott/Documents/GitHub/CGT445/Game/Content/FirstPersonBP/FirstPersonOverview.uasset
[2017.02.21-09.15.36:741][526]Cmd: MAP LOAD FILE="../../../../../../Users/Scott/Documents/GitHub/CGT445/Game/Content/Maps/NewWorld.umap" TEMPLATE=0 SHOWPROGRESS=1 FEATURELEVEL=3
[2017.02.21-09.15.36:741][526]LightingResults: New page: Lighting Build
[2017.02.21-09.15.36:742][526]LoadErrors: New page: Loading map: NewWorld.umap
[2017.02.21-09.15.36:742][526]MapCheck: New page: Map Check
[2017.02.21-09.15.36:742][526]LightingResults: New page: Lighting Build
[2017.02.21-09.15.36:761][526]LogAIModule: Creating AISystem for world NewWorld
[2017.02.21-09.15.36:762][526]LogEditorServer: Finished looking for orphan Actors (0.000 secs)
[2017.02.21-09.15.36:799][526]Cmd: MAP CHECKDEP NOCLEARLOG
[2017.02.21-09.15.36:859][526]MapCheck: Info Map check complete: 0 Error(s), 0 Warning(s), took 59.564ms to complete.
[2017.02.21-09.15.36:860][526]LogFileHelpers: Loading map 'NewWorld' took 0.120
[2017.02.21-09.15.45:148][503]Cmd: DELETE
[2017.02.21-09.15.45:148][503]Cmd: ACTOR DELETE
[2017.02.21-09.15.45:150][503]LogEditorActor: Deleted Actor: SkyLight
[2017.02.21-09.15.45:165][503]LogEditorActor: Deleted 1 Actors (0.015 secs)
[2017.02.21-09.16.00:970][386]LogAIModule: Creating AISystem for world TheMapOfDoors
[2017.02.21-09.16.03:530][386]Cmd: OBJ SAVEPACKAGE PACKAGE="/Game/Maps/NewWorld" FILE="../../../../../../Users/Scott/Documents/GitHub/CGT445/Game/Content/Maps/NewWorld.umap" SILENT=true AUTOSAVING=false KEEPDIRTY=false
[2017.02.21-09.16.03:724][386]LogSavePackage: Save=12.19ms
[2017.02.21-09.16.03:724][386]LogSavePackage: Moving '../../../../../../Users/Scott/Documents/GitHub/CGT445/Game/Saved/NewWorldE314A0E14FDCC8A233CFB78D2F36C74C.tmp' to '../../../../../../Users/Scott/Documents/GitHub/CGT445/Game/Content/Maps/NewWorld.umap'
[2017.02.21-09.16.03:728][386]LogSavePackage:Display: Finished SavePackage ../../../../../../Users/Scott/Documents/GitHub/CGT445/Game/Content/Maps/NewWorld.umap
[2017.02.21-09.16.03:759][386]LogFileHelpers: Saving map 'NewWorld' took 0.289
[2017.02.21-09.16.03:760][386]Cmd: MAP LOAD FILE="../../../../../../Users/Scott/Documents/GitHub/CGT445/Game/Content/Maps/TheMapOfDoors.umap" TEMPLATE=0 SHOWPROGRESS=1 FEATURELEVEL=3
[2017.02.21-09.16.03:760][386]LightingResults: New page: Lighting Build
[2017.02.21-09.16.03:761][386]LoadErrors: New page: Loading map: TheMapOfDoors.umap
[2017.02.21-09.16.03:761][386]MapCheck: New page: Map Check
[2017.02.21-09.16.03:761][386]LightingResults: New page: Lighting Build
[2017.02.21-09.16.03:788][386]LogEditorServer: Finished looking for orphan Actors (0.000 secs)
[2017.02.21-09.16.03:818][386]Cmd: MAP CHECKDEP NOCLEARLOG
[2017.02.21-09.16.03:878][386]MapCheck: Info Map check complete: 0 Error(s), 0 Warning(s), took 59.98ms to complete.
[2017.02.21-09.16.03:878][386]LogFileHelpers: Loading map 'TheMapOfDoors' took 0.119
[2017.02.21-09.16.26:192][  5]LogAIModule: Creating AISystem for world NewWorld
[2017.02.21-09.16.26:209][  5]Cmd: MAP LOAD FILE="../../../../../../Users/Scott/Documents/GitHub/CGT445/Game/Content/Maps/NewWorld.umap" TEMPLATE=0 SHOWPROGRESS=1 FEATURELEVEL=3
[2017.02.21-09.16.26:209][  5]LightingResults: New page: Lighting Build
[2017.02.21-09.16.26:209][  5]LoadErrors: New page: Loading map: NewWorld.umap
[2017.02.21-09.16.26:211][  5]MapCheck: New page: Map Check
[2017.02.21-09.16.26:211][  5]LightingResults: New page: Lighting Build
[2017.02.21-09.16.26:226][  5]LogEditorServer: Finished looking for orphan Actors (0.000 secs)
[2017.02.21-09.16.26:256][  5]Cmd: MAP CHECKDEP NOCLEARLOG
[2017.02.21-09.16.26:317][  5]MapCheck: Info Map check complete: 0 Error(s), 0 Warning(s), took 60.764ms to complete.
[2017.02.21-09.16.26:317][  5]LogFileHelpers: Loading map 'NewWorld' took 0.109
[2017.02.21-09.17.09:856][147]LogActorFactory: Actor Factory created Cube
[2017.02.21-09.17.11:677][363]LogActorFactory: Actor Factory created Cube
[2017.02.21-09.17.24:985][895]LogEditorViewport: Clicking on Actor (LMB): StaticMeshActor (Cube)
[2017.02.21-09.17.30:514][501]Cmd: DELETE
[2017.02.21-09.17.30:514][501]Cmd: ACTOR DELETE
[2017.02.21-09.17.30:514][501]LogEditorActor: Deleted Actor: StaticMeshActor
[2017.02.21-09.17.30:529][501]LogEditorActor: Deleted 1 Actors (0.014 secs)
[2017.02.21-09.17.32:711][763]Cmd: TRANSACTION UNDO
[2017.02.21-09.17.32:711][763]LogEditorTransaction: Undo Delete Actors
[2017.02.21-09.21.21:307][194]LogNavigationPoint: PostEditMove Clear paths rebuilt
[2017.02.21-09.21.22:562][342]LogNavigationPoint: PostEditMove Clear paths rebuilt
[2017.02.21-09.21.26:095][748]LogNavigationPoint: PostEditMove Clear paths rebuilt
[2017.02.21-09.21.27:141][872]LogNavigationPoint: PostEditMove Clear paths rebuilt
[2017.02.21-09.21.27:988][972]LogNavigationPoint: PostEditMove Clear paths rebuilt
[2017.02.21-09.21.29:618][167]LogNavigationPoint: PostEditMove Clear paths rebuilt
[2017.02.21-09.21.30:230][239]LogNavigationPoint: PostEditMove Clear paths rebuilt
[2017.02.21-09.21.38:481][220]LogActorFactory: Actor Factory created Cube
[2017.02.21-09.21.39:003][281]LogActorFactory: Actor Factory created Cube
[2017.02.21-09.21.51:928][814]Cmd: TRANSACTION UNDO
[2017.02.21-09.21.51:928][814]LogEditorTransaction: Undo Set actor location
[2017.02.21-09.21.56:100][295]LogPhysics:Warning: AddConvexElemsToRigidActor: [/Engine/BasicShapes/Cube.Cube] ConvexElem[0] invalid
[2017.02.21-09.21.56:100][295]LogPhysics:Warning: AddConvexElemsToRigidActor: [/Engine/BasicShapes/Cube.Cube] ConvexElem[0] invalid
[2017.02.21-09.22.53:097][989]LogPlayLevel: PlayLevel: No blueprints needed recompiling
[2017.02.21-09.22.53:097][989]PIE: New page: PIE session: NewWorld (Feb 20, 2017, 11:22:53 PM)
[2017.02.21-09.22.53:097][989]LogPlayLevel: Creating play world package: /Game/Maps/UEDPIE_0_NewWorld
[2017.02.21-09.22.53:099][989]LogPlayLevel: PIE: StaticDuplicateObject took: (0.001540s)
[2017.02.21-09.22.53:099][989]LogAIModule: Creating AISystem for world NewWorld
[2017.02.21-09.22.53:099][989]LogPlayLevel: PIE: World Init took: (0.000749s)
[2017.02.21-09.22.53:100][989]LogPlayLevel: PIE: Created PIE world by copying editor world from /Game/Maps/NewWorld.NewWorld to /Game/Maps/UEDPIE_0_NewWorld.NewWorld (0.002536s)
[2017.02.21-09.22.53:171][989]LogInit: XAudio2 using 'Back (3- C-Media USB Headphone Set  )' : 2 channels at 44.1 kHz using 16 bits per sample (channel mask 0x3)
[2017.02.21-09.22.53:180][989]LogInit: FAudioDevice initialized.
[2017.02.21-09.22.53:238][989]LogWorld: Game class is 'FirstPersonGameMode_C'
[2017.02.21-09.22.53:241][989]LogWorld: Bringing World /Game/Maps/UEDPIE_0_NewWorld.NewWorld up for play (max tick rate 0) at 2017.02.21-04.22.53
[2017.02.21-09.22.53:242][989]LogWorld: Bringing up level for play took: 0.002882
[2017.02.21-09.22.53:247][989]PIE: Info Play in editor start time for /Game/Maps/UEDPIE_0_NewWorld -0.007
[2017.02.21-09.23.19:520][110]LogSpawn:Warning: SpawnActor failed because of collision at the spawn location [X=-24474.072 Y=11269.242 Z=189.255] for [FirstPersonProjectile_C]
[2017.02.21-09.23.36:008][ 38]LogEditorViewport: Clicking on Actor (LMB): StaticMeshActor (Cube)
[2017.02.21-09.23.46:908][286]LogEditorViewport: Clicking on Actor (LMB): FirstPersonCharacter_C (FirstPersonCharacter)
[2017.02.21-09.23.48:416][453]Cmd: DELETE
[2017.02.21-09.23.48:416][453]Cmd: ACTOR DELETE
[2017.02.21-09.23.48:417][453]LogEditorActor: Deleted Actor: FirstPersonCharacter_C
[2017.02.21-09.23.48:458][453]LogEditorActor: Deleted 1 Actors (0.042 secs)
[2017.02.21-09.23.49:685][600]LogEditorViewport: Clicking on Actor (LMB): PlayerStart (PlayerStart)
[2017.02.21-09.23.50:519][696]Cmd: DELETE
[2017.02.21-09.23.50:519][696]Cmd: ACTOR DELETE
[2017.02.21-09.23.50:519][696]LogEditorActor: Deleted Actor: PlayerStart
[2017.02.21-09.23.50:533][696]LogEditorActor: Deleted 1 Actors (0.014 secs)
[2017.02.21-09.23.50:992][751]LogEditorViewport: Clicking on Actor (LMB): StaticMeshActor (Cube2)
[2017.02.21-09.23.51:661][826]Cmd: DELETE
[2017.02.21-09.23.51:661][826]Cmd: ACTOR DELETE
[2017.02.21-09.23.51:662][826]LogEditorActor: Deleted Actor: StaticMeshActor
[2017.02.21-09.23.51:675][826]LogEditorActor: Deleted 1 Actors (0.013 secs)
[2017.02.21-09.24.08:486][798]LogPlayLevel: PlayLevel: No blueprints needed recompiling
[2017.02.21-09.24.08:486][798]PIE: New page: PIE session: NewWorld (Feb 20, 2017, 11:24:08 PM)
[2017.02.21-09.24.08:486][798]LogPlayLevel: Creating play world package: /Game/Maps/UEDPIE_0_NewWorld
[2017.02.21-09.24.08:488][798]LogPlayLevel: PIE: StaticDuplicateObject took: (0.001414s)
[2017.02.21-09.24.08:488][798]LogAIModule: Creating AISystem for world NewWorld
[2017.02.21-09.24.08:489][798]LogPlayLevel: PIE: World Init took: (0.000722s)
[2017.02.21-09.24.08:489][798]LogPlayLevel: PIE: Created PIE world by copying editor world from /Game/Maps/NewWorld.NewWorld to /Game/Maps/UEDPIE_0_NewWorld.NewWorld (0.002376s)
[2017.02.21-09.24.08:546][798]LogInit: XAudio2 using 'Back (3- C-Media USB Headphone Set  )' : 2 channels at 44.1 kHz using 16 bits per sample (channel mask 0x3)
[2017.02.21-09.24.08:554][798]LogInit: FAudioDevice initialized.
[2017.02.21-09.24.08:608][798]LogWorld: Game class is 'FirstPersonGameMode_C'
[2017.02.21-09.24.08:611][798]LogWorld: Bringing World /Game/Maps/UEDPIE_0_NewWorld.NewWorld up for play (max tick rate 0) at 2017.02.21-04.24.08
[2017.02.21-09.24.08:612][798]LogWorld: Bringing up level for play took: 0.002360
[2017.02.21-09.24.08:614][798]PIE: Info Play in editor start time for /Game/Maps/UEDPIE_0_NewWorld -0.639
[2017.02.21-09.24.18:693][955]LogNavigationPoint: PostEditMove Clear paths rebuilt
[2017.02.21-09.24.19:382][ 36]LogNavigationPoint: PostEditMove Clear paths rebuilt
[2017.02.21-09.24.20:848][209]LogPlayLevel: PlayLevel: No blueprints needed recompiling
[2017.02.21-09.24.20:848][209]PIE: New page: PIE session: NewWorld (Feb 20, 2017, 11:24:20 PM)
[2017.02.21-09.24.20:848][209]LogPlayLevel: Creating play world package: /Game/Maps/UEDPIE_0_NewWorld
[2017.02.21-09.24.20:850][209]LogPlayLevel: PIE: StaticDuplicateObject took: (0.001667s)
[2017.02.21-09.24.20:850][209]LogAIModule: Creating AISystem for world NewWorld
[2017.02.21-09.24.20:851][209]LogPlayLevel: PIE: World Init took: (0.000806s)
[2017.02.21-09.24.20:851][209]LogPlayLevel: PIE: Created PIE world by copying editor world from /Game/Maps/NewWorld.NewWorld to /Game/Maps/UEDPIE_0_NewWorld.NewWorld (0.002714s)
[2017.02.21-09.24.20:875][209]LogInit: XAudio2 using 'Back (3- C-Media USB Headphone Set  )' : 2 channels at 44.1 kHz using 16 bits per sample (channel mask 0x3)
[2017.02.21-09.24.20:883][209]LogInit: FAudioDevice initialized.
[2017.02.21-09.24.20:934][209]LogWorld: Game class is 'FirstPersonGameMode_C'
[2017.02.21-09.24.20:938][209]LogWorld: Bringing World /Game/Maps/UEDPIE_0_NewWorld.NewWorld up for play (max tick rate 0) at 2017.02.21-04.24.20
[2017.02.21-09.24.20:939][209]LogWorld: Bringing up level for play took: 0.002787
[2017.02.21-09.24.20:941][209]PIE: Info Play in editor start time for /Game/Maps/UEDPIE_0_NewWorld -0.313
[2017.02.21-09.25.09:245][990]LogEditorViewport: Clicking on Actor (LMB): StaticMeshActor (Cube)
[2017.02.21-09.25.27:461][130]LogEditorViewport: Clicking on Actor (LMB): FirstPersonCharacter_C (FirstPersonCharacter)
[2017.02.21-09.25.28:665][263]Cmd: DELETE
[2017.02.21-09.25.28:665][263]Cmd: ACTOR DELETE
[2017.02.21-09.25.28:665][263]LogEditorActor: Deleted Actor: FirstPersonCharacter_C
[2017.02.21-09.25.28:706][263]LogEditorActor: Deleted 1 Actors (0.041 secs)
[2017.02.21-09.25.29:641][375]LogEditorViewport: Clicking on Actor (LMB): PlayerStart (PlayerStart)
[2017.02.21-09.25.30:514][476]Cmd: DELETE
[2017.02.21-09.25.30:514][476]Cmd: ACTOR DELETE
[2017.02.21-09.25.30:514][476]LogEditorActor: Deleted Actor: PlayerStart
[2017.02.21-09.25.30:526][476]LogEditorActor: Deleted 1 Actors (0.013 secs)
[2017.02.21-09.25.41:141][740]LogNavigationPoint: PostEditMove Clear paths rebuilt
[2017.02.21-09.25.41:638][798]LogNavigationPoint: PostEditMove Clear paths rebuilt
[2017.02.21-09.25.43:019][963]LogNavigationPoint: PostEditMove Clear paths rebuilt
[2017.02.21-09.25.46:474][314]Cmd: DELETE
[2017.02.21-09.25.46:474][314]Cmd: ACTOR DELETE
[2017.02.21-09.25.46:475][314]LogEditorActor: Deleted Actor: FirstPersonCharacter_C
[2017.02.21-09.25.46:528][314]LogEditorActor: Deleted 1 Actors (0.054 secs)
[2017.02.21-09.25.51:048][819]LogPlayLevel: PlayLevel: No blueprints needed recompiling
[2017.02.21-09.25.51:049][819]PIE: New page: PIE session: NewWorld (Feb 20, 2017, 11:25:51 PM)
[2017.02.21-09.25.51:049][819]LogPlayLevel: Creating play world package: /Game/Maps/UEDPIE_0_NewWorld
[2017.02.21-09.25.51:050][819]LogPlayLevel: PIE: StaticDuplicateObject took: (0.001539s)
[2017.02.21-09.25.51:051][819]LogAIModule: Creating AISystem for world NewWorld
[2017.02.21-09.25.51:051][819]LogPlayLevel: PIE: World Init took: (0.000734s)
[2017.02.21-09.25.51:051][819]LogPlayLevel: PIE: Created PIE world by copying editor world from /Game/Maps/NewWorld.NewWorld to /Game/Maps/UEDPIE_0_NewWorld.NewWorld (0.002493s)
[2017.02.21-09.25.51:109][819]LogInit: XAudio2 using 'Back (3- C-Media USB Headphone Set  )' : 2 channels at 44.1 kHz using 16 bits per sample (channel mask 0x3)
[2017.02.21-09.25.51:118][819]LogInit: FAudioDevice initialized.
[2017.02.21-09.25.51:173][819]LogWorld: Game class is 'FirstPersonGameMode_C'
[2017.02.21-09.25.51:177][819]LogWorld: Bringing World /Game/Maps/UEDPIE_0_NewWorld.NewWorld up for play (max tick rate 0) at 2017.02.21-04.25.51
[2017.02.21-09.25.51:177][819]LogWorld: Bringing up level for play took: 0.002660
[2017.02.21-09.25.51:180][819]PIE: Info Play in editor start time for /Game/Maps/UEDPIE_0_NewWorld -0.074
[2017.02.21-09.26.37:189][892]LogActorFactory: Actor Factory created Cube
[2017.02.21-09.26.37:411][916]LogActorFactory: Actor Factory created Cube
[2017.02.21-09.27.21:736][ 93]LogEditorViewport: Clicking on Actor (LMB): StaticMeshActor (Cube2)
[2017.02.21-09.27.23:161][262]LogEditorViewport: Clicking on Actor (LMB): BP_Sky_Sphere_C (BP_Sky_Sphere)
[2017.02.21-09.27.23:829][338]LogEditorViewport: Clicking on Actor (LMB): StaticMeshActor (Cube2)
[2017.02.21-09.27.42:645][560]LogEditorViewport: Clicking on Actor (LMB): StaticMeshActor (Cube)
[2017.02.21-09.27.54:872][ 18]LogEditorViewport: Clicking on Actor (LMB): StaticMeshActor (Cube2)
[2017.02.21-09.29.28:359][841]LogEditorViewport: Clicking on Actor (context menu): StaticMeshActor (Cube2)
[2017.02.21-09.29.50:964][265]LogPlayLevel: PlayLevel: No blueprints needed recompiling
[2017.02.21-09.29.50:964][265]PIE: New page: PIE session: NewWorld (Feb 20, 2017, 11:29:50 PM)
[2017.02.21-09.29.50:964][265]LogPlayLevel: Creating play world package: /Game/Maps/UEDPIE_0_NewWorld
[2017.02.21-09.29.50:966][265]LogPlayLevel: PIE: StaticDuplicateObject took: (0.001755s)
[2017.02.21-09.29.50:967][265]LogAIModule: Creating AISystem for world NewWorld
[2017.02.21-09.29.50:967][265]LogPlayLevel: PIE: World Init took: (0.000819s)
[2017.02.21-09.29.50:967][265]LogPlayLevel: PIE: Created PIE world by copying editor world from /Game/Maps/NewWorld.NewWorld to /Game/Maps/UEDPIE_0_NewWorld.NewWorld (0.002804s)
[2017.02.21-09.29.50:993][265]LogInit: XAudio2 using 'Back (3- C-Media USB Headphone Set  )' : 2 channels at 44.1 kHz using 16 bits per sample (channel mask 0x3)
[2017.02.21-09.29.51:002][265]LogInit: FAudioDevice initialized.
[2017.02.21-09.29.51:054][265]LogWorld: Game class is 'FirstPersonGameMode_C'
[2017.02.21-09.29.51:058][265]LogWorld: Bringing World /Game/Maps/UEDPIE_0_NewWorld.NewWorld up for play (max tick rate 0) at 2017.02.21-04.29.51
[2017.02.21-09.29.51:059][265]LogWorld: Bringing up level for play took: 0.002904
[2017.02.21-09.29.51:061][265]PIE: Info Play in editor start time for /Game/Maps/UEDPIE_0_NewWorld -0.192
[2017.02.21-09.30.03:629][734]LogEditorViewport: Clicking on Actor (LMB): FirstPersonCharacter_C (FirstPersonCharacter)
[2017.02.21-09.30.06:482][ 64]LogEditorViewport: Clicking on Actor (LMB): FirstPersonCharacter_C (FirstPersonCharacter)
[2017.02.21-09.30.49:658][ 92]LogSavePackage: Save=40.47ms
[2017.02.21-09.30.49:658][ 92]LogSavePackage: Moving '../../../../../../Users/Scott/Documents/GitHub/CGT445/Game/Saved/NewWorld_Auto1BD5776C44CAA695D648973A66A8C864E.tmp' to '../../../../../../Users/Scott/Documents/GitHub/CGT445/Game/Saved/Autosaves/Game/Maps/NewWorld_Auto1.umap'
[2017.02.21-09.30.49:660][ 92]LogSavePackage:Display: Finished SavePackage ../../../../../../Users/Scott/Documents/GitHub/CGT445/Game/Saved/Autosaves/Game/Maps/NewWorld_Auto1.umap
[2017.02.21-09.30.49:663][ 92]LogFileHelpers: Editor autosave (incl. sublevels) for '/Game/Maps/NewWorld' took 0.090
[2017.02.21-09.30.49:663][ 92]LogFileHelpers: Editor autosave (incl. sublevels) for all levels took 0.090
[2017.02.21-09.30.52:989][468]LogFeaturePack:Warning: Failed to copy ../../../Templates/TemplateResources/High/Geometry/Content/Meshes/1M_Cube.uasset to ../../../../../../Users/Scott/Documents/GitHub/CGT445/Game/Content/Geometry/Meshes/1M_Cube.uasset
[2017.02.21-09.30.52:993][468]LogFeaturePack:Warning: Failed to copy ../../../Templates/TemplateResources/High/Geometry/Content/Meshes/CubeMaterial.uasset to ../../../../../../Users/Scott/Documents/GitHub/CGT445/Game/Content/Geometry/Meshes/CubeMaterial.uasset
[2017.02.21-09.30.52:994][468]LogFeaturePack:Warning: Failed to copy ../../../Templates/TemplateResources/High/Geometry/Content/Meshes/TemplateFloor.uasset to ../../../../../../Users/Scott/Documents/GitHub/CGT445/Game/Content/Geometry/Meshes/TemplateFloor.uasset
[2017.02.21-09.30.53:237][468]LogFactory: FactoryCreateFile: PackFactory with PackFactory (0 0 C:/Program Files (x86)/Epic Games/4.12/FeaturePacks/TP_ThirdPersonBP.upack)
[2017.02.21-09.30.53:244][468]LogPackFactory: Finished extracting 8 files (including 0 errors).
[2017.02.21-09.30.53:252][468]LogPackFactory: Copied "../../../Templates/TP_ThirdPersonBP/Content/ThirdPersonBP/ThirdPersonOverview.uasset" to "../../../../../../Users/Scott/Documents/GitHub/CGT445/Game/Content/ThirdPersonBP/ThirdPersonOverview.uasset"
[2017.02.21-09.30.53:261][468]LogPackFactory: Copied "../../../Templates/TP_ThirdPersonBP/Content/ThirdPersonBP/Blueprints/ThirdPersonCharacter.uasset" to "../../../../../../Users/Scott/Documents/GitHub/CGT445/Game/Content/ThirdPersonBP/Blueprints/ThirdPersonCharacter.uasset"
[2017.02.21-09.30.53:268][468]LogPackFactory: Copied "../../../Templates/TP_ThirdPersonBP/Content/ThirdPersonBP/Blueprints/ThirdPersonGameMode.uasset" to "../../../../../../Users/Scott/Documents/GitHub/CGT445/Game/Content/ThirdPersonBP/Blueprints/ThirdPersonGameMode.uasset"
[2017.02.21-09.30.53:310][468]LogPackFactory: Copied "../../../Templates/TP_ThirdPersonBP/Content/ThirdPersonBP/Maps/ThirdPersonExampleMap.umap" to "../../../../../../Users/Scott/Documents/GitHub/CGT445/Game/Content/ThirdPersonBP/Maps/ThirdPersonExampleMap.umap"
[2017.02.21-09.30.53:350][468]Cmd: OBJ SAVEPACKAGE PACKAGE="/Game/ThirdPersonBP/ThirdPersonOverview" FILE="../../../../../../Users/Scott/Documents/GitHub/CGT445/Game/Content/ThirdPersonBP/ThirdPersonOverview.uasset" SILENT=true
[2017.02.21-09.30.53:367][468]LogSavePackage: Save=9.05ms
[2017.02.21-09.30.53:367][468]LogSavePackage: Moving '../../../../../../Users/Scott/Documents/GitHub/CGT445/Game/Saved/ThirdPersonOverview9AF47B5241FEE6E35129B78A0EBEB1F8.tmp' to 