Log file open, 04/19/17 16:07:42
LogInit:Display: Running engine for game: Game
LogPlatformFile: Not using cached read wrapper
LogInit:Display: RandInit(-1827201790) SRandInit(-1827201788).
LogTaskGraph: Started task graph with 4 named threads and 7 total threads with 1 sets of task threads.
LogStats: Stats thread started at 0.170962
LogInit: Version: 4.12.5-3039270+++UE4+Release-4.12
LogInit: API Version: 2992821
LogInit: Net Version: 3039270
LogDevObjectVersion: Number of dev versions registered: 13
LogDevObjectVersion:   Dev-Blueprints (B0D832E4-1F89-4F0D-ACCF-7EB736FD4AA2): 3
LogDevObjectVersion:   Dev-Build (E1C64328-A22C-4D53-A36C-8E866417BD8C): 0
LogDevObjectVersion:   Dev-Core (375EC13C-06E4-48FB-B500-84F0262A717E): 1
LogDevObjectVersion:   Dev-Editor (E4B068ED-F494-42E9-A231-DA0B2E46BB41): 2
LogDevObjectVersion:   Dev-Framework (CFFC743F-43B0-4480-9391-14DF171D2073): 6
LogDevObjectVersion:   Dev-Mobile (B02B49B5-BB20-44E9-A304-32B752E40360): 0
LogDevObjectVersion:   Dev-Networking (A4E4105C-59A1-49B5-A7C5-40C4547EDFEE): 0
LogDevObjectVersion:   Dev-Online (39C831C9-5AE6-47DC-9A44-9C173E1C8E7C): 0
LogDevObjectVersion:   Dev-Physics (78F01B33-EBEA-4F98-B9B4-84EACCB95AA2): 0
LogDevObjectVersion:   Dev-Platform (6631380F-2D4D-43E0-8009-CF276956A95A): 0
LogDevObjectVersion:   Dev-Rendering (12F88B9F-8875-4AFC-A67C-D90C383ABD29): 2
LogDevObjectVersion:   Dev-Sequencer (7B5AE74C-D270-4C10-A958-57980B212A5A): 0
LogDevObjectVersion:   Dev-VR (D7296918-1DD6-4BDD-9DE2-64A83CC13884): 0
LogInit: Compiled (64-bit): Jul  6 2016 09:09:46
LogInit: Compiled with Visual C++: 19.00.23026.00
LogInit: Build Configuration: Development
LogInit: Branch Name: ++UE4+Release-4.12
LogInit: Command line:  
LogInit: Base directory: E:/New folder/Paragon/UE_4.12/Engine/Binaries/Win64/
LogInit: Installed Engine Build: 1
LogInit: Using libcurl 7.41.0
LogInit:  - built for x86_64-pc-win32
LogInit:  - supports SSL with WinSSL
LogInit:  - other features:
LogInit:      CURL_VERSION_SSL
LogInit:      CURL_VERSION_IPV6
LogInit:      CURL_VERSION_ASYNCHDNS
LogInit:      CURL_VERSION_LARGEFILE
LogInit:      CURL_VERSION_IDN
LogInit:  CurlRequestOptions (configurable via config and command line):
LogInit:  - bVerifyPeer = true  - Libcurl will verify peer certificate
LogInit:  - bUseHttpProxy = false  - Libcurl will NOT use HTTP proxy
LogInit:  - bDontReuseConnections = false  - Libcurl will reuse connections
LogInit:  - CertBundlePath = nullptr  - Libcurl will use whatever was configured at build time.
LogInit: Presizing for max 8388607 objects, including 0 objects not considered by GC, pre-allocating 0 bytes for permanent pool.
LogInit: Object subsystem initialized
[2017.04.19-20.07.44:473][  0]LogInit: Selected Device Profile: [Windows]
[2017.04.19-20.07.44:473][  0]LogInit: Applying CVar settings loaded from the selected device profile: [Windows]
[2017.04.19-20.07.44:779][  0]LogInit: Computer: DESKTOP-JAT82AM
[2017.04.19-20.07.44:779][  0]LogInit: User: Alex
[2017.04.19-20.07.44:779][  0]LogInit: CPU Page size=65536, Cores=4
[2017.04.19-20.07.44:779][  0]LogInit: High frequency timer resolution =3.906245 MHz
[2017.04.19-20.07.44:829][  0]LogMemory: Memory total: Physical=15.9GB (16GB approx)
[2017.04.19-20.07.44:833][  0]LogMemory: Platform Memory Stats for Windows
[2017.04.19-20.07.44:833][  0]LogMemory: Process Physical Memory: 192.46 MB used, 192.46 MB peak
[2017.04.19-20.07.44:833][  0]LogMemory: Process Virtual Memory: 195.40 MB used, 195.40 MB peak
[2017.04.19-20.07.44:833][  0]LogMemory: Physical Memory: 5040.69 MB used, 16332.62 MB total
[2017.04.19-20.07.44:833][  0]LogMemory: Virtual Memory: 581.54 MB used, 134217728.00 MB total
[2017.04.19-20.07.46:323][  0]LogTextLocalizationManager: No specific translations for ('en-US') exist, so ('en') translations will be used.
[2017.04.19-20.07.47:903][  0]LogD3D11RHI: D3D11 adapters:
[2017.04.19-20.07.47:939][  0]LogD3D11RHI:    0. 'AMD Radeon R9 200 Series' (Feature Level 11_0)
[2017.04.19-20.07.47:939][  0]LogD3D11RHI:       4073/0/8166 MB DedicatedVideo/DedicatedSystem/SharedSystem, Outputs:1, VendorId:0x1002
[2017.04.19-20.07.47:941][  0]LogD3D11RHI:    1. 'Microsoft Basic Render Driver' (Feature Level 11_0)
[2017.04.19-20.07.47:941][  0]LogD3D11RHI:       0/0/8166 MB DedicatedVideo/DedicatedSystem/SharedSystem, Outputs:0, VendorId:0x1414
[2017.04.19-20.07.47:941][  0]LogD3D11RHI: Chosen D3D11 Adapter: 0
[2017.04.19-20.07.47:948][  0]LogD3D11RHI: Creating new Direct3DDevice
[2017.04.19-20.07.47:949][  0]LogD3D11RHI:     GPU DeviceId: 0x67b0 (for the marketing name, search the web for "GPU Device Id")
[2017.04.19-20.07.47:963][  0]LogWindows: EnumDisplayDevices:
[2017.04.19-20.07.47:964][  0]LogWindows:    0. 'AMD Radeon R9 200 Series' (P:1 D:1)
[2017.04.19-20.07.47:964][  0]LogWindows:    1. 'AMD Radeon R9 200 Series' (P:0 D:0)
[2017.04.19-20.07.47:965][  0]LogWindows:    2. 'AMD Radeon R9 200 Series' (P:0 D:0)
[2017.04.19-20.07.47:965][  0]LogWindows:    3. 'AMD Radeon R9 200 Series' (P:0 D:0)
[2017.04.19-20.07.47:966][  0]LogWindows:    4. 'AMD Radeon R9 200 Series' (P:0 D:0)
[2017.04.19-20.07.47:966][  0]LogWindows:    5. 'AMD Radeon R9 200 Series' (P:0 D:0)
[2017.04.19-20.07.47:966][  0]LogWindows: DebugString: FoundDriverCount:6 
[2017.04.19-20.07.47:967][  0]LogD3D11RHI:     Adapter Name: AMD Radeon R9 200 Series
[2017.04.19-20.07.47:967][  0]LogD3D11RHI:   Driver Version: Crimson ReLive 17.1.1 (internal:21.19.411.0, unified:21.19.411.0)
[2017.04.19-20.07.47:967][  0]LogD3D11RHI:      Driver Date: 1-13-2017
[2017.04.19-20.07.47:967][  0]LogRHI: Texture pool is 1361 MB (70% of 1945 MB)
[2017.04.19-20.07.47:983][  0]LogD3D11RHI: Async texture creation disabled: no driver support
[2017.04.19-20.07.48:486][  0]LogD3D11RHI: GPU Timing Frequency: 27.000000 (Debug: 2 1)
[2017.04.19-20.07.48:580][  0]LogShaderCompilers: Guid format shader working directory is 6 characters bigger than the processId version (C:/Users/Alex/Desktop/Gith/CGT445/Game/Intermediate/Shaders/WorkingDirectory/16548/).
[2017.04.19-20.07.48:580][  0]LogShaderCompilers: Cleaned the shader compiler working directory 'C:/Users/Alex/AppData/Local/Temp/UnrealShaderWorkingDir/9E61AED14FB7C33DA45F66A03A67275D/'.
[2017.04.19-20.07.48:587][  0]LogShaderCompilers:Display: Using Local Shader Compiler.
[2017.04.19-20.07.53:787][  0]LogTemp:Display: Loaded TP AllDesktopTargetPlatform
[2017.04.19-20.07.53:807][  0]LogTemp:Display: Loaded TP WindowsClientTargetPlatform
[2017.04.19-20.07.53:824][  0]LogTemp:Display: Loaded TP WindowsNoEditorTargetPlatform
[2017.04.19-20.07.53:840][  0]LogTemp:Display: Loaded TP WindowsServerTargetPlatform
[2017.04.19-20.07.53:853][  0]LogTemp:Display: Loaded TP WindowsTargetPlatform
[2017.04.19-20.07.53:890][  0]LogTemp:Display: Loaded TP AndroidTargetPlatform
[2017.04.19-20.07.53:931][  0]LogTemp:Display: Loaded TP Android_ASTCTargetPlatform
[2017.04.19-20.07.53:954][  0]LogTemp:Display: Loaded TP Android_ATCTargetPlatform
[2017.04.19-20.07.53:976][  0]LogTemp:Display: Loaded TP Android_DXTTargetPlatform
[2017.04.19-20.07.54:001][  0]LogTemp:Display: Loaded TP Android_ETC1TargetPlatform
[2017.04.19-20.07.54:018][  0]LogTemp:Display: Loaded TP Android_ETC2TargetPlatform
[2017.04.19-20.07.54:054][  0]LogTemp:Display: Loaded TP Android_MultiTargetPlatform
[2017.04.19-20.07.54:054][  0]LogTemp:Display: Loaded TP Android_PVRTCTargetPlatform
[2017.04.19-20.07.54:056][  0]LogTemp:Display: Loaded TP HTML5TargetPlatform
[2017.04.19-20.07.54:179][  0]LogTemp:Display: Loaded TP IOSTargetPlatform
[2017.04.19-20.07.54:194][  0]LogTemp:Display: Loaded TP TVOSTargetPlatform
[2017.04.19-20.07.54:215][  0]LogTemp:Display: Loaded TP LinuxNoEditorTargetPlatform
[2017.04.19-20.07.54:240][  0]LogTemp:Display: Loaded TP LinuxServerTargetPlatform
[2017.04.19-20.07.54:294][  0]LogTemp:Display: Loaded TP LinuxTargetPlatform
[2017.04.19-20.07.54:294][  0]LogTargetPlatformManager:Display: Building Assets For Windows
[2017.04.19-20.07.55:180][  0]LogDerivedDataCache:Display: Max Cache Size: 512 MB
[2017.04.19-20.07.55:413][  0]LogDerivedDataCache: Loaded boot cache 0.23s 48MB C:/Users/Alex/AppData/Local/UnrealEngine/4.12/DerivedDataCache/Boot.ddc.
[2017.04.19-20.07.55:414][  0]LogDerivedDataCache:Display: Loaded Boot cache: C:/Users/Alex/AppData/Local/UnrealEngine/4.12/DerivedDataCache/Boot.ddc
[2017.04.19-20.07.55:414][  0]LogDerivedDataCache: FDerivedDataBackendGraph:  Pak pak cache file C:/Users/Alex/Desktop/Gith/CGT445/Game/DerivedDataCache/DDC.ddp not found, will not use a pak cache.
[2017.04.19-20.07.55:414][  0]LogDerivedDataCache: Unable to find inner node Pak for hierarchical cache Hierarchy.
[2017.04.19-20.07.55:414][  0]LogDerivedDataCache: FDerivedDataBackendGraph:  CompressedPak pak cache file C:/Users/Alex/Desktop/Gith/CGT445/Game/DerivedDataCache/Compressed.ddp not found, will not use a pak cache.
[2017.04.19-20.07.55:414][  0]LogDerivedDataCache: Unable to find inner node CompressedPak for hierarchical cache Hierarchy.
[2017.04.19-20.07.55:498][  0]LogDerivedDataCache:Display: Pak cache opened for reading ../../../Engine/DerivedDataCache/Compressed.ddp.
[2017.04.19-20.07.55:511][  0]LogDerivedDataCache: Using Local data cache path C:/Users/Alex/AppData/Local/UnrealEngine/Common/DerivedDataCache: Writable
[2017.04.19-20.08.03:440][  0]LogInit: Selected Device Profile: [Windows]
[2017.04.19-20.08.03:480][  0]LogContentStreaming: Texture pool size is 0.00 MB
[2017.04.19-20.08.05:592][  0]LogMeshUtilities: No automatic mesh reduction module available
[2017.04.19-20.08.05:592][  0]LogMeshUtilities: No automatic mesh merging module available
[2017.04.19-20.08.05:592][  0]LogMeshUtilities: No distributed automatic mesh merging module available
[2017.04.19-20.08.08:790][  0]LogAssetRegistry: FAssetRegistry took 0.0225 seconds to start up
[2017.04.19-20.08.08:989][  0]LogPackageLocalizationCache: Processed 3 localized package path(s) for 2 prioritized culture(s) in 0.087979 seconds
[2017.04.19-20.08.09:033][  0]LogUObjectArray: 28739 objects as part of root set at end of initial load.
[2017.04.19-20.08.09:033][  0]LogUObjectAllocator: 5855624 out of 0 bytes used by permanent object pool.
[2017.04.19-20.08.09:033][  0]LogUObjectArray: CloseDisregardForGC: 0/0 objects in disregard for GC pool
[2017.04.19-20.08.09:076][  0]LogInit: WinSock: version 1.1 (2.2), MaxSocks=32767, MaxUdp=65467
[2017.04.19-20.08.12:656][  0]LogSlate: SlateFontCache - WITH_FREETYPE: 1, WITH_HARFBUZZ: 1
[2017.04.19-20.08.12:657][  0]LogSlate: SlateFontCache - WITH_FREETYPE: 1, WITH_HARFBUZZ: 1
[2017.04.19-20.08.23:996][  0]LogUdpMessaging: Initializing bridge on interface 0.0.0.0:0 to multicast group 230.0.0.1:6666.
[2017.04.19-20.08.25:509][  0]SourceControl: Info Source control is disabled
[2017.04.19-20.08.25:524][  0]SourceControl: Info Source control is disabled
[2017.04.19-20.08.25:564][  0]SourceControl: Info Source control is disabled
[2017.04.19-20.08.25:599][  0]SourceControl: Info Source control is disabled
[2017.04.19-20.08.27:157][  0]LogEngine: Initializing Engine...
[2017.04.19-20.08.27:220][  0]LogHMD: SteamVR failed to initialize.  Err: 110
[2017.04.19-20.08.27:222][  0]LogHMD: SteamVR failed to initialize.  Err: 110
[2017.04.19-20.08.28:330][  0]LogAIModule: Creating AISystem for world NewWorld
[2017.04.19-20.08.28:413][  0]LogInit: XAudio2 using 'Speakers (Realtek High Definition Audio)' : 2 channels at 48 kHz using 32 bits per sample (channel mask 0x3)
[2017.04.19-20.08.28:444][  0]LogInit: FAudioDevice initialized.
[2017.04.19-20.08.28:483][  0]LogDerivedDataCache: Saved boot cache 0.04s 48MB C:/Users/Alex/AppData/Local/UnrealEngine/4.12/DerivedDataCache/Boot.ddc.
[2017.04.19-20.08.28:493][  0]LogInit: Texture streaming: Enabled
[2017.04.19-20.08.28:949][  0]LogInit: Transaction tracking system initialized
[2017.04.19-20.08.30:390][  0]BlueprintLog: New page: Editor Load
[2017.04.19-20.08.32:046][  0]LocalizationService: Info Localization service is disabled
[2017.04.19-20.08.33:218][  0]LogConsoleResponse:Display: 
[2017.04.19-20.08.36:845][  0]LogFileCache: Scanning file cache for directory 'C:/Users/Alex/Desktop/Gith/CGT445/Game/Content/' took 0.02s
[2017.04.19-20.08.36:845][  0]LogCook:Display: Max memory allowance for cook 8192mb
[2017.04.19-20.08.36:846][  0]LogCook:Display: Mobile HDR setting 1
[2017.04.19-20.08.40:661][  0]SourceControl: Info Source control is disabled
[2017.04.19-20.08.40:730][  0]Cmd: MAP LOAD FILE="C:/Users/Alex/Desktop/Gith/CGT445/Game/Content/FirstPersonBP/Maps/FirstPersonExampleMap.umap" TEMPLATE=0 SHOWPROGRESS=1 FEATURELEVEL=3
[2017.04.19-20.08.40:744][  0]LogEditorServer:Warning: Can't find file 'C:/Users/Alex/Desktop/Gith/CGT445/Game/Content/FirstPersonBP/Maps/FirstPersonExampleMap.umap'
[2017.04.19-20.08.40:744][  0]Cmd: MAP CHECKDEP NOCLEARLOG
[2017.04.19-20.08.40:839][  0]MapCheck: Info Map check complete: 0 Error(s), 0 Warning(s), took 94.732ms to complete.
[2017.04.19-20.08.40:840][  0]LogFileHelpers: Loading map 'FirstPersonExampleMap' took 0.132
[2017.04.19-20.08.45:146][  0]LogCollectionManager: Loaded 0 collections in 0.030662 seconds
[2017.04.19-20.08.45:574][  0]LogFileCache: Scanning file cache for directory 'C:/Users/Alex/Desktop/Gith/CGT445/Game/Saved/Collections/' took 0.01s
[2017.04.19-20.08.45:574][  0]LogFileCache: Scanning file cache for directory 'C:/Users/Alex/Desktop/Gith/CGT445/Game/Content/Developers/Alex/Collections/' took 0.01s
[2017.04.19-20.08.45:574][  0]LogFileCache: Scanning file cache for directory 'C:/Users/Alex/Desktop/Gith/CGT445/Game/Content/Collections/' took 0.01s
[2017.04.19-20.08.45:574][  0]LogCollectionManager: Rebuilt the GUID cache for 0 collections in 0.000004 seconds
[2017.04.19-20.08.45:653][  0]LogContentBrowser: Native class hierarchy populated in 0.0264 seconds. Added 2047 classes and 369 folders.
[2017.04.19-20.08.45:765][  0]LogStats: UGameplayTagsManager::ConstructGameplayTagTree: Construct from data asset -  0.000 s
[2017.04.19-20.08.45:798][  0]LogStats: UGameplayTagsManager::ConstructGameplayTagTree: GameplayTagTreeChangedEvent.Broadcast -  0.033 s
[2017.04.19-20.08.45:812][  0]LogContentBrowser: Native class hierarchy updated for 'GameplayTags' in 0.0011 seconds. Added 12 classes and 0 folders.
[2017.04.19-20.08.45:891][  0]LogContentBrowser: Native class hierarchy updated for 'WidgetCarousel' in 0.0004 seconds. Added 0 classes and 0 folders.
[2017.04.19-20.08.48:795][  0]LogContentBrowser: Native class hierarchy updated for 'AddContentDialog' in 0.0007 seconds. Added 0 classes and 0 folders.
[2017.04.19-20.08.48:899][  0]LogContentBrowser: Native class hierarchy updated for 'SceneOutliner' in 0.0008 seconds. Added 1 classes and 2 folders.
[2017.04.19-20.08.51:732][  0]LogCrashTracker: Crashtracker disabled due to settings.
[2017.04.19-20.08.52:190][  0]LogUObjectGlobals:Warning: Failed to find object 'Class None.'
[2017.04.19-20.08.52:487][  0]LogContentBrowser: Native class hierarchy updated for 'HierarchicalLODOutliner' in 0.0009 seconds. Added 1 classes and 2 folders.
[2017.04.19-20.08.52:488][  0]LogLoad: Full Startup: 79.73 seconds (BP compile: 0.46 seconds)
[2017.04.19-20.08.52:488][  0]LogExternalProfiler: No external profilers were discovered.  External profiling features will not be available.
[2017.04.19-20.08.52:581][  0]LogOcInput: OculusInput pre-init called
[2017.04.19-20.08.53:085][  0]LogContentStreaming: Texture pool size now 1000 MB
[2017.04.19-20.08.54:230][  0]LogRenderer: Reallocating scene render targets to support 760x452 (Frame:2).
[2017.04.19-20.08.54:567][  1]LogFileCache: Retrieving MD5 hashes for directory 'C:/Users/Alex/Desktop/Gith/CGT445/Game/Content/' took 1.82s
[2017.04.19-20.08.54:882][  5]LogAssetRegistry: Asset discovery search completed in 46.1129 seconds
[2017.04.19-20.08.54:882][  5]LogCollectionManager: Rebuilt the object cache for 0 collections in 0.000001 seconds (found 0 objects)
[2017.04.19-20.08.54:882][  5]LogCollectionManager: Fixed up redirectors for 0 collections in 0.000230 seconds (updated 0 objects)
[2017.04.19-20.08.57:901][272]AssetReimport: New page: Outstanding source content changes 11:08:57 AM
[2017.04.19-20.08.58:050][273]LogFactory: FactoryCreateFile: StaticMesh with FbxFactory (0 0 C:/Users/Alex/Desktop/Gith/CGT445/Game/Content/Meshs/food/donut.fbx)
[2017.04.19-20.08.58:663][273]LogFbx: ItemName: GlobalSettings, ItemCount : 1
[2017.04.19-20.08.58:663][273]LogFbx: ItemName: AnimationStack, ItemCount : 1
[2017.04.19-20.08.58:663][273]LogFbx: ItemName: AnimationLayer, ItemCount : 1
[2017.04.19-20.08.58:663][273]LogFbx: ItemName: Geometry, ItemCount : 1
[2017.04.19-20.08.58:663][273]LogFbx: ItemName: Material, ItemCount : 3
[2017.04.19-20.08.58:663][273]LogFbx: ItemName: Model, ItemCount : 1
[2017.04.19-20.08.58:750][273]LogFbx: Loading FBX Scene from C:/Users/Alex/Desktop/Gith/CGT445/Game/Content/Meshs/food/donut.fbx
[2017.04.19-20.08.58:847][273]LogFbx: FBX Scene Loaded Succesfully
[2017.04.19-20.09.00:701][273]LogFbx: Loading FBX Scene from C:/Users/Alex/Desktop/Gith/CGT445/Game/Content/Meshs/food/donut.fbx
[2017.04.19-20.09.00:714][273]LogFbx: FBX Scene Loaded Succesfully
[2017.04.19-20.09.01:053][273]LogMaterial: Missing cached shader map for material lambert2, compiling. 
[2017.04.19-20.09.01:263][273]LogMaterial: Missing cached shader map for material lambert3, compiling. 
[2017.04.19-20.09.01:284][273]LogMaterial: Missing cached shader map for material lambert1, compiling. 
[2017.04.19-20.09.01:667][273]LogStaticMesh: Building static mesh donut...
[2017.04.19-20.09.01:971][273]LogStaticMesh: Built static mesh [0.34s] /Game/Meshs/food/donut.donut
[2017.04.19-20.09.02:482][274]LogFactory: FactoryCreateFile: StaticMesh with FbxFactory (0 0 C:/Users/Alex/Desktop/Gith/CGT445/Game/Content/Meshs/food/grape.fbx)
[2017.04.19-20.09.02:487][274]LogFbx: ItemName: GlobalSettings, ItemCount : 1
[2017.04.19-20.09.02:487][274]LogFbx: ItemName: AnimationStack, ItemCount : 1
[2017.04.19-20.09.02:487][274]LogFbx: ItemName: AnimationLayer, ItemCount : 1
[2017.04.19-20.09.02:487][274]LogFbx: ItemName: Geometry, ItemCount : 1
[2017.04.19-20.09.02:488][274]LogFbx: ItemName: Material, ItemCount : 1
[2017.04.19-20.09.02:488][274]LogFbx: ItemName: Texture, ItemCount : 1
[2017.04.19-20.09.02:488][274]LogFbx: ItemName: Model, ItemCount : 1
[2017.04.19-20.09.02:488][274]LogFbx: ItemName: Video, ItemCount : 1
[2017.04.19-20.09.02:498][274]LogFbx: Loading FBX Scene from C:/Users/Alex/Desktop/Gith/CGT445/Game/Content/Meshs/food/grape.fbx
[2017.04.19-20.09.02:517][274]LogFbx: FBX Scene Loaded Succesfully
[2017.04.19-20.09.03:720][274]LogFbx: Loading FBX Scene from C:/Users/Alex/Desktop/Gith/CGT445/Game/Content/Meshs/food/grape.fbx
[2017.04.19-20.09.03:736][274]LogFbx: FBX Scene Loaded Succesfully
[2017.04.19-20.09.07:497][274]LogMaterial: Missing cached shader map for material lambert4, compiling. 
[2017.04.19-20.09.07:698][274]LogStaticMesh: Building static mesh grape...
[2017.04.19-20.09.07:729][274]LogStaticMesh: Built static mesh [0.03s] /Game/Meshs/food/grape.grape
[2017.04.19-20.09.07:782][275]LogFactory: FactoryCreateFile: StaticMesh with FbxFactory (0 0 C:/Users/Alex/Desktop/Gith/CGT445/Game/Content/Meshs/food/marshmallow thing.fbx)
[2017.04.19-20.09.07:787][275]LogFbx: ItemName: GlobalSettings, ItemCount : 1
[2017.04.19-20.09.07:787][275]LogFbx: ItemName: AnimationStack, ItemCount : 1
[2017.04.19-20.09.07:787][275]LogFbx: ItemName: AnimationLayer, ItemCount : 1
[2017.04.19-20.09.07:787][275]LogFbx: ItemName: Geometry, ItemCount : 1
[2017.04.19-20.09.07:787][275]LogFbx: ItemName: Material, ItemCount : 1
[2017.04.19-20.09.07:787][275]LogFbx: ItemName: Texture, ItemCount : 1
[2017.04.19-20.09.07:787][275]LogFbx: ItemName: Model, ItemCount : 1
[2017.04.19-20.09.07:788][275]LogFbx: ItemName: Video, ItemCount : 1
[2017.04.19-20.09.07:798][275]LogFbx: Loading FBX Scene from C:/Users/Alex/Desktop/Gith/CGT445/Game/Content/Meshs/food/marshmallow thing.fbx
[2017.04.19-20.09.07:837][275]LogFbx: FBX Scene Loaded Succesfully
[2017.04.19-20.09.08:934][275]LogFbx: Loading FBX Scene from C:/Users/Alex/Desktop/Gith/CGT445/Game/Content/Meshs/food/marshmallow thing.fbx
[2017.04.19-20.09.08:958][275]LogFbx: FBX Scene Loaded Succesfully
[2017.04.19-20.09.08:988][275]LogStaticMesh: Building static mesh marshmallow_thing...
[2017.04.19-20.09.08:998][275]LogStaticMesh: Built static mesh [0.01s] /Game/Meshs/food/marshmallow_thing.marshmallow_thing
[2017.04.19-20.09.09:051][276]LogFactory: FactoryCreateFile: Texture with ReimportTextureFactory (0 0 C:/Users/Alex/Desktop/Gith/CGT445/Game/Content/Meshs/food/marshmallow.jpg)
[2017.04.19-20.09.09:167][277]LogEditorFactories: Performing atomic reimport of [C:/Users/Alex/Desktop/Gith/CGT445/Game/Content/Meshs/food/grape.jpg]
[2017.04.19-20.09.09:167][277]LogFactory: FactoryCreateFile: Texture2D with ReimportTextureFactory (0 0 C:/Users/Alex/Desktop/Gith/CGT445/Game/Content/Meshs/food/grape.jpg)
[2017.04.19-20.09.12:568][277]LogEditorFactories: -- imported successfully
[2017.04.19-20.09.12:857][278]Cmd: OBJ SAVEPACKAGE PACKAGE="/Game/Meshs/food/donut" FILE="C:/Users/Alex/Desktop/Gith/CGT445/Game/Content/Meshs/food/donut.uasset" SILENT=true
[2017.04.19-20.09.13:042][278]LogSavePackage: Save=153.95ms
[2017.04.19-20.09.13:042][278]LogSavePackage: Moving 'C:/Users/Alex/Desktop/Gith/CGT445/Game/Saved/donutB6D372B940AF8F3B9B2A84B4CA32D225.tmp' to 'C:/Users/Alex/Desktop/Gith/CGT445/Game/Content/Meshs/food/donut.uasset'
[2017.04.19-20.09.13:078][278]LogSavePackage:Display: Finished SavePackage C:/Users/Alex/Desktop/Gith/CGT445/Game/Content/Meshs/food/donut.uasset
[2017.04.19-20.09.13:105][278]Cmd: OBJ SAVEPACKAGE PACKAGE="/Game/Meshs/food/grape" FILE="C:/Users/Alex/Desktop/Gith/CGT445/Game/Content/Meshs/food/grape.uasset" SILENT=true
[2017.04.19-20.09.13:136][278]LogSavePackage: Save=28.57ms
[2017.04.19-20.09.13:136][278]LogSavePackage: Moving 'C:/Users/Alex/Desktop/Gith/CGT445/Game/Saved/grape1C6906E24533FDE713BCFF818E11E613.tmp' to 'C:/Users/Alex/Desktop/Gith/CGT445/Game/Content/Meshs/food/grape.uasset'
[2017.04.19-20.09.13:139][278]LogSavePackage:Display: Finished SavePackage C:/Users/Alex/Desktop/Gith/CGT445/Game/Content/Meshs/food/grape.uasset
[2017.04.19-20.09.13:167][278]Cmd: OBJ SAVEPACKAGE PACKAGE="/Game/Meshs/food/marshmallow_thing" FILE="C:/Users/Alex/Desktop/Gith/CGT445/Game/Content/Meshs/food/marshmallow_thing.uasset" SILENT=true
[2017.04.19-20.09.13:195][278]LogSavePackage: Save=24.41ms
[2017.04.19-20.09.13:195][278]LogSavePackage: Moving 'C:/Users/Alex/Desktop/Gith/CGT445/Game/Saved/marshmallow_thing821FAFB6423EA1CD731831BD0A272476.tmp' to 'C:/Users/Alex/Desktop/Gith/CGT445/Game/Content/Meshs/food/marshmallow_thing.uasset'
[2017.04.19-20.09.13:206][278]LogSavePackage:Display: Finished SavePackage C:/Users/Alex/Desktop/Gith/CGT445/Game/Content/Meshs/food/marshmallow_thing.uasset
[2017.04.19-20.09.13:225][278]Cmd: OBJ SAVEPACKAGE PACKAGE="/Game/Meshs/food/marshmallow" FILE="C:/Users/Alex/Desktop/Gith/CGT445/Game/Content/Meshs/food/marshmallow.uasset" SILENT=true
[2017.04.19-20.09.13:346][278]LogSavePackage: Save=118.86ms
[2017.04.19-20.09.13:346][278]LogSavePackage: Moving 'C:/Users/Alex/Desktop/Gith/CGT445/Game/Saved/marshmallowA892372B435ED417D93871B56EE2A2C9.tmp' to 'C:/Users/Alex/Desktop/Gith/CGT445/Game/Content/Meshs/food/marshmallow.uasset'
[2017.04.19-20.09.13:349][278]LogSavePackage:Display: Finished SavePackage C:/Users/Alex/Desktop/Gith/CGT445/Game/Content/Meshs/food/marshmallow.uasset
[2017.04.19-20.09.16:354][549]AssetReimport: Info Importing new asset /Game/Meshs/food/donut.
[2017.04.19-20.09.16:354][549]AssetReimport: Info Importing new asset /Game/Meshs/food/grape.
[2017.04.19-20.09.16:354][549]AssetReimport: Info Importing new asset /Game/Meshs/food/marshmallow_thing.
[2017.04.19-20.09.16:354][549]AssetReimport: Info Importing new asset /Game/Meshs/food/marshmallow.
[2017.04.19-20.09.16:354][549]AssetReimport: Info Reimported asset grape2 from C:/Users/Alex/Desktop/Gith/CGT445/Game/Content/Meshs/food/grape.jpg.
[2017.04.19-20.09.25:029][751]LogAIModule: Creating AISystem for world BarebonesCafeteria
[2017.04.19-20.09.31:377][751]Cmd: OBJ SAVEPACKAGE PACKAGE="/Game/Meshs/food/grape2" FILE="C:/Users/Alex/Desktop/Gith/CGT445/Game/Content/Meshs/food/grape2.uasset" SILENT=true
[2017.04.19-20.09.31:995][751]LogSavePackage: Save=613.34ms
[2017.04.19-20.09.31:995][751]LogSavePackage: Moving 'C:/Users/Alex/Desktop/Gith/CGT445/Game/Saved/grape2608A5C114406B5D3186B0D826CF3F04D.tmp' to 'C:/Users/Alex/Desktop/Gith/CGT445/Game/Content/Meshs/food/grape2.uasset'
[2017.04.19-20.09.32:002][751]LogSavePackage:Display: Finished SavePackage C:/Users/Alex/Desktop/Gith/CGT445/Game/Content/Meshs/food/grape2.uasset
[2017.04.19-20.09.32:034][751]Cmd: OBJ SAVEPACKAGE PACKAGE="/Game/Meshs/food/lambert1" FILE="C:/Users/Alex/Desktop/Gith/CGT445/Game/Content/Meshs/food/lambert1.uasset" SILENT=true
[2017.04.19-20.09.32:058][751]LogSavePackage: Save=21.68ms
[2017.04.19-20.09.32:058][751]LogSavePackage: Moving 'C:/Users/Alex/Desktop/Gith/CGT445/Game/Saved/lambert1AEC410D9404CAEC62ED53C9ADBC19260.tmp' to 'C:/Users/Alex/Desktop/Gith/CGT445/Game/Content/Meshs/food/lambert1.uasset'
[2017.04.19-20.09.32:062][751]LogSavePackage:Display: Finished SavePackage C:/Users/Alex/Desktop/Gith/CGT445/Game/Content/Meshs/food/lambert1.uasset
[2017.04.19-20.09.32:082][751]Cmd: OBJ SAVEPACKAGE PACKAGE="/Game/Meshs/food/lambert2" FILE="C:/Users/Alex/Desktop/Gith/CGT445/Game/Content/Meshs/food/lambert2.uasset" SILENT=true
[2017.04.19-20.09.32:108][751]LogSavePackage: Save=23.52ms
[2017.04.19-20.09.32:108][751]LogSavePackage: Moving 'C:/Users/Alex/Desktop/Gith/CGT445/Game/Saved/lambert2A84DA0E24A30DE141B23688AAE5AF31F.tmp' to 'C:/Users/Alex/Desktop/Gith/CGT445/Game/Content/Meshs/food/lambert2.uasset'
[2017.04.19-20.09.32:113][751]LogSavePackage:Display: Finished SavePackage C:/Users/Alex/Desktop/Gith/CGT445/Game/Content/Meshs/food/lambert2.uasset
[2017.04.19-20.09.32:140][751]Cmd: OBJ SAVEPACKAGE PACKAGE="/Game/Meshs/food/lambert3" FILE="C:/Users/Alex/Desktop/Gith/CGT445/Game/Content/Meshs/food/lambert3.uasset" SILENT=true
[2017.04.19-20.09.32:167][751]LogSavePackage: Save=24.57ms
[2017.04.19-20.09.32:167][751]LogSavePackage: Moving 'C:/Users/Alex/Desktop/Gith/CGT445/Game/Saved/lambert3051CA25C41CC14ADA36A45847BE9C55A.tmp' to 'C:/Users/Alex/Desktop/Gith/CGT445/Game/Content/Meshs/food/lambert3.uasset'
[2017.04.19-20.09.32:170][751]LogSavePackage:Display: Finished SavePackage C:/Users/Alex/Desktop/Gith/CGT445/Game/Content/Meshs/food/lambert3.uasset
[2017.04.19-20.09.32:195][751]Cmd: OBJ SAVEPACKAGE PACKAGE="/Game/Meshs/food/lambert4" FILE="C:/Users/Alex/Desktop/Gith/CGT445/Game/Content/Meshs/food/lambert4.uasset" SILENT=true
[2017.04.19-20.09.32:221][751]LogSavePackage: Save=24.06ms
[2017.04.19-20.09.32:221][751]LogSavePackage: Moving 'C:/Users/Alex/Desktop/Gith/CGT445/Game/Saved/lambert474BAD1554C9DEF20104419AD20700B37.tmp' to 'C:/Users/Alex/Desktop/Gith/CGT445/Game/Content/Meshs/food/lambert4.uasset'
[2017.04.19-20.09.32:226][751]LogSavePackage:Display: Finished SavePackage C:/Users/Alex/Desktop/Gith/CGT445/Game/Content/Meshs/food/lambert4.uasset
[2017.04.19-20.09.32:251][751]Cmd: MAP LOAD FILE="C:/Users/Alex/Desktop/Gith/CGT445/Game/Content/Maps/BarebonesCafeteria.umap" TEMPLATE=0 SHOWPROGRESS=1 FEATURELEVEL=3
[2017.04.19-20.09.32:263][751]LightingResults: New page: Lighting Build
[2017.04.19-20.09.32:293][751]LogContentBrowser: Native class hierarchy updated for 'StatsViewer' in 0.0005 seconds. Added 5 classes and 0 folders.
[2017.04.19-20.09.32:295][751]LoadErrors: New page: Loading map: BarebonesCafeteria.umap
[2017.04.19-20.09.32:335][751]MapCheck: New page: Map Check
[2017.04.19-20.09.32:335][751]LightingResults: New page: Lighting Build
[2017.04.19-20.09.33:008][751]LogEditorServer: Finished looking for orphan Actors (0.000 secs)
[2017.04.19-20.09.33:121][751]Cmd: MAP CHECKDEP NOCLEARLOG
[2017.04.19-20.09.33:270][751]MapCheck: Info Map check complete: 0 Error(s), 0 Warning(s), took 148.745ms to complete.
[2017.04.19-20.09.33:271][751]LogFileHelpers: Loading map 'BarebonesCafeteria' took 1.045
[2017.04.19-20.09.38:273][278]LogActorFactory: Actor Factory created donut
[2017.04.19-20.09.38:460][287]LogActorFactory: Actor Factory created donut
[2017.04.19-20.09.40:400][408]LogEditorViewport: Clicking on Actor (LMB): StaticMeshActor (Floor_400x400)
[2017.04.19-20.09.41:003][459]LogEditorViewport: Clicking on Actor (LMB): StaticMeshActor (Floor_400x400)
[2017.04.19-20.09.41:444][500]LogEditorViewport: Clicking on Actor (LMB): StaticMeshActor (donut)
[2017.04.19-20.09.51:508][441]Cmd: DELETE
[2017.04.19-20.09.51:508][441]Cmd: ACTOR DELETE
[2017.04.19-20.09.51:586][441]LogEditorActor: Deleted Actor: StaticMeshActor
[2017.04.19-20.09.51:602][441]LogEditorActor: Deleted 1 Actors (0.017 secs)
[2017.04.19-20.09.56:651][974]LogActorFactory: Actor Factory created grape
[2017.04.19-20.09.56:869][993]LogActorFactory: Actor Factory created grape
[2017.04.19-20.10.10:278][150]LogContentBrowser: Native class hierarchy updated for 'BlueprintGraph' in 0.0008 seconds. Added 111 classes and 0 folders.
[2017.04.19-20.14.26:158][854]AssetReimport: New page: Outstanding source content changes 11:14:26 AM
[2017.04.19-20.14.26:159][854]LogEditorFactories: Performing atomic reimport of [C:/Users/Alex/Desktop/Gith/CGT445/Game/Content/Meshs/food/grape.fbx]
[2017.04.19-20.14.26:173][854]LogFbx: Loading FBX Scene from C:/Users/Alex/Desktop/Gith/CGT445/Game/Content/Meshs/food/grape.fbx
[2017.04.19-20.14.26:208][854]LogFbx: FBX Scene Loaded Succesfully
[2017.04.19-20.14.26:365][854]LogStaticMesh: Building static mesh grape...
[2017.04.19-20.14.26:392][854]LogStaticMesh: Built static mesh [0.03s] /Game/Meshs/food/grape.grape
[2017.04.19-20.14.26:407][854]LogEditorFactories: -- imported successfully
[2017.04.19-20.14.26:458][855]Cmd: OBJ SAVEPACKAGE PACKAGE="/Game/Meshs/food/grape" FILE="C:/Users/Alex/Desktop/Gith/CGT445/Game/Content/Meshs/food/grape.uasset" SILENT=true
[2017.04.19-20.14.26:524][855]LogSavePackage: Save=17.60ms
[2017.04.19-20.14.26:524][855]LogSavePackage: Moving 'C:/Users/Alex/Desktop/Gith/CGT445/Game/Saved/grape4B0EB3204AEEEDF47204CAB43C0967AA.tmp' to 'C:/Users/Alex/Desktop/Gith/CGT445/Game/Content/Meshs/food/grape.uasset'
[2017.04.19-20.14.26:527][855]LogSavePackage:Display: Finished SavePackage C:/Users/Alex/Desktop/Gith/CGT445/Game/Content/Meshs/food/grape.uasset
[2017.04.19-20.14.29:527][ 48]AssetReimport: Info Reimported asset grape from C:/Users/Alex/Desktop/Gith/CGT445/Game/Content/Meshs/food/grape.fbx.
[2017.04.19-20.14.32:370][214]LogRenderer: Reallocating scene render targets to support 912x564 (Frame:2731).
[2017.04.19-20.14.43:588][317]LogEditorViewport: Clicking on Actor (LMB): StaticMeshActor (grape)
[2017.04.19-20.14.51:651][ 79]Cmd: OBJ SAVEPACKAGE PACKAGE="/Game/Maps/BarebonesCafeteria" FILE="C:/Users/Alex/Desktop/Gith/CGT445/Game/Content/Maps/BarebonesCafeteria.umap" SILENT=true AUTOSAVING=false KEEPDIRTY=false
[2017.04.19-20.14.51:965][ 79]LogSavePackage: Save=227.85ms
[2017.04.19-20.14.51:965][ 79]LogSavePackage: Moving 'C:/Users/Alex/Desktop/Gith/CGT445/Game/Saved/BarebonesCafeteriaF38EBFD8420D2D144124A385CB1F0E24.tmp' to 'C:/Users/Alex/Desktop/Gith/CGT445/Game/Content/Maps/BarebonesCafeteria.umap'
[2017.04.19-20.14.51:969][ 79]LogSavePackage:Display: Finished SavePackage C:/Users/Alex/Desktop/Gith/CGT445/Game/Content/Maps/BarebonesCafeteria.umap
[2017.04.19-20.14.52:014][ 79]LogFileHelpers: Saving map 'BarebonesCafeteria' took 0.490
[2017.04.19-20.14.52:555][ 80]Cmd: QUIT_EDITOR
[2017.04.19-20.14.52:728][ 80]LogWindowsTextInputMethodSystem:Display: IME system now deactivated.
[2017.04.19-20.14.52:779][ 80]LogExit: Preparing to exit.
[2017.04.19-20.14.53:596][ 80]LogExit: Editor shut down
[2017.04.19-20.14.53:596][ 80]LogExit: Transaction tracking system shut down
[2017.04.19-20.14.54:256][ 80]LogObj: Freed 0b from 0 cluster array pools.
[2017.04.19-20.14.54:256][ 80]LogExit: Object subsystem successfully closed.
[2017.04.19-20.14.54:327][ 80]LogD3D11RHI: Shutdown
[2017.04.19-20.14.54:327][ 80]LogD3D11RHI: CleanupD3DDevice
[2017.04.19-20.14.54:338][ 80]LogD3D11RHI: ~FD3D11DynamicRHI
[2017.04.19-20.14.54:837][ 80]LogModuleManager: Shutting down and abandoning module BlueprintGraph (214)
[2017.04.19-20.14.54:837][ 80]LogModuleManager: Shutting down and abandoning module StatsViewer (213)
[2017.04.19-20.14.54:847][ 80]LogModuleManager: Shutting down and abandoning module HierarchicalLODOutliner (212)
[2017.04.19-20.14.54:858][ 80]LogModuleManager: Shutting down and abandoning module CrashTracker (211)
[2017.04.19-20.14.54:858][ 80]LogModuleManager: Shutting down and abandoning module SceneOutliner (210)
[2017.04.19-20.14.54:858][ 80]LogModuleManager: Shutting down and abandoning module WidgetCarousel (209)
[2017.04.19-20.14.54:858][ 80]LogModuleManager: Shutting down and abandoning module AddContentDialog (208)
[2017.04.19-20.14.54:859][ 80]LogModuleManager: Shutting down and abandoning module GameplayTags (207)
[2017.04.19-20.14.54:860][ 80]LogModuleManager: Shutting down and abandoning module EditorWidgets (206)
[2017.04.19-20.14.54:860][ 80]LogModuleManager: Shutting down and abandoning module CollectionManager (205)
[2017.04.19-20.14.54:860][ 80]LogModuleManager: Shutting down and abandoning module FoliageEdit (204)
[2017.04.19-20.14.54:860][ 80]LogModuleManager: Shutting down and abandoning module LandscapeEditor (203)
[2017.04.19-20.14.54:875][ 80]LogModuleManager: Shutting down and abandoning module SceneDepthPickerMode (202)
[2017.04.19-20.14.54:875][ 80]LogModuleManager: Shutting down and abandoning module ActorPickerMode (201)
[2017.04.19-20.14.54:875][ 80]LogModuleManager: Shutting down and abandoning module GeometryMode (200)
[2017.04.19-20.14.54:875][ 80]LogModuleManager: Shutting down and abandoning module TextureAlignMode (199)
[2017.04.19-20.14.54:875][ 80]LogModuleManager: Shutting down and abandoning module BspMode (198)
[2017.04.19-20.14.54:875][ 80]LogModuleManager: Shutting down and abandoning module HardwareSurvey (197)
[2017.04.19-20.14.54:875][ 80]LogModuleManager: Shutting down and abandoning module SequenceRecorderSections (196)
[2017.04.19-20.14.54:875][ 80]LogModuleManager: Shutting down and abandoning module SequenceRecorder (195)
[2017.04.19-20.14.54:880][ 80]LogModuleManager: Shutting down and abandoning module AutomationWorker (194)
[2017.04.19-20.14.54:880][ 80]LogModuleManager: Shutting down and abandoning module MatineeToLevelSequence (193)
[2017.04.19-20.14.54:880][ 80]LogModuleManager: Shutting down and abandoning module PlacementMode (192)
[2017.04.19-20.14.54:893][ 80]LogModuleManager: Shutting down and abandoning module LevelSequenceEditor (191)
[2017.04.19-20.14.54:894][ 80]LogModuleManager: Shutting down and abandoning module CharacterAI (190)
[2017.04.19-20.14.54:894][ 80]LogModuleManager: Shutting down and abandoning module SmartSnapping (189)
[2017.04.19-20.14.54:894][ 80]LogModuleManager: Shutting down and abandoning module SessionServices (188)
[2017.04.19-20.14.54:894][ 80]LogModuleManager: Shutting down and abandoning module ViewportSnapping (187)
[2017.04.19-20.14.54:894][ 80]LogModuleManager: Shutting down and abandoning module LogVisualizer (186)
[2017.04.19-20.14.54:894][ 80]LogModuleManager: Shutting down and abandoning module GameProjectGeneration (185)
[2017.04.19-20.14.54:904][ 80]LogModuleManager: Shutting down and abandoning module IntroTutorials (184)
[2017.04.19-20.14.54:904][ 80]LogModuleManager: Shutting down and abandoning module EditorLiveStreaming (183)
[2017.04.19-20.14.54:904][ 80]LogModuleManager: Shutting down and abandoning module IOSPlatformEditor (182)
[2017.04.19-20.14.54:905][ 80]LogModuleManager: Shutting down and abandoning module HTML5PlatformEditor (181)
[2017.04.19-20.14.54:905][ 80]LogModuleManager: Shutting down and abandoning module AndroidDeviceDetection (180)
[2017.04.19-20.14.55:794][ 80]LogModuleManager: Shutting down and abandoning module AndroidPlatformEditor (179)
[2017.04.19-20.14.55:794][ 80]LogModuleManager: Shutting down and abandoning module IOSRuntimeSettings (178)
[2017.04.19-20.14.55:794][ 80]LogModuleManager: Shutting down and abandoning module AndroidRuntimeSettings (177)
[2017.04.19-20.14.55:794][ 80]LogModuleManager: Shutting down and abandoning module MergeActors (176)
[2017.04.19-20.14.55:803][ 80]LogModuleManager: Shutting down and abandoning module SizeMap (175)
[2017.04.19-20.14.55:804][ 80]LogModuleManager: Shutting down and abandoning module TreeMap (174)
[2017.04.19-20.14.55:817][ 80]LogModuleManager: Shutting down and abandoning module ReferenceViewer (173)
[2017.04.19-20.14.55:817][ 80]LogModuleManager: Shutting down and abandoning module LocalizationService (172)
[2017.04.19-20.14.55:825][ 80]LogModuleManager: Shutting down and abandoning module LocalizationDashboard (171)
[2017.04.19-20.14.55:832][ 80]LogModuleManager: Shutting down and abandoning module HardwareTargeting (170)
[2017.04.19-20.14.55:832][ 80]LogModuleManager: Shutting down and abandoning module DeviceProfileEditor (169)
[2017.04.19-20.14.55:844][ 80]LogModuleManager: Shutting down and abandoning module UndoHistory (168)
[2017.04.19-20.14.55:844][ 80]LogModuleManager: Shutting down and abandoning module UserFeedback (167)
[2017.04.19-20.14.55:844][ 80]LogModuleManager: Shutting down and abandoning module XmlParser (166)
[2017.04.19-20.14.55:844][ 80]LogModuleManager: Shutting down and abandoning module Blutility (165)
[2017.04.19-20.14.55:844][ 80]LogModuleManager: Shutting down and abandoning module ProjectTargetPlatformEditor (164)
[2017.04.19-20.14.55:844][ 80]LogModuleManager: Shutting down and abandoning module ProjectSettingsViewer (163)
[2017.04.19-20.14.55:844][ 80]LogModuleManager: Shutting down and abandoning module InputBindingEditor (162)
[2017.04.19-20.14.55:844][ 80]LogModuleManager: Shutting down and abandoning module EditorSettingsViewer (161)
[2017.04.19-20.14.55:845][ 80]LogModuleManager: Shutting down and abandoning module SettingsEditor (160)
[2017.04.19-20.14.55:850][ 80]LogModuleManager: Shutting down and abandoning module ProjectLauncher (159)
[2017.04.19-20.14.55:871][ 80]LogModuleManager: Shutting down and abandoning module SessionFrontend (158)
[2017.04.19-20.14.55:881][ 80]LogModuleManager: Shutting down and abandoning module ProfilerClient (157)
[2017.04.19-20.14.55:882][ 80]LogModuleManager: Shutting down and abandoning module TargetDeviceServices (156)
[2017.04.19-20.14.55:882][ 80]LogModuleManager: Shutting down and abandoning module DeviceManager (155)
[2017.04.19-20.14.55:960][ 80]LogModuleManager: Shutting down and abandoning module AutomationController (154)
[2017.04.19-20.14.55:972][ 80]LogModuleManager: Shutting down and abandoning module AutomationWindow (153)
[2017.04.19-20.14.55:997][ 80]LogModuleManager: Shutting down and abandoning module Layers (152)
[2017.04.19-20.14.56:033][ 80]LogModuleManager: Shutting down and abandoning module ComponentVisualizers (151)
[2017.04.19-20.14.56:033][ 80]LogModuleManager: Shutting down and abandoning module DetailCustomizations (150)
[2017.04.19-20.14.56:033][ 80]LogModuleManager: Shutting down and abandoning module PackagesDialog (149)
[2017.04.19-20.14.56:034][ 80]LogModuleManager: Shutting down and abandoning module Persona (148)
[2017.04.19-20.14.56:080][ 80]LogModuleManager: Shutting down and abandoning module Kismet (147)
[2017.04.19-20.14.56:080][ 80]LogModuleManager: Shutting down and abandoning module GraphEditor (146)
[2017.04.19-20.14.56:080][ 80]LogModuleManager: Shutting down and abandoning module ClassViewer (145)
[2017.04.19-20.14.56:100][ 80]LogModuleManager: Shutting down and abandoning module Toolbox (144)
[2017.04.19-20.14.56:109][ 80]LogModuleManager: Shutting down and abandoning module ModuleUI (143)
[2017.04.19-20.14.56:139][ 80]LogModuleManager: Shutting down and abandoning module MovieSceneTools (142)
[2017.04.19-20.14.56:139][ 80]LogModuleManager: Shutting down and abandoning module OutputLog (141)
[2017.04.19-20.14.56:139][ 80]LogModuleManager: Shutting down and abandoning module GammaUI (140)
[2017.04.19-20.14.56:174][ 80]LogModuleManager: Shutting down and abandoning module Documentation (139)
[2017.04.19-20.14.56:174][ 80]LogModuleManager: Shutting down and abandoning module StreamingPauseRendering (138)
[2017.04.19-20.14.56:174][ 80]LogModuleManager: Shutting down and abandoning module AnalyticsET (137)
[2017.04.19-20.14.56:174][ 80]LogModuleManager: Shutting down and abandoning module Analytics (136)
[2017.04.19-20.14.56:174][ 80]LogModuleManager: Shutting down and abandoning module PortalServices (135)
[2017.04.19-20.14.56:174][ 80]LogModuleManager: Shutting down and abandoning module PortalRpc (134)
[2017.04.19-20.14.56:175][ 80]LogModuleManager: Shutting down and abandoning module MessagingRpc (133)
[2017.04.19-20.14.56:175][ 80]LogModuleManager: Shutting down and abandoning module GameplayDebugger (132)
[2017.04.19-20.14.56:175][ 80]LogModuleManager: Shutting down and abandoning module AITestSuite (131)
[2017.04.19-20.14.56:175][ 80]LogModuleManager: Shutting down and abandoning module AIModule (130)
[2017.04.19-20.14.56:175][ 80]LogModuleManager: Shutting down and abandoning module ProfilerService (129)
[2017.04.19-20.14.56:293][ 80]LogModuleManager: Shutting down and abandoning module TaskGraph (128)
[2017.04.19-20.14.56:301][ 80]LogModuleManager: Shutting down and abandoning module SlateRemote (127)
[2017.04.19-20.14.56:301][ 80]LogModuleManager: Shutting down and abandoning module SteamVRController (126)
[2017.04.19-20.14.56:301][ 80]LogModuleManager: Shutting down and abandoning module SteamVR (125)
[2017.04.19-20.14.56:301][ 80]LogModuleManager: Shutting down and abandoning module ProceduralMeshComponent (124)
[2017.04.19-20.14.56:301][ 80]LogModuleManager: Shutting down and abandoning module OculusLibrary (123)
[2017.04.19-20.14.56:301][ 80]LogModuleManager: Shutting down and abandoning module OculusInput (122)
[2017.04.19-20.14.56:301][ 80]LogModuleManager: Shutting down and abandoning module CustomMeshComponent (121)
[2017.04.19-20.14.56:301][ 80]LogModuleManager: Shutting down and abandoning module CableComponent (120)
[2017.04.19-20.14.56:301][ 80]LogModuleManager: Shutting down and abandoning module ArchVisCharacter (119)
[2017.04.19-20.14.56:301][ 80]LogModuleManager: Shutting down and abandoning module MediaPlayerEditor (118)
[2017.04.19-20.14.56:314][ 80]LogModuleManager: Shutting down and abandoning module HTML5Networking (117)
[2017.04.19-20.14.56:314][ 80]LogModuleManager: Shutting down and abandoning module SuperSearch (116)
[2017.04.19-20.14.56:314][ 80]LogModuleManager: Shutting down and abandoning module SuperSearchEditor (115)
[2017.04.19-20.14.56:314][ 80]LogModuleManager: Shutting down and abandoning module SpeedTreeImporter (114)
[2017.04.19-20.14.56:314][ 80]LogModuleManager: Shutting down and abandoning module PluginBrowser (113)
[2017.04.19-20.14.56:314][ 80]LogModuleManager: Shutting down and abandoning module EpicSurvey (112)
[2017.04.19-20.14.56:314][ 80]LogModuleManager: Shutting down and abandoning module DesktopPlatform (111)
[2017.04.19-20.14.56:323][ 80]LogModuleManager: Shutting down and abandoning module VisualStudioSourceCodeAccess (110)
[2017.04.19-20.14.56:323][ 80]LogModuleManager: Shutting down and abandoning module UObjectPlugin (109)
[2017.04.19-20.14.56:323][ 80]LogModuleManager: Shutting down and abandoning module SubversionSourceControl (108)
[2017.04.19-20.14.56:323][ 80]LogModuleManager: Shutting down and abandoning module PerforceSourceControl (107)
[2017.04.19-20.14.56:323][ 80]LogModuleManager: Shutting down and abandoning module SourceControl (106)
[2017.04.19-20.14.56:323][ 80]LogModuleManager: Shutting down and abandoning module GitSourceControl (105)
[2017.04.19-20.14.56:323][ 80]LogModuleManager: Shutting down and abandoning module LightPropagationVolumeEditor (104)
[2017.04.19-20.14.56:323][ 80]LogModuleManager: Shutting down and abandoning module PaperTiledImporter (103)
[2017.04.19-20.14.56:323][ 80]LogModuleManager: Shutting down and abandoning module PaperSpriteSheetImporter (102)
[2017.04.19-20.14.56:323][ 80]LogModuleManager: Shutting down and abandoning module MeshPaint (101)
[2017.04.19-20.14.56:323][ 80]LogModuleManager: Shutting down and abandoning module PixelInspectorModule (100)
[2017.04.19-20.14.56:323][ 80]LogModuleManager: Shutting down and abandoning module HotReload (99)
[2017.04.19-20.14.56:324][ 80]LogModuleManager: Shutting down and abandoning module MainFrame (98)
[2017.04.19-20.14.56:324][ 80]LogModuleManager: Shutting down and abandoning module LevelEditor (97)
[2017.04.19-20.14.56:325][ 80]LogModuleManager: Shutting down and abandoning module ContentBrowser (96)
[2017.04.19-20.14.56:326][ 80]LogModuleManager: Shutting down and abandoning module Paper2DEditor (95)
[2017.04.19-20.14.56:337][ 80]LogModuleManager: Shutting down and abandoning module UdpMessaging (94)
[2017.04.19-20.14.56:437][ 80]LogModuleManager: Shutting down and abandoning module LightPropagationVolumeRuntime (93)
[2017.04.19-20.14.56:437][ 80]LogModuleManager: Shutting down and abandoning module Paper2D (92)
[2017.04.19-20.14.56:437][ 80]LogModuleManager: Shutting down and abandoning module WindowsMoviePlayer (91)
[2017.04.19-20.14.56:437][ 80]LogModuleManager: Shutting down and abandoning module Media (90)
[2017.04.19-20.14.56:437][ 80]LogModuleManager: Shutting down and abandoning module WmfMedia (89)
[2017.04.19-20.14.56:449][ 80]LogModuleManager: Shutting down and abandoning module MediaAssets (88)
[2017.04.19-20.14.56:450][ 80]LogModuleManager: Shutting down and abandoning module GameLiveStreaming (87)
[2017.04.19-20.14.56:450][ 80]LogModuleManager: Shutting down and abandoning module GameplayTagsEditor (86)
[2017.04.19-20.14.56:450][ 80]LogModuleManager: Shutting down and abandoning module OnlineBlueprintSupport (85)
[2017.04.19-20.14.56:450][ 80]LogModuleManager: Shutting down and abandoning module VREditor (84)
[2017.04.19-20.14.56:450][ 80]LogModuleManager: Shutting down and abandoning module GameplayTasksEditor (83)
[2017.04.19-20.14.56:450][ 80]LogModuleManager: Shutting down and abandoning module PropertyEditor (82)
[2017.04.19-20.14.56:450][ 80]LogModuleManager: Shutting down and abandoning module BehaviorTreeEditor (81)
[2017.04.19-20.14.56:470][ 80]LogModuleManager: Shutting down and abandoning module FunctionalTesting (80)
[2017.04.19-20.14.56:470][ 80]LogModuleManager: Shutting down and abandoning module CollisionAnalyzer (79)
[2017.04.19-20.14.56:481][ 80]LogModuleManager: Shutting down and abandoning module Sequencer (78)
[2017.04.19-20.14.56:509][ 80]LogModuleManager: Shutting down and abandoning module WorkspaceMenuStructure (77)
[2017.04.19-20.14.56:509][ 80]LogModuleManager: Shutting down and abandoning module MessageLog (76)
[2017.04.19-20.14.56:509][ 80]LogModuleManager: Shutting down and abandoning module AssetTools (75)
[2017.04.19-20.14.56:524][ 80]LogModuleManager: Shutting down and abandoning module UMGEditor (74)
[2017.04.19-20.14.56:531][ 80]LogModuleManager: Shutting down and abandoning module UMG (73)
[2017.04.19-20.14.56:546][ 80]LogModuleManager: Shutting down and abandoning module SlateReflector (72)
[2017.04.19-20.14.56:557][ 80]LogModuleManager: Shutting down and abandoning module Slate (71)
[2017.04.19-20.14.56:557][ 80]LogModuleManager: Shutting down and abandoning module EditorStyle (70)
[2017.04.19-20.14.56:561][ 80]LogModuleManager: Shutting down and abandoning module SourceCodeAccess (69)
[2017.04.19-20.14.56:561][ 80]LogModuleManager: Shutting down and abandoning module HeadMountedDisplay (68)
[2017.04.19-20.14.56:561][ 80]LogModuleManager: Shutting down and abandoning module XAudio2 (67)
[2017.04.19-20.14.56:561][ 80]LogModuleManager: Shutting down and abandoning module Networking (65)
[2017.04.19-20.14.56:561][ 80]LogModuleManager: Shutting down and abandoning module Core (64)
[2017.04.19-20.14.56:561][ 80]LogModuleManager: Shutting down and abandoning module DirectoryWatcher (63)
[2017.04.19-20.14.56:562][ 80]LogModuleManager: Shutting down and abandoning module AssetRegistry (62)
[2017.04.19-20.14.56:743][ 80]LogModuleManager: Shutting down and abandoning module KismetCompiler (61)
[2017.04.19-20.14.56:743][ 80]LogModuleManager: Shutting down and abandoning module PhysXFormats (60)
[2017.04.19-20.14.56:743][ 80]LogModuleManager: Shutting down and abandoning module MeshUtilities (59)
[2017.04.19-20.14.56:756][ 80]LogModuleManager: Shutting down and abandoning module DerivedDataCache (58)
[2017.04.19-20.14.56:828][ 80]LogDerivedDataCache: Shutdown
[2017.04.19-20.14.56:828][ 80]LogModuleManager: Shutting down and abandoning module VulkanShaderFormat (57)
[2017.04.19-20.14.56:828][ 80]LogModuleManager: Shutting down and abandoning module ShaderFormatOpenGL (56)
[2017.04.19-20.14.56:851][ 80]LogModuleManager: Shutting down and abandoning module ShaderFormatD3D (55)
[2017.04.19-20.14.56:851][ 80]LogModuleManager: Shutting down and abandoning module MetalShaderFormat (54)
[2017.04.19-20.14.56:880][ 80]LogModuleManager: Shutting down and abandoning module TextureFormatUncompressed (53)
[2017.04.19-20.14.56:880][ 80]LogModuleManager: Shutting down and abandoning module TextureFormatPVR (52)
[2017.04.19-20.14.56:880][ 80]LogModuleManager: Shutting down and abandoning module TextureFormatIntelISPCTexComp (51)
[2017.04.19-20.14.56:880][ 80]LogModuleManager: Shutting down and abandoning module TextureFormatDXT (50)
[2017.04.19-20.14.56:880][ 80]LogModuleManager: Shutting down and abandoning module ImageWrapper (49)
[2017.04.19-20.14.56:880][ 80]LogModuleManager: Shutting down and abandoning module TextureFormatASTC (48)
[2017.04.19-20.14.56:880][ 80]LogModuleManager: Shutting down and abandoning module TextureFormatAndroid (47)
[2017.04.19-20.14.56:880][ 80]LogModuleManager: Shutting down and abandoning module AudioFormatOpus (46)
[2017.04.19-20.14.56:880][ 80]LogModuleManager: Shutting down and abandoning module AudioFormatOgg (45)
[2017.04.19-20.14.56:880][ 80]LogModuleManager: Shutting down and abandoning module AudioFormatADPCM (44)
[2017.04.19-20.14.56:880][ 80]LogModuleManager: Shutting down and abandoning module LinuxTargetPlatform (43)
[2017.04.19-20.14.56:880][ 80]LogModuleManager: Shutting down and abandoning module LinuxServerTargetPlatform (42)
[2017.04.19-20.14.56:880][ 80]LogModuleManager: Shutting down and abandoning module LinuxNoEditorTargetPlatform (41)
[2017.04.19-20.14.56:880][ 80]LogModuleManager: Shutting down and abandoning module TVOSTargetPlatform (40)
[2017.04.19-20.14.56:880][ 80]LogModuleManager: Shutting down and abandoning module Messaging (39)
[2017.04.19-20.14.56:880][ 80]LogModuleManager: Shutting down and abandoning module IOSTargetPlatform (38)
[2017.04.19-20.14.56:880][ 80]LogModuleManager: Shutting down and abandoning module HTML5TargetPlatform (37)
[2017.04.19-20.14.56:880][ 80]LogModuleManager: Shutting down and abandoning module Android_PVRTCTargetPlatform (36)
[2017.04.19-20.14.56:880][ 80]LogModuleManager: Shutting down and abandoning module Android_MultiTargetPlatform (35)
[2017.04.19-20.14.56:880][ 80]LogModuleManager: Shutting down and abandoning module Android_ETC2TargetPlatform (34)
[2017.04.19-20.14.56:880][ 80]LogModuleManager: Shutting down and abandoning module Android_ETC1TargetPlatform (33)
[2017.04.19-20.14.56:880][ 80]LogModuleManager: Shutting down and abandoning module Android_DXTTargetPlatform (32)
[2017.04.19-20.14.56:880][ 80]LogModuleManager: Shutting down and abandoning module Android_ATCTargetPlatform (31)
[2017.04.19-20.14.56:880][ 80]LogModuleManager: Shutting down and abandoning module Android_ASTCTargetPlatform (30)
[2017.04.19-20.14.56:880][ 80]LogModuleManager: Shutting down and abandoning module AndroidTargetPlatform (29)
[2017.04.19-20.14.56:880][ 80]LogModuleManager: Shutting down and abandoning module WindowsTargetPlatform (28)
[2017.04.19-20.14.56:880][ 80]LogModuleManager: Shutting down and abandoning module WindowsServerTargetPlatform (27)
[2017.04.19-20.14.56:880][ 80]LogModuleManager: Shutting down and abandoning module WindowsNoEditorTargetPlatform (26)
[2017.04.19-20.14.56:880][ 80]LogModuleManager: Shutting down and abandoning module WindowsClientTargetPlatform (25)
[2017.04.19-20.14.56:880][ 80]LogModuleManager: Shutting down and abandoning module AllDesktopTargetPlatform (24)
[2017.04.19-20.14.56:880][ 80]LogModuleManager: Shutting down and abandoning module TargetPlatform (23)
[2017.04.19-20.14.56:880][ 80]LogModuleManager: Shutting down and abandoning module InputCore (22)
[2017.04.19-20.14.56:880][ 80]LogModuleManager: Shutting down and abandoning module Settings (21)
[2017.04.19-20.14.56:880][ 80]LogModuleManager: Shutting down and abandoning module OnlineSubsystem (19)
[2017.04.19-20.14.56:880][ 80]LogModuleManager: Shutting down and abandoning module HTTP (18)
[2017.04.19-20.15.00:890][ 80]LogModuleManager: Shutting down and abandoning module XMPP (17)
[2017.04.19-20.15.00:904][ 80]LogModuleManager: Shutting down and abandoning module OculusRift (16)
[2017.04.19-20.15.00:923][ 80]LogModuleManager: Shutting down and abandoning module ExampleDeviceProfileSelector (15)
[2017.04.19-20.15.00:923][ 80]LogModuleManager: Shutting down and abandoning module TextureCompressor (14)
[2017.04.19-20.15.00:923][ 80]LogModuleManager: Shutting down and abandoning module ShaderCore (13)
[2017.04.19-20.15.00:923][ 80]LogModuleManager: Shutting down and abandoning module Landscape (12)
[2017.04.19-20.15.00:923][ 80]LogModuleManager: Shutting down and abandoning module SlateRHIRenderer (11)
[2017.04.19-20.15.00:936][ 80]LogModuleManager: Shutting down and abandoning module OpenGLDrv (10)
[2017.04.19-20.15.00:936][ 80]LogModuleManager: Shutting down and abandoning module D3D11RHI (9)
[2017.04.19-20.15.00:936][ 80]LogModuleManager: Shutting down and abandoning module AnimGraphRuntime (8)
[2017.04.19-20.15.00:936][ 80]LogModuleManager: Shutting down and abandoning module Renderer (7)
[2017.04.19-20.15.00:936][ 80]LogModuleManager: Shutting down and abandoning module Engine (6)
[2017.04.19-20.15.00:936][ 80]LogModuleManager: Shutting down and abandoning module CoreUObject (5)
[2017.04.19-20.15.00:936][ 80]LogModuleManager: Shutting down and abandoning module NetworkFile (4)
[2017.04.19-20.15.00:967][ 80]LogModuleManager: Shutting down and abandoning module StreamingFile (3)
[2017.04.19-20.15.00:967][ 80]LogModuleManager: Shutting down and abandoning module SandboxFile (2)
[2017.04.19-20.15.00:978][ 80]LogModuleManager: Shutting down and abandoning module PakFile (1)
[2017.04.19-20.15.00:993][ 80]LogExit: Exiting.
[2017.04.19-20.15.01:027][ 80]Log file closed, 04/19/17 16:15:01
