Log file open, 04/20/17 18:24:46
LogInit:Display: Running engine for game: Game
LogPlatformFile: Not using cached read wrapper
LogInit:Display: RandInit(-1522886288) SRandInit(-1522886287).
LogTaskGraph: Started task graph with 4 named threads and 7 total threads with 1 sets of task threads.
LogStats: Stats thread started at 0.063034
LogInit: Version: 4.12.5-3039270+++UE4+Release-4.12
LogInit: API Version: 2992821
LogInit: Net Version: 3039270
LogDevObjectVersion: Number of dev versions registered: 13
LogDevObjectVersion:   Dev-Blueprints (B0D832E4-1F89-4F0D-ACCF-7EB736FD4AA2): 3
LogDevObjectVersion:   Dev-Build (E1C64328-A22C-4D53-A36C-8E866417BD8C): 0
LogDevObjectVersion:   Dev-Core (375EC13C-06E4-48FB-B500-84F0262A717E): 1
LogDevObjectVersion:   Dev-Editor (E4B068ED-F494-42E9-A231-DA0B2E46BB41): 2
LogDevObjectVersion:   Dev-Framework (CFFC743F-43B0-4480-9391-14DF171D2073): 6
LogDevObjectVersion:   Dev-Mobile (B02B49B5-BB20-44E9-A304-32B752E40360): 0
LogDevObjectVersion:   Dev-Networking (A4E4105C-59A1-49B5-A7C5-40C4547EDFEE): 0
LogDevObjectVersion:   Dev-Online (39C831C9-5AE6-47DC-9A44-9C173E1C8E7C): 0
LogDevObjectVersion:   Dev-Physics (78F01B33-EBEA-4F98-B9B4-84EACCB95AA2): 0
LogDevObjectVersion:   Dev-Platform (6631380F-2D4D-43E0-8009-CF276956A95A): 0
LogDevObjectVersion:   Dev-Rendering (12F88B9F-8875-4AFC-A67C-D90C383ABD29): 2
LogDevObjectVersion:   Dev-Sequencer (7B5AE74C-D270-4C10-A958-57980B212A5A): 0
LogDevObjectVersion:   Dev-VR (D7296918-1DD6-4BDD-9DE2-64A83CC13884): 0
LogInit: Compiled (64-bit): Jul  6 2016 09:09:46
LogInit: Compiled with Visual C++: 19.00.23026.00
LogInit: Build Configuration: Development
LogInit: Branch Name: ++UE4+Release-4.12
LogInit: Command line:  
LogInit: Base directory: E:/New folder/Paragon/UE_4.12/Engine/Binaries/Win64/
LogInit: Installed Engine Build: 1
LogInit: Using libcurl 7.41.0
LogInit:  - built for x86_64-pc-win32
LogInit:  - supports SSL with WinSSL
LogInit:  - other features:
LogInit:      CURL_VERSION_SSL
LogInit:      CURL_VERSION_IPV6
LogInit:      CURL_VERSION_ASYNCHDNS
LogInit:      CURL_VERSION_LARGEFILE
LogInit:      CURL_VERSION_IDN
LogInit:  CurlRequestOptions (configurable via config and command line):
LogInit:  - bVerifyPeer = true  - Libcurl will verify peer certificate
LogInit:  - bUseHttpProxy = false  - Libcurl will NOT use HTTP proxy
LogInit:  - bDontReuseConnections = false  - Libcurl will reuse connections
LogInit:  - CertBundlePath = nullptr  - Libcurl will use whatever was configured at build time.
LogInit: Presizing for max 8388607 objects, including 0 objects not considered by GC, pre-allocating 0 bytes for permanent pool.
LogInit: Object subsystem initialized
[2017.04.20-22.24.46:800][  0]LogInit: Selected Device Profile: [Windows]
[2017.04.20-22.24.46:800][  0]LogInit: Applying CVar settings loaded from the selected device profile: [Windows]
[2017.04.20-22.24.46:810][  0]LogInit: Computer: DESKTOP-JAT82AM
[2017.04.20-22.24.46:810][  0]LogInit: User: Alex
[2017.04.20-22.24.46:810][  0]LogInit: CPU Page size=65536, Cores=4
[2017.04.20-22.24.46:810][  0]LogInit: High frequency timer resolution =3.906245 MHz
[2017.04.20-22.24.46:811][  0]LogMemory: Memory total: Physical=15.9GB (16GB approx)
[2017.04.20-22.24.46:811][  0]LogMemory: Platform Memory Stats for Windows
[2017.04.20-22.24.46:811][  0]LogMemory: Process Physical Memory: 192.50 MB used, 192.50 MB peak
[2017.04.20-22.24.46:811][  0]LogMemory: Process Virtual Memory: 195.34 MB used, 195.34 MB peak
[2017.04.20-22.24.46:811][  0]LogMemory: Physical Memory: 6838.03 MB used, 16332.62 MB total
[2017.04.20-22.24.46:811][  0]LogMemory: Virtual Memory: 573.63 MB used, 134217728.00 MB total
[2017.04.20-22.24.46:835][  0]LogTextLocalizationManager: No specific translations for ('en-US') exist, so ('en') translations will be used.
[2017.04.20-22.24.47:161][  0]LogD3D11RHI: D3D11 adapters:
[2017.04.20-22.24.47:179][  0]LogD3D11RHI:    0. 'AMD Radeon R9 200 Series' (Feature Level 11_0)
[2017.04.20-22.24.47:179][  0]LogD3D11RHI:       4073/0/8166 MB DedicatedVideo/DedicatedSystem/SharedSystem, Outputs:1, VendorId:0x1002
[2017.04.20-22.24.47:180][  0]LogD3D11RHI:    1. 'Microsoft Basic Render Driver' (Feature Level 11_0)
[2017.04.20-22.24.47:180][  0]LogD3D11RHI:       0/0/8166 MB DedicatedVideo/DedicatedSystem/SharedSystem, Outputs:0, VendorId:0x1414
[2017.04.20-22.24.47:180][  0]LogD3D11RHI: Chosen D3D11 Adapter: 0
[2017.04.20-22.24.47:185][  0]LogD3D11RHI: Creating new Direct3DDevice
[2017.04.20-22.24.47:185][  0]LogD3D11RHI:     GPU DeviceId: 0x67b0 (for the marketing name, search the web for "GPU Device Id")
[2017.04.20-22.24.47:185][  0]LogWindows: EnumDisplayDevices:
[2017.04.20-22.24.47:185][  0]LogWindows:    0. 'AMD Radeon R9 200 Series' (P:1 D:1)
[2017.04.20-22.24.47:185][  0]LogWindows:    1. 'AMD Radeon R9 200 Series' (P:0 D:0)
[2017.04.20-22.24.47:185][  0]LogWindows:    2. 'AMD Radeon R9 200 Series' (P:0 D:0)
[2017.04.20-22.24.47:185][  0]LogWindows:    3. 'AMD Radeon R9 200 Series' (P:0 D:0)
[2017.04.20-22.24.47:186][  0]LogWindows:    4. 'AMD Radeon R9 200 Series' (P:0 D:0)
[2017.04.20-22.24.47:186][  0]LogWindows:    5. 'AMD Radeon R9 200 Series' (P:0 D:0)
[2017.04.20-22.24.47:186][  0]LogWindows: DebugString: FoundDriverCount:6 
[2017.04.20-22.24.47:186][  0]LogD3D11RHI:     Adapter Name: AMD Radeon R9 200 Series
[2017.04.20-22.24.47:186][  0]LogD3D11RHI:   Driver Version: Crimson ReLive 17.1.1 (internal:21.19.411.0, unified:21.19.411.0)
[2017.04.20-22.24.47:186][  0]LogD3D11RHI:      Driver Date: 1-13-2017
[2017.04.20-22.24.47:186][  0]LogRHI: Texture pool is 1361 MB (70% of 1945 MB)
[2017.04.20-22.24.47:193][  0]LogD3D11RHI: Async texture creation disabled: no driver support
[2017.04.20-22.24.47:205][  0]LogD3D11RHI: GPU Timing Frequency: 27.000000 (Debug: 2 1)
[2017.04.20-22.24.47:206][  0]LogShaderCompilers: Guid format shader working directory is 6 characters bigger than the processId version (C:/Users/Alex/Desktop/Gith/CGT445/Game/Intermediate/Shaders/WorkingDirectory/15736/).
[2017.04.20-22.24.47:206][  0]LogShaderCompilers: Cleaned the shader compiler working directory 'C:/Users/Alex/AppData/Local/Temp/UnrealShaderWorkingDir/07C5F9074B2FF61B7F3B18AF4B8C713C/'.
[2017.04.20-22.24.47:206][  0]LogShaderCompilers:Display: Using Local Shader Compiler.
[2017.04.20-22.24.47:962][  0]LogTemp:Display: Loaded TP AllDesktopTargetPlatform
[2017.04.20-22.24.47:969][  0]LogTemp:Display: Loaded TP WindowsClientTargetPlatform
[2017.04.20-22.24.47:975][  0]LogTemp:Display: Loaded TP WindowsNoEditorTargetPlatform
[2017.04.20-22.24.47:983][  0]LogTemp:Display: Loaded TP WindowsServerTargetPlatform
[2017.04.20-22.24.47:989][  0]LogTemp:Display: Loaded TP WindowsTargetPlatform
[2017.04.20-22.24.47:995][  0]LogTemp:Display: Loaded TP AndroidTargetPlatform
[2017.04.20-22.24.48:001][  0]LogTemp:Display: Loaded TP Android_ASTCTargetPlatform
[2017.04.20-22.24.48:007][  0]LogTemp:Display: Loaded TP Android_ATCTargetPlatform
[2017.04.20-22.24.48:013][  0]LogTemp:Display: Loaded TP Android_DXTTargetPlatform
[2017.04.20-22.24.48:019][  0]LogTemp:Display: Loaded TP Android_ETC1TargetPlatform
[2017.04.20-22.24.48:025][  0]LogTemp:Display: Loaded TP Android_ETC2TargetPlatform
[2017.04.20-22.24.48:038][  0]LogTemp:Display: Loaded TP Android_MultiTargetPlatform
[2017.04.20-22.24.48:038][  0]LogTemp:Display: Loaded TP Android_PVRTCTargetPlatform
[2017.04.20-22.24.48:038][  0]LogTemp:Display: Loaded TP HTML5TargetPlatform
[2017.04.20-22.24.48:058][  0]LogTemp:Display: Loaded TP IOSTargetPlatform
[2017.04.20-22.24.48:064][  0]LogTemp:Display: Loaded TP TVOSTargetPlatform
[2017.04.20-22.24.48:070][  0]LogTemp:Display: Loaded TP LinuxNoEditorTargetPlatform
[2017.04.20-22.24.48:075][  0]LogTemp:Display: Loaded TP LinuxServerTargetPlatform
[2017.04.20-22.24.48:082][  0]LogTemp:Display: Loaded TP LinuxTargetPlatform
[2017.04.20-22.24.48:082][  0]LogTargetPlatformManager:Display: Building Assets For Windows
[2017.04.20-22.24.48:136][  0]LogDerivedDataCache:Display: Max Cache Size: 512 MB
[2017.04.20-22.24.48:176][  0]LogDerivedDataCache: Loaded boot cache 0.04s 48MB C:/Users/Alex/AppData/Local/UnrealEngine/4.12/DerivedDataCache/Boot.ddc.
[2017.04.20-22.24.48:176][  0]LogDerivedDataCache:Display: Loaded Boot cache: C:/Users/Alex/AppData/Local/UnrealEngine/4.12/DerivedDataCache/Boot.ddc
[2017.04.20-22.24.48:176][  0]LogDerivedDataCache: FDerivedDataBackendGraph:  Pak pak cache file C:/Users/Alex/Desktop/Gith/CGT445/Game/DerivedDataCache/DDC.ddp not found, will not use a pak cache.
[2017.04.20-22.24.48:176][  0]LogDerivedDataCache: Unable to find inner node Pak for hierarchical cache Hierarchy.
[2017.04.20-22.24.48:176][  0]LogDerivedDataCache: FDerivedDataBackendGraph:  CompressedPak pak cache file C:/Users/Alex/Desktop/Gith/CGT445/Game/DerivedDataCache/Compressed.ddp not found, will not use a pak cache.
[2017.04.20-22.24.48:176][  0]LogDerivedDataCache: Unable to find inner node CompressedPak for hierarchical cache Hierarchy.
[2017.04.20-22.24.48:189][  0]LogDerivedDataCache:Display: Pak cache opened for reading ../../../Engine/DerivedDataCache/Compressed.ddp.
[2017.04.20-22.24.48:201][  0]LogDerivedDataCache: Using Local data cache path C:/Users/Alex/AppData/Local/UnrealEngine/Common/DerivedDataCache: Writable
[2017.04.20-22.24.48:350][  0]LogInit: Selected Device Profile: [Windows]
[2017.04.20-22.24.48:351][  0]LogContentStreaming: Texture pool size is 0.00 MB
[2017.04.20-22.24.48:476][  0]LogMeshUtilities: No automatic mesh reduction module available
[2017.04.20-22.24.48:476][  0]LogMeshUtilities: No automatic mesh merging module available
[2017.04.20-22.24.48:476][  0]LogMeshUtilities: No distributed automatic mesh merging module available
[2017.04.20-22.24.48:686][  0]LogAssetRegistry: FAssetRegistry took 0.0213 seconds to start up
[2017.04.20-22.24.48:713][  0]LogPackageLocalizationCache: Processed 3 localized package path(s) for 2 prioritized culture(s) in 0.024980 seconds
[2017.04.20-22.24.48:717][  0]LogUObjectArray: 28739 objects as part of root set at end of initial load.
[2017.04.20-22.24.48:717][  0]LogUObjectAllocator: 5855632 out of 0 bytes used by permanent object pool.
[2017.04.20-22.24.48:717][  0]LogUObjectArray: CloseDisregardForGC: 0/0 objects in disregard for GC pool
[2017.04.20-22.24.48:720][  0]LogInit: WinSock: version 1.1 (2.2), MaxSocks=32767, MaxUdp=65467
[2017.04.20-22.24.48:842][  0]LogSlate: SlateFontCache - WITH_FREETYPE: 1, WITH_HARFBUZZ: 1
[2017.04.20-22.24.48:842][  0]LogSlate: SlateFontCache - WITH_FREETYPE: 1, WITH_HARFBUZZ: 1
[2017.04.20-22.24.49:461][  0]LogUdpMessaging: Initializing bridge on interface 0.0.0.0:0 to multicast group 230.0.0.1:6666.
[2017.04.20-22.24.49:654][  0]SourceControl: Info Source control is disabled
[2017.04.20-22.24.49:655][  0]SourceControl: Info Source control is disabled
[2017.04.20-22.24.49:662][  0]SourceControl: Info Source control is disabled
[2017.04.20-22.24.49:668][  0]SourceControl: Info Source control is disabled
[2017.04.20-22.24.49:960][  0]LogEngine: Initializing Engine...
[2017.04.20-22.24.49:962][  0]LogHMD: SteamVR failed to initialize.  Err: 110
[2017.04.20-22.24.49:963][  0]LogHMD: SteamVR failed to initialize.  Err: 110
[2017.04.20-22.24.50:073][  0]LogAIModule: Creating AISystem for world NewWorld
[2017.04.20-22.24.50:079][  0]LogInit: XAudio2 using 'Speakers (Realtek High Definition Audio)' : 2 channels at 48 kHz using 32 bits per sample (channel mask 0x3)
[2017.04.20-22.24.50:089][  0]LogInit: FAudioDevice initialized.
[2017.04.20-22.24.50:108][  0]LogDerivedDataCache: Saved boot cache 0.02s 48MB C:/Users/Alex/AppData/Local/UnrealEngine/4.12/DerivedDataCache/Boot.ddc.
[2017.04.20-22.24.50:114][  0]LogInit: Texture streaming: Enabled
[2017.04.20-22.24.50:128][  0]LogInit: Transaction tracking system initialized
[2017.04.20-22.24.50:139][  0]BlueprintLog: New page: Editor Load
[2017.04.20-22.24.50:177][  0]LocalizationService: Info Localization service is disabled
[2017.04.20-22.24.50:220][  0]LogConsoleResponse:Display: 
[2017.04.20-22.24.50:290][  0]LogCook:Display: Max memory allowance for cook 8192mb
[2017.04.20-22.24.50:290][  0]LogCook:Display: Mobile HDR setting 1
[2017.04.20-22.24.50:355][  0]LogFileCache: Scanning file cache for directory 'C:/Users/Alex/Desktop/Gith/CGT445/Game/Content/' took 0.02s
[2017.04.20-22.24.50:355][  0]SourceControl: Info Source control is disabled
[2017.04.20-22.24.50:355][  0]Cmd: MAP LOAD FILE="C:/Users/Alex/Desktop/Gith/CGT445/Game/Content/FirstPersonBP/Maps/FirstPersonExampleMap.umap" TEMPLATE=0 SHOWPROGRESS=1 FEATURELEVEL=3
[2017.04.20-22.24.50:355][  0]LogEditorServer:Warning: Can't find file 'C:/Users/Alex/Desktop/Gith/CGT445/Game/Content/FirstPersonBP/Maps/FirstPersonExampleMap.umap'
[2017.04.20-22.24.50:355][  0]Cmd: MAP CHECKDEP NOCLEARLOG
[2017.04.20-22.24.50:392][  0]MapCheck: Info Map check complete: 0 Error(s), 0 Warning(s), took 36.282ms to complete.
[2017.04.20-22.24.50:392][  0]LogFileHelpers: Loading map 'FirstPersonExampleMap' took 0.037
[2017.04.20-22.24.50:496][  0]LogCollectionManager: Loaded 0 collections in 0.000869 seconds
[2017.04.20-22.24.50:532][  0]LogFileCache: Scanning file cache for directory 'C:/Users/Alex/Desktop/Gith/CGT445/Game/Saved/Collections/' took 0.01s
[2017.04.20-22.24.50:532][  0]LogFileCache: Scanning file cache for directory 'C:/Users/Alex/Desktop/Gith/CGT445/Game/Content/Developers/Alex/Collections/' took 0.01s
[2017.04.20-22.24.50:532][  0]LogFileCache: Scanning file cache for directory 'C:/Users/Alex/Desktop/Gith/CGT445/Game/Content/Collections/' took 0.01s
[2017.04.20-22.24.50:532][  0]LogCollectionManager: Rebuilt the GUID cache for 0 collections in 0.000002 seconds
[2017.04.20-22.24.50:538][  0]LogContentBrowser: Native class hierarchy populated in 0.0062 seconds. Added 2047 classes and 369 folders.
[2017.04.20-22.24.50:541][  0]LogStats: UGameplayTagsManager::ConstructGameplayTagTree: Construct from data asset -  0.000 s
[2017.04.20-22.24.50:541][  0]LogStats: UGameplayTagsManager::ConstructGameplayTagTree: GameplayTagTreeChangedEvent.Broadcast -  0.000 s
[2017.04.20-22.24.50:541][  0]LogContentBrowser: Native class hierarchy updated for 'GameplayTags' in 0.0003 seconds. Added 12 classes and 0 folders.
[2017.04.20-22.24.50:543][  0]LogContentBrowser: Native class hierarchy updated for 'WidgetCarousel' in 0.0002 seconds. Added 0 classes and 0 folders.
[2017.04.20-22.24.50:592][  0]LogContentBrowser: Native class hierarchy updated for 'AddContentDialog' in 0.0003 seconds. Added 0 classes and 0 folders.
[2017.04.20-22.24.50:594][  0]LogContentBrowser: Native class hierarchy updated for 'SceneOutliner' in 0.0003 seconds. Added 1 classes and 2 folders.
[2017.04.20-22.24.50:627][  0]LogCrashTracker: Crashtracker disabled due to settings.
[2017.04.20-22.24.50:630][  0]LogUObjectGlobals:Warning: Failed to find object 'Class None.'
[2017.04.20-22.24.50:654][  0]LogContentBrowser: Native class hierarchy updated for 'HierarchicalLODOutliner' in 0.0003 seconds. Added 1 classes and 2 folders.
[2017.04.20-22.24.50:654][  0]LogLoad: Full Startup: 6.00 seconds (BP compile: 0.00 seconds)
[2017.04.20-22.24.50:654][  0]LogExternalProfiler: No external profilers were discovered.  External profiling features will not be available.
[2017.04.20-22.24.50:663][  0]LogWindowsTextInputMethodSystem:Display: IME system now deactivated.
[2017.04.20-22.24.50:663][  0]LogOcInput: OculusInput pre-init called
[2017.04.20-22.24.50:693][  0]LogContentStreaming: Texture pool size now 1000 MB
[2017.04.20-22.24.50:824][  0]LogRenderer: Reallocating scene render targets to support 780x480 (Frame:2).
[2017.04.20-22.24.50:864][  1]LogFileCache: Retrieving MD5 hashes for directory 'C:/Users/Alex/Desktop/Gith/CGT445/Game/Content/' took 0.19s
[2017.04.20-22.24.50:878][  1]LogAssetRegistry: Asset discovery search completed in 2.2130 seconds
[2017.04.20-22.24.50:878][  1]LogCollectionManager: Rebuilt the object cache for 0 collections in 0.000001 seconds (found 0 objects)
[2017.04.20-22.24.50:878][  1]LogCollectionManager: Fixed up redirectors for 0 collections in 0.000016 seconds (updated 0 objects)
[2017.04.20-22.24.56:951][547]LogAIModule: Creating AISystem for world BarebonesCafeteria
[2017.04.20-22.24.56:998][547]Cmd: MAP LOAD FILE="C:/Users/Alex/Desktop/Gith/CGT445/Game/Content/Maps/BarebonesCafeteria.umap" TEMPLATE=0 SHOWPROGRESS=1 FEATURELEVEL=3
[2017.04.20-22.24.56:998][547]LightingResults: New page: Lighting Build
[2017.04.20-22.24.57:000][547]LogContentBrowser: Native class hierarchy updated for 'StatsViewer' in 0.0003 seconds. Added 5 classes and 0 folders.
[2017.04.20-22.24.57:000][547]LoadErrors: New page: Loading map: BarebonesCafeteria.umap
[2017.04.20-22.24.57:000][547]MapCheck: New page: Map Check
[2017.04.20-22.24.57:000][547]LightingResults: New page: Lighting Build
[2017.04.20-22.24.57:074][547]LogEditorServer: Finished looking for orphan Actors (0.000 secs)
[2017.04.20-22.24.57:097][547]Cmd: MAP CHECKDEP NOCLEARLOG
[2017.04.20-22.24.57:149][547]MapCheck: Info Map check complete: 0 Error(s), 0 Warning(s), took 51.815ms to complete.
[2017.04.20-22.24.57:149][547]LogFileHelpers: Loading map 'BarebonesCafeteria' took 0.152
[2017.04.20-22.24.58:094][655]AssetReimport: New page: Outstanding source content changes 1:24:58 PM
[2017.04.20-22.24.58:094][655]LogFactory: FactoryCreateFile: StaticMesh with FbxFactory (0 0 C:/Users/Alex/Desktop/Gith/CGT445/Game/Content/Meshs/food/Pumpkin.obj)
[2017.04.20-22.24.58:242][655]LogFbx: Loading FBX Scene from C:/Users/Alex/Desktop/Gith/CGT445/Game/Content/Meshs/food/Pumpkin.obj
[2017.04.20-22.24.58:309][655]LogFbx: FBX Scene Loaded Succesfully
[2017.04.20-22.24.59:337][655]LogFbx: Loading FBX Scene from C:/Users/Alex/Desktop/Gith/CGT445/Game/Content/Meshs/food/Pumpkin.obj
[2017.04.20-22.24.59:359][655]LogFbx: FBX Scene Loaded Succesfully
[2017.04.20-22.24.59:381][655]LogMaterial: Missing cached shader map for material PumpkinMat, compiling. 
[2017.04.20-22.24.59:653][655]LogStaticMesh: Building static mesh Pumpkin...
[2017.04.20-22.24.59:818][655]LogStaticMesh: Built static mesh [0.16s] /Game/Meshs/food/Pumpkin.Pumpkin
[2017.04.20-22.24.59:987][656]Cmd: OBJ SAVEPACKAGE PACKAGE="/Game/Meshs/food/Pumpkin" FILE="C:/Users/Alex/Desktop/Gith/CGT445/Game/Content/Meshs/food/Pumpkin.uasset" SILENT=true
[2017.04.20-22.24.59:999][656]LogSavePackage: Save=10.15ms
[2017.04.20-22.24.59:999][656]LogSavePackage: Moving 'C:/Users/Alex/Desktop/Gith/CGT445/Game/Saved/Pumpkin10397B6645FF7FDADEFA419474487213.tmp' to 'C:/Users/Alex/Desktop/Gith/CGT445/Game/Content/Meshs/food/Pumpkin.uasset'
[2017.04.20-22.25.00:004][656]LogSavePackage:Display: Finished SavePackage C:/Users/Alex/Desktop/Gith/CGT445/Game/Content/Meshs/food/Pumpkin.uasset
[2017.04.20-22.25.03:005][ 12]AssetReimport: Info Importing new asset /Game/Meshs/food/Pumpkin.
[2017.04.20-22.25.06:987][481]LogActorFactory: Actor Factory created Pumpkin
[2017.04.20-22.25.07:338][521]LogActorFactory: Actor Factory created Pumpkin
[2017.04.20-22.26.12:176][442]AssetReimport: New page: Outstanding source content changes 1:26:12 PM
[2017.04.20-22.26.12:176][442]LogFactory: FactoryCreateFile: Texture with ReimportTextureFactory (0 0 C:/Users/Alex/Desktop/Gith/CGT445/Game/Content/Meshs/food/Pumpkin_D.jpg)
[2017.04.20-22.26.30:678][443]Cmd: OBJ SAVEPACKAGE PACKAGE="/Game/Meshs/food/Pumpkin_D" FILE="C:/Users/Alex/Desktop/Gith/CGT445/Game/Content/Meshs/food/Pumpkin_D.uasset" SILENT=true
[2017.04.20-22.26.32:835][443]LogSavePackage: Save=2156.20ms
[2017.04.20-22.26.32:835][443]LogSavePackage: Moving 'C:/Users/Alex/Desktop/Gith/CGT445/Game/Saved/Pumpkin_DE33105D24405B813538FC2934725E83C.tmp' to 'C:/Users/Alex/Desktop/Gith/CGT445/Game/Content/Meshs/food/Pumpkin_D.uasset'
[2017.04.20-22.26.32:837][443]LogSavePackage:Display: Finished SavePackage C:/Users/Alex/Desktop/Gith/CGT445/Game/Content/Meshs/food/Pumpkin_D.uasset
[2017.04.20-22.26.34:440][627]LogMaterial: Missing cached shader map for material Pumpkin_Mat, compiling. 
[2017.04.20-22.26.35:840][761]AssetReimport: Info Importing new asset /Game/Meshs/food/Pumpkin_D.
[2017.04.20-22.26.59:098][378]LogEditorViewport: Clicking on Actor (LMB): StaticMeshActor (Floor_400x400)
[2017.04.20-22.27.02:014][694]LogEditorViewport: Clicking on Actor (LMB): StaticMeshActor (Pumpkin)
[2017.04.20-22.27.14:083][ 58]LogContentBrowser: Native class hierarchy updated for 'BlueprintGraph' in 0.0006 seconds. Added 111 classes and 0 folders.
[2017.04.20-22.27.15:395][148]LogRenderer: Reallocating scene render targets to support 936x596 (Frame:4230).
[2017.04.20-22.28.11:889][638]BlueprintLog: New page: Compile SecondPlayer_Char
[2017.04.20-22.28.12:453][638]Cmd: OBJ SAVEPACKAGE PACKAGE="/Game/Blueprints/SecondPlayer_Char" FILE="C:/Users/Alex/Desktop/Gith/CGT445/Game/Content/Blueprints/SecondPlayer_Char.uasset" SILENT=true
[2017.04.20-22.28.12:550][638]LogSavePackage: Save=76.48ms
[2017.04.20-22.28.12:550][638]LogSavePackage: Moving 'C:/Users/Alex/Desktop/Gith/CGT445/Game/Saved/SecondPlayer_Char3E2C0D27431F244CEFA6F2ACCE48AC15.tmp' to 'C:/Users/Alex/Desktop/Gith/CGT445/Game/Content/Blueprints/SecondPlayer_Char.uasset'
[2017.04.20-22.28.12:553][638]LogSavePackage:Display: Finished SavePackage C:/Users/Alex/Desktop/Gith/CGT445/Game/Content/Blueprints/SecondPlayer_Char.uasset
[2017.04.20-22.28.12:566][638]BlueprintEditorCompileResults: Info [0207.90] Compile of SecondPlayer_Char successful! [in 663 ms] (/Game/Blueprints/SecondPlayer_Char.SecondPlayer_Char)
[2017.04.20-22.28.12:991][674]Cmd: OBJ SAVEPACKAGE PACKAGE="/Game/Blueprints/SecondPlayer_Char" FILE="C:/Users/Alex/Desktop/Gith/CGT445/Game/Content/Blueprints/SecondPlayer_Char.uasset" SILENT=true
[2017.04.20-22.28.13:083][674]LogSavePackage: Save=75.80ms
[2017.04.20-22.28.13:083][674]LogSavePackage: Moving 'C:/Users/Alex/Desktop/Gith/CGT445/Game/Saved/SecondPlayer_Char6E0AA6B542731467915C66B0D880CBE9.tmp' to 'C:/Users/Alex/Desktop/Gith/CGT445/Game/Content/Blueprints/SecondPlayer_Char.uasset'
[2017.04.20-22.28.13:085][674]LogSavePackage:Display: Finished SavePackage C:/Users/Alex/Desktop/Gith/CGT445/Game/Content/Blueprints/SecondPlayer_Char.uasset
[2017.04.20-22.28.13:908][742]LogPlayLevel: PlayLevel: No blueprints needed recompiling
[2017.04.20-22.28.13:909][742]PIE: New page: PIE session: BarebonesCafeteria (Apr 20, 2017, 1:28:13 PM)
[2017.04.20-22.28.13:909][742]LogPlayLevel: Creating play world package: /Game/Maps/UEDPIE_0_BarebonesCafeteria
[2017.04.20-22.28.13:913][742]LogPlayLevel: PIE: StaticDuplicateObject took: (0.004088s)
[2017.04.20-22.28.13:913][742]LogAIModule: Creating AISystem for world BarebonesCafeteria
[2017.04.20-22.28.13:914][742]LogPlayLevel: PIE: World Init took: (0.000750s)
[2017.04.20-22.28.13:914][742]LogPlayLevel: PIE: Created PIE world by copying editor world from /Game/Maps/BarebonesCafeteria.BarebonesCafeteria to /Game/Maps/UEDPIE_0_BarebonesCafeteria.BarebonesCafeteria (0.005059s)
[2017.04.20-22.28.13:939][742]LogInit: XAudio2 using 'Speakers (Realtek High Definition Audio)' : 2 channels at 48 kHz using 32 bits per sample (channel mask 0x3)
[2017.04.20-22.28.13:949][742]LogInit: FAudioDevice initialized.
[2017.04.20-22.28.14:028][742]LogWorld: Game class is 'FoodFightersGM_C'
[2017.04.20-22.28.14:033][742]LogWorld: Bringing World /Game/Maps/UEDPIE_0_BarebonesCafeteria.BarebonesCafeteria up for play (max tick rate 0) at 2017.04.20-18.28.14
[2017.04.20-22.28.14:034][742]LogWorld: Bringing up level for play took: 0.004361
[2017.04.20-22.28.14:036][742]LogContentBrowser: Native class hierarchy updated for 'MovieSceneCapture' in 0.0004 seconds. Added 11 classes and 0 folders.
[2017.04.20-22.28.14:038][742]LogPlayerManagement:Error: Failed to Create Player: A local player already exists for controller ID 0,
[2017.04.20-22.28.14:043][742]PIE: Info Play in editor start time for /Game/Maps/UEDPIE_0_BarebonesCafeteria 0.822
[2017.04.20-22.28.24:202][719]Cmd: OBJ SAVEPACKAGE PACKAGE="/Game/Maps/BarebonesCafeteria" FILE="C:/Users/Alex/Desktop/Gith/CGT445/Game/Content/Maps/BarebonesCafeteria.umap" SILENT=true AUTOSAVING=false KEEPDIRTY=false
[2017.04.20-22.28.24:328][719]LogSavePackage: Save=92.41ms
[2017.04.20-22.28.24:328][719]LogSavePackage: Moving 'C:/Users/Alex/Desktop/Gith/CGT445/Game/Saved/BarebonesCafeteriaB2A3317D4A3484673A57A2A929AF6E1F.tmp' to 'C:/Users/Alex/Desktop/Gith/CGT445/Game/Content/Maps/BarebonesCafeteria.umap'
[2017.04.20-22.28.24:330][719]LogSavePackage:Display: Finished SavePackage C:/Users/Alex/Desktop/Gith/CGT445/Game/Content/Maps/BarebonesCafeteria.umap
[2017.04.20-22.28.24:355][719]LogFileHelpers: Saving map 'BarebonesCafeteria' took 0.210
[2017.04.20-22.28.24:367][719]Cmd: OBJ SAVEPACKAGE PACKAGE="/Game/Meshs/food/Pumpkin_Mat" FILE="C:/Users/Alex/Desktop/Gith/CGT445/Game/Content/Meshs/food/Pumpkin_Mat.uasset" SILENT=true
[2017.04.20-22.28.24:382][719]LogSavePackage: Save=13.40ms
[2017.04.20-22.28.24:382][719]LogSavePackage: Moving 'C:/Users/Alex/Desktop/Gith/CGT445/Game/Saved/Pumpkin_Mat233DB88E4D5C6F9B57A7609506255A79.tmp' to 'C:/Users/Alex/Desktop/Gith/CGT445/Game/Content/Meshs/food/Pumpkin_Mat.uasset'
[2017.04.20-22.28.24:384][719]LogSavePackage:Display: Finished SavePackage C:/Users/Alex/Desktop/Gith/CGT445/Game/Content/Meshs/food/Pumpkin_Mat.uasset
[2017.04.20-22.28.24:394][719]Cmd: OBJ SAVEPACKAGE PACKAGE="/Game/Meshs/food/PumpkinMat" FILE="C:/Users/Alex/Desktop/Gith/CGT445/Game/Content/Meshs/food/PumpkinMat.uasset" SILENT=true
[2017.04.20-22.28.24:406][719]LogSavePackage: Save=10.10ms
[2017.04.20-22.28.24:406][719]LogSavePackage: Moving 'C:/Users/Alex/Desktop/Gith/CGT445/Game/Saved/PumpkinMatCE59FEDB45CDDBCC81CC0B98C3D85B9A.tmp' to 'C:/Users/Alex/Desktop/Gith/CGT445/Game/Content/Meshs/food/PumpkinMat.uasset'
[2017.04.20-22.28.24:407][719]LogSavePackage:Display: Finished SavePackage C:/Users/Alex/Desktop/Gith/CGT445/Game/Content/Meshs/food/PumpkinMat.uasset
[2017.04.20-22.28.24:649][720]Cmd: QUIT_EDITOR
[2017.04.20-22.28.25:043][720]LogWindowsTextInputMethodSystem:Display: IME system now deactivated.
[2017.04.20-22.28.25:079][720]LogExit: Preparing to exit.
[2017.04.20-22.28.25:726][720]LogExit: Editor shut down
[2017.04.20-22.28.25:727][720]LogExit: Transaction tracking system shut down
[2017.04.20-22.28.25:861][720]LogObj: Freed 0b from 0 cluster array pools.
[2017.04.20-22.28.25:861][720]LogExit: Object subsystem successfully closed.
[2017.04.20-22.28.25:878][720]LogD3D11RHI: Shutdown
[2017.04.20-22.28.25:878][720]LogD3D11RHI: CleanupD3DDevice
[2017.04.20-22.28.25:879][720]LogD3D11RHI: ~FD3D11DynamicRHI
[2017.04.20-22.28.26:017][720]LogModuleManager: Shutting down and abandoning module MovieSceneCapture (216)
[2017.04.20-22.28.26:017][720]LogModuleManager: Shutting down and abandoning module HierarchicalLODUtilities (215)
[2017.04.20-22.28.26:017][720]LogModuleManager: Shutting down and abandoning module BlueprintGraph (214)
[2017.04.20-22.28.26:017][720]LogModuleManager: Shutting down and abandoning module StatsViewer (213)
[2017.04.20-22.28.26:017][720]LogModuleManager: Shutting down and abandoning module HierarchicalLODOutliner (212)
[2017.04.20-22.28.26:017][720]LogModuleManager: Shutting down and abandoning module CrashTracker (211)
[2017.04.20-22.28.26:017][720]LogModuleManager: Shutting down and abandoning module SceneOutliner (210)
[2017.04.20-22.28.26:017][720]LogModuleManager: Shutting down and abandoning module WidgetCarousel (209)
[2017.04.20-22.28.26:017][720]LogModuleManager: Shutting down and abandoning module AddContentDialog (208)
[2017.04.20-22.28.26:018][720]LogModuleManager: Shutting down and abandoning module GameplayTags (207)
[2017.04.20-22.28.26:018][720]LogModuleManager: Shutting down and abandoning module EditorWidgets (206)
[2017.04.20-22.28.26:018][720]LogModuleManager: Shutting down and abandoning module CollectionManager (205)
[2017.04.20-22.28.26:018][720]LogModuleManager: Shutting down and abandoning module FoliageEdit (204)
[2017.04.20-22.28.26:018][720]LogModuleManager: Shutting down and abandoning module LandscapeEditor (203)
[2017.04.20-22.28.26:018][720]LogModuleManager: Shutting down and abandoning module SceneDepthPickerMode (202)
[2017.04.20-22.28.26:018][720]LogModuleManager: Shutting down and abandoning module ActorPickerMode (201)
[2017.04.20-22.28.26:018][720]LogModuleManager: Shutting down and abandoning module GeometryMode (200)
[2017.04.20-22.28.26:018][720]LogModuleManager: Shutting down and abandoning module TextureAlignMode (199)
[2017.04.20-22.28.26:018][720]LogModuleManager: Shutting down and abandoning module BspMode (198)
[2017.04.20-22.28.26:018][720]LogModuleManager: Shutting down and abandoning module HardwareSurvey (197)
[2017.04.20-22.28.26:018][720]LogModuleManager: Shutting down and abandoning module SequenceRecorderSections (196)
[2017.04.20-22.28.26:018][720]LogModuleManager: Shutting down and abandoning module SequenceRecorder (195)
[2017.04.20-22.28.26:018][720]LogModuleManager: Shutting down and abandoning module AutomationWorker (194)
[2017.04.20-22.28.26:018][720]LogModuleManager: Shutting down and abandoning module MatineeToLevelSequence (193)
[2017.04.20-22.28.26:018][720]LogModuleManager: Shutting down and abandoning module PlacementMode (192)
[2017.04.20-22.28.26:018][720]LogModuleManager: Shutting down and abandoning module LevelSequenceEditor (191)
[2017.04.20-22.28.26:018][720]LogModuleManager: Shutting down and abandoning module CharacterAI (190)
[2017.04.20-22.28.26:018][720]LogModuleManager: Shutting down and abandoning module SmartSnapping (189)
[2017.04.20-22.28.26:018][720]LogModuleManager: Shutting down and abandoning module SessionServices (188)
[2017.04.20-22.28.26:018][720]LogModuleManager: Shutting down and abandoning module ViewportSnapping (187)
[2017.04.20-22.28.26:018][720]LogModuleManager: Shutting down and abandoning module LogVisualizer (186)
[2017.04.20-22.28.26:018][720]LogModuleManager: Shutting down and abandoning module GameProjectGeneration (185)
[2017.04.20-22.28.26:019][720]LogModuleManager: Shutting down and abandoning module IntroTutorials (184)
[2017.04.20-22.28.26:019][720]LogModuleManager: Shutting down and abandoning module EditorLiveStreaming (183)
[2017.04.20-22.28.26:019][720]LogModuleManager: Shutting down and abandoning module IOSPlatformEditor (182)
[2017.04.20-22.28.26:019][720]LogModuleManager: Shutting down and abandoning module HTML5PlatformEditor (181)
[2017.04.20-22.28.26:019][720]LogModuleManager: Shutting down and abandoning module AndroidDeviceDetection (180)
[2017.04.20-22.28.26:273][720]LogModuleManager: Shutting down and abandoning module AndroidPlatformEditor (179)
[2017.04.20-22.28.26:273][720]LogModuleManager: Shutting down and abandoning module IOSRuntimeSettings (178)
[2017.04.20-22.28.26:273][720]LogModuleManager: Shutting down and abandoning module AndroidRuntimeSettings (177)
[2017.04.20-22.28.26:273][720]LogModuleManager: Shutting down and abandoning module MergeActors (176)
[2017.04.20-22.28.26:273][720]LogModuleManager: Shutting down and abandoning module SizeMap (175)
[2017.04.20-22.28.26:273][720]LogModuleManager: Shutting down and abandoning module TreeMap (174)
[2017.04.20-22.28.26:273][720]LogModuleManager: Shutting down and abandoning module ReferenceViewer (173)
[2017.04.20-22.28.26:273][720]LogModuleManager: Shutting down and abandoning module LocalizationService (172)
[2017.04.20-22.28.26:274][720]LogModuleManager: Shutting down and abandoning module LocalizationDashboard (171)
[2017.04.20-22.28.26:274][720]LogModuleManager: Shutting down and abandoning module HardwareTargeting (170)
[2017.04.20-22.28.26:274][720]LogModuleManager: Shutting down and abandoning module DeviceProfileEditor (169)
[2017.04.20-22.28.26:274][720]LogModuleManager: Shutting down and abandoning module UndoHistory (168)
[2017.04.20-22.28.26:274][720]LogModuleManager: Shutting down and abandoning module UserFeedback (167)
[2017.04.20-22.28.26:274][720]LogModuleManager: Shutting down and abandoning module XmlParser (166)
[2017.04.20-22.28.26:274][720]LogModuleManager: Shutting down and abandoning module Blutility (165)
[2017.04.20-22.28.26:274][720]LogModuleManager: Shutting down and abandoning module ProjectTargetPlatformEditor (164)
[2017.04.20-22.28.26:275][720]LogModuleManager: Shutting down and abandoning module ProjectSettingsViewer (163)
[2017.04.20-22.28.26:275][720]LogModuleManager: Shutting down and abandoning module InputBindingEditor (162)
[2017.04.20-22.28.26:275][720]LogModuleManager: Shutting down and abandoning module EditorSettingsViewer (161)
[2017.04.20-22.28.26:275][720]LogModuleManager: Shutting down and abandoning module SettingsEditor (160)
[2017.04.20-22.28.26:275][720]LogModuleManager: Shutting down and abandoning module ProjectLauncher (159)
[2017.04.20-22.28.26:276][720]LogModuleManager: Shutting down and abandoning module SessionFrontend (158)
[2017.04.20-22.28.26:276][720]LogModuleManager: Shutting down and abandoning module ProfilerClient (157)
[2017.04.20-22.28.26:276][720]LogModuleManager: Shutting down and abandoning module TargetDeviceServices (156)
[2017.04.20-22.28.26:276][720]LogModuleManager: Shutting down and abandoning module DeviceManager (155)
[2017.04.20-22.28.26:328][720]LogModuleManager: Shutting down and abandoning module AutomationController (154)
[2017.04.20-22.28.26:328][720]LogModuleManager: Shutting down and abandoning module AutomationWindow (153)
[2017.04.20-22.28.26:328][720]LogModuleManager: Shutting down and abandoning module Layers (152)
[2017.04.20-22.28.26:328][720]LogModuleManager: Shutting down and abandoning module ComponentVisualizers (151)
[2017.04.20-22.28.26:328][720]LogModuleManager: Shutting down and abandoning module DetailCustomizations (150)
[2017.04.20-22.28.26:328][720]LogModuleManager: Shutting down and abandoning module PackagesDialog (149)
[2017.04.20-22.28.26:328][720]LogModuleManager: Shutting down and abandoning module Persona (148)
[2017.04.20-22.28.26:328][720]LogModuleManager: Shutting down and abandoning module Kismet (147)
[2017.04.20-22.28.26:328][720]LogModuleManager: Shutting down and abandoning module GraphEditor (146)
[2017.04.20-22.28.26:328][720]LogModuleManager: Shutting down and abandoning module ClassViewer (145)
[2017.04.20-22.28.26:328][720]LogModuleManager: Shutting down and abandoning module Toolbox (144)
[2017.04.20-22.28.26:328][720]LogModuleManager: Shutting down and abandoning module ModuleUI (143)
[2017.04.20-22.28.26:328][720]LogModuleManager: Shutting down and abandoning module MovieSceneTools (142)
[2017.04.20-22.28.26:328][720]LogModuleManager: Shutting down and abandoning module OutputLog (141)
[2017.04.20-22.28.26:328][720]LogModuleManager: Shutting down and abandoning module GammaUI (140)
[2017.04.20-22.28.26:328][720]LogModuleManager: Shutting down and abandoning module Documentation (139)
[2017.04.20-22.28.26:328][720]LogModuleManager: Shutting down and abandoning module StreamingPauseRendering (138)
[2017.04.20-22.28.26:328][720]LogModuleManager: Shutting down and abandoning module AnalyticsET (137)
[2017.04.20-22.28.26:328][720]LogModuleManager: Shutting down and abandoning module Analytics (136)
[2017.04.20-22.28.26:328][720]LogModuleManager: Shutting down and abandoning module PortalServices (135)
[2017.04.20-22.28.26:328][720]LogModuleManager: Shutting down and abandoning module PortalRpc (134)
[2017.04.20-22.28.26:328][720]LogModuleManager: Shutting down and abandoning module MessagingRpc (133)
[2017.04.20-22.28.26:328][720]LogModuleManager: Shutting down and abandoning module GameplayDebugger (132)
[2017.04.20-22.28.26:328][720]LogModuleManager: Shutting down and abandoning module AITestSuite (131)
[2017.04.20-22.28.26:328][720]LogModuleManager: Shutting down and abandoning module AIModule (130)
[2017.04.20-22.28.26:328][720]LogModuleManager: Shutting down and abandoning module ProfilerService (129)
[2017.04.20-22.28.26:439][720]LogModuleManager: Shutting down and abandoning module TaskGraph (128)
[2017.04.20-22.28.26:439][720]LogModuleManager: Shutting down and abandoning module SlateRemote (127)
[2017.04.20-22.28.26:439][720]LogModuleManager: Shutting down and abandoning module SteamVRController (126)
[2017.04.20-22.28.26:439][720]LogModuleManager: Shutting down and abandoning module SteamVR (125)
[2017.04.20-22.28.26:439][720]LogModuleManager: Shutting down and abandoning module ProceduralMeshComponent (124)
[2017.04.20-22.28.26:439][720]LogModuleManager: Shutting down and abandoning module OculusLibrary (123)
[2017.04.20-22.28.26:439][720]LogModuleManager: Shutting down and abandoning module OculusInput (122)
[2017.04.20-22.28.26:439][720]LogModuleManager: Shutting down and abandoning module CustomMeshComponent (121)
[2017.04.20-22.28.26:440][720]LogModuleManager: Shutting down and abandoning module CableComponent (120)
[2017.04.20-22.28.26:440][720]LogModuleManager: Shutting down and abandoning module ArchVisCharacter (119)
[2017.04.20-22.28.26:440][720]LogModuleManager: Shutting down and abandoning module MediaPlayerEditor (118)
[2017.04.20-22.28.26:440][720]LogModuleManager: Shutting down and abandoning module HTML5Networking (117)
[2017.04.20-22.28.26:440][720]LogModuleManager: Shutting down and abandoning module SuperSearch (116)
[2017.04.20-22.28.26:440][720]LogModuleManager: Shutting down and abandoning module SuperSearchEditor (115)
[2017.04.20-22.28.26:440][720]LogModuleManager: Shutting down and abandoning module SpeedTreeImporter (114)
[2017.04.20-22.28.26:440][720]LogModuleManager: Shutting down and abandoning module PluginBrowser (113)
[2017.04.20-22.28.26:440][720]LogModuleManager: Shutting down and abandoning module EpicSurvey (112)
[2017.04.20-22.28.26:440][720]LogModuleManager: Shutting down and abandoning module DesktopPlatform (111)
[2017.04.20-22.28.26:440][720]LogModuleManager: Shutting down and abandoning module VisualStudioSourceCodeAccess (110)
[2017.04.20-22.28.26:440][720]LogModuleManager: Shutting down and abandoning module UObjectPlugin (109)
[2017.04.20-22.28.26:440][720]LogModuleManager: Shutting down and abandoning module SubversionSourceControl (108)
[2017.04.20-22.28.26:440][720]LogModuleManager: Shutting down and abandoning module PerforceSourceControl (107)
[2017.04.20-22.28.26:440][720]LogModuleManager: Shutting down and abandoning module SourceControl (106)
[2017.04.20-22.28.26:440][720]LogModuleManager: Shutting down and abandoning module GitSourceControl (105)
[2017.04.20-22.28.26:440][720]LogModuleManager: Shutting down and abandoning module LightPropagationVolumeEditor (104)
[2017.04.20-22.28.26:440][720]LogModuleManager: Shutting down and abandoning module PaperTiledImporter (103)
[2017.04.20-22.28.26:440][720]LogModuleManager: Shutting down and abandoning module PaperSpriteSheetImporter (102)
[2017.04.20-22.28.26:440][720]LogModuleManager: Shutting down and abandoning module MeshPaint (101)
[2017.04.20-22.28.26:440][720]LogModuleManager: Shutting down and abandoning module PixelInspectorModule (100)
[2017.04.20-22.28.26:440][720]LogModuleManager: Shutting down and abandoning module HotReload (99)
[2017.04.20-22.28.26:441][720]LogModuleManager: Shutting down and abandoning module MainFrame (98)
[2017.04.20-22.28.26:441][720]LogModuleManager: Shutting down and abandoning module LevelEditor (97)
[2017.04.20-22.28.26:442][720]LogModuleManager: Shutting down and abandoning module ContentBrowser (96)
[2017.04.20-22.28.26:444][720]LogModuleManager: Shutting down and abandoning module Paper2DEditor (95)
[2017.04.20-22.28.26:444][720]LogModuleManager: Shutting down and abandoning module UdpMessaging (94)
[2017.04.20-22.28.26:545][720]LogModuleManager: Shutting down and abandoning module LightPropagationVolumeRuntime (93)
[2017.04.20-22.28.26:545][720]LogModuleManager: Shutting down and abandoning module Paper2D (92)
[2017.04.20-22.28.26:545][720]LogModuleManager: Shutting down and abandoning module WindowsMoviePlayer (91)
[2017.04.20-22.28.26:545][720]LogModuleManager: Shutting down and abandoning module Media (90)
[2017.04.20-22.28.26:545][720]LogModuleManager: Shutting down and abandoning module WmfMedia (89)
[2017.04.20-22.28.26:545][720]LogModuleManager: Shutting down and abandoning module MediaAssets (88)
[2017.04.20-22.28.26:545][720]LogModuleManager: Shutting down and abandoning module GameLiveStreaming (87)
[2017.04.20-22.28.26:545][720]LogModuleManager: Shutting down and abandoning module GameplayTagsEditor (86)
[2017.04.20-22.28.26:545][720]LogModuleManager: Shutting down and abandoning module OnlineBlueprintSupport (85)
[2017.04.20-22.28.26:545][720]LogModuleManager: Shutting down and abandoning module VREditor (84)
[2017.04.20-22.28.26:545][720]LogModuleManager: Shutting down and abandoning module GameplayTasksEditor (83)
[2017.04.20-22.28.26:545][720]LogModuleManager: Shutting down and abandoning module PropertyEditor (82)
[2017.04.20-22.28.26:545][720]LogModuleManager: Shutting down and abandoning module BehaviorTreeEditor (81)
[2017.04.20-22.28.26:545][720]LogModuleManager: Shutting down and abandoning module FunctionalTesting (80)
[2017.04.20-22.28.26:545][720]LogModuleManager: Shutting down and abandoning module CollisionAnalyzer (79)
[2017.04.20-22.28.26:545][720]LogModuleManager: Shutting down and abandoning module Sequencer (78)
[2017.04.20-22.28.26:545][720]LogModuleManager: Shutting down and abandoning module WorkspaceMenuStructure (77)
[2017.04.20-22.28.26:545][720]LogModuleManager: Shutting down and abandoning module MessageLog (76)
[2017.04.20-22.28.26:545][720]LogModuleManager: Shutting down and abandoning module AssetTools (75)
[2017.04.20-22.28.26:545][720]LogModuleManager: Shutting down and abandoning module UMGEditor (74)
[2017.04.20-22.28.26:545][720]LogModuleManager: Shutting down and abandoning module UMG (73)
[2017.04.20-22.28.26:545][720]LogModuleManager: Shutting down and abandoning module SlateReflector (72)
[2017.04.20-22.28.26:545][720]LogModuleManager: Shutting down and abandoning module Slate (71)
[2017.04.20-22.28.26:545][720]LogModuleManager: Shutting down and abandoning module EditorStyle (70)
[2017.04.20-22.28.26:547][720]LogModuleManager: Shutting down and abandoning module SourceCodeAccess (69)
[2017.04.20-22.28.26:547][720]LogModuleManager: Shutting down and abandoning module HeadMountedDisplay (68)
[2017.04.20-22.28.26:547][720]LogModuleManager: Shutting down and abandoning module XAudio2 (67)
[2017.04.20-22.28.26:547][720]LogModuleManager: Shutting down and abandoning module Networking (65)
[2017.04.20-22.28.26:547][720]LogModuleManager: Shutting down and abandoning module Core (64)
[2017.04.20-22.28.26:547][720]LogModuleManager: Shutting down and abandoning module DirectoryWatcher (63)
[2017.04.20-22.28.26:548][720]LogModuleManager: Shutting down and abandoning module AssetRegistry (62)
[2017.04.20-22.28.26:739][720]LogModuleManager: Shutting down and abandoning module KismetCompiler (61)
[2017.04.20-22.28.26:739][720]LogModuleManager: Shutting down and abandoning module PhysXFormats (60)
[2017.04.20-22.28.26:739][720]LogModuleManager: Shutting down and abandoning module MeshUtilities (59)
[2017.04.20-22.28.26:739][720]LogModuleManager: Shutting down and abandoning module DerivedDataCache (58)
[2017.04.20-22.28.26:820][720]LogDerivedDataCache: Shutdown
[2017.04.20-22.28.26:820][720]LogModuleManager: Shutting down and abandoning module VulkanShaderFormat (57)
[2017.04.20-22.28.26:820][720]LogModuleManager: Shutting down and abandoning module ShaderFormatOpenGL (56)
[2017.04.20-22.28.26:820][720]LogModuleManager: Shutting down and abandoning module ShaderFormatD3D (55)
[2017.04.20-22.28.26:820][720]LogModuleManager: Shutting down and abandoning module MetalShaderFormat (54)
[2017.04.20-22.28.26:820][720]LogModuleManager: Shutting down and abandoning module TextureFormatUncompressed (53)
[2017.04.20-22.28.26:820][720]LogModuleManager: Shutting down and abandoning module TextureFormatPVR (52)
[2017.04.20-22.28.26:820][720]LogModuleManager: Shutting down and abandoning module TextureFormatIntelISPCTexComp (51)
[2017.04.20-22.28.26:820][720]LogModuleManager: Shutting down and abandoning module TextureFormatDXT (50)
[2017.04.20-22.28.26:820][720]LogModuleManager: Shutting down and abandoning module ImageWrapper (49)
[2017.04.20-22.28.26:820][720]LogModuleManager: Shutting down and abandoning module TextureFormatASTC (48)
[2017.04.20-22.28.26:820][720]LogModuleManager: Shutting down and abandoning module TextureFormatAndroid (47)
[2017.04.20-22.28.26:821][720]LogModuleManager: Shutting down and abandoning module AudioFormatOpus (46)
[2017.04.20-22.28.26:821][720]LogModuleManager: Shutting down and abandoning module AudioFormatOgg (45)
[2017.04.20-22.28.26:821][720]LogModuleManager: Shutting down and abandoning module AudioFormatADPCM (44)
[2017.04.20-22.28.26:821][720]LogModuleManager: Shutting down and abandoning module LinuxTargetPlatform (43)
[2017.04.20-22.28.26:821][720]LogModuleManager: Shutting down and abandoning module LinuxServerTargetPlatform (42)
[2017.04.20-22.28.26:821][720]LogModuleManager: Shutting down and abandoning module LinuxNoEditorTargetPlatform (41)
[2017.04.20-22.28.26:821][720]LogModuleManager: Shutting down and abandoning module TVOSTargetPlatform (40)
[2017.04.20-22.28.26:821][720]LogModuleManager: Shutting down and abandoning module Messaging (39)
[2017.04.20-22.28.26:821][720]LogModuleManager: Shutting down and abandoning module IOSTargetPlatform (38)
[2017.04.20-22.28.26:821][720]LogModuleManager: Shutting down and abandoning module HTML5TargetPlatform (37)
[2017.04.20-22.28.26:821][720]LogModuleManager: Shutting down and abandoning module Android_PVRTCTargetPlatform (36)
[2017.04.20-22.28.26:821][720]LogModuleManager: Shutting down and abandoning module Android_MultiTargetPlatform (35)
[2017.04.20-22.28.26:821][720]LogModuleManager: Shutting down and abandoning module Android_ETC2TargetPlatform (34)
[2017.04.20-22.28.26:821][720]LogModuleManager: Shutting down and abandoning module Android_ETC1TargetPlatform (33)
[2017.04.20-22.28.26:821][720]LogModuleManager: Shutting down and abandoning module Android_DXTTargetPlatform (32)
[2017.04.20-22.28.26:821][720]LogModuleManager: Shutting down and abandoning module Android_ATCTargetPlatform (31)
[2017.04.20-22.28.26:821][720]LogModuleManager: Shutting down and abandoning module Android_ASTCTargetPlatform (30)
[2017.04.20-22.28.26:821][720]LogModuleManager: Shutting down and abandoning module AndroidTargetPlatform (29)
[2017.04.20-22.28.26:821][720]LogModuleManager: Shutting down and abandoning module WindowsTargetPlatform (28)
[2017.04.20-22.28.26:821][720]LogModuleManager: Shutting down and abandoning module WindowsServerTargetPlatform (27)
[2017.04.20-22.28.26:821][720]LogModuleManager: Shutting down and abandoning module WindowsNoEditorTargetPlatform (26)
[2017.04.20-22.28.26:821][720]LogModuleManager: Shutting down and abandoning module WindowsClientTargetPlatform (25)
[2017.04.20-22.28.26:821][720]LogModuleManager: Shutting down and abandoning module AllDesktopTargetPlatform (24)
[2017.04.20-22.28.26:821][720]LogModuleManager: Shutting down and abandoning module TargetPlatform (23)
[2017.04.20-22.28.26:821][720]LogModuleManager: Shutting down and abandoning module InputCore (22)
[2017.04.20-22.28.26:821][720]LogModuleManager: Shutting down and abandoning module Settings (21)
[2017.04.20-22.28.26:822][720]LogModuleManager: Shutting down and abandoning module OnlineSubsystem (19)
[2017.04.20-22.28.26:822][720]LogModuleManager: Shutting down and abandoning module HTTP (18)
[2017.04.20-22.28.28:329][720]LogModuleManager: Shutting down and abandoning module XMPP (17)
[2017.04.20-22.28.28:329][720]LogModuleManager: Shutting down and abandoning module OculusRift (16)
[2017.04.20-22.28.28:329][720]LogModuleManager: Shutting down and abandoning module ExampleDeviceProfileSelector (15)
[2017.04.20-22.28.28:329][720]LogModuleManager: Shutting down and abandoning module TextureCompressor (14)
[2017.04.20-22.28.28:329][720]LogModuleManager: Shutting down and abandoning module ShaderCore (13)
[2017.04.20-22.28.28:329][720]LogModuleManager: Shutting down and abandoning module Landscape (12)
[2017.04.20-22.28.28:329][720]LogModuleManager: Shutting down and abandoning module SlateRHIRenderer (11)
[2017.04.20-22.28.28:331][720]LogModuleManager: Shutting down and abandoning module OpenGLDrv (10)
[2017.04.20-22.28.28:331][720]LogModuleManager: Shutting down and abandoning module D3D11RHI (9)
[2017.04.20-22.28.28:331][720]LogModuleManager: Shutting down and abandoning module AnimGraphRuntime (8)
[2017.04.20-22.28.28:332][720]LogModuleManager: Shutting down and abandoning module Renderer (7)
[2017.04.20-22.28.28:332][720]LogModuleManager: Shutting down and abandoning module Engine (6)
[2017.04.20-22.28.28:332][720]LogModuleManager: Shutting down and abandoning module CoreUObject (5)
[2017.04.20-22.28.28:332][720]LogModuleManager: Shutting down and abandoning module NetworkFile (4)
[2017.04.20-22.28.28:332][720]LogModuleManager: Shutting down and abandoning module StreamingFile (3)
[2017.04.20-22.28.28:332][720]LogModuleManager: Shutting down and abandoning module SandboxFile (2)
[2017.04.20-22.28.28:332][720]LogModuleManager: Shutting down and abandoning module PakFile (1)
[2017.04.20-22.28.28:336][720]LogExit: Exiting.
[2017.04.20-22.28.28:339][720]Log file closed, 04/20/17 18:28:28
