Log file open, 04/20/17 16:00:33
LogInit:Display: Running engine for game: Game
LogPlatformFile: Not using cached read wrapper
LogInit:Display: RandInit(-968380292) SRandInit(-968380291).
LogTaskGraph: Started task graph with 4 named threads and 7 total threads with 1 sets of task threads.
LogStats: Stats thread started at 0.063535
LogInit: Version: 4.12.5-3039270+++UE4+Release-4.12
LogInit: API Version: 2992821
LogInit: Net Version: 3039270
LogDevObjectVersion: Number of dev versions registered: 13
LogDevObjectVersion:   Dev-Blueprints (B0D832E4-1F89-4F0D-ACCF-7EB736FD4AA2): 3
LogDevObjectVersion:   Dev-Build (E1C64328-A22C-4D53-A36C-8E866417BD8C): 0
LogDevObjectVersion:   Dev-Core (375EC13C-06E4-48FB-B500-84F0262A717E): 1
LogDevObjectVersion:   Dev-Editor (E4B068ED-F494-42E9-A231-DA0B2E46BB41): 2
LogDevObjectVersion:   Dev-Framework (CFFC743F-43B0-4480-9391-14DF171D2073): 6
LogDevObjectVersion:   Dev-Mobile (B02B49B5-BB20-44E9-A304-32B752E40360): 0
LogDevObjectVersion:   Dev-Networking (A4E4105C-59A1-49B5-A7C5-40C4547EDFEE): 0
LogDevObjectVersion:   Dev-Online (39C831C9-5AE6-47DC-9A44-9C173E1C8E7C): 0
LogDevObjectVersion:   Dev-Physics (78F01B33-EBEA-4F98-B9B4-84EACCB95AA2): 0
LogDevObjectVersion:   Dev-Platform (6631380F-2D4D-43E0-8009-CF276956A95A): 0
LogDevObjectVersion:   Dev-Rendering (12F88B9F-8875-4AFC-A67C-D90C383ABD29): 2
LogDevObjectVersion:   Dev-Sequencer (7B5AE74C-D270-4C10-A958-57980B212A5A): 0
LogDevObjectVersion:   Dev-VR (D7296918-1DD6-4BDD-9DE2-64A83CC13884): 0
LogInit: Compiled (64-bit): Jul  6 2016 09:09:46
LogInit: Compiled with Visual C++: 19.00.23026.00
LogInit: Build Configuration: Development
LogInit: Branch Name: ++UE4+Release-4.12
LogInit: Command line:  
LogInit: Base directory: E:/New folder/Paragon/UE_4.12/Engine/Binaries/Win64/
LogInit: Installed Engine Build: 1
LogInit: Using libcurl 7.41.0
LogInit:  - built for x86_64-pc-win32
LogInit:  - supports SSL with WinSSL
LogInit:  - other features:
LogInit:      CURL_VERSION_SSL
LogInit:      CURL_VERSION_IPV6
LogInit:      CURL_VERSION_ASYNCHDNS
LogInit:      CURL_VERSION_LARGEFILE
LogInit:      CURL_VERSION_IDN
LogInit:  CurlRequestOptions (configurable via config and command line):
LogInit:  - bVerifyPeer = true  - Libcurl will verify peer certificate
LogInit:  - bUseHttpProxy = false  - Libcurl will NOT use HTTP proxy
LogInit:  - bDontReuseConnections = false  - Libcurl will reuse connections
LogInit:  - CertBundlePath = nullptr  - Libcurl will use whatever was configured at build time.
LogInit: Presizing for max 8388607 objects, including 0 objects not considered by GC, pre-allocating 0 bytes for permanent pool.
LogInit: Object subsystem initialized
[2017.04.20-20.00.33:280][  0]LogInit: Selected Device Profile: [Windows]
[2017.04.20-20.00.33:280][  0]LogInit: Applying CVar settings loaded from the selected device profile: [Windows]
[2017.04.20-20.00.33:289][  0]LogInit: Computer: DESKTOP-JAT82AM
[2017.04.20-20.00.33:289][  0]LogInit: User: Alex
[2017.04.20-20.00.33:289][  0]LogInit: CPU Page size=65536, Cores=4
[2017.04.20-20.00.33:289][  0]LogInit: High frequency timer resolution =3.906245 MHz
[2017.04.20-20.00.33:289][  0]LogMemory: Memory total: Physical=15.9GB (16GB approx)
[2017.04.20-20.00.33:289][  0]LogMemory: Platform Memory Stats for Windows
[2017.04.20-20.00.33:289][  0]LogMemory: Process Physical Memory: 192.34 MB used, 192.34 MB peak
[2017.04.20-20.00.33:289][  0]LogMemory: Process Virtual Memory: 195.37 MB used, 195.37 MB peak
[2017.04.20-20.00.33:289][  0]LogMemory: Physical Memory: 6498.41 MB used, 16332.62 MB total
[2017.04.20-20.00.33:289][  0]LogMemory: Virtual Memory: 573.63 MB used, 134217728.00 MB total
[2017.04.20-20.00.33:313][  0]LogTextLocalizationManager: No specific translations for ('en-US') exist, so ('en') translations will be used.
[2017.04.20-20.00.33:611][  0]LogD3D11RHI: D3D11 adapters:
[2017.04.20-20.00.33:628][  0]LogD3D11RHI:    0. 'AMD Radeon R9 200 Series' (Feature Level 11_0)
[2017.04.20-20.00.33:628][  0]LogD3D11RHI:       4073/0/8166 MB DedicatedVideo/DedicatedSystem/SharedSystem, Outputs:1, VendorId:0x1002
[2017.04.20-20.00.33:629][  0]LogD3D11RHI:    1. 'Microsoft Basic Render Driver' (Feature Level 11_0)
[2017.04.20-20.00.33:629][  0]LogD3D11RHI:       0/0/8166 MB DedicatedVideo/DedicatedSystem/SharedSystem, Outputs:0, VendorId:0x1414
[2017.04.20-20.00.33:629][  0]LogD3D11RHI: Chosen D3D11 Adapter: 0
[2017.04.20-20.00.33:633][  0]LogD3D11RHI: Creating new Direct3DDevice
[2017.04.20-20.00.33:633][  0]LogD3D11RHI:     GPU DeviceId: 0x67b0 (for the marketing name, search the web for "GPU Device Id")
[2017.04.20-20.00.33:633][  0]LogWindows: EnumDisplayDevices:
[2017.04.20-20.00.33:633][  0]LogWindows:    0. 'AMD Radeon R9 200 Series' (P:1 D:1)
[2017.04.20-20.00.33:634][  0]LogWindows:    1. 'AMD Radeon R9 200 Series' (P:0 D:0)
[2017.04.20-20.00.33:634][  0]LogWindows:    2. 'AMD Radeon R9 200 Series' (P:0 D:0)
[2017.04.20-20.00.33:634][  0]LogWindows:    3. 'AMD Radeon R9 200 Series' (P:0 D:0)
[2017.04.20-20.00.33:634][  0]LogWindows:    4. 'AMD Radeon R9 200 Series' (P:0 D:0)
[2017.04.20-20.00.33:634][  0]LogWindows:    5. 'AMD Radeon R9 200 Series' (P:0 D:0)
[2017.04.20-20.00.33:634][  0]LogWindows: DebugString: FoundDriverCount:6 
[2017.04.20-20.00.33:634][  0]LogD3D11RHI:     Adapter Name: AMD Radeon R9 200 Series
[2017.04.20-20.00.33:635][  0]LogD3D11RHI:   Driver Version: Crimson ReLive 17.1.1 (internal:21.19.411.0, unified:21.19.411.0)
[2017.04.20-20.00.33:635][  0]LogD3D11RHI:      Driver Date: 1-13-2017
[2017.04.20-20.00.33:635][  0]LogRHI: Texture pool is 1361 MB (70% of 1945 MB)
[2017.04.20-20.00.33:642][  0]LogD3D11RHI: Async texture creation disabled: no driver support
[2017.04.20-20.00.33:654][  0]LogD3D11RHI: GPU Timing Frequency: 27.000000 (Debug: 2 1)
[2017.04.20-20.00.33:655][  0]LogShaderCompilers: Guid format shader working directory is 7 characters bigger than the processId version (C:/Users/Alex/Desktop/Gith/CGT445/Game/Intermediate/Shaders/WorkingDirectory/8120/).
[2017.04.20-20.00.33:655][  0]LogShaderCompilers: Cleaned the shader compiler working directory 'C:/Users/Alex/AppData/Local/Temp/UnrealShaderWorkingDir/D9D5D9DD4B51A822ABFED68A48F7828B/'.
[2017.04.20-20.00.33:655][  0]LogShaderCompilers:Display: Using Local Shader Compiler.
[2017.04.20-20.00.34:380][  0]LogTemp:Display: Loaded TP AllDesktopTargetPlatform
[2017.04.20-20.00.34:386][  0]LogTemp:Display: Loaded TP WindowsClientTargetPlatform
[2017.04.20-20.00.34:393][  0]LogTemp:Display: Loaded TP WindowsNoEditorTargetPlatform
[2017.04.20-20.00.34:399][  0]LogTemp:Display: Loaded TP WindowsServerTargetPlatform
[2017.04.20-20.00.34:406][  0]LogTemp:Display: Loaded TP WindowsTargetPlatform
[2017.04.20-20.00.34:412][  0]LogTemp:Display: Loaded TP AndroidTargetPlatform
[2017.04.20-20.00.34:418][  0]LogTemp:Display: Loaded TP Android_ASTCTargetPlatform
[2017.04.20-20.00.34:424][  0]LogTemp:Display: Loaded TP Android_ATCTargetPlatform
[2017.04.20-20.00.34:430][  0]LogTemp:Display: Loaded TP Android_DXTTargetPlatform
[2017.04.20-20.00.34:436][  0]LogTemp:Display: Loaded TP Android_ETC1TargetPlatform
[2017.04.20-20.00.34:442][  0]LogTemp:Display: Loaded TP Android_ETC2TargetPlatform
[2017.04.20-20.00.34:453][  0]LogTemp:Display: Loaded TP Android_MultiTargetPlatform
[2017.04.20-20.00.34:453][  0]LogTemp:Display: Loaded TP Android_PVRTCTargetPlatform
[2017.04.20-20.00.34:454][  0]LogTemp:Display: Loaded TP HTML5TargetPlatform
[2017.04.20-20.00.34:472][  0]LogTemp:Display: Loaded TP IOSTargetPlatform
[2017.04.20-20.00.34:481][  0]LogTemp:Display: Loaded TP TVOSTargetPlatform
[2017.04.20-20.00.34:494][  0]LogTemp:Display: Loaded TP LinuxNoEditorTargetPlatform
[2017.04.20-20.00.34:506][  0]LogTemp:Display: Loaded TP LinuxServerTargetPlatform
[2017.04.20-20.00.34:512][  0]LogTemp:Display: Loaded TP LinuxTargetPlatform
[2017.04.20-20.00.34:512][  0]LogTargetPlatformManager:Display: Building Assets For Windows
[2017.04.20-20.00.34:563][  0]LogDerivedDataCache:Display: Max Cache Size: 512 MB
[2017.04.20-20.00.34:603][  0]LogDerivedDataCache: Loaded boot cache 0.04s 48MB C:/Users/Alex/AppData/Local/UnrealEngine/4.12/DerivedDataCache/Boot.ddc.
[2017.04.20-20.00.34:603][  0]LogDerivedDataCache:Display: Loaded Boot cache: C:/Users/Alex/AppData/Local/UnrealEngine/4.12/DerivedDataCache/Boot.ddc
[2017.04.20-20.00.34:604][  0]LogDerivedDataCache: FDerivedDataBackendGraph:  Pak pak cache file C:/Users/Alex/Desktop/Gith/CGT445/Game/DerivedDataCache/DDC.ddp not found, will not use a pak cache.
[2017.04.20-20.00.34:604][  0]LogDerivedDataCache: Unable to find inner node Pak for hierarchical cache Hierarchy.
[2017.04.20-20.00.34:604][  0]LogDerivedDataCache: FDerivedDataBackendGraph:  CompressedPak pak cache file C:/Users/Alex/Desktop/Gith/CGT445/Game/DerivedDataCache/Compressed.ddp not found, will not use a pak cache.
[2017.04.20-20.00.34:604][  0]LogDerivedDataCache: Unable to find inner node CompressedPak for hierarchical cache Hierarchy.
[2017.04.20-20.00.34:617][  0]LogDerivedDataCache:Display: Pak cache opened for reading ../../../Engine/DerivedDataCache/Compressed.ddp.
[2017.04.20-20.00.34:629][  0]LogDerivedDataCache: Using Local data cache path C:/Users/Alex/AppData/Local/UnrealEngine/Common/DerivedDataCache: Writable
[2017.04.20-20.00.34:770][  0]LogInit: Selected Device Profile: [Windows]
[2017.04.20-20.00.34:770][  0]LogContentStreaming: Texture pool size is 0.00 MB
[2017.04.20-20.00.34:885][  0]LogMeshUtilities: No automatic mesh reduction module available
[2017.04.20-20.00.34:885][  0]LogMeshUtilities: No automatic mesh merging module available
[2017.04.20-20.00.34:885][  0]LogMeshUtilities: No distributed automatic mesh merging module available
[2017.04.20-20.00.35:083][  0]LogAssetRegistry: FAssetRegistry took 0.0218 seconds to start up
[2017.04.20-20.00.35:107][  0]LogPackageLocalizationCache: Processed 3 localized package path(s) for 2 prioritized culture(s) in 0.022232 seconds
[2017.04.20-20.00.35:111][  0]LogUObjectArray: 28739 objects as part of root set at end of initial load.
[2017.04.20-20.00.35:111][  0]LogUObjectAllocator: 5855624 out of 0 bytes used by permanent object pool.
[2017.04.20-20.00.35:111][  0]LogUObjectArray: CloseDisregardForGC: 0/0 objects in disregard for GC pool
[2017.04.20-20.00.35:114][  0]LogInit: WinSock: version 1.1 (2.2), MaxSocks=32767, MaxUdp=65467
[2017.04.20-20.00.35:223][  0]LogSlate: SlateFontCache - WITH_FREETYPE: 1, WITH_HARFBUZZ: 1
[2017.04.20-20.00.35:223][  0]LogSlate: SlateFontCache - WITH_FREETYPE: 1, WITH_HARFBUZZ: 1
[2017.04.20-20.00.35:795][  0]LogUdpMessaging: Initializing bridge on interface 0.0.0.0:0 to multicast group 230.0.0.1:6666.
[2017.04.20-20.00.35:966][  0]SourceControl: Info Source control is disabled
[2017.04.20-20.00.35:967][  0]SourceControl: Info Source control is disabled
[2017.04.20-20.00.35:974][  0]SourceControl: Info Source control is disabled
[2017.04.20-20.00.35:981][  0]SourceControl: Info Source control is disabled
[2017.04.20-20.00.36:145][  0]LogEngine: Initializing Engine...
[2017.04.20-20.00.36:145][  0]LogHMD: SteamVR failed to initialize.  Err: 110
[2017.04.20-20.00.36:146][  0]LogHMD: SteamVR failed to initialize.  Err: 110
[2017.04.20-20.00.36:251][  0]LogAIModule: Creating AISystem for world NewWorld
[2017.04.20-20.00.36:258][  0]LogInit: XAudio2 using 'Speakers (Realtek High Definition Audio)' : 2 channels at 48 kHz using 32 bits per sample (channel mask 0x3)
[2017.04.20-20.00.36:269][  0]LogInit: FAudioDevice initialized.
[2017.04.20-20.00.36:290][  0]LogDerivedDataCache: Saved boot cache 0.02s 48MB C:/Users/Alex/AppData/Local/UnrealEngine/4.12/DerivedDataCache/Boot.ddc.
[2017.04.20-20.00.36:296][  0]LogInit: Texture streaming: Enabled
[2017.04.20-20.00.36:310][  0]LogInit: Transaction tracking system initialized
[2017.04.20-20.00.36:321][  0]BlueprintLog: New page: Editor Load
[2017.04.20-20.00.36:359][  0]LocalizationService: Info Localization service is disabled
[2017.04.20-20.00.36:403][  0]LogConsoleResponse:Display: 
[2017.04.20-20.00.36:475][  0]LogCook:Display: Max memory allowance for cook 8192mb
[2017.04.20-20.00.36:475][  0]LogCook:Display: Mobile HDR setting 1
[2017.04.20-20.00.36:542][  0]LogFileCache: Scanning file cache for directory 'C:/Users/Alex/Desktop/Gith/CGT445/Game/Content/' took 0.02s
[2017.04.20-20.00.36:542][  0]SourceControl: Info Source control is disabled
[2017.04.20-20.00.36:542][  0]Cmd: MAP LOAD FILE="C:/Users/Alex/Desktop/Gith/CGT445/Game/Content/FirstPersonBP/Maps/FirstPersonExampleMap.umap" TEMPLATE=0 SHOWPROGRESS=1 FEATURELEVEL=3
[2017.04.20-20.00.36:542][  0]LogEditorServer:Warning: Can't find file 'C:/Users/Alex/Desktop/Gith/CGT445/Game/Content/FirstPersonBP/Maps/FirstPersonExampleMap.umap'
[2017.04.20-20.00.36:542][  0]Cmd: MAP CHECKDEP NOCLEARLOG
[2017.04.20-20.00.36:575][  0]MapCheck: Info Map check complete: 0 Error(s), 0 Warning(s), took 33.379ms to complete.
[2017.04.20-20.00.36:576][  0]LogFileHelpers: Loading map 'FirstPersonExampleMap' took 0.034
[2017.04.20-20.00.36:677][  0]LogCollectionManager: Loaded 0 collections in 0.000699 seconds
[2017.04.20-20.00.36:714][  0]LogFileCache: Scanning file cache for directory 'C:/Users/Alex/Desktop/Gith/CGT445/Game/Saved/Collections/' took 0.01s
[2017.04.20-20.00.36:714][  0]LogFileCache: Scanning file cache for directory 'C:/Users/Alex/Desktop/Gith/CGT445/Game/Content/Developers/Alex/Collections/' took 0.01s
[2017.04.20-20.00.36:714][  0]LogFileCache: Scanning file cache for directory 'C:/Users/Alex/Desktop/Gith/CGT445/Game/Content/Collections/' took 0.01s
[2017.04.20-20.00.36:714][  0]LogCollectionManager: Rebuilt the GUID cache for 0 collections in 0.000002 seconds
[2017.04.20-20.00.36:720][  0]LogContentBrowser: Native class hierarchy populated in 0.0062 seconds. Added 2047 classes and 369 folders.
[2017.04.20-20.00.36:722][  0]LogStats: UGameplayTagsManager::ConstructGameplayTagTree: Construct from data asset -  0.000 s
[2017.04.20-20.00.36:722][  0]LogStats: UGameplayTagsManager::ConstructGameplayTagTree: GameplayTagTreeChangedEvent.Broadcast -  0.000 s
[2017.04.20-20.00.36:723][  0]LogContentBrowser: Native class hierarchy updated for 'GameplayTags' in 0.0003 seconds. Added 12 classes and 0 folders.
[2017.04.20-20.00.36:726][  0]LogContentBrowser: Native class hierarchy updated for 'WidgetCarousel' in 0.0005 seconds. Added 0 classes and 0 folders.
[2017.04.20-20.00.36:787][  0]LogContentBrowser: Native class hierarchy updated for 'AddContentDialog' in 0.0003 seconds. Added 0 classes and 0 folders.
[2017.04.20-20.00.36:789][  0]LogContentBrowser: Native class hierarchy updated for 'SceneOutliner' in 0.0002 seconds. Added 1 classes and 2 folders.
[2017.04.20-20.00.36:822][  0]LogCrashTracker: Crashtracker disabled due to settings.
[2017.04.20-20.00.36:825][  0]LogUObjectGlobals:Warning: Failed to find object 'Class None.'
[2017.04.20-20.00.36:851][  0]LogContentBrowser: Native class hierarchy updated for 'HierarchicalLODOutliner' in 0.0006 seconds. Added 1 classes and 2 folders.
[2017.04.20-20.00.36:851][  0]LogLoad: Full Startup: 5.97 seconds (BP compile: 0.00 seconds)
[2017.04.20-20.00.36:851][  0]LogExternalProfiler: No external profilers were discovered.  External profiling features will not be available.
[2017.04.20-20.00.36:862][  0]LogWindowsTextInputMethodSystem:Display: IME system now deactivated.
[2017.04.20-20.00.36:862][  0]LogOcInput: OculusInput pre-init called
[2017.04.20-20.00.36:880][  0]LogContentStreaming: Texture pool size now 1000 MB
[2017.04.20-20.00.37:024][  0]LogRenderer: Reallocating scene render targets to support 772x468 (Frame:2).
[2017.04.20-20.00.37:082][  1]LogAssetRegistry: Asset discovery search completed in 2.0206 seconds
[2017.04.20-20.00.37:082][  1]LogCollectionManager: Rebuilt the object cache for 0 collections in 0.000001 seconds (found 0 objects)
[2017.04.20-20.00.37:082][  1]LogCollectionManager: Fixed up redirectors for 0 collections in 0.000022 seconds (updated 0 objects)
[2017.04.20-20.00.41:714][434]LogAIModule: Creating AISystem for world BarebonesCafeteria
[2017.04.20-20.00.41:762][434]Cmd: MAP LOAD FILE="C:/Users/Alex/Desktop/Gith/CGT445/Game/Content/Maps/BarebonesCafeteria.umap" TEMPLATE=0 SHOWPROGRESS=1 FEATURELEVEL=3
[2017.04.20-20.00.41:762][434]LightingResults: New page: Lighting Build
[2017.04.20-20.00.41:763][434]LogContentBrowser: Native class hierarchy updated for 'StatsViewer' in 0.0005 seconds. Added 5 classes and 0 folders.
[2017.04.20-20.00.41:764][434]LoadErrors: New page: Loading map: BarebonesCafeteria.umap
[2017.04.20-20.00.41:764][434]MapCheck: New page: Map Check
[2017.04.20-20.00.41:764][434]LightingResults: New page: Lighting Build
[2017.04.20-20.00.41:822][434]LogEditorServer: Finished looking for orphan Actors (0.000 secs)
[2017.04.20-20.00.41:846][434]Cmd: MAP CHECKDEP NOCLEARLOG
[2017.04.20-20.00.41:902][434]MapCheck: Info Map check complete: 0 Error(s), 0 Warning(s), took 56.405ms to complete.
[2017.04.20-20.00.41:902][434]LogFileHelpers: Loading map 'BarebonesCafeteria' took 0.142
[2017.04.20-20.00.43:524][618]LogRenderer: Reallocating scene render targets to support 952x576 (Frame:7).
[2017.04.20-20.01.25:468][666]LogEditorViewport: Clicking on Actor (LMB): StaticMeshActor (grape)
[2017.04.20-20.01.30:301][239]LogEditorViewport: Clicking on Actor (context menu): StaticMeshActor (grape)
[2017.04.20-20.01.41:265][858]LogEditorViewport: Clicking on Actor (context menu): StaticMeshActor (Floor_400x400)
[2017.04.20-20.01.59:047][933]LogEditorViewport: Clicking on Actor (LMB): StaticMeshActor (grape)
[2017.04.20-20.02.06:909][809]LogEditorViewport: Clicking on Actor (LMB): StaticMeshActor (Floor_400x400)
[2017.04.20-20.02.18:681][178]LogActorFactory: Actor Factory created marshmallow_thing
[2017.04.20-20.02.18:794][187]LogActorFactory: Actor Factory created marshmallow_thing
[2017.04.20-20.02.24:464][841]LogMaterial: Missing cached shader map for material marshmallow_Mat, compiling. 
[2017.04.20-20.02.36:959][208]LogPlayLevel: PlayLevel: No blueprints needed recompiling
[2017.04.20-20.02.36:980][208]PIE: New page: PIE session: BarebonesCafeteria (Apr 20, 2017, 11:02:36 AM)
[2017.04.20-20.02.36:980][208]LogPlayLevel: Creating play world package: /Game/Maps/UEDPIE_0_BarebonesCafeteria
[2017.04.20-20.02.36:985][208]LogPlayLevel: PIE: StaticDuplicateObject took: (0.004535s)
[2017.04.20-20.02.36:986][208]LogAIModule: Creating AISystem for world BarebonesCafeteria
[2017.04.20-20.02.36:986][208]LogPlayLevel: PIE: World Init took: (0.000605s)
[2017.04.20-20.02.36:986][208]LogPlayLevel: PIE: Created PIE world by copying editor world from /Game/Maps/BarebonesCafeteria.BarebonesCafeteria to /Game/Maps/UEDPIE_0_BarebonesCafeteria.BarebonesCafeteria (0.005382s)
[2017.04.20-20.02.37:000][208]LogInit: XAudio2 using 'Speakers (Realtek High Definition Audio)' : 2 channels at 48 kHz using 32 bits per sample (channel mask 0x3)
[2017.04.20-20.02.37:012][208]LogInit: FAudioDevice initialized.
[2017.04.20-20.02.37:144][208]LogWorld: Game class is 'FoodFightersGM_C'
[2017.04.20-20.02.37:203][208]LogWorld: Bringing World /Game/Maps/UEDPIE_0_BarebonesCafeteria.BarebonesCafeteria up for play (max tick rate 0) at 2017.04.20-16.02.37
[2017.04.20-20.02.37:204][208]LogWorld: Bringing up level for play took: 0.008406
[2017.04.20-20.02.37:246][208]LogContentBrowser: Native class hierarchy updated for 'MovieSceneCapture' in 0.0009 seconds. Added 11 classes and 0 folders.
[2017.04.20-20.02.37:280][208]LogPlayerManagement:Error: Failed to Create Player: A local player already exists for controller ID 0,
[2017.04.20-20.02.37:323][208]PIE: Info Play in editor start time for /Game/Maps/UEDPIE_0_BarebonesCafeteria -0.27
[2017.04.20-20.03.18:236][472]LogEditorViewport: Clicking on Actor (LMB): StaticMeshActor (marshmallow_thing)
[2017.04.20-20.03.21:211][825]LogEditorViewport: Clicking on Actor (LMB): StaticMeshActor (marshmallow_thing)
[2017.04.20-20.03.30:222][874]LogEditorViewport: Clicking on Actor (context menu): StaticMeshActor (Wall_500x544)
[2017.04.20-20.03.30:611][913]LogEditorViewport: Clicking on Actor (context menu): StaticMeshActor (marshmallow_thing)
[2017.04.20-20.03.31:245][981]LogEditorViewport: Clicking on Actor (LMB): StaticMeshActor (marshmallow_thing)
[2017.04.20-20.04.08:226][537]LogContentBrowser: Native class hierarchy updated for 'BlueprintGraph' in 0.0008 seconds. Added 111 classes and 0 folders.
[2017.04.20-20.04.21:804][596]LogRenderer: Reallocating scene render targets to support 1144x712 (Frame:8542).
[2017.04.20-20.04.58:123][386]LogMetaData: Removing '/Game/Blueprints/SecondPlayer_Char.SKEL_SecondPlayer_Char_C:InpAxisEvt_Turn_K2Node_InputAxisEvent_157' ref from Metadata '/Game/FirstPersonBP/Blueprints/SecondPlayer_Char.PackageMetaData'
[2017.04.20-20.04.58:123][386]LogMetaData: Removing '/Game/Blueprints/SecondPlayer_Char.SKEL_SecondPlayer_Char_C:InpAxisEvt_LookUp_K2Node_InputAxisEvent_172' ref from Metadata '/Game/FirstPersonBP/Blueprints/SecondPlayer_Char.PackageMetaData'
[2017.04.20-20.04.58:123][386]LogMetaData: Removing '/Game/Blueprints/SecondPlayer_Char.SKEL_SecondPlayer_Char_C:InpAxisEvt_MoveForward_K2Node_InputAxisEvent_181' ref from Metadata '/Game/FirstPersonBP/Blueprints/SecondPlayer_Char.PackageMetaData'
[2017.04.20-20.04.58:123][386]LogMetaData: Removing '/Game/Blueprints/SecondPlayer_Char.SKEL_SecondPlayer_Char_C:InpAxisEvt_MoveRight_K2Node_InputAxisEvent_192' ref from Metadata '/Game/FirstPersonBP/Blueprints/SecondPlayer_Char.PackageMetaData'
[2017.04.20-20.04.58:123][386]LogMetaData: Removing '/Game/Blueprints/SecondPlayer_Char.SKEL_SecondPlayer_Char_C:InpAxisEvt_TurnRate_K2Node_InputAxisEvent_34' ref from Metadata '/Game/FirstPersonBP/Blueprints/SecondPlayer_Char.PackageMetaData'
[2017.04.20-20.04.58:123][386]LogMetaData: Removing '/Game/Blueprints/SecondPlayer_Char.SKEL_SecondPlayer_Char_C:InpAxisEvt_LookUpRate_K2Node_InputAxisEvent_62' ref from Metadata '/Game/FirstPersonBP/Blueprints/SecondPlayer_Char.PackageMetaData'
[2017.04.20-20.04.58:123][386]LogMetaData: Removing '/Game/Blueprints/SecondPlayer_Char.SKEL_SecondPlayer_Char_C:ExecuteUbergraph_SecondPlayer_Char' ref from Metadata '/Game/FirstPersonBP/Blueprints/SecondPlayer_Char.PackageMetaData'
[2017.04.20-20.04.58:123][386]LogMetaData: Removing '/Game/Blueprints/SecondPlayer_Char.SKEL_SecondPlayer_Char_C:UserConstructionScript' ref from Metadata '/Game/FirstPersonBP/Blueprints/SecondPlayer_Char.PackageMetaData'
[2017.04.20-20.04.58:123][386]LogMetaData: Removing '/Game/Blueprints/SecondPlayer_Char.SKEL_SecondPlayer_Char_C:ReceiveBeginPlay' ref from Metadata '/Game/FirstPersonBP/Blueprints/SecondPlayer_Char.PackageMetaData'
[2017.04.20-20.04.58:123][386]LogMetaData: Removing '/Game/Blueprints/SecondPlayer_Char.SKEL_SecondPlayer_Char_C:StaticMesh' ref from Metadata '/Game/FirstPersonBP/Blueprints/SecondPlayer_Char.PackageMetaData'
[2017.04.20-20.04.58:123][386]LogMetaData: Removing '/Game/Blueprints/SecondPlayer_Char.SKEL_SecondPlayer_Char_C:VR_Gun' ref from Metadata '/Game/FirstPersonBP/Blueprints/SecondPlayer_Char.PackageMetaData'
[2017.04.20-20.04.58:123][386]LogMetaData: Removing '/Game/Blueprints/SecondPlayer_Char.SKEL_SecondPlayer_Char_C:VR_Marker' ref from Metadata '/Game/FirstPersonBP/Blueprints/SecondPlayer_Char.PackageMetaData'
[2017.04.20-20.04.58:123][386]LogMetaData: Removing '/Game/Blueprints/SecondPlayer_Char.SKEL_SecondPlayer_Char_C:R_MotionController' ref from Metadata '/Game/FirstPersonBP/Blueprints/SecondPlayer_Char.PackageMetaData'
[2017.04.20-20.04.58:123][386]LogMetaData: Removing '/Game/Blueprints/SecondPlayer_Char.SKEL_SecondPlayer_Char_C:L_MotionController' ref from Metadata '/Game/FirstPersonBP/Blueprints/SecondPlayer_Char.PackageMetaData'
[2017.04.20-20.04.58:123][386]LogMetaData: Removing '/Game/Blueprints/SecondPlayer_Char.SKEL_SecondPlayer_Char_C:Sphere' ref from Metadata '/Game/FirstPersonBP/Blueprints/SecondPlayer_Char.PackageMetaData'
[2017.04.20-20.04.58:123][386]LogMetaData: Removing '/Game/Blueprints/SecondPlayer_Char.SKEL_SecondPlayer_Char_C:FP_Gun' ref from Metadata '/Game/FirstPersonBP/Blueprints/SecondPlayer_Char.PackageMetaData'
[2017.04.20-20.04.58:123][386]LogMetaData: Removing '/Game/Blueprints/SecondPlayer_Char.SKEL_SecondPlayer_Char_C:Mesh2P' ref from Metadata '/Game/FirstPersonBP/Blueprints/SecondPlayer_Char.PackageMetaData'
[2017.04.20-20.04.58:123][386]LogMetaData: Removing '/Game/Blueprints/SecondPlayer_Char.SKEL_SecondPlayer_Char_C:FirstPersonCamera' ref from Metadata '/Game/FirstPersonBP/Blueprints/SecondPlayer_Char.PackageMetaData'
[2017.04.20-20.04.58:123][386]LogMetaData: Removing '/Game/Blueprints/SecondPlayer_Char.SKEL_SecondPlayer_Char_C:GunOffset' ref from Metadata '/Game/FirstPersonBP/Blueprints/SecondPlayer_Char.PackageMetaData'
[2017.04.20-20.04.58:123][386]LogMetaData: Removing '/Game/Blueprints/SecondPlayer_Char.SKEL_SecondPlayer_Char_C:BaseTurnRate' ref from Metadata '/Game/FirstPersonBP/Blueprints/SecondPlayer_Char.PackageMetaData'
[2017.04.20-20.04.58:123][386]LogMetaData: Removing '/Game/Blueprints/SecondPlayer_Char.SKEL_SecondPlayer_Char_C:BaseLookUpRate' ref from Metadata '/Game/FirstPersonBP/Blueprints/SecondPlayer_Char.PackageMetaData'
[2017.04.20-20.04.58:123][386]LogMetaData: Removing '/Game/Blueprints/SecondPlayer_Char.SKEL_SecondPlayer_Char_C:UsingMotionControllers?' ref from Metadata '/Game/FirstPersonBP/Blueprints/SecondPlayer_Char.PackageMetaData'
[2017.04.20-20.04.58:123][386]LogMetaData: Removing '/Game/Blueprints/SecondPlayer_Char.SKEL_SecondPlayer_Char_C' ref from Metadata '/Game/FirstPersonBP/Blueprints/SecondPlayer_Char.PackageMetaData'
[2017.04.20-20.04.58:123][386]LogMetaData: Removing '/Game/Blueprints/SecondPlayer_Char.SecondPlayer_Char_C' ref from Metadata '/Game/FirstPersonBP/Blueprints/SecondPlayer_Char.PackageMetaData'
[2017.04.20-20.04.58:123][386]LogMetaData: Removing '/Game/Blueprints/SecondPlayer_Char.SecondPlayer_Char_C:UsingMotionControllers?' ref from Metadata '/Game/FirstPersonBP/Blueprints/SecondPlayer_Char.PackageMetaData'
[2017.04.20-20.04.58:123][386]LogMetaData: Removing '/Game/Blueprints/SecondPlayer_Char.SecondPlayer_Char_C:BaseLookUpRate' ref from Metadata '/Game/FirstPersonBP/Blueprints/SecondPlayer_Char.PackageMetaData'
[2017.04.20-20.04.58:123][386]LogMetaData: Removing '/Game/Blueprints/SecondPlayer_Char.SecondPlayer_Char_C:BaseTurnRate' ref from Metadata '/Game/FirstPersonBP/Blueprints/SecondPlayer_Char.PackageMetaData'
[2017.04.20-20.04.58:123][386]LogMetaData: Removing '/Game/Blueprints/SecondPlayer_Char.SecondPlayer_Char_C:GunOffset' ref from Metadata '/Game/FirstPersonBP/Blueprints/SecondPlayer_Char.PackageMetaData'
[2017.04.20-20.04.58:123][386]LogMetaData: Removing '/Game/Blueprints/SecondPlayer_Char.SecondPlayer_Char_C:FirstPersonCamera' ref from Metadata '/Game/FirstPersonBP/Blueprints/SecondPlayer_Char.PackageMetaData'
[2017.04.20-20.04.58:123][386]LogMetaData: Removing '/Game/Blueprints/SecondPlayer_Char.SecondPlayer_Char_C:Mesh2P' ref from Metadata '/Game/FirstPersonBP/Blueprints/SecondPlayer_Char.PackageMetaData'
[2017.04.20-20.04.58:123][386]LogMetaData: Removing '/Game/Blueprints/SecondPlayer_Char.SecondPlayer_Char_C:FP_Gun' ref from Metadata '/Game/FirstPersonBP/Blueprints/SecondPlayer_Char.PackageMetaData'
[2017.04.20-20.04.58:123][386]LogMetaData: Removing '/Game/Blueprints/SecondPlayer_Char.SecondPlayer_Char_C:Sphere' ref from Metadata '/Game/FirstPersonBP/Blueprints/SecondPlayer_Char.PackageMetaData'
[2017.04.20-20.04.58:123][386]LogMetaData: Removing '/Game/Blueprints/SecondPlayer_Char.SecondPlayer_Char_C:L_MotionController' ref from Metadata '/Game/FirstPersonBP/Blueprints/SecondPlayer_Char.PackageMetaData'
[2017.04.20-20.04.58:123][386]LogMetaData: Removing '/Game/Blueprints/SecondPlayer_Char.SecondPlayer_Char_C:R_MotionController' ref from Metadata '/Game/FirstPersonBP/Blueprints/SecondPlayer_Char.PackageMetaData'
[2017.04.20-20.04.58:123][386]LogMetaData: Removing '/Game/Blueprints/SecondPlayer_Char.SecondPlayer_Char_C:VR_Marker' ref from Metadata '/Game/FirstPersonBP/Blueprints/SecondPlayer_Char.PackageMetaData'
[2017.04.20-20.04.58:123][386]LogMetaData: Removing '/Game/Blueprints/SecondPlayer_Char.SecondPlayer_Char_C:VR_Gun' ref from Metadata '/Game/FirstPersonBP/Blueprints/SecondPlayer_Char.PackageMetaData'
[2017.04.20-20.04.58:123][386]LogMetaData: Removing '/Game/Blueprints/SecondPlayer_Char.SecondPlayer_Char_C:StaticMesh' ref from Metadata '/Game/FirstPersonBP/Blueprints/SecondPlayer_Char.PackageMetaData'
[2017.04.20-20.04.58:123][386]LogMetaData: Removing '/Game/Blueprints/SecondPlayer_Char.SecondPlayer_Char_C:ReceiveBeginPlay' ref from Metadata '/Game/FirstPersonBP/Blueprints/SecondPlayer_Char.PackageMetaData'
[2017.04.20-20.04.58:123][386]LogMetaData: Removing '/Game/Blueprints/SecondPlayer_Char.SecondPlayer_Char_C:UserConstructionScript' ref from Metadata '/Game/FirstPersonBP/Blueprints/SecondPlayer_Char.PackageMetaData'
[2017.04.20-20.04.58:123][386]LogMetaData: Removing '/Game/Blueprints/SecondPlayer_Char.SecondPlayer_Char_C:ExecuteUbergraph_SecondPlayer_Char' ref from Metadata '/Game/FirstPersonBP/Blueprints/SecondPlayer_Char.PackageMetaData'
[2017.04.20-20.04.58:123][386]LogMetaData: Removing '/Game/Blueprints/SecondPlayer_Char.SecondPlayer_Char_C:InpAxisEvt_LookUpRate_K2Node_InputAxisEvent_62' ref from Metadata '/Game/FirstPersonBP/Blueprints/SecondPlayer_Char.PackageMetaData'
[2017.04.20-20.04.58:123][386]LogMetaData: Removing '/Game/Blueprints/SecondPlayer_Char.SecondPlayer_Char_C:InpAxisEvt_TurnRate_K2Node_InputAxisEvent_34' ref from Metadata '/Game/FirstPersonBP/Blueprints/SecondPlayer_Char.PackageMetaData'
[2017.04.20-20.04.58:123][386]LogMetaData: Removing '/Game/Blueprints/SecondPlayer_Char.SecondPlayer_Char_C:InpAxisEvt_MoveRight_K2Node_InputAxisEvent_192' ref from Metadata '/Game/FirstPersonBP/Blueprints/SecondPlayer_Char.PackageMetaData'
[2017.04.20-20.04.58:123][386]LogMetaData: Removing '/Game/Blueprints/SecondPlayer_Char.SecondPlayer_Char_C:InpAxisEvt_MoveForward_K2Node_InputAxisEvent_181' ref from Metadata '/Game/FirstPersonBP/Blueprints/SecondPlayer_Char.PackageMetaData'
[2017.04.20-20.04.58:123][386]LogMetaData: Removing '/Game/Blueprints/SecondPlayer_Char.SecondPlayer_Char_C:InpAxisEvt_LookUp_K2Node_InputAxisEvent_172' ref from Metadata '/Game/FirstPersonBP/Blueprints/SecondPlayer_Char.PackageMetaData'
[2017.04.20-20.04.58:123][386]LogMetaData: Removing '/Game/Blueprints/SecondPlayer_Char.SecondPlayer_Char_C:InpAxisEvt_Turn_K2Node_InputAxisEvent_157' ref from Metadata '/Game/FirstPersonBP/Blueprints/SecondPlayer_Char.PackageMetaData'
[2017.04.20-20.04.58:123][386]LogMetaData: Removing '/Game/Blueprints/SecondPlayer_Char.SecondPlayer_Char_C:InpTchEvt_K2Node_InputTouchEvent_1' ref from Metadata '/Game/FirstPersonBP/Blueprints/SecondPlayer_Char.PackageMetaData'
[2017.04.20-20.04.58:155][386]Cmd: OBJ SAVEPACKAGE PACKAGE="/Game/Blueprints/SecondPlayer_Char" FILE="C:/Users/Alex/Desktop/Gith/CGT445/Game/Content/Blueprints/SecondPlayer_Char.uasset" SILENT=true
[2017.04.20-20.04.58:245][386]LogSavePackage: Save=88.81ms
[2017.04.20-20.04.58:245][386]LogSavePackage: Moving 'C:/Users/Alex/Desktop/Gith/CGT445/Game/Saved/SecondPlayer_Char8BE467894B1E3727BD5EC6BC1331DEE7.tmp' to 'C:/Users/Alex/Desktop/Gith/CGT445/Game/Content/Blueprints/SecondPlayer_Char.uasset'
[2017.04.20-20.04.58:249][386]LogSavePackage:Display: Finished SavePackage C:/Users/Alex/Desktop/Gith/CGT445/Game/Content/Blueprints/SecondPlayer_Char.uasset
[2017.04.20-20.06.13:928][711]LogEditorTransaction: Undo Modify Component(s)
[2017.04.20-20.15.04:468][561]LogSavePackage: Save=88.88ms
[2017.04.20-20.15.04:468][561]LogSavePackage: Moving 'C:/Users/Alex/Desktop/Gith/CGT445/Game/Saved/BarebonesCafeteria_Auto1DFC8AB4440BD475C1EC6EF82BC1F2B38.tmp' to 'C:/Users/Alex/Desktop/Gith/CGT445/Game/Saved/Autosaves/Game/Maps/BarebonesCafeteria_Auto1.umap'
[2017.04.20-20.15.04:469][561]LogSavePackage:Display: Finished SavePackage C:/Users/Alex/Desktop/Gith/CGT445/Game/Saved/Autosaves/Game/Maps/BarebonesCafeteria_Auto1.umap
[2017.04.20-20.15.04:472][561]LogFileHelpers: Editor autosave (incl. sublevels) for '/Game/Maps/BarebonesCafeteria' took 0.180
[2017.04.20-20.15.04:472][561]LogFileHelpers: Editor autosave (incl. sublevels) for all levels took 0.180
[2017.04.20-20.15.04:474][561]OBJ SavePackage: Generating thumbnails for [1] asset(s) in package [/Game/Meshs/food/marshmallow_Mat] ([1] browsable assets)...
[2017.04.20-20.15.04:486][561]OBJ SavePackage:     Rendered thumbnail for [Material /Game/Meshs/food/marshmallow_Mat.marshmallow_Mat]
[2017.04.20-20.15.04:486][561]OBJ SavePackage: Finished generating thumbnails for package [/Game/Meshs/food/marshmallow_Mat]
[2017.04.20-20.15.04:486][561]Cmd: OBJ SAVEPACKAGE PACKAGE="/Game/Meshs/food/marshmallow_Mat" FILE="C:/Users/Alex/Desktop/Gith/CGT445/Game/Saved/Autosaves/Game/Meshs/food/marshmallow_Mat_Auto1.uasset" SILENT=false AUTOSAVING=true
[2017.04.20-20.15.04:499][561]LogSavePackage: Save=11.19ms
[2017.04.20-20.15.04:499][561]LogSavePackage: Moving 'C:/Users/Alex/Desktop/Gith/CGT445/Game/Saved/marshmallow_Mat_Auto16B5F7DA046BB22E26623CBA4B3B330CA.tmp' to 'C:/Users/Alex/Desktop/Gith/CGT445/Game/Saved/Autosaves/Game/Meshs/food/marshmallow_Mat_Auto1.uasset'
[2017.04.20-20.15.04:500][561]LogSavePackage:Display: Finished SavePackage C:/Users/Alex/Desktop/Gith/CGT445/Game/Saved/Autosaves/Game/Meshs/food/marshmallow_Mat_Auto1.uasset
[2017.04.20-20.15.04:504][561]LogSavePackage: Save=3.16ms
[2017.04.20-20.15.04:504][561]LogSavePackage: Moving 'C:/Users/Alex/Desktop/Gith/CGT445/Game/Saved/SecondPlayer_Char_Auto1AABFB91D42EADEC2D272C992636F9A6D.tmp' to 'C:/Users/Alex/Desktop/Gith/CGT445/Game/Saved/Autosaves/Game/FirstPersonBP/Blueprints/SecondPlayer_Char_Auto1.uasset'
[2017.04.20-20.15.04:505][561]LogSavePackage:Display: Finished SavePackage C:/Users/Alex/Desktop/Gith/CGT445/Game/Saved/Autosaves/Game/FirstPersonBP/Blueprints/SecondPlayer_Char_Auto1.uasset
[2017.04.20-20.15.04:505][561]OBJ SavePackage: Generating thumbnails for [1] asset(s) in package [/Game/Blueprints/SecondPlayer_Char] ([1] browsable assets)...
[2017.04.20-20.15.04:518][561]OBJ SavePackage:     Rendered thumbnail for [Blueprint /Game/Blueprints/SecondPlayer_Char.SecondPlayer_Char]
[2017.04.20-20.15.04:518][561]OBJ SavePackage: Finished generating thumbnails for package [/Game/Blueprints/SecondPlayer_Char]
[2017.04.20-20.15.04:518][561]Cmd: OBJ SAVEPACKAGE PACKAGE="/Game/Blueprints/SecondPlayer_Char" FILE="C:/Users/Alex/Desktop/Gith/CGT445/Game/Saved/Autosaves/Game/Blueprints/SecondPlayer_Char_Auto1.uasset" SILENT=false AUTOSAVING=true
[2017.04.20-20.15.04:607][561]LogSavePackage: Save=70.47ms
[2017.04.20-20.15.04:607][561]LogSavePackage: Moving 'C:/Users/Alex/Desktop/Gith/CGT445/Game/Saved/SecondPlayer_Char_Auto1F12DAD1C4842B23E9661A4BE69B3CD1B.tmp' to 'C:/Users/Alex/Desktop/Gith/CGT445/Game/Saved/Autosaves/Game/Blueprints/SecondPlayer_Char_Auto1.uasset'
[2017.04.20-20.15.04:609][561]LogSavePackage:Display: Finished SavePackage C:/Users/Alex/Desktop/Gith/CGT445/Game/Saved/Autosaves/Game/Blueprints/SecondPlayer_Char_Auto1.uasset
[2017.04.20-20.15.04:609][561]LogFileHelpers: Auto-saving content packages took 0.136
[2017.04.20-20.23.01:579][811]Cmd: OBJ SAVEPACKAGE PACKAGE="/Game/Blueprints/SecondPlayer_Char" FILE="C:/Users/Alex/Desktop/Gith/CGT445/Game/Content/Blueprints/SecondPlayer_Char.uasset" SILENT=true
[2017.04.20-20.23.01:667][811]LogSavePackage: Save=66.52ms
[2017.04.20-20.23.01:667][811]LogSavePackage: Moving 'C:/Users/Alex/Desktop/Gith/CGT445/Game/Saved/SecondPlayer_Char3CFB8E094765760BDC76C7B3040E4EF2.tmp' to 'C:/Users/Alex/Desktop/Gith/CGT445/Game/Content/Blueprints/SecondPlayer_Char.uasset'
[2017.04.20-20.23.01:673][811]LogSavePackage:Display: Finished SavePackage C:/Users/Alex/Desktop/Gith/CGT445/Game/Content/Blueprints/SecondPlayer_Char.uasset
[2017.04.20-20.23.01:676][811]Cmd: OBJ SAVEPACKAGE PACKAGE="/Game/FirstPersonBP/Blueprints/SecondPlayer_Char" FILE="C:/Users/Alex/Desktop/Gith/CGT445/Game/Content/FirstPersonBP/Blueprints/SecondPlayer_Char.uasset" SILENT=true
[2017.04.20-20.23.01:682][811]LogSavePackage: Save=3.33ms
[2017.04.20-20.23.01:682][811]LogSavePackage: Moving 'C:/Users/Alex/Desktop/Gith/CGT445/Game/Saved/SecondPlayer_Char64102D5B4EDC64F337033D96787BFC25.tmp' to 'C:/Users/Alex/Desktop/Gith/CGT445/Game/Content/FirstPersonBP/Blueprints/SecondPlayer_Char.uasset'
[2017.04.20-20.23.01:687][811]LogSavePackage:Display: Finished SavePackage C:/Users/Alex/Desktop/Gith/CGT445/Game/Content/FirstPersonBP/Blueprints/SecondPlayer_Char.uasset
[2017.04.20-20.23.01:750][811]Cmd: OBJ SAVEPACKAGE PACKAGE="/Game/Maps/BarebonesCafeteria" FILE="C:/Users/Alex/Desktop/Gith/CGT445/Game/Content/Maps/BarebonesCafeteria.umap" SILENT=true AUTOSAVING=false KEEPDIRTY=false
[2017.04.20-20.23.01:919][811]LogSavePackage: Save=130.35ms
[2017.04.20-20.23.01:919][811]LogSavePackage: Moving 'C:/Users/Alex/Desktop/Gith/CGT445/Game/Saved/BarebonesCafeteriaD87219E74637809AED495385D88A001B.tmp' to 'C:/Users/Alex/Desktop/Gith/CGT445/Game/Content/Maps/BarebonesCafeteria.umap'
[2017.04.20-20.23.01:923][811]LogSavePackage:Display: Finished SavePackage C:/Users/Alex/Desktop/Gith/CGT445/Game/Content/Maps/BarebonesCafeteria.umap
[2017.04.20-20.23.01:950][811]LogFileHelpers: Saving map 'BarebonesCafeteria' took 0.261
[2017.04.20-20.23.01:964][811]Cmd: OBJ SAVEPACKAGE PACKAGE="/Game/Meshs/food/marshmallow_Mat" FILE="C:/Users/Alex/Desktop/Gith/CGT445/Game/Content/Meshs/food/marshmallow_Mat.uasset" SILENT=true
[2017.04.20-20.23.02:009][811]LogSavePackage: Save=44.27ms
[2017.04.20-20.23.02:009][811]LogSavePackage: Moving 'C:/Users/Alex/Desktop/Gith/CGT445/Game/Saved/marshmallow_Mat090735BD43C8181BFAD70EA297AFB995.tmp' to 'C:/Users/Alex/Desktop/Gith/CGT445/Game/Content/Meshs/food/marshmallow_Mat.uasset'
[2017.04.20-20.23.02:019][811]LogSavePackage:Display: Finished SavePackage C:/Users/Alex/Desktop/Gith/CGT445/Game/Content/Meshs/food/marshmallow_Mat.uasset
[2017.04.20-20.23.02:360][812]Cmd: QUIT_EDITOR
[2017.04.20-20.23.03:148][812]LogWindowsTextInputMethodSystem:Display: IME system now deactivated.
[2017.04.20-20.23.03:206][812]LogExit: Preparing to exit.
[2017.04.20-20.23.04:414][812]LogActorComponent: UnregisterComponent: (None.None) Not registered. Aborting.
[2017.04.20-20.23.04:414][812]LogActorComponent: UnregisterComponent: (None.None) Not registered. Aborting.
[2017.04.20-20.23.04:414][812]LogActorComponent: UnregisterComponent: (None.None) Not registered. Aborting.
[2017.04.20-20.23.04:491][812]LogExit: Editor shut down
[2017.04.20-20.23.04:491][812]LogExit: Transaction tracking system shut down
[2017.04.20-20.23.04:649][812]LogObj: Freed 0b from 0 cluster array pools.
[2017.04.20-20.23.04:649][812]LogExit: Object subsystem successfully closed.
[2017.04.20-20.23.04:661][812]LogD3D11RHI: Shutdown
[2017.04.20-20.23.04:661][812]LogD3D11RHI: CleanupD3DDevice
[2017.04.20-20.23.04:802][812]LogD3D11RHI: ~FD3D11DynamicRHI
[2017.04.20-20.23.04:821][812]LogModuleManager: Shutting down and abandoning module HierarchicalLODUtilities (216)
[2017.04.20-20.23.04:829][812]LogModuleManager: Shutting down and abandoning module BlueprintGraph (215)
[2017.04.20-20.23.04:829][812]LogModuleManager: Shutting down and abandoning module MovieSceneCapture (214)
[2017.04.20-20.23.04:829][812]LogModuleManager: Shutting down and abandoning module StatsViewer (213)
[2017.04.20-20.23.04:829][812]LogModuleManager: Shutting down and abandoning module HierarchicalLODOutliner (212)
[2017.04.20-20.23.04:829][812]LogModuleManager: Shutting down and abandoning module CrashTracker (211)
[2017.04.20-20.23.04:829][812]LogModuleManager: Shutting down and abandoning module SceneOutliner (210)
[2017.04.20-20.23.04:829][812]LogModuleManager: Shutting down and abandoning module WidgetCarousel (209)
[2017.04.20-20.23.04:829][812]LogModuleManager: Shutting down and abandoning module AddContentDialog (208)
[2017.04.20-20.23.04:830][812]LogModuleManager: Shutting down and abandoning module GameplayTags (207)
[2017.04.20-20.23.04:830][812]LogModuleManager: Shutting down and abandoning module EditorWidgets (206)
[2017.04.20-20.23.04:830][812]LogModuleManager: Shutting down and abandoning module CollectionManager (205)
[2017.04.20-20.23.04:830][812]LogModuleManager: Shutting down and abandoning module FoliageEdit (204)
[2017.04.20-20.23.04:830][812]LogModuleManager: Shutting down and abandoning module LandscapeEditor (203)
[2017.04.20-20.23.04:830][812]LogModuleManager: Shutting down and abandoning module SceneDepthPickerMode (202)
[2017.04.20-20.23.04:830][812]LogModuleManager: Shutting down and abandoning module ActorPickerMode (201)
[2017.04.20-20.23.04:830][812]LogModuleManager: Shutting down and abandoning module GeometryMode (200)
[2017.04.20-20.23.04:830][812]LogModuleManager: Shutting down and abandoning module TextureAlignMode (199)
[2017.04.20-20.23.04:830][812]LogModuleManager: Shutting down and abandoning module BspMode (198)
[2017.04.20-20.23.04:830][812]LogModuleManager: Shutting down and abandoning module HardwareSurvey (197)
[2017.04.20-20.23.04:830][812]LogModuleManager: Shutting down and abandoning module SequenceRecorderSections (196)
[2017.04.20-20.23.04:830][812]LogModuleManager: Shutting down and abandoning module SequenceRecorder (195)
[2017.04.20-20.23.04:830][812]LogModuleManager: Shutting down and abandoning module AutomationWorker (194)
[2017.04.20-20.23.04:830][812]LogModuleManager: Shutting down and abandoning module MatineeToLevelSequence (193)
[2017.04.20-20.23.04:830][812]LogModuleManager: Shutting down and abandoning module PlacementMode (192)
[2017.04.20-20.23.04:830][812]LogModuleManager: Shutting down and abandoning module LevelSequenceEditor (191)
[2017.04.20-20.23.04:831][812]LogModuleManager: Shutting down and abandoning module CharacterAI (190)
[2017.04.20-20.23.04:831][812]LogModuleManager: Shutting down and abandoning module SmartSnapping (189)
[2017.04.20-20.23.04:831][812]LogModuleManager: Shutting down and abandoning module SessionServices (188)
[2017.04.20-20.23.04:831][812]LogModuleManager: Shutting down and abandoning module ViewportSnapping (187)
[2017.04.20-20.23.04:831][812]LogModuleManager: Shutting down and abandoning module LogVisualizer (186)
[2017.04.20-20.23.04:831][812]LogModuleManager: Shutting down and abandoning module GameProjectGeneration (185)
[2017.04.20-20.23.04:831][812]LogModuleManager: Shutting down and abandoning module IntroTutorials (184)
[2017.04.20-20.23.04:831][812]LogModuleManager: Shutting down and abandoning module EditorLiveStreaming (183)
[2017.04.20-20.23.04:831][812]LogModuleManager: Shutting down and abandoning module IOSPlatformEditor (182)
[2017.04.20-20.23.04:831][812]LogModuleManager: Shutting down and abandoning module HTML5PlatformEditor (181)
[2017.04.20-20.23.04:831][812]LogModuleManager: Shutting down and abandoning module AndroidDeviceDetection (180)
[2017.04.20-20.23.04:933][812]LogModuleManager: Shutting down and abandoning module AndroidPlatformEditor (179)
[2017.04.20-20.23.04:933][812]LogModuleManager: Shutting down and abandoning module IOSRuntimeSettings (178)
[2017.04.20-20.23.04:933][812]LogModuleManager: Shutting down and abandoning module AndroidRuntimeSettings (177)
[2017.04.20-20.23.04:933][812]LogModuleManager: Shutting down and abandoning module MergeActors (176)
[2017.04.20-20.23.04:933][812]LogModuleManager: Shutting down and abandoning module SizeMap (175)
[2017.04.20-20.23.04:933][812]LogModuleManager: Shutting down and abandoning module TreeMap (174)
[2017.04.20-20.23.04:933][812]LogModuleManager: Shutting down and abandoning module ReferenceViewer (173)
[2017.04.20-20.23.04:933][812]LogModuleManager: Shutting down and abandoning module LocalizationService (172)
[2017.04.20-20.23.04:933][812]LogModuleManager: Shutting down and abandoning module LocalizationDashboard (171)
[2017.04.20-20.23.04:933][812]LogModuleManager: Shutting down and abandoning module HardwareTargeting (170)
[2017.04.20-20.23.04:933][812]LogModuleManager: Shutting down and abandoning module DeviceProfileEditor (169)
[2017.04.20-20.23.04:933][812]LogModuleManager: Shutting down and abandoning module UndoHistory (168)
[2017.04.20-20.23.04:933][812]LogModuleManager: Shutting down and abandoning module UserFeedback (167)
[2017.04.20-20.23.04:934][812]LogModuleManager: Shutting down and abandoning module XmlParser (166)
[2017.04.20-20.23.04:934][812]LogModuleManager: Shutting down and abandoning module Blutility (165)
[2017.04.20-20.23.04:934][812]LogModuleManager: Shutting down and abandoning module ProjectTargetPlatformEditor (164)
[2017.04.20-20.23.04:934][812]LogModuleManager: Shutting down and abandoning module ProjectSettingsViewer (163)
[2017.04.20-20.23.04:934][812]LogModuleManager: Shutting down and abandoning module InputBindingEditor (162)
[2017.04.20-20.23.04:935][812]LogModuleManager: Shutting down and abandoning module EditorSettingsViewer (161)
[2017.04.20-20.23.04:935][812]LogModuleManager: Shutting down and abandoning module SettingsEditor (160)
[2017.04.20-20.23.04:935][812]LogModuleManager: Shutting down and abandoning module ProjectLauncher (159)
[2017.04.20-20.23.04:935][812]LogModuleManager: Shutting down and abandoning module SessionFrontend (158)
[2017.04.20-20.23.04:935][812]LogModuleManager: Shutting down and abandoning module ProfilerClient (157)
[2017.04.20-20.23.04:935][812]LogModuleManager: Shutting down and abandoning module TargetDeviceServices (156)
[2017.04.20-20.23.04:935][812]LogModuleManager: Shutting down and abandoning module DeviceManager (155)
[2017.04.20-20.23.04:987][812]LogModuleManager: Shutting down and abandoning module AutomationController (154)
[2017.04.20-20.23.04:987][812]LogModuleManager: Shutting down and abandoning module AutomationWindow (153)
[2017.04.20-20.23.04:987][812]LogModuleManager: Shutting down and abandoning module Layers (152)
[2017.04.20-20.23.04:987][812]LogModuleManager: Shutting down and abandoning module ComponentVisualizers (151)
[2017.04.20-20.23.04:987][812]LogModuleManager: Shutting down and abandoning module DetailCustomizations (150)
[2017.04.20-20.23.04:987][812]LogModuleManager: Shutting down and abandoning module PackagesDialog (149)
[2017.04.20-20.23.04:987][812]LogModuleManager: Shutting down and abandoning module Persona (148)
[2017.04.20-20.23.04:987][812]LogModuleManager: Shutting down and abandoning module Kismet (147)
[2017.04.20-20.23.04:988][812]LogModuleManager: Shutting down and abandoning module GraphEditor (146)
[2017.04.20-20.23.04:988][812]LogModuleManager: Shutting down and abandoning module ClassViewer (145)
[2017.04.20-20.23.04:988][812]LogModuleManager: Shutting down and abandoning module Toolbox (144)
[2017.04.20-20.23.04:988][812]LogModuleManager: Shutting down and abandoning module ModuleUI (143)
[2017.04.20-20.23.04:988][812]LogModuleManager: Shutting down and abandoning module MovieSceneTools (142)
[2017.04.20-20.23.04:988][812]LogModuleManager: Shutting down and abandoning module OutputLog (141)
[2017.04.20-20.23.04:988][812]LogModuleManager: Shutting down and abandoning module GammaUI (140)
[2017.04.20-20.23.04:988][812]LogModuleManager: Shutting down and abandoning module Documentation (139)
[2017.04.20-20.23.04:988][812]LogModuleManager: Shutting down and abandoning module StreamingPauseRendering (138)
[2017.04.20-20.23.04:988][812]LogModuleManager: Shutting down and abandoning module AnalyticsET (137)
[2017.04.20-20.23.04:988][812]LogModuleManager: Shutting down and abandoning module Analytics (136)
[2017.04.20-20.23.04:988][812]LogModuleManager: Shutting down and abandoning module PortalServices (135)
[2017.04.20-20.23.04:988][812]LogModuleManager: Shutting down and abandoning module PortalRpc (134)
[2017.04.20-20.23.04:988][812]LogModuleManager: Shutting down and abandoning module MessagingRpc (133)
[2017.04.20-20.23.04:988][812]LogModuleManager: Shutting down and abandoning module GameplayDebugger (132)
[2017.04.20-20.23.04:988][812]LogModuleManager: Shutting down and abandoning module AITestSuite (131)
[2017.04.20-20.23.04:988][812]LogModuleManager: Shutting down and abandoning module AIModule (130)
[2017.04.20-20.23.04:988][812]LogModuleManager: Shutting down and abandoning module ProfilerService (129)
[2017.04.20-20.23.05:225][812]LogModuleManager: Shutting down and abandoning module TaskGraph (128)
[2017.04.20-20.23.05:225][812]LogModuleManager: Shutting down and abandoning module SlateRemote (127)
[2017.04.20-20.23.05:225][812]LogModuleManager: Shutting down and abandoning module SteamVRController (126)
[2017.04.20-20.23.05:225][812]LogModuleManager: Shutting down and abandoning module SteamVR (125)
[2017.04.20-20.23.05:225][812]LogModuleManager: Shutting down and abandoning module ProceduralMeshComponent (124)
[2017.04.20-20.23.05:225][812]LogModuleManager: Shutting down and abandoning module OculusLibrary (123)
[2017.04.20-20.23.05:225][812]LogModuleManager: Shutting down and abandoning module OculusInput (122)
[2017.04.20-20.23.05:226][812]LogModuleManager: Shutting down and abandoning module CustomMeshComponent (121)
[2017.04.20-20.23.05:226][812]LogModuleManager: Shutting down and abandoning module CableComponent (120)
[2017.04.20-20.23.05:226][812]LogModuleManager: Shutting down and abandoning module ArchVisCharacter (119)
[2017.04.20-20.23.05:226][812]LogModuleManager: Shutting down and abandoning module MediaPlayerEditor (118)
[2017.04.20-20.23.05:226][812]LogModuleManager: Shutting down and abandoning module HTML5Networking (117)
[2017.04.20-20.23.05:226][812]LogModuleManager: Shutting down and abandoning module SuperSearch (116)
[2017.04.20-20.23.05:226][812]LogModuleManager: Shutting down and abandoning module SuperSearchEditor (115)
[2017.04.20-20.23.05:226][812]LogModuleManager: Shutting down and abandoning module SpeedTreeImporter (114)
[2017.04.20-20.23.05:226][812]LogModuleManager: Shutting down and abandoning module PluginBrowser (113)
[2017.04.20-20.23.05:226][812]LogModuleManager: Shutting down and abandoning module EpicSurvey (112)
[2017.04.20-20.23.05:226][812]LogModuleManager: Shutting down and abandoning module DesktopPlatform (111)
[2017.04.20-20.23.05:226][812]LogModuleManager: Shutting down and abandoning module VisualStudioSourceCodeAccess (110)
[2017.04.20-20.23.05:226][812]LogModuleManager: Shutting down and abandoning module UObjectPlugin (109)
[2017.04.20-20.23.05:226][812]LogModuleManager: Shutting down and abandoning module SubversionSourceControl (108)
[2017.04.20-20.23.05:226][812]LogModuleManager: Shutting down and abandoning module PerforceSourceControl (107)
[2017.04.20-20.23.05:226][812]LogModuleManager: Shutting down and abandoning module SourceControl (106)
[2017.04.20-20.23.05:227][812]LogModuleManager: Shutting down and abandoning module GitSourceControl (105)
[2017.04.20-20.23.05:227][812]LogModuleManager: Shutting down and abandoning module LightPropagationVolumeEditor (104)
[2017.04.20-20.23.05:227][812]LogModuleManager: Shutting down and abandoning module PaperTiledImporter (103)
[2017.04.20-20.23.05:227][812]LogModuleManager: Shutting down and abandoning module PaperSpriteSheetImporter (102)
[2017.04.20-20.23.05:227][812]LogModuleManager: Shutting down and abandoning module MeshPaint (101)
[2017.04.20-20.23.05:227][812]LogModuleManager: Shutting down and abandoning module PixelInspectorModule (100)
[2017.04.20-20.23.05:227][812]LogModuleManager: Shutting down and abandoning module HotReload (99)
[2017.04.20-20.23.05:228][812]LogModuleManager: Shutting down and abandoning module MainFrame (98)
[2017.04.20-20.23.05:228][812]LogModuleManager: Shutting down and abandoning module LevelEditor (97)
[2017.04.20-20.23.05:231][812]LogModuleManager: Shutting down and abandoning module ContentBrowser (96)
[2017.04.20-20.23.05:233][812]LogModuleManager: Shutting down and abandoning module Paper2DEditor (95)
[2017.04.20-20.23.05:233][812]LogModuleManager: Shutting down and abandoning module UdpMessaging (94)
[2017.04.20-20.23.05:334][812]LogModuleManager: Shutting down and abandoning module LightPropagationVolumeRuntime (93)
[2017.04.20-20.23.05:334][812]LogModuleManager: Shutting down and abandoning module Paper2D (92)
[2017.04.20-20.23.05:334][812]LogModuleManager: Shutting down and abandoning module WindowsMoviePlayer (91)
[2017.04.20-20.23.05:334][812]LogModuleManager: Shutting down and abandoning module Media (90)
[2017.04.20-20.23.05:334][812]LogModuleManager: Shutting down and abandoning module WmfMedia (89)
[2017.04.20-20.23.05:334][812]LogModuleManager: Shutting down and abandoning module MediaAssets (88)
[2017.04.20-20.23.05:334][812]LogModuleManager: Shutting down and abandoning module GameLiveStreaming (87)
[2017.04.20-20.23.05:335][812]LogModuleManager: Shutting down and abandoning module GameplayTagsEditor (86)
[2017.04.20-20.23.05:335][812]LogModuleManager: Shutting down and abandoning module OnlineBlueprintSupport (85)
[2017.04.20-20.23.05:335][812]LogModuleManager: Shutting down and abandoning module VREditor (84)
[2017.04.20-20.23.05:335][812]LogModuleManager: Shutting down and abandoning module GameplayTasksEditor (83)
[2017.04.20-20.23.05:335][812]LogModuleManager: Shutting down and abandoning module PropertyEditor (82)
[2017.04.20-20.23.05:335][812]LogModuleManager: Shutting down and abandoning module BehaviorTreeEditor (81)
[2017.04.20-20.23.05:335][812]LogModuleManager: Shutting down and abandoning module FunctionalTesting (80)
[2017.04.20-20.23.05:335][812]LogModuleManager: Shutting down and abandoning module CollisionAnalyzer (79)
[2017.04.20-20.23.05:335][812]LogModuleManager: Shutting down and abandoning module Sequencer (78)
[2017.04.20-20.23.05:335][812]LogModuleManager: Shutting down and abandoning module WorkspaceMenuStructure (77)
[2017.04.20-20.23.05:335][812]LogModuleManager: Shutting down and abandoning module MessageLog (76)
[2017.04.20-20.23.05:335][812]LogModuleManager: Shutting down and abandoning module AssetTools (75)
[2017.04.20-20.23.05:335][812]LogModuleManager: Shutting down and abandoning module UMGEditor (74)
[2017.04.20-20.23.05:336][812]LogModuleManager: Shutting down and abandoning module UMG (73)
[2017.04.20-20.23.05:336][812]LogModuleManager: Shutting down and abandoning module SlateReflector (72)
[2017.04.20-20.23.05:336][812]LogModuleManager: Shutting down and abandoning module Slate (71)
[2017.04.20-20.23.05:336][812]LogModuleManager: Shutting down and abandoning module EditorStyle (70)
[2017.04.20-20.23.05:342][812]LogModuleManager: Shutting down and abandoning module SourceCodeAccess (69)
[2017.04.20-20.23.05:342][812]LogModuleManager: Shutting down and abandoning module HeadMountedDisplay (68)
[2017.04.20-20.23.05:342][812]LogModuleManager: Shutting down and abandoning module XAudio2 (67)
[2017.04.20-20.23.05:342][812]LogModuleManager: Shutting down and abandoning module Networking (65)
[2017.04.20-20.23.05:342][812]LogModuleManager: Shutting down and abandoning module Core (64)
[2017.04.20-20.23.05:343][812]LogModuleManager: Shutting down and abandoning module DirectoryWatcher (63)
[2017.04.20-20.23.05:344][812]LogModuleManager: Shutting down and abandoning module AssetRegistry (62)
[2017.04.20-20.23.05:533][812]LogModuleManager: Shutting down and abandoning module KismetCompiler (61)
[2017.04.20-20.23.05:533][812]LogModuleManager: Shutting down and abandoning module PhysXFormats (60)
[2017.04.20-20.23.05:533][812]LogModuleManager: Shutting down and abandoning module MeshUtilities (59)
[2017.04.20-20.23.05:533][812]LogModuleManager: Shutting down and abandoning module DerivedDataCache (58)
[2017.04.20-20.23.05:543][812]LogDerivedDataCache: Shutdown
[2017.04.20-20.23.05:543][812]LogModuleManager: Shutting down and abandoning module VulkanShaderFormat (57)
[2017.04.20-20.23.05:543][812]LogModuleManager: Shutting down and abandoning module ShaderFormatOpenGL (56)
[2017.04.20-20.23.05:543][812]LogModuleManager: Shutting down and abandoning module ShaderFormatD3D (55)
[2017.04.20-20.23.05:543][812]LogModuleManager: Shutting down and abandoning module MetalShaderFormat (54)
[2017.04.20-20.23.05:543][812]LogModuleManager: Shutting down and abandoning module TextureFormatUncompressed (53)
[2017.04.20-20.23.05:543][812]LogModuleManager: Shutting down and abandoning module TextureFormatPVR (52)
[2017.04.20-20.23.05:543][812]LogModuleManager: Shutting down and abandoning module TextureFormatIntelISPCTexComp (51)
[2017.04.20-20.23.05:543][812]LogModuleManager: Shutting down and abandoning module TextureFormatDXT (50)
[2017.04.20-20.23.05:543][812]LogModuleManager: Shutting down and abandoning module ImageWrapper (49)
[2017.04.20-20.23.05:543][812]LogModuleManager: Shutting down and abandoning module TextureFormatASTC (48)
[2017.04.20-20.23.05:543][812]LogModuleManager: Shutting down and abandoning module TextureFormatAndroid (47)
[2017.04.20-20.23.05:543][812]LogModuleManager: Shutting down and abandoning module AudioFormatOpus (46)
[2017.04.20-20.23.05:543][812]LogModuleManager: Shutting down and abandoning module AudioFormatOgg (45)
[2017.04.20-20.23.05:543][812]LogModuleManager: Shutting down and abandoning module AudioFormatADPCM (44)
[2017.04.20-20.23.05:543][812]LogModuleManager: Shutting down and abandoning module LinuxTargetPlatform (43)
[2017.04.20-20.23.05:543][812]LogModuleManager: Shutting down and abandoning module LinuxServerTargetPlatform (42)
[2017.04.20-20.23.05:543][812]LogModuleManager: Shutting down and abandoning module LinuxNoEditorTargetPlatform (41)
[2017.04.20-20.23.05:543][812]LogModuleManager: Shutting down and abandoning module TVOSTargetPlatform (40)
[2017.04.20-20.23.05:543][812]LogModuleManager: Shutting down and abandoning module Messaging (39)
[2017.04.20-20.23.05:543][812]LogModuleManager: Shutting down and abandoning module IOSTargetPlatform (38)
[2017.04.20-20.23.05:543][812]LogModuleManager: Shutting down and abandoning module HTML5TargetPlatform (37)
[2017.04.20-20.23.05:543][812]LogModuleManager: Shutting down and abandoning module Android_PVRTCTargetPlatform (36)
[2017.04.20-20.23.05:543][812]LogModuleManager: Shutting down and abandoning module Android_MultiTargetPlatform (35)
[2017.04.20-20.23.05:543][812]LogModuleManager: Shutting down and abandoning module Android_ETC2TargetPlatform (34)
[2017.04.20-20.23.05:543][812]LogModuleManager: Shutting down and abandoning module Android_ETC1TargetPlatform (33)
[2017.04.20-20.23.05:543][812]LogModuleManager: Shutting down and abandoning module Android_DXTTargetPlatform (32)
[2017.04.20-20.23.05:543][812]LogModuleManager: Shutting down and abandoning module Android_ATCTargetPlatform (31)
[2017.04.20-20.23.05:543][812]LogModuleManager: Shutting down and abandoning module Android_ASTCTargetPlatform (30)
[2017.04.20-20.23.05:544][812]LogModuleManager: Shutting down and abandoning module AndroidTargetPlatform (29)
[2017.04.20-20.23.05:544][812]LogModuleManager: Shutting down and abandoning module WindowsTargetPlatform (28)
[2017.04.20-20.23.05:544][812]LogModuleManager: Shutting down and abandoning module WindowsServerTargetPlatform (27)
[2017.04.20-20.23.05:544][812]LogModuleManager: Shutting down and abandoning module WindowsNoEditorTargetPlatform (26)
[2017.04.20-20.23.05:544][812]LogModuleManager: Shutting down and abandoning module WindowsClientTargetPlatform (25)
[2017.04.20-20.23.05:544][812]LogModuleManager: Shutting down and abandoning module AllDesktopTargetPlatform (24)
[2017.04.20-20.23.05:544][812]LogModuleManager: Shutting down and abandoning module TargetPlatform (23)
[2017.04.20-20.23.05:544][812]LogModuleManager: Shutting down and abandoning module InputCore (22)
[2017.04.20-20.23.05:544][812]LogModuleManager: Shutting down and abandoning module Settings (21)
[2017.04.20-20.23.05:544][812]LogModuleManager: Shutting down and abandoning module OnlineSubsystem (19)
[2017.04.20-20.23.05:544][812]LogModuleManager: Shutting down and abandoning module HTTP (18)
[2017.04.20-20.23.09:558][812]LogModuleManager: Shutting down and abandoning module XMPP (17)
[2017.04.20-20.23.09:558][812]LogModuleManager: Shutting down and abandoning module OculusRift (16)
[2017.04.20-20.23.09:558][812]LogModuleManager: Shutting down and abandoning module ExampleDeviceProfileSelector (15)
[2017.04.20-20.23.09:558][812]LogModuleManager: Shutting down and abandoning module TextureCompressor (14)
[2017.04.20-20.23.09:558][812]LogModuleManager: Shutting down and abandoning module ShaderCore (13)
[2017.04.20-20.23.09:558][812]LogModuleManager: Shutting down and abandoning module Landscape (12)
[2017.04.20-20.23.09:558][812]LogModuleManager: Shutting down and abandoning module SlateRHIRenderer (11)
[2017.04.20-20.23.09:563][812]LogModuleManager: Shutting down and abandoning module OpenGLDrv (10)
[2017.04.20-20.23.09:563][812]LogModuleManager: Shutting down and abandoning module D3D11RHI (9)
[2017.04.20-20.23.09:563][812]LogModuleManager: Shutting down and abandoning module AnimGraphRuntime (8)
[2017.04.20-20.23.09:563][812]LogModuleManager: Shutting down and abandoning module Renderer (7)
[2017.04.20-20.23.09:563][812]LogModuleManager: Shutting down and abandoning module Engine (6)
[2017.04.20-20.23.09:564][812]LogModuleManager: Shutting down and abandoning module CoreUObject (5)
[2017.04.20-20.23.09:564][812]LogModuleManager: Shutting down and abandoning module NetworkFile (4)
[2017.04.20-20.23.09:564][812]LogModuleManager: Shutting down and abandoning module StreamingFile (3)
[2017.04.20-20.23.09:564][812]LogModuleManager: Shutting down and abandoning module SandboxFile (2)
[2017.04.20-20.23.09:564][812]LogModuleManager: Shutting down and abandoning module PakFile (1)
[2017.04.20-20.23.09:568][812]LogExit: Exiting.
[2017.04.20-20.23.09:572][812]Log file closed, 04/20/17 16:23:09
