Log file open, 04/09/17 18:04:10
LogInit:Display: Running engine for game: Game
LogPlatformFile: Not using cached read wrapper
LogInit:Display: RandInit(-28773767) SRandInit(-28773746).
LogTaskGraph: Started task graph with 4 named threads and 7 total threads with 1 sets of task threads.
LogStats: Stats thread started at 0.087597
LogInit: Version: 4.12.5-3039270+++UE4+Release-4.12
LogInit: API Version: 2992821
LogInit: Net Version: 3039270
LogDevObjectVersion: Number of dev versions registered: 13
LogDevObjectVersion:   Dev-Blueprints (B0D832E4-1F89-4F0D-ACCF-7EB736FD4AA2): 3
LogDevObjectVersion:   Dev-Build (E1C64328-A22C-4D53-A36C-8E866417BD8C): 0
LogDevObjectVersion:   Dev-Core (375EC13C-06E4-48FB-B500-84F0262A717E): 1
LogDevObjectVersion:   Dev-Editor (E4B068ED-F494-42E9-A231-DA0B2E46BB41): 2
LogDevObjectVersion:   Dev-Framework (CFFC743F-43B0-4480-9391-14DF171D2073): 6
LogDevObjectVersion:   Dev-Mobile (B02B49B5-BB20-44E9-A304-32B752E40360): 0
LogDevObjectVersion:   Dev-Networking (A4E4105C-59A1-49B5-A7C5-40C4547EDFEE): 0
LogDevObjectVersion:   Dev-Online (39C831C9-5AE6-47DC-9A44-9C173E1C8E7C): 0
LogDevObjectVersion:   Dev-Physics (78F01B33-EBEA-4F98-B9B4-84EACCB95AA2): 0
LogDevObjectVersion:   Dev-Platform (6631380F-2D4D-43E0-8009-CF276956A95A): 0
LogDevObjectVersion:   Dev-Rendering (12F88B9F-8875-4AFC-A67C-D90C383ABD29): 2
LogDevObjectVersion:   Dev-Sequencer (7B5AE74C-D270-4C10-A958-57980B212A5A): 0
LogDevObjectVersion:   Dev-VR (D7296918-1DD6-4BDD-9DE2-64A83CC13884): 0
LogInit: Compiled (64-bit): Jul  6 2016 09:09:46
LogInit: Compiled with Visual C++: 19.00.23026.00
LogInit: Build Configuration: Development
LogInit: Branch Name: ++UE4+Release-4.12
LogInit: Command line: -EpicPortal 
LogInit: Base directory: C:/Program Files (x86)/Epic Games/4.12/Engine/Binaries/Win64/
LogInit: Installed Engine Build: 1
LogInit: Using libcurl 7.41.0
LogInit:  - built for x86_64-pc-win32
LogInit:  - supports SSL with WinSSL
LogInit:  - other features:
LogInit:      CURL_VERSION_SSL
LogInit:      CURL_VERSION_IPV6
LogInit:      CURL_VERSION_ASYNCHDNS
LogInit:      CURL_VERSION_LARGEFILE
LogInit:      CURL_VERSION_IDN
LogInit:  CurlRequestOptions (configurable via config and command line):
LogInit:  - bVerifyPeer = true  - Libcurl will verify peer certificate
LogInit:  - bUseHttpProxy = false  - Libcurl will NOT use HTTP proxy
LogInit:  - bDontReuseConnections = false  - Libcurl will reuse connections
LogInit:  - CertBundlePath = nullptr  - Libcurl will use whatever was configured at build time.
LogInit: Presizing for max 8388607 objects, including 0 objects not considered by GC, pre-allocating 0 bytes for permanent pool.
LogInit: Object subsystem initialized
[2017.04.09-22.04.10:243][  0]LogInit: Selected Device Profile: [Windows]
[2017.04.09-22.04.10:243][  0]LogInit: Applying CVar settings loaded from the selected device profile: [Windows]
[2017.04.09-22.04.10:258][  0]LogInit: Computer: SCOTT-PC
[2017.04.09-22.04.10:258][  0]LogInit: User: Scott
[2017.04.09-22.04.10:258][  0]LogInit: CPU Page size=65536, Cores=4
[2017.04.09-22.04.10:258][  0]LogInit: High frequency timer resolution =14.318180 MHz
[2017.04.09-22.04.10:259][  0]LogMemory: Memory total: Physical=11.9GB (12GB approx)
[2017.04.09-22.04.10:259][  0]LogMemory: Platform Memory Stats for Windows
[2017.04.09-22.04.10:259][  0]LogMemory: Process Physical Memory: 191.05 MB used, 191.05 MB peak
[2017.04.09-22.04.10:259][  0]LogMemory: Process Virtual Memory: 195.37 MB used, 195.37 MB peak
[2017.04.09-22.04.10:259][  0]LogMemory: Physical Memory: 5369.54 MB used, 12202.02 MB total
[2017.04.09-22.04.10:259][  0]LogMemory: Virtual Memory: 553.80 MB used, 134217728.00 MB total
[2017.04.09-22.04.10:289][  0]LogTextLocalizationManager: No specific translations for ('en-US') exist, so ('en') translations will be used.
[2017.04.09-22.04.10:740][  0]LogD3D11RHI: D3D11 adapters:
[2017.04.09-22.04.10:808][  0]LogD3D11RHI:    0. 'NVIDIA GeForce GTX 1080' (Feature Level 11_0)
[2017.04.09-22.04.10:808][  0]LogD3D11RHI:       8110/0/6101 MB DedicatedVideo/DedicatedSystem/SharedSystem, Outputs:2, VendorId:0x10de
[2017.04.09-22.04.10:810][  0]LogD3D11RHI:    1. 'Microsoft Basic Render Driver' (Feature Level 11_0)
[2017.04.09-22.04.10:810][  0]LogD3D11RHI:       0/0/6101 MB DedicatedVideo/DedicatedSystem/SharedSystem, Outputs:0, VendorId:0x1414
[2017.04.09-22.04.10:810][  0]LogD3D11RHI: Chosen D3D11 Adapter: 0
[2017.04.09-22.04.10:817][  0]LogD3D11RHI: Creating new Direct3DDevice
[2017.04.09-22.04.10:817][  0]LogD3D11RHI:     GPU DeviceId: 0x1b80 (for the marketing name, search the web for "GPU Device Id")
[2017.04.09-22.04.10:817][  0]LogWindows: EnumDisplayDevices:
[2017.04.09-22.04.10:817][  0]LogWindows:    0. 'NVIDIA GeForce GTX 1080' (P:1 D:1)
[2017.04.09-22.04.10:817][  0]LogWindows:    1. 'NVIDIA GeForce GTX 1080' (P:0 D:1)
[2017.04.09-22.04.10:818][  0]LogWindows:    2. 'NVIDIA GeForce GTX 1080' (P:0 D:0)
[2017.04.09-22.04.10:818][  0]LogWindows:    3. 'NVIDIA GeForce GTX 1080' (P:0 D:0)
[2017.04.09-22.04.10:818][  0]LogWindows: DebugString: FoundDriverCount:4 
[2017.04.09-22.04.10:818][  0]LogD3D11RHI:     Adapter Name: NVIDIA GeForce GTX 1080
[2017.04.09-22.04.10:818][  0]LogD3D11RHI:   Driver Version: 378.92 (internal:21.21.13.7892, unified:378.92)
[2017.04.09-22.04.10:818][  0]LogD3D11RHI:      Driver Date: 3-16-2017
[2017.04.09-22.04.10:818][  0]LogRHI: Texture pool is 1361 MB (70% of 1945 MB)
[2017.04.09-22.04.10:835][  0]LogD3D11RHI: Async texture creation enabled
[2017.04.09-22.04.10:848][  0]LogD3D11RHI: GPU Timing Frequency: 1000.000000 (Debug: 2 1)
[2017.04.09-22.04.10:849][  0]LogShaderCompilers: Guid format shader working directory is -12 characters bigger than the processId version (../../../../../../Users/Scott/Documents/GitHub/CGT445/Game/Intermediate/Shaders/WorkingDirectory/6460/).
[2017.04.09-22.04.10:849][  0]LogShaderCompilers: Cleaned the shader compiler working directory 'C:/Users/Scott/AppData/Local/Temp/UnrealShaderWorkingDir/69FB079F49DE384A83B062957627D068/'.
[2017.04.09-22.04.10:849][  0]LogShaderCompilers:Display: Using Local Shader Compiler.
[2017.04.09-22.04.11:994][  0]LogTemp:Display: Loaded TP AllDesktopTargetPlatform
[2017.04.09-22.04.12:006][  0]LogTemp:Display: Loaded TP WindowsClientTargetPlatform
[2017.04.09-22.04.12:017][  0]LogTemp:Display: Loaded TP WindowsNoEditorTargetPlatform
[2017.04.09-22.04.12:029][  0]LogTemp:Display: Loaded TP WindowsServerTargetPlatform
[2017.04.09-22.04.12:041][  0]LogTemp:Display: Loaded TP WindowsTargetPlatform
[2017.04.09-22.04.12:052][  0]LogTemp:Display: Loaded TP AndroidTargetPlatform
[2017.04.09-22.04.12:062][  0]LogTemp:Display: Loaded TP Android_ASTCTargetPlatform
[2017.04.09-22.04.12:071][  0]LogTemp:Display: Loaded TP Android_ATCTargetPlatform
[2017.04.09-22.04.12:080][  0]LogTemp:Display: Loaded TP Android_DXTTargetPlatform
[2017.04.09-22.04.12:090][  0]LogTemp:Display: Loaded TP Android_ETC1TargetPlatform
[2017.04.09-22.04.12:100][  0]LogTemp:Display: Loaded TP Android_ETC2TargetPlatform
[2017.04.09-22.04.12:119][  0]LogTemp:Display: Loaded TP Android_MultiTargetPlatform
[2017.04.09-22.04.12:119][  0]LogTemp:Display: Loaded TP Android_PVRTCTargetPlatform
[2017.04.09-22.04.12:120][  0]LogTemp:Display: Loaded TP HTML5TargetPlatform
[2017.04.09-22.04.12:145][  0]LogTemp:Display: Loaded TP IOSTargetPlatform
[2017.04.09-22.04.12:154][  0]LogTemp:Display: Loaded TP TVOSTargetPlatform
[2017.04.09-22.04.12:163][  0]LogTemp:Display: Loaded TP LinuxNoEditorTargetPlatform
[2017.04.09-22.04.12:172][  0]LogTemp:Display: Loaded TP LinuxServerTargetPlatform
[2017.04.09-22.04.12:182][  0]LogTemp:Display: Loaded TP LinuxTargetPlatform
[2017.04.09-22.04.12:182][  0]LogTargetPlatformManager:Display: Building Assets For Windows
[2017.04.09-22.04.12:280][  0]LogDerivedDataCache:Display: Max Cache Size: 512 MB
[2017.04.09-22.04.12:360][  0]LogDerivedDataCache: Loaded boot cache 0.08s 48MB C:/Users/Scott/AppData/Local/UnrealEngine/4.12/DerivedDataCache/Boot.ddc.
[2017.04.09-22.04.12:360][  0]LogDerivedDataCache:Display: Loaded Boot cache: C:/Users/Scott/AppData/Local/UnrealEngine/4.12/DerivedDataCache/Boot.ddc
[2017.04.09-22.04.12:360][  0]LogDerivedDataCache: FDerivedDataBackendGraph:  Pak pak cache file ../../../../../../Users/Scott/Documents/GitHub/CGT445/Game/DerivedDataCache/DDC.ddp not found, will not use a pak cache.
[2017.04.09-22.04.12:360][  0]LogDerivedDataCache: Unable to find inner node Pak for hierarchical cache Hierarchy.
[2017.04.09-22.04.12:360][  0]LogDerivedDataCache: FDerivedDataBackendGraph:  CompressedPak pak cache file ../../../../../../Users/Scott/Documents/GitHub/CGT445/Game/DerivedDataCache/Compressed.ddp not found, will not use a pak cache.
[2017.04.09-22.04.12:360][  0]LogDerivedDataCache: Unable to find inner node CompressedPak for hierarchical cache Hierarchy.
[2017.04.09-22.04.12:383][  0]LogDerivedDataCache:Display: Pak cache opened for reading ../../../Engine/DerivedDataCache/Compressed.ddp.
[2017.04.09-22.04.12:396][  0]LogDerivedDataCache: Using Local data cache path C:/Users/Scott/AppData/Local/UnrealEngine/Common/DerivedDataCache: Writable
[2017.04.09-22.04.12:628][  0]LogInit: Selected Device Profile: [Windows]
[2017.04.09-22.04.12:628][  0]LogContentStreaming: Texture pool size is 0.00 MB
[2017.04.09-22.04.12:813][  0]LogMeshUtilities: No automatic mesh reduction module available
[2017.04.09-22.04.12:813][  0]LogMeshUtilities: No automatic mesh merging module available
[2017.04.09-22.04.12:813][  0]LogMeshUtilities: No distributed automatic mesh merging module available
[2017.04.09-22.04.13:134][  0]LogAssetRegistry: FAssetRegistry took 0.0216 seconds to start up
[2017.04.09-22.04.13:173][  0]LogPackageLocalizationCache: Processed 3 localized package path(s) for 2 prioritized culture(s) in 0.034191 seconds
[2017.04.09-22.04.13:179][  0]LogUObjectArray: 28739 objects as part of root set at end of initial load.
[2017.04.09-22.04.13:179][  0]LogUObjectAllocator: 5855632 out of 0 bytes used by permanent object pool.
[2017.04.09-22.04.13:179][  0]LogUObjectArray: CloseDisregardForGC: 0/0 objects in disregard for GC pool
[2017.04.09-22.04.13:193][  0]LogInit: WinSock: version 1.1 (2.2), MaxSocks=32767, MaxUdp=65467
[2017.04.09-22.04.13:409][  0]LogSlate: SlateFontCache - WITH_FREETYPE: 1, WITH_HARFBUZZ: 1
[2017.04.09-22.04.13:409][  0]LogSlate: SlateFontCache - WITH_FREETYPE: 1, WITH_HARFBUZZ: 1
[2017.04.09-22.04.14:098][  0]LogSubstanceCoreModule: Substance CPU Engine Loaded, Max Texture Size 2048
[2017.04.09-22.04.14:109][  0]LogUdpMessaging: Initializing bridge on interface 0.0.0.0:0 to multicast group 230.0.0.1:6666.
[2017.04.09-22.04.14:351][  0]SourceControl: Info Source control is disabled
[2017.04.09-22.04.14:352][  0]SourceControl: Info Source control is disabled
[2017.04.09-22.04.14:364][  0]SourceControl: Info Source control is disabled
[2017.04.09-22.04.14:375][  0]SourceControl: Info Source control is disabled
[2017.04.09-22.04.14:451][  0]LogLinker:Warning: Can't find file '/Game/ThirdPersonBP/ThirdPersonOverview'
[2017.04.09-22.04.14:451][  0]LogLinker:Warning: Can't find file '/Game/ThirdPersonBP/ThirdPersonOverview'
[2017.04.09-22.04.14:451][  0]LogUObjectGlobals:Warning: Failed to find object 'Class /Game/ThirdPersonBP/ThirdPersonOverview.ThirdPersonOverview_C'
[2017.04.09-22.04.14:650][  0]LogEngine: Initializing Engine...
[2017.04.09-22.04.14:651][  0]LogHMD: SteamVR failed to initialize.  Err: 110
[2017.04.09-22.04.14:652][  0]LogHMD: SteamVR failed to initialize.  Err: 110
[2017.04.09-22.04.14:821][  0]LogAIModule: Creating AISystem for world NewWorld
[2017.04.09-22.04.14:847][  0]LogInit: XAudio2 using 'Back (5- C-Media USB Headphone Set  )' : 2 channels at 44.1 kHz using 16 bits per sample (channel mask 0x3)
[2017.04.09-22.04.14:871][  0]LogInit: FAudioDevice initialized.
[2017.04.09-22.04.14:913][  0]LogDerivedDataCache: Saved boot cache 0.04s 48MB C:/Users/Scott/AppData/Local/UnrealEngine/4.12/DerivedDataCache/Boot.ddc.
[2017.04.09-22.04.14:928][  0]LogInit: Texture streaming: Enabled
[2017.04.09-22.04.14:959][  0]LogInit: Transaction tracking system initialized
[2017.04.09-22.04.14:995][  0]BlueprintLog: New page: Editor Load
[2017.04.09-22.04.15:095][  0]LocalizationService: Info Localization service is disabled
[2017.04.09-22.04.15:169][  0]LogConsoleResponse:Display: 
[2017.04.09-22.04.15:283][  0]LogCook:Display: Max memory allowance for cook 8192mb
[2017.04.09-22.04.15:283][  0]LogCook:Display: Mobile HDR setting 1
[2017.04.09-22.04.15:416][  0]LogFileCache: Scanning file cache for directory 'C:/Users/Scott/Documents/GitHub/CGT445/Game/Content/' took 0.02s
[2017.04.09-22.04.15:416][  0]SourceControl: Info Source control is disabled
[2017.04.09-22.04.15:417][  0]Cmd: MAP LOAD FILE="../../../../../../Users/Scott/Documents/GitHub/CGT445/Game/Content/FirstPersonBP/Maps/FirstPersonExampleMap.umap" TEMPLATE=0 SHOWPROGRESS=1 FEATURELEVEL=3
[2017.04.09-22.04.15:417][  0]LightingResults: New page: Lighting Build
[2017.04.09-22.04.15:421][  0]MapCheck: New page: Map Check
[2017.04.09-22.04.15:421][  0]LightingResults: New page: Lighting Build
[2017.04.09-22.04.16:770][  0]LogAIModule: Creating AISystem for world FirstPersonExampleMap
[2017.04.09-22.04.16:777][  0]LogEditorServer: Finished looking for orphan Actors (0.000 secs)
[2017.04.09-22.04.16:777][  0]Cmd: MAP CHECKDEP NOCLEARLOG
[2017.04.09-22.04.16:841][  0]MapCheck: Info Map check complete: 0 Error(s), 0 Warning(s), took 63.902ms to complete.
[2017.04.09-22.04.16:841][  0]LogFileHelpers: Loading map 'FirstPersonExampleMap' took 1.425
[2017.04.09-22.04.17:033][  0]LogCollectionManager: Loaded 0 collections in 0.002818 seconds
[2017.04.09-22.04.17:090][  0]LogFileCache: Scanning file cache for directory 'C:/Users/Scott/Documents/GitHub/CGT445/Game/Saved/Collections/' took 0.01s
[2017.04.09-22.04.17:091][  0]LogFileCache: Scanning file cache for directory 'C:/Users/Scott/Documents/GitHub/CGT445/Game/Content/Developers/Scott/Collections/' took 0.01s
[2017.04.09-22.04.17:091][  0]LogFileCache: Scanning file cache for directory 'C:/Users/Scott/Documents/GitHub/CGT445/Game/Content/Collections/' took 0.01s
[2017.04.09-22.04.17:091][  0]LogCollectionManager: Rebuilt the GUID cache for 0 collections in 0.000004 seconds
[2017.04.09-22.04.17:102][  0]LogContentBrowser: Native class hierarchy populated in 0.0109 seconds. Added 2062 classes and 375 folders.
[2017.04.09-22.04.17:106][  0]LogStats: UGameplayTagsManager::ConstructGameplayTagTree: Construct from data asset -  0.000 s
[2017.04.09-22.04.17:106][  0]LogStats: UGameplayTagsManager::ConstructGameplayTagTree: GameplayTagTreeChangedEvent.Broadcast -  0.000 s
[2017.04.09-22.04.17:107][  0]LogContentBrowser: Native class hierarchy updated for 'GameplayTags' in 0.0005 seconds. Added 12 classes and 0 folders.
[2017.04.09-22.04.17:114][  0]LogContentBrowser: Native class hierarchy updated for 'WidgetCarousel' in 0.0003 seconds. Added 0 classes and 0 folders.
[2017.04.09-22.04.17:159][  0]LogContentBrowser: Native class hierarchy updated for 'AddContentDialog' in 0.0004 seconds. Added 0 classes and 0 folders.
[2017.04.09-22.04.17:164][  0]LogContentBrowser: Native class hierarchy updated for 'SceneOutliner' in 0.0004 seconds. Added 1 classes and 2 folders.
[2017.04.09-22.04.17:232][  0]LogCrashTracker: Crashtracker disabled due to settings.
[2017.04.09-22.04.17:241][  0]LogUObjectGlobals:Warning: Failed to find object 'Class None.'
[2017.04.09-22.04.17:273][  0]LogContentBrowser: Native class hierarchy updated for 'HierarchicalLODOutliner' in 0.0006 seconds. Added 1 classes and 2 folders.
[2017.04.09-22.04.17:274][  0]LogLoad: Full Startup: 8.00 seconds (BP compile: 0.35 seconds)
[2017.04.09-22.04.17:274][  0]LogExternalProfiler: Found external profiler: VSPerf
[2017.04.09-22.04.17:274][  0]LogExternalProfiler: Using external profiler: VSPerf
[2017.04.09-22.04.17:283][  0]LogWindowsTextInputMethodSystem:Display: IME system now deactivated.
[2017.04.09-22.04.17:284][  0]LogOcInput: OculusInput pre-init called
[2017.04.09-22.04.17:301][  0]LogContentStreaming: Texture pool size now 1000 MB
[2017.04.09-22.04.17:449][  0]LogRenderer: Reallocating scene render targets to support 1208x600 (Frame:2).
[2017.04.09-22.04.17:642][  2]LogAssetRegistry: Asset discovery search completed in 4.5299 seconds
[2017.04.09-22.04.17:642][  2]LogCollectionManager: Rebuilt the object cache for 0 collections in 0.000001 seconds (found 0 objects)
[2017.04.09-22.04.17:642][  2]LogCollectionManager: Fixed up redirectors for 0 collections in 0.000030 seconds (updated 0 objects)
[2017.04.09-22.04.20:186][224]LogContentBrowser: Native class hierarchy updated for 'BlueprintGraph' in 0.0010 seconds. Added 111 classes and 0 folders.
[2017.04.09-22.05.31:842][869]BlueprintLog: New page: Compile HUDP1
[2017.04.09-22.05.32:067][869]Cmd: OBJ SAVEPACKAGE PACKAGE="/Game/UI/HUDP1" FILE="../../../../../../Users/Scott/Documents/GitHub/CGT445/Game/Content/UI/HUDP1.uasset" SILENT=true
[2017.04.09-22.05.32:161][869]LogSavePackage: Save=73.98ms
[2017.04.09-22.05.32:161][869]LogSavePackage: Moving '../../../../../../Users/Scott/Documents/GitHub/CGT445/Game/Saved/HUDP1944E8FE54160AB5A8F747D89443918B2.tmp' to '../../../../../../Users/Scott/Documents/GitHub/CGT445/Game/Content/UI/HUDP1.uasset'
[2017.04.09-22.05.32:165][869]LogSavePackage:Display: Finished SavePackage ../../../../../../Users/Scott/Documents/GitHub/CGT445/Game/Content/UI/HUDP1.uasset
[2017.04.09-22.05.32:170][869]BlueprintEditorCompileResults: Info The execution path doesn't end with a return node.  Default 
[2017.04.09-22.05.32:170][869]BlueprintEditorCompileResults: Info The execution path doesn't end with a return node.  False 
[2017.04.09-22.05.32:171][869]BlueprintEditorCompileResults: Info The execution path doesn't end with a return node.  False 
[2017.04.09-22.05.32:171][869]BlueprintEditorCompileResults: Info The execution path doesn't end with a return node.  False 
[2017.04.09-22.05.32:171][869]BlueprintEditorCompileResults: Info [0082.90] Compile of HUDP1 successful! [in 328 ms] (/Game/UI/HUDP1.HUDP1)
[2017.04.09-22.05.32:655][902]LogBlueprintUserMessages: Early PlayInEditor Detection: Level '/Game/FirstPersonBP/Maps/FirstPersonExampleMap.FirstPersonExampleMap:PersistentLevel' has LevelScriptBlueprint '/Game/FirstPersonBP/Maps/FirstPersonExampleMap.FirstPersonExampleMap:PersistentLevel.FirstPersonExampleMap' with GeneratedClass '/Game/FirstPersonBP/Maps/FirstPersonExampleMap.FirstPersonExampleMap_C' with ClassGeneratedBy '/Game/FirstPersonBP/Maps/FirstPersonExampleMap.FirstPersonExampleMap:PersistentLevel.FirstPersonExampleMap'
[2017.04.09-22.05.32:655][902]LogPlayLevel: PlayLevel: No blueprints needed recompiling
[2017.04.09-22.05.32:657][902]PIE: New page: PIE session: FirstPersonExampleMap (Apr 9, 2017, 1:05:32 PM)
[2017.04.09-22.05.32:657][902]LogPlayLevel: Creating play world package: /Game/FirstPersonBP/Maps/UEDPIE_0_FirstPersonExampleMap
[2017.04.09-22.05.32:700][902]LogPlayLevel: PIE: StaticDuplicateObject took: (0.042999s)
[2017.04.09-22.05.32:701][902]LogAIModule: Creating AISystem for world FirstPersonExampleMap
[2017.04.09-22.05.32:701][902]LogPlayLevel: PIE: World Init took: (0.001542s)
[2017.04.09-22.05.32:702][902]LogPlayLevel: PIE: Created PIE world by copying editor world from /Game/FirstPersonBP/Maps/FirstPersonExampleMap.FirstPersonExampleMap to /Game/FirstPersonBP/Maps/UEDPIE_0_FirstPersonExampleMap.FirstPersonExampleMap (0.044936s)
[2017.04.09-22.05.32:756][902]LogInit: XAudio2 using 'Back (5- C-Media USB Headphone Set  )' : 2 channels at 44.1 kHz using 16 bits per sample (channel mask 0x3)
[2017.04.09-22.05.32:766][902]LogInit: FAudioDevice initialized.
[2017.04.09-22.05.32:838][902]LogWorld: Game class is 'FoodFightersGM_C'
[2017.04.09-22.05.32:844][902]LogWorld: Bringing World /Game/FirstPersonBP/Maps/UEDPIE_0_FirstPersonExampleMap.FirstPersonExampleMap up for play (max tick rate 0) at 2017.04.09-18.05.32
[2017.04.09-22.05.32:844][902]LogWorld: Bringing up level for play took: 0.004408
[2017.04.09-22.05.32:851][902]LogContentBrowser: Native class hierarchy updated for 'MovieSceneCapture' in 0.0005 seconds. Added 11 classes and 0 folders.
[2017.04.09-22.05.32:855][902]LogPlayerManagement:Error: Failed to Create Player: A local player already exists for controller ID 0,
[2017.04.09-22.05.32:856][902]LogScript:Warning: Accessed None trying to read property My Character
	HUDP1_C /Engine/Transient.UnrealEdEngine_0:GameInstance_0.HUDP1_C_1
	Function /Game/UI/HUDP1.HUDP1_C:GetText_0:0020
[2017.04.09-22.05.32:856][902]PIE:Error: Error Blueprint Runtime Error: Accessed None trying to read property My Character from function: 'GetText_0' from node: Switch on Int in graph: GetText_0 in object: HUDP1 with description: Accessed None trying to read property My Character
[2017.04.09-22.05.32:856][902]LogScript:Warning: Accessed None trying to read property My Character
	HUDP1_C /Engine/Transient.UnrealEdEngine_0:GameInstance_0.HUDP1_C_1
	Function /Game/UI/HUDP1.HUDP1_C:GetText_0:0020
[2017.04.09-22.05.32:857][902]PIE:Error: Error Blueprint Runtime Error: Accessed None trying to read property My Character from function: 'GetText_0' from node: Switch on Int in graph: GetText_0 in object: HUDP1 with description: Accessed None trying to read property My Character
[2017.04.09-22.05.32:857][902]LogScript:Warning: Accessed None trying to read property My Character
	HUDP1_C /Engine/Transient.UnrealEdEngine_0:GameInstance_0.HUDP1_C_1
	Function /Game/UI/HUDP1.HUDP1_C:GetText_0:0020
[2017.04.09-22.05.32:857][902]PIE:Error: Error Blueprint Runtime Error: Accessed None trying to read property My Character from function: 'GetText_0' from node: Switch on Int in graph: GetText_0 in object: HUDP1 with description: Accessed None trying to read property My Character
[2017.04.09-22.05.32:857][902]LogScript:Warning: Accessed None trying to read property My Character
	HUDP1_C /Engine/Transient.UnrealEdEngine_0:GameInstance_0.HUDP1_C_1
	Function /Game/UI/HUDP1.HUDP1_C:GetText_0:0020
[2017.04.09-22.05.32:857][902]PIE:Error: Error Blueprint Runtime Error: Accessed None trying to read property My Character from function: 'GetText_0' from node: Switch on Int in graph: GetText_0 in object: HUDP1 with description: Accessed None trying to read property My Character
[2017.04.09-22.05.32:857][902]LogScript:Warning: Accessed None trying to read property My Character
	HUDP1_C /Engine/Transient.UnrealEdEngine_0:GameInstance_0.HUDP1_C_1
	Function /Game/UI/HUDP1.HUDP1_C:GetText_0:0020
[2017.04.09-22.05.32:857][902]PIE:Error: Error Blueprint Runtime Error: Accessed None trying to read property My Character from function: 'GetText_0' from node: Switch on Int in graph: GetText_0 in object: HUDP1 with description: Accessed None trying to read property My Character
[2017.04.09-22.05.32:857][902]LogScript:Warning: Accessed None trying to read property My Character
	HUDP1_C /Engine/Transient.UnrealEdEngine_0:GameInstance_0.HUDP1_C_1
	Function /Game/UI/HUDP1.HUDP1_C:GetText_0:0020
[2017.04.09-22.05.32:857][902]PIE:Error: Error Blueprint Runtime Error: Accessed None trying to read property My Character from function: 'GetText_0' from node: Switch on Int in graph: GetText_0 in object: HUDP1 with description: Accessed None trying to read property My Character
[2017.04.09-22.05.32:857][902]LogScript:Warning: Accessed None trying to read property My Character
	HUDP1_C /Engine/Transient.UnrealEdEngine_0:GameInstance_0.HUDP1_C_1
	Function /Game/UI/HUDP1.HUDP1_C:GetText_0:0020
[2017.04.09-22.05.32:857][902]PIE:Error: Error Blueprint Runtime Error: Accessed None trying to read property My Character from function: 'GetText_0' from node: Switch on Int in graph: GetText_0 in object: HUDP1 with description: Accessed None trying to read property My Character
[2017.04.09-22.05.32:857][902]LogScript:Warning: Accessed None trying to read property My Character
	HUDP1_C /Engine/Transient.UnrealEdEngine_0:GameInstance_0.HUDP1_C_1
	Function /Game/UI/HUDP1.HUDP1_C:GetText_0:0020
[2017.04.09-22.05.32:857][902]PIE:Error: Error Blueprint Runtime Error: Accessed None trying to read property My Character from function: 'GetText_0' from node: Switch on Int in graph: GetText_0 in object: HUDP1 with description: Accessed None trying to read property My Character
[2017.04.09-22.05.32:857][902]LogScript:Warning: Accessed None trying to read property My Character
	HUDP1_C /Engine/Transient.UnrealEdEngine_0:GameInstance_0.HUDP1_C_1
	Function /Game/UI/HUDP1.HUDP1_C:GetText_0:0020
[2017.04.09-22.05.32:857][902]PIE:Error: Error Blueprint Runtime Error: Accessed None trying to read property My Character from function: 'GetText_0' from node: Switch on Int in graph: GetText_0 in object: HUDP1 with description: Accessed None trying to read property My Character
[2017.04.09-22.05.32:857][902]LogScript:Warning: Accessed None trying to read property My Character
	HUDP1_C /Engine/Transient.UnrealEdEngine_0:GameInstance_0.HUDP1_C_1
	Function /Game/UI/HUDP1.HUDP1_C:GetText_0:0020
[2017.04.09-22.05.32:857][902]PIE:Error: Error Blueprint Runtime Error: Accessed None trying to read property My Character from function: 'GetText_0' from node: Switch on Int in graph: GetText_0 in object: HUDP1 with description: Accessed None trying to read property My Character
[2017.04.09-22.05.32:857][902]LogScript:Warning: Accessed None trying to read property My Character
	HUDP1_C /Engine/Transient.UnrealEdEngine_0:GameInstance_0.HUDP1_C_1
	Function /Game/UI/HUDP1.HUDP1_C:GetText_0:0020
[2017.04.09-22.05.32:857][902]PIE:Error: Error Blueprint Runtime Error: Accessed None trying to read property My Character from function: 'GetText_0' from node: Switch on Int in graph: GetText_0 in object: HUDP1 with description: Accessed None trying to read property My Character
[2017.04.09-22.05.32:857][902]LogScript:Warning: Accessed None trying to read property My Character
	HUDP1_C /Engine/Transient.UnrealEdEngine_0:GameInstance_0.HUDP1_C_1
	Function /Game/UI/HUDP1.HUDP1_C:GetText_0:0020
[2017.04.09-22.05.32:857][902]PIE:Error: Error Blueprint Runtime Error: Accessed None trying to read property My Character from function: 'GetText_0' from node: Switch on Int in graph: GetText_0 in object: HUDP1 with description: Accessed None trying to read property My Character
[2017.04.09-22.05.32:857][902]LogScript:Warning: Accessed None trying to read property My Character
	HUDP1_C /Engine/Transient.UnrealEdEngine_0:GameInstance_0.HUDP1_C_1
	Function /Game/UI/HUDP1.HUDP1_C:GetText_0:0020
[2017.04.09-22.05.32:858][902]PIE:Error: Error Blueprint Runtime Error: Accessed None trying to read property My Character from function: 'GetText_0' from node: Switch on Int in graph: GetText_0 in object: HUDP1 with description: Accessed None trying to read property My Character
[2017.04.09-22.05.32:858][902]LogScript:Warning: Accessed None trying to read property My Character
	HUDP1_C /Engine/Transient.UnrealEdEngine_0:GameInstance_0.HUDP1_C_1
	Function /Game/UI/HUDP1.HUDP1_C:GetText_0:0020
[2017.04.09-22.05.32:858][902]PIE:Error: Error Blueprint Runtime Error: Accessed None trying to read property My Character from function: 'GetText_0' from node: Switch on Int in graph: GetText_0 in object: HUDP1 with description: Accessed None trying to read property My Character
[2017.04.09-22.05.32:858][902]LogScript:Warning: Accessed None trying to read property My Character
	HUDP1_C /Engine/Transient.UnrealEdEngine_0:GameInstance_0.HUDP1_C_1
	Function /Game/UI/HUDP1.HUDP1_C:GetText_0:0020
[2017.04.09-22.05.32:858][902]PIE:Error: Error Blueprint Runtime Error: Accessed None trying to read property My Character from function: 'GetText_0' from node: Switch on Int in graph: GetText_0 in object: HUDP1 with description: Accessed None trying to read property My Character
[2017.04.09-22.05.32:858][902]LogScript:Warning: Accessed None trying to read property My Character
	HUDP1_C /Engine/Transient.UnrealEdEngine_0:GameInstance_0.HUDP1_C_1
	Function /Game/UI/HUDP1.HUDP1_C:GetText_0:0020
[2017.04.09-22.05.32:858][902]PIE:Error: Error Blueprint Runtime Error: Accessed None trying to read property My Character from function: 'GetText_0' from node: Switch on Int in graph: GetText_0 in object: HUDP1 with description: Accessed None trying to read property My Character
[2017.04.09-22.05.32:858][902]LogScript:Warning: Accessed None trying to read property My Character
	HUDP1_C /Engine/Transient.UnrealEdEngine_0:GameInstance_0.HUDP1_C_1
	Function /Game/UI/HUDP1.HUDP1_C:GetText_0:0020
[2017.04.09-22.05.32:858][902]PIE:Error: Error Blueprint Runtime Error: Accessed None trying to read property My Character from function: 'GetText_0' from node: Switch on Int in graph: GetText_0 in object: HUDP1 with description: Accessed None trying to read property My Character
[2017.04.09-22.05.32:858][902]PIE:Error: Error Blueprint Runtime Error: Accessed None trying to read property My Character from function: 'GetText_0' from node: Switch on Int in graph: GetText_0 in object: HUDP1 with description: Accessed None trying to read property My Character
[2017.04.09-22.05.32:858][902]PIE:Error: Error Blueprint Runtime Error: Accessed None trying to read property My Character from function: 'GetText_0' from node: Switch on Int in graph: GetText_0 in object: HUDP1 with description: Accessed None trying to read property My Character
[2017.04.09-22.05.32:858][902]PIE:Error: Error Blueprint Runtime Error: Accessed None trying to read property My Character from function: 'GetText_0' from node: Switch on Int in graph: GetText_0 in object: HUDP1 with description: Accessed None trying to read property My Character
[2017.04.09-22.05.32:858][902]PIE:Error: Error Blueprint Runtime Error: Accessed None trying to read property My Character from function: 'GetText_0' from node: Switch on Int in graph: GetText_0 in object: HUDP1 with description: Accessed None trying to read property My Character
[2017.04.09-22.05.32:858][902]PIE:Error: Error Blueprint Runtime Error: Accessed None trying to read property My Character from function: 'GetText_0' from node: Switch on Int in graph: GetText_0 in object: HUDP1 with description: Accessed None trying to read property My Character
[2017.04.09-22.05.32:858][902]PIE:Error: Error Blueprint Runtime Error: Accessed None trying to read property My Character from function: 'GetText_0' from node: Switch on Int in graph: GetText_0 in object: HUDP1 with description: Accessed None trying to read property My Character
[2017.04.09-22.05.32:858][902]PIE:Error: Error Blueprint Runtime Error: Accessed None trying to read property My Character from function: 'GetText_0' from node: Switch on Int in graph: GetText_0 in object: HUDP1 with description: Accessed None trying to read property My Character
[2017.04.09-22.05.32:858][902]PIE:Error: Error Blueprint Runtime Error: Accessed None trying to read property My Character from function: 'GetText_0' from node: Switch on Int in graph: GetText_0 in object: HUDP1 with description: Accessed None trying to read property My Character
[2017.04.09-22.05.32:858][902]PIE:Error: Error Blueprint Runtime Error: Accessed None trying to read property My Character from function: 'GetText_0' from node: Switch on Int in graph: GetText_0 in object: HUDP1 with description: Accessed None trying to read property My Character
[2017.04.09-22.05.32:859][902]PIE:Error: Error Blueprint Runtime Error: Accessed None trying to read property My Character from function: 'GetText_0' from node: Switch on Int in graph: GetText_0 in object: HUDP1 with description: Accessed None trying to read property My Character
[2017.04.09-22.05.32:859][902]PIE:Error: Error Blueprint Runtime Error: Accessed None trying to read property My Character from function: 'GetText_0' from node: Switch on Int in graph: GetText_0 in object: HUDP1 with description: Accessed None trying to read property My Character
[2017.04.09-22.05.32:859][902]PIE:Error: Error Blueprint Runtime Error: Accessed None trying to read property My Character from function: 'GetText_0' from node: Switch on Int in graph: GetText_0 in object: HUDP1 with description: Accessed None trying to read property My Character
[2017.04.09-22.05.32:859][902]PIE:Error: Error Blueprint Runtime Error: Accessed None trying to read property My Character from function: 'GetText_0' from node: Switch on Int in graph: GetText_0 in object: HUDP1 with description: Accessed None trying to read property My Character
[2017.04.09-22.05.32:859][902]PIE:Error: Error Blueprint Runtime Error: Accessed None trying to read property My Character from function: 'GetText_0' from node: Switch on Int in graph: GetText_0 in object: HUDP1 with description: Accessed None trying to read property My Character
[2017.04.09-22.05.32:859][902]PIE:Error: Error Blueprint Runtime Error: Accessed None trying to read property My Character from function: 'GetText_0' from node: Switch on Int in graph: GetText_0 in object: HUDP1 with description: Accessed None trying to read property My Character
[2017.04.09-22.05.32:859][902]PIE:Error: Error Blueprint Runtime Error: Accessed None trying to read property My Character from function: 'GetText_0' from node: Switch on Int in graph: GetText_0 in object: HUDP1 with description: Accessed None trying to read property My Character
[2017.04.09-22.05.32:859][902]PIE:Error: Error Blueprint Runtime Error: Accessed None trying to read property My Character from function: 'GetText_0' from node: Switch on Int in graph: GetText_0 in object: HUDP1 with description: Accessed None trying to read property My Character
[2017.04.09-22.05.32:859][902]PIE:Error: Error Blueprint Runtime Error: Accessed None trying to read property My Character from function: 'GetText_0' from node: Switch on Int in graph: GetText_0 in object: HUDP1 with description: Accessed None trying to read property My Character
[2017.04.09-22.05.32:859][902]PIE:Error: Error Blueprint Runtime Error: Accessed None trying to read property My Character from function: 'GetText_0' from node: Switch on Int in graph: GetText_0 in object: HUDP1 with description: Accessed None trying to read property My Character
[2017.04.09-22.05.32:859][902]PIE:Error: Error Blueprint Runtime Error: Accessed None trying to read property My Character from function: 'GetText_0' from node: Switch on Int in graph: GetText_0 in object: HUDP1 with description: Accessed None trying to read property My Character
[2017.04.09-22.05.32:859][902]PIE:Error: Error Blueprint Runtime Error: Accessed None trying to read property My Character from function: 'GetText_0' from node: Switch on Int in graph: GetText_0 in object: HUDP1 with description: Accessed None trying to read property My Character
[2017.04.09-22.05.32:859][902]PIE:Error: Error Blueprint Runtime Error: Accessed None trying to read property My Character from function: 'GetText_0' from node: Switch on Int in graph: GetText_0 in object: HUDP1 with description: Accessed None trying to read property My Character
[2017.04.09-22.05.32:859][902]PIE:Error: Error Blueprint Runtime Error: Accessed None trying to read property My Character from function: 'GetText_0' from node: Switch on Int in graph: GetText_0 in object: HUDP1 with description: Accessed None trying to read property My Character
[2017.04.09-22.05.32:859][902]PIE:Error: Error Blueprint Runtime Error: Accessed None trying to read property My Character from function: 'GetText_0' from node: Switch on Int in graph: GetText_0 in object: HUDP1 with description: Accessed None trying to read property My Character
[2017.04.09-22.05.32:859][902]PIE:Error: Error Blueprint Runtime Error: Accessed None trying to read property My Character from function: 'GetText_0' from node: Switch on Int in graph: GetText_0 in object: HUDP1 with description: Accessed None trying to read property My Character
[2017.04.09-22.05.32:860][902]PIE:Error: Error Blueprint Runtime Error: Accessed None trying to read property My Character from function: 'GetText_0' from node: Switch on Int in graph: GetText_0 in object: HUDP1 with description: Accessed None trying to read property My Character
[2017.04.09-22.05.32:860][902]PIE:Error: Error Blueprint Runtime Error: Accessed None trying to read property My Character from function: 'GetText_0' from node: Switch on Int in graph: GetText_0 in object: HUDP1 with description: Accessed None trying to read property My Character
[2017.04.09-22.05.32:860][902]PIE:Error: Error Blueprint Runtime Error: Accessed None trying to read property My Character from function: 'GetText_0' from node: Switch on Int in graph: GetText_0 in object: HUDP1 with description: Accessed None trying to read property My Character
[2017.04.09-22.05.32:860][902]PIE:Error: Error Blueprint Runtime Error: Accessed None trying to read property My Character from function: 'GetText_0' from node: Switch on Int in graph: GetText_0 in object: HUDP1 with description: Accessed None trying to read property My Character
[2017.04.09-22.05.32:860][902]PIE:Error: Error Blueprint Runtime Error: Accessed None trying to read property My Character from function: 'GetText_0' from node: Switch on Int in graph: GetText_0 in object: HUDP1 with description: Accessed None trying to read property My Character
[2017.04.09-22.05.32:860][902]PIE:Error: Error Blueprint Runtime Error: Accessed None trying to read property My Character from function: 'GetText_0' from node: Switch on Int in graph: GetText_0 in object: HUDP1 with description: Accessed None trying to read property My Character
[2017.04.09-22.05.32:860][902]PIE:Error: Error Blueprint Runtime Error: Accessed None trying to read property My Character from function: 'GetText_0' from node: Switch on Int in graph: GetText_0 in object: HUDP1 with description: Accessed None trying to read property My Character
[2017.04.09-22.05.32:860][902]PIE:Error: Error Blueprint Runtime Error: Accessed None trying to read property My Character from function: 'GetText_0' from node: Switch on Int in graph: GetText_0 in object: HUDP1 with description: Accessed None trying to read property My Character
[2017.04.09-22.05.32:860][902]PIE:Error: Error Blueprint Runtime Error: Accessed None trying to read property My Character from function: 'GetText_0' from node: Switch on Int in graph: GetText_0 in object: HUDP1 with description: Accessed None trying to read property My Character
[2017.04.09-22.05.32:860][902]PIE:Error: Error Blueprint Runtime Error: Accessed None trying to read property My Character from function: 'GetText_0' from node: Switch on Int in graph: GetText_0 in object: HUDP1 with description: Accessed None trying to read property My Character
[2017.04.09-22.05.32:860][902]PIE:Error: Error Blueprint Runtime Error: Accessed None trying to read property My Character from function: 'GetText_0' from node: Switch on Int in graph: GetText_0 in object: HUDP1 with description: Accessed None trying to read property My Character
[2017.04.09-22.05.32:860][902]PIE:Error: Error Blueprint Runtime Error: Accessed None trying to read property My Character from function: 'GetText_0' from node: Switch on Int in graph: GetText_0 in object: HUDP1 with description: Accessed None trying to read property My Character
[2017.04.09-22.05.32:860][902]PIE:Error: Error Blueprint Runtime Error: Accessed None trying to read property My Character from function: 'GetText_0' from node: Switch on Int in graph: GetText_0 in object: HUDP1 with description: Accessed None trying to read property My Character
[2017.04.09-22.05.32:860][902]PIE:Error: Error Blueprint Runtime Error: Accessed None trying to read property My Character from function: 'GetText_0' from node: Switch on Int in graph: GetText_0 in object: HUDP1 with description: Accessed None trying to read property My Character
[2017.04.09-22.05.32:860][902]PIE:Error: Error Blueprint Runtime Error: Accessed None trying to read property My Character from function: 'GetText_0' from node: Switch on Int in graph: GetText_0 in object: HUDP1 with description: Accessed None trying to read property My Character
[2017.04.09-22.05.32:861][902]PIE:Error: Error Blueprint Runtime Error: Accessed None trying to read property My Character from function: 'GetText_0' from node: Switch on Int in graph: GetText_0 in object: HUDP1 with description: Accessed None trying to read property My Character
[2017.04.09-22.05.32:861][902]PIE:Error: Error Blueprint Runtime Error: Accessed None trying to read property My Character from function: 'GetText_0' from node: Switch on Int in graph: GetText_0 in object: HUDP1 with description: Accessed None trying to read property My Character
[2017.04.09-22.05.32:861][902]PIE:Error: Error Blueprint Runtime Error: Accessed None trying to read property My Character from function: 'GetText_0' from node: Switch on Int in graph: GetText_0 in object: HUDP1 with description: Accessed None trying to read property My Character
[2017.04.09-22.05.32:861][902]PIE:Error: Error Blueprint Runtime Error: Accessed None trying to read property My Character from function: 'GetText_0' from node: Switch on Int in graph: GetText_0 in object: HUDP1 with description: Accessed None trying to read property My Character
[2017.04.09-22.05.32:861][902]PIE:Error: Error Blueprint Runtime Error: Accessed None trying to read property My Character from function: 'GetText_0' from node: Switch on Int in graph: GetText_0 in object: HUDP1 with description: Accessed None trying to read property My Character
[2017.04.09-22.05.32:861][902]PIE:Error: Error Blueprint Runtime Error: Accessed None trying to read property My Character from function: 'GetText_0' from node: Switch on Int in graph: GetText_0 in object: HUDP1 with description: Accessed None trying to read property My Character
[2017.04.09-22.05.32:861][902]PIE:Error: Error Blueprint Runtime Error: Accessed None trying to read property My Character from function: 'GetText_0' from node: Switch on Int in graph: GetText_0 in object: HUDP1 with description: Accessed None trying to read property My Character
[2017.04.09-22.05.32:861][902]PIE:Error: Error Blueprint Runtime Error: Accessed None trying to read property My Character from function: 'GetText_0' from node: Switch on Int in graph: GetText_0 in object: HUDP1 with description: Accessed None trying to read property My Character
[2017.04.09-22.05.32:861][902]PIE:Error: Error Blueprint Runtime Error: Accessed None trying to read property My Character from function: 'GetText_0' from node: Switch on Int in graph: GetText_0 in object: HUDP1 with description: Accessed None trying to read property My Character
[2017.04.09-22.05.32:861][902]PIE:Error: Error Blueprint Runtime Error: Accessed None trying to read property My Character from function: 'GetText_0' from node: Switch on Int in graph: GetText_0 in object: HUDP1 with description: Accessed None trying to read property My Character
[2017.04.09-22.05.32:861][902]PIE:Error: Error Blueprint Runtime Error: Accessed None trying to read property My Character from function: 'GetText_0' from node: Switch on Int in graph: GetText_0 in object: HUDP1 with description: Accessed None trying to read property My Character
[2017.04.09-22.05.32:861][902]PIE:Error: Error Blueprint Runtime Error: Accessed None trying to read property My Character from function: 'GetText_0' from node: Switch on Int in graph: GetText_0 in object: HUDP1 with description: Accessed None trying to read property My Character
[2017.04.09-22.05.32:861][902]PIE:Error: Error Blueprint Runtime Error: Accessed None trying to read property My Character from function: 'GetText_0' from node: Switch on Int in graph: GetText_0 in object: HUDP1 with description: Accessed None trying to read property My Character
[2017.04.09-22.05.32:861][902]PIE:Error: Error Blueprint Runtime Error: Accessed None trying to read property My Character from function: 'GetText_0' from node: Switch on Int in graph: GetText_0 in object: HUDP1 with description: Accessed None trying to read property My Character
[2017.04.09-22.05.32:861][902]PIE:Error: Error Blueprint Runtime Error: Accessed None trying to read property My Character from function: 'GetText_0' from node: Switch on Int in graph: GetText_0 in object: HUDP1 with description: Accessed None trying to read property My Character
[2017.04.09-22.05.32:862][902]PIE:Error: Error Blueprint Runtime Error: Accessed None trying to read property My Character from function: 'GetText_0' from node: Switch on Int in graph: GetText_0 in object: HUDP1 with description: Accessed None trying to read property My Character
[2017.04.09-22.05.32:862][902]PIE:Error: Error Blueprint Runtime Error: Accessed None trying to read property My Character from function: 'GetText_0' from node: Switch on Int in graph: GetText_0 in object: HUDP1 with description: Accessed None trying to read property My Character
[2017.04.09-22.05.32:862][902]PIE:Error: Error Blueprint Runtime Error: Accessed None trying to read property My Character from function: 'GetText_0' from node: Switch on Int in graph: GetText_0 in object: HUDP1 with description: Accessed None trying to read property My Character
[2017.04.09-22.05.32:862][902]PIE:Error: Error Blueprint Runtime Error: Accessed None trying to read property My Character from function: 'GetText_0' from node: Switch on Int in graph: GetText_0 in object: HUDP1 with description: Accessed None trying to read property My Character
[2017.04.09-22.05.32:862][902]PIE:Error: Error Blueprint Runtime Error: Accessed None trying to read property My Character from function: 'GetText_0' from node: Switch on Int in graph: GetText_0 in object: HUDP1 with description: Accessed None trying to read property My Character
[2017.04.09-22.05.32:862][902]PIE:Error: Error Blueprint Runtime Error: Accessed None trying to read property My Character from function: 'GetText_0' from node: Switch on Int in graph: GetText_0 in object: HUDP1 with description: Accessed None trying to read property My Character
[2017.04.09-22.05.32:862][902]PIE:Error: Error Blueprint Runtime Error: Accessed None trying to read property My Character from function: 'GetText_0' from node: Switch on Int in graph: GetText_0 in object: HUDP1 with description: Accessed None trying to read property My Character
[2017.04.09-22.05.32:862][902]PIE:Error: Error Blueprint Runtime Error: Accessed None trying to read property My Character from function: 'GetText_0' from node: Switch on Int in graph: GetText_0 in object: HUDP1 with description: Accessed None trying to read property My Character
[2017.04.09-22.05.32:862][902]PIE:Error: Error Blueprint Runtime Error: Accessed None trying to read property My Character from function: 'GetText_0' from node: Switch on Int in graph: GetText_0 in object: HUDP1 with description: Accessed None trying to read property My Character
[2017.04.09-22.05.32:862][902]PIE:Error: Error Blueprint Runtime Error: Accessed None trying to read property My Character from function: 'GetText_0' from node: Switch on Int in graph: GetText_0 in object: HUDP1 with description: Accessed None trying to read property My Character
[2017.04.09-22.05.32:862][902]PIE:Error: Error Blueprint Runtime Error: Accessed None trying to read property My Character from function: 'GetText_0' from node: Switch on Int in graph: GetText_0 in object: HUDP1 with description: Accessed None trying to read property My Character
[2017.04.09-22.05.32:862][902]PIE:Error: Error Blueprint Runtime Error: Accessed None trying to read property My Character from function: 'GetText_0' from node: Switch on Int in graph: GetText_0 in object: HUDP1 with description: Accessed None trying to read property My Character
[2017.04.09-22.05.32:862][902]PIE:Error: Error Blueprint Runtime Error: Accessed None trying to read property My Character from function: 'GetText_0' from node: Switch on Int in graph: GetText_0 in object: HUDP1 with description: Accessed None trying to read property My Character
[2017.04.09-22.05.32:862][902]PIE:Error: Error Blueprint Runtime Error: Accessed None trying to read property My Character from function: 'GetText_0' from node: Switch on Int in graph: GetText_0 in object: HUDP1 with description: Accessed None trying to read property My Character
[2017.04.09-22.05.32:863][902]PIE:Error: Error Blueprint Runtime Error: Accessed None trying to read property My Character from function: 'GetText_0' from node: Switch on Int in graph: GetText_0 in object: HUDP1 with description: Accessed None trying to read property My Character
[2017.04.09-22.05.32:863][902]PIE:Error: Error Blueprint Runtime Error: Accessed None trying to read property My Character from function: 'GetText_0' from node: Switch on Int in graph: GetText_0 in object: HUDP1 with description: Accessed None trying to read property My Character
[2017.04.09-22.05.32:863][902]PIE:Error: Error Blueprint Runtime Error: Accessed None trying to read property My Character from function: 'GetText_0' from node: Switch on Int in graph: GetText_0 in object: HUDP1 with description: Accessed None trying to read property My Character
[2017.04.09-22.05.32:863][902]PIE:Error: Error Blueprint Runtime Error: Accessed None trying to read property My Character from function: 'GetText_0' from node: Switch on Int in graph: GetText_0 in object: HUDP1 with description: Accessed None trying to read property My Character
[2017.04.09-22.05.32:863][902]PIE:Error: Error Blueprint Runtime Error: Accessed None trying to read property My Character from function: 'GetText_0' from node: Switch on Int in graph: GetText_0 in object: HUDP1 with description: Accessed None trying to read property My Character
[2017.04.09-22.05.32:863][902]PIE:Error: Error Blueprint Runtime Error: Accessed None trying to read property My Character from function: 'GetText_0' from node: Switch on Int in graph: GetText_0 in object: HUDP1 with description: Accessed None trying to read property My Character
[2017.04.09-22.05.32:863][902]PIE:Error: Error Blueprint Runtime Error: Accessed None trying to read property My Character from function: 'GetText_0' from node: Switch on Int in graph: GetText_0 in object: HUDP1 with description: Accessed None trying to read property My Character
[2017.04.09-22.05.32:863][902]PIE:Error: Error Blueprint Runtime Error: Accessed None trying to read property My Character from function: 'GetText_0' from node: Switch on Int in graph: GetText_0 in object: HUDP1 with description: Accessed None trying to read property My Character
[2017.04.09-22.05.32:863][902]PIE:Error: Error Blueprint Runtime Error: Accessed None trying to read property My Character from function: 'GetText_0' from node: Switch on Int in graph: GetText_0 in object: HUDP1 with description: Accessed None trying to read property My Character
[2017.04.09-22.05.32:863][902]PIE:Error: Error Blueprint Runtime Error: Accessed None trying to read property My Character from function: 'GetText_0' from node: Switch on Int in graph: GetText_0 in object: HUDP1 with description: Accessed None trying to read property My Character
[2017.04.09-22.05.32:863][902]PIE:Error: Error Blueprint Runtime Error: Accessed None trying to read property My Character from function: 'GetText_0' from node: Switch on Int in graph: GetText_0 in object: HUDP1 with description: Accessed None trying to read property My Character
[2017.04.09-22.05.32:863][902]PIE:Error: Error Blueprint Runtime Error: Accessed None trying to read property My Character from function: 'GetText_0' from node: Switch on Int in graph: GetText_0 in object: HUDP1 with description: Accessed None trying to read property My Character
[2017.04.09-22.05.32:863][902]PIE:Error: Error Blueprint Runtime Error: Accessed None trying to read property My Character from function: 'GetText_0' from node: Switch on Int in graph: GetText_0 in object: HUDP1 with description: Accessed None trying to read property My Character
[2017.04.09-22.05.32:863][902]PIE:Error: Error Blueprint Runtime Error: Accessed None trying to read property My Character from function: 'GetText_0' from node: Switch on Int in graph: GetText_0 in object: HUDP1 with description: Accessed None trying to read property My Character
[2017.04.09-22.05.32:863][902]PIE:Error: Error Blueprint Runtime Error: Accessed None trying to read property My Character from function: 'GetText_0' from node: Switch on Int in graph: GetText_0 in object: HUDP1 with description: Accessed None trying to read property My Character
[2017.04.09-22.05.32:864][902]PIE:Error: Error Blueprint Runtime Error: Accessed None trying to read property My Character from function: 'GetText_0' from node: Switch on Int in graph: GetText_0 in object: HUDP1 with description: Accessed None trying to read property My Character
[2017.04.09-22.05.32:864][902]PIE:Error: Error Blueprint Runtime Error: Accessed None trying to read property My Character from function: 'GetText_0' from node: Switch on Int in graph: GetText_0 in object: HUDP1 with description: Accessed None trying to read property My Character
[2017.04.09-22.05.32:864][902]PIE:Error: Error Blueprint Runtime Error: Accessed None trying to read property My Character from function: 'GetText_0' from node: Switch on Int in graph: GetText_0 in object: HUDP1 with description: Accessed None trying to read property My Character
[2017.04.09-22.05.32:864][902]PIE:Error: Error Blueprint Runtime Error: Accessed None trying to read property My Character from function: 'GetText_0' from node: Switch on Int in graph: GetText_0 in object: HUDP1 with description: Accessed None trying to read property My Character
[2017.04.09-22.05.32:864][902]PIE:Error: Error Blueprint Runtime Error: Accessed None trying to read property My Character from function: 'GetText_0' from node: Switch on Int in graph: GetText_0 in object: HUDP1 with description: Accessed None trying to read property My Character
[2017.04.09-22.05.32:864][902]PIE:Error: Error Blueprint Runtime Error: Accessed None trying to read property My Character from function: 'GetText_0' from node: Switch on Int in graph: GetText_0 in object: HUDP1 with description: Accessed None trying to read property My Character
[2017.04.09-22.05.32:864][902]PIE:Error: Error Blueprint Runtime Error: Accessed None trying to read property My Character from function: 'GetText_0' from node: Switch on Int in graph: GetText_0 in object: HUDP1 with description: Accessed None trying to read property My Character
[2017.04.09-22.05.32:864][902]PIE:Error: Error Blueprint Runtime Error: Accessed None trying to read property My Character from function: 'GetText_0' from node: Switch on Int in graph: GetText_0 in object: HUDP1 with description: Accessed None trying to read property My Character
[2017.04.09-22.05.32:864][902]PIE:Error: Error Blueprint Runtime Error: Accessed None trying to read property My Character from function: 'GetText_0' from node: Switch on Int in graph: GetText_0 in object: HUDP1 with description: Accessed None trying to read property My Character
[2017.04.09-22.05.32:864][902]PIE:Error: Error Blueprint Runtime Error: Accessed None trying to read property My Character from function: 'GetText_0' from node: Switch on Int in graph: GetText_0 in object: HUDP1 with description: Accessed None trying to read property My Character
[2017.04.09-22.05.32:864][902]PIE:Error: Error Blueprint Runtime Error: Accessed None trying to read property My Character from function: 'GetText_0' from node: Switch on Int in graph: GetText_0 in object: HUDP1 with description: Accessed None trying to read property My Character
[2017.04.09-22.05.32:864][902]PIE:Error: Error Blueprint Runtime Error: Accessed None trying to read property My Character from function: 'GetText_0' from node: Switch on Int in graph: GetText_0 in object: HUDP1 with description: Accessed None trying to read property My Character
[2017.04.09-22.05.32:864][902]PIE:Error: Error Blueprint Runtime Error: Accessed None trying to read property My Character from function: 'GetText_0' from node: Switch on Int in graph: GetText_0 in object: HUDP1 with description: Accessed None trying to read property My Character
[2017.04.09-22.05.32:864][902]PIE:Error: Error Blueprint Runtime Error: Accessed None trying to read property My Character from function: 'GetText_0' from node: Switch on Int in graph: GetText_0 in object: HUDP1 with description: Accessed None trying to read property My Character
[2017.04.09-22.05.32:865][902]PIE:Error: Error Blueprint Runtime Error: Accessed None trying to read property My Character from function: 'GetText_0' from node: Switch on Int in graph: GetText_0 in object: HUDP1 with description: Accessed None trying to read property My Character
[2017.04.09-22.05.32:865][902]PIE:Error: Error Blueprint Runtime Error: Accessed None trying to read property My Character from function: 'GetText_0' from node: Switch on Int in graph: GetText_0 in object: HUDP1 with description: Accessed None trying to read property My Character
[2017.04.09-22.05.32:865][902]PIE:Error: Error Blueprint Runtime Error: Accessed None trying to read property My Character from function: 'GetText_0' from node: Switch on Int in graph: GetText_0 in object: HUDP1 with description: Accessed None trying to read property My Character
[2017.04.09-22.05.32:865][902]PIE:Error: Error Blueprint Runtime Error: Accessed None trying to read property My Character from function: 'GetText_0' from node: Switch on Int in graph: GetText_0 in object: HUDP1 with description: Accessed None trying to read property My Character
[2017.04.09-22.05.32:865][902]PIE:Error: Error Blueprint Runtime Error: Accessed None trying to read property My Character from function: 'GetText_0' from node: Switch on Int in graph: GetText_0 in object: HUDP1 with description: Accessed None trying to read property My Character
[2017.04.09-22.05.32:865][902]PIE:Error: Error Blueprint Runtime Error: Accessed None trying to read property My Character from function: 'GetText_0' from node: Switch on Int in graph: GetText_0 in object: HUDP1 with description: Accessed None trying to read property My Character
[2017.04.09-22.05.32:865][902]PIE:Error: Error Blueprint Runtime Error: Accessed None trying to read property My Character from function: 'GetText_0' from node: Switch on Int in graph: GetText_0 in object: HUDP1 with description: Accessed None trying to read property My Character
[2017.04.09-22.05.32:865][902]PIE:Error: Error Blueprint Runtime Error: Accessed None trying to read property My Character from function: 'GetText_0' from node: Switch on Int in graph: GetText_0 in object: HUDP1 with description: Accessed None trying to read property My Character
[2017.04.09-22.05.32:865][902]PIE:Error: Error Blueprint Runtime Error: Accessed None trying to read property My Character from function: 'GetText_0' from node: Switch on Int in graph: GetText_0 in object: HUDP1 with description: Accessed None trying to read property My Character
[2017.04.09-22.05.32:865][902]PIE:Error: Error Blueprint Runtime Error: Accessed None trying to read property My Character from function: 'GetText_0' from node: Switch on Int in graph: GetText_0 in object: HUDP1 with description: Accessed None trying to read property My Character
[2017.04.09-22.05.32:865][902]PIE:Error: Error Blueprint Runtime Error: Accessed None trying to read property My Character from function: 'GetText_0' from node: Switch on Int in graph: GetText_0 in object: HUDP1 with description: Accessed None trying to read property My Character
[2017.04.09-22.05.32:865][902]PIE:Error: Error Blueprint Runtime Error: Accessed None trying to read property My Character from function: 'GetText_0' from node: Switch on Int in graph: GetText_0 in object: HUDP1 with description: Accessed None trying to read property My Character
[2017.04.09-22.05.32:865][902]PIE:Error: Error Blueprint Runtime Error: Accessed None trying to read property My Character from function: 'GetText_0' from node: Switch on Int in graph: GetText_0 in object: HUDP1 with description: Accessed None trying to read property My Character
[2017.04.09-22.05.32:865][902]PIE:Error: Error Blueprint Runtime Error: Accessed None trying to read property My Character from function: 'GetText_0' from node: Switch on Int in graph: GetText_0 in object: HUDP1 with description: Accessed None trying to read property My Character
[2017.04.09-22.05.32:865][902]PIE:Error: Error Blueprint Runtime Error: Accessed None trying to read property My Character from function: 'GetText_0' from node: Switch on Int in graph: GetText_0 in object: HUDP1 with description: Accessed None trying to read property My Character
[2017.04.09-22.05.32:866][902]PIE:Error: Error Blueprint Runtime Error: Accessed None trying to read property My Character from function: 'GetText_0' from node: Switch on Int in graph: GetText_0 in object: HUDP1 with description: Accessed None trying to read property My Character
[2017.04.09-22.05.32:866][902]PIE:Error: Error Blueprint Runtime Error: Accessed None trying to read property My Character from function: 'GetText_0' from node: Switch on Int in graph: GetText_0 in object: HUDP1 with description: Accessed None trying to read property My Character
[2017.04.09-22.05.32:866][902]PIE:Error: Error Blueprint Runtime Error: Accessed None trying to read property My Character from function: 'GetText_0' from node: Switch on Int in graph: GetText_0 in object: HUDP1 with description: Accessed None trying to read property My Character
[2017.04.09-22.05.32:866][902]PIE:Error: Error Blueprint Runtime Error: Accessed None trying to read property My Character from function: 'GetText_0' from node: Switch on Int in graph: GetText_0 in object: HUDP1 with description: Accessed None trying to read property My Character
[2017.04.09-22.05.32:866][902]PIE:Error: Error Blueprint Runtime Error: Accessed None trying to read property My Character from function: 'GetText_0' from node: Switch on Int in graph: GetText_0 in object: HUDP1 with description: Accessed None trying to read property My Character
[2017.04.09-22.05.32:866][902]PIE:Error: Error Blueprint Runtime Error: Accessed None trying to read property My Character from function: 'GetText_0' from node: Switch on Int in graph: GetText_0 in object: HUDP1 with description: Accessed None trying to read property My Character
[2017.04.09-22.05.32:866][902]PIE:Error: Error Blueprint Runtime Error: Accessed None trying to read property My Character from function: 'GetText_0' from node: Switch on Int in graph: GetText_0 in object: HUDP1 with description: Accessed None trying to read property My Character
[2017.04.09-22.05.32:866][902]PIE:Error: Error Blueprint Runtime Error: Accessed None trying to read property My Character from function: 'GetText_0' from node: Switch on Int in graph: GetText_0 in object: HUDP1 with description: Accessed None trying to read property My Character
[2017.04.09-22.05.32:866][902]PIE:Error: Error Blueprint Runtime Error: Accessed None trying to read property My Character from function: 'GetText_0' from node: Switch on Int in graph: GetText_0 in object: HUDP1 with description: Accessed None trying to read property My Character
[2017.04.09-22.05.32:866][902]PIE:Error: Error Blueprint Runtime Error: Accessed None trying to read property My Character from function: 'GetText_0' from node: Switch on Int in graph: GetText_0 in object: HUDP1 with description: Accessed None trying to read property My Character
[2017.04.09-22.05.32:866][902]PIE:Error: Error Blueprint Runtime Error: Accessed None trying to read property My Character from function: 'GetText_0' from node: Switch on Int in graph: GetText_0 in object: HUDP1 with description: Accessed None trying to read property My Character
[2017.04.09-22.05.32:866][902]PIE:Error: Error Blueprint Runtime Error: Accessed None trying to read property My Character from function: 'GetText_0' from node: Switch on Int in graph: GetText_0 in object: HUDP1 with description: Accessed None trying to read property My Character
[2017.04.09-22.05.32:866][902]PIE:Error: Error Blueprint Runtime Error: Accessed None trying to read property My Character from function: 'GetText_0' from node: Switch on Int in graph: GetText_0 in object: HUDP1 with description: Accessed None trying to read property My Character
[2017.04.09-22.05.32:867][902]PIE:Error: Error Blueprint Runtime Error: Accessed None trying to read property My Character from function: 'GetText_0' from node: Switch on Int in graph: GetText_0 in object: HUDP1 with description: Accessed None trying to read property My Character
[2017.04.09-22.05.32:867][902]PIE:Error: Error Blueprint Runtime Error: Accessed None trying to read property My Character from function: 'GetText_0' from node: Switch on Int in graph: GetText_0 in object: HUDP1 with description: Accessed None trying to read property My Character
[2017.04.09-22.05.32:867][902]PIE:Error: Error Blueprint Runtime Error: Accessed None trying to read property My Character from function: 'GetText_0' from node: Switch on Int in graph: GetText_0 in object: HUDP1 with description: Accessed None trying to read property My Character
[2017.04.09-22.05.32:867][902]PIE:Error: Error Blueprint Runtime Error: Accessed None trying to read property My Character from function: 'GetText_0' from node: Switch on Int in graph: GetText_0 in object: HUDP1 with description: Accessed None trying to read property My Character
[2017.04.09-22.05.32:867][902]PIE:Error: Error Blueprint Runtime Error: Accessed None trying to read property My Character from function: 'GetText_0' from node: Switch on Int in graph: GetText_0 in object: HUDP1 with description: Accessed None trying to read property My Character
[2017.04.09-22.05.32:867][902]PIE:Error: Error Blueprint Runtime Error: Accessed None trying to read property My Character from function: 'GetText_0' from node: Switch on Int in graph: GetText_0 in object: HUDP1 with description: Accessed None trying to read property My Character
[2017.04.09-22.05.32:867][902]PIE:Error: Error Blueprint Runtime Error: Accessed None trying to read property My Character from function: 'GetText_0' from node: Switch on Int in graph: GetText_0 in object: HUDP1 with description: Accessed None trying to read property My Character
[2017.04.09-22.05.32:867][902]PIE:Error: Error Blueprint Runtime Error: Accessed None trying to read property My Character from function: 'GetText_0' from node: Switch on Int in graph: GetText_0 in object: HUDP1 with description: Accessed None trying to read property My Character
[2017.04.09-22.05.32:867][902]PIE:Error: Error Blueprint Runtime Error: Accessed None trying to read property My Character from function: 'GetText_0' from node: Switch on Int in graph: GetText_0 in object: HUDP1 with description: Accessed None trying to read property My Character
[2017.04.09-22.05.32:867][902]PIE:Error: Error Blueprint Runtime Error: Accessed None trying to read property My Character from function: 'GetText_0' from node: Switch on Int in graph: GetText_0 in object: HUDP1 with description: Accessed None trying to read property My Character
[2017.04.09-22.05.32:867][902]PIE:Error: Error Blueprint Runtime Error: Accessed None trying to read property My Character from function: 'GetText_0' from node: Switch on Int in graph: GetText_0 in object: HUDP1 with description: Accessed None trying to read property My Character
[2017.04.09-22.05.32:867][902]PIE:Error: Error Blueprint Runtime Error: Accessed None trying to read property My Character from function: 'GetText_0' from node: Switch on Int in graph: GetText_0 in object: HUDP1 with description: Accessed None trying to read property My Character
[2017.04.09-22.05.32:867][902]PIE:Error: Error Blueprint Runtime Error: Accessed None trying to read property My Character from function: 'GetText_0' from node: Switch on Int in graph: GetText_0 in object: HUDP1 with description: Accessed None trying to read property My Character
[2017.04.09-22.05.32:867][902]PIE:Error: Error Blueprint Runtime Error: Accessed None trying to read property My Character from function: 'GetText_0' from node: Switch on Int in graph: GetText_0 in object: HUDP1 with description: Accessed None trying to read property My Character
[2017.04.09-22.05.32:868][902]PIE:Error: Error Blueprint Runtime Error: Accessed None trying to read property My Character from function: 'GetText_0' from node: Switch on Int in graph: GetText_0 in object: HUDP1 with description: Accessed None trying to read property My Character
[2017.04.09-22.05.32:868][902]PIE:Error: Error Blueprint Runtime Error: Accessed None trying to read property My Character from function: 'GetText_0' from node: Switch on Int in graph: GetText_0 in object: HUDP1 with description: Accessed None trying to read property My Character
[2017.04.09-22.05.32:868][902]PIE:Error: Error Blueprint Runtime Error: Accessed None trying to read property My Character from function: 'GetText_0' from node: Switch on Int in graph: GetText_0 in object: HUDP1 with description: Accessed None trying to read property My Character
[2017.04.09-22.05.32:868][902]PIE:Error: Error Blueprint Runtime Error: Accessed None trying to read property My Character from function: 'GetText_0' from node: Switch on Int in graph: GetText_0 in object: HUDP1 with description: Accessed None trying to read property My Character
[2017.04.09-22.05.32:868][902]PIE:Error: Error Blueprint Runtime Error: Accessed None trying to read property My Character from function: 'GetText_0' from node: Switch on Int in graph: GetText_0 in object: HUDP1 with description: Accessed None trying to read property My Character
[2017.04.09-22.05.32:868][902]PIE:Error: Error Blueprint Runtime Error: Accessed None trying to read property My Character from function: 'GetText_0' from node: Switch on Int in graph: GetText_0 in object: HUDP1 with description: Accessed None trying to read property My Character
[2017.04.09-22.05.32:868][902]PIE:Error: Error Blueprint Runtime Error: Accessed None trying to read property My Character from function: 'GetText_0' from node: Switch on Int in graph: GetText_0 in object: HUDP1 with description: Accessed None trying to read property My Character
[2017.04.09-22.05.32:868][902]PIE:Error: Error Blueprint Runtime Error: Accessed None trying to read property My Character from function: 'GetText_0' from node: Switch on Int in graph: GetText_0 in object: HUDP1 with description: Accessed None trying to read property My Character
[2017.04.09-22.05.32:868][902]PIE:Error: Error Blueprint Runtime Error: Accessed None trying to read property My Character from function: 'GetText_0' from node: Switch on Int in graph: GetText_0 in object: HUDP1 with description: Accessed None trying to read property My Character
[2017.04.09-22.05.32:868][902]PIE:Error: Error Blueprint Runtime Error: Accessed None trying to read property My Character from function: 'GetText_0' from node: Switch on Int in graph: GetText_0 in object: HUDP1 with description: Accessed None trying to read property My Character
[2017.04.09-22.05.32:868][902]PIE:Error: Error Blueprint Runtime Error: Accessed None trying to read property My Character from function: 'GetText_0' from node: Switch on Int in graph: GetText_0 in object: HUDP1 with description: Accessed None trying to read property My Character
[2017.04.09-22.05.32:868][902]PIE:Error: Error Blueprint Runtime Error: Accessed None trying to read property My Character from function: 'GetText_0' from node: Switch on Int in graph: GetText_0 in object: HUDP1 with description: Accessed None trying to read property My Character
[2017.04.09-22.05.32:868][902]PIE:Error: Error Blueprint Runtime Error: Accessed None trying to read property My Character from function: 'GetText_0' from node: Switch on Int in graph: GetText_0 in object: HUDP1 with description: Accessed None trying to read property My Character
[2017.04.09-22.05.32:868][902]PIE:Error: Error Blueprint Runtime Error: Accessed None trying to read property My Character from function: 'GetText_0' from node: Switch on Int in graph: GetText_0 in object: HUDP1 with description: Accessed None trying to read property My Character
[2017.04.09-22.05.32:869][902]PIE:Error: Error Blueprint Runtime Error: Accessed None trying to read property My Character from function: 'GetText_0' from node: Switch on Int in graph: GetText_0 in object: HUDP1 with description: Accessed None trying to read property My Character
[2017.04.09-22.05.32:869][902]PIE:Error: Error Blueprint Runtime Error: Accessed None trying to read property My Character from function: 'GetText_0' from node: Switch on Int in graph: GetText_0 in object: HUDP1 with description: Accessed None trying to read property My Character
[2017.04.09-22.05.32:869][902]PIE:Error: Error Blueprint Runtime Error: Accessed None trying to read property My Character from function: 'GetText_0' from node: Switch on Int in graph: GetText_0 in object: HUDP1 with description: Accessed None trying to read property My Character
[2017.04.09-22.05.32:869][902]PIE:Error: Error Blueprint Runtime Error: Accessed None trying to read property My Character from function: 'GetText_0' from node: Switch on Int in graph: GetText_0 in object: HUDP1 with description: Accessed None trying to read property My Character
[2017.04.09-22.05.32:869][902]PIE:Error: Error Blueprint Runtime Error: Accessed None trying to read property My Character from function: 'GetText_0' from node: Switch on Int in graph: GetText_0 in object: HUDP1 with description: Accessed None trying to read property My Character
[2017.04.09-22.05.32:869][902]PIE:Error: Error Blueprint Runtime Error: Accessed None trying to read property My Character from function: 'GetText_0' from node: Switch on Int in graph: GetText_0 in object: HUDP1 with description: Accessed None trying to read property My Character
[2017.04.09-22.05.32:869][902]PIE:Error: Error Blueprint Runtime Error: Accessed None trying to read property My Character from function: 'GetText_0' from node: Switch on Int in graph: GetText_0 in object: HUDP1 with description: Accessed None trying to read property My Character
[2017.04.09-22.05.32:869][902]PIE:Error: Error Blueprint Runtime Error: Accessed None trying to read property My Character from function: 'GetText_0' from node: Switch on Int in graph: GetText_0 in object: HUDP1 with description: Accessed None trying to read property My Character
[2017.04.09-22.05.32:869][902]PIE:Error: Error Blueprint Runtime Error: Accessed None trying to read property My Character from function: 'GetText_0' from node: Switch on Int in graph: GetText_0 in object: HUDP1 with description: Accessed None trying to read property My Character
[2017.04.09-22.05.32:869][902]PIE:Error: Error Blueprint Runtime Error: Accessed None trying to read property My Character from function: 'GetText_0' from node: Switch on Int in graph: GetText_0 in object: HUDP1 with description: Accessed None trying to read property My Character
[2017.04.09-22.05.32:869][902]PIE:Error: Error Blueprint Runtime Error: Accessed None trying to read property My Character from function: 'GetText_0' from node: Switch on Int in graph: GetText_0 in object: HUDP1 with description: Accessed None trying to read property My Character
[2017.04.09-22.05.32:869][902]PIE:Error: Error Blueprint Runtime Error: Accessed None trying to read property My Character from function: 'GetText_0' from node: Switch on Int in graph: GetText_0 in object: HUDP1 with description: Accessed None trying to read property My Character
[2017.04.09-22.05.32:869][902]PIE:Error: Error Blueprint Runtime Error: Accessed None trying to read property My Character from function: 'GetText_0' from node: Switch on Int in graph: GetText_0 in object: HUDP1 with description: Accessed None trying to read property My Character
[2017.04.09-22.05.32:869][902]PIE:Error: Error Blueprint Runtime Error: Accessed None trying to read property My Character from function: 'GetText_0' from node: Switch on Int in graph: GetText_0 in object: HUDP1 with description: Accessed None trying to read property My Character
[2017.04.09-22.05.32:870][902]PIE:Error: Error Blueprint Runtime Error: Accessed None trying to read property My Character from function: 'GetText_0' from node: Switch on Int in graph: GetText_0 in object: HUDP1 with description: Accessed None trying to read property My Character
[2017.04.09-22.05.32:870][902]PIE:Error: Error Blueprint Runtime Error: Accessed None trying to read property My Character from function: 'GetText_0' from node: Switch on Int in graph: GetText_0 in object: HUDP1 with description: Accessed None trying to read property My Character
[2017.04.09-22.05.32:870][902]PIE:Error: Error Blueprint Runtime Error: Accessed None trying to read property My Character from function: 'GetText_0' from node: Switch on Int in graph: GetText_0 in object: HUDP1 with description: Accessed None trying to read property My Character
[2017.04.09-22.05.32:870][902]PIE:Error: Error Blueprint Runtime Error: Accessed None trying to read property My Character from function: 'GetText_0' from node: Switch on Int in graph: GetText_0 in object: HUDP1 with description: Accessed None trying to read property My Character
[2017.04.09-22.05.32:870][902]PIE:Error: Error Blueprint Runtime Error: Accessed None trying to read property My Character from function: 'GetText_0' from node: Switch on Int in graph: GetText_0 in object: HUDP1 with description: Accessed None trying to read property My Character
[2017.04.09-22.05.32:870][902]PIE:Error: Error Blueprint Runtime Error: Accessed None trying to read property My Character from function: 'GetText_0' from node: Switch on Int in graph: GetText_0 in object: HUDP1 with description: Accessed None trying to read property My Character
[2017.04.09-22.05.32:870][902]PIE:Error: Error Blueprint Runtime Error: Accessed None trying to read property My Character from function: 'GetText_0' from node: Switch on Int in graph: GetText_0 in object: HUDP1 with description: Accessed None trying to read property My Character
[2017.04.09-22.05.32:870][902]PIE:Error: Error Blueprint Runtime Error: Accessed None trying to read property My Character from function: 'GetText_0' from node: Switch on Int in graph: GetText_0 in object: HUDP1 with description: Accessed None trying to read property My Character
[2017.04.09-22.05.32:870][902]PIE:Error: Error Blueprint Runtime Error: Accessed None trying to read property My Character from function: 'GetText_0' from node: Switch on Int in graph: GetText_0 in object: HUDP1 with description: Accessed None trying to read property My Character
[2017.04.09-22.05.32:870][902]PIE:Error: Error Blueprint Runtime Error: Accessed None trying to read property My Character from function: 'GetText_0' from node: Switch on Int in graph: GetText_0 in object: HUDP1 with description: Accessed None trying to read property My Character
[2017.04.09-22.05.32:870][902]PIE:Error: Error Blueprint Runtime Error: Accessed None trying to read property My Character from function: 'GetText_0' from node: Switch on Int in graph: GetText_0 in object: HUDP1 with description: Accessed None trying to read property My Character
[2017.04.09-22.05.32:870][902]PIE:Error: Error Blueprint Runtime Error: Accessed None trying to read property My Character from function: 'GetText_0' from node: Switch on Int in graph: GetText_0 in object: HUDP1 with description: Accessed None trying to read property My Character
[2017.04.09-22.05.32:870][902]PIE:Error: Error Blueprint Runtime Error: Accessed None trying to read property My Character from function: 'GetText_0' from node: Switch on Int in graph: GetText_0 in object: HUDP1 with description: Accessed None trying to read property My Character
[2017.04.09-22.05.32:870][902]PIE:Error: Error Blueprint Runtime Error: Accessed None trying to read property My Character from function: 'GetText_0' from node: Switch on Int in graph: GetText_0 in object: HUDP1 with description: Accessed None trying to read property My Character
[2017.04.09-22.05.32:870][902]PIE:Error: Error Blueprint Runtime Error: Accessed None trying to read property My Character from function: 'GetText_0' from node: Switch on Int in graph: GetText_0 in object: HUDP1 with description: Accessed None trying to read property My Character
[2017.04.09-22.05.32:871][902]PIE:Error: Error Blueprint Runtime Error: Accessed None trying to read property My Character from function: 'GetText_0' from node: Switch on Int in graph: GetText_0 in object: HUDP1 with description: Accessed None trying to read property My Character
[2017.04.09-22.05.32:871][902]PIE:Error: Error Blueprint Runtime Error: Accessed None trying to read property My Character from function: 'GetText_0' from node: Switch on Int in graph: GetText_0 in object: HUDP1 with description: Accessed None trying to read property My Character
[2017.04.09-22.05.32:871][902]PIE:Error: Error Blueprint Runtime Error: Accessed None trying to read property My Character from function: 'GetText_0' from node: Switch on Int in graph: GetText_0 in object: HUDP1 with description: Accessed None trying to read property My Character
[2017.04.09-22.05.32:871][902]PIE:Error: Error Blueprint Runtime Error: Accessed None trying to read property My Character from function: 'GetText_0' from node: Switch on Int in graph: GetText_0 in object: HUDP1 with description: Accessed None trying to read property My Character
[2017.04.09-22.05.32:871][902]PIE:Error: Error Blueprint Runtime Error: Accessed None trying to read property My Character from function: 'GetText_0' from node: Switch on Int in graph: GetText_0 in object: HUDP1 with description: Accessed None trying to read property My Character
[2017.04.09-22.05.32:871][902]PIE:Error: Error Blueprint Runtime Error: Accessed None trying to read property My Character from function: 'GetText_0' from node: Switch on Int in graph: GetText_0 in object: HUDP1 with description: Accessed None trying to read property My Character
[2017.04.09-22.05.32:871][902]PIE:Error: Error Blueprint Runtime Error: Accessed None trying to read property My Character from function: 'GetText_0' from node: Switch on Int in graph: GetText_0 in object: HUDP1 with description: Accessed None trying to read property My Character
[2017.04.09-22.05.32:871][902]PIE:Error: Error Blueprint Runtime Error: Accessed None trying to read property My Character from function: 'GetText_0' from node: Switch on Int in graph: GetText_0 in object: HUDP1 with description: Accessed None trying to read property My Character
[2017.04.09-22.05.32:871][902]PIE:Error: Error Blueprint Runtime Error: Accessed None trying to read property My Character from function: 'GetText_0' from node: Switch on Int in graph: GetText_0 in object: HUDP1 with description: Accessed None trying to read property My Character
[2017.04.09-22.05.32:871][902]PIE:Error: Error Blueprint Runtime Error: Accessed None trying to read property My Character from function: 'GetText_0' from node: Switch on Int in graph: GetText_0 in object: HUDP1 with description: Accessed None trying to read property My Character
[2017.04.09-22.05.32:871][902]PIE:Error: Error Blueprint Runtime Error: Accessed None trying to read property My Character from function: 'GetText_0' from node: Switch on Int in graph: GetText_0 in object: HUDP1 with description: Accessed None trying to read property My Character
[2017.04.09-22.05.32:871][902]PIE:Error: Error Blueprint Runtime Error: Accessed None trying to read property My Character from function: 'GetText_0' from node: Switch on Int in graph: GetText_0 in object: HUDP1 with description: Accessed None trying to read property My Character
[2017.04.09-22.05.32:871][902]PIE:Error: Error Blueprint Runtime Error: Accessed None trying to read property My Character from function: 'GetText_0' from node: Switch on Int in graph: GetText_0 in object: HUDP1 with description: Accessed None trying to read property My Character
[2017.04.09-22.05.32:871][902]PIE:Error: Error Blueprint Runtime Error: Accessed None trying to read property My Character from function: 'GetText_0' from node: Switch on Int in graph: GetText_0 in object: HUDP1 with description: Accessed None trying to read property My Character
[2017.04.09-22.05.32:872][902]PIE:Error: Error Blueprint Runtime Error: Accessed None trying to read property My Character from function: 'GetText_0' from node: Switch on Int in graph: GetText_0 in object: HUDP1 with description: Accessed None trying to read property My Character
[2017.04.09-22.05.32:872][902]PIE:Error: Error Blueprint Runtime Error: Accessed None trying to read property My Character from function: 'GetText_0' from node: Switch on Int in graph: GetText_0 in object: HUDP1 with description: Accessed None trying to read property My Character
[2017.04.09-22.05.32:872][902]PIE:Error: Error Blueprint Runtime Error: Accessed None trying to read property My Character from function: 'GetText_0' from node: Switch on Int in graph: GetText_0 in object: HUDP1 with description: Accessed None trying to read property My Character
[2017.04.09-22.05.32:872][902]PIE:Error: Error Blueprint Runtime Error: Accessed None trying to read property My Character from function: 'GetText_0' from node: Switch on Int in graph: GetText_0 in object: HUDP1 with description: Accessed None trying to read property My Character
[2017.04.09-22.05.32:872][902]PIE:Error: Error Blueprint Runtime Error: Accessed None trying to read property My Character from function: 'GetText_0' from node: Switch on Int in graph: GetText_0 in object: HUDP1 with description: Accessed None trying to read property My Character
[2017.04.09-22.05.32:872][902]PIE:Error: Error Blueprint Runtime Error: Accessed None trying to read property My Character from function: 'GetText_0' from node: Switch on Int in graph: GetText_0 in object: HUDP1 with description: Accessed None trying to read property My Character
[2017.04.09-22.05.32:872][902]PIE:Error: Error Blueprint Runtime Error: Accessed None trying to read property My Character from function: 'GetText_0' from node: Switch on Int in graph: GetText_0 in object: HUDP1 with description: Accessed None trying to read property My Character
[2017.04.09-22.05.32:872][902]PIE:Error: Error Blueprint Runtime Error: Accessed None trying to read property My Character from function: 'GetText_0' from node: Switch on Int in graph: GetText_0 in object: HUDP1 with description: Accessed None trying to read property My Character
[2017.04.09-22.05.32:872][902]PIE:Error: Error Blueprint Runtime Error: Accessed None trying to read property My Character from function: 'GetText_0' from node: Switch on Int in graph: GetText_0 in object: HUDP1 with description: Accessed None trying to read property My Character
[2017.04.09-22.05.32:872][902]PIE:Error: Error Blueprint Runtime Error: Accessed None trying to read property My Character from function: 'GetText_0' from node: Switch on Int in graph: GetText_0 in object: HUDP1 with description: Accessed None trying to read property My Character
[2017.04.09-22.05.32:872][902]PIE:Error: Error Blueprint Runtime Error: Accessed None trying to read property My Character from function: 'GetText_0' from node: Switch on Int in graph: GetText_0 in object: HUDP1 with description: Accessed None trying to read property My Character
[2017.04.09-22.05.32:872][902]PIE:Error: Error Blueprint Runtime Error: Accessed None trying to read property My Character from function: 'GetText_0' from node: Switch on Int in graph: GetText_0 in object: HUDP1 with description: Accessed None trying to read property My Character
[2017.04.09-22.05.32:872][902]PIE:Error: Error Blueprint Runtime Error: Accessed None trying to read property My Character from function: 'GetText_0' from node: Switch on Int in graph: GetText_0 in object: HUDP1 with description: Accessed None trying to read property My Character
[2017.04.09-22.05.32:872][902]PIE:Error: Error Blueprint Runtime Error: Accessed None trying to read property My Character from function: 'GetText_0' from node: Switch on Int in graph: GetText_0 in object: HUDP1 with description: Accessed None trying to read property My Character
[2017.04.09-22.05.32:873][902]PIE:Error: Error Blueprint Runtime Error: Accessed None trying to read property My Character from function: 'GetText_0' from node: Switch on Int in graph: GetText_0 in object: HUDP1 with description: Accessed None trying to read property My Character
[2017.04.09-22.05.32:873][902]PIE:Error: Error Blueprint Runtime Error: Accessed None trying to read property My Character from function: 'GetText_0' from node: Switch on Int in graph: GetText_0 in object: HUDP1 with description: Accessed None trying to read property My Character
[2017.04.09-22.05.32:873][902]PIE:Error: Error Blueprint Runtime Error: Accessed None trying to read property My Character from function: 'GetText_0' from node: Switch on Int in graph: GetText_0 in object: HUDP1 with description: Accessed None trying to read property My Character
[2017.04.09-22.05.32:873][902]PIE:Error: Error Blueprint Runtime Error: Accessed None trying to read property My Character from function: 'GetText_0' from node: Switch on Int in graph: GetText_0 in object: HUDP1 with description: Accessed None trying to read property My Character
[2017.04.09-22.05.32:873][902]PIE:Error: Error Blueprint Runtime Error: Accessed None trying to read property My Character from function: 'GetText_0' from node: Switch on Int in graph: GetText_0 in object: HUDP1 with description: Accessed None trying to read property My Character
[2017.04.09-22.05.32:873][902]PIE:Error: Error Blueprint Runtime Error: Accessed None trying to read property My Character from function: 'GetText_0' from node: Switch on Int in graph: GetText_0 in object: HUDP1 with description: Accessed None trying to read property My Character
[2017.04.09-22.05.32:873][902]PIE:Error: Error Blueprint Runtime Error: Accessed None trying to read property My Character from function: 'GetText_0' from node: Switch on Int in graph: GetText_0 in object: HUDP1 with description: Accessed None trying to read property My Character
[2017.04.09-22.05.32:873][902]PIE:Error: Error Blueprint Runtime Error: Accessed None trying to read property My Character from function: 'GetText_0' from node: Switch on Int in graph: GetText_0 in object: HUDP1 with description: Accessed None trying to read property My Character
[2017.04.09-22.05.32:873][902]PIE:Error: Error Blueprint Runtime Error: Accessed None trying to read property My Character from function: 'GetText_0' from node: Switch on Int in graph: GetText_0 in object: HUDP1 with description: Accessed None trying to read property My Character
[2017.04.09-22.05.32:873][902]PIE:Error: Error Blueprint Runtime Error: Accessed None trying to read property My Character from function: 'GetText_0' from node: Switch on Int in graph: GetText_0 in object: HUDP1 with description: Accessed None trying to read property My Character
[2017.04.09-22.05.32:873][902]PIE:Error: Error Blueprint Runtime Error: Accessed None trying to read property My Character from function: 'GetText_0' from node: Switch on Int in graph: GetText_0 in object: HUDP1 with description: Accessed None trying to read property My Character
[2017.04.09-22.05.32:873][902]PIE:Error: Error Blueprint Runtime Error: Accessed None trying to read property My Character from function: 'GetText_0' from node: Switch on Int in graph: GetText_0 in object: HUDP1 with description: Accessed None trying to read property My Character
[2017.04.09-22.05.32:873][902]PIE:Error: Error Blueprint Runtime Error: Accessed None trying to read property My Character from function: 'GetText_0' from node: Switch on Int in graph: GetText_0 in object: HUDP1 with description: Accessed None trying to read property My Character
[2017.04.09-22.05.32:873][902]PIE:Error: Error Blueprint Runtime Error: Accessed None trying to read property My Character from function: 'GetText_0' from node: Switch on Int in graph: GetText_0 in object: HUDP1 with description: Accessed None trying to read property My Character
[2017.04.09-22.05.32:874][902]PIE:Error: Error Blueprint Runtime Error: Accessed None trying to read property My Character from function: 'GetText_0' from node: Switch on Int in graph: GetText_0 in object: HUDP1 with description: Accessed None trying to read property My Character
[2017.04.09-22.05.32:874][902]PIE:Error: Error Blueprint Runtime Error: Accessed None trying to read property My Character from function: 'GetText_0' from node: Switch on Int in graph: GetText_0 in object: HUDP1 with description: Accessed None trying to read property My Character
[2017.04.09-22.05.32:874][902]PIE:Error: Error Blueprint Runtime Error: Accessed None trying to read property My Character from function: 'GetText_0' from node: Switch on Int in graph: GetText_0 in object: HUDP1 with description: Accessed None trying to read property My Character
[2017.04.09-22.05.32:874][902]PIE:Error: Error Blueprint Runtime Error: Accessed None trying to read property My Character from function: 'GetText_0' from node: Switch on Int in graph: GetText_0 in object: HUDP1 with description: Accessed None trying to read property My Character
[2017.04.09-22.05.32:874][902]PIE:Error: Error Blueprint Runtime Error: Accessed None trying to read property My Character from function: 'GetText_0' from node: Switch on Int in graph: GetText_0 in object: HUDP1 with description: Accessed None trying to read property My Character
[2017.04.09-22.05.32:874][902]LogScript:Warning: Infinite script recursion (250 calls) detected - see log for stack trace
	HUDP1_C /Engine/Transient.UnrealEdEngine_0:GameInstance_0.HUDP1_C_1
	Function /Game/UI/HUDP1.HUDP1_C:GetText_0:0000
[2017.04.09-22.05.32:874][902]PIE:Error: Error Infinite Loop detected in  HUDP1 , asserted during  Get Text 0 with the following  Call Stack
[2017.04.09-22.05.33:209][902]LogCrashTracker: 


[2017.04.09-22.05.33:210][902]LogCrashTracker: 


[2017.04.09-22.05.33:210][902]LogWindows:Error: === Critical error: ===
Fatal error!



[2017.04.09-22.05.33:238][902]LogExit: Executing StaticShutdownAfterError
[2017.04.09-22.05.33:243][902]LogWindows: FPlatformMisc::RequestExit(1)
[2017.04.09-22.05.33:243][902]Log file closed, 04/09/17 18:05:33
