Log file open, 04/29/17 22:59:40
LogInit:Display: Running engine for game: Game
LogPlatformFile: Not using cached read wrapper
LogInit:Display: RandInit(1298482796) SRandInit(1298482817).
LogTaskGraph: Started task graph with 4 named threads and 7 total threads with 1 sets of task threads.
LogStats: Stats thread started at 0.091077
LogInit: Version: 4.12.5-3039270+++UE4+Release-4.12
LogInit: API Version: 2992821
LogInit: Net Version: 3039270
LogDevObjectVersion: Number of dev versions registered: 13
LogDevObjectVersion:   Dev-Blueprints (B0D832E4-1F89-4F0D-ACCF-7EB736FD4AA2): 3
LogDevObjectVersion:   Dev-Build (E1C64328-A22C-4D53-A36C-8E866417BD8C): 0
LogDevObjectVersion:   Dev-Core (375EC13C-06E4-48FB-B500-84F0262A717E): 1
LogDevObjectVersion:   Dev-Editor (E4B068ED-F494-42E9-A231-DA0B2E46BB41): 2
LogDevObjectVersion:   Dev-Framework (CFFC743F-43B0-4480-9391-14DF171D2073): 6
LogDevObjectVersion:   Dev-Mobile (B02B49B5-BB20-44E9-A304-32B752E40360): 0
LogDevObjectVersion:   Dev-Networking (A4E4105C-59A1-49B5-A7C5-40C4547EDFEE): 0
LogDevObjectVersion:   Dev-Online (39C831C9-5AE6-47DC-9A44-9C173E1C8E7C): 0
LogDevObjectVersion:   Dev-Physics (78F01B33-EBEA-4F98-B9B4-84EACCB95AA2): 0
LogDevObjectVersion:   Dev-Platform (6631380F-2D4D-43E0-8009-CF276956A95A): 0
LogDevObjectVersion:   Dev-Rendering (12F88B9F-8875-4AFC-A67C-D90C383ABD29): 2
LogDevObjectVersion:   Dev-Sequencer (7B5AE74C-D270-4C10-A958-57980B212A5A): 0
LogDevObjectVersion:   Dev-VR (D7296918-1DD6-4BDD-9DE2-64A83CC13884): 0
LogInit: Compiled (64-bit): Jul  6 2016 09:09:46
LogInit: Compiled with Visual C++: 19.00.23026.00
LogInit: Build Configuration: Development
LogInit: Branch Name: ++UE4+Release-4.12
LogInit: Command line:  
LogInit: Base directory: C:/Program Files (x86)/Epic Games/4.12/Engine/Binaries/Win64/
LogInit: Installed Engine Build: 1
LogInit: Using libcurl 7.41.0
LogInit:  - built for x86_64-pc-win32
LogInit:  - supports SSL with WinSSL
LogInit:  - other features:
LogInit:      CURL_VERSION_SSL
LogInit:      CURL_VERSION_IPV6
LogInit:      CURL_VERSION_ASYNCHDNS
LogInit:      CURL_VERSION_LARGEFILE
LogInit:      CURL_VERSION_IDN
LogInit:  CurlRequestOptions (configurable via config and command line):
LogInit:  - bVerifyPeer = true  - Libcurl will verify peer certificate
LogInit:  - bUseHttpProxy = false  - Libcurl will NOT use HTTP proxy
LogInit:  - bDontReuseConnections = false  - Libcurl will reuse connections
LogInit:  - CertBundlePath = nullptr  - Libcurl will use whatever was configured at build time.
LogInit: Presizing for max 8388607 objects, including 0 objects not considered by GC, pre-allocating 0 bytes for permanent pool.
LogInit: Object subsystem initialized
[2017.04.30-02.59.40:867][  0]LogInit: Selected Device Profile: [Windows]
[2017.04.30-02.59.40:867][  0]LogInit: Applying CVar settings loaded from the selected device profile: [Windows]
[2017.04.30-02.59.40:881][  0]LogInit: Computer: SCOTT-PC
[2017.04.30-02.59.40:881][  0]LogInit: User: Scott
[2017.04.30-02.59.40:881][  0]LogInit: CPU Page size=65536, Cores=4
[2017.04.30-02.59.40:881][  0]LogInit: High frequency timer resolution =14.318180 MHz
[2017.04.30-02.59.40:881][  0]LogMemory: Memory total: Physical=11.9GB (12GB approx)
[2017.04.30-02.59.40:881][  0]LogMemory: Platform Memory Stats for Windows
[2017.04.30-02.59.40:881][  0]LogMemory: Process Physical Memory: 190.76 MB used, 190.76 MB peak
[2017.04.30-02.59.40:881][  0]LogMemory: Process Virtual Memory: 195.32 MB used, 195.32 MB peak
[2017.04.30-02.59.40:881][  0]LogMemory: Physical Memory: 6442.14 MB used, 12202.02 MB total
[2017.04.30-02.59.40:881][  0]LogMemory: Virtual Memory: 553.80 MB used, 134217728.00 MB total
[2017.04.30-02.59.40:915][  0]LogTextLocalizationManager: No specific translations for ('en-US') exist, so ('en') translations will be used.
[2017.04.30-02.59.41:367][  0]LogD3D11RHI: D3D11 adapters:
[2017.04.30-02.59.41:471][  0]LogD3D11RHI:    0. 'NVIDIA GeForce GTX 1080' (Feature Level 11_0)
[2017.04.30-02.59.41:471][  0]LogD3D11RHI:       8110/0/6101 MB DedicatedVideo/DedicatedSystem/SharedSystem, Outputs:2, VendorId:0x10de
[2017.04.30-02.59.41:473][  0]LogD3D11RHI:    1. 'Microsoft Basic Render Driver' (Feature Level 11_0)
[2017.04.30-02.59.41:473][  0]LogD3D11RHI:       0/0/6101 MB DedicatedVideo/DedicatedSystem/SharedSystem, Outputs:0, VendorId:0x1414
[2017.04.30-02.59.41:473][  0]LogD3D11RHI: Chosen D3D11 Adapter: 0
[2017.04.30-02.59.41:480][  0]LogD3D11RHI: Creating new Direct3DDevice
[2017.04.30-02.59.41:480][  0]LogD3D11RHI:     GPU DeviceId: 0x1b80 (for the marketing name, search the web for "GPU Device Id")
[2017.04.30-02.59.41:480][  0]LogWindows: EnumDisplayDevices:
[2017.04.30-02.59.41:480][  0]LogWindows:    0. 'NVIDIA GeForce GTX 1080' (P:1 D:1)
[2017.04.30-02.59.41:480][  0]LogWindows:    1. 'NVIDIA GeForce GTX 1080' (P:0 D:1)
[2017.04.30-02.59.41:481][  0]LogWindows:    2. 'NVIDIA GeForce GTX 1080' (P:0 D:0)
[2017.04.30-02.59.41:482][  0]LogWindows:    3. 'NVIDIA GeForce GTX 1080' (P:0 D:0)
[2017.04.30-02.59.41:482][  0]LogWindows: DebugString: FoundDriverCount:4 
[2017.04.30-02.59.41:482][  0]LogD3D11RHI:     Adapter Name: NVIDIA GeForce GTX 1080
[2017.04.30-02.59.41:482][  0]LogD3D11RHI:   Driver Version: 378.92 (internal:21.21.13.7892, unified:378.92)
[2017.04.30-02.59.41:482][  0]LogD3D11RHI:      Driver Date: 3-16-2017
[2017.04.30-02.59.41:482][  0]LogRHI: Texture pool is 1361 MB (70% of 1945 MB)
[2017.04.30-02.59.41:507][  0]LogD3D11RHI: Async texture creation enabled
[2017.04.30-02.59.41:523][  0]LogD3D11RHI: GPU Timing Frequency: 1000.000000 (Debug: 2 1)
[2017.04.30-02.59.41:524][  0]LogShaderCompilers: Guid format shader working directory is -12 characters bigger than the processId version (../../../../../../Users/Scott/Documents/GitHub/CGT445/Game/Intermediate/Shaders/WorkingDirectory/8080/).
[2017.04.30-02.59.41:524][  0]LogShaderCompilers: Cleaned the shader compiler working directory 'C:/Users/Scott/AppData/Local/Temp/UnrealShaderWorkingDir/D75952664E3E4508AB2936974E766020/'.
[2017.04.30-02.59.41:524][  0]LogShaderCompilers:Display: Using Local Shader Compiler.
[2017.04.30-02.59.42:952][  0]LogTemp:Display: Loaded TP AllDesktopTargetPlatform
[2017.04.30-02.59.42:964][  0]LogTemp:Display: Loaded TP WindowsClientTargetPlatform
[2017.04.30-02.59.42:978][  0]LogTemp:Display: Loaded TP WindowsNoEditorTargetPlatform
[2017.04.30-02.59.42:991][  0]LogTemp:Display: Loaded TP WindowsServerTargetPlatform
[2017.04.30-02.59.43:003][  0]LogTemp:Display: Loaded TP WindowsTargetPlatform
[2017.04.30-02.59.43:014][  0]LogTemp:Display: Loaded TP AndroidTargetPlatform
[2017.04.30-02.59.43:025][  0]LogTemp:Display: Loaded TP Android_ASTCTargetPlatform
[2017.04.30-02.59.43:035][  0]LogTemp:Display: Loaded TP Android_ATCTargetPlatform
[2017.04.30-02.59.43:046][  0]LogTemp:Display: Loaded TP Android_DXTTargetPlatform
[2017.04.30-02.59.43:056][  0]LogTemp:Display: Loaded TP Android_ETC1TargetPlatform
[2017.04.30-02.59.43:067][  0]LogTemp:Display: Loaded TP Android_ETC2TargetPlatform
[2017.04.30-02.59.43:088][  0]LogTemp:Display: Loaded TP Android_MultiTargetPlatform
[2017.04.30-02.59.43:088][  0]LogTemp:Display: Loaded TP Android_PVRTCTargetPlatform
[2017.04.30-02.59.43:089][  0]LogTemp:Display: Loaded TP HTML5TargetPlatform
[2017.04.30-02.59.43:115][  0]LogTemp:Display: Loaded TP IOSTargetPlatform
[2017.04.30-02.59.43:124][  0]LogTemp:Display: Loaded TP TVOSTargetPlatform
[2017.04.30-02.59.43:134][  0]LogTemp:Display: Loaded TP LinuxNoEditorTargetPlatform
[2017.04.30-02.59.43:144][  0]LogTemp:Display: Loaded TP LinuxServerTargetPlatform
[2017.04.30-02.59.43:154][  0]LogTemp:Display: Loaded TP LinuxTargetPlatform
[2017.04.30-02.59.43:154][  0]LogTargetPlatformManager:Display: Building Assets For Windows
[2017.04.30-02.59.43:275][  0]LogDerivedDataCache:Display: Max Cache Size: 512 MB
[2017.04.30-02.59.43:372][  0]LogDerivedDataCache: Loaded boot cache 0.10s 48MB C:/Users/Scott/AppData/Local/UnrealEngine/4.12/DerivedDataCache/Boot.ddc.
[2017.04.30-02.59.43:373][  0]LogDerivedDataCache:Display: Loaded Boot cache: C:/Users/Scott/AppData/Local/UnrealEngine/4.12/DerivedDataCache/Boot.ddc
[2017.04.30-02.59.43:373][  0]LogDerivedDataCache: FDerivedDataBackendGraph:  Pak pak cache file ../../../../../../Users/Scott/Documents/GitHub/CGT445/Game/DerivedDataCache/DDC.ddp not found, will not use a pak cache.
[2017.04.30-02.59.43:373][  0]LogDerivedDataCache: Unable to find inner node Pak for hierarchical cache Hierarchy.
[2017.04.30-02.59.43:373][  0]LogDerivedDataCache: FDerivedDataBackendGraph:  CompressedPak pak cache file ../../../../../../Users/Scott/Documents/GitHub/CGT445/Game/DerivedDataCache/Compressed.ddp not found, will not use a pak cache.
[2017.04.30-02.59.43:373][  0]LogDerivedDataCache: Unable to find inner node CompressedPak for hierarchical cache Hierarchy.
[2017.04.30-02.59.43:391][  0]LogDerivedDataCache:Display: Pak cache opened for reading ../../../Engine/DerivedDataCache/Compressed.ddp.
[2017.04.30-02.59.43:403][  0]LogDerivedDataCache: Using Local data cache path C:/Users/Scott/AppData/Local/UnrealEngine/Common/DerivedDataCache: Writable
[2017.04.30-02.59.43:760][  0]LogInit: Selected Device Profile: [Windows]
[2017.04.30-02.59.43:761][  0]LogContentStreaming: Texture pool size is 0.00 MB
[2017.04.30-02.59.43:966][  0]LogMeshUtilities: No automatic mesh reduction module available
[2017.04.30-02.59.43:966][  0]LogMeshUtilities: No automatic mesh merging module available
[2017.04.30-02.59.43:966][  0]LogMeshUtilities: No distributed automatic mesh merging module available
[2017.04.30-02.59.44:321][  0]LogAssetRegistry: FAssetRegistry took 0.0211 seconds to start up
[2017.04.30-02.59.44:363][  0]LogPackageLocalizationCache: Processed 3 localized package path(s) for 2 prioritized culture(s) in 0.035343 seconds
[2017.04.30-02.59.44:370][  0]LogUObjectArray: 28739 objects as part of root set at end of initial load.
[2017.04.30-02.59.44:370][  0]LogUObjectAllocator: 5855624 out of 0 bytes used by permanent object pool.
[2017.04.30-02.59.44:370][  0]LogUObjectArray: CloseDisregardForGC: 0/0 objects in disregard for GC pool
[2017.04.30-02.59.44:384][  0]LogInit: WinSock: version 1.1 (2.2), MaxSocks=32767, MaxUdp=65467
[2017.04.30-02.59.44:621][  0]LogSlate: SlateFontCache - WITH_FREETYPE: 1, WITH_HARFBUZZ: 1
[2017.04.30-02.59.44:621][  0]LogSlate: SlateFontCache - WITH_FREETYPE: 1, WITH_HARFBUZZ: 1
[2017.04.30-02.59.45:333][  0]LogSubstanceCoreModule: Substance CPU Engine Loaded, Max Texture Size 2048
[2017.04.30-02.59.45:346][  0]LogUdpMessaging: Initializing bridge on interface 0.0.0.0:0 to multicast group 230.0.0.1:6666.
[2017.04.30-02.59.45:611][  0]SourceControl: Info Source control is disabled
[2017.04.30-02.59.45:613][  0]SourceControl: Info Source control is disabled
[2017.04.30-02.59.45:629][  0]SourceControl: Info Source control is disabled
[2017.04.30-02.59.45:642][  0]SourceControl: Info Source control is disabled
[2017.04.30-02.59.45:726][  0]LogLinker:Warning: Can't find file '/Game/ThirdPersonBP/ThirdPersonOverview'
[2017.04.30-02.59.45:727][  0]LogLinker:Warning: Can't find file '/Game/ThirdPersonBP/ThirdPersonOverview'
[2017.04.30-02.59.45:727][  0]LogUObjectGlobals:Warning: Failed to find object 'Class /Game/ThirdPersonBP/ThirdPersonOverview.ThirdPersonOverview_C'
[2017.04.30-02.59.45:942][  0]LogEngine: Initializing Engine...
[2017.04.30-02.59.45:942][  0]LogHMD: SteamVR failed to initialize.  Err: 110
[2017.04.30-02.59.45:943][  0]LogHMD: SteamVR failed to initialize.  Err: 110
[2017.04.30-02.59.46:107][  0]LogAIModule: Creating AISystem for world NewWorld
[2017.04.30-02.59.46:139][  0]LogInit: XAudio2 using 'Front (4- C-Media USB Headphone Set  )' : 2 channels at 44.1 kHz using 16 bits per sample (channel mask 0x3)
[2017.04.30-02.59.46:154][  0]LogInit: FAudioDevice initialized.
[2017.04.30-02.59.46:198][  0]LogDerivedDataCache: Saved boot cache 0.04s 48MB C:/Users/Scott/AppData/Local/UnrealEngine/4.12/DerivedDataCache/Boot.ddc.
[2017.04.30-02.59.46:216][  0]LogInit: Texture streaming: Enabled
[2017.04.30-02.59.46:249][  0]LogInit: Transaction tracking system initialized
[2017.04.30-02.59.46:284][  0]BlueprintLog: New page: Editor Load
[2017.04.30-02.59.46:395][  0]LocalizationService: Info Localization service is disabled
[2017.04.30-02.59.46:478][  0]LogConsoleResponse:Display: 
[2017.04.30-02.59.46:607][  0]LogCook:Display: Max memory allowance for cook 8192mb
[2017.04.30-02.59.46:608][  0]LogCook:Display: Mobile HDR setting 1
[2017.04.30-02.59.46:756][  0]LogFileCache: Scanning file cache for directory 'C:/Users/Scott/Documents/GitHub/CGT445/Game/Content/' took 0.02s
[2017.04.30-02.59.46:756][  0]SourceControl: Info Source control is disabled
[2017.04.30-02.59.46:757][  0]Cmd: MAP LOAD FILE="../../../../../../Users/Scott/Documents/GitHub/CGT445/Game/Content/FirstPersonBP/Maps/FirstPersonExampleMap.umap" TEMPLATE=0 SHOWPROGRESS=1 FEATURELEVEL=3
[2017.04.30-02.59.46:757][  0]LogEditorServer:Warning: Can't find file '../../../../../../Users/Scott/Documents/GitHub/CGT445/Game/Content/FirstPersonBP/Maps/FirstPersonExampleMap.umap'
[2017.04.30-02.59.46:757][  0]Cmd: MAP CHECKDEP NOCLEARLOG
[2017.04.30-02.59.46:805][  0]MapCheck: Info Map check complete: 0 Error(s), 0 Warning(s), took 48.285ms to complete.
[2017.04.30-02.59.46:805][  0]LogFileHelpers: Loading map 'FirstPersonExampleMap' took 0.049
[2017.04.30-02.59.47:005][  0]LogCollectionManager: Loaded 0 collections in 0.003000 seconds
[2017.04.30-02.59.47:065][  0]LogFileCache: Scanning file cache for directory 'C:/Users/Scott/Documents/GitHub/CGT445/Game/Saved/Collections/' took 0.01s
[2017.04.30-02.59.47:065][  0]LogFileCache: Scanning file cache for directory 'C:/Users/Scott/Documents/GitHub/CGT445/Game/Content/Developers/Scott/Collections/' took 0.01s
[2017.04.30-02.59.47:065][  0]LogFileCache: Scanning file cache for directory 'C:/Users/Scott/Documents/GitHub/CGT445/Game/Content/Collections/' took 0.01s
[2017.04.30-02.59.47:065][  0]LogCollectionManager: Rebuilt the GUID cache for 0 collections in 0.000004 seconds
[2017.04.30-02.59.47:077][  0]LogContentBrowser: Native class hierarchy populated in 0.0118 seconds. Added 2062 classes and 375 folders.
[2017.04.30-02.59.47:082][  0]LogStats: UGameplayTagsManager::ConstructGameplayTagTree: Construct from data asset -  0.000 s
[2017.04.30-02.59.47:082][  0]LogStats: UGameplayTagsManager::ConstructGameplayTagTree: GameplayTagTreeChangedEvent.Broadcast -  0.000 s
[2017.04.30-02.59.47:083][  0]LogContentBrowser: Native class hierarchy updated for 'GameplayTags' in 0.0005 seconds. Added 12 classes and 0 folders.
[2017.04.30-02.59.47:090][  0]LogContentBrowser: Native class hierarchy updated for 'WidgetCarousel' in 0.0004 seconds. Added 0 classes and 0 folders.
[2017.04.30-02.59.47:136][  0]LogContentBrowser: Native class hierarchy updated for 'AddContentDialog' in 0.0005 seconds. Added 0 classes and 0 folders.
[2017.04.30-02.59.47:143][  0]LogContentBrowser: Native class hierarchy updated for 'SceneOutliner' in 0.0004 seconds. Added 1 classes and 2 folders.
[2017.04.30-02.59.47:196][  0]LogCrashTracker: Crashtracker disabled due to settings.
[2017.04.30-02.59.47:205][  0]LogUObjectGlobals:Warning: Failed to find object 'Class None.'
[2017.04.30-02.59.47:232][  0]LogContentBrowser: Native class hierarchy updated for 'HierarchicalLODOutliner' in 0.0006 seconds. Added 1 classes and 2 folders.
[2017.04.30-02.59.47:233][  0]LogLoad: Full Startup: 7.37 seconds (BP compile: 0.00 seconds)
[2017.04.30-02.59.47:233][  0]LogExternalProfiler: Found external profiler: VSPerf
[2017.04.30-02.59.47:233][  0]LogExternalProfiler: Using external profiler: VSPerf
[2017.04.30-02.59.47:572][  0]LogOcInput: OculusInput pre-init called
[2017.04.30-02.59.47:605][  0]LogContentStreaming: Texture pool size now 1000 MB
[2017.04.30-02.59.47:766][  0]LogRenderer: Reallocating scene render targets to support 976x468 (Frame:2).
[2017.04.30-02.59.48:250][  2]LogAssetRegistry: Asset discovery search completed in 3.9496 seconds
[2017.04.30-02.59.48:250][  2]LogCollectionManager: Rebuilt the object cache for 0 collections in 0.000001 seconds (found 0 objects)
[2017.04.30-02.59.48:250][  2]LogCollectionManager: Fixed up redirectors for 0 collections in 0.000036 seconds (updated 0 objects)
[2017.04.30-02.59.53:238][ 17]LogFileCache: Retrieving MD5 hashes for directory 'C:/Users/Scott/Documents/GitHub/CGT445/Game/Content/' took 5.65s
[2017.04.30-03.36.01:756][528]LogRenderer: Reallocating scene render targets to support 1208x600 (Frame:4).
[2017.04.30-03.36.07:294][ 45]LogAIModule: Creating AISystem for world Main
[2017.04.30-03.36.07:350][ 45]Cmd: MAP LOAD FILE="../../../../../../Users/Scott/Documents/GitHub/CGT445/Game/Content/Maps/Main.umap" TEMPLATE=0 SHOWPROGRESS=1 FEATURELEVEL=3
[2017.04.30-03.36.07:352][ 45]LightingResults: New page: Lighting Build
[2017.04.30-03.36.07:357][ 45]LogContentBrowser: Native class hierarchy updated for 'StatsViewer' in 0.0010 seconds. Added 5 classes and 0 folders.
[2017.04.30-03.36.07:358][ 45]LoadErrors: New page: Loading map: Main.umap
[2017.04.30-03.36.07:362][ 45]MapCheck: New page: Map Check
[2017.04.30-03.36.07:362][ 45]LightingResults: New page: Lighting Build
[2017.04.30-03.36.07:453][ 45]LogEditorServer: Finished looking for orphan Actors (0.000 secs)
[2017.04.30-03.36.07:512][ 45]Cmd: MAP CHECKDEP NOCLEARLOG
[2017.04.30-03.36.07:575][ 45]MapCheck: Info Map check complete: 0 Error(s), 0 Warning(s), took 62.534ms to complete.
[2017.04.30-03.36.07:575][ 45]LogFileHelpers: Loading map 'Main' took 0.230
[2017.04.30-03.36.08:566][144]LogBlueprintUserMessages: Early PlayInEditor Detection: Level '/Game/Maps/Main.Main:PersistentLevel' has LevelScriptBlueprint '/Game/Maps/Main.Main:PersistentLevel.Main' with GeneratedClass '/Game/Maps/Main.Main_C' with ClassGeneratedBy '/Game/Maps/Main.Main:PersistentLevel.Main'
[2017.04.30-03.36.08:566][144]LogPlayLevel: PlayLevel: No blueprints needed recompiling
[2017.04.30-03.36.08:568][144]PIE: New page: PIE session: Main (Apr 29, 2017, 6:36:08 PM)
[2017.04.30-03.36.08:569][144]LogPlayLevel: Creating play world package: /Game/Maps/UEDPIE_0_Main
[2017.04.30-03.36.08:573][144]LogPlayLevel: PIE: StaticDuplicateObject took: (0.003568s)
[2017.04.30-03.36.08:574][144]LogAIModule: Creating AISystem for world Main
[2017.04.30-03.36.08:575][144]LogPlayLevel: PIE: World Init took: (0.001803s)
[2017.04.30-03.36.08:575][144]LogPlayLevel: PIE: Created PIE world by copying editor world from /Game/Maps/Main.Main to /Game/Maps/UEDPIE_0_Main.Main (0.006589s)
[2017.04.30-03.36.08:632][144]LogInit: XAudio2 using 'Front (4- C-Media USB Headphone Set  )' : 2 channels at 44.1 kHz using 16 bits per sample (channel mask 0x3)
[2017.04.30-03.36.08:643][144]LogInit: FAudioDevice initialized.
[2017.04.30-03.36.08:735][144]LogWorld: Game class is 'GameMode'
[2017.04.30-03.36.08:741][144]LogWorld: Bringing World /Game/Maps/UEDPIE_0_Main.Main up for play (max tick rate 0) at 2017.04.29-23.36.08
[2017.04.30-03.36.08:743][144]LogWorld: Bringing up level for play took: 0.002601
[2017.04.30-03.36.08:766][144]LogContentBrowser: Native class hierarchy updated for 'MovieSceneCapture' in 0.0012 seconds. Added 11 classes and 0 folders.
[2017.04.30-03.36.08:775][144]PIE: Info Play in editor start time for /Game/Maps/UEDPIE_0_Main 0.641
[2017.04.30-03.36.08:775][144]LogBlueprintUserMessages: Late PlayInEditor Detection: Level '/Game/Maps/Main.Main:PersistentLevel' has LevelScriptBlueprint '/Game/Maps/Main.Main:PersistentLevel.Main' with GeneratedClass '/Game/Maps/Main.Main_C' with ClassGeneratedBy '/Game/Maps/Main.Main:PersistentLevel.Main'
[2017.04.30-03.36.10:080][275]LogNet: Browse: /Game/Maps/Grand_Cafeteria
[2017.04.30-03.36.10:080][275]LogLoad: LoadMap: /Game/Maps/Grand_Cafeteria
[2017.04.30-03.36.10:099][275]Cmd: MEM
[2017.04.30-03.36.10:114][275]LogMemory: Platform Memory Stats for Windows
[2017.04.30-03.36.10:114][275]LogMemory: Process Physical Memory: 388.59 MB used, 800.65 MB peak
[2017.04.30-03.36.10:114][275]LogMemory: Process Virtual Memory: 1183.88 MB used, 1187.91 MB peak
[2017.04.30-03.36.10:114][275]LogMemory: Physical Memory: 6682.16 MB used, 12202.02 MB total
[2017.04.30-03.36.10:114][275]LogMemory: Virtual Memory: 1914.73 MB used, 134217728.00 MB total
[2017.04.30-03.36.10:114][275]LogMemory: 
[2017.04.30-03.36.10:114][275]Allocator Stats for TBB: (not implemented)
[2017.04.30-03.36.15:236][275]LogAIModule: Creating AISystem for world Grand_Cafeteria
[2017.04.30-03.36.15:237][275]LogWorld: Game class is 'FoodFightersGM_C'
[2017.04.30-03.36.15:292][275]LogWorld: Bringing World /Game/Maps/UEDPIE_0_Grand_Cafeteria.Grand_Cafeteria up for play (max tick rate 0) at 2017.04.29-23.36.15
[2017.04.30-03.36.15:294][275]LogWorld: Bringing up level for play took: 0.053864
[2017.04.30-03.36.15:310][275]LogPlayerManagement:Error: Failed to Create Player: A local player already exists for controller ID 0,
[2017.04.30-03.36.15:318][275]LogLoad: Took 5.237151 seconds to LoadMap(/Game/Maps/Grand_Cafeteria)
[2017.04.30-03.36.18:803][563]LogBlueprintUserMessages: Early EndPlayMap Detection: Level '/Game/Maps/Main.Main:PersistentLevel' has LevelScriptBlueprint '/Game/Maps/Main.Main:PersistentLevel.Main' with GeneratedClass '/Game/Maps/Main.Main_C' with ClassGeneratedBy '/Game/Maps/Main.Main:PersistentLevel.Main'
[2017.04.30-03.36.18:857][563]LogBlueprintUserMessages: Late EndPlayMap Detection: Level '/Game/Maps/Main.Main:PersistentLevel' has LevelScriptBlueprint '/Game/Maps/Main.Main:PersistentLevel.Main' with GeneratedClass '/Game/Maps/Main.Main_C' with ClassGeneratedBy '/Game/Maps/Main.Main:PersistentLevel.Main'
[2017.04.30-03.36.24:089][974]LogContentBrowser: Native class hierarchy updated for 'BlueprintGraph' in 0.0015 seconds. Added 111 classes and 0 folders.
[2017.04.30-04.14.45:236][239]LogBlueprintUserMessages: Early PlayInEditor Detection: Level '/Game/Maps/Main.Main:PersistentLevel' has LevelScriptBlueprint '/Game/Maps/Main.Main:PersistentLevel.Main' with GeneratedClass '/Game/Maps/Main.Main_C' with ClassGeneratedBy '/Game/Maps/Main.Main:PersistentLevel.Main'
[2017.04.30-04.14.45:236][239]LogPlayLevel: PlayLevel: No blueprints needed recompiling
[2017.04.30-04.14.45:236][239]PIE: New page: PIE session: Main (Apr 29, 2017, 7:14:45 PM)
[2017.04.30-04.14.45:237][239]LogPlayLevel: Creating play world package: /Game/Maps/UEDPIE_0_Main
[2017.04.30-04.14.45:241][239]LogPlayLevel: PIE: StaticDuplicateObject took: (0.004472s)
[2017.04.30-04.14.45:244][239]LogAIModule: Creating AISystem for world Main
[2017.04.30-04.14.45:244][239]LogPlayLevel: PIE: World Init took: (0.003214s)
[2017.04.30-04.14.45:245][239]LogPlayLevel: PIE: Created PIE world by copying editor world from /Game/Maps/Main.Main to /Game/Maps/UEDPIE_0_Main.Main (0.008467s)
[2017.04.30-04.14.45:365][239]LogInit: XAudio2 using 'Front (4- C-Media USB Headphone Set  )' : 2 channels at 44.1 kHz using 16 bits per sample (channel mask 0x3)
[2017.04.30-04.14.45:376][239]LogInit: FAudioDevice initialized.
[2017.04.30-04.14.45:440][239]LogWorld: Game class is 'GameMode'
[2017.04.30-04.14.45:443][239]LogWorld: Bringing World /Game/Maps/UEDPIE_0_Main.Main up for play (max tick rate 0) at 2017.04.30-00.14.45
[2017.04.30-04.14.45:444][239]LogWorld: Bringing up level for play took: 0.001989
[2017.04.30-04.14.45:449][239]PIE: Info Play in editor start time for /Game/Maps/UEDPIE_0_Main -0.685
[2017.04.30-04.14.45:449][239]LogBlueprintUserMessages: Late PlayInEditor Detection: Level '/Game/Maps/Main.Main:PersistentLevel' has LevelScriptBlueprint '/Game/Maps/Main.Main:PersistentLevel.Main' with GeneratedClass '/Game/Maps/Main.Main_C' with ClassGeneratedBy '/Game/Maps/Main.Main:PersistentLevel.Main'
[2017.04.30-04.14.49:057][473]LogNet: Browse: /Game/Maps/Grand_Cafeteria
[2017.04.30-04.14.49:057][473]LogLoad: LoadMap: /Game/Maps/Grand_Cafeteria
[2017.04.30-04.14.49:095][473]Cmd: MEM
[2017.04.30-04.14.49:127][473]LogMemory: Platform Memory Stats for Windows
[2017.04.30-04.14.49:127][473]LogMemory: Process Physical Memory: 417.55 MB used, 986.80 MB peak
[2017.04.30-04.14.49:127][473]LogMemory: Process Virtual Memory: 1878.82 MB used, 1878.95 MB peak
[2017.04.30-04.14.49:127][473]LogMemory: Physical Memory: 5517.46 MB used, 12202.02 MB total
[2017.04.30-04.14.49:127][473]LogMemory: 