Log file open, 04/05/17 13:48:31
LogInit:Display: Running engine for game: Game
LogPlatformFile: Not using cached read wrapper
LogInit:Display: RandInit(902087602) SRandInit(902087603).
LogTaskGraph: Started task graph with 4 named threads and 7 total threads with 1 sets of task threads.
LogStats: Stats thread started at 0.071741
LogInit: Version: 4.12.5-3039270+++UE4+Release-4.12
LogInit: API Version: 2992821
LogInit: Net Version: 3039270
LogDevObjectVersion: Number of dev versions registered: 13
LogDevObjectVersion:   Dev-Blueprints (B0D832E4-1F89-4F0D-ACCF-7EB736FD4AA2): 3
LogDevObjectVersion:   Dev-Build (E1C64328-A22C-4D53-A36C-8E866417BD8C): 0
LogDevObjectVersion:   Dev-Core (375EC13C-06E4-48FB-B500-84F0262A717E): 1
LogDevObjectVersion:   Dev-Editor (E4B068ED-F494-42E9-A231-DA0B2E46BB41): 2
LogDevObjectVersion:   Dev-Framework (CFFC743F-43B0-4480-9391-14DF171D2073): 6
LogDevObjectVersion:   Dev-Mobile (B02B49B5-BB20-44E9-A304-32B752E40360): 0
LogDevObjectVersion:   Dev-Networking (A4E4105C-59A1-49B5-A7C5-40C4547EDFEE): 0
LogDevObjectVersion:   Dev-Online (39C831C9-5AE6-47DC-9A44-9C173E1C8E7C): 0
LogDevObjectVersion:   Dev-Physics (78F01B33-EBEA-4F98-B9B4-84EACCB95AA2): 0
LogDevObjectVersion:   Dev-Platform (6631380F-2D4D-43E0-8009-CF276956A95A): 0
LogDevObjectVersion:   Dev-Rendering (12F88B9F-8875-4AFC-A67C-D90C383ABD29): 2
LogDevObjectVersion:   Dev-Sequencer (7B5AE74C-D270-4C10-A958-57980B212A5A): 0
LogDevObjectVersion:   Dev-VR (D7296918-1DD6-4BDD-9DE2-64A83CC13884): 0
LogInit: Compiled (64-bit): Jul  6 2016 09:09:46
LogInit: Compiled with Visual C++: 19.00.23026.00
LogInit: Build Configuration: Development
LogInit: Branch Name: ++UE4+Release-4.12
LogInit: Command line: -EpicPortal 
LogInit: Base directory: C:/Program Files (x86)/Epic Games/4.12/Engine/Binaries/Win64/
LogInit: Installed Engine Build: 1
LogInit: Using libcurl 7.41.0
LogInit:  - built for x86_64-pc-win32
LogInit:  - supports SSL with WinSSL
LogInit:  - other features:
LogInit:      CURL_VERSION_SSL
LogInit:      CURL_VERSION_IPV6
LogInit:      CURL_VERSION_ASYNCHDNS
LogInit:      CURL_VERSION_LARGEFILE
LogInit:      CURL_VERSION_IDN
LogInit:  CurlRequestOptions (configurable via config and command line):
LogInit:  - bVerifyPeer = true  - Libcurl will verify peer certificate
LogInit:  - bUseHttpProxy = false  - Libcurl will NOT use HTTP proxy
LogInit:  - bDontReuseConnections = false  - Libcurl will reuse connections
LogInit:  - CertBundlePath = nullptr  - Libcurl will use whatever was configured at build time.
LogInit: Presizing for max 8388607 objects, including 0 objects not considered by GC, pre-allocating 0 bytes for permanent pool.
LogInit: Object subsystem initialized
[2017.04.05-17.48.31:190][  0]LogInit: Selected Device Profile: [Windows]
[2017.04.05-17.48.31:190][  0]LogInit: Applying CVar settings loaded from the selected device profile: [Windows]
[2017.04.05-17.48.31:201][  0]LogInit: Computer: DESKTOP-LVAHN8T
[2017.04.05-17.48.31:201][  0]LogInit: User: denve
[2017.04.05-17.48.31:201][  0]LogInit: CPU Page size=65536, Cores=4
[2017.04.05-17.48.31:201][  0]LogInit: High frequency timer resolution =2.533193 MHz
[2017.04.05-17.48.31:201][  0]LogMemory: Memory total: Physical=15.9GB (16GB approx)
[2017.04.05-17.48.31:201][  0]LogMemory: Platform Memory Stats for Windows
[2017.04.05-17.48.31:201][  0]LogMemory: Process Physical Memory: 190.99 MB used, 190.99 MB peak
[2017.04.05-17.48.31:201][  0]LogMemory: Process Virtual Memory: 195.13 MB used, 195.13 MB peak
[2017.04.05-17.48.31:201][  0]LogMemory: Physical Memory: 5378.26 MB used, 16273.04 MB total
[2017.04.05-17.48.31:201][  0]LogMemory: Virtual Memory: 553.54 MB used, 134217728.00 MB total
[2017.04.05-17.48.31:228][  0]LogTextLocalizationManager: No specific translations for ('en-US') exist, so ('en') translations will be used.
[2017.04.05-17.48.31:606][  0]LogD3D11RHI: D3D11 adapters:
[2017.04.05-17.48.31:632][  0]LogD3D11RHI:    0. 'NVIDIA GeForce GTX 960M' (Feature Level 11_0)
[2017.04.05-17.48.31:632][  0]LogD3D11RHI:       2018/0/8136 MB DedicatedVideo/DedicatedSystem/SharedSystem, Outputs:1, VendorId:0x10de
[2017.04.05-17.48.31:638][  0]LogD3D11RHI:    1. 'Intel(R) HD Graphics 4600' (Feature Level 11_0)
[2017.04.05-17.48.31:638][  0]LogD3D11RHI:       112/0/2048 MB DedicatedVideo/DedicatedSystem/SharedSystem, Outputs:0, VendorId:0x8086
[2017.04.05-17.48.31:639][  0]LogD3D11RHI:    2. 'Microsoft Basic Render Driver' (Feature Level 11_0)
[2017.04.05-17.48.31:639][  0]LogD3D11RHI:       0/0/8136 MB DedicatedVideo/DedicatedSystem/SharedSystem, Outputs:0, VendorId:0x1414
[2017.04.05-17.48.31:639][  0]LogD3D11RHI: Chosen D3D11 Adapter: 0
[2017.04.05-17.48.31:644][  0]LogD3D11RHI: Creating new Direct3DDevice
[2017.04.05-17.48.31:644][  0]LogD3D11RHI:     GPU DeviceId: 0x139b (for the marketing name, search the web for "GPU Device Id")
[2017.04.05-17.48.31:644][  0]LogWindows: EnumDisplayDevices:
[2017.04.05-17.48.31:644][  0]LogWindows:    0. 'Intel(R) HD Graphics 4600' (P:1 D:1)
[2017.04.05-17.48.31:645][  0]LogWindows:    1. 'Intel(R) HD Graphics 4600' (P:0 D:0)
[2017.04.05-17.48.31:645][  0]LogWindows:    2. 'Intel(R) HD Graphics 4600' (P:0 D:0)
[2017.04.05-17.48.31:645][  0]LogWindows: DebugString: PrimaryIsNotTheChoosenAdapter PrimaryIsNotTheChoosenAdapter PrimaryIsNotTheChoosenAdapter FoundDriverCount:0 
[2017.04.05-17.48.31:645][  0]LogD3D11RHI:     Adapter Name: NVIDIA GeForce GTX 960M
[2017.04.05-17.48.31:645][  0]LogD3D11RHI:   Driver Version: Unknown (internal:Unknown, unified:Unknown)
[2017.04.05-17.48.31:645][  0]LogD3D11RHI:      Driver Date: Unknown
[2017.04.05-17.48.31:645][  0]LogRHI: Texture pool is 1361 MB (70% of 1945 MB)
[2017.04.05-17.48.31:658][  0]LogD3D11RHI: Async texture creation enabled
[2017.04.05-17.48.31:668][  0]LogD3D11RHI: GPU Timing Frequency: 1000.000000 (Debug: 2 1)
[2017.04.05-17.48.31:668][  0]LogShaderCompilers: Guid format shader working directory is -13 characters bigger than the processId version (../../../../../../Users/denve/Documents/Github/CGT445/Game/Intermediate/Shaders/WorkingDirectory/11016/).
[2017.04.05-17.48.31:668][  0]LogShaderCompilers: Cleaned the shader compiler working directory 'C:/Users/denve/AppData/Local/Temp/UnrealShaderWorkingDir/EA5F852C4FFD80DD9AA9029653F5B2E3/'.
[2017.04.05-17.48.31:668][  0]LogShaderCompilers:Display: Using Local Shader Compiler.
[2017.04.05-17.48.32:511][  0]LogTemp:Display: Loaded TP AllDesktopTargetPlatform
[2017.04.05-17.48.32:519][  0]LogTemp:Display: Loaded TP WindowsClientTargetPlatform
[2017.04.05-17.48.32:528][  0]LogTemp:Display: Loaded TP WindowsNoEditorTargetPlatform
[2017.04.05-17.48.32:536][  0]LogTemp:Display: Loaded TP WindowsServerTargetPlatform
[2017.04.05-17.48.32:545][  0]LogTemp:Display: Loaded TP WindowsTargetPlatform
[2017.04.05-17.48.32:552][  0]LogTemp:Display: Loaded TP AndroidTargetPlatform
[2017.04.05-17.48.32:559][  0]LogTemp:Display: Loaded TP Android_ASTCTargetPlatform
[2017.04.05-17.48.32:566][  0]LogTemp:Display: Loaded TP Android_ATCTargetPlatform
[2017.04.05-17.48.32:573][  0]LogTemp:Display: Loaded TP Android_DXTTargetPlatform
[2017.04.05-17.48.32:580][  0]LogTemp:Display: Loaded TP Android_ETC1TargetPlatform
[2017.04.05-17.48.32:587][  0]LogTemp:Display: Loaded TP Android_ETC2TargetPlatform
[2017.04.05-17.48.32:601][  0]LogTemp:Display: Loaded TP Android_MultiTargetPlatform
[2017.04.05-17.48.32:601][  0]LogTemp:Display: Loaded TP Android_PVRTCTargetPlatform
[2017.04.05-17.48.32:602][  0]LogTemp:Display: Loaded TP HTML5TargetPlatform
[2017.04.05-17.48.32:623][  0]LogTemp:Display: Loaded TP IOSTargetPlatform
[2017.04.05-17.48.32:630][  0]LogTemp:Display: Loaded TP TVOSTargetPlatform
[2017.04.05-17.48.32:637][  0]LogTemp:Display: Loaded TP LinuxNoEditorTargetPlatform
[2017.04.05-17.48.32:644][  0]LogTemp:Display: Loaded TP LinuxServerTargetPlatform
[2017.04.05-17.48.32:651][  0]LogTemp:Display: Loaded TP LinuxTargetPlatform
[2017.04.05-17.48.32:651][  0]LogTargetPlatformManager:Display: Building Assets For Windows
[2017.04.05-17.48.32:716][  0]LogDerivedDataCache:Display: Max Cache Size: 512 MB
[2017.04.05-17.48.32:765][  0]LogDerivedDataCache: Loaded boot cache 0.05s 48MB C:/Users/denve/AppData/Local/UnrealEngine/4.12/DerivedDataCache/Boot.ddc.
[2017.04.05-17.48.32:765][  0]LogDerivedDataCache:Display: Loaded Boot cache: C:/Users/denve/AppData/Local/UnrealEngine/4.12/DerivedDataCache/Boot.ddc
[2017.04.05-17.48.32:765][  0]LogDerivedDataCache: FDerivedDataBackendGraph:  Pak pak cache file ../../../../../../Users/denve/Documents/Github/CGT445/Game/DerivedDataCache/DDC.ddp not found, will not use a pak cache.
[2017.04.05-17.48.32:765][  0]LogDerivedDataCache: Unable to find inner node Pak for hierarchical cache Hierarchy.
[2017.04.05-17.48.32:765][  0]LogDerivedDataCache: FDerivedDataBackendGraph:  CompressedPak pak cache file ../../../../../../Users/denve/Documents/Github/CGT445/Game/DerivedDataCache/Compressed.ddp not found, will not use a pak cache.
[2017.04.05-17.48.32:765][  0]LogDerivedDataCache: Unable to find inner node CompressedPak for hierarchical cache Hierarchy.
[2017.04.05-17.48.32:781][  0]LogDerivedDataCache:Display: Pak cache opened for reading ../../../Engine/DerivedDataCache/Compressed.ddp.
[2017.04.05-17.48.32:793][  0]LogDerivedDataCache: Using Local data cache path C:/Users/denve/AppData/Local/UnrealEngine/Common/DerivedDataCache: Writable
[2017.04.05-17.48.32:956][  0]LogInit: Selected Device Profile: [Windows]
[2017.04.05-17.48.32:957][  0]LogContentStreaming: Texture pool size is 0.00 MB
[2017.04.05-17.48.33:101][  0]LogMeshUtilities: No automatic mesh reduction module available
[2017.04.05-17.48.33:101][  0]LogMeshUtilities: No automatic mesh merging module available
[2017.04.05-17.48.33:101][  0]LogMeshUtilities: No distributed automatic mesh merging module available
[2017.04.05-17.48.33:320][  0]LogAssetRegistry: FAssetRegistry took 0.0219 seconds to start up
[2017.04.05-17.48.33:349][  0]LogPackageLocalizationCache: Processed 3 localized package path(s) for 2 prioritized culture(s) in 0.026105 seconds
[2017.04.05-17.48.33:353][  0]LogUObjectArray: 28739 objects as part of root set at end of initial load.
[2017.04.05-17.48.33:353][  0]LogUObjectAllocator: 5855632 out of 0 bytes used by permanent object pool.
[2017.04.05-17.48.33:353][  0]LogUObjectArray: CloseDisregardForGC: 0/0 objects in disregard for GC pool
[2017.04.05-17.48.33:360][  0]LogInit: WinSock: version 1.1 (2.2), MaxSocks=32767, MaxUdp=65467
[2017.04.05-17.48.33:506][  0]LogSlate: SlateFontCache - WITH_FREETYPE: 1, WITH_HARFBUZZ: 1
[2017.04.05-17.48.33:506][  0]LogSlate: SlateFontCache - WITH_FREETYPE: 1, WITH_HARFBUZZ: 1
[2017.04.05-17.48.34:072][  0]LogSubstanceCoreModule: Substance CPU Engine Loaded, Max Texture Size 2048
[2017.04.05-17.48.34:080][  0]LogUdpMessaging: Initializing bridge on interface 0.0.0.0:0 to multicast group 230.0.0.1:6666.
[2017.04.05-17.48.34:281][  0]SourceControl: Info Source control is disabled
[2017.04.05-17.48.34:282][  0]SourceControl: Info Source control is disabled
[2017.04.05-17.48.34:290][  0]SourceControl: Info Source control is disabled
[2017.04.05-17.48.34:298][  0]SourceControl: Info Source control is disabled
[2017.04.05-17.48.34:501][  0]LogEngine: Initializing Engine...
[2017.04.05-17.48.34:501][  0]LogHMD: SteamVR failed to initialize.  Err: 110
[2017.04.05-17.48.34:502][  0]LogHMD: SteamVR failed to initialize.  Err: 110
[2017.04.05-17.48.34:630][  0]LogAIModule: Creating AISystem for world NewWorld
[2017.04.05-17.48.34:633][  0]LogInit: XAudio2 using 'Speakers (Realtek High Definition Audio)' : 2 channels at 48 kHz using 32 bits per sample (channel mask 0x3)
[2017.04.05-17.48.34:743][  0]LogInit: FAudioDevice initialized.
[2017.04.05-17.48.34:765][  0]LogDerivedDataCache: Saved boot cache 0.02s 48MB C:/Users/denve/AppData/Local/UnrealEngine/4.12/DerivedDataCache/Boot.ddc.
[2017.04.05-17.48.34:773][  0]LogInit: Texture streaming: Enabled
[2017.04.05-17.48.34:793][  0]LogInit: Transaction tracking system initialized
[2017.04.05-17.48.34:813][  0]BlueprintLog: New page: Editor Load
[2017.04.05-17.48.34:876][  0]LocalizationService: Info Localization service is disabled
[2017.04.05-17.48.34:934][  0]LogConsoleResponse:Display: 
[2017.04.05-17.48.35:025][  0]LogCook:Display: Max memory allowance for cook 8192mb
[2017.04.05-17.48.35:025][  0]LogCook:Display: Mobile HDR setting 1
[2017.04.05-17.48.35:112][  0]LogFileCache: Scanning file cache for directory 'C:/Users/denve/Documents/Github/CGT445/Game/Content/' took 0.02s
[2017.04.05-17.48.35:112][  0]SourceControl: Info Source control is disabled
[2017.04.05-17.48.35:112][  0]Cmd: MAP LOAD FILE="../../../../../../Users/denve/Documents/Github/CGT445/Game/Content/FirstPersonBP/Maps/FirstPersonExampleMap.umap" TEMPLATE=0 SHOWPROGRESS=1 FEATURELEVEL=3
[2017.04.05-17.48.35:113][  0]LightingResults: New page: Lighting Build
[2017.04.05-17.48.35:115][  0]MapCheck: New page: Map Check
[2017.04.05-17.48.35:115][  0]LightingResults: New page: Lighting Build
[2017.04.05-17.48.36:778][  0]LogAIModule: Creating AISystem for world FirstPersonExampleMap
[2017.04.05-17.48.36:784][  0]LogEditorServer: Finished looking for orphan Actors (0.000 secs)
[2017.04.05-17.48.36:784][  0]Cmd: MAP CHECKDEP NOCLEARLOG
[2017.04.05-17.48.36:834][  0]MapCheck: Info Map check complete: 0 Error(s), 0 Warning(s), took 50.215ms to complete.
[2017.04.05-17.48.36:834][  0]LogFileHelpers: Loading map 'FirstPersonExampleMap' took 1.722
[2017.04.05-17.48.37:030][  0]LogCollectionManager: Loaded 0 collections in 0.002305 seconds
[2017.04.05-17.48.37:071][  0]LogFileCache: Scanning file cache for directory 'C:/Users/denve/Documents/Github/CGT445/Game/Saved/Collections/' took 0.01s
[2017.04.05-17.48.37:071][  0]LogFileCache: Scanning file cache for directory 'C:/Users/denve/Documents/Github/CGT445/Game/Content/Developers/denve/Collections/' took 0.01s
[2017.04.05-17.48.37:071][  0]LogFileCache: Scanning file cache for directory 'C:/Users/denve/Documents/Github/CGT445/Game/Content/Collections/' took 0.01s
[2017.04.05-17.48.37:071][  0]LogCollectionManager: Rebuilt the GUID cache for 0 collections in 0.000002 seconds
[2017.04.05-17.48.37:079][  0]LogContentBrowser: Native class hierarchy populated in 0.0078 seconds. Added 2062 classes and 375 folders.
[2017.04.05-17.48.37:083][  0]LogStats: UGameplayTagsManager::ConstructGameplayTagTree: Construct from data asset -  0.000 s
[2017.04.05-17.48.37:083][  0]LogStats: UGameplayTagsManager::ConstructGameplayTagTree: GameplayTagTreeChangedEvent.Broadcast -  0.000 s
[2017.04.05-17.48.37:083][  0]LogContentBrowser: Native class hierarchy updated for 'GameplayTags' in 0.0004 seconds. Added 12 classes and 0 folders.
[2017.04.05-17.48.37:087][  0]LogContentBrowser: Native class hierarchy updated for 'WidgetCarousel' in 0.0003 seconds. Added 0 classes and 0 folders.
[2017.04.05-17.48.38:364][  0]LogContentBrowser: Native class hierarchy updated for 'AddContentDialog' in 0.0004 seconds. Added 0 classes and 0 folders.
[2017.04.05-17.48.38:368][  0]LogContentBrowser: Native class hierarchy updated for 'SceneOutliner' in 0.0004 seconds. Added 1 classes and 2 folders.
[2017.04.05-17.48.38:429][  0]LogCrashTracker: Crashtracker disabled due to settings.
[2017.04.05-17.48.38:433][  0]LogUObjectGlobals:Warning: Failed to find object 'Class None.'
[2017.04.05-17.48.38:458][  0]LogContentBrowser: Native class hierarchy updated for 'HierarchicalLODOutliner' in 0.0004 seconds. Added 1 classes and 2 folders.
[2017.04.05-17.48.38:459][  0]LogLoad: Full Startup: 7.97 seconds (BP compile: 0.21 seconds)
[2017.04.05-17.48.38:459][  0]LogExternalProfiler: No external profilers were discovered.  External profiling features will not be available.
[2017.04.05-17.48.38:476][  0]LogWindowsTextInputMethodSystem:Display: IME system now deactivated.
[2017.04.05-17.48.38:478][  0]LogOcInput: OculusInput pre-init called
[2017.04.05-17.48.38:505][  0]LogContentStreaming: Texture pool size now 700 MB
[2017.04.05-17.48.38:822][  0]LogRenderer: Reallocating scene render targets to support 964x460 (Frame:2).
[2017.04.05-17.48.38:911][  1]LogFileCache: Retrieving MD5 hashes for directory 'C:/Users/denve/Documents/Github/CGT445/Game/Content/' took 0.42s
[2017.04.05-17.48.40:677][103]LogCollectionManager: Rebuilt the object cache for 0 collections in 0.000001 seconds (found 0 objects)
[2017.04.05-17.48.51:637][760]LogAssetRegistry: Asset discovery search completed in 18.3388 seconds
[2017.04.05-17.48.51:637][760]LogCollectionManager: Fixed up redirectors for 0 collections in 0.000009 seconds (updated 0 objects)
[2017.04.05-17.49.04:314][516]LogLinker:Warning: Can't find file '/Game/Imported_Content/All_the_guns/Diffuse_Mat'
[2017.04.05-17.49.04:315][516]LogLinker:Warning: Can't find file for asset '/Game/Imported_Content/All_the_guns/Diffuse_Mat' while loading ../../../../../../Users/denve/Documents/Github/CGT445/Game/Content/Maps/BarebonesCafeteria.umap.
[2017.04.05-17.49.04:315][516]LoadErrors:Error: Error /Game/Maps/BarebonesCafeteria : Can't find file for asset. /Game/Imported_Content/All_the_guns/Diffuse_Mat
[2017.04.05-17.49.04:341][516]LogLinker:Warning: Can't find file '/Game/Imported_Content/All_the_guns/Diffuse_Mat'
[2017.04.05-17.49.04:341][516]LogLinker:Warning: Can't find file for asset '/Game/Imported_Content/All_the_guns/Diffuse_Mat' while loading ../../../../../../Users/denve/Documents/Github/CGT445/Game/Content/Maps/BarebonesCafeteria.umap.
[2017.04.05-17.49.04:385][516]LogLinker:Warning: Can't find file '/Game/Imported_Content/All_the_guns/Diffuse_Mat'
[2017.04.05-17.49.04:385][516]LoadErrors: Info Failed to load /Game/Imported_Content/All_the_guns/Diffuse_Mat.Diffuse_Mat Referenced by Assault_Rifle_41
[2017.04.05-17.49.04:385][516]LogLinker:Warning: Can't find file for asset '/Game/Imported_Content/All_the_guns/Diffuse_Mat' while loading NULL.
[2017.04.05-17.49.04:398][516]LogTexture:Display: Building textures: 1-floreal-blue-wallpaper-texture-seamless-2 (AutoDXT)
[2017.04.05-17.49.04:492][516]LogMaterial: Missing cached shader map for material 1-floreal-blue-wallpaper-texture-seamless-2_Mat, compiling. 
[2017.04.05-17.49.04:543][516]LogTexture:Display: Building textures: HQ_Lightmap0_1 (AutoDXT)
[2017.04.05-17.49.04:768][516]LogTexture:Display: Building textures: HQ_Lightmap1_2 (AutoDXT)
[2017.04.05-17.49.04:787][516]LogTexture:Display: Building textures: LQ_Lightmap_0_1 (DXT1)
[2017.04.05-17.49.04:917][516]LogTexture:Display: Building textures: LQ_Lightmap_1_2 (DXT1)
[2017.04.05-17.49.04:924][516]LogTexture:Display: Building textures: ShadowMapTexture2D_0 (BGRA8)
[2017.04.05-17.49.04:958][516]LogTexture:Display: Building textures: ShadowMapTexture2D_1 (G8)
[2017.04.05-17.49.04:960][516]LogStaticMesh: Building static mesh 1...
[2017.04.05-17.49.04:983][516]LogMeshUtilities:Warning: Invalid vertex normals found for mesh. Forcing recomputation of vertex normals for MikkTSpace. Fix mesh or disable "Use MikkTSpace Tangent Space" to avoid forced recomputation of normals.
[2017.04.05-17.49.04:999][516]LogStaticMesh: Built static mesh [0.04s] /Game/Imported_Content/Posters/FNAF_Inspired_posters/1/1.1
[2017.04.05-17.49.05:000][516]LogStaticMesh: Building static mesh Assault_Rifle...
[2017.04.05-17.49.05:005][516]LogMeshUtilities:Warning: Invalid vertex normals found for mesh. Forcing recomputation of vertex normals for MikkTSpace. Fix mesh or disable "Use MikkTSpace Tangent Space" to avoid forced recomputation of normals.
[2017.04.05-17.49.05:221][516]LogStaticMesh: Built static mesh [0.22s] /Game/Imported_Content/All_the_guns/Assault_Rifle.Assault_Rifle
[2017.04.05-17.49.05:222][516]LogStaticMesh: Building static mesh Coffeet2...
[2017.04.05-17.49.05:340][516]LogStaticMesh: Built static mesh [0.12s] /Game/Imported_Content/Other_Stuff/Coffee_table/Coffeet2OBJ/Coffeet2.Coffeet2
[2017.04.05-17.49.05:340][516]LogStaticMesh: Building static mesh Colt...
[2017.04.05-17.49.05:507][516]LogMeshUtilities:Warning: Invalid vertex normals found for mesh. Forcing recomputation of vertex normals for MikkTSpace. Fix mesh or disable "Use MikkTSpace Tangent Space" to avoid forced recomputation of normals.
[2017.04.05-17.49.32:414][516]LogStaticMesh: Built static mesh [27.07s] /Game/Imported_Content/All_the_guns/Colt.Colt
[2017.04.05-17.49.32:417][516]LogStaticMesh: Building static mesh glocki...
[2017.04.05-17.49.32:419][516]LogMeshUtilities:Warning: Invalid vertex normals found for mesh. Forcing recomputation of vertex normals for MikkTSpace. Fix mesh or disable "Use MikkTSpace Tangent Space" to avoid forced recomputation of normals.
[2017.04.05-17.49.32:442][516]LogStaticMesh: Built static mesh [0.03s] /Game/Imported_Content/All_the_guns/glocki.glocki
[2017.04.05-17.49.32:442][516]LogStaticMesh: Building static mesh ppsh41_0...
[2017.04.05-17.49.32:443][516]LogMeshUtilities:Warning: Invalid vertex normals found for mesh. Forcing recomputation of vertex normals for MikkTSpace. Fix mesh or disable "Use MikkTSpace Tangent Space" to avoid forced recomputation of normals.
[2017.04.05-17.49.32:463][516]LogStaticMesh: Built static mesh [0.02s] /Game/Imported_Content/All_the_guns/ppsh41_0.ppsh41_0
[2017.04.05-17.49.32:463][516]LogStaticMesh: Building static mesh Revolver...
[2017.04.05-17.49.33:872][516]LogStaticMesh: Built static mesh [1.41s] /Game/Imported_Content/All_the_guns/Revolver.Revolver
[2017.04.05-17.49.33:944][516]LogTexture:Display: Building textures: ppsh41 (AutoDXT)
[2017.04.05-17.49.34:043][516]LogTexture:Display: Building textures: glock (BGRA8)
[2017.04.05-17.49.34:060][516]LogMaterial: Missing cached shader map for material Material, compiling. 
[2017.04.05-17.49.34:080][516]LogTexture:Display: Building textures: enhanced-17040-1446660609-11 (BGRA8)
[2017.04.05-17.49.34:130][516]LogMaterial: Missing cached shader map for material enhanced-17040-1446660609-11_Mat, compiling. 
[2017.04.05-17.49.34:168][516]LogTexture:Display: Building textures: floor_tiles (AutoDXT)
[2017.04.05-17.49.34:917][516]LogMaterial: Missing cached shader map for material floor_tiles_Mat, compiling. 
[2017.04.05-17.49.35:178][516]LogTexture:Display: Building textures: DSC_0119 (AutoDXT)
[2017.04.05-17.49.39:678][516]LogTexture:Display: Building textures: RevolverSkin (AutoDXT)
[2017.04.05-17.49.39:752][516]LogMaterial: Missing cached shader map for material RevolverSkin_Mat, compiling. 
[2017.04.05-17.49.39:761][516]LogMaterial: Missing cached shader map for material Colt_Colt_Gun1SGMat, compiling. 
[2017.04.05-17.49.39:772][516]LogMaterial: Missing cached shader map for material glass, compiling. 
[2017.04.05-17.49.39:787][516]LogMaterial: Missing cached shader map for material _5___Default, compiling. 
[2017.04.05-17.49.39:829][516]LogMaterial: Missing cached shader map for material TriggerMat, compiling. 
[2017.04.05-17.49.39:844][516]LogMaterial: Missing cached shader map for material HandleMat, compiling. 
[2017.04.05-17.49.39:858][516]LogMaterial: Missing cached shader map for material ChamberMat, compiling. 
[2017.04.05-17.49.39:875][516]LogMaterial: Missing cached shader map for material Colt_Colt_blinn2SGMat, compiling. 
[2017.04.05-17.49.39:888][516]LogMaterial: Missing cached shader map for material Colt_Colt_BackStrapSGMat, compiling. 
[2017.04.05-17.49.39:903][516]LogMaterial: Missing cached shader map for material Chamber_HolderMat, compiling. 
[2017.04.05-17.49.39:915][516]LogMaterial: Missing cached shader map for material BodyMat, compiling. 
[2017.04.05-17.49.39:932][516]LogMaterial: Missing cached shader map for material BarrelMat, compiling. 
[2017.04.05-17.49.39:950][516]LogMaterial: Missing cached shader map for material Back_TriggerMat, compiling. 
[2017.04.05-17.49.40:240][516]LogMaterial: Missing cached shader map for material Colt_Colt_SlideLeftSGMat, compiling. 
[2017.04.05-17.49.40:254][516]LogMaterial: Missing cached shader map for material Colt_Colt_FrameLeftSGMat, compiling. 
[2017.04.05-17.49.40:271][516]LogMaterial: Missing cached shader map for material Colt_Colt_FrameRightSGMat, compiling. 
[2017.04.05-17.49.40:288][516]LogMaterial: Missing cached shader map for material defaultMat, compiling. 
[2017.04.05-17.49.40:348][516]LogTexture:Display: Building textures: Dgart_Wallpaper04 (AutoDXT)
[2017.04.05-17.49.40:686][516]LogMaterial: Missing cached shader map for material Dgart_Wallpaper04_Mat, compiling. 
[2017.04.05-17.49.40:741][516]LogTexture:Display: Building textures: ceiling_texture (AutoDXT)
[2017.04.05-17.49.41:222][516]LogMaterial: Missing cached shader map for material ceiling_texture_Mat, compiling. 
[2017.04.05-17.49.41:243][516]LogMaterial: Missing cached shader map for material DSC_0119_Mat, compiling. 
[2017.04.05-17.49.41:269][516]LogTexture:Display: Building textures: main_word (AutoDXT)
[2017.04.05-17.49.41:363][516]LogMaterial: Missing cached shader map for material main_word_Mat, compiling. 
[2017.04.05-17.49.41:391][516]LogTexture:Display: Building textures: motivation (BGRA8)
[2017.04.05-17.49.41:412][516]LogMaterial: Missing cached shader map for material motivation_Mat, compiling. 
[2017.04.05-17.49.41:458][516]LogTexture:Display: Building textures: 2 (BGRA8)
[2017.04.05-17.49.41:543][516]LogMaterial: Missing cached shader map for material 2_Mat, compiling. 
[2017.04.05-17.49.41:599][516]LogTexture:Display: Building textures: 3 (AutoDXT)
[2017.04.05-17.49.42:383][516]LogMaterial: Missing cached shader map for material 3_Mat, compiling. 
[2017.04.05-17.49.42:442][516]LogTexture:Display: Building textures: Dgart_Wallpaper04 (AutoDXT)
[2017.04.05-17.49.42:785][516]LogMaterial: Missing cached shader map for material Dgart_Wallpaper04_Mat, compiling. 
[2017.04.05-17.49.42:828][516]LogTexture:Display: Building textures: 1 (AutoDXT)
[2017.04.05-17.49.43:099][516]LogMaterial: Missing cached shader map for material 1_Mat, compiling. 
[2017.04.05-17.49.43:138][516]LogTexture:Display: Building textures: winners_never_quit (BGRA8)
[2017.04.05-17.49.43:149][516]LogMaterial: Missing cached shader map for material winners_never_quit_Mat, compiling. 
[2017.04.05-17.49.43:404][516]LogTexture:Display: Building textures: Diffuse (AutoDXT)
[2017.04.05-17.49.48:145][516]LogMaterial: Missing cached shader map for material Colt_Colt_TriggerSGMat, compiling. 
[2017.04.05-17.49.48:163][516]LogMaterial: Missing cached shader map for material Colt_Colt_StRtCheckerSGMat, compiling. 
[2017.04.05-17.49.48:180][516]LogMaterial: Missing cached shader map for material Colt_Colt_SpringPlugSGMat, compiling. 
[2017.04.05-17.49.48:250][516]LogMaterial: Missing cached shader map for material Metal_, compiling. 
[2017.04.05-17.49.48:273][516]LogMaterial: Missing cached shader map for material default00, compiling. 
[2017.04.05-17.49.48:319][516]LogMaterial: Missing cached shader map for material Colt_Colt_checkering_lambert2SGMat, compiling. 
[2017.04.05-17.49.48:337][516]LogMaterial: Missing cached shader map for material Colt_Colt_blinn1SGMat, compiling. 
[2017.04.05-17.49.48:353][516]LogAIModule: Creating AISystem for world BarebonesCafeteria
[2017.04.05-17.49.48:478][516]Cmd: MAP LOAD FILE="../../../../../../Users/denve/Documents/Github/CGT445/Game/Content/Maps/BarebonesCafeteria.umap" TEMPLATE=0 SHOWPROGRESS=1 FEATURELEVEL=3
[2017.04.05-17.49.48:478][516]LightingResults: New page: Lighting Build
[2017.04.05-17.49.48:479][516]LoadErrors: New page: Loading map: BarebonesCafeteria.umap
[2017.04.05-17.49.48:480][516]MapCheck: New page: Map Check
[2017.04.05-17.49.48:480][516]LightingResults: New page: Lighting Build
[2017.04.05-17.49.48:709][516]LogEditorServer: Finished looking for orphan Actors (0.000 secs)
[2017.04.05-17.49.48:760][516]Cmd: MAP CHECKDEP NOCLEARLOG
[2017.04.05-17.49.48:855][516]MapCheck: Info Map check complete: 0 Error(s), 0 Warning(s), took 94.326ms to complete.
[2017.04.05-17.49.48:855][516]LogFileHelpers: Loading map 'BarebonesCafeteria' took 0.378
[2017.04.05-17.50.37:851][294]Cmd: SELECT NONE
[2017.04.05-17.50.43:210][584]LogContentBrowser: Native class hierarchy updated for 'BlueprintGraph' in 0.0008 seconds. Added 111 classes and 0 folders.
[2017.04.05-17.57.00:169][778]LogEditorViewport: Clicking on Actor (LMB): StaticMeshActor (Wall_500x519)
[2017.04.05-17.57.00:845][810]LogEditorViewport: Clicking on Actor (LMB): StaticMeshActor (Shape_Tube2)
[2017.04.05-18.04.36:411][ 60]LogEditorViewport: Clicking on Actor (LMB): StaticMeshActor (16)
[2017.04.05-18.05.04:165][539]LogEditorViewport: Clicking on Actor (LMB): StaticMeshActor (Shape_Tube)
[2017.04.05-18.05.16:154][188]LogEditorViewport: Clicking on Actor (LMB): StaticMeshActor (Shape_Tube3)
[2017.04.05-18.05.20:451][406]LogEditorViewport: Clicking on Actor (LMB): StaticMeshActor (Shape_Tube4)
[2017.04.05-18.05.25:338][653]LogEditorViewport: Clicking on Actor (LMB): StaticMeshActor (Shape_Tube2)
[2017.04.05-18.05.39:593][363]LogPlayLevel: PlayLevel: No blueprints needed recompiling
[2017.04.05-18.05.39:594][363]PIE: New page: PIE session: BarebonesCafeteria (Apr 5, 2017, 9:05:39 AM)
[2017.04.05-18.05.39:594][363]LogPlayLevel: Creating play world package: /Game/Maps/UEDPIE_0_BarebonesCafeteria
[2017.04.05-18.05.39:600][363]LogPlayLevel: PIE: StaticDuplicateObject took: (0.006271s)
[2017.04.05-18.05.39:601][363]LogAIModule: Creating AISystem for world BarebonesCafeteria
[2017.04.05-18.05.39:601][363]LogPlayLevel: PIE: World Init took: (0.000690s)
[2017.04.05-18.05.39:601][363]LogPlayLevel: PIE: Created PIE world by copying editor world from /Game/Maps/BarebonesCafeteria.BarebonesCafeteria to /Game/Maps/UEDPIE_0_BarebonesCafeteria.BarebonesCafeteria (0.007187s)
[2017.04.05-18.05.39:635][363]LogInit: XAudio2 using 'Speakers (Realtek High Definition Audio)' : 2 channels at 48 kHz using 32 bits per sample (channel mask 0x3)
[2017.04.05-18.05.39:643][363]LogInit: FAudioDevice initialized.
[2017.04.05-18.05.39:702][363]LogWorld: Game class is 'FoodFightersGM_C'
[2017.04.05-18.05.39:709][363]LogWorld: Bringing World /Game/Maps/UEDPIE_0_BarebonesCafeteria.BarebonesCafeteria up for play (max tick rate 60) at 2017.04.05-14.05.39
[2017.04.05-18.05.39:710][363]LogWorld: Bringing up level for play took: 0.006390
[2017.04.05-18.05.39:713][363]LogContentBrowser: Native class hierarchy updated for 'MovieSceneCapture' in 0.0004 seconds. Added 11 classes and 0 folders.
[2017.04.05-18.05.39:716][363]LogPlayerManagement:Error: Failed to Create Player: A local player already exists for controller ID 0,
[2017.04.05-18.05.39:717][363]LogScript:Warning: Accessed None trying to read property My Character
	HUDP1_C /Engine/Transient.UnrealEdEngine_0:GameInstance_0.HUDP1_C_0
	Function /Game/Blueprints/UI/HUDP1.HUDP1_C:GetText_0:003D
[2017.04.05-18.05.39:717][363]PIE:Error: Error Blueprint Runtime Error: Accessed None trying to read property My Character from function: 'GetText_0' from node: Return Node in graph: GetText_0 in object: HUDP1 with description: Accessed None trying to read property My Character
[2017.04.05-18.05.39:720][363]LogScript:Warning: Accessed None trying to read property My Character
	HUDP2_C /Engine/Transient.UnrealEdEngine_0:GameInstance_0.HUDP2_C_0
	Function /Game/Blueprints/UI/HUDP2.HUDP2_C:GetText_0:003D
[2017.04.05-18.05.39:720][363]PIE:Error: Error Blueprint Runtime Error: Accessed None trying to read property My Character from function: 'GetText_0' from node: Return Node in graph: GetText_0 in object: HUDP2 with description: Accessed None trying to read property My Character
[2017.04.05-18.05.39:720][363]PIE: Info Play in editor start time for /Game/Maps/UEDPIE_0_BarebonesCafeteria -0.499
[2017.04.05-18.06.17:475][473]LogSavePackage: Save=141.62ms
[2017.04.05-18.06.17:475][473]LogSavePackage: Moving '../../../../../../Users/denve/Documents/Github/CGT445/Game/Saved/BarebonesCafeteria_Auto1B8C496F94B3DF6277F78FFA16CCA8378.tmp' to '../../../../../../Users/denve/Documents/Github/CGT445/Game/Saved/Autosaves/Game/Maps/BarebonesCafeteria_Auto1.umap'
[2017.04.05-18.06.17:477][473]LogSavePackage:Display: Finished SavePackage ../../../../../../Users/denve/Documents/Github/CGT445/Game/Saved/Autosaves/Game/Maps/BarebonesCafeteria_Auto1.umap
[2017.04.05-18.06.17:481][473]LogFileHelpers: Editor autosave (incl. sublevels) for '/Game/Maps/BarebonesCafeteria' took 0.225
[2017.04.05-18.06.17:481][473]LogFileHelpers: Editor autosave (incl. sublevels) for all levels took 0.225
[2017.04.05-18.06.17:483][473]OBJ SavePackage: Generating thumbnails for [0] asset(s) in package [/Game/Blueprints/UI/MainMenu] ([1] browsable assets)...
[2017.04.05-18.06.17:483][473]OBJ SavePackage: Finished generating thumbnails for package [/Game/Blueprints/UI/MainMenu]
[2017.04.05-18.06.17:569][473]LogSavePackage: Save=72.91ms
[2017.04.05-18.06.17:569][473]LogSavePackage: Moving '../../../../../../Users/denve/Documents/Github/CGT445/Game/Saved/MainMenu_Auto155A351BE4D51BA9B26CC45BEE0D9850C.tmp' to '../../../../../../Users/denve/Documents/Github/CGT445/Game/Saved/Autosaves/Game/Blueprints/UI/MainMenu_Auto1.uasset'
[2017.04.05-18.06.17:571][473]LogSavePackage:Display: Finished SavePackage ../../../../../../Users/denve/Documents/Github/CGT445/Game/Saved/Autosaves/Game/Blueprints/UI/MainMenu_Auto1.uasset
[2017.04.05-18.06.17:571][473]LogFileHelpers: Auto-saving content packages took 0.089
[2017.04.05-18.47.57:764][332]LogEditorViewport: Clicking on Actor (LMB): PointLight (PointLight5)
[2017.04.05-18.48.01:480][538]LogEditorViewport: Clicking on Actor (context menu): PointLight (PointLight5)
[2017.04.05-18.48.11:552][116]LogEditorViewport: Clicking on Actor (LMB): PointLight (PointLight5)
[2017.04.05-18.48.27:798][ 69]LogEditorViewport: Clicking on Actor (LMB): PointLight (PointLight6)
[2017.04.05-18.48.31:544][280]LogEditorViewport: Clicking on Actor (LMB): PointLight (PointLight3)
[2017.04.05-18.48.33:941][415]LogEditorViewport: Clicking on Actor (LMB): StaticMeshActor (Wall_500x503)
[2017.04.05-18.48.34:679][455]LogEditorViewport: Clicking on Actor (LMB): PointLight (PointLight8)
[2017.04.05-18.48.37:546][616]LogEditorViewport: Clicking on Actor (LMB): PointLight (PointLight7)
[2017.04.05-18.48.40:634][792]LogEditorViewport: Clicking on Actor (LMB): PointLight (PointLight9)
[2017.04.05-18.48.43:406][949]LogEditorViewport: Clicking on Actor (LMB): StaticMeshActor (Wall_500x521)
[2017.04.05-18.49.07:219][347]LogSavePackage: Save=141.83ms
[2017.04.05-18.49.07:219][347]LogSavePackage: Moving '../../../../../../Users/denve/Documents/Github/CGT445/Game/Saved/BarebonesCafeteria_Auto29F3C256648358CFEA492B9AC54C3A7FE.tmp' to '../../../../../../Users/denve/Documents/Github/CGT445/Game/Saved/Autosaves/Game/Maps/BarebonesCafeteria_Auto2.umap'
[2017.04.05-18.49.07:220][347]LogSavePackage:Display: Finished SavePackage ../../../../../../Users/denve/Documents/Github/CGT445/Game/Saved/Autosaves/Game/Maps/BarebonesCafeteria_Auto2.umap
[2017.04.05-18.49.07:222][347]LogFileHelpers: Editor autosave (incl. sublevels) for '/Game/Maps/BarebonesCafeteria' took 0.239
[2017.04.05-18.49.07:222][347]LogFileHelpers: Editor autosave (incl. sublevels) for all levels took 0.239
[2017.04.05-18.50.02:292][433]LogEditorViewport: Clicking on Actor (LMB): PointLight (PointLight2)
[2017.04.05-18.50.05:264][584]LogEditorViewport: Clicking on Actor (LMB): PointLight (PointLight4)
[2017.04.05-18.50.07:739][709]LogEditorViewport: Clicking on Actor (LMB): SpotLight (SpotLight)
[2017.04.05-18.50.20:379][216]LogEditorViewport: Clicking on Actor (LMB): PointLight (PointLight11)
[2017.04.05-18.50.34:176][799]LogPlayLevel: PlayLevel: No blueprints needed recompiling
[2017.04.05-18.50.34:176][799]PIE: New page: PIE session: BarebonesCafeteria (Apr 5, 2017, 9:50:34 AM)
[2017.04.05-18.50.34:176][799]LogPlayLevel: Creating play world package: /Game/Maps/UEDPIE_0_BarebonesCafeteria
[2017.04.05-18.50.34:182][799]LogPlayLevel: PIE: StaticDuplicateObject took: (0.005681s)
[2017.04.05-18.50.34:183][799]LogAIModule: Creating AISystem for world BarebonesCafeteria
[2017.04.05-18.50.34:183][799]LogPlayLevel: PIE: World Init took: (0.000969s)
[2017.04.05-18.50.34:183][799]LogPlayLevel: PIE: Created PIE world by copying editor world from /Game/Maps/BarebonesCafeteria.BarebonesCafeteria to /Game/Maps/UEDPIE_0_BarebonesCafeteria.BarebonesCafeteria (0.006904s)
[2017.04.05-18.50.34:202][799]LogInit: XAudio2 using 'Speakers (Realtek High Definition Audio)' : 2 channels at 48 kHz using 32 bits per sample (channel mask 0x3)
[2017.04.05-18.50.34:213][799]LogInit: FAudioDevice initialized.
[2017.04.05-18.50.34:260][799]LogWorld: Game class is 'FoodFightersGM_C'
[2017.04.05-18.50.34:268][799]LogWorld: Bringing World /Game/Maps/UEDPIE_0_BarebonesCafeteria.BarebonesCafeteria up for play (max tick rate 60) at 2017.04.05-14.50.34
[2017.04.05-18.50.34:268][799]LogWorld: Bringing up level for play took: 0.006654
[2017.04.05-18.50.34:271][799]LogPlayerManagement:Error: Failed to Create Player: A local player already exists for controller ID 0,
[2017.04.05-18.50.34:272][799]LogScript:Warning: Accessed None trying to read property My Character
	HUDP1_C /Engine/Transient.UnrealEdEngine_0:GameInstance_1.HUDP1_C_1
	Function /Game/Blueprints/UI/HUDP1.HUDP1_C:GetText_0:003D
[2017.04.05-18.50.34:272][799]PIE:Error: Error Blueprint Runtime Error: Accessed None trying to read property My Character from function: 'GetText_0' from node: Return Node in graph: GetText_0 in object: HUDP1 with description: Accessed None trying to read property My Character
[2017.04.05-18.50.34:275][799]LogScript:Warning: Accessed None trying to read property My Character
	HUDP2_C /Engine/Transient.UnrealEdEngine_0:GameInstance_1.HUDP2_C_1
	Function /Game/Blueprints/UI/HUDP2.HUDP2_C:GetText_0:003D
[2017.04.05-18.50.34:276][799]PIE:Error: Error Blueprint Runtime Error: Accessed None trying to read property My Character from function: 'GetText_0' from node: Return Node in graph: GetText_0 in object: HUDP2 with description: Accessed None trying to read property My Character
[2017.04.05-18.50.34:276][799]PIE: Info Play in editor start time for /Game/Maps/UEDPIE_0_BarebonesCafeteria 0.607
[2017.04.05-18.56.21:074][601]LogPlayLevel: PlayLevel: No blueprints needed recompiling
[2017.04.05-18.56.21:074][601]PIE: New page: PIE session: BarebonesCafeteria (Apr 5, 2017, 9:56:21 AM)
[2017.04.05-18.56.21:074][601]LogPlayLevel: Creating play world package: /Game/Maps/UEDPIE_0_BarebonesCafeteria
[2017.04.05-18.56.21:080][601]LogPlayLevel: PIE: StaticDuplicateObject took: (0.005838s)
[2017.04.05-18.56.21:081][601]LogAIModule: Creating AISystem for world BarebonesCafeteria
[2017.04.05-18.56.21:081][601]LogPlayLevel: PIE: World Init took: (0.000799s)
[2017.04.05-18.56.21:081][601]LogPlayLevel: PIE: Created PIE world by copying editor world from /Game/Maps/BarebonesCafeteria.BarebonesCafeteria to /Game/Maps/UEDPIE_0_BarebonesCafeteria.BarebonesCafeteria (0.006902s)
[2017.04.05-18.56.21:099][601]LogInit: XAudio2 using 'Speakers (Realtek High Definition Audio)' : 2 channels at 48 kHz using 32 bits per sample (channel mask 0x3)
[2017.04.05-18.56.21:107][601]LogInit: FAudioDevice initialized.
[2017.04.05-18.56.21:153][601]LogWorld: Game class is 'FoodFightersGM_C'
[2017.04.05-18.56.21:161][601]LogWorld: Bringing World /Game/Maps/UEDPIE_0_BarebonesCafeteria.BarebonesCafeteria up for play (max tick rate 60) at 2017.04.05-14.56.21
[2017.04.05-18.56.21:161][601]LogWorld: Bringing up level for play took: 0.006686
[2017.04.05-18.56.21:164][601]LogPlayerManagement:Error: Failed to Create Player: A local player already exists for controller ID 0,
[2017.04.05-18.56.21:165][601]LogScript:Warning: Accessed None trying to read property My Character
	HUDP1_C /Engine/Transient.UnrealEdEngine_0:GameInstance_2.HUDP1_C_2
	Function /Game/Blueprints/UI/HUDP1.HUDP1_C:GetText_0:003D
[2017.04.05-18.56.21:165][601]PIE:Error: Error Blueprint Runtime Error: Accessed None trying to read property My Character from function: 'GetText_0' from node: Return Node in graph: GetText_0 in object: HUDP1 with description: Accessed None trying to read property My Character
[2017.04.05-18.56.21:168][601]LogScript:Warning: Accessed None trying to read property My Character
	HUDP2_C /Engine/Transient.UnrealEdEngine_0:GameInstance_2.HUDP2_C_2
	Function /Game/Blueprints/UI/HUDP2.HUDP2_C:GetText_0:003D
[2017.04.05-18.56.21:168][601]PIE:Error: Error Blueprint Runtime Error: Accessed None trying to read property My Character from function: 'GetText_0' from node: Return Node in graph: GetText_0 in object: HUDP2 with description: Accessed None trying to read property My Character
[2017.04.05-18.56.21:168][601]PIE: Info Play in editor start time for /Game/Maps/UEDPIE_0_BarebonesCafeteria -0.385
[2017.04.05-18.57.32:646][ 48]LogMaterial: Missing cached shader map for material Pear_Tail__pear_diffuse_jpg, compiling. 
[2017.04.05-18.57.32:668][ 48]LogMaterial: Missing cached shader map for material Pear_Skin__pear_diffuse_jpg, compiling. 
[2017.04.05-18.57.32:690][ 48]LogMaterial: Missing cached shader map for material Pear_Flower__pear_diffuse_jpg, compiling. 
[2017.04.05-18.58.38:485][789]LogPlayLevel: PlayLevel: No blueprints needed recompiling
[2017.04.05-18.58.38:486][789]PIE: New page: PIE session: BarebonesCafeteria (Apr 5, 2017, 9:58:38 AM)
[2017.04.05-18.58.38:486][789]LogPlayLevel: Creating play world package: /Game/Maps/UEDPIE_0_BarebonesCafeteria
[2017.04.05-18.58.38:492][789]LogPlayLevel: PIE: StaticDuplicateObject took: (0.005931s)
[2017.04.05-18.58.38:492][789]LogAIModule: Creating AISystem for world BarebonesCafeteria
[2017.04.05-18.58.38:492][789]LogPlayLevel: PIE: World Init took: (0.000720s)
[2017.04.05-18.58.38:493][789]LogPlayLevel: PIE: Created PIE world by copying editor world from /Game/Maps/BarebonesCafeteria.BarebonesCafeteria to /Game/Maps/UEDPIE_0_BarebonesCafeteria.BarebonesCafeteria (0.006924s)
[2017.04.05-18.58.38:511][789]LogInit: XAudio2 using 'Speakers (Realtek High Definition Audio)' : 2 channels at 48 kHz using 32 bits per sample (channel mask 0x3)
[2017.04.05-18.58.38:519][789]LogInit: FAudioDevice initialized.
[2017.04.05-18.58.38:563][789]LogWorld: Game class is 'FoodFightersGM_C'
[2017.04.05-18.58.38:570][789]LogWorld: Bringing World /Game/Maps/UEDPIE_0_BarebonesCafeteria.BarebonesCafeteria up for play (max tick rate 60) at 2017.04.05-14.58.38
[2017.04.05-18.58.38:571][789]LogWorld: Bringing up level for play took: 0.006916
[2017.04.05-18.58.38:573][789]LogPlayerManagement:Error: Failed to Create Player: A local player already exists for controller ID 0,
[2017.04.05-18.58.38:574][789]LogScript:Warning: Accessed None trying to read property My Character
	HUDP1_C /Engine/Transient.UnrealEdEngine_0:GameInstance_3.HUDP1_C_3
	Function /Game/Blueprints/UI/HUDP1.HUDP1_C:GetText_0:003D
[2017.04.05-18.58.38:574][789]PIE:Error: Error Blueprint Runtime Error: Accessed None trying to read property My Character from function: 'GetText_0' from node: Return Node in graph: GetText_0 in object: HUDP1 with description: Accessed None trying to read property My Character
[2017.04.05-18.58.38:578][789]LogScript:Warning: Accessed None trying to read property My Character
	HUDP2_C /Engine/Transient.UnrealEdEngine_0:GameInstance_3.HUDP2_C_3
	Function /Game/Blueprints/UI/HUDP2.HUDP2_C:GetText_0:003D
[2017.04.05-18.58.38:578][789]PIE:Error: Error Blueprint Runtime Error: Accessed None trying to read property My Character from function: 'GetText_0' from node: Return Node in graph: GetText_0 in object: HUDP2 with description: Accessed None trying to read property My Character
[2017.04.05-18.58.38:578][789]PIE: Info Play in editor start time for /Game/Maps/UEDPIE_0_BarebonesCafeteria 1.07
[2017.04.05-18.59.23:842][641]LogTexture:Display: Building textures: T_UDK_Sky_CloudMask01_N (AutoDXT)
[2017.04.05-18.59.25:657][641]LogSkeletalMesh: InitArticulated: Bodies already created (/Engine/Transient.DebugSkelMeshComponent_0) - call TermArticulated first.
[2017.04.05-18.59.25:673][641]LogTexture:Display: Building textures: icon_ShowSkeletalMeshes_40x (BGRA8)
[2017.04.05-18.59.25:719][642]LogRenderer: Reallocating scene render targets to support 964x704 (Frame:231464).
[2017.04.05-19.02.11:605][268]Cmd: OBJ SAVEPACKAGE PACKAGE="/Game/Blueprints/UI/MainMenu" FILE="../../../../../../Users/denve/Documents/Github/CGT445/Game/Content/Blueprints/UI/MainMenu.uasset" SILENT=true
[2017.04.05-19.02.11:695][268]LogSavePackage: Save=74.79ms
[2017.04.05-19.02.11:695][268]LogSavePackage: Moving '../../../../../../Users/denve/Documents/Github/CGT445/Game/Saved/MainMenu0D212869400B196E8CD8A2B85E54D453.tmp' to '../../../../../../Users/denve/Documents/Github/CGT445/Game/Content/Blueprints/UI/MainMenu.uasset'
[2017.04.05-19.02.11:700][268]LogSavePackage:Display: Finished SavePackage ../../../../../../Users/denve/Documents/Github/CGT445/Game/Content/Blueprints/UI/MainMenu.uasset
[2017.04.05-19.02.12:007][268]LogSavePackage: Save=133.86ms
[2017.04.05-19.02.12:007][268]LogSavePackage: Moving '../../../../../../Users/denve/Documents/Github/CGT445/Game/Saved/BarebonesCafeteriaBB4575584FFAAC999862D38F119E68FA.tmp' to '../../../../../../Users/denve/Documents/Github/CGT445/Game/Content/Maps/BarebonesCafeteria.umap'
[2017.04.05-19.02.12:013][268]LogSavePackage:Display: Finished SavePackage ../../../../../../Users/denve/Documents/Github/CGT445/Game/Content/Maps/BarebonesCafeteria.umap
[2017.04.05-19.02.12:045][268]LogFileHelpers: Saving map 'BarebonesCafeteria' took 0.277
[2017.04.05-19.02.12:342][269]Cmd: QUIT_EDITOR
[2017.04.05-19.02.12:781][269]LogWindowsTextInputMethodSystem:Display: IME system now deactivated.
[2017.04.05-19.02.12:808][269]LogExit: Preparing to exit.
[2017.04.05-19.02.13:274][269]LogExit: Editor shut down
[2017.04.05-19.02.13:274][269]LogExit: Transaction tracking system shut down
[2017.04.05-19.02.13:433][269]LogObj: Freed 0b from 0 cluster array pools.
[2017.04.05-19.02.13:433][269]LogExit: Object subsystem successfully closed.
[2017.04.05-19.02.13:449][269]LogD3D11RHI: Shutdown
[2017.04.05-19.02.13:449][269]LogD3D11RHI: CleanupD3DDevice
[2017.04.05-19.02.13:537][269]LogD3D11RHI: ~FD3D11DynamicRHI
[2017.04.05-19.02.13:549][269]LogModuleManager: Shutting down and abandoning module MovieSceneCapture (218)
[2017.04.05-19.02.13:549][269]LogModuleManager: Shutting down and abandoning module SequencerWidgets (217)
[2017.04.05-19.02.13:549][269]LogModuleManager: Shutting down and abandoning module BlueprintGraph (216)
[2017.04.05-19.02.13:549][269]LogModuleManager: Shutting down and abandoning module HierarchicalLODOutliner (215)
[2017.04.05-19.02.13:550][269]LogModuleManager: Shutting down and abandoning module CrashTracker (214)
[2017.04.05-19.02.13:550][269]LogModuleManager: Shutting down and abandoning module SceneOutliner (213)
[2017.04.05-19.02.13:550][269]LogModuleManager: Shutting down and abandoning module WidgetCarousel (212)
[2017.04.05-19.02.13:550][269]LogModuleManager: Shutting down and abandoning module AddContentDialog (211)
[2017.04.05-19.02.13:550][269]LogModuleManager: Shutting down and abandoning module GameplayTags (210)
[2017.04.05-19.02.13:550][269]LogModuleManager: Shutting down and abandoning module EditorWidgets (209)
[2017.04.05-19.02.13:550][269]LogModuleManager: Shutting down and abandoning module CollectionManager (208)
[2017.04.05-19.02.13:551][269]LogModuleManager: Shutting down and abandoning module StatsViewer (207)
[2017.04.05-19.02.13:551][269]LogModuleManager: Shutting down and abandoning module FoliageEdit (206)
[2017.04.05-19.02.13:551][269]LogModuleManager: Shutting down and abandoning module LandscapeEditor (205)
[2017.04.05-19.02.13:551][269]LogModuleManager: Shutting down and abandoning module SceneDepthPickerMode (204)
[2017.04.05-19.02.13:551][269]LogModuleManager: Shutting down and abandoning module ActorPickerMode (203)
[2017.04.05-19.02.13:551][269]LogModuleManager: Shutting down and abandoning module GeometryMode (202)
[2017.04.05-19.02.13:551][269]LogModuleManager: Shutting down and abandoning module TextureAlignMode (201)
[2017.04.05-19.02.13:551][269]LogModuleManager: Shutting down and abandoning module BspMode (200)
[2017.04.05-19.02.13:551][269]LogModuleManager: Shutting down and abandoning module HardwareSurvey (199)
[2017.04.05-19.02.13:551][269]LogModuleManager: Shutting down and abandoning module SequenceRecorderSections (198)
[2017.04.05-19.02.13:551][269]LogModuleManager: Shutting down and abandoning module SequenceRecorder (197)
[2017.04.05-19.02.13:551][269]LogModuleManager: Shutting down and abandoning module AutomationWorker (196)
[2017.04.05-19.02.13:551][269]LogModuleManager: Shutting down and abandoning module MatineeToLevelSequence (195)
[2017.04.05-19.02.13:551][269]LogModuleManager: Shutting down and abandoning module PlacementMode (194)
[2017.04.05-19.02.13:551][269]LogModuleManager: Shutting down and abandoning module LevelSequenceEditor (193)
[2017.04.05-19.02.13:551][269]LogModuleManager: Shutting down and abandoning module CharacterAI (192)
[2017.04.05-19.02.13:551][269]LogModuleManager: Shutting down and abandoning module SmartSnapping (191)
[2017.04.05-19.02.13:551][269]LogModuleManager: Shutting down and abandoning module SessionServices (190)
[2017.04.05-19.02.13:551][269]LogModuleManager: Shutting down and abandoning module ViewportSnapping (189)
[2017.04.05-19.02.13:551][269]LogModuleManager: Shutting down and abandoning module LogVisualizer (188)
[2017.04.05-19.02.13:551][269]LogModuleManager: Shutting down and abandoning module GameProjectGeneration (187)
[2017.04.05-19.02.13:551][269]LogModuleManager: Shutting down and abandoning module IntroTutorials (186)
[2017.04.05-19.02.13:552][269]LogModuleManager: Shutting down and abandoning module EditorLiveStreaming (185)
[2017.04.05-19.02.13:552][269]LogModuleManager: Shutting down and abandoning module IOSPlatformEditor (184)
[2017.04.05-19.02.13:552][269]LogModuleManager: Shutting down and abandoning module HTML5PlatformEditor (183)
[2017.04.05-19.02.13:552][269]LogModuleManager: Shutting down and abandoning module AndroidDeviceDetection (182)
[2017.04.05-19.02.13:601][269]LogModuleManager: Shutting down and abandoning module AndroidPlatformEditor (181)
[2017.04.05-19.02.13:601][269]LogModuleManager: Shutting down and abandoning module IOSRuntimeSettings (180)
[2017.04.05-19.02.13:601][269]LogModuleManager: Shutting down and abandoning module AndroidRuntimeSettings (179)
[2017.04.05-19.02.13:601][269]LogModuleManager: Shutting down and abandoning module MergeActors (178)
[2017.04.05-19.02.13:601][269]LogModuleManager: Shutting down and abandoning module SizeMap (177)
[2017.04.05-19.02.13:601][269]LogModuleManager: Shutting down and abandoning module TreeMap (176)
[2017.04.05-19.02.13:601][269]LogModuleManager: Shutting down and abandoning module ReferenceViewer (175)
[2017.04.05-19.02.13:601][269]LogModuleManager: Shutting down and abandoning module LocalizationService (174)
[2017.04.05-19.02.13:601][269]LogModuleManager: Shutting down and abandoning module LocalizationDashboard (173)
[2017.04.05-19.02.13:601][269]LogModuleManager: Shutting down and abandoning module HardwareTargeting (172)
[2017.04.05-19.02.13:601][269]LogModuleManager: Shutting down and abandoning module DeviceProfileEditor (171)
[2017.04.05-19.02.13:601][269]LogModuleManager: Shutting down and abandoning module UndoHistory (170)
[2017.04.05-19.02.13:601][269]LogModuleManager: Shutting down and abandoning module UserFeedback (169)
[2017.04.05-19.02.13:601][269]LogModuleManager: Shutting down and abandoning module XmlParser (168)
[2017.04.05-19.02.13:601][269]LogModuleManager: Shutting down and abandoning module Blutility (167)
[2017.04.05-19.02.13:601][269]LogModuleManager: Shutting down and abandoning module ProjectTargetPlatformEditor (166)
[2017.04.05-19.02.13:603][269]LogModuleManager: Shutting down and abandoning module ProjectSettingsViewer (165)
[2017.04.05-19.02.13:603][269]LogModuleManager: Shutting down and abandoning module InputBindingEditor (164)
[2017.04.05-19.02.13:603][269]LogModuleManager: Shutting down and abandoning module EditorSettingsViewer (163)
[2017.04.05-19.02.13:603][269]LogModuleManager: Shutting down and abandoning module SettingsEditor (162)
[2017.04.05-19.02.13:603][269]LogModuleManager: Shutting down and abandoning module ProjectLauncher (161)
[2017.04.05-19.02.13:603][269]LogModuleManager: Shutting down and abandoning module SessionFrontend (160)
[2017.04.05-19.02.13:603][269]LogModuleManager: Shutting down and abandoning module ProfilerClient (159)
[2017.04.05-19.02.13:603][269]LogModuleManager: Shutting down and abandoning module TargetDeviceServices (158)
[2017.04.05-19.02.13:603][269]LogModuleManager: Shutting down and abandoning module DeviceManager (157)
[2017.04.05-19.02.13:646][269]LogModuleManager: Shutting down and abandoning module AutomationController (156)
[2017.04.05-19.02.13:646][269]LogModuleManager: Shutting down and abandoning module AutomationWindow (155)
[2017.04.05-19.02.13:646][269]LogModuleManager: Shutting down and abandoning module Layers (154)
[2017.04.05-19.02.13:646][269]LogModuleManager: Shutting down and abandoning module ComponentVisualizers (153)
[2017.04.05-19.02.13:646][269]LogModuleManager: Shutting down and abandoning module DetailCustomizations (152)
[2017.04.05-19.02.13:646][269]LogModuleManager: Shutting down and abandoning module PackagesDialog (151)
[2017.04.05-19.02.13:646][269]LogModuleManager: Shutting down and abandoning module Persona (150)
[2017.04.05-19.02.13:646][269]LogModuleManager: Shutting down and abandoning module Kismet (149)
[2017.04.05-19.02.13:646][269]LogModuleManager: Shutting down and abandoning module GraphEditor (148)
[2017.04.05-19.02.13:646][269]LogModuleManager: Shutting down and abandoning module ClassViewer (147)
[2017.04.05-19.02.13:646][269]LogModuleManager: Shutting down and abandoning module Toolbox (146)
[2017.04.05-19.02.13:646][269]LogModuleManager: Shutting down and abandoning module ModuleUI (145)
[2017.04.05-19.02.13:646][269]LogModuleManager: Shutting down and abandoning module MovieSceneTools (144)
[2017.04.05-19.02.13:646][269]LogModuleManager: Shutting down and abandoning module OutputLog (143)
[2017.04.05-19.02.13:646][269]LogModuleManager: Shutting down and abandoning module GammaUI (142)
[2017.04.05-19.02.13:646][269]LogModuleManager: Shutting down and abandoning module Documentation (141)
[2017.04.05-19.02.13:646][269]LogModuleManager: Shutting down and abandoning module StreamingPauseRendering (140)
[2017.04.05-19.02.13:647][269]LogModuleManager: Shutting down and abandoning module AnalyticsET (139)
[2017.04.05-19.02.13:647][269]LogModuleManager: Shutting down and abandoning module Analytics (138)
[2017.04.05-19.02.13:647][269]LogModuleManager: Shutting down and abandoning module PortalServices (137)
[2017.04.05-19.02.13:647][269]LogModuleManager: Shutting down and abandoning module PortalRpc (136)
[2017.04.05-19.02.13:647][269]LogModuleManager: Shutting down and abandoning module MessagingRpc (135)
[2017.04.05-19.02.13:647][269]LogModuleManager: Shutting down and abandoning module GameplayDebugger (134)
[2017.04.05-19.02.13:647][269]LogModuleManager: Shutting down and abandoning module AITestSuite (133)
[2017.04.05-19.02.13:647][269]LogModuleManager: Shutting down and abandoning module AIModule (132)
[2017.04.05-19.02.13:647][269]LogModuleManager: Shutting down and abandoning module ProfilerService (131)
[2017.04.05-19.02.13:894][269]LogModuleManager: Shutting down and abandoning module TaskGraph (130)
[2017.04.05-19.02.13:894][269]LogModuleManager: Shutting down and abandoning module SubstanceEditor (129)
[2017.04.05-19.02.13:894][269]LogModuleManager: Shutting down and abandoning module SlateRemote (128)
[2017.04.05-19.02.13:894][269]LogModuleManager: Shutting down and abandoning module SteamVRController (127)
[2017.04.05-19.02.13:894][269]LogModuleManager: Shutting down and abandoning module SteamVR (126)
[2017.04.05-19.02.13:894][269]LogModuleManager: Shutting down and abandoning module ProceduralMeshComponent (125)
[2017.04.05-19.02.13:894][269]LogModuleManager: Shutting down and abandoning module OculusLibrary (124)
[2017.04.05-19.02.13:894][269]LogModuleManager: Shutting down and abandoning module OculusInput (123)
[2017.04.05-19.02.13:894][269]LogModuleManager: Shutting down and abandoning module CustomMeshComponent (122)
[2017.04.05-19.02.13:894][269]LogModuleManager: Shutting down and abandoning module CableComponent (121)
[2017.04.05-19.02.13:894][269]LogModuleManager: Shutting down and abandoning module ArchVisCharacter (120)
[2017.04.05-19.02.13:894][269]LogModuleManager: Shutting down and abandoning module MediaPlayerEditor (119)
[2017.04.05-19.02.13:894][269]LogModuleManager: Shutting down and abandoning module HTML5Networking (118)
[2017.04.05-19.02.13:894][269]LogModuleManager: Shutting down and abandoning module SuperSearch (117)
[2017.04.05-19.02.13:894][269]LogModuleManager: Shutting down and abandoning module SuperSearchEditor (116)
[2017.04.05-19.02.13:894][269]LogModuleManager: Shutting down and abandoning module SpeedTreeImporter (115)
[2017.04.05-19.02.13:894][269]LogModuleManager: Shutting down and abandoning module PluginBrowser (114)
[2017.04.05-19.02.13:894][269]LogModuleManager: Shutting down and abandoning module EpicSurvey (113)
[2017.04.05-19.02.13:895][269]LogModuleManager: Shutting down and abandoning module DesktopPlatform (112)
[2017.04.05-19.02.13:895][269]LogModuleManager: Shutting down and abandoning module VisualStudioSourceCodeAccess (111)
[2017.04.05-19.02.13:895][269]LogModuleManager: Shutting down and abandoning module UObjectPlugin (110)
[2017.04.05-19.02.13:895][269]LogModuleManager: Shutting down and abandoning module SubversionSourceControl (109)
[2017.04.05-19.02.13:895][269]LogModuleManager: Shutting down and abandoning module PerforceSourceControl (108)
[2017.04.05-19.02.13:895][269]LogModuleManager: Shutting down and abandoning module SourceControl (107)
[2017.04.05-19.02.13:895][269]LogModuleManager: Shutting down and abandoning module GitSourceControl (106)
[2017.04.05-19.02.13:895][269]LogModuleManager: Shutting down and abandoning module LightPropagationVolumeEditor (105)
[2017.04.05-19.02.13:895][269]LogModuleManager: Shutting down and abandoning module PaperTiledImporter (104)
[2017.04.05-19.02.13:895][269]LogModuleManager: Shutting down and abandoning module PaperSpriteSheetImporter (103)
[2017.04.05-19.02.13:895][269]LogModuleManager: Shutting down and abandoning module MeshPaint (102)
[2017.04.05-19.02.13:895][269]LogModuleManager: Shutting down and abandoning module PixelInspectorModule (101)
[2017.04.05-19.02.13:895][269]LogModuleManager: Shutting down and abandoning module HotReload (100)
[2017.04.05-19.02.13:895][269]LogModuleManager: Shutting down and abandoning module MainFrame (99)
[2017.04.05-19.02.13:895][269]LogModuleManager: Shutting down and abandoning module LevelEditor (98)
[2017.04.05-19.02.13:896][269]LogModuleManager: Shutting down and abandoning module ContentBrowser (97)
[2017.04.05-19.02.13:897][269]LogModuleManager: Shutting down and abandoning module Paper2DEditor (96)
[2017.04.05-19.02.13:897][269]LogModuleManager: Shutting down and abandoning module UdpMessaging (95)
[2017.04.05-19.02.13:998][269]LogModuleManager: Shutting down and abandoning module SubstanceCore (94)
[2017.04.05-19.02.13:998][269]LogModuleManager: Shutting down and abandoning module LightPropagationVolumeRuntime (93)
[2017.04.05-19.02.13:998][269]LogModuleManager: Shutting down and abandoning module Paper2D (92)
[2017.04.05-19.02.13:998][269]LogModuleManager: Shutting down and abandoning module WindowsMoviePlayer (91)
[2017.04.05-19.02.13:998][269]LogModuleManager: Shutting down and abandoning module Media (90)
[2017.04.05-19.02.13:998][269]LogModuleManager: Shutting down and abandoning module WmfMedia (89)
[2017.04.05-19.02.13:998][269]LogModuleManager: Shutting down and abandoning module MediaAssets (88)
[2017.04.05-19.02.13:998][269]LogModuleManager: Shutting down and abandoning module GameLiveStreaming (87)
[2017.04.05-19.02.13:998][269]LogModuleManager: Shutting down and abandoning module GameplayTagsEditor (86)
[2017.04.05-19.02.13:998][269]LogModuleManager: Shutting down and abandoning module OnlineBlueprintSupport (85)
[2017.04.05-19.02.13:998][269]LogModuleManager: Shutting down and abandoning module VREditor (84)
[2017.04.05-19.02.13:998][269]LogModuleManager: Shutting down and abandoning module GameplayTasksEditor (83)
[2017.04.05-19.02.13:998][269]LogModuleManager: Shutting down and abandoning module PropertyEditor (82)
[2017.04.05-19.02.13:998][269]LogModuleManager: Shutting down and abandoning module BehaviorTreeEditor (81)
[2017.04.05-19.02.13:998][269]LogModuleManager: Shutting down and abandoning module FunctionalTesting (80)
[2017.04.05-19.02.13:998][269]LogModuleManager: Shutting down and abandoning module CollisionAnalyzer (79)
[2017.04.05-19.02.13:998][269]LogModuleManager: Shutting down and abandoning module Sequencer (78)
[2017.04.05-19.02.13:998][269]LogModuleManager: Shutting down and abandoning module WorkspaceMenuStructure (77)
[2017.04.05-19.02.13:998][269]LogModuleManager: Shutting down and abandoning module MessageLog (76)
[2017.04.05-19.02.13:998][269]LogModuleManager: Shutting down and abandoning module AssetTools (75)
[2017.04.05-19.02.13:998][269]LogModuleManager: Shutting down and abandoning module UMGEditor (74)
[2017.04.05-19.02.13:998][269]LogModuleManager: Shutting down and abandoning module UMG (73)
[2017.04.05-19.02.13:998][269]LogModuleManager: Shutting down and abandoning module SlateReflector (72)
[2017.04.05-19.02.13:998][269]LogModuleManager: Shutting down and abandoning module Slate (71)
[2017.04.05-19.02.13:998][269]LogModuleManager: Shutting down and abandoning module EditorStyle (70)
[2017.04.05-19.02.14:000][269]LogModuleManager: Shutting down and abandoning module SourceCodeAccess (69)
[2017.04.05-19.02.14:000][269]LogModuleManager: Shutting down and abandoning module HeadMountedDisplay (68)
[2017.04.05-19.02.14:000][269]LogModuleManager: Shutting down and abandoning module XAudio2 (67)
[2017.04.05-19.02.14:000][269]LogModuleManager: Shutting down and abandoning module Networking (65)
[2017.04.05-19.02.14:000][269]LogModuleManager: Shutting down and abandoning module Core (64)
[2017.04.05-19.02.14:000][269]LogModuleManager: Shutting down and abandoning module DirectoryWatcher (63)
[2017.04.05-19.02.14:001][269]LogModuleManager: Shutting down and abandoning module AssetRegistry (62)
[2017.04.05-19.02.14:141][269]LogModuleManager: Shutting down and abandoning module KismetCompiler (61)
[2017.04.05-19.02.14:141][269]LogModuleManager: Shutting down and abandoning module PhysXFormats (60)
[2017.04.05-19.02.14:141][269]LogModuleManager: Shutting down and abandoning module MeshUtilities (59)
[2017.04.05-19.02.14:141][269]LogModuleManager: Shutting down and abandoning module DerivedDataCache (58)
[2017.04.05-19.02.14:197][269]LogDerivedDataCache: Shutdown
[2017.04.05-19.02.14:197][269]LogModuleManager: Shutting down and abandoning module VulkanShaderFormat (57)
[2017.04.05-19.02.14:197][269]LogModuleManager: Shutting down and abandoning module ShaderFormatOpenGL (56)
[2017.04.05-19.02.14:197][269]LogModuleManager: Shutting down and abandoning module ShaderFormatD3D (55)
[2017.04.05-19.02.14:197][269]LogModuleManager: Shutting down and abandoning module MetalShaderFormat (54)
[2017.04.05-19.02.14:197][269]LogModuleManager: Shutting down and abandoning module TextureFormatUncompressed (53)
[2017.04.05-19.02.14:197][269]LogModuleManager: Shutting down and abandoning module TextureFormatPVR (52)
[2017.04.05-19.02.14:197][269]LogModuleManager: Shutting down and abandoning module TextureFormatIntelISPCTexComp (51)
[2017.04.05-19.02.14:197][269]LogModuleManager: Shutting down and abandoning module TextureFormatDXT (50)
[2017.04.05-19.02.14:197][269]LogModuleManager: Shutting down and abandoning module ImageWrapper (49)
[2017.04.05-19.02.14:197][269]LogModuleManager: Shutting down and abandoning module TextureFormatASTC (48)
[2017.04.05-19.02.14:197][269]LogModuleManager: Shutting down and abandoning module TextureFormatAndroid (47)
[2017.04.05-19.02.14:197][269]LogModuleManager: Shutting down and abandoning module AudioFormatOpus (46)
[2017.04.05-19.02.14:197][269]LogModuleManager: Shutting down and abandoning module AudioFormatOgg (45)
[2017.04.05-19.02.14:197][269]LogModuleManager: Shutting down and abandoning module AudioFormatADPCM (44)
[2017.04.05-19.02.14:197][269]LogModuleManager: Shutting down and abandoning module LinuxTargetPlatform (43)
[2017.04.05-19.02.14:197][269]LogModuleManager: Shutting down and abandoning module LinuxServerTargetPlatform (42)
[2017.04.05-19.02.14:197][269]LogModuleManager: Shutting down and abandoning module LinuxNoEditorTargetPlatform (41)
[2017.04.05-19.02.14:197][269]LogModuleManager: Shutting down and abandoning module TVOSTargetPlatform (40)
[2017.04.05-19.02.14:197][269]LogModuleManager: Shutting down and abandoning module Messaging (39)
[2017.04.05-19.02.14:197][269]LogModuleManager: Shutting down and abandoning module IOSTargetPlatform (38)
[2017.04.05-19.02.14:198][269]LogModuleManager: Shutting down and abandoning module HTML5TargetPlatform (37)
[2017.04.05-19.02.14:198][269]LogModuleManager: Shutting down and abandoning module Android_PVRTCTargetPlatform (36)
[2017.04.05-19.02.14:198][269]LogModuleManager: Shutting down and abandoning module Android_MultiTargetPlatform (35)
[2017.04.05-19.02.14:198][269]LogModuleManager: Shutting down and abandoning module Android_ETC2TargetPlatform (34)
[2017.04.05-19.02.14:198][269]LogModuleManager: Shutting down and abandoning module Android_ETC1TargetPlatform (33)
[2017.04.05-19.02.14:198][269]LogModuleManager: Shutting down and abandoning module Android_DXTTargetPlatform (32)
[2017.04.05-19.02.14:198][269]LogModuleManager: Shutting down and abandoning module Android_ATCTargetPlatform (31)
[2017.04.05-19.02.14:198][269]LogModuleManager: Shutting down and abandoning module Android_ASTCTargetPlatform (30)
[2017.04.05-19.02.14:198][269]LogModuleManager: Shutting down and abandoning module AndroidTargetPlatform (29)
[2017.04.05-19.02.14:198][269]LogModuleManager: Shutting down and abandoning module WindowsTargetPlatform (28)
[2017.04.05-19.02.14:198][269]LogModuleManager: Shutting down and abandoning module WindowsServerTargetPlatform (27)
[2017.04.05-19.02.14:198][269]LogModuleManager: Shutting down and abandoning module WindowsNoEditorTargetPlatform (26)
[2017.04.05-19.02.14:198][269]LogModuleManager: Shutting down and abandoning module WindowsClientTargetPlatform (25)
[2017.04.05-19.02.14:198][269]LogModuleManager: Shutting down and abandoning module AllDesktopTargetPlatform (24)
[2017.04.05-19.02.14:198][269]LogModuleManager: Shutting down and abandoning module TargetPlatform (23)
[2017.04.05-19.02.14:198][269]LogModuleManager: Shutting down and abandoning module InputCore (22)
[2017.04.05-19.02.14:198][269]LogModuleManager: Shutting down and abandoning module Settings (21)
[2017.04.05-19.02.14:198][269]LogModuleManager: Shutting down and abandoning module OnlineSubsystem (19)
[2017.04.05-19.02.14:198][269]LogModuleManager: Shutting down and abandoning module HTTP (18)
[2017.04.05-19.02.18:204][269]LogModuleManager: Shutting down and abandoning module XMPP (17)
[2017.04.05-19.02.18:204][269]LogModuleManager: Shutting down and abandoning module OculusRift (16)
[2017.04.05-19.02.18:205][269]LogModuleManager: Shutting down and abandoning module ExampleDeviceProfileSelector (15)
[2017.04.05-19.02.18:205][269]LogModuleManager: Shutting down and abandoning module TextureCompressor (14)
[2017.04.05-19.02.18:205][269]LogModuleManager: Shutting down and abandoning module ShaderCore (13)
[2017.04.05-19.02.18:205][269]LogModuleManager: Shutting down and abandoning module Landscape (12)
[2017.04.05-19.02.18:205][269]LogModuleManager: Shutting down and abandoning module SlateRHIRenderer (11)
[2017.04.05-19.02.18:206][269]LogModuleManager: Shutting down and abandoning module OpenGLDrv (10)
[2017.04.05-19.02.18:206][269]LogModuleManager: Shutting down and abandoning module D3D11RHI (9)
[2017.04.05-19.02.18:206][269]LogModuleManager: Shutting down and abandoning module AnimGraphRuntime (8)
[2017.04.05-19.02.18:206][269]LogModuleManager: Shutting down and abandoning module Renderer (7)
[2017.04.05-19.02.18:206][269]LogModuleManager: Shutting down and abandoning module Engine (6)
[2017.04.05-19.02.18:206][269]LogModuleManager: Shutting down and abandoning module CoreUObject (5)
[2017.04.05-19.02.18:206][269]LogModuleManager: Shutting down and abandoning module NetworkFile (4)
[2017.04.05-19.02.18:206][269]LogModuleManager: Shutting down and abandoning module StreamingFile (3)
[2017.04.05-19.02.18:206][269]LogModuleManager: Shutting down and abandoning module SandboxFile (2)
[2017.04.05-19.02.18:206][269]LogModuleManager: Shutting down and abandoning module PakFile (1)
[2017.04.05-19.02.18:208][269]LogExit: Exiting.
[2017.04.05-19.02.18:225][269]Log file closed, 04/05/17 15:02:18
