Log file open, 04/19/17 15:25:24
LogInit:Display: Running engine for game: Game
LogPlatformFile: Not using cached read wrapper
LogInit:Display: RandInit(1156151558) SRandInit(1156151559).
LogTaskGraph: Started task graph with 4 named threads and 7 total threads with 1 sets of task threads.
LogStats: Stats thread started at 0.150423
LogInit: Version: 4.12.5-3039270+++UE4+Release-4.12
LogInit: API Version: 2992821
LogInit: Net Version: 3039270
LogDevObjectVersion: Number of dev versions registered: 13
LogDevObjectVersion:   Dev-Blueprints (B0D832E4-1F89-4F0D-ACCF-7EB736FD4AA2): 3
LogDevObjectVersion:   Dev-Build (E1C64328-A22C-4D53-A36C-8E866417BD8C): 0
LogDevObjectVersion:   Dev-Core (375EC13C-06E4-48FB-B500-84F0262A717E): 1
LogDevObjectVersion:   Dev-Editor (E4B068ED-F494-42E9-A231-DA0B2E46BB41): 2
LogDevObjectVersion:   Dev-Framework (CFFC743F-43B0-4480-9391-14DF171D2073): 6
LogDevObjectVersion:   Dev-Mobile (B02B49B5-BB20-44E9-A304-32B752E40360): 0
LogDevObjectVersion:   Dev-Networking (A4E4105C-59A1-49B5-A7C5-40C4547EDFEE): 0
LogDevObjectVersion:   Dev-Online (39C831C9-5AE6-47DC-9A44-9C173E1C8E7C): 0
LogDevObjectVersion:   Dev-Physics (78F01B33-EBEA-4F98-B9B4-84EACCB95AA2): 0
LogDevObjectVersion:   Dev-Platform (6631380F-2D4D-43E0-8009-CF276956A95A): 0
LogDevObjectVersion:   Dev-Rendering (12F88B9F-8875-4AFC-A67C-D90C383ABD29): 2
LogDevObjectVersion:   Dev-Sequencer (7B5AE74C-D270-4C10-A958-57980B212A5A): 0
LogDevObjectVersion:   Dev-VR (D7296918-1DD6-4BDD-9DE2-64A83CC13884): 0
LogInit: Compiled (64-bit): Jul  6 2016 09:09:46
LogInit: Compiled with Visual C++: 19.00.23026.00
LogInit: Build Configuration: Development
LogInit: Branch Name: ++UE4+Release-4.12
LogInit: Command line:  
LogInit: Base directory: E:/New folder/Paragon/UE_4.12/Engine/Binaries/Win64/
LogInit: Installed Engine Build: 1
LogInit: Using libcurl 7.41.0
LogInit:  - built for x86_64-pc-win32
LogInit:  - supports SSL with WinSSL
LogInit:  - other features:
LogInit:      CURL_VERSION_SSL
LogInit:      CURL_VERSION_IPV6
LogInit:      CURL_VERSION_ASYNCHDNS
LogInit:      CURL_VERSION_LARGEFILE
LogInit:      CURL_VERSION_IDN
LogInit:  CurlRequestOptions (configurable via config and command line):
LogInit:  - bVerifyPeer = true  - Libcurl will verify peer certificate
LogInit:  - bUseHttpProxy = false  - Libcurl will NOT use HTTP proxy
LogInit:  - bDontReuseConnections = false  - Libcurl will reuse connections
LogInit:  - CertBundlePath = nullptr  - Libcurl will use whatever was configured at build time.
LogInit: Presizing for max 8388607 objects, including 0 objects not considered by GC, pre-allocating 0 bytes for permanent pool.
LogInit: Object subsystem initialized
[2017.04.19-19.25.25:100][  0]LogInit: Selected Device Profile: [Windows]
[2017.04.19-19.25.25:101][  0]LogInit: Applying CVar settings loaded from the selected device profile: [Windows]
[2017.04.19-19.25.25:235][  0]LogInit: Computer: DESKTOP-JAT82AM
[2017.04.19-19.25.25:235][  0]LogInit: User: Alex
[2017.04.19-19.25.25:235][  0]LogInit: CPU Page size=65536, Cores=4
[2017.04.19-19.25.25:235][  0]LogInit: High frequency timer resolution =3.906245 MHz
[2017.04.19-19.25.25:244][  0]LogMemory: Memory total: Physical=15.9GB (16GB approx)
[2017.04.19-19.25.25:247][  0]LogMemory: Platform Memory Stats for Windows
[2017.04.19-19.25.25:247][  0]LogMemory: Process Physical Memory: 192.82 MB used, 192.82 MB peak
[2017.04.19-19.25.25:247][  0]LogMemory: Process Virtual Memory: 195.36 MB used, 195.36 MB peak
[2017.04.19-19.25.25:247][  0]LogMemory: Physical Memory: 4494.55 MB used, 16332.62 MB total
[2017.04.19-19.25.25:247][  0]LogMemory: Virtual Memory: 581.54 MB used, 134217728.00 MB total
[2017.04.19-19.25.26:505][  0]LogTextLocalizationManager: No specific translations for ('en-US') exist, so ('en') translations will be used.
[2017.04.19-19.25.27:603][  0]LogD3D11RHI: D3D11 adapters:
[2017.04.19-19.25.27:659][  0]LogD3D11RHI:    0. 'AMD Radeon R9 200 Series' (Feature Level 11_0)
[2017.04.19-19.25.27:659][  0]LogD3D11RHI:       4073/0/8166 MB DedicatedVideo/DedicatedSystem/SharedSystem, Outputs:1, VendorId:0x1002
[2017.04.19-19.25.27:663][  0]LogD3D11RHI:    1. 'Microsoft Basic Render Driver' (Feature Level 11_0)
[2017.04.19-19.25.27:663][  0]LogD3D11RHI:       0/0/8166 MB DedicatedVideo/DedicatedSystem/SharedSystem, Outputs:0, VendorId:0x1414
[2017.04.19-19.25.27:663][  0]LogD3D11RHI: Chosen D3D11 Adapter: 0
[2017.04.19-19.25.27:672][  0]LogD3D11RHI: Creating new Direct3DDevice
[2017.04.19-19.25.27:672][  0]LogD3D11RHI:     GPU DeviceId: 0x67b0 (for the marketing name, search the web for "GPU Device Id")
[2017.04.19-19.25.27:673][  0]LogWindows: EnumDisplayDevices:
[2017.04.19-19.25.27:673][  0]LogWindows:    0. 'AMD Radeon R9 200 Series' (P:1 D:1)
[2017.04.19-19.25.27:673][  0]LogWindows:    1. 'AMD Radeon R9 200 Series' (P:0 D:0)
[2017.04.19-19.25.27:674][  0]LogWindows:    2. 'AMD Radeon R9 200 Series' (P:0 D:0)
[2017.04.19-19.25.27:674][  0]LogWindows:    3. 'AMD Radeon R9 200 Series' (P:0 D:0)
[2017.04.19-19.25.27:675][  0]LogWindows:    4. 'AMD Radeon R9 200 Series' (P:0 D:0)
[2017.04.19-19.25.27:676][  0]LogWindows:    5. 'AMD Radeon R9 200 Series' (P:0 D:0)
[2017.04.19-19.25.27:676][  0]LogWindows: DebugString: FoundDriverCount:6 
[2017.04.19-19.25.27:676][  0]LogD3D11RHI:     Adapter Name: AMD Radeon R9 200 Series
[2017.04.19-19.25.27:676][  0]LogD3D11RHI:   Driver Version: Crimson ReLive 17.1.1 (internal:21.19.411.0, unified:21.19.411.0)
[2017.04.19-19.25.27:676][  0]LogD3D11RHI:      Driver Date: 1-13-2017
[2017.04.19-19.25.27:676][  0]LogRHI: Texture pool is 1361 MB (70% of 1945 MB)
[2017.04.19-19.25.27:695][  0]LogD3D11RHI: Async texture creation disabled: no driver support
[2017.04.19-19.25.28:057][  0]LogD3D11RHI: GPU Timing Frequency: 27.000000 (Debug: 2 1)
[2017.04.19-19.25.28:144][  0]LogShaderCompilers: Guid format shader working directory is 7 characters bigger than the processId version (C:/Users/Alex/Desktop/Gith/CGT445/Game/Intermediate/Shaders/WorkingDirectory/7308/).
[2017.04.19-19.25.28:145][  0]LogShaderCompilers: Cleaned the shader compiler working directory 'C:/Users/Alex/AppData/Local/Temp/UnrealShaderWorkingDir/656988C4447D0CBD86536E8122C5BCAA/'.
[2017.04.19-19.25.28:145][  0]LogShaderCompilers:Display: Using Local Shader Compiler.
[2017.04.19-19.25.32:518][  0]LogTemp:Display: Loaded TP AllDesktopTargetPlatform
[2017.04.19-19.25.32:535][  0]LogTemp:Display: Loaded TP WindowsClientTargetPlatform
[2017.04.19-19.25.32:548][  0]LogTemp:Display: Loaded TP WindowsNoEditorTargetPlatform
[2017.04.19-19.25.32:561][  0]LogTemp:Display: Loaded TP WindowsServerTargetPlatform
[2017.04.19-19.25.32:568][  0]LogTemp:Display: Loaded TP WindowsTargetPlatform
[2017.04.19-19.25.32:577][  0]LogTemp:Display: Loaded TP AndroidTargetPlatform
[2017.04.19-19.25.32:614][  0]LogTemp:Display: Loaded TP Android_ASTCTargetPlatform
[2017.04.19-19.25.32:627][  0]LogTemp:Display: Loaded TP Android_ATCTargetPlatform
[2017.04.19-19.25.32:648][  0]LogTemp:Display: Loaded TP Android_DXTTargetPlatform
[2017.04.19-19.25.32:673][  0]LogTemp:Display: Loaded TP Android_ETC1TargetPlatform
[2017.04.19-19.25.32:691][  0]LogTemp:Display: Loaded TP Android_ETC2TargetPlatform
[2017.04.19-19.25.32:718][  0]LogTemp:Display: Loaded TP Android_MultiTargetPlatform
[2017.04.19-19.25.32:718][  0]LogTemp:Display: Loaded TP Android_PVRTCTargetPlatform
[2017.04.19-19.25.32:719][  0]LogTemp:Display: Loaded TP HTML5TargetPlatform
[2017.04.19-19.25.32:811][  0]LogTemp:Display: Loaded TP IOSTargetPlatform
[2017.04.19-19.25.32:833][  0]LogTemp:Display: Loaded TP TVOSTargetPlatform
[2017.04.19-19.25.32:851][  0]LogTemp:Display: Loaded TP LinuxNoEditorTargetPlatform
[2017.04.19-19.25.32:860][  0]LogTemp:Display: Loaded TP LinuxServerTargetPlatform
[2017.04.19-19.25.32:906][  0]LogTemp:Display: Loaded TP LinuxTargetPlatform
[2017.04.19-19.25.32:906][  0]LogTargetPlatformManager:Display: Building Assets For Windows
[2017.04.19-19.25.33:853][  0]LogDerivedDataCache:Display: Max Cache Size: 512 MB
[2017.04.19-19.25.34:130][  0]LogDerivedDataCache: Loaded boot cache 0.28s 48MB C:/Users/Alex/AppData/Local/UnrealEngine/4.12/DerivedDataCache/Boot.ddc.
[2017.04.19-19.25.34:131][  0]LogDerivedDataCache:Display: Loaded Boot cache: C:/Users/Alex/AppData/Local/UnrealEngine/4.12/DerivedDataCache/Boot.ddc
[2017.04.19-19.25.34:131][  0]LogDerivedDataCache: FDerivedDataBackendGraph:  Pak pak cache file C:/Users/Alex/Desktop/Gith/CGT445/Game/DerivedDataCache/DDC.ddp not found, will not use a pak cache.
[2017.04.19-19.25.34:131][  0]LogDerivedDataCache: Unable to find inner node Pak for hierarchical cache Hierarchy.
[2017.04.19-19.25.34:131][  0]LogDerivedDataCache: FDerivedDataBackendGraph:  CompressedPak pak cache file C:/Users/Alex/Desktop/Gith/CGT445/Game/DerivedDataCache/Compressed.ddp not found, will not use a pak cache.
[2017.04.19-19.25.34:131][  0]LogDerivedDataCache: Unable to find inner node CompressedPak for hierarchical cache Hierarchy.
[2017.04.19-19.25.34:276][  0]LogDerivedDataCache:Display: Pak cache opened for reading ../../../Engine/DerivedDataCache/Compressed.ddp.
[2017.04.19-19.25.34:289][  0]LogDerivedDataCache: Using Local data cache path C:/Users/Alex/AppData/Local/UnrealEngine/Common/DerivedDataCache: Writable
[2017.04.19-19.25.41:840][  0]LogInit: Selected Device Profile: [Windows]
[2017.04.19-19.25.41:877][  0]LogContentStreaming: Texture pool size is 0.00 MB
[2017.04.19-19.25.44:153][  0]LogMeshUtilities: No automatic mesh reduction module available
[2017.04.19-19.25.44:153][  0]LogMeshUtilities: No automatic mesh merging module available
[2017.04.19-19.25.44:153][  0]LogMeshUtilities: No distributed automatic mesh merging module available
[2017.04.19-19.25.48:216][  0]LogAssetRegistry: FAssetRegistry took 0.0256 seconds to start up
[2017.04.19-19.25.48:559][  0]LogPackageLocalizationCache: Processed 3 localized package path(s) for 2 prioritized culture(s) in 0.181839 seconds
[2017.04.19-19.25.48:614][  0]LogUObjectArray: 28739 objects as part of root set at end of initial load.
[2017.04.19-19.25.48:614][  0]LogUObjectAllocator: 5855624 out of 0 bytes used by permanent object pool.
[2017.04.19-19.25.48:614][  0]LogUObjectArray: CloseDisregardForGC: 0/0 objects in disregard for GC pool
[2017.04.19-19.25.48:682][  0]LogInit: WinSock: version 1.1 (2.2), MaxSocks=32767, MaxUdp=65467
[2017.04.19-19.25.55:648][  0]LogSlate: SlateFontCache - WITH_FREETYPE: 1, WITH_HARFBUZZ: 1
[2017.04.19-19.25.55:648][  0]LogSlate: SlateFontCache - WITH_FREETYPE: 1, WITH_HARFBUZZ: 1
[2017.04.19-19.26.15:636][  0]LogUdpMessaging: Initializing bridge on interface 0.0.0.0:0 to multicast group 230.0.0.1:6666.
[2017.04.19-19.26.17:748][  0]SourceControl: Info Source control is disabled
[2017.04.19-19.26.17:765][  0]SourceControl: Info Source control is disabled
[2017.04.19-19.26.17:905][  0]SourceControl: Info Source control is disabled
[2017.04.19-19.26.17:955][  0]SourceControl: Info Source control is disabled
[2017.04.19-19.26.20:863][  0]LogEngine: Initializing Engine...
[2017.04.19-19.26.21:039][  0]LogHMD: SteamVR failed to initialize.  Err: 110
[2017.04.19-19.26.21:043][  0]LogHMD: SteamVR failed to initialize.  Err: 110
[2017.04.19-19.26.22:044][  0]LogAIModule: Creating AISystem for world NewWorld
[2017.04.19-19.26.22:277][  0]LogInit: XAudio2 using 'Speakers (Realtek High Definition Audio)' : 2 channels at 48 kHz using 32 bits per sample (channel mask 0x3)
[2017.04.19-19.26.22:316][  0]LogInit: FAudioDevice initialized.
[2017.04.19-19.26.22:349][  0]LogDerivedDataCache: Saved boot cache 0.03s 48MB C:/Users/Alex/AppData/Local/UnrealEngine/4.12/DerivedDataCache/Boot.ddc.
[2017.04.19-19.26.22:357][  0]LogInit: Texture streaming: Enabled
[2017.04.19-19.26.23:357][  0]LogInit: Transaction tracking system initialized
[2017.04.19-19.26.25:313][  0]BlueprintLog: New page: Editor Load
[2017.04.19-19.26.28:869][  0]LocalizationService: Info Localization service is disabled
[2017.04.19-19.26.31:148][  0]LogConsoleResponse:Display: 
[2017.04.19-19.26.33:192][  0]LogFileCache: Scanning file cache for directory 'C:/Users/Alex/Desktop/Gith/CGT445/Game/Content/' took 0.03s
[2017.04.19-19.26.33:192][  0]LogCook:Display: Max memory allowance for cook 8192mb
[2017.04.19-19.26.33:192][  0]LogCook:Display: Mobile HDR setting 1
[2017.04.19-19.26.39:616][  0]SourceControl: Info Source control is disabled
[2017.04.19-19.26.39:819][  0]Cmd: MAP LOAD FILE="C:/Users/Alex/Desktop/Gith/CGT445/Game/Content/FirstPersonBP/Maps/FirstPersonExampleMap.umap" TEMPLATE=0 SHOWPROGRESS=1 FEATURELEVEL=3
[2017.04.19-19.26.39:891][  0]LogEditorServer:Warning: Can't find file 'C:/Users/Alex/Desktop/Gith/CGT445/Game/Content/FirstPersonBP/Maps/FirstPersonExampleMap.umap'
[2017.04.19-19.26.39:957][  0]Cmd: MAP CHECKDEP NOCLEARLOG
[2017.04.19-19.26.40:146][  0]MapCheck: Info Map check complete: 0 Error(s), 0 Warning(s), took 188.308ms to complete.
[2017.04.19-19.26.40:146][  0]LogFileHelpers: Loading map 'FirstPersonExampleMap' took 0.416
[2017.04.19-19.26.44:606][  0]LogCollectionManager: Loaded 0 collections in 0.035723 seconds
[2017.04.19-19.26.45:142][  0]LogFileCache: Scanning file cache for directory 'C:/Users/Alex/Desktop/Gith/CGT445/Game/Saved/Collections/' took 0.01s
[2017.04.19-19.26.45:142][  0]LogFileCache: Scanning file cache for directory 'C:/Users/Alex/Desktop/Gith/CGT445/Game/Content/Developers/Alex/Collections/' took 0.01s
[2017.04.19-19.26.45:142][  0]LogFileCache: Scanning file cache for directory 'C:/Users/Alex/Desktop/Gith/CGT445/Game/Content/Collections/' took 0.01s
[2017.04.19-19.26.45:142][  0]LogCollectionManager: Rebuilt the GUID cache for 0 collections in 0.000008 seconds
[2017.04.19-19.26.45:219][  0]LogContentBrowser: Native class hierarchy populated in 0.0403 seconds. Added 2047 classes and 369 folders.
[2017.04.19-19.26.45:321][  0]LogStats: UGameplayTagsManager::ConstructGameplayTagTree: Construct from data asset -  0.000 s
[2017.04.19-19.26.45:337][  0]LogStats: UGameplayTagsManager::ConstructGameplayTagTree: GameplayTagTreeChangedEvent.Broadcast -  0.016 s
[2017.04.19-19.26.45:347][  0]LogContentBrowser: Native class hierarchy updated for 'GameplayTags' in 0.0016 seconds. Added 12 classes and 0 folders.
[2017.04.19-19.26.45:489][  0]LogContentBrowser: Native class hierarchy updated for 'WidgetCarousel' in 0.0007 seconds. Added 0 classes and 0 folders.
[2017.04.19-19.26.48:667][  0]LogContentBrowser: Native class hierarchy updated for 'AddContentDialog' in 0.0008 seconds. Added 0 classes and 0 folders.
[2017.04.19-19.26.48:789][  0]LogContentBrowser: Native class hierarchy updated for 'SceneOutliner' in 0.0007 seconds. Added 1 classes and 2 folders.
[2017.04.19-19.26.52:395][  0]LogCrashTracker: Crashtracker disabled due to settings.
[2017.04.19-19.26.53:005][  0]LogUObjectGlobals:Warning: Failed to find object 'Class None.'
[2017.04.19-19.26.53:369][  0]LogContentBrowser: Native class hierarchy updated for 'HierarchicalLODOutliner' in 0.0007 seconds. Added 1 classes and 2 folders.
[2017.04.19-19.26.53:369][  0]LogLoad: Full Startup: 93.69 seconds (BP compile: 0.50 seconds)
[2017.04.19-19.26.53:369][  0]LogExternalProfiler: No external profilers were discovered.  External profiling features will not be available.
[2017.04.19-19.26.53:459][  0]LogOcInput: OculusInput pre-init called
[2017.04.19-19.26.53:865][  0]LogContentStreaming: Texture pool size now 1000 MB
[2017.04.19-19.26.54:886][  0]LogRenderer: Reallocating scene render targets to support 760x452 (Frame:2).
[2017.04.19-19.26.55:815][  3]LogAssetRegistry: Asset discovery search completed in 67.6216 seconds
[2017.04.19-19.26.55:815][  3]LogCollectionManager: Rebuilt the object cache for 0 collections in 0.000001 seconds (found 0 objects)
[2017.04.19-19.26.55:815][  3]LogCollectionManager: Fixed up redirectors for 0 collections in 0.000205 seconds (updated 0 objects)
[2017.04.19-19.27.02:050][ 13]LogContentBrowser: Native class hierarchy updated for 'BlueprintGraph' in 0.0007 seconds. Added 111 classes and 0 folders.
[2017.04.19-19.27.06:225][ 13]LogTexture:Display: Building textures: Banana_skin_texture (AutoDXT)
[2017.04.19-19.27.07:096][ 13]LogMaterial: Missing cached shader map for material bananaskinamt, compiling. 
[2017.04.19-19.27.07:392][ 13]LogMaterial: Missing cached shader map for material lambert1, compiling. 
[2017.04.19-19.27.11:203][ 14]LogSynthBenchmark:Display: FSynthBenchmark (V0.95):  requested WorkScale=5.00
[2017.04.19-19.27.11:203][ 14]LogSynthBenchmark:Display: ===============
[2017.04.19-19.27.11:203][ 14]LogSynthBenchmark:Display: Main Processor:
[2017.04.19-19.27.11:381][ 14]LogSynthBenchmark:Display:          ... 0.017279 s/Run 'RayIntersect'
[2017.04.19-19.27.11:381][ 14]LogSynthBenchmark:Display:          ... 0.018171 s/Run 'Fractal'
[2017.04.19-19.27.11:381][ 14]LogSynthBenchmark:Display: 
[2017.04.19-19.27.11:381][ 14]LogSynthBenchmark:Display:   CompiledTarget_x_Bits: 64
[2017.04.19-19.27.11:381][ 14]LogSynthBenchmark:Display:   UE_BUILD_SHIPPING: 0
[2017.04.19-19.27.11:381][ 14]LogSynthBenchmark:Display:   UE_BUILD_TEST: 0
[2017.04.19-19.27.11:381][ 14]LogSynthBenchmark:Display:   UE_BUILD_DEBUG: 0
[2017.04.19-19.27.11:381][ 14]LogSynthBenchmark:Display:   TotalPhysicalGBRam: 16
[2017.04.19-19.27.11:381][ 14]LogSynthBenchmark:Display:   NumberOfCores (physical): 4
[2017.04.19-19.27.11:381][ 14]LogSynthBenchmark:Display:   NumberOfCores (logical): 8
[2017.04.19-19.27.11:381][ 14]LogSynthBenchmark:Display:   CPU Perf Index 0: 148.2 (weight 1.00)
[2017.04.19-19.27.11:381][ 14]LogSynthBenchmark:Display:   CPU Perf Index 1: 157.4 (weight 1.50)
[2017.04.19-19.27.11:381][ 14]LogSynthBenchmark:Display:  
[2017.04.19-19.27.11:381][ 14]LogSynthBenchmark:Display: Graphics:
[2017.04.19-19.27.11:381][ 14]LogSynthBenchmark:Display:   Adapter Name: 'AMD Radeon R9 200 Series'
[2017.04.19-19.27.11:381][ 14]LogSynthBenchmark:Display:   (On Optimus the name might be wrong, memory should be ok)
[2017.04.19-19.27.11:381][ 14]LogSynthBenchmark:Display:   Vendor Id: 0x1002
[2017.04.19-19.27.11:381][ 14]LogSynthBenchmark:Display:   Device Id: 0x67b0
[2017.04.19-19.27.11:381][ 14]LogSynthBenchmark:Display:   GPU Memory: 4074/0/8167 MB
[2017.04.19-19.27.11:445][ 14]LogSynthBenchmark:Display:   GPU first test: 0.01s
[2017.04.19-19.27.11:445][ 14]LogSynthBenchmark:Display:          ... 1.344 GigaPix/s, Confidence=60% 'ALUHeavyNoise' (likely to be very inaccurate)
[2017.04.19-19.27.11:445][ 14]LogSynthBenchmark:Display:          ... 1.267 GigaPix/s, Confidence=60% 'TexHeavy' (likely to be very inaccurate)
[2017.04.19-19.27.11:445][ 14]LogSynthBenchmark:Display:          ... 1.179 GigaPix/s, Confidence=70% 'DepTexHeavy' (likely to be very inaccurate)
[2017.04.19-19.27.11:445][ 14]LogSynthBenchmark:Display:          ... 1.584 GigaPix/s, Confidence=70% 'FillOnly' (likely to be very inaccurate)
[2017.04.19-19.27.11:445][ 14]LogSynthBenchmark:Display:          ... 0.475 GigaPix/s, Confidence=100% 'Bandwidth' (likely to be very inaccurate)
[2017.04.19-19.27.11:464][ 14]LogSynthBenchmark:Display:   GPU second test: 0.01s
[2017.04.19-19.27.11:464][ 14]LogSynthBenchmark:Display:          ... 9.578 GigaPix/s, Confidence=89% 'ALUHeavyNoise' (likely to be inaccurate)
[2017.04.19-19.27.11:464][ 14]LogSynthBenchmark:Display:          ... 7.462 GigaPix/s, Confidence=89% 'TexHeavy' (likely to be inaccurate)
[2017.04.19-19.27.11:464][ 14]LogSynthBenchmark:Display:          ... 6.698 GigaPix/s, Confidence=100% 'DepTexHeavy' (likely to be inaccurate)
[2017.04.19-19.27.11:464][ 14]LogSynthBenchmark:Display:          ... 16.049 GigaPix/s, Confidence=89% 'FillOnly' (likely to be inaccurate)
[2017.04.19-19.27.11:464][ 14]LogSynthBenchmark:Display:          ... 1.019 GigaPix/s, Confidence=100% 'Bandwidth' (likely to be inaccurate)
[2017.04.19-19.27.11:963][ 14]LogSynthBenchmark:Display:   GPU third test: 0.48s
[2017.04.19-19.27.11:963][ 14]LogSynthBenchmark:Display:          ... 14.982 GigaPix/s, Confidence=100% 'ALUHeavyNoise'
[2017.04.19-19.27.11:963][ 14]LogSynthBenchmark:Display:          ... 10.610 GigaPix/s, Confidence=100% 'TexHeavy'
[2017.04.19-19.27.11:963][ 14]LogSynthBenchmark:Display:          ... 9.420 GigaPix/s, Confidence=100% 'DepTexHeavy'
[2017.04.19-19.27.11:963][ 14]LogSynthBenchmark:Display:          ... 41.222 GigaPix/s, Confidence=100% 'FillOnly'
[2017.04.19-19.27.11:963][ 14]LogSynthBenchmark:Display:          ... 1.130 GigaPix/s, Confidence=100% 'Bandwidth'
[2017.04.19-19.27.11:963][ 14]LogSynthBenchmark:Display: 
[2017.04.19-19.27.11:963][ 14]LogSynthBenchmark:Display:   GPU Perf Index 0: 325.6 (weight 1.00)
[2017.04.19-19.27.11:963][ 14]LogSynthBenchmark:Display:   GPU Perf Index 1: 142.5 (weight 0.10)
[2017.04.19-19.27.11:963][ 14]LogSynthBenchmark:Display:   GPU Perf Index 2: 244.9 (weight 0.10)
[2017.04.19-19.27.11:963][ 14]LogSynthBenchmark:Display:   GPU Perf Index 3: 161.9 (weight 3.00)
[2017.04.19-19.27.11:963][ 14]LogSynthBenchmark:Display:   GPU Perf Index 4: 105.4 (weight 1.00)
[2017.04.19-19.27.11:963][ 14]LogSynthBenchmark:Display:   CPUIndex: 153.7
[2017.04.19-19.27.11:963][ 14]LogSynthBenchmark:Display:   GPUIndex: 183.7
[2017.04.19-19.27.11:963][ 14]LogSynthBenchmark:Display: 
[2017.04.19-19.27.11:963][ 14]LogSynthBenchmark:Display:          ... Total Time: 0.759922 sec
[2017.04.19-19.27.36:612][ 90]AssetReimport: New page: Outstanding source content changes 10:27:36 AM
[2017.04.19-19.27.48:283][321]AssetReimport: Info Attempting to delete Coffeet2 (its source file has been removed).
[2017.04.19-19.27.49:999][477]LogTexture:Display: Building textures: HQ_Lightmap0_1 (AutoDXT)
[2017.04.19-19.27.50:184][477]LogTexture:Display: Building textures: HQ_Lightmap1_2 (AutoDXT)
[2017.04.19-19.27.50:198][477]LogTexture:Display: Building textures: LQ_Lightmap_0_1 (DXT1)
[2017.04.19-19.27.50:270][477]LogTexture:Display: Building textures: LQ_Lightmap_1_2 (DXT1)
[2017.04.19-19.27.50:276][477]LogTexture:Display: Building textures: SkyOcclusion1_1 (AutoDXT)
[2017.04.19-19.27.50:338][477]LogTexture:Display: Building textures: SkyOcclusion1_2 (AutoDXT)
[2017.04.19-19.27.50:357][477]LogAIModule: Creating AISystem for world BarebonesCafeteria
[2017.04.19-19.27.50:426][477]Cmd: MAP LOAD FILE="C:/Users/Alex/Desktop/Gith/CGT445/Game/Content/Maps/BarebonesCafeteria.umap" TEMPLATE=0 SHOWPROGRESS=1 FEATURELEVEL=3
[2017.04.19-19.27.50:433][477]LightingResults: New page: Lighting Build
[2017.04.19-19.27.50:463][477]LogContentBrowser: Native class hierarchy updated for 'StatsViewer' in 0.0005 seconds. Added 5 classes and 0 folders.
[2017.04.19-19.27.50:464][477]LoadErrors: New page: Loading map: BarebonesCafeteria.umap
[2017.04.19-19.27.50:490][477]MapCheck: New page: Map Check
[2017.04.19-19.27.50:490][477]LightingResults: New page: Lighting Build
[2017.04.19-19.27.50:813][477]LogEditorServer: Finished looking for orphan Actors (0.000 secs)
[2017.04.19-19.27.50:866][477]Cmd: MAP CHECKDEP NOCLEARLOG
[2017.04.19-19.27.50:927][477]MapCheck: Info Map check complete: 0 Error(s), 0 Warning(s), took 61.181ms to complete.
[2017.04.19-19.27.50:927][477]LogFileHelpers: Loading map 'BarebonesCafeteria' took 0.509
[2017.04.19-19.27.54:705][858]LogPlayLevel: PlayLevel: No blueprints needed recompiling
[2017.04.19-19.27.54:730][858]PIE: New page: PIE session: BarebonesCafeteria (Apr 19, 2017, 10:27:54 AM)
[2017.04.19-19.27.54:730][858]LogPlayLevel: Creating play world package: /Game/Maps/UEDPIE_0_BarebonesCafeteria
[2017.04.19-19.27.54:734][858]LogPlayLevel: PIE: StaticDuplicateObject took: (0.003522s)
[2017.04.19-19.27.54:734][858]LogAIModule: Creating AISystem for world BarebonesCafeteria
[2017.04.19-19.27.54:734][858]LogPlayLevel: PIE: World Init took: (0.000461s)
[2017.04.19-19.27.54:734][858]LogPlayLevel: PIE: Created PIE world by copying editor world from /Game/Maps/BarebonesCafeteria.BarebonesCafeteria to /Game/Maps/UEDPIE_0_BarebonesCafeteria.BarebonesCafeteria (0.004163s)
[2017.04.19-19.27.54:753][858]LogInit: XAudio2 using 'Speakers (Realtek High Definition Audio)' : 2 channels at 48 kHz using 32 bits per sample (channel mask 0x3)
[2017.04.19-19.27.54:760][858]LogInit: FAudioDevice initialized.
[2017.04.19-19.27.54:867][858]LogWorld: Game class is 'FoodFightersGM_C'
[2017.04.19-19.27.54:930][858]LogWorld: Bringing World /Game/Maps/UEDP