Log file open, 03/04/17 09:28:15
LogInit:Display: Running engine for game: Game
LogPlatformFile: Not using cached read wrapper
LogInit:Display: RandInit(1062768074) SRandInit(1062768076).
LogTaskGraph: Started task graph with 4 named threads and 7 total threads with 1 sets of task threads.
LogStats: Stats thread started at 0.135687
LogInit: Version: 4.12.5-3039270+++UE4+Release-4.12
LogInit: API Version: 2992821
LogInit: Net Version: 3039270
LogDevObjectVersion: Number of dev versions registered: 13
LogDevObjectVersion:   Dev-Blueprints (B0D832E4-1F89-4F0D-ACCF-7EB736FD4AA2): 3
LogDevObjectVersion:   Dev-Build (E1C64328-A22C-4D53-A36C-8E866417BD8C): 0
LogDevObjectVersion:   Dev-Core (375EC13C-06E4-48FB-B500-84F0262A717E): 1
LogDevObjectVersion:   Dev-Editor (E4B068ED-F494-42E9-A231-DA0B2E46BB41): 2
LogDevObjectVersion:   Dev-Framework (CFFC743F-43B0-4480-9391-14DF171D2073): 6
LogDevObjectVersion:   Dev-Mobile (B02B49B5-BB20-44E9-A304-32B752E40360): 0
LogDevObjectVersion:   Dev-Networking (A4E4105C-59A1-49B5-A7C5-40C4547EDFEE): 0
LogDevObjectVersion:   Dev-Online (39C831C9-5AE6-47DC-9A44-9C173E1C8E7C): 0
LogDevObjectVersion:   Dev-Physics (78F01B33-EBEA-4F98-B9B4-84EACCB95AA2): 0
LogDevObjectVersion:   Dev-Platform (6631380F-2D4D-43E0-8009-CF276956A95A): 0
LogDevObjectVersion:   Dev-Rendering (12F88B9F-8875-4AFC-A67C-D90C383ABD29): 2
LogDevObjectVersion:   Dev-Sequencer (7B5AE74C-D270-4C10-A958-57980B212A5A): 0
LogDevObjectVersion:   Dev-VR (D7296918-1DD6-4BDD-9DE2-64A83CC13884): 0
LogInit: Compiled (64-bit): Jul  6 2016 09:09:46
LogInit: Compiled with Visual C++: 19.00.23026.00
LogInit: Build Configuration: Development
LogInit: Branch Name: ++UE4+Release-4.12
LogInit: Command line:  
LogInit: Base directory: E:/New folder/Paragon/UE_4.12/Engine/Binaries/Win64/
LogInit: Installed Engine Build: 1
LogInit: Using libcurl 7.41.0
LogInit:  - built for x86_64-pc-win32
LogInit:  - supports SSL with WinSSL
LogInit:  - other features:
LogInit:      CURL_VERSION_SSL
LogInit:      CURL_VERSION_IPV6
LogInit:      CURL_VERSION_ASYNCHDNS
LogInit:      CURL_VERSION_LARGEFILE
LogInit:      CURL_VERSION_IDN
LogInit:  CurlRequestOptions (configurable via config and command line):
LogInit:  - bVerifyPeer = true  - Libcurl will verify peer certificate
LogInit:  - bUseHttpProxy = false  - Libcurl will NOT use HTTP proxy
LogInit:  - bDontReuseConnections = false  - Libcurl will reuse connections
LogInit:  - CertBundlePath = nullptr  - Libcurl will use whatever was configured at build time.
LogInit: Presizing for max 8388607 objects, including 0 objects not considered by GC, pre-allocating 0 bytes for permanent pool.
LogInit: Object subsystem initialized
[2017.03.04-14.28.15:849][  0]LogInit: Selected Device Profile: [Windows]
[2017.03.04-14.28.15:849][  0]LogInit: Applying CVar settings loaded from the selected device profile: [Windows]
[2017.03.04-14.28.15:993][  0]LogInit: Computer: DESKTOP-JAT82AM
[2017.03.04-14.28.15:993][  0]LogInit: User: Alex
[2017.03.04-14.28.15:993][  0]LogInit: CPU Page size=65536, Cores=4
[2017.03.04-14.28.15:993][  0]LogInit: High frequency timer resolution =3.906244 MHz
[2017.03.04-14.28.16:002][  0]LogMemory: Memory total: Physical=15.9GB (16GB approx)
[2017.03.04-14.28.16:006][  0]LogMemory: Platform Memory Stats for Windows
[2017.03.04-14.28.16:006][  0]LogMemory: Process Physical Memory: 192.03 MB used, 192.03 MB peak
[2017.03.04-14.28.16:006][  0]LogMemory: Process Virtual Memory: 195.41 MB used, 195.41 MB peak
[2017.03.04-14.28.16:006][  0]LogMemory: Physical Memory: 3899.12 MB used, 16332.62 MB total
[2017.03.04-14.28.16:006][  0]LogMemory: Virtual Memory: 573.41 MB used, 134217728.00 MB total
[2017.03.04-14.28.17:105][  0]LogTextLocalizationManager: No specific translations for ('en-US') exist, so ('en') translations will be used.
[2017.03.04-14.28.18:207][  0]LogD3D11RHI: D3D11 adapters:
[2017.03.04-14.28.18:314][  0]LogD3D11RHI:    0. 'AMD Radeon R9 200 Series' (Feature Level 11_0)
[2017.03.04-14.28.18:314][  0]LogD3D11RHI:       4073/0/8166 MB DedicatedVideo/DedicatedSystem/SharedSystem, Outputs:1, VendorId:0x1002
[2017.03.04-14.28.18:317][  0]LogD3D11RHI:    1. 'Microsoft Basic Render Driver' (Feature Level 11_0)
[2017.03.04-14.28.18:317][  0]LogD3D11RHI:       0/0/8166 MB DedicatedVideo/DedicatedSystem/SharedSystem, Outputs:0, VendorId:0x1414
[2017.03.04-14.28.18:317][  0]LogD3D11RHI: Chosen D3D11 Adapter: 0
[2017.03.04-14.28.18:326][  0]LogD3D11RHI: Creating new Direct3DDevice
[2017.03.04-14.28.18:326][  0]LogD3D11RHI:     GPU DeviceId: 0x67b0 (for the marketing name, search the web for "GPU Device Id")
[2017.03.04-14.28.18:326][  0]LogWindows: EnumDisplayDevices:
[2017.03.04-14.28.18:327][  0]LogWindows:    0. 'AMD Radeon R9 200 Series' (P:1 D:1)
[2017.03.04-14.28.18:327][  0]LogWindows:    1. 'AMD Radeon R9 200 Series' (P:0 D:0)
[2017.03.04-14.28.18:328][  0]LogWindows:    2. 'AMD Radeon R9 200 Series' (P:0 D:0)
[2017.03.04-14.28.18:328][  0]LogWindows:    3. 'AMD Radeon R9 200 Series' (P:0 D:0)
[2017.03.04-14.28.18:329][  0]LogWindows:    4. 'AMD Radeon R9 200 Series' (P:0 D:0)
[2017.03.04-14.28.18:329][  0]LogWindows:    5. 'AMD Radeon R9 200 Series' (P:0 D:0)
[2017.03.04-14.28.18:330][  0]LogWindows: DebugString: FoundDriverCount:6 
[2017.03.04-14.28.18:330][  0]LogD3D11RHI:     Adapter Name: AMD Radeon R9 200 Series
[2017.03.04-14.28.18:330][  0]LogD3D11RHI:   Driver Version: Crimson ReLive 17.1.1 (internal:21.19.411.0, unified:21.19.411.0)
[2017.03.04-14.28.18:330][  0]LogD3D11RHI:      Driver Date: 1-13-2017
[2017.03.04-14.28.18:330][  0]LogRHI: Texture pool is 1361 MB (70% of 1945 MB)
[2017.03.04-14.28.18:342][  0]LogD3D11RHI: Async texture creation disabled: no driver support
[2017.03.04-14.28.18:690][  0]LogD3D11RHI: GPU Timing Frequency: 27.000000 (Debug: 2 1)
[2017.03.04-14.28.18:764][  0]LogShaderCompilers: Guid format shader working directory is 7 characters bigger than the processId version (C:/Users/Alex/Desktop/Gith/CGT445/Game/Intermediate/Shaders/WorkingDirectory/6992/).
[2017.03.04-14.28.18:764][  0]LogShaderCompilers: Cleaned the shader compiler working directory 'C:/Users/Alex/AppData/Local/Temp/UnrealShaderWorkingDir/E722E6AF4C1214A53907C6A2D8E71897/'.
[2017.03.04-14.28.18:772][  0]LogShaderCompilers:Display: Using Local Shader Compiler.
[2017.03.04-14.28.22:699][  0]LogTemp:Display: Loaded TP AllDesktopTargetPlatform
[2017.03.04-14.28.22:714][  0]LogTemp:Display: Loaded TP WindowsClientTargetPlatform
[2017.03.04-14.28.22:729][  0]LogTemp:Display: Loaded TP WindowsNoEditorTargetPlatform
[2017.03.04-14.28.22:744][  0]LogTemp:Display: Loaded TP WindowsServerTargetPlatform
[2017.03.04-14.28.22:750][  0]LogTemp:Display: Loaded TP WindowsTargetPlatform
[2017.03.04-14.28.22:758][  0]LogTemp:Display: Loaded TP AndroidTargetPlatform
[2017.03.04-14.28.22:764][  0]LogTemp:Display: Loaded TP Android_ASTCTargetPlatform
[2017.03.04-14.28.22:769][  0]LogTemp:Display: Loaded TP Android_ATCTargetPlatform
[2017.03.04-14.28.22:785][  0]LogTemp:Display: Loaded TP Android_DXTTargetPlatform
[2017.03.04-14.28.22:802][  0]LogTemp:Display: Loaded TP Android_ETC1TargetPlatform
[2017.03.04-14.28.22:810][  0]LogTemp:Display: Loaded TP Android_ETC2TargetPlatform
[2017.03.04-14.28.22:829][  0]LogTemp:Display: Loaded TP Android_MultiTargetPlatform
[2017.03.04-14.28.22:829][  0]LogTemp:Display: Loaded TP Android_PVRTCTargetPlatform
[2017.03.04-14.28.22:830][  0]LogTemp:Display: Loaded TP HTML5TargetPlatform
[2017.03.04-14.28.22:917][  0]LogTemp:Display: Loaded TP IOSTargetPlatform
[2017.03.04-14.28.22:946][  0]LogTemp:Display: Loaded TP TVOSTargetPlatform
[2017.03.04-14.28.22:963][  0]LogTemp:Display: Loaded TP LinuxNoEditorTargetPlatform
[2017.03.04-14.28.22:975][  0]LogTemp:Display: Loaded TP LinuxServerTargetPlatform
[2017.03.04-14.28.23:046][  0]LogTemp:Display: Loaded TP LinuxTargetPlatform
[2017.03.04-14.28.23:046][  0]LogTargetPlatformManager:Display: Building Assets For Windows
[2017.03.04-14.28.24:137][  0]LogDerivedDataCache:Display: Max Cache Size: 512 MB
[2017.03.04-14.28.24:447][  0]LogDerivedDataCache: Loaded boot cache 0.31s 48MB C:/Users/Alex/AppData/Local/UnrealEngine/4.12/DerivedDataCache/Boot.ddc.
[2017.03.04-14.28.24:448][  0]LogDerivedDataCache:Display: Loaded Boot cache: C:/Users/Alex/AppData/Local/UnrealEngine/4.12/DerivedDataCache/Boot.ddc
[2017.03.04-14.28.24:448][  0]LogDerivedDataCache: FDerivedDataBackendGraph:  Pak pak cache file C:/Users/Alex/Desktop/Gith/CGT445/Game/DerivedDataCache/DDC.ddp not found, will not use a pak cache.
[2017.03.04-14.28.24:448][  0]LogDerivedDataCache: Unable to find inner node Pak for hierarchical cache Hierarchy.
[2017.03.04-14.28.24:448][  0]LogDerivedDataCache: FDerivedDataBackendGraph:  CompressedPak pak cache file C:/Users/Alex/Desktop/Gith/CGT445/Game/DerivedDataCache/Compressed.ddp not found, will not use a pak cache.
[2017.03.04-14.28.24:448][  0]LogDerivedDataCache: Unable to find inner node CompressedPak for hierarchical cache Hierarchy.
[2017.03.04-14.28.24:557][  0]LogDerivedDataCache:Display: Pak cache opened for reading ../../../Engine/DerivedDataCache/Compressed.ddp.
[2017.03.04-14.28.24:571][  0]LogDerivedDataCache: Using Local data cache path C:/Users/Alex/AppData/Local/UnrealEngine/Common/DerivedDataCache: Writable
[2017.03.04-14.28.32:376][  0]LogInit: Selected Device Profile: [Windows]
[2017.03.04-14.28.32:402][  0]LogContentStreaming: Texture pool size is 0.00 MB
[2017.03.04-14.28.34:598][  0]LogMeshUtilities: No automatic mesh reduction module available
[2017.03.04-14.28.34:598][  0]LogMeshUtilities: No automatic mesh merging module available
[2017.03.04-14.28.34:598][  0]LogMeshUtilities: No distributed automatic mesh merging module available
[2017.03.04-14.28.38:142][  0]LogAssetRegistry: FAssetRegistry took 0.0230 seconds to start up
[2017.03.04-14.28.38:411][  0]LogPackageLocalizationCache: Processed 3 localized package path(s) for 2 prioritized culture(s) in 0.159987 seconds
[2017.03.04-14.28.38:458][  0]LogUObjectArray: 28739 objects as part of root set at end of initial load.
[2017.03.04-14.28.38:458][  0]LogUObjectAllocator: 5855624 out of 0 bytes used by permanent object pool.
[2017.03.04-14.28.38:458][  0]LogUObjectArray: CloseDisregardForGC: 0/0 objects in disregard for GC pool
[2017.03.04-14.28.38:511][  0]LogInit: WinSock: version 1.1 (2.2), MaxSocks=32767, MaxUdp=65467
[2017.03.04-14.28.42:496][  0]LogSlate: SlateFontCache - WITH_FREETYPE: 1, WITH_HARFBUZZ: 1
[2017.03.04-14.28.42:496][  0]LogSlate: SlateFontCache - WITH_FREETYPE: 1, WITH_HARFBUZZ: 1
[2017.03.04-14.28.48:842][  0]LogUdpMessaging: Initializing bridge on interface 0.0.0.0:0 to multicast group 230.0.0.1:6666.
[2017.03.04-14.28.50:466][  0]SourceControl: Info Source control is disabled
[2017.03.04-14.28.50:476][  0]SourceControl: Info Source control is disabled
[2017.03.04-14.28.50:518][  0]SourceControl: Info Source control is disabled
[2017.03.04-14.28.50:568][  0]SourceControl: Info Source control is disabled
[2017.03.04-14.28.52:776][  0]LogEngine: Initializing Engine...
[2017.03.04-14.28.52:887][  0]LogHMD: SteamVR failed to initialize.  Err: 110
[2017.03.04-14.28.52:889][  0]LogHMD: SteamVR failed to initialize.  Err: 110
[2017.03.04-14.28.53:923][  0]LogAIModule: Creating AISystem for world NewWorld
[2017.03.04-14.28.54:023][  0]LogInit: XAudio2 using 'Speakers (Realtek High Definition Audio)' : 2 channels at 48 kHz using 32 bits per sample (channel mask 0x3)
[2017.03.04-14.28.54:043][  0]LogInit: FAudioDevice initialized.
[2017.03.04-14.28.54:063][  0]LogDerivedDataCache: Saved boot cache 0.02s 48MB C:/Users/Alex/AppData/Local/UnrealEngine/4.12/DerivedDataCache/Boot.ddc.
[2017.03.04-14.28.54:069][  0]LogInit: Texture streaming: Enabled
[2017.03.04-14.28.54:578][  0]LogInit: Transaction tracking system initialized
[2017.03.04-14.28.55:847][  0]BlueprintLog: New page: Editor Load
[2017.03.04-14.28.57:616][  0]LocalizationService: Info Localization service is disabled
[2017.03.04-14.28.58:777][  0]LogConsoleResponse:Display: 
[2017.03.04-14.29.02:914][  0]LogFileCache: Scanning file cache for directory 'C:/Users/Alex/Desktop/Gith/CGT445/Game/Content/' took 0.03s
[2017.03.04-14.29.02:914][  0]LogCook:Display: Max memory allowance for cook 8192mb
[2017.03.04-14.29.02:914][  0]LogCook:Display: Mobile HDR setting 1
[2017.03.04-14.29.07:429][  0]SourceControl: Info Source control is disabled
[2017.03.04-14.29.07:649][  0]Cmd: MAP LOAD FILE="C:/Users/Alex/Desktop/Gith/CGT445/Game/Content/FirstPersonBP/Maps/FirstPersonExampleMap.umap" TEMPLATE=0 SHOWPROGRESS=1 FEATURELEVEL=3
[2017.03.04-14.29.07:737][  0]LightingResults: New page: Lighting Build
[2017.03.04-14.29.08:070][  0]MapCheck: New page: Map Check
[2017.03.04-14.29.08:070][  0]LightingResults: New page: Lighting Build
[2017.03.04-14.29.14:082][  0]LogAIModule: Creating AISystem for world FirstPersonExampleMap
[2017.03.04-14.29.15:580][  0]LogEditorServer: Finished looking for orphan Actors (0.000 secs)
[2017.03.04-14.29.15:652][  0]Cmd: MAP CHECKDEP NOCLEARLOG
[2017.03.04-14.29.15:721][  0]MapCheck: Info Map check complete: 0 Error(s), 0 Warning(s), took 69.549ms to complete.
[2017.03.04-14.29.15:721][  0]LogFileHelpers: Loading map 'FirstPersonExampleMap' took 8.188
[2017.03.04-14.29.18:833][  0]LogCollectionManager: Loaded 0 collections in 0.058872 seconds
[2017.03.04-14.29.19:388][  0]LogFileCache: Scanning file cache for directory 'C:/Users/Alex/Desktop/Gith/CGT445/Game/Saved/Collections/' took 0.01s
[2017.03.04-14.29.19:388][  0]LogFileCache: Scanning file cache for directory 'C:/Users/Alex/Desktop/Gith/CGT445/Game/Content/Developers/Alex/Collections/' took 0.01s
[2017.03.04-14.29.19:388][  0]LogFileCache: Scanning file cache for directory 'C:/Users/Alex/Desktop/Gith/CGT445/Game/Content/Collections/' took 0.01s
[2017.03.04-14.29.19:389][  0]LogCollectionManager: Rebuilt the GUID cache for 0 collections in 0.000008 seconds
[2017.03.04-14.29.19:466][  0]LogContentBrowser: Native class hierarchy populated in 0.0558 seconds. Added 2047 classes and 369 folders.
[2017.03.04-14.29.19:617][  0]LogStats: UGameplayTagsManager::ConstructGameplayTagTree: Construct from data asset -  0.000 s
[2017.03.04-14.29.19:658][  0]LogStats: UGameplayTagsManager::ConstructGameplayTagTree: GameplayTagTreeChangedEvent.Broadcast -  0.041 s
[2017.03.04-14.29.19:694][  0]LogContentBrowser: Native class hierarchy updated for 'GameplayTags' in 0.0016 seconds. Added 12 classes and 0 folders.
[2017.03.04-14.29.19:842][  0]LogContentBrowser: Native class hierarchy updated for 'WidgetCarousel' in 0.0003 seconds. Added 0 classes and 0 folders.
[2017.03.04-14.29.24:177][  0]LogContentBrowser: Native class hierarchy updated for 'AddContentDialog' in 0.0011 seconds. Added 0 classes and 0 folders.
[2017.03.04-14.29.24:725][  0]LogContentBrowser: Native class hierarchy updated for 'SceneOutliner' in 0.0003 seconds. Added 1 classes and 2 folders.
[2017.03.04-14.29.26:054][  0]LogCrashTracker: Crashtracker disabled due to settings.
[2017.03.04-14.29.26:432][  0]LogUObjectGlobals:Warning: Failed to find object 'Class None.'
[2017.03.04-14.29.26:650][  0]LogContentBrowser: Native class hierarchy updated for 'HierarchicalLODOutliner' in 0.0016 seconds. Added 1 classes and 2 folders.
[2017.03.04-14.29.26:651][  0]LogLoad: Full Startup: 76.13 seconds (BP compile: 1.57 seconds)
[2017.03.04-14.29.26:651][  0]LogExternalProfiler: No external profilers were discovered.  External profiling features will not be available.
[2017.03.04-14.29.26:742][  0]LogOcInput: OculusInput pre-init called
[2017.03.04-14.29.27:185][  0]LogContentStreaming: Texture pool size now 1000 MB
[2017.03.04-14.29.28:649][  1]LogRenderer: Reallocating scene render targets to support 668x372 (Frame:2).
[2017.03.04-14.29.29:097][  1]MapCheck: New page: Map Check
[2017.03.04-14.29.29:896][  1]Cmd: MAP REBUILD ALLVISIBLE
[2017.03.04-14.29.29:896][  1]LogEditorServer: Rebuildmap Clear paths rebuilt
[2017.03.04-14.29.31:283][  1]LightingResults: New page: Lighting Build - Mar 4, 2017, 4:29:30 AM
[2017.03.04-14.29.32:057][  1]LogSwarmInterface: [OpenConnection] Registering TCP channel ...
[2017.03.04-14.29.32:269][  1]LogSwarmInterface: [OpenConnection] Connecting to agent ...
[2017.03.04-14.29.32:279][  1]LogSwarmInterface: [TryOpenConnection] Testing the Agent
[2017.03.04-14.29.32:802][  1]LogSwarmInterface: [TryOpenConnection] Opening Connection to Agent
[2017.03.04-14.29.32:802][  1]LogSwarmInterface: [TryOpenConnection] Local Process ID is 6992
[2017.03.04-14.29.35:287][  1]LogStaticLightingSystem: Running Lightmass w/ ImmediateImport mode ENABLED
[2017.03.04-14.29.35:287][  1]LogStaticLightingSystem: Running Lightmass w/ ImmediateProcess mode ENABLED
[2017.03.04-14.29.35:287][  1]LogStaticLightingSystem: Running Lightmass w/ Sorting mode ENABLED
[2017.03.04-14.29.35:287][  1]LogStaticLightingSystem: Running Lightmass w/ Mapping paddings ENABLED
[2017.03.04-14.29.35:287][  1]LogStaticLightingSystem: Running Lightmass w/ Mapping debug paddings DISABLED
[2017.03.04-14.29.35:436][  1]Cmd: MAP CHECK DONTDISPLAYDIALOG
[2017.03.04-14.29.35:436][  1]MapCheck: New page: FirstPersonExampleMap - Mar 4, 2017, 4:29:35 AM
[2017.03.04-14.29.35:497][  1]MapCheck: Info Map check complete: 0 Error(s), 0 Warning(s), took 61.53ms to complete.
[2017.03.04-14.29.35:519][  1]LogEditorBuildUtils: Build time 0:06
[2017.03.04-14.29.35:917][  3]LogAssetRegistry: Asset discovery search completed in 57.7969 seconds
[2017.03.04-14.29.35:928][  3]LogCollectionManager: Rebuilt the object cache for 0 collections in 0.000001 seconds (found 0 objects)
[2017.03.04-14.29.35:928][  3]LogCollectionManager: Fixed up redirectors for 0 collections in 0.010257 seconds (updated 0 objects)
[2017.03.04-14.30.57:285][785]Job is a success!
[2017.03.04-14.31.02:151][786]LogTexture:Display: Building textures: SkyOcclusion0_1 (AutoDXT)
[2017.03.04-14.31.02:151][786]LogTexture:Display: Building textures: HQ_Lightmap0_1 (AutoDXT)
[2017.03.04-14.31.02:151][786]LogTexture:Display: Building textures: LQ_Lightmap_0_1 (DXT1)
[2017.03.04-14.31.02:151][786]LogTexture:Display: Building textures: SkyOcclusion0_2 (AutoDXT)
[2017.03.04-14.31.02:151][786]LogTexture:Display: Building textures: HQ_Lightmap0_2 (AutoDXT)
[2017.03.04-14.31.02:151][786]LogTexture:Display: Building textures: LQ_Lightmap_0_2 (DXT1)
[2017.03.04-14.31.02:151][786]LogTexture:Display: Building textures: SkyOcclusion0_3 (AutoDXT)
[2017.03.04-14.31.02:151][786]LogTexture:Display: Building textures: HQ_Lightmap0_3 (AutoDXT)
[2017.03.04-14.31.02:151][786]LogTexture:Display: Building textures: LQ_Lightmap_0_3 (DXT1)
[2017.03.04-14.31.02:151][786]LogTexture:Display: Building textures: SkyOcclusion0_4 (AutoDXT)
[2017.03.04-14.31.02:151][786]LogTexture:Display: Building textures: HQ_Lightmap0_4 (AutoDXT)
[2017.03.04-14.31.02:151][786]LogTexture:Display: Building textures: LQ_Lightmap_0_4 (DXT1)
[2017.03.04-14.31.02:151][786]LogTexture:Display: Building textures: SkyOcclusion0_5 (AutoDXT)
[2017.03.04-14.31.02:151][786]LogTexture:Display: Building textures: HQ_Lightmap0_5 (AutoDXT)
[2017.03.04-14.31.02:151][786]LogTexture:Display: Building textures: LQ_Lightmap_0_5 (DXT1)
[2017.03.04-14.31.05:133][786]LogTexture:Display: Building textures: ShadowMapTexture2D_0 (G8)
[2017.03.04-14.31.05:133][786]LogTexture:Display: Building textures: ShadowMapTexture2D_1 (G8)
[2017.03.04-14.31.05:133][786]LogTexture:Display: Building textures: ShadowMapTexture2D_2 (G8)
[2017.03.04-14.31.05:133][786]LogTexture:Display: Building textures: ShadowMapTexture2D_3 (G8)
[2017.03.04-14.31.05:133][786]LogTexture:Display: Building textures: ShadowMapTexture2D_4 (G8)
[2017.03.04-14.31.05:133][786]LogTexture:Display: Building textures: ShadowMapTexture2D_5 (G8)
[2017.03.04-14.31.05:133][786]LogTexture:Display: Building textures: ShadowMapTexture2D_6 (G8)
[2017.03.04-14.31.05:133][786]LogTexture:Display: Building textures: ShadowMapTexture2D_8 (G8)
[2017.03.04-14.31.05:218][786]Lightmass on DESKTOP-JAT82AM: 1:28 min total, 100 ms importing, 12 ms setup, 6.84 sec photons, 1:21 min processing, 0 ms extra exporting [8/8 mappings]. Threads: 9:27 min total, 5:30 min processing.
[2017.03.04-14.31.05:228][786]LogStaticLightingSystem: Illumination: 1:34 min (4.08 sec encoding lightmaps, 3.03 sec encoding shadowmaps)
[2017.03.04-14.31.05:228][786]LogStaticLightingSystem: Lightmap texture memory:  42.7 MB (42.7 MB streaming, 0.0 MB non-streaming), 10 textures
[2017.03.04-14.31.05:228][786]LogStaticLightingSystem: Shadowmap texture memory: 18.7 MB (18.7 MB streaming, 0.0 MB non-streaming), 8 textures
[2017.03.04-14.31.05:329][787]Cmd: MAP CHECK NOTIFYRESULTS
[2017.03.04-14.31.05:330][787]MapCheck: New page: FirstPersonExampleMap - Mar 4, 2017, 4:31:05 AM
[2017.03.04-14.31.05:383][787]MapCheck: Info Map check complete: 0 Error(s), 0 Warning(s), took 53.15ms to complete.
[2017.03.04-14.31.11:773][119]LogSavePackage: Save=1937.37ms
[2017.03.04-14.31.11:773][119]LogSavePackage: Moving 'C:/Users/Alex/Desktop/Gith/CGT445/Game/Saved/FirstPersonExampleMap2D9901864D338D83B16F54A825927702.tmp' to 'C:/Users/Alex/Desktop/Gith/CGT445/Game/Content/FirstPersonBP/Maps/FirstPersonExampleMap.umap'
[2017.03.04-14.31.11:780][119]LogSavePackage:Display: Finished SavePackage C:/Users/Alex/Desktop/Gith/CGT445/Game/Content/FirstPersonBP/Maps/FirstPersonExampleMap.umap
[2017.03.04-14.31.11:808][119]LogFileHelpers: Saving map 'FirstPersonExampleMap' took 2.134
[2017.03.04-14.31.11:810][119]Cmd: MAP LOAD FILE="C:/Users/Alex/Desktop/Gith/CGT445/Game/Content/Maps/BarebonesCafeteria.umap" TEMPLATE=0 SHOWPROGRESS=1 FEATURELEVEL=3
[2017.03.04-14.31.11:818][119]LightingResults: New page: Lighting Build
[2017.03.04-14.31.11:819][119]LoadErrors: New page: Loading map: BarebonesCafeteria.umap
[2017.03.04-14.31.11:820][119]MapCheck: New page: Map Check
[2017.03.04-14.31.11:820][119]LightingResults: New page: Lighting Build
[2017.03.04-14.31.11:996][119]LogAIModule: Creating AISystem for world BarebonesCafeteria
[2017.03.04-14.31.12:045][119]LogEditorServer: Finished looking for orphan Actors (0.000 secs)
[2017.03.04-14.31.12:062][119]Cmd: MAP CHECKDEP NOCLEARLOG
[2017.03.04-14.31.12:103][119]MapCheck: Info Map check complete: 0 Error(s), 0 Warning(s), took 39.987ms to complete.
[2017.03.04-14.31.12:103][119]LogFileHelpers: Loading map 'BarebonesCafeteria' took 0.294
[2017.03.04-14.31.13:551][124]LogEditorViewport: Clicking on Actor (LMB): StaticMeshActor (Shape_Cube3)
[2017.03.04-14.32.14:053][524]LogEditorViewport: Clicking on Actor (LMB): StaticMeshActor (Shape_Cube8)
[2017.03.04-14.32.15:045][641]LogEditorViewport: Clicking on Actor (LMB): StaticMeshActor (Shape_Cube7)
[2017.03.04-14.32.15:122][647]Cmd: DELETE
[2017.03.04-14.32.15:122][647]Cmd: ACTOR DELETE
[2017.03.04-14.32.15:193][647]LogEditorActor: Deleted Actor: StaticMeshActor
[2017.03.04-14.32.15:234][647]LogEditorActor: Deleted 1 Actors (0.047 secs)
[2017.03.04-14.32.15:904][726]LogEditorViewport: Clicking on Actor (LMB): StaticMeshActor (Shape_Cube8)
[2017.03.04-14.32.16:035][740]Cmd: DELETE
[2017.03.04-14.32.16:035][740]Cmd: ACTOR DELETE
[2017.03.04-14.32.16:035][740]LogEditorActor: Deleted Actor: StaticMeshActor
[2017.03.04-14.32.16:043][740]LogEditorActor: Deleted 1 Actors (0.008 secs)
[2017.03.04-14.32.16:552][801]LogEditorViewport: Clicking on Actor (LMB): StaticMeshActor (Shape_Cube9)
[2017.03.04-14.32.16:599][805]Cmd: DELETE
[2017.03.04-14.32.16:599][805]Cmd: ACTOR DELETE
[2017.03.04-14.32.16:599][805]LogEditorActor: Deleted Actor: StaticMeshActor
[2017.03.04-14.32.16:607][805]LogEditorActor: Deleted 1 Actors (0.008 secs)
[2017.03.04-14.32.17:279][886]LogEditorViewport: Clicking on Actor (LMB): StaticMeshActor (Shape_Cube5)
[2017.03.04-14.32.44:232][ 77]LogEditorViewport: Clicking on Actor (LMB): StaticMeshActor (Shape_Cube2)
[2017.03.04-14.32.44:725][132]LogEditorViewport: Clicking on Actor (LMB): StaticMeshActor (Shape_Cube5)
[2017.03.04-14.32.45:118][177]LogEditorViewport: Clicking on Actor (LMB): StaticMeshActor (Shape_Cube3)
[2017.03.04-14.32.49:841][733]Cmd: TRANSACTION UNDO
[2017.03.04-14.32.49:841][733]LogEditorTransaction: Undo Move Actors
[2017.03.04-14.32.50:258][778]LogEditorViewport: Clicking on Actor (LMB): StaticMeshActor (Shape_Cube3)
[2017.03.04-14.33.02:406][208]Cmd: DELETE
[2017.03.04-14.33.02:406][208]Cmd: ACTOR DELETE
[2017.03.04-14.33.02:407][208]LogEditorActor: Deleted Actor: StaticMeshActor
[2017.03.04-14.33.02:413][208]LogEditorActor: Deleted 1 Actors (0.007 secs)
[2017.03.04-14.33.02:836][259]LogEditorViewport: Clicking on Actor (LMB): StaticMeshActor (Shape_Cube3)
[2017.03.04-14.33.14:847][697]LogEditorViewport: Clicking on Actor (LMB): BP_Sky_Sphere_C (Sky Sphere)
[2017.03.04-14.33.18:009][ 63]Cmd: TRANSACTION UNDO
[2017.03.04-14.33.18:009][ 63]LogEditorTransaction: Undo Move Actors
[2017.03.04-14.33.23:397][699]LogEditorViewport: Clicking on Actor (LMB): StaticMeshActor (Shape_Cube)
[2017.03.04-14.33.39:864][658]Cmd: TRANSACTION UNDO
[2017.03.04-14.33.39:864][658]LogEditorTransaction: Undo Scale Actors
[2017.03.04-14.33.53:302][265]Cmd: DELETE
[2017.03.04-14.33.53:302][265]Cmd: ACTOR DELETE
[2017.03.04-14.33.53:302][265]LogEditorActor: Deleted Actor: StaticMeshActor
[2017.03.04-14.33.53:311][265]LogEditorActor: Deleted 1 Actors (0.008 secs)
[2017.03.04-14.33.53:933][340]Cmd: TRANSACTION UNDO
[2017.03.04-14.33.53:933][340]LogEditorTransaction: Undo Delete Actors
[2017.03.04-14.33.54:113][359]Cmd: TRANSACTION UNDO
[2017.03.04-14.33.54:113][359]LogEditorTransaction: Undo Move Actors
[2017.03.04-14.33.54:407][394]Cmd: TRANSACTION UNDO
[2017.03.04-14.33.54:407][394]LogEditorTransaction: Undo Scale Actors
[2017.03.04-14.33.54:694][428]Cmd: TRANSACTION UNDO
[2017.03.04-14.33.54:694][428]LogEditorTransaction: Undo Move Actors
[2017.03.04-14.33.55:008][464]Cmd: TRANSACTION UNDO
[2017.03.04-14.33.55:008][464]LogEditorTransaction: Undo Move Actors
[2017.03.04-14.33.55:350][505]Cmd: TRANSACTION UNDO
[2017.03.04-14.33.55:350][505]LogEditorTransaction: Undo Clicking on Actors
[2017.03.04-14.33.55:785][556]Cmd: TRANSACTION UNDO
[2017.03.04-14.33.55:785][556]LogEditorTransaction: Undo Clicking on Actors
[2017.03.04-14.33.56:222][607]Cmd: TRANSACTION UNDO
[2017.03.04-14.33.56:222][607]LogEditorTransaction: Undo Move Actors
[2017.03.04-14.33.56:714][666]Cmd: TRANSACTION UNDO
[2017.03.04-14.33.56:714][666]LogEditorTransaction: Undo Move Actors
[2017.03.04-14.33.58:039][825]LogEditorViewport: Clicking on Actor (LMB): StaticMeshActor (Shape_Cube)
[2017.03.04-14.33.58:401][866]LogEditorViewport: Clicking on Actor (LMB): StaticMeshActor (Shape_Cube)
[2017.03.04-14.34.22:467][746]LogEditorViewport: Clicking on Actor (LMB): StaticMeshActor (Shape_Cube3)
[2017.03.04-14.34.52:349][313]LogEditorViewport: Clicking on Actor (LMB): StaticMeshActor (Shape_Cube6)
[2017.03.04-14.34.57:543][925]LogEditorViewport: Clicking on Actor (LMB): StaticMeshActor (Shape_Cube5)
[2017.03.04-14.34.57:935][970]LogEditorViewport: Clicking on Actor (LMB): StaticMeshActor (Shape_Cube5)
[2017.03.04-14.35.04:166][717]LogEditorViewport: Clicking on Actor (LMB): StaticMeshActor (Shape_Cube7)
[2017.03.04-14.35.46:513][747]LogEditorViewport: Clicking on Actor (LMB): StaticMeshActor (Shape_Cube2)
[2017.03.04-14.36.22:965][ 80]LogEditorViewport: Clicking on Actor (LMB): StaticMeshActor (Shape_Tube2)
[2017.03.04-14.36.41:525][282]LogEditorViewport: Clicking on Actor (LMB): BP_Sky_Sphere_C (Sky Sphere)
[2017.03.04-14.36.42:010][339]LogEditorViewport: Clicking on Actor (LMB): StaticMeshActor (Shape_Cube4)
[2017.03.04-14.36.42:387][382]Cmd: DELETE
[2017.03.04-14.36.42:387][382]Cmd: ACTOR DELETE
[2017.03.04-14.36.42:387][382]LogEditorActor: Deleted Actor: StaticMeshActor
[2017.03.04-14.36.42:394][382]LogEditorActor: Deleted 1 Actors (0.007 secs)
[2017.03.04-14.37.48:430][289]LogEditorViewport: Clicking on Actor (LMB): StaticMeshActor (Shape_Cube)
[2017.03.04-14.38.14:514][364]Cmd: DELETE
[2017.03.04-14.38.14:514][364]Cmd: ACTOR DELETE
[2017.03.04-14.38.14:514][364]LogEditorActor: Deleted Actor: TextRenderActor
[2017.03.04-14.38.14:521][364]LogEditorActor: Deleted 1 Actors (0.007 secs)
[2017.03.04-14.38.15:695][502]LogEditorViewport: Clicking on Actor (LMB): TextRenderActor (TextRenderActor)
[2017.03.04-14.39.26:607][787]LogEditorViewport: Clicking on Actor (LMB): TextRenderActor (TextRenderActor)
[2017.03.04-14.39.57:852][462]0.736570
[2017.03.04-14.39.57:853][462]0.722289
[2017.03.04-14.39.57:867][464]0.701638
[2017.03.04-14.39.57:876][465]0.692532
[2017.03.04-14.39.57:884][466]0.694878
[2017.03.04-14.39.57:892][467]0.710856
[2017.03.04-14.39.57:901][468]0.732581
[2017.03.04-14.39.57:917][470]0.785337
[2017.03.04-14.39.57:918][470]0.823510
[2017.03.04-14.39.57:934][472]0.907207
[2017.03.04-14.39.57:942][473]0.937384
[2017.03.04-14.39.57:950][474]0.957540
[2017.03.04-14.39.57:959][475]0.967629
[2017.03.04-14.39.57:967][476]0.977725
[2017.03.04-14.39.57:975][477]0.997936
[2017.03.04-14.39.57:984][478]1.008051
[2017.03.04-14.39.57:992][479]1.043436
[2017.03.04-14.39.58:001][480]1.057638
[2017.03.04-14.39.58:009][481]1.100919
[2017.03.04-14.39.58:017][482]1.166713
[2017.03.04-14.39.58:025][483]1.215898
[2017.03.04-14.39.58:034][484]1.270193
[2017.03.04-14.39.58:042][485]1.331908
[2017.03.04-14.39.58:050][486]1.393850
[2017.03.04-14.39.58:058][487]1.444615
[2017.03.04-14.39.58:067][488]1.498299
[2017.03.04-14.39.58:075][489]1.540294
[2017.03.04-14.39.58:083][490]1.576328
[2017.03.04-14.39.58:092][491]1.598373
[2017.03.04-14.39.58:100][492]1.620721
[2017.03.04-14.39.58:117][494]1.650968
[2017.03.04-14.39.58:326][519]1.665234
[2017.03.04-14.40.01:865][937]LogEditorViewport: Clicking on Actor (LMB): StaticMeshActor (Shape_Cube)
[2017.03.04-14.40.02:576][ 19]LogEditorViewport: Clicking on Actor (LMB): TextRenderActor (TextRenderActor)
[2017.03.04-14.40.58:516][598]LogEditorViewport: Clicking on Actor (LMB): StaticMeshActor (Shape_Cube5)
[2017.03.04-14.41.06:093][485]Cmd: TRANSACTION UNDO
[2017.03.04-14.41.06:093][485]LogEditorTransaction: Undo Scale Actors
[2017.03.04-14.41.23:993][615]LogEditorViewport: Clicking on Actor (LMB): StaticMeshActor (Shape_Cube4)
[2017.03.04-14.41.28:518][154]LogEditorViewport: Clicking on Actor (LMB): StaticMeshActor (Shape_Cube11)
[2017.03.04-14.42.53:884][602]LogEditorViewport: Clicking on Actor (LMB): StaticMeshActor (Shape_Cube11)
[2017.03.04-14.43.12:619][841]LogPhysics:Warning: Scale 'X=-66.031 Y=0.000 Z=4.406' is not valid on object '/Game/Maps/BarebonesCafeteria.BarebonesCafeteria:PersistentLevel.Shape_Cube14.StaticMeshComponent0 Shape_Cube'.
[2017.03.04-14.43.12:619][841]LogPhysics:Warning: Scale 'X=-66.031 Y=0.000 Z=4.406' is not valid on object '/Game/Maps/BarebonesCafeteria.BarebonesCafeteria:PersistentLevel.Shape_Cube14.StaticMeshComponent0 Shape_Cube'.
[2017.03.04-14.43.13:179][908]Cmd: TRANSACTION UNDO
[2017.03.04-14.43.13:179][908]LogEditorTransaction: Undo Scale Actors
[2017.03.04-14.43.14:614][ 79]Cmd: TRANSACTION UNDO
[2017.03.04-14.43.14:614][ 79]LogEditorTransaction: Undo Scale Actors
[2017.03.04-14.43.17:943][471]Cmd: DELETE
[2017.03.04-14.43.17:943][471]Cmd: ACTOR DELETE
[2017.03.04-14.43.17:943][471]LogEditorActor: Deleted Actor: StaticMeshActor
[2017.03.04-14.43.17:950][471]LogEditorActor: Deleted 1 Actors (0.007 secs)
[2017.03.04-14.43.21:888][937]LogActorFactory: Actor Factory created Shape_Cube
[2017.03.04-14.43.22:707][ 35]LogActorFactory: Actor Factory created Shape_Cube
[2017.03.04-14.43.26:112][441]LogPhysics:Warning: Scale 'X=0.000 Y=1.000 Z=1.000' is not valid on object '/Game/Maps/BarebonesCafeteria.BarebonesCafeteria:PersistentLevel.Shape_Cube14_22.StaticMeshComponent0 Shape_Cube'.
[2017.03.04-14.43.26:112][441]LogPhysics:Warning: Scale 'X=0.000 Y=1.000 Z=1.000' is not valid on object '/Game/Maps/BarebonesCafeteria.BarebonesCafeteria:PersistentLevel.Shape_Cube14_22.StaticMeshComponent0 Shape_Cube'.
[2017.03.04-14.43.32:918][250]LogPhysics:Warning: Scale 'X=0.219 Y=0.000 Z=3.188' is not valid on object '/Game/Maps/BarebonesCafeteria.BarebonesCafeteria:PersistentLevel.Shape_Cube14_22.StaticMeshComponent0 Shape_Cube'.
[2017.03.04-14.43.32:918][250]LogPhysics:Warning: Scale 'X=0.219 Y=0.000 Z=3.188' is not valid on object '/Game/Maps/BarebonesCafeteria.BarebonesCafeteria:PersistentLevel.Shape_Cube14_22.StaticMeshComponent0 Shape_Cube'.
[2017.03.04-14.43.33:110][273]LogPhysics:Warning: Scale 'X=0.219 Y=0.000 Z=3.188' is not valid on object '/Game/Maps/BarebonesCafeteria.BarebonesCafeteria:PersistentLevel.Shape_Cube14_22.StaticMeshComponent0 Shape_Cube'.
[2017.03.04-14.43.33:110][273]LogPhysics:Warning: Scale 'X=0.219 Y=0.000 Z=3.188' is not valid on object '/Game/Maps/BarebonesCafeteria.BarebonesCafeteria:PersistentLevel.Shape_Cube14_22.StaticMeshComponent0 Shape_Cube'.
[2017.03.04-14.43.38:526][905]Cmd: TRANSACTION UNDO
[2017.03.04-14.43.38:526][905]LogEditorTransaction: Undo Move Actors
[2017.03.04-14.43.43:173][454]Cmd: TRANSACTION UNDO
[2017.03.04-14.43.43:173][454]LogEditorTransaction: Undo Move Actors
[2017.03.04-14.43.48:459][ 73]LogEditorViewport: Clicking on Actor (LMB): StaticMeshActor (Shape_Cube15)
[2017.03.04-14.44.00:373][485]MapCheck: New page: Map Check
[2017.03.04-14.44.00:385][485]Cmd: MAP REBUILD ALLVISIBLE
[2017.03.04-14.44.00:385][485]LogEditorServer: Rebuildmap Clear paths rebuilt
[2017.03.04-14.44.00:425][485]LightingResults: New page: Lighting Build - Mar 4, 2017, 4:44:00 AM
[2017.03.04-14.44.00:458][485]LogSwarmInterface: [OpenConnection] Registering TCP channel ...
[2017.03.04-14.44.00:459][485]LogSwarmInterface: [OpenConnection] Connecting to agent ...
[2017.03.04-14.44.00:459][485]LogSwarmInterface: [TryOpenConnection] Testing the Agent
[2017.03.04-14.44.00:460][485]LogSwarmInterface: [TryOpenConnection] Opening Connection to Agent
[2017.03.04-14.44.00:460][485]LogSwarmInterface: [TryOpenConnection] Local Process ID is 6992
[2017.03.04-14.44.04:991][485]LogStaticLightingSystem:Warning: No importance volume found, so the scene bounding box was used.  You can optimize your scene's quality and lighting build times by adding importance volumes.
[2017.03.04-14.44.04:991][485]LogStaticLightingSystem: Running Lightmass w/ ImmediateImport mode ENABLED
[2017.03.04-14.44.04:991][485]LogStaticLightingSystem: Running Lightmass w/ ImmediateProcess mode ENABLED
[2017.03.04-14.44.04:991][485]LogStaticLightingSystem: Running Lightmass w/ Sorting mode ENABLED
[2017.03.04-14.44.04:991][485]LogStaticLightingSystem: Running Lightmass w/ Mapping paddings ENABLED
[2017.03.04-14.44.04:992][485]LogStaticLightingSystem: Running Lightmass w/ Mapping debug paddings DISABLED
[2017.03.04-14.44.05:147][485]Cmd: MAP CHECK DONTDISPLAYDIALOG
[2017.03.04-14.44.05:147][485]MapCheck: New page: BarebonesCafeteria - Mar 4, 2017, 4:44:05 AM
[2017.03.04-14.44.05:148][485]MapCheck:Error: Error WorldSettings_1 Maps need lighting rebuilt 
[2017.03.04-14.44.05:221][485]MapCheck: Info Map check complete: 1 Error(s), 0 Warning(s), took 74.187ms to complete.
[2017.03.04-14.44.05:242][485]LogEditorBuildUtils: Build time 0:04
[2017.03.04-14.44.07:069][492]Job is a success!
[2017.03.04-14.44.07:154][493]LogTexture:Display: Building textures: HQ_Lightmap0_1 (AutoDXT)
[2017.03.04-14.44.07:154][493]LogTexture:Display: Building textures: LQ_Lightmap_0_1 (DXT1)
[2017.03.04-14.44.07:154][493]LogTexture:Display: Building textures: HQ_Lightmap1_2 (AutoDXT)
[2017.03.04-14.44.07:154][493]LogTexture:Display: Building textures: LQ_Lightmap_1_2 (DXT1)
[2017.03.04-14.44.07:154][493]LogTexture:Display: Building textures: ShadowMapTexture2D_0 (G8)
[2017.03.04-14.44.07:154][493]LogTexture:Display: Building textures: ShadowMapTexture2D_1 (G8)
[2017.03.04-14.44.07:170][493]Lightmass on DESKTOP-JAT82AM: 913 ms total, 146 ms importing, 15 ms setup, 317 ms photons, 409 ms processing, 0 ms extra exporting [20/20 mappings]. Threads: 2.70 sec total, 1.15 sec processing.
[2017.03.04-14.44.07:174][493]LogStaticLightingSystem: Illumination: 6.72 sec (42 ms encoding lightmaps, 8 ms encoding shadowmaps)
[2017.03.04-14.44.07:174][493]LogStaticLightingSystem: Lightmap texture memory:  0.1 MB (0.1 MB streaming, 0.0 MB non-streaming), 4 textures
[2017.03.04-14.44.07:174][493]LogStaticLightingSystem: Shadowmap texture memory: 0.0 MB (0.0 MB streaming, 0.0 MB non-streaming), 2 textures
[2017.03.04-14.44.08:020][494]Cmd: MAP CHECK NOTIFYRESULTS
[2017.03.04-14.44.08:020][494]MapCheck: New page: BarebonesCafeteria - Mar 4, 2017, 4:44:08 AM
[2017.03.04-14.44.08:079][494]MapCheck: Info Map check complete: 0 Error(s), 0 Warning(s), took 59.442ms to complete.
[2017.03.04-14.44.11:206][867]MapCheck: New page: Map Check
[2017.03.04-14.44.11:213][867]Cmd: MAP REBUILD ALLVISIBLE
[2017.03.04-14.44.11:213][867]LogEditorServer: Rebuildmap Clear paths rebuilt
[2017.03.04-14.44.11:254][867]LightingResults: New page: Lighting Build - Mar 4, 2017, 4:44:11 AM
[2017.03.04-14.44.11:260][867]LogSwarmInterface: [OpenConnection] Registering TCP channel ...
[2017.03.04-14.44.11:261][867]LogSwarmInterface: [OpenConnection] Connecting to agent ...
[2017.03.04-14.44.11:261][867]LogSwarmInterface: [TryOpenConnection] Testing the Agent
[2017.03.04-14.44.11:261][867]LogSwarmInterface: [TryOpenConnection] Opening Connection to Agent
[2017.03.04-14.44.11:261][867]LogSwarmInterface: [TryOpenConnection] Local Process ID is 6992
[2017.03.04-14.44.15:774][867]LogStaticLightingSystem:Warning: No importance volume found, so the scene bounding box was used.  You can optimize your scene's quality and lighting build times by adding importance volumes.
[2017.03.04-14.44.15:774][867]LogStaticLightingSystem: Running Lightmass w/ ImmediateImport mode ENABLED
[2017.03.04-14.44.15:774][867]LogStaticLightingSystem: Running Lightmass w/ ImmediateProcess mode ENABLED
[2017.03.04-14.44.15:774][867]LogStaticLightingSystem: Running Lightmass w/ Sorting mode ENABLED
[2017.03.04-14.44.15:774][867]LogStaticLightingSystem: Running Lightmass w/ Mapping paddings ENABLED
[2017.03.04-14.44.15:774][867]LogStaticLightingSystem: Running Lightmass w/ Mapping debug paddings DISABLED
[2017.03.04-14.44.15:853][867]Cmd: MAP CHECK DONTDISPLAYDIALOG
[2017.03.04-14.44.15:853][867]MapCheck: New page: BarebonesCafeteria - Mar 4, 2017, 4:44:15 AM
[2017.03.04-14.44.15:895][867]MapCheck: Info Map check complete: 0 Error(s), 0 Warning(s), took 41.609ms to complete.
[2017.03.04-14.44.15:917][867]LogEditorBuildUtils: Build time 0:04
[2017.03.04-14.44.17:390][874]Job is a success!
[2017.03.04-14.44.17:863][875]LogTexture:Display: Building textures: LQ_Lightmap_1_1 (DXT1)
[2017.03.04-14.44.17:863][875]LogTexture:Display: Building textures: HQ_Lightmap0_2 (AutoDXT)
[2017.03.04-14.44.17:863][875]LogTexture:Display: Building textures: LQ_Lightmap_0_2 (DXT1)
[2017.03.04-14.44.17:863][875]LogTexture:Display: Building textures: HQ_Lightmap1_1 (AutoDXT)
[2017.03.04-14.44.17:863][875]LogTexture:Display: Building textures: ShadowMapTexture2D_2 (G8)
[2017.03.04-14.44.17:863][875]LogTexture:Display: Building textures: ShadowMapTexture2D_3 (G8)
[2017.03.04-14.44.17:885][875]LogStaticLightingSystem: Illumination: 6.28 sec (51 ms encoding lightmaps, 7 ms encoding shadowmaps)
[2017.03.04-14.44.17:885][875]LogStaticLightingSystem: Lightmap texture memory:  0.1 MB (0.1 MB streaming, 0.0 MB non-streaming), 4 textures
[2017.03.04-14.44.17:885][875]LogStaticLightingSystem: Shadowmap texture memory: 0.0 MB (0.0 MB streaming, 0.0 MB non-streaming), 2 textures
[2017.03.04-14.44.18:798][876]Lightmass on DESKTOP-JAT82AM: 1.33 sec total, 171 ms importing, 17 ms setup, 306 ms photons, 800 ms processing, 0 ms extra exporting [20/20 mappings]. Threads: 5.44 sec total, 1.15 sec processing.
[2017.03.04-14.44.18:798][876]Cmd: MAP CHECK NOTIFYRESULTS
[2017.03.04-14.44.18:799][876]MapCheck: New page: BarebonesCafeteria - Mar 4, 2017, 4:44:18 AM
[2017.03.04-14.44.18:901][876]MapCheck: Info Map check complete: 0 Error(s), 0 Warning(s), took 102.741ms to complete.
[2017.03.04-14.44.48:745][684]MapCheck: New page: Map Check
[2017.03.04-14.44.48:755][684]Cmd: MAP REBUILD ALLVISIBLE
[2017.03.04-14.44.48:755][684]LogEditorServer: Rebuildmap Clear paths rebuilt
[2017.03.04-14.44.48:800][684]LightingResults: New page: Lighting Build - Mar 4, 2017, 4:44:48 AM
[2017.03.04-14.44.48:806][684]LogSwarmInterface: [OpenConnection] Registering TCP channel ...
[2017.03.04-14.44.48:807][684]LogSwarmInterface: [OpenConnection] Connecting to agent ...
[2017.03.04-14.44.48:807][684]LogSwarmInterface: [TryOpenConnection] Testing the Agent
[2017.03.04-14.44.48:808][684]LogSwarmInterface: [TryOpenConnection] Opening Connection to Agent
[2017.03.04-14.44.48:808][684]LogSwarmInterface: [TryOpenConnection] Local Process ID is 6992
[2017.03.04-14.44.53:326][684]LogStaticLightingSystem:Warning: No importance volume found, so the scene bounding box was used.  You can optimize your scene's quality and lighting build times by adding importance volumes.
[2017.03.04-14.44.53:326][684]LogStaticLightingSystem: Running Lightmass w/ ImmediateImport mode ENABLED
[2017.03.04-14.44.53:326][684]LogStaticLightingSystem: Running Lightmass w/ ImmediateProcess mode ENABLED
[2017.03.04-14.44.53:326][684]LogStaticLightingSystem: Running Lightmass w/ Sorting mode ENABLED
[2017.03.04-14.44.53:326][684]LogStaticLightingSystem: Running Lightmass w/ Mapping paddings ENABLED
[2017.03.04-14.44.53:326][684]LogStaticLightingSystem: Running Lightmass w/ Mapping debug paddings DISABLED
[2017.03.04-14.44.53:458][684]Cmd: MAP CHECK DONTDISPLAYDIALOG
[2017.03.04-14.44.53:458][684]MapCheck: New page: BarebonesCafeteria - Mar 4, 2017, 4:44:53 AM
[2017.03.04-14.44.53:515][684]MapCheck: Info Map check complete: 0 Error(s), 0 Warning(s), took 57.276ms to complete.
[2017.03.04-14.44.53:536][684]LogEditorBuildUtils: Build time 0:04
[2017.03.04-14.44.54:625][775]Job is a success!
[2017.03.04-14.44.54:702][776]LogTexture:Display: Building textures: HQ_Lightmap2_1 (AutoDXT)
[2017.03.04-14.44.54:702][776]LogTexture:Display: Building textures: LQ_Lightmap_0_1 (DXT1)
[2017.03.04-14.44.54:703][776]LogTexture:Display: Building textures: LQ_Lightmap_1_2 (DXT1)
[2017.03.04-14.44.54:703][776]LogTexture:Display: Building textures: HQ_Lightmap2_2 (AutoDXT)
[2017.03.04-14.44.54:703][776]LogTexture:Display: Building textures: ShadowMapTexture2D_4 (G8)
[2017.03.04-14.44.54:703][776]LogTexture:Display: Building textures: ShadowMapTexture2D_5 (G8)
[2017.03.04-14.44.54:720][776]Lightmass on DESKTOP-JAT82AM: 764 ms total, 87 ms importing, 16 ms setup, 280 ms photons, 356 ms processing, 0 ms extra exporting [20/20 mappings]. Threads: 2.33 sec total, 1.19 sec processing.
[2017.03.04-14.44.54:720][776]LogStaticLightingSystem: Illumination: 5.90 sec (42 ms encoding lightmaps, 6 ms encoding shadowmaps)
[2017.03.04-14.44.54:720][776]LogStaticLightingSystem: Lightmap texture memory:  0.1 MB (0.1 MB streaming, 0.0 MB non-streaming), 4 textures
[2017.03.04-14.44.54:720][776]LogStaticLightingSystem: Shadowmap texture memory: 0.0 MB (0.0 MB streaming, 0.0 MB non-streaming), 2 textures
[2017.03.04-14.44.55:345][777]Cmd: MAP CHECK NOTIFYRESULTS
[2017.03.04-14.44.55:346][777]MapCheck: New page: BarebonesCafeteria - Mar 4, 2017, 4:44:55 AM
[2017.03.04-14.44.55:404][777]MapCheck: Info Map check complete: 0 Error(s), 0 Warning(s), took 59.046ms to complete.
[2017.03.04-14.44.59:741][790]LogEditorViewport: Clicking Background
[2017.03.04-14.46.28:878][306]LogEditorViewport: Clicking on Actor (LMB): StaticMeshActor (Shape_Cube5)
[2017.03.04-14.46.48:807][ 65]LogEditorViewport: Clicking on Actor (LMB): StaticMeshActor (Shape_Tube2)
[2017.03.04-14.47.03:713][845]LogEditorViewport: Clicking on Actor (LMB): StaticMeshActor (Shape_Cube2)
[2017.03.04-14.47.09:700][533]LogActorFactory: Actor Factory created 1M_Cube
[2017.03.04-14.47.10:106][580]LogActorFactory: Actor Factory created 1M_Cube
[2017.03.04-14.47.11:476][742]Cmd: DELETE
[2017.03.04-14.47.11:476][742]Cmd: ACTOR DELETE
[2017.03.04-14.47.11:477][742]LogEditorActor: Deleted Actor: StaticMeshActor
[2017.03.04-14.47.11:483][742]LogEditorActor: Deleted 1 Actors (0.006 secs)
[2017.03.04-14.47.20:202][746]LogActorFactory: Actor Factory created Shape_Cube
[2017.03.04-14.47.20:938][834]LogActorFactory: Actor Factory created Shape_Cube
[2017.03.04-14.47.27:994][677]LogEditorViewport: Clicking on Actor (LMB): StaticMeshActor (Shape_Cube)
[2017.03.04-14.47.28:469][731]LogEditorViewport: Clicking on Actor (LMB): TextRenderActor (TextRenderActor)
[2017.03.04-14.47.34:771][410]LogEditorViewport: Clicking on Actor (LMB): StaticMeshActor (Shape_Cube5)
[2017.03.04-14.47.43:780][487]LogEditorViewport: Clicking on Actor (LMB): TextRenderActor (TextRenderActor)
[2017.03.04-14.47.46:407][792]LogEditorViewport: Clicking on Actor (LMB): StaticMeshActor (Shape_Cube)
[2017.03.04-14.47.54:723][786]LogEditorViewport: Clicking on Actor (LMB): StaticMeshActor (Shape_Cube3)
[2017.03.04-14.48.05:486][ 74]LogEditorViewport: Clicking on Actor (LMB): StaticMeshActor (Shape_Cube)
[2017.03.04-14.48.07:115][266]LogEditorViewport: Clicking on Actor (LMB): StaticMeshActor (Shape_Cube)
[2017.03.04-14.48.11:581][801]Cmd: DELETE
[2017.03.04-14.48.11:581][801]Cmd: ACTOR DELETE
[2017.03.04-14.48.11:582][801]LogEditorActor: Deleted Actor: StaticMeshActor
[2017.03.04-14.48.11:589][801]LogEditorActor: Deleted 1 Actors (0.007 secs)
[2017.03.04-14.48.12:636][927]Cmd: TRANSACTION UNDO
[2017.03.04-14.48.12:636][927]LogEditorTransaction: Undo Delete Actors
[2017.03.04-14.48.13:439][ 20]LogEditorViewport: Clicking on Actor (LMB): StaticMeshActor (Shape_Cube3)
[2017.03.04-14.48.13:747][ 54]Cmd: DELETE
[2017.03.04-14.48.13:747][ 54]Cmd: ACTOR DELETE
[2017.03.04-14.48.13:748][ 54]LogEditorActor: Deleted Actor: StaticMeshActor
[2017.03.04-14.48.13:757][ 54]LogEditorActor: Deleted 1 Actors (0.010 secs)
[2017.03.04-14.48.14:957][193]Cmd: TRANSACTION UNDO
[2017.03.04-14.48.14:957][193]LogEditorTransaction: Undo Delete Actors
[2017.03.04-14.48.16:195][339]LogEditorViewport: Clicking on Actor (LMB): StaticMeshActor (Shape_Cube6)
[2017.03.04-14.48.18:422][603]LogEditorViewport: Clicking on Actor (LMB): StaticMeshActor (Shape_Cube9)
[2017.03.04-14.48.19:574][738]LogEditorViewport: Clicking on Actor (LMB): StaticMeshActor (Shape_Cube10)
[2017.03.04-14.48.20:133][802]LogEditorViewport: Clicking on Actor (LMB): StaticMeshActor (Shape_Cube2)
[2017.03.04-14.48.20:599][855]LogEditorViewport: Clicking on Actor (LMB): StaticMeshActor (Shape_Cube7)
[2017.03.04-14.48.21:475][957]LogEditorViewport: Clicking on Actor (LMB): StaticMeshActor (Shape_Tube2)
[2017.03.04-14.48.22:057][ 14]LogEditorViewport: Clicking on Actor (LMB): StaticMeshActor (Shape_Tube4)
[2017.03.04-14.48.22:781][ 97]LogEditorViewport: Clicking on Actor (LMB): StaticMeshActor (Shape_Tube3)
[2017.03.04-14.48.23:846][222]LogEditorViewport: Clicking on Actor (LMB): StaticMeshActor (Shape_Tube)
[2017.03.04-14.48.24:336][278]LogEditorViewport: Clicking on Actor (LMB): StaticMeshActor (Shape_Cube6)
[2017.03.04-14.48.25:654][433]LogEditorViewport: Clicking on Actor (LMB): StaticMeshActor (Shape_Tube)
[2017.03.04-14.48.26:459][526]LogEditorViewport: Clicking on Actor (LMB): StaticMeshActor (Shape_Cube8)
[2017.03.04-14.48.27:618][662]LogEditorViewport: Clicking on Actor (LMB): StaticMeshActor (Shape_Cube12)
[2017.03.04-14.48.28:176][726]LogEditorViewport: Clicking on Actor (LMB): StaticMeshActor (Shape_Cube14)
[2017.03.04-14.48.48:909][199]LogActorFactory: Actor Factory created Shape_Plane
[2017.03.04-14.48.51:361][493]LogActorFactory: Actor Factory created Shape_Plane
[2017.03.04-14.49.32:168][371]Cmd: DELETE
[2017.03.04-14.49.32:168][371]Cmd: ACTOR DELETE
[2017.03.04-14.49.32:168][371]LogEditorActor: Deleted Actor: StaticMeshActor
[2017.03.04-14.49.32:176][371]LogEditorActor: Deleted 1 Actors (0.008 secs)
[2017.03.04-14.49.33:106][483]MapCheck: New page: Map Check
[2017.03.04-14.49.33:119][483]Cmd: MAP REBUILD ALLVISIBLE
[2017.03.04-14.49.33:119][483]LogEditorServer: Rebuildmap Clear paths rebuilt
[2017.03.04-14.49.33:179][483]LightingResults: New page: Lighting Build - Mar 4, 2017, 4:49:33 AM
[2017.03.04-14.49.33:186][483]LogSwarmInterface: [OpenConnection] Registering TCP channel ...
[2017.03.04-14.49.33:187][483]LogSwarmInterface: [OpenConnection] Connecting to agent ...
[2017.03.04-14.49.33:187][483]LogSwarmInterface: [TryOpenConnection] Testing the Agent
[2017.03.04-14.49.33:188][483]LogSwarmInterface: [TryOpenConnection] Opening Connection to Agent
[2017.03.04-14.49.33:188][483]LogSwarmInterface: [TryOpenConnection] Local Process ID is 6992
[2017.03.04-14.49.37:705][483]LogStaticLightingSystem:Warning: No importance volume found, so the scene bounding box was used.  You can optimize your scene's quality and lighting build times by adding importance volumes.
[2017.03.04-14.49.37:705][483]LogStaticLightingSystem: Running Lightmass w/ ImmediateImport mode ENABLED
[2017.03.04-14.49.37:705][483]LogStaticLightingSystem: Running Lightmass w/ ImmediateProcess mode ENABLED
[2017.03.04-14.49.37:705][483]LogStaticLightingSystem: Running Lightmass w/ Sorting mode ENABLED
[2017.03.04-14.49.37:705][483]LogStaticLightingSystem: Running Lightmass w/ Mapping paddings ENABLED
[2017.03.04-14.49.37:705][483]LogStaticLightingSystem: Running Lightmass w/ Mapping debug paddings DISABLED
[2017.03.04-14.49.37:900][483]Cmd: MAP CHECK DONTDISPLAYDIALOG
[2017.03.04-14.49.37:900][483]MapCheck: New page: BarebonesCafeteria - Mar 4, 2017, 4:49:37 AM
[2017.03.04-14.49.37:901][483]MapCheck:Error: Error WorldSettings_1 Maps need lighting rebuilt 
[2017.03.04-14.49.37:964][483]MapCheck: Info Map check complete: 1 Error(s), 0 Warning(s), took 63.736ms to complete.
[2017.03.04-14.49.37:985][483]LogEditorBuildUtils: Build time 0:04
[2017.03.04-14.49.39:237][591]Job is a success!
[2017.03.04-14.49.39:359][592]LogTexture:Display: Building textures: HQ_Lightmap0_1 (AutoDXT)
[2017.03.04-14.49.39:359][592]LogTexture:Display: Building textures: LQ_Lightmap_0_2 (DXT1)
[2017.03.04-14.49.39:359][592]LogTexture:Display: Building textures: HQ_Lightmap0_2 (AutoDXT)
[2017.03.04-14.49.39:359][592]LogTexture:Display: Building textures: LQ_Lightmap_1_1 (DXT1)
[2017.03.04-14.49.39:359][592]LogTexture:Display: Building textures: ShadowMapTexture2D_6 (G8)
[2017.03.04-14.49.39:359][592]LogTexture:Display: Building textures: ShadowMapTexture2D_7 (G8)
[2017.03.04-14.49.39:373][592]Lightmass on DESKTOP-JAT82AM: 933 ms total, 87 ms importing, 15 ms setup, 278 ms photons, 532 ms processing, 0 ms extra exporting [22/22 mappings]. Threads: 3.57 sec total, 1.74 sec processing.
[2017.03.04-14.49.39:376][592]LogStaticLightingSystem: Illumination: 6.18 sec (58 ms encoding lightmaps, 31 ms encoding shadowmaps)
[2017.03.04-14.49.39:376][592]LogStaticLightingSystem: Lightmap texture memory:  0.5 MB (0.5 MB streaming, 0.0 MB non-streaming), 4 textures
[2017.03.04-14.49.39:376][592]LogStaticLightingSystem: Shadowmap texture memory: 0.2 MB (0.2 MB streaming, 0.0 MB non-streaming), 2 textures
[2017.03.04-14.49.39:732][593]Cmd: MAP CHECK NOTIFYRESULTS
[2017.03.04-14.49.39:732][593]MapCheck: New page: BarebonesCafeteria - Mar 4, 2017, 4:49:39 AM
[2017.03.04-14.49.39:805][593]MapCheck: Info Map check complete: 0 Error(s), 0 Warning(s), took 73.46ms to complete.
[2017.03.04-14.50.17:317][ 72]LogEditorViewport: Clicking on Actor (LMB): StaticMeshActor (Shape_Plane)
[2017.03.04-14.50.35:886][275]MapCheck: New page: Map Check
[2017.03.04-14.50.35:893][275]Cmd: MAP REBUILD ALLVISIBLE
[2017.03.04-14.50.35:893][275]LogEditorServer: Rebuildmap Clear paths rebuilt
[2017.03.04-14.50.35:974][275]LightingResults: New page: Lighting Build - Mar 4, 2017, 4:50:35 AM
[2017.03.04-14.50.35:983][275]LogSwarmInterface: [OpenConnection] Registering TCP channel ...
[2017.03.04-14.50.35:985][275]LogSwarmInterface: [OpenConnection] Connecting to agent ...
[2017.03.04-14.50.35:985][275]LogSwarmInterface: [TryOpenConnection] Testing the Agent
[2017.03.04-14.50.35:986][275]LogSwarmInterface: [TryOpenConnection] Opening Connection to Agent
[2017.03.04-14.50.35:986][275]LogSwarmInterface: [TryOpenConnection] Local Process ID is 6992
[2017.03.04-14.50.40:504][275]LogStaticLightingSystem:Warning: No importance volume found, so the scene bounding box was used.  You can optimize your scene's quality and lighting build times by adding importance volumes.
[2017.03.04-14.50.40:504][275]LogStaticLightingSystem: Running Lightmass w/ ImmediateImport mode ENABLED
[2017.03.04-14.50.40:504][275]LogStaticLightingSystem: Running Lightmass w/ ImmediateProcess mode ENABLED
[2017.03.04-14.50.40:504][275]LogStaticLightingSystem: Running Lightmass w/ Sorting mode ENABLED
[2017.03.04-14.50.40:504][275]LogStaticLightingSystem: Running Lightmass w/ Mapping paddings ENABLED
[2017.03.04-14.50.40:504][275]LogStaticLightingSystem: Running Lightmass w/ Mapping debug paddings DISABLED
[2017.03.04-14.50.40:617][275]Cmd: MAP CHECK DONTDISPLAYDIALOG
[2017.03.04-14.50.40:617][275]MapCheck: New page: BarebonesCafeteria - Mar 4, 2017, 4:50:40 AM
[2017.03.04-14.50.40:617][275]MapCheck:Error: Error WorldSettings_1 Maps need lighting rebuilt 
[2017.03.04-14.50.40:659][275]MapCheck: Info Map check complete: 1 Error(s), 0 Warning(s), took 41.334ms to complete.
[2017.03.04-14.50.40:680][275]LogEditorBuildUtils: Build time 0:04
[2017.03.04-14.50.42:097][393]Job is a success!
[2017.03.04-14.50.42:230][394]LogTexture:Display: Building textures: LQ_Lightmap_0_1 (DXT1)
[2017.03.04-14.50.42:230][394]LogTexture:Display: Building textures: HQ_Lightmap1_2 (AutoDXT)
[2017.03.04-14.50.42:230][394]LogTexture:Display: Building textures: HQ_Lightmap1_1 (AutoDXT)
[2017.03.04-14.50.42:230][394]LogTexture:Display: Building textures: LQ_Lightmap_1_2 (DXT1)
[2017.03.04-14.50.42:231][394]LogTexture:Display: Building textures: ShadowMapTexture2D_8 (G8)
[2017.03.04-14.50.42:231][394]LogTexture:Display: Building textures: ShadowMapTexture2D_9 (G8)
[2017.03.04-14.50.42:246][394]Lightmass on DESKTOP-JAT82AM: 1.01 sec total, 81 ms importing, 14 ms setup, 366 ms photons, 538 ms processing, 0 ms extra exporting [22/22 mappings]. Threads: 3.61 sec total, 1.66 sec processing.
[2017.03.04-14.50.42:251][394]LogStaticLightingSystem: Illumination: 6.26 sec (68 ms encoding lightmaps, 27 ms encoding shadowmaps)
[2017.03.04-14.50.42:251][394]LogStaticLightingSystem: Lightmap texture memory:  0.5 MB (0.5 MB streaming, 0.0 MB non-streaming), 4 textures
[2017.03.04-14.50.42:251][394]LogStaticLightingSystem: Shadowmap texture memory: 0.2 MB (0.2 MB streaming, 0.0 MB non-streaming), 2 textures
[2017.03.04-14.50.42:526][395]Cmd: MAP CHECK NOTIFYRESULTS
[2017.03.04-14.50.42:526][395]MapCheck: New page: BarebonesCafeteria - Mar 4, 2017, 4:50:42 AM
[2017.03.04-14.50.42:582][395]MapCheck: Info Map check complete: 0 Error(s), 0 Warning(s), took 56.609ms to complete.
[2017.03.04-14.50.48:289][ 78]LogEditorViewport: Clicking on Actor (LMB): TextRenderActor (TextRenderActor)
[2017.03.04-14.50.48:744][130]LogEditorViewport: Clicking on Actor (LMB): TextRenderActor (TextRenderActor)
[2017.03.04-14.51.11:826][764]LogEditorViewport: Clicking on Actor (LMB): StaticMeshActor (Shape_Tube)
[2017.03.04-14.51.34:759][  8]MapCheck: New page: Map Check
[2017.03.04-14.51.34:765][  8]Cmd: MAP REBUILD ALLVISIBLE
[2017.03.04-14.51.34:766][  8]LogEditorServer: Rebuildmap Clear paths rebuilt
[2017.03.04-14.51.34:834][  8]LightingResults: New page: Lighting Build - Mar 4, 2017, 4:51:34 AM
[2017.03.04-14.51.34:840][  8]LogSwarmInterface: [OpenConnection] Registering TCP channel ...
[2017.03.04-14.51.34:841][  8]LogSwarmInterface: [OpenConnection] Connecting to agent ...
[2017.03.04-14.51.34:841][  8]LogSwarmInterface: [TryOpenConnection] Testing the Agent
[2017.03.04-14.51.34:842][  8]LogSwarmInterface: [TryOpenConnection] Opening Connection to Agent
[2017.03.04-14.51.34:842][  8]LogSwarmInterface: [TryOpenConnection] Local Process ID is 6992
[2017.03.04-14.51.39:357][  8]LogStaticLightingSystem:Warning: No importance volume found, so the scene bounding box was used.  You can optimize your scene's quality and lighting build times by adding importance volumes.
[2017.03.04-14.51.39:357][  8]LogStaticLightingSystem: Running Lightmass w/ ImmediateImport mode ENABLED
[2017.03.04-14.51.39:357][  8]LogStaticLightingSystem: Running Lightmass w/ ImmediateProcess mode ENABLED
[2017.03.04-14.51.39:357][  8]LogStaticLightingSystem: Running Lightmass w/ Sorting mode ENABLED
[2017.03.04-14.51.39:357][  8]LogStaticLightingSystem: Running Lightmass w/ Mapping paddings ENABLED
[2017.03.04-14.51.39:357][  8]LogStaticLightingSystem: Running Lightmass w/ Mapping debug paddings DISABLED
[2017.03.04-14.51.39:527][  8]Cmd: MAP CHECK DONTDISPLAYDIALOG
[2017.03.04-14.51.39:527][  8]MapCheck: New page: BarebonesCafeteria - Mar 4, 2017, 4:51:39 AM
[2017.03.04-14.51.39:588][  8]MapCheck: Info Map check complete: 0 Error(s), 0 Warning(s), took 61.424ms to complete.
[2017.03.04-14.51.39:610][  8]LogEditorBuildUtils: Build time 0:04
[2017.03.04-14.51.40:843][115]Job is a success!
[2017.03.04-14.51.40:963][116]LogTexture:Display: Building textures: HQ_Lightmap0_1 (AutoDXT)
[2017.03.04-14.51.40:963][116]LogTexture:Display: Building textures: HQ_Lightmap0_2 (AutoDXT)
[2017.03.04-14.51.40:963][116]LogTexture:Display: Building textures: LQ_Lightmap_0_2 (DXT1)
[2017.03.04-14.51.40:963][116]LogTexture:Display: Building textures: LQ_Lightmap_1_1 (DXT1)
[2017.03.04-14.51.40:963][116]LogTexture:Display: Building textures: ShadowMapTexture2D_10 (G8)
[2017.03.04-14.51.40:963][116]LogTexture:Display: Building textures: ShadowMapTexture2D_11 (G8)
[2017.03.04-14.51.40:983][116]Lightmass on DESKTOP-JAT82AM: 905 ms total, 79 ms importing, 15 ms setup, 280 ms photons, 509 ms processing, 0 ms extra exporting [22/22 mappings]. Threads: 3.40 sec total, 1.43 sec processing.
[2017.03.04-14.51.40:983][116]LogStaticLightingSystem: Illumination: 6.13 sec (56 ms encoding lightmaps, 26 ms encoding shadowmaps)
[2017.03.04-14.51.40:983][116]LogStaticLightingSystem: Lightmap texture memory:  0.5 MB (0.5 MB streaming, 0.0 MB non-streaming), 4 textures
[2017.03.04-14.51.40:983][116]LogStaticLightingSystem: Shadowmap texture memory: 0.2 MB (0.2 MB streaming, 0.0 MB non-streaming), 2 textures
[2017.03.04-14.51.41:371][117]Cmd: MAP CHECK NOTIFYRESULTS
[2017.03.04-14.51.41:372][117]MapCheck: New page: BarebonesCafeteria - Mar 4, 2017, 4:51:41 AM
[2017.03.04-14.51.41:412][117]MapCheck: Info Map check complete: 0 Error(s), 0 Warning(s), took 40.238ms to complete.
[2017.03.04-14.51.43:497][367]LogEditorViewport: Clicking on Actor (LMB): StaticMeshActor (Shape_Cube16)
[2017.03.04-14.52.01:424][489]Cmd: TRANSACTION UNDO
[2017.03.04-14.52.01:424][489]LogEditorTransaction: Undo Move Actors
[2017.03.04-14.55.35:759][ 58]LogEditorViewport: Clicking on Actor (LMB): StaticMeshActor (Shape_Cube20)
[2017.03.04-14.55.36:043][ 89]LogEditorViewport: Clicking on Actor (LMB): StaticMeshActor (Shape_Cube20)
[2017.03.04-14.55.59:384][603]LogEditorViewport: Clicking on Actor (LMB): StaticMeshActor (Shape_Cube21)
[2017.03.04-14.56.01:979][908]Cmd: TRANSACTION UNDO
[2017.03.04-14.56.01:979][908]LogEditorTransaction: Undo Move Actors
[2017.03.04-14.56.02:722][994]LogEditorViewport: Clicking on Actor (LMB): StaticMeshActor (Shape_Cube18)
[2017.03.04-14.56.15:489][ 13]Cmd: OBJ SAVEPACKAGE PACKAGE="/Game/Maps/BarebonesCafeteria" FILE="C:/Users/Alex/Desktop/Gith/CGT445/Game/Content/Maps/BarebonesCafeteria.umap" SILENT=true AUTOSAVING=false KEEPDIRTY=false
[2017.03.04-14.56.15:538][ 13]LogSavePackage: Save=35.52ms
[2017.03.04-14.56.15:538][ 13]LogSavePackage: Moving 'C:/Users/Alex/Desktop/Gith/CGT445/Game/Saved/BarebonesCafeteria5DC2A4DE4A068FC3FAAD46B7476B1503.tmp' to 'C:/Users/Alex/Desktop/Gith/CGT445/Game/Content/Maps/BarebonesCafeteria.umap'
[2017.03.04-14.56.15:540][ 13]LogSavePackage:Display: Finished SavePackage C:/Users/Alex/Desktop/Gith/CGT445/Game/Content/Maps/BarebonesCafeteria.umap
[2017.03.04-14.56.15:562][ 13]LogFileHelpers: Saving map 'BarebonesCafeteria' took 0.115
[2017.03.04-14.56.15:934][ 14]Cmd: QUIT_EDITOR
[2017.03.04-14.56.16:055][ 14]LogWindowsTextInputMethodSystem:Display: IME system now deactivated.
[2017.03.04-14.56.16:116][ 14]LogExit: Preparing to exit.
[2017.03.04-14.56.16:683][ 14]LogExit: Editor shut down
[2017.03.04-14.56.16:683][ 14]LogExit: Transaction tracking system shut down
[2017.03.04-14.56.17:218][ 14]LogObj: Freed 0b from 0 cluster array pools.
[2017.03.04-14.56.17:218][ 14]LogExit: Object subsystem successfully closed.
[2017.03.04-14.56.17:290][ 14]LogD3D11RHI: Shutdown
[2017.03.04-14.56.17:290][ 14]LogD3D11RHI: CleanupD3DDevice
[2017.03.04-14.56.17:466][ 14]LogD3D11RHI: ~FD3D11DynamicRHI
[2017.03.04-14.56.17:719][ 14]LogModuleManager: Shutting down and abandoning module HierarchicalLODUtilities (214)
[2017.03.04-14.56.17:726][ 14]LogModuleManager: Shutting down and abandoning module HierarchicalLODOutliner (213)
[2017.03.04-14.56.17:733][ 14]LogModuleManager: Shutting down and abandoning module CrashTracker (212)
[2017.03.04-14.56.17:733][ 14]LogModuleManager: Shutting down and abandoning module SceneOutliner (211)
[2017.03.04-14.56.17:733][ 14]LogModuleManager: Shutting down and abandoning module WidgetCarousel (210)
[2017.03.04-14.56.17:733][ 14]LogModuleManager: Shutting down and abandoning module AddContentDialog (209)
[2017.03.04-14.56.17:734][ 14]LogModuleManager: Shutting down and abandoning module GameplayTags (208)
[2017.03.04-14.56.17:734][ 14]LogModuleManager: Shutting down and abandoning module EditorWidgets (207)
[2017.03.04-14.56.17:734][ 14]LogModuleManager: Shutting down and abandoning module CollectionManager (206)
[2017.03.04-14.56.17:734][ 14]LogModuleManager: Shutting down and abandoning module StatsViewer (205)
[2017.03.04-14.56.17:747][ 14]LogModuleManager: Shutting down and abandoning module FoliageEdit (204)
[2017.03.04-14.56.17:747][ 14]LogModuleManager: Shutting down and abandoning module LandscapeEditor (203)
[2017.03.04-14.56.17:758][ 14]LogModuleManager: Shutting down and abandoning module SceneDepthPickerMode (202)
[2017.03.04-14.56.17:758][ 14]LogModuleManager: Shutting down and abandoning module ActorPickerMode (201)
[2017.03.04-14.56.17:758][ 14]LogModuleManager: Shutting down and abandoning module GeometryMode (200)
[2017.03.04-14.56.17:758][ 14]LogModuleManager: Shutting down and abandoning module TextureAlignMode (199)
[2017.03.04-14.56.17:758][ 14]LogModuleManager: Shutting down and abandoning module BspMode (198)
[2017.03.04-14.56.17:758][ 14]LogModuleManager: Shutting down and abandoning module HardwareSurvey (197)
[2017.03.04-14.56.17:758][ 14]LogModuleManager: Shutting down and abandoning module SequenceRecorderSections (196)
[2017.03.04-14.56.17:758][ 14]LogModuleManager: Shutting down and abandoning module SequenceRecorder (195)
[2017.03.04-14.56.17:770][ 14]LogModuleManager: Shutting down and abandoning module AutomationWorker (194)
[2017.03.04-14.56.17:770][ 14]LogModuleManager: Shutting down and abandoning module MatineeToLevelSequence (193)
[2017.03.04-14.56.17:770][ 14]LogModuleManager: Shutting down and abandoning module PlacementMode (192)
[2017.03.04-14.56.17:785][ 14]LogModuleManager: Shutting down and abandoning module LevelSequenceEditor (191)
[2017.03.04-14.56.17:785][ 14]LogModuleManager: Shutting down and abandoning module CharacterAI (190)
[2017.03.04-14.56.17:785][ 14]LogModuleManager: Shutting down and abandoning module SmartSnapping (189)
[2017.03.04-14.56.17:785][ 14]LogModuleManager: Shutting down and abandoning module SessionServices (188)
[2017.03.04-14.56.17:785][ 14]LogModuleManager: Shutting down and abandoning module ViewportSnapping (187)
[2017.03.04-14.56.17:785][ 14]LogModuleManager: Shutting down and abandoning module LogVisualizer (186)
[2017.03.04-14.56.17:785][ 14]LogModuleManager: Shutting down and abandoning module GameProjectGeneration (185)
[2017.03.04-14.56.17:796][ 14]LogModuleManager: Shutting down and abandoning module IntroTutorials (184)
[2017.03.04-14.56.17:796][ 14]LogModuleManager: Shutting down and abandoning module EditorLiveStreaming (183)
[2017.03.04-14.56.17:796][ 14]LogModuleManager: Shutting down and abandoning module IOSPlatformEditor (182)
[2017.03.04-14.56.17:796][ 14]LogModuleManager: Shutting down and abandoning module HTML5PlatformEditor (181)
[2017.03.04-14.56.17:796][ 14]LogModuleManager: Shutting down and abandoning module AndroidDeviceDetection (180)
[2017.03.04-14.56.18:610][ 14]LogModuleManager: Shutting down and abandoning module AndroidPlatformEditor (179)
[2017.03.04-14.56.18:610][ 14]LogModuleManager: Shutting down and abandoning module IOSRuntimeSettings (178)
[2017.03.04-14.56.18:610][ 14]LogModuleManager: Shutting down and abandoning module AndroidRuntimeSettings (177)
[2017.03.04-14.56.18:611][ 14]LogModuleManager: Shutting down and abandoning module MergeActors (176)
[2017.03.04-14.56.18:620][ 14]LogModuleManager: Shutting down and abandoning module SizeMap (175)
[2017.03.04-14.56.18:620][ 14]LogModuleManager: Shutting down and abandoning module TreeMap (174)
[2017.03.04-14.56.18:620][ 14]LogModuleManager: Shutting down and abandoning module ReferenceViewer (173)
[2017.03.04-14.56.18:620][ 14]LogModuleManager: Shutting down and abandoning module LocalizationService (172)
[2017.03.04-14.56.18:633][ 14]LogModuleManager: Shutting down and abandoning module LocalizationDashboard (171)
[2017.03.04-14.56.18:639][ 14]LogModuleManager: Shutting down and abandoning module HardwareTargeting (170)
[2017.03.04-14.56.18:639][ 14]LogModuleManager: Shutting down and abandoning module DeviceProfileEditor (169)
[2017.03.04-14.56.18:652][ 14]LogModuleManager: Shutting down and abandoning module UndoHistory (168)
[2017.03.04-14.56.18:658][ 14]LogModuleManager: Shutting down and abandoning module UserFeedback (167)
[2017.03.04-14.56.18:658][ 14]LogModuleManager: Shutting down and abandoning module XmlParser (166)
[2017.03.04-14.56.18:658][ 14]LogModuleManager: Shutting down and abandoning module Blutility (165)
[2017.03.04-14.56.18:658][ 14]LogModuleManager: Shutting down and abandoning module ProjectTargetPlatformEditor (164)
[2017.03.04-14.56.18:658][ 14]LogModuleManager: Shutting down and abandoning module ProjectSettingsViewer (163)
[2017.03.04-14.56.18:658][ 14]LogModuleManager: Shutting down and abandoning module InputBindingEditor (162)
[2017.03.04-14.56.18:658][ 14]LogModuleManager: Shutting down and abandoning module EditorSettingsViewer (161)
[2017.03.04-14.56.18:658][ 14]LogModuleManager: Shutting down and abandoning module SettingsEditor (160)
[2017.03.04-14.56.18:666][ 14]LogModuleManager: Shutting down and abandoning module ProjectLauncher (159)
[2017.03.04-14.56.18:687][ 14]LogModuleManager: Shutting down and abandoning module SessionFrontend (158)
[2017.03.04-14.56.18:698][ 14]LogModuleManager: Shutting down and abandoning module ProfilerClient (157)
[2017.03.04-14.56.18:730][ 14]LogModuleManager: Shutting down and abandoning module TargetDeviceServices (156)
[2017.03.04-14.56.18:730][ 14]LogModuleManager: Shutting down and abandoning module DeviceManager (155)
[2017.03.04-14.56.18:793][ 14]LogModuleManager: Shutting down and abandoning module AutomationController (154)
[2017.03.04-14.56.18:804][ 14]LogModuleManager: Shutting down and abandoning module AutomationWindow (153)
[2017.03.04-14.56.18:839][ 14]LogModuleManager: Shutting down and abandoning module Layers (152)
[2017.03.04-14.56.18:859][ 14]LogModuleManager: Shutting down and abandoning module ComponentVisualizers (151)
[2017.03.04-14.56.18:859][ 14]LogModuleManager: Shutting down and abandoning module DetailCustomizations (150)
[2017.03.04-14.56.18:859][ 14]LogModuleManager: Shutting down and abandoning module PackagesDialog (149)
[2017.03.04-14.56.18:859][ 14]LogModuleManager: Shutting down and abandoning module Persona (148)
[2017.03.04-14.56.18:889][ 14]LogModuleManager: Shutting down and abandoning module Kismet (147)
[2017.03.04-14.56.18:889][ 14]LogModuleManager: Shutting down and abandoning module GraphEditor (146)
[2017.03.04-14.56.18:919][ 14]LogModuleManager: Shutting down and abandoning module ClassViewer (145)
[2017.03.04-14.56.18:933][ 14]LogModuleManager: Shutting down and abandoning module Toolbox (144)
[2017.03.04-14.56.18:933][ 14]LogModuleManager: Shutting down and abandoning module ModuleUI (143)
[2017.03.04-14.56.18:962][ 14]LogModuleManager: Shutting down and abandoning module MovieSceneTools (142)
[2017.03.04-14.56.18:963][ 14]LogModuleManager: Shutting down and abandoning module OutputLog (141)
[2017.03.04-14.56.18:963][ 14]LogModuleManager: Shutting down and abandoning module GammaUI (140)
[2017.03.04-14.56.18:991][ 14]LogModuleManager: Shutting down and abandoning module Documentation (139)
[2017.03.04-14.56.18:991][ 14]LogModuleManager: Shutting down and abandoning module StreamingPauseRendering (138)
[2017.03.04-14.56.18:991][ 14]LogModuleManager: Shutting down and abandoning module AnalyticsET (137)
[2017.03.04-14.56.18:991][ 14]LogModuleManager: Shutting down and abandoning module Analytics (136)
[2017.03.04-14.56.18:991][ 14]LogModuleManager: Shutting down and abandoning module PortalServices (135)
[2017.03.04-14.56.18:991][ 14]LogModuleManager: Shutting down and abandoning module PortalRpc (134)
[2017.03.04-14.56.18:991][ 14]LogModuleManager: Shutting down and abandoning module MessagingRpc (133)
[2017.03.04-14.56.18:991][ 14]LogModuleManager: Shutting down and abandoning module GameplayDebugger (132)
[2017.03.04-14.56.18:991][ 14]LogModuleManager: Shutting down and abandoning module AITestSuite (131)
[2017.03.04-14.56.18:991][ 14]LogModuleManager: Shutting down and abandoning module AIModule (130)
[2017.03.04-14.56.18:991][ 14]LogModuleManager: Shutting down and abandoning module ProfilerService (129)
[2017.03.04-14.56.19:045][ 14]LogModuleManager: Shutting down and abandoning module TaskGraph (128)
[2017.03.04-14.56.19:050][ 14]LogModuleManager: Shutting down and abandoning module SlateRemote (127)
[2017.03.04-14.56.19:050][ 14]LogModuleManager: Shutting down and abandoning module SteamVRController (126)
[2017.03.04-14.56.19:050][ 14]LogModuleManager: Shutting down and abandoning module SteamVR (125)
[2017.03.04-14.56.19:050][ 14]LogModuleManager: Shutting down and abandoning module ProceduralMeshComponent (124)
[2017.03.04-14.56.19:051][ 14]LogModuleManager: Shutting down and abandoning module OculusLibrary (123)
[2017.03.04-14.56.19:051][ 14]LogModuleManager: Shutting down and abandoning module OculusInput (122)
[2017.03.04-14.56.19:051][ 14]LogModuleManager: Shutting down and abandoning module CustomMeshComponent (121)
[2017.03.04-14.56.19:051][ 14]LogModuleManager: Shutting down and abandoning module CableComponent (120)
[2017.03.04-14.56.19:051][ 14]LogModuleManager: Shutting down and abandoning module ArchVisCharacter (119)
[2017.03.04-14.56.19:051][ 14]LogModuleManager: Shutting down and abandoning module MediaPlayerEditor (118)
[2017.03.04-14.56.19:061][ 14]LogModuleManager: Shutting down and abandoning module HTML5Networking (117)
[2017.03.04-14.56.19:061][ 14]LogModuleManager: Shutting down and abandoning module SuperSearch (116)
[2017.03.04-14.56.19:061][ 14]LogModuleManager: Shutting down and abandoning module SuperSearchEditor (115)
[2017.03.04-14.56.19:061][ 14]LogModuleManager: Shutting down and abandoning module SpeedTreeImporter (114)
[2017.03.04-14.56.19:061][ 14]LogModuleManager: Shutting down and abandoning module PluginBrowser (113)
[2017.03.04-14.56.19:061][ 14]LogModuleManager: Shutting down and abandoning module EpicSurvey (112)
[2017.03.04-14.56.19:061][ 14]LogModuleManager: Shutting down and abandoning module DesktopPlatform (111)
[2017.03.04-14.56.19:072][ 14]LogModuleManager: Shutting down and abandoning module VisualStudioSourceCodeAccess (110)
[2017.03.04-14.56.19:072][ 14]LogModuleManager: Shutting down and abandoning module UObjectPlugin (109)
[2017.03.04-14.56.19:072][ 14]LogModuleManager: Shutting down and abandoning module SubversionSourceControl (108)
[2017.03.04-14.56.19:072][ 14]LogModuleManager: Shutting down and abandoning module PerforceSourceControl (107)
[2017.03.04-14.56.19:072][ 14]LogModuleManager: Shutting down and abandoning module SourceControl (106)
[2017.03.04-14.56.19:072][ 14]LogModuleManager: Shutting down and abandoning module GitSourceControl (105)
[2017.03.04-14.56.19:072][ 14]LogModuleManager: Shutting down and abandoning module LightPropagationVolumeEditor (104)
[2017.03.04-14.56.19:072][ 14]LogModuleManager: Shutting down and abandoning module PaperTiledImporter (103)
[2017.03.04-14.56.19:072][ 14]LogModuleManager: Shutting down and abandoning module PaperSpriteSheetImporter (102)
[2017.03.04-14.56.19:072][ 14]LogModuleManager: Shutting down and abandoning module MeshPaint (101)
[2017.03.04-14.56.19:072][ 14]LogModuleManager: Shutting down and abandoning module PixelInspectorModule (100)
[2017.03.04-14.56.19:072][ 14]LogModuleManager: Shutting down and abandoning module HotReload (99)
[2017.03.04-14.56.19:073][ 14]LogModuleManager: Shutting down and abandoning module MainFrame (98)
[2017.03.04-14.56.19:073][ 14]LogModuleManager: Shutting down and abandoning module LevelEditor (97)
[2017.03.04-14.56.19:073][ 14]LogModuleManager: Shutting down and abandoning module ContentBrowser (96)
[2017.03.04-14.56.19:074][ 14]LogModuleManager: Shutting down and abandoning module Paper2DEditor (95)
[2017.03.04-14.56.19:087][ 14]LogModuleManager: Shutting down and abandoning module UdpMessaging (94)
[2017.03.04-14.56.19:188][ 14]LogModuleManager: Shutting down and abandoning module LightPropagationVolumeRuntime (93)
[2017.03.04-14.56.19:188][ 14]LogModuleManager: Shutting down and abandoning module Paper2D (92)
[2017.03.04-14.56.19:188][ 14]LogModuleManager: Shutting down and abandoning module WindowsMoviePlayer (91)
[2017.03.04-14.56.19:188][ 14]LogModuleManager: Shutting down and abandoning module Media (90)
[2017.03.04-14.56.19:188][ 14]LogModuleManager: Shutting down and abandoning module WmfMedia (89)
[2017.03.04-14.56.19:199][ 14]LogModuleManager: Shutting down and abandoning module MediaAssets (88)
[2017.03.04-14.56.19:199][ 14]LogModuleManager: Shutting down and abandoning module GameLiveStreaming (87)
[2017.03.04-14.56.19:199][ 14]LogModuleManager: Shutting down and abandoning module GameplayTagsEditor (86)
[2017.03.04-14.56.19:199][ 14]LogModuleManager: Shutting down and abandoning module OnlineBlueprintSupport (85)
[2017.03.04-14.56.19:199][ 14]LogModuleManager: Shutting down and abandoning module VREditor (84)
[2017.03.04-14.56.19:209][ 14]LogModuleManager: Shutting down and abandoning module GameplayTasksEditor (83)
[2017.03.04-14.56.19:209][ 14]LogModuleManager: Shutting down and abandoning module PropertyEditor (82)
[2017.03.04-14.56.19:209][ 14]LogModuleManager: Shutting down and abandoning module BehaviorTreeEditor (81)
[2017.03.04-14.56.19:219][ 14]LogModuleManager: Shutting down and abandoning module FunctionalTesting (80)
[2017.03.04-14.56.19:219][ 14]LogModuleManager: Shutting down and abandoning module CollisionAnalyzer (79)
[2017.03.04-14.56.19:231][ 14]LogModuleManager: Shutting down and abandoning module Sequencer (78)
[2017.03.04-14.56.19:250][ 14]LogModuleManager: Shutting down and abandoning module WorkspaceMenuStructure (77)
[2017.03.04-14.56.19:250][ 14]LogModuleManager: Shutting down and abandoning module MessageLog (76)
[2017.03.04-14.56.19:250][ 14]LogModuleManager: Shutting down and abandoning module AssetTools (75)
[2017.03.04-14.56.19:285][ 14]LogModuleManager: Shutting down and abandoning module UMGEditor (74)
[2017.03.04-14.56.19:306][ 14]LogModuleManager: Shutting down and abandoning module UMG (73)
[2017.03.04-14.56.19:329][ 14]LogModuleManager: Shutting down and abandoning module SlateReflector (72)
[2017.03.04-14.56.19:340][ 14]LogModuleManager: Shutting down and abandoning module Slate (71)
[2017.03.04-14.56.19:340][ 14]LogModuleManager: Shutting down and abandoning module EditorStyle (70)
[2017.03.04-14.56.19:344][ 14]LogModuleManager: Shutting down and abandoning module SourceCodeAccess (69)
[2017.03.04-14.56.19:344][ 14]LogModuleManager: Shutting down and abandoning module HeadMountedDisplay (68)
[2017.03.04-14.56.19:344][ 14]LogModuleManager: Shutting down and abandoning module XAudio2 (67)
[2017.03.04-14.56.19:344][ 14]LogModuleManager: Shutting down and abandoning module Networking (65)
[2017.03.04-14.56.19:344][ 14]LogModuleManager: Shutting down and abandoning module Core (64)
[2017.03.04-14.56.19:344][ 14]LogModuleManager: Shutting down and abandoning module DirectoryWatcher (63)
[2017.03.04-14.56.19:345][ 14]LogModuleManager: Shutting down and abandoning module AssetRegistry (62)
[2017.03.04-14.56.19:637][ 14]LogModuleManager: Shutting down and abandoning module KismetCompiler (61)
[2017.03.04-14.56.19:637][ 14]LogModuleManager: Shutting down and abandoning module PhysXFormats (60)
[2017.03.04-14.56.19:637][ 14]LogModuleManager: Shutting down and abandoning module MeshUtilities (59)
[2017.03.04-14.56.19:647][ 14]LogModuleManager: Shutting down and abandoning module DerivedDataCache (58)
[2017.03.04-14.56.19:749][ 14]LogDerivedDataCache: Shutdown
[2017.03.04-14.56.19:749][ 14]LogModuleManager: Shutting down and abandoning module VulkanShaderFormat (57)
[2017.03.04-14.56.19:749][ 14]LogModuleManager: Shutting down and abandoning module ShaderFormatOpenGL (56)
[2017.03.04-14.56.19:776][ 14]LogModuleManager: Shutting down and abandoning module ShaderFormatD3D (55)
[2017.03.04-14.56.19:776][ 14]LogModuleManager: Shutting down and abandoning module MetalShaderFormat (54)
[2017.03.04-14.56.19:804][ 14]LogModuleManager: Shutting down and abandoning module TextureFormatUncompressed (53)
[2017.03.04-14.56.19:804][ 14]LogModuleManager: Shutting down and abandoning module TextureFormatPVR (52)
[2017.03.04-14.56.19:804][ 14]LogModuleManager: Shutting down and abandoning module TextureFormatIntelISPCTexComp (51)
[2017.03.04-14.56.19:805][ 14]LogModuleManager: Shutting down and abandoning module TextureFormatDXT (50)
[2017.03.04-14.56.19:805][ 14]LogModuleManager: Shutting down and abandoning module ImageWrapper (49)
[2017.03.04-14.56.19:805][ 14]LogModuleManager: Shutting down and abandoning module TextureFormatASTC (48)
[2017.03.04-14.56.19:805][ 14]LogModuleManager: Shutting down and abandoning module TextureFormatAndroid (47)
[2017.03.04-14.56.19:805][ 14]LogModuleManager: Shutting down and abandoning module AudioFormatOpus (46)
[2017.03.04-14.56.19:805][ 14]LogModuleManager: Shutting down and abandoning module AudioFormatOgg (45)
[2017.03.04-14.56.19:805][ 14]LogModuleManager: Shutting down and abandoning module AudioFormatADPCM (44)
[2017.03.04-14.56.19:805][ 14]LogModuleManager: Shutting down and abandoning module LinuxTargetPlatform (43)
[2017.03.04-14.56.19:805][ 14]LogModuleManager: Shutting down and abandoning module LinuxServerTargetPlatform (42)
[2017.03.04-14.56.19:805][ 14]LogModuleManager: Shutting down and abandoning module LinuxNoEditorTargetPlatform (41)
[2017.03.04-14.56.19:805][ 14]LogModuleManager: Shutting down and abandoning module TVOSTargetPlatform (40)
[2017.03.04-14.56.19:805][ 14]LogModuleManager: Shutting down and abandoning module Messaging (39)
[2017.03.04-14.56.19:805][ 14]LogModuleManager: Shutting down and abandoning module IOSTargetPlatform (38)
[2017.03.04-14.56.19:805][ 14]LogModuleManager: Shutting down and abandoning module HTML5TargetPlatform (37)
[2017.03.04-14.56.19:805][ 14]LogModuleManager: Shutting down and abandoning module Android_PVRTCTargetPlatform (36)
[2017.03.04-14.56.19:805][ 14]LogModuleManager: Shutting down and abandoning module Android_MultiTargetPlatform (35)
[2017.03.04-14.56.19:805][ 14]LogModuleManager: Shutting down and abandoning module Android_ETC2TargetPlatform (34)
[2017.03.04-14.56.19:805][ 14]LogModuleManager: Shutting down and abandoning module Android_ETC1TargetPlatform (33)
[2017.03.04-14.56.19:806][ 14]LogModuleManager: Shutting down and abandoning module Android_DXTTargetPlatform (32)
[2017.03.04-14.56.19:806][ 14]LogModuleManager: Shutting down and abandoning module Android_ATCTargetPlatform (31)
[2017.03.04-14.56.19:806][ 14]LogModuleManager: Shutting down and abandoning module Android_ASTCTargetPlatform (30)
[2017.03.04-14.56.19:806][ 14]LogModuleManager: Shutting down and abandoning module AndroidTargetPlatform (29)
[2017.03.04-14.56.19:806][ 14]LogModuleManager: Shutting down and abandoning module WindowsTargetPlatform (28)
[2017.03.04-14.56.19:806][ 14]LogModuleManager: Shutting down and abandoning module WindowsServerTargetPlatform (27)
[2017.03.04-14.56.19:806][ 14]LogModuleManager: Shutting down and abandoning module WindowsNoEditorTargetPlatform (26)
[2017.03.04-14.56.19:806][ 14]LogModuleManager: Shutting down and abandoning module WindowsClientTargetPlatform (25)
[2017.03.04-14.56.19:806][ 14]LogModuleManager: Shutting down and abandoning module AllDesktopTargetPlatform (24)
[2017.03.04-14.56.19:806][ 14]LogModuleManager: Shutting down and abandoning module TargetPlatform (23)
[2017.03.04-14.56.19:806][ 14]LogModuleManager: Shutting down and abandoning module InputCore (22)
[2017.03.04-14.56.19:806][ 14]LogModuleManager: Shutting down and abandoning module Settings (21)
[2017.03.04-14.56.19:806][ 14]LogModuleManager: Shutting down and abandoning module OnlineSubsystem (19)
[2017.03.04-14.56.19:806][ 14]LogModuleManager: Shutting down and abandoning module HTTP (18)
[2017.03.04-14.56.21:309][ 14]LogModuleManager: Shutting down and abandoning module XMPP (17)
[2017.03.04-14.56.21:331][ 14]LogModuleManager: Shutting down and abandoning module OculusRift (16)
[2017.03.04-14.56.21:346][ 14]LogModuleManager: Shutting down and abandoning module ExampleDeviceProfileSelector (15)
[2017.03.04-14.56.21:346][ 14]LogModuleManager: Shutting down and abandoning module TextureCompressor (14)
[2017.03.04-14.56.21:346][ 14]LogModuleManager: Shutting down and abandoning module ShaderCore (13)
[2017.03.04-14.56.21:346][ 14]LogModuleManager: Shutting down and abandoning module Landscape (12)
[2017.03.04-14.56.21:346][ 14]LogModuleManager: Shutting down and abandoning module SlateRHIRenderer (11)
[2017.03.04-14.56.21:354][ 14]LogModuleManager: Shutting down and abandoning module OpenGLDrv (10)
[2017.03.04-14.56.21:355][ 14]LogModuleManager: Shutting down and abandoning module D3D11RHI (9)
[2017.03.04-14.56.21:355][ 14]LogModuleManager: Shutting down and abandoning module AnimGraphRuntime (8)
[2017.03.04-14.56.21:355][ 14]LogModuleManager: Shutting down and abandoning module Renderer (7)
[2017.03.04-14.56.21:355][ 14]LogModuleManager: Shutting down and abandoning module Engine (6)
[2017.03.04-14.56.21:355][ 14]LogModuleManager: Shutting down and abandoning module CoreUObject (5)
[2017.03.04-14.56.21:355][ 14]LogModuleManager: Shutting down and abandoning module NetworkFile (4)
[2017.03.04-14.56.21:355][ 14]LogModuleManager: Shutting down and abandoning module StreamingFile (3)
[2017.03.04-14.56.21:355][ 14]LogModuleManager: Shutting down and abandoning module SandboxFile (2)
[2017.03.04-14.56.21:355][ 14]LogModuleManager: Shutting down and abandoning module PakFile (1)
[2017.03.04-14.56.21:367][ 14]LogExit: Exiting.
[2017.03.04-14.56.21:372][ 14]Log file closed, 03/04/17 09:56:21
