Log file open, 05/02/17 19:25:14
LogInit:Display: Running engine for game: Game
LogPlatformFile: Not using cached read wrapper
LogInit:Display: RandInit(-241168151) SRandInit(-241168149).
LogTaskGraph: Started task graph with 4 named threads and 7 total threads with 1 sets of task threads.
LogStats: Stats thread started at 0.064009
LogInit: Version: 4.12.5-3039270+++UE4+Release-4.12
LogInit: API Version: 2992821
LogInit: Net Version: 3039270
LogDevObjectVersion: Number of dev versions registered: 13
LogDevObjectVersion:   Dev-Blueprints (B0D832E4-1F89-4F0D-ACCF-7EB736FD4AA2): 3
LogDevObjectVersion:   Dev-Build (E1C64328-A22C-4D53-A36C-8E866417BD8C): 0
LogDevObjectVersion:   Dev-Core (375EC13C-06E4-48FB-B500-84F0262A717E): 1
LogDevObjectVersion:   Dev-Editor (E4B068ED-F494-42E9-A231-DA0B2E46BB41): 2
LogDevObjectVersion:   Dev-Framework (CFFC743F-43B0-4480-9391-14DF171D2073): 6
LogDevObjectVersion:   Dev-Mobile (B02B49B5-BB20-44E9-A304-32B752E40360): 0
LogDevObjectVersion:   Dev-Networking (A4E4105C-59A1-49B5-A7C5-40C4547EDFEE): 0
LogDevObjectVersion:   Dev-Online (39C831C9-5AE6-47DC-9A44-9C173E1C8E7C): 0
LogDevObjectVersion:   Dev-Physics (78F01B33-EBEA-4F98-B9B4-84EACCB95AA2): 0
LogDevObjectVersion:   Dev-Platform (6631380F-2D4D-43E0-8009-CF276956A95A): 0
LogDevObjectVersion:   Dev-Rendering (12F88B9F-8875-4AFC-A67C-D90C383ABD29): 2
LogDevObjectVersion:   Dev-Sequencer (7B5AE74C-D270-4C10-A958-57980B212A5A): 0
LogDevObjectVersion:   Dev-VR (D7296918-1DD6-4BDD-9DE2-64A83CC13884): 0
LogInit: Compiled (64-bit): Jul  6 2016 09:09:46
LogInit: Compiled with Visual C++: 19.00.23026.00
LogInit: Build Configuration: Development
LogInit: Branch Name: ++UE4+Release-4.12
LogInit: Command line:  /Temp/Autosaves/Game/Maps/UEDPCGrand_Cafeteria -game -PIEVIACONSOLE -ResX=1280 -ResY=720  -Multiprocess -windowed -messaging -SessionName="Play in Standalone Game" 
LogInit: Base directory: E:/New folder/Paragon/UE_4.12/Engine/Binaries/Win64/
LogInit: Installed Engine Build: 1
LogInit: Using libcurl 7.41.0
LogInit:  - built for x86_64-pc-win32
LogInit:  - supports SSL with WinSSL
LogInit:  - other features:
LogInit:      CURL_VERSION_SSL
LogInit:      CURL_VERSION_IPV6
LogInit:      CURL_VERSION_ASYNCHDNS
LogInit:      CURL_VERSION_LARGEFILE
LogInit:      CURL_VERSION_IDN
LogInit:  CurlRequestOptions (configurable via config and command line):
LogInit:  - bVerifyPeer = true  - Libcurl will verify peer certificate
LogInit:  - bUseHttpProxy = false  - Libcurl will NOT use HTTP proxy
LogInit:  - bDontReuseConnections = false  - Libcurl will reuse connections
LogInit:  - CertBundlePath = nullptr  - Libcurl will use whatever was configured at build time.
LogInit: Presizing for max 8388607 objects, including 0 objects not considered by GC, pre-allocating 0 bytes for permanent pool.
LogInit: Object subsystem initialized
[2017.05.02-23.25.14:607][  0]LogInit: Selected Device Profile: [Windows]
[2017.05.02-23.25.14:607][  0]LogInit: Applying CVar settings loaded from the selected device profile: [Windows]
[2017.05.02-23.25.14:610][  0]LogInit: Computer: DESKTOP-JAT82AM
[2017.05.02-23.25.14:610][  0]LogInit: User: Alex
[2017.05.02-23.25.14:610][  0]LogInit: CPU Page size=65536, Cores=4
[2017.05.02-23.25.14:610][  0]LogInit: High frequency timer resolution =3.906245 MHz
[2017.05.02-23.25.14:611][  0]LogMemory: Memory total: Physical=15.9GB (16GB approx)
[2017.05.02-23.25.14:611][  0]LogMemory: Platform Memory Stats for Windows
[2017.05.02-23.25.14:611][  0]LogMemory: Process Physical Memory: 191.71 MB used, 191.71 MB peak
[2017.05.02-23.25.14:611][  0]LogMemory: Process Virtual Memory: 195.43 MB used, 195.43 MB peak
[2017.05.02-23.25.14:611][  0]LogMemory: Physical Memory: 7047.19 MB used, 16332.62 MB total
[2017.05.02-23.25.14:611][  0]LogMemory: Virtual Memory: 573.63 MB used, 134217728.00 MB total
[2017.05.02-23.25.14:634][  0]LogTextLocalizationManager: No specific translations for ('en-US') exist, so ('en') translations will be used.
[2017.05.02-23.25.14:937][  0]LogD3D11RHI: D3D11 adapters:
[2017.05.02-23.25.14:954][  0]LogD3D11RHI:    0. 'AMD Radeon R9 200 Series' (Feature Level 11_0)
[2017.05.02-23.25.14:954][  0]LogD3D11RHI:       4073/0/8166 MB DedicatedVideo/DedicatedSystem/SharedSystem, Outputs:1, VendorId:0x1002
[2017.05.02-23.25.14:955][  0]LogD3D11RHI:    1. 'Microsoft Basic Render Driver' (Feature Level 11_0)
[2017.05.02-23.25.14:955][  0]LogD3D11RHI:       0/0/8166 MB DedicatedVideo/DedicatedSystem/SharedSystem, Outputs:0, VendorId:0x1414
[2017.05.02-23.25.14:955][  0]LogD3D11RHI: Chosen D3D11 Adapter: 0
[2017.05.02-23.25.14:959][  0]LogD3D11RHI: Creating new Direct3DDevice
[2017.05.02-23.25.14:959][  0]LogD3D11RHI:     GPU DeviceId: 0x67b0 (for the marketing name, search the web for "GPU Device Id")
[2017.05.02-23.25.14:959][  0]LogWindows: EnumDisplayDevices:
[2017.05.02-23.25.14:959][  0]LogWindows:    0. 'AMD Radeon R9 200 Series' (P:1 D:1)
[2017.05.02-23.25.14:959][  0]LogWindows:    1. 'AMD Radeon R9 200 Series' (P:0 D:0)
[2017.05.02-23.25.14:960][  0]LogWindows:    2. 'AMD Radeon R9 200 Series' (P:0 D:0)
[2017.05.02-23.25.14:960][  0]LogWindows:    3. 'AMD Radeon R9 200 Series' (P:0 D:0)
[2017.05.02-23.25.14:960][  0]LogWindows:    4. 'AMD Radeon R9 200 Series' (P:0 D:0)
[2017.05.02-23.25.14:960][  0]LogWindows:    5. 'AMD Radeon R9 200 Series' (P:0 D:0)
[2017.05.02-23.25.14:960][  0]LogWindows: DebugString: FoundDriverCount:6 
[2017.05.02-23.25.14:960][  0]LogD3D11RHI:     Adapter Name: AMD Radeon R9 200 Series
[2017.05.02-23.25.14:960][  0]LogD3D11RHI:   Driver Version: Crimson ReLive 17.1.1 (internal:21.19.411.0, unified:21.19.411.0)
[2017.05.02-23.25.14:960][  0]LogD3D11RHI:      Driver Date: 1-13-2017
[2017.05.02-23.25.14:960][  0]LogRHI: Texture pool is 1361 MB (70% of 1945 MB)
[2017.05.02-23.25.14:968][  0]LogD3D11RHI: Async texture creation disabled: no driver support
[2017.05.02-23.25.14:979][  0]LogD3D11RHI: GPU Timing Frequency: 27.000000 (Debug: 2 1)
[2017.05.02-23.25.14:980][  0]LogShaderCompilers: Guid format shader working directory is 7 characters bigger than the processId version (C:/Users/Alex/Desktop/Gith/CGT445/Game/Intermediate/Shaders/WorkingDirectory/9512/).
[2017.05.02-23.25.14:980][  0]LogShaderCompilers: Cleaned the shader compiler working directory 'C:/Users/Alex/AppData/Local/Temp/UnrealShaderWorkingDir/F3E474894890DA0F674B23A888DBF39C/'.
[2017.05.02-23.25.14:980][  0]LogShaderCompilers:Display: Using Local Shader Compiler.
[2017.05.02-23.25.15:699][  0]LogTemp:Display: Loaded TP WindowsClientTargetPlatform
[2017.05.02-23.25.15:709][  0]LogTemp:Display: Loaded TP WindowsNoEditorTargetPlatform
[2017.05.02-23.25.15:715][  0]LogTemp:Display: Loaded TP WindowsServerTargetPlatform
[2017.05.02-23.25.15:721][  0]LogTemp:Display: Loaded TP WindowsTargetPlatform
[2017.05.02-23.25.15:721][  0]LogTargetPlatformManager:Display: Building Assets For Windows
[2017.05.02-23.25.15:768][  0]LogDerivedDataCache:Display: Max Cache Size: 512 MB
[2017.05.02-23.25.15:810][  0]LogDerivedDataCache: Loaded boot cache 0.04s 48MB C:/Users/Alex/AppData/Local/UnrealEngine/4.12/DerivedDataCache/Boot.ddc.
[2017.05.02-23.25.15:810][  0]LogDerivedDataCache:Display: Loaded Boot cache: C:/Users/Alex/AppData/Local/UnrealEngine/4.12/DerivedDataCache/Boot.ddc
[2017.05.02-23.25.15:810][  0]LogDerivedDataCache: FDerivedDataBackendGraph:  Pak pak cache file C:/Users/Alex/Desktop/Gith/CGT445/Game/DerivedDataCache/DDC.ddp not found, will not use a pak cache.
[2017.05.02-23.25.15:810][  0]LogDerivedDataCache: Unable to find inner node Pak for hierarchical cache Hierarchy.
[2017.05.02-23.25.15:810][  0]LogDerivedDataCache: FDerivedDataBackendGraph:  CompressedPak pak cache file C:/Users/Alex/Desktop/Gith/CGT445/Game/DerivedDataCache/Compressed.ddp not found, will not use a pak cache.
[2017.05.02-23.25.15:810][  0]LogDerivedDataCache: Unable to find inner node CompressedPak for hierarchical cache Hierarchy.
[2017.05.02-23.25.15:823][  0]LogDerivedDataCache:Display: Pak cache opened for reading ../../../Engine/DerivedDataCache/Compressed.ddp.
[2017.05.02-23.25.15:834][  0]LogDerivedDataCache: Using Local data cache path C:/Users/Alex/AppData/Local/UnrealEngine/Common/DerivedDataCache: Writable
[2017.05.02-23.25.15:974][  0]LogAssetRegistry: FAssetRegistry took 0.0000 seconds to start up
[2017.05.02-23.25.15:977][  0]LogPackageLocalizationCache: Processed 3 localized package path(s) for 2 prioritized culture(s) in 0.002973 seconds
[2017.05.02-23.25.15:980][  0]LogInit: Selected Device Profile: [Windows]
[2017.05.02-23.25.15:980][  0]LogContentStreaming: Texture pool size is 1000.00 MB
[2017.05.02-23.25.16:085][  0]LogMeshUtilities: No automatic mesh reduction module available
[2017.05.02-23.25.16:085][  0]LogMeshUtilities: No automatic mesh merging module available
[2017.05.02-23.25.16:085][  0]LogMeshUtilities: No distributed automatic mesh merging module available
[2017.05.02-23.25.16:259][  0]LogInit: WinSock: version 1.1 (2.2), MaxSocks=32767, MaxUdp=65467
[2017.05.02-23.25.16:355][  0]LogSlate: SlateFontCache - WITH_FREETYPE: 1, WITH_HARFBUZZ: 1
[2017.05.02-23.25.16:355][  0]LogSlate: SlateFontCache - WITH_FREETYPE: 1, WITH_HARFBUZZ: 1
[2017.05.02-23.25.16:408][  0]LogMoviePlayer: Initializing movie player
[2017.05.02-23.25.16:470][  0]LogWindowsMoviePlayer: Unable to load movie: C:/Users/Alex/Desktop/Gith/CGT445/Game/Content/Movies/Default_Startup.mp4
[2017.05.02-23.25.16:559][  0]LogUdpMessaging: Initializing bridge on interface 0.0.0.0:0 to multicast group 230.0.0.1:6666.
[2017.05.02-23.25.16:667][  0]SourceControl: Info Source control is disabled
[2017.05.02-23.25.16:667][  0]SourceControl: Info Source control is disabled
[2017.05.02-23.25.16:686][  0]SourceControl: Info Source control is disabled
[2017.05.02-23.25.16:800][  0]LogUObjectArray: 30985 objects as part of root set at end of initial load.
[2017.05.02-23.25.16:800][  0]LogUObjectAllocator: 6717240 out of 0 bytes used by permanent object pool.
[2017.05.02-23.25.16:800][  0]LogUObjectArray: CloseDisregardForGC: 0/0 objects in disregard for GC pool
[2017.05.02-23.25.16:876][  0]LogEngine: Initializing Engine...
[2017.05.02-23.25.16:877][  0]LogHMD: SteamVR failed to initialize.  Err: 110
[2017.05.02-23.25.16:877][  0]LogHMD: SteamVR failed to initialize.  Err: 110
[2017.05.02-23.25.16:977][  0]LogInit: XAudio2 using 'Speakers (Realtek High Definition Audio)' : 2 channels at 48 kHz using 32 bits per sample (channel mask 0x3)
[2017.05.02-23.25.16:986][  0]LogInit: FAudioDevice initialized.
[2017.05.02-23.25.16:991][  0]LogInit: Texture streaming: Enabled
[2017.05.02-23.25.17:049][  0]LogNet: Browse: /Temp/Autosaves/Game/Maps/UEDPCGrand_Cafeteria?Name=Player
[2017.05.02-23.25.17:049][  0]LogLoad: LoadMap: /Temp/Autosaves/Game/Maps/UEDPCGrand_Cafeteria?Name=Player
[2017.05.02-23.25.17:063][  0]LogMemory: Platform Memory Stats for Windows
[2017.05.02-23.25.17:063][  0]LogMemory: Process Physical Memory: 521.45 MB used, 551.08 MB peak
[2017.05.02-23.25.17:063][  0]LogMemory: Process Virtual Memory: 606.41 MB used, 606.42 MB peak
[2017.05.02-23.25.17:063][  0]LogMemory: Physical Memory: 7330.56 MB used, 16332.62 MB total
[2017.05.02-23.25.17:063][  0]LogMemory: Virtual Memory: 1224.62 MB used, 134217728.00 MB total
[2017.05.02-23.25.17:063][  0]LogMemory: 
[2017.05.02-23.25.17:063][  0]Allocator Stats for TBB: (not implemented)
[2017.05.02-23.25.18:095][  0]LogAIModule: Creating AISystem for world Grand_Cafeteria
[2017.05.02-23.25.18:095][  0]LogWorld: Game class is 'FoodFightersGM_C'
[2017.05.02-23.25.18:111][  0]LogWorld: Bringing World /Temp/Autosaves/Game/Maps/UEDPCGrand_Cafeteria.Grand_Cafeteria up for play (max tick rate 0) at 2017.05.02-19.25.18
[2017.05.02-23.25.18:112][  0]LogWorld: Bringing up level for play took: 0.015929
[2017.05.02-23.25.18:114][  0]LogBlueprintUserMessages: [FoodFightersGM_C_0] Event Begin Play
[2017.05.02-23.25.18:114][  0]LogPlayerManagement:Error: Failed to Create Player: A local player already exists for controller ID 0,
[2017.05.02-23.25.18:117][  0]LogBlueprintUserMessages: [FoodFightersGM_C_0] Sequence 0
[2017.05.02-23.25.18:117][  0]LogBlueprintUserMessages: [FoodFightersGM_C_0] Sequence 1
[2017.05.02-23.25.18:120][  0]LogBlueprintUserMessages: [FoodFightersGM_C_0] Sequence 2
[2017.05.02-23.25.18:120][  0]LogBlueprintUserMessages: [FoodFightersGM_C_0] Sequence 3
[2017.05.02-23.25.18:120][  0]LogBlueprintUserMessages: [FoodFightersGM_C_0] Ammo Spawning Timer Is Valid
[2017.05.02-23.25.18:121][  0]LogLoad: Took 1.071208 seconds to LoadMap(/Temp/Autosaves/Game/Maps/UEDPCGrand_Cafeteria)
[2017.05.02-23.25.18:121][  0]LogInit:Display: Game Engine Initialized.
[2017.05.02-23.25.18:356][  0]LogLoad: Full Startup: 6.11 seconds (BP compile: 0.27 seconds)
[2017.05.02-23.25.18:356][  0]LogExternalProfiler: No external profilers were discovered.  External profiling features will not be available.
[2017.05.02-23.25.18:373][  0]LogWindowsTextInputMethodSystem:Display: IME system now deactivated.
[2017.05.02-23.25.18:373][  0]LogOcInput: OculusInput pre-init called
[2017.05.02-23.25.18:490][  2]LogRenderer: Reallocating scene render targets to support 1280x720 (Frame:2).
[2017.05.02-23.25.23:636][265]LogBlueprintUserMessages: [FoodFightersGM_C_0] Spawning 2D Sound
[2017.05.02-23.25.32:344][701]LogScriptCore:Warning: Attempted to get an item from array ammoPickupTypes out of bounds [3/2]!

[2017.05.02-23.25.32:344][701]LogScript:Warning: UGameplayStatics::BeginSpawningActorFromClass: can not spawn an actor from a NULL class
[2017.05.02-23.25.35:957][883]LogWindowsTextInputMethodSystem:Display: IME system now deactivated.
[2017.05.02-23.25.35:959][883]LogEngine: All Windows Closed
[2017.05.02-23.25.35:959][883]LogWindows: FPlatformMisc::RequestExit(0)
[2017.05.02-23.25.35:959][884]LogMoviePlayer: Shutting down movie player
[2017.05.02-23.25.36:889][884]LogExit: Preparing to exit.
[2017.05.02-23.25.37:727][884]LogExit: Game engine shut down
[2017.05.02-23.25.37:850][884]LogObj: Freed 0b from 0 cluster array pools.
[2017.05.02-23.25.37:850][884]LogExit: Object subsystem successfully closed.
[2017.05.02-23.25.37:863][884]LogD3D11RHI: Shutdown
[2017.05.02-23.25.37:863][884]LogD3D11RHI: CleanupD3DDevice
[2017.05.02-23.25.37:998][884]LogD3D11RHI: ~FD3D11DynamicRHI
[2017.05.02-23.25.38:002][884]LogModuleManager: Shutting down and abandoning module SequenceRecorderSections (112)
[2017.05.02-23.25.38:002][884]LogModuleManager: Shutting down and abandoning module SequenceRecorder (111)
[2017.05.02-23.25.38:002][884]LogModuleManager: Shutting down and abandoning module AutomationController (110)
[2017.05.02-23.25.38:002][884]LogModuleManager: Shutting down and abandoning module AutomationWorker (109)
[2017.05.02-23.25.38:002][884]LogModuleManager: Shutting down and abandoning module CharacterAI (108)
[2017.05.02-23.25.38:002][884]LogModuleManager: Shutting down and abandoning module SessionServices (107)
[2017.05.02-23.25.38:002][884]LogModuleManager: Shutting down and abandoning module GameplayDebugger (106)
[2017.05.02-23.25.38:002][884]LogModuleManager: Shutting down and abandoning module AITestSuite (105)
[2017.05.02-23.25.38:002][884]LogModuleManager: Shutting down and abandoning module AIModule (104)
[2017.05.02-23.25.38:002][884]LogModuleManager: Shutting down and abandoning module MovieSceneCapture (103)
[2017.05.02-23.25.38:002][884]LogModuleManager: Shutting down and abandoning module StreamingPauseRendering (102)
[2017.05.02-23.25.38:002][884]LogModuleManager: Shutting down and abandoning module PortalServices (101)
[2017.05.02-23.25.38:002][884]LogModuleManager: Shutting down and abandoning module PortalRpc (100)
[2017.05.02-23.25.38:002][884]LogModuleManager: Shutting down and abandoning module MessagingRpc (99)
[2017.05.02-23.25.38:002][884]LogModuleManager: Shutting down and abandoning module ProfilerService (98)
[2017.05.02-23.25.38:084][884]LogModuleManager: Shutting down and abandoning module TaskGraph (97)
[2017.05.02-23.25.38:084][884]LogModuleManager: Shutting down and abandoning module SlateRemote (96)
[2017.05.02-23.25.38:084][884]LogModuleManager: Shutting down and abandoning module SteamVRController (95)
[2017.05.02-23.25.38:084][884]LogModuleManager: Shutting down and abandoning module SteamVR (94)
[2017.05.02-23.25.38:084][884]LogModuleManager: Shutting down and abandoning module ProceduralMeshComponent (93)
[2017.05.02-23.25.38:084][884]LogModuleManager: Shutting down and abandoning module OculusLibrary (92)
[2017.05.02-23.25.38:084][884]LogModuleManager: Shutting down and abandoning module OculusInput (91)
[2017.05.02-23.25.38:084][884]LogModuleManager: Shutting down and abandoning module CustomMeshComponent (90)
[2017.05.02-23.25.38:084][884]LogModuleManager: Shutting down and abandoning module CableComponent (89)
[2017.05.02-23.25.38:084][884]LogModuleManager: Shutting down and abandoning module ArchVisCharacter (88)
[2017.05.02-23.25.38:084][884]LogModuleManager: Shutting down and abandoning module HTML5Networking (87)
[2017.05.02-23.25.38:084][884]LogModuleManager: Shutting down and abandoning module DesktopPlatform (86)
[2017.05.02-23.25.38:084][884]LogModuleManager: Shutting down and abandoning module DirectoryWatcher (85)
[2017.05.02-23.25.38:084][884]LogModuleManager: Shutting down and abandoning module HotReload (84)
[2017.05.02-23.25.38:084][884]LogModuleManager: Shutting down and abandoning module VisualStudioSourceCodeAccess (83)
[2017.05.02-23.25.38:084][884]LogModuleManager: Shutting down and abandoning module UObjectPlugin (82)
[2017.05.02-23.25.38:084][884]LogModuleManager: Shutting down and abandoning module SubversionSourceControl (81)
[2017.05.02-23.25.38:084][884]LogModuleManager: Shutting down and abandoning module SourceControl (80)
[2017.05.02-23.25.38:084][884]LogModuleManager: Shutting down and abandoning module PerforceSourceControl (79)
[2017.05.02-23.25.38:084][884]LogModuleManager: Shutting down and abandoning module UdpMessaging (78)
[2017.05.02-23.25.38:185][884]LogModuleManager: Shutting down and abandoning module LightPropagationVolumeRuntime (77)
[2017.05.02-23.25.38:185][884]LogModuleManager: Shutting down and abandoning module Paper2D (76)
[2017.05.02-23.25.38:185][884]LogModuleManager: Shutting down and abandoning module WindowsMoviePlayer (75)
[2017.05.02-23.25.38:185][884]LogModuleManager: Shutting down and abandoning module Media (74)
[2017.05.02-23.25.38:185][884]LogModuleManager: Shutting down and abandoning module WmfMedia (73)
[2017.05.02-23.25.38:185][884]LogModuleManager: Shutting down and abandoning module MediaAssets (72)
[2017.05.02-23.25.38:185][884]LogModuleManager: Shutting down and abandoning module GameLiveStreaming (71)
[2017.05.02-23.25.38:185][884]LogModuleManager: Shutting down and abandoning module GameplayTagsEditor (70)
[2017.05.02-23.25.38:185][884]LogModuleManager: Shutting down and abandoning module OnlineBlueprintSupport (69)
[2017.05.02-23.25.38:185][884]LogModuleManager: Shutting down and abandoning module VREditor (68)
[2017.05.02-23.25.38:185][884]LogModuleManager: Shutting down and abandoning module GameplayTasksEditor (67)
[2017.05.02-23.25.38:185][884]LogModuleManager: Shutting down and abandoning module PropertyEditor (66)
[2017.05.02-23.25.38:185][884]LogModuleManager: Shutting down and abandoning module BehaviorTreeEditor (65)
[2017.05.02-23.25.38:185][884]LogModuleManager: Shutting down and abandoning module FunctionalTesting (64)
[2017.05.02-23.25.38:185][884]LogModuleManager: Shutting down and abandoning module CollisionAnalyzer (63)
[2017.05.02-23.25.38:185][884]LogModuleManager: Shutting down and abandoning module Sequencer (62)
[2017.05.02-23.25.38:185][884]LogModuleManager: Shutting down and abandoning module WorkspaceMenuStructure (61)
[2017.05.02-23.25.38:185][884]LogModuleManager: Shutting down and abandoning module MessageLog (60)
[2017.05.02-23.25.38:185][884]LogModuleManager: Shutting down and abandoning module AssetTools (59)
[2017.05.02-23.25.38:185][884]LogModuleManager: Shutting down and abandoning module UMGEditor (58)
[2017.05.02-23.25.38:185][884]LogModuleManager: Shutting down and abandoning module UMG (57)
[2017.05.02-23.25.38:185][884]LogModuleManager: Shutting down and abandoning module SlateReflector (56)
[2017.05.02-23.25.38:185][884]LogModuleManager: Shutting down and abandoning module Slate (55)
[2017.05.02-23.25.38:185][884]LogModuleManager: Shutting down and abandoning module EditorStyle (54)
[2017.05.02-23.25.38:186][884]LogModuleManager: Shutting down and abandoning module Messaging (53)
[2017.05.02-23.25.38:186][884]LogModuleManager: Shutting down and abandoning module SourceCodeAccess (52)
[2017.05.02-23.25.38:186][884]LogModuleManager: Shutting down and abandoning module HeadMountedDisplay (51)
[2017.05.02-23.25.38:186][884]LogModuleManager: Shutting down and abandoning module XAudio2 (50)
[2017.05.02-23.25.38:186][884]LogModuleManager: Shutting down and abandoning module Networking (48)
[2017.05.02-23.25.38:186][884]LogModuleManager: Shutting down and abandoning module Core (47)
[2017.05.02-23.25.38:186][884]LogModuleManager: Shutting down and abandoning module KismetCompiler (46)
[2017.05.02-23.25.38:186][884]LogModuleManager: Shutting down and abandoning module PhysXFormats (45)
[2017.05.02-23.25.38:186][884]LogModuleManager: Shutting down and abandoning module MeshUtilities (44)
[2017.05.02-23.25.38:186][884]LogModuleManager: Shutting down and abandoning module AssetRegistry (43)
[2017.05.02-23.25.38:186][884]LogModuleManager: Shutting down and abandoning module DerivedDataCache (42)
[2017.05.02-23.25.38:347][884]LogDerivedDataCache: Shutdown
[2017.05.02-23.25.38:347][884]LogModuleManager: Shutting down and abandoning module VulkanShaderFormat (41)
[2017.05.02-23.25.38:347][884]LogModuleManager: Shutting down and abandoning module ShaderFormatOpenGL (40)
[2017.05.02-23.25.38:347][884]LogModuleManager: Shutting down and abandoning module ShaderFormatD3D (39)
[2017.05.02-23.25.38:347][884]LogModuleManager: Shutting down and abandoning module MetalShaderFormat (38)
[2017.05.02-23.25.38:347][884]LogModuleManager: Shutting down and abandoning module TextureFormatUncompressed (37)
[2017.05.02-23.25.38:347][884]LogModuleManager: Shutting down and abandoning module TextureFormatPVR (36)
[2017.05.02-23.25.38:347][884]LogModuleManager: Shutting down and abandoning module TextureFormatIntelISPCTexComp (35)
[2017.05.02-23.25.38:347][884]LogModuleManager: Shutting down and abandoning module TextureFormatDXT (34)
[2017.05.02-23.25.38:347][884]LogModuleManager: Shutting down and abandoning module ImageWrapper (33)
[2017.05.02-23.25.38:347][884]LogModuleManager: Shutting down and abandoning module TextureFormatASTC (32)
[2017.05.02-23.25.38:347][884]LogModuleManager: Shutting down and abandoning module TextureFormatAndroid (31)
[2017.05.02-23.25.38:347][884]LogModuleManager: Shutting down and abandoning module AudioFormatOpus (30)
[2017.05.02-23.25.38:347][884]LogModuleManager: Shutting down and abandoning module AudioFormatOgg (29)
[2017.05.02-23.25.38:347][884]LogModuleManager: Shutting down and abandoning module AudioFormatADPCM (28)
[2017.05.02-23.25.38:347][884]LogModuleManager: Shutting down and abandoning module WindowsTargetPlatform (27)
[2017.05.02-23.25.38:347][884]LogModuleManager: Shutting down and abandoning module WindowsServerTargetPlatform (26)
[2017.05.02-23.25.38:347][884]LogModuleManager: Shutting down and abandoning module WindowsNoEditorTargetPlatform (25)
[2017.05.02-23.25.38:347][884]LogModuleManager: Shutting down and abandoning module WindowsClientTargetPlatform (24)
[2017.05.02-23.25.38:347][884]LogModuleManager: Shutting down and abandoning module TargetPlatform (23)
[2017.05.02-23.25.38:347][884]LogModuleManager: Shutting down and abandoning module InputCore (22)
[2017.05.02-23.25.38:347][884]LogModuleManager: Shutting down and abandoning module Settings (21)
[2017.05.02-23.25.38:347][884]LogModuleManager: Shutting down and abandoning module OnlineSubsystem (19)
[2017.05.02-23.25.38:347][884]LogModuleManager: Shutting down and abandoning module HTTP (18)
[2017.05.02-23.25.38:347][884]LogModuleManager: Shutting down and abandoning module XMPP (17)
[2017.05.02-23.25.38:347][884]LogModuleManager: Shutting down and abandoning module OculusRift (16)
[2017.05.02-23.25.38:347][884]LogModuleManager: Shutting down and abandoning module ExampleDeviceProfileSelector (15)
[2017.05.02-23.25.38:347][884]LogModuleManager: Shutting down and abandoning module TextureCompressor (14)
[2017.05.02-23.25.38:347][884]LogModuleManager: Shutting down and abandoning module ShaderCore (13)
[2017.05.02-23.25.38:348][884]LogModuleManager: Shutting down and abandoning module Landscape (12)
[2017.05.02-23.25.38:348][884]LogModuleManager: Shutting down and abandoning module SlateRHIRenderer (11)
[2017.05.02-23.25.38:348][884]LogModuleManager: Shutting down and abandoning module OpenGLDrv (10)
[2017.05.02-23.25.38:348][884]LogModuleManager: Shutting down and abandoning module D3D11RHI (9)
[2017.05.02-23.25.38:348][884]LogModuleManager: Shutting down and abandoning module AnimGraphRuntime (8)
[2017.05.02-23.25.38:348][884]LogModuleManager: Shutting down and abandoning module Renderer (7)
[2017.05.02-23.25.38:348][884]LogModuleManager: Shutting down and abandoning module Engine (6)
[2017.05.02-23.25.38:348][884]LogModuleManager: Shutting down and abandoning module CoreUObject (5)
[2017.05.02-23.25.38:348][884]LogModuleManager: Shutting down and abandoning module NetworkFile (4)
[2017.05.02-23.25.38:348][884]LogModuleManager: Shutting down and abandoning module StreamingFile (3)
[2017.05.02-23.25.38:348][884]LogModuleManager: Shutting down and abandoning module SandboxFile (2)
[2017.05.02-23.25.38:348][884]LogModuleManager: Shutting down and abandoning module PakFile (1)
[2017.05.02-23.25.38:349][884]LogExit: Exiting.
[2017.05.02-23.25.38:350][884]Log file closed, 05/02/17 19:25:38
