Log file open, 03/09/17 16:25:42
LogInit:Display: Running engine for game: Game
LogPlatformFile: Not using cached read wrapper
LogInit:Display: RandInit(-224729947) SRandInit(-224729944).
LogTaskGraph: Started task graph with 4 named threads and 7 total threads with 1 sets of task threads.
LogStats: Stats thread started at 0.152027
LogInit: Version: 4.12.5-3039270+++UE4+Release-4.12
LogInit: API Version: 2992821
LogInit: Net Version: 3039270
LogDevObjectVersion: Number of dev versions registered: 13
LogDevObjectVersion:   Dev-Blueprints (B0D832E4-1F89-4F0D-ACCF-7EB736FD4AA2): 3
LogDevObjectVersion:   Dev-Build (E1C64328-A22C-4D53-A36C-8E866417BD8C): 0
LogDevObjectVersion:   Dev-Core (375EC13C-06E4-48FB-B500-84F0262A717E): 1
LogDevObjectVersion:   Dev-Editor (E4B068ED-F494-42E9-A231-DA0B2E46BB41): 2
LogDevObjectVersion:   Dev-Framework (CFFC743F-43B0-4480-9391-14DF171D2073): 6
LogDevObjectVersion:   Dev-Mobile (B02B49B5-BB20-44E9-A304-32B752E40360): 0
LogDevObjectVersion:   Dev-Networking (A4E4105C-59A1-49B5-A7C5-40C4547EDFEE): 0
LogDevObjectVersion:   Dev-Online (39C831C9-5AE6-47DC-9A44-9C173E1C8E7C): 0
LogDevObjectVersion:   Dev-Physics (78F01B33-EBEA-4F98-B9B4-84EACCB95AA2): 0
LogDevObjectVersion:   Dev-Platform (6631380F-2D4D-43E0-8009-CF276956A95A): 0
LogDevObjectVersion:   Dev-Rendering (12F88B9F-8875-4AFC-A67C-D90C383ABD29): 2
LogDevObjectVersion:   Dev-Sequencer (7B5AE74C-D270-4C10-A958-57980B212A5A): 0
LogDevObjectVersion:   Dev-VR (D7296918-1DD6-4BDD-9DE2-64A83CC13884): 0
LogInit: Compiled (64-bit): Jul  6 2016 09:09:46
LogInit: Compiled with Visual C++: 19.00.23026.00
LogInit: Build Configuration: Development
LogInit: Branch Name: ++UE4+Release-4.12
LogInit: Command line:  
LogInit: Base directory: E:/New folder/Paragon/UE_4.12/Engine/Binaries/Win64/
LogInit: Installed Engine Build: 1
LogInit: Using libcurl 7.41.0
LogInit:  - built for x86_64-pc-win32
LogInit:  - supports SSL with WinSSL
LogInit:  - other features:
LogInit:      CURL_VERSION_SSL
LogInit:      CURL_VERSION_IPV6
LogInit:      CURL_VERSION_ASYNCHDNS
LogInit:      CURL_VERSION_LARGEFILE
LogInit:      CURL_VERSION_IDN
LogInit:  CurlRequestOptions (configurable via config and command line):
LogInit:  - bVerifyPeer = true  - Libcurl will verify peer certificate
LogInit:  - bUseHttpProxy = false  - Libcurl will NOT use HTTP proxy
LogInit:  - bDontReuseConnections = false  - Libcurl will reuse connections
LogInit:  - CertBundlePath = nullptr  - Libcurl will use whatever was configured at build time.
LogInit: Presizing for max 8388607 objects, including 0 objects not considered by GC, pre-allocating 0 bytes for permanent pool.
LogInit: Object subsystem initialized
[2017.03.09-21.25.43:209][  0]LogInit: Selected Device Profile: [Windows]
[2017.03.09-21.25.43:209][  0]LogInit: Applying CVar settings loaded from the selected device profile: [Windows]
[2017.03.09-21.25.43:362][  0]LogInit: Computer: DESKTOP-JAT82AM
[2017.03.09-21.25.43:362][  0]LogInit: User: Alex
[2017.03.09-21.25.43:362][  0]LogInit: CPU Page size=65536, Cores=4
[2017.03.09-21.25.43:362][  0]LogInit: High frequency timer resolution =3.906244 MHz
[2017.03.09-21.25.43:371][  0]LogMemory: Memory total: Physical=15.9GB (16GB approx)
[2017.03.09-21.25.43:374][  0]LogMemory: Platform Memory Stats for Windows
[2017.03.09-21.25.43:374][  0]LogMemory: Process Physical Memory: 192.17 MB used, 192.17 MB peak
[2017.03.09-21.25.43:374][  0]LogMemory: Process Virtual Memory: 195.38 MB used, 195.38 MB peak
[2017.03.09-21.25.43:374][  0]LogMemory: Physical Memory: 6126.47 MB used, 16332.62 MB total
[2017.03.09-21.25.43:374][  0]LogMemory: Virtual Memory: 581.32 MB used, 134217728.00 MB total
[2017.03.09-21.25.44:615][  0]LogTextLocalizationManager: No specific translations for ('en-US') exist, so ('en') translations will be used.
[2017.03.09-21.25.45:667][  0]LogD3D11RHI: D3D11 adapters:
[2017.03.09-21.25.45:737][  0]LogD3D11RHI:    0. 'AMD Radeon R9 200 Series' (Feature Level 11_0)
[2017.03.09-21.25.45:737][  0]LogD3D11RHI:       4073/0/8166 MB DedicatedVideo/DedicatedSystem/SharedSystem, Outputs:1, VendorId:0x1002
[2017.03.09-21.25.45:740][  0]LogD3D11RHI:    1. 'Microsoft Basic Render Driver' (Feature Level 11_0)
[2017.03.09-21.25.45:740][  0]LogD3D11RHI:       0/0/8166 MB DedicatedVideo/DedicatedSystem/SharedSystem, Outputs:0, VendorId:0x1414
[2017.03.09-21.25.45:740][  0]LogD3D11RHI: Chosen D3D11 Adapter: 0
[2017.03.09-21.25.45:772][  0]LogD3D11RHI: Creating new Direct3DDevice
[2017.03.09-21.25.45:772][  0]LogD3D11RHI:     GPU DeviceId: 0x67b0 (for the marketing name, search the web for "GPU Device Id")
[2017.03.09-21.25.45:772][  0]LogWindows: EnumDisplayDevices:
[2017.03.09-21.25.45:772][  0]LogWindows:    0. 'AMD Radeon R9 200 Series' (P:1 D:1)
[2017.03.09-21.25.45:772][  0]LogWindows:    1. 'AMD Radeon R9 200 Series' (P:0 D:0)
[2017.03.09-21.25.45:773][  0]LogWindows:    2. 'AMD Radeon R9 200 Series' (P:0 D:0)
[2017.03.09-21.25.45:773][  0]LogWindows:    3. 'AMD Radeon R9 200 Series' (P:0 D:0)
[2017.03.09-21.25.45:773][  0]LogWindows:    4. 'AMD Radeon R9 200 Series' (P:0 D:0)
[2017.03.09-21.25.45:774][  0]LogWindows:    5. 'AMD Radeon R9 200 Series' (P:0 D:0)
[2017.03.09-21.25.45:774][  0]LogWindows: DebugString: FoundDriverCount:6 
[2017.03.09-21.25.45:774][  0]LogD3D11RHI:     Adapter Name: AMD Radeon R9 200 Series
[2017.03.09-21.25.45:774][  0]LogD3D11RHI:   Driver Version: Crimson ReLive 17.1.1 (internal:21.19.411.0, unified:21.19.411.0)
[2017.03.09-21.25.45:774][  0]LogD3D11RHI:      Driver Date: 1-13-2017
[2017.03.09-21.25.45:774][  0]LogRHI: Texture pool is 1361 MB (70% of 1945 MB)
[2017.03.09-21.25.45:786][  0]LogD3D11RHI: Async texture creation disabled: no driver support
[2017.03.09-21.25.46:183][  0]LogD3D11RHI: GPU Timing Frequency: 27.000000 (Debug: 2 1)
[2017.03.09-21.25.46:257][  0]LogShaderCompilers: Guid format shader working directory is 6 characters bigger than the processId version (C:/Users/Alex/Desktop/Gith/CGT445/Game/Intermediate/Shaders/WorkingDirectory/14132/).
[2017.03.09-21.25.46:258][  0]LogShaderCompilers: Cleaned the shader compiler working directory 'C:/Users/Alex/AppData/Local/Temp/UnrealShaderWorkingDir/0144FE86439EC0998B0EDDAD81B87E09/'.
[2017.03.09-21.25.46:265][  0]LogShaderCompilers:Display: Using Local Shader Compiler.
[2017.03.09-21.25.50:572][  0]LogTemp:Display: Loaded TP AllDesktopTargetPlatform
[2017.03.09-21.25.50:587][  0]LogTemp:Display: Loaded TP WindowsClientTargetPlatform
[2017.03.09-21.25.50:602][  0]LogTemp:Display: Loaded TP WindowsNoEditorTargetPlatform
[2017.03.09-21.25.50:613][  0]LogTemp:Display: Loaded TP WindowsServerTargetPlatform
[2017.03.09-21.25.50:620][  0]LogTemp:Display: Loaded TP WindowsTargetPlatform
[2017.03.09-21.25.50:641][  0]LogTemp:Display: Loaded TP AndroidTargetPlatform
[2017.03.09-21.25.50:647][  0]LogTemp:Display: Loaded TP Android_ASTCTargetPlatform
[2017.03.09-21.25.50:654][  0]LogTemp:Display: Loaded TP Android_ATCTargetPlatform
[2017.03.09-21.25.50:671][  0]LogTemp:Display: Loaded TP Android_DXTTargetPlatform
[2017.03.09-21.25.50:676][  0]LogTemp:Display: Loaded TP Android_ETC1TargetPlatform
[2017.03.09-21.25.50:696][  0]LogTemp:Display: Loaded TP Android_ETC2TargetPlatform
[2017.03.09-21.25.50:715][  0]LogTemp:Display: Loaded TP Android_MultiTargetPlatform
[2017.03.09-21.25.50:715][  0]LogTemp:Display: Loaded TP Android_PVRTCTargetPlatform
[2017.03.09-21.25.50:717][  0]LogTemp:Display: Loaded TP HTML5TargetPlatform
[2017.03.09-21.25.50:809][  0]LogTemp:Display: Loaded TP IOSTargetPlatform
[2017.03.09-21.25.50:821][  0]LogTemp:Display: Loaded TP TVOSTargetPlatform
[2017.03.09-21.25.50:855][  0]LogTemp:Display: Loaded TP LinuxNoEditorTargetPlatform
[2017.03.09-21.25.50:887][  0]LogTemp:Display: Loaded TP LinuxServerTargetPlatform
[2017.03.09-21.25.50:974][  0]LogTemp:Display: Loaded TP LinuxTargetPlatform
[2017.03.09-21.25.50:974][  0]LogTargetPlatformManager:Display: Building Assets For Windows
[2017.03.09-21.25.52:153][  0]LogDerivedDataCache:Display: Max Cache Size: 512 MB
[2017.03.09-21.25.52:458][  0]LogDerivedDataCache: Loaded boot cache 0.30s 48MB C:/Users/Alex/AppData/Local/UnrealEngine/4.12/DerivedDataCache/Boot.ddc.
[2017.03.09-21.25.52:459][  0]LogDerivedDataCache:Display: Loaded Boot cache: C:/Users/Alex/AppData/Local/UnrealEngine/4.12/DerivedDataCache/Boot.ddc
[2017.03.09-21.25.52:460][  0]LogDerivedDataCache: FDerivedDataBackendGraph:  Pak pak cache file C:/Users/Alex/Desktop/Gith/CGT445/Game/DerivedDataCache/DDC.ddp not found, will not use a pak cache.
[2017.03.09-21.25.52:460][  0]LogDerivedDataCache: Unable to find inner node Pak for hierarchical cache Hierarchy.
[2017.03.09-21.25.52:460][  0]LogDerivedDataCache: FDerivedDataBackendGraph:  CompressedPak pak cache file C:/Users/Alex/Desktop/Gith/CGT445/Game/DerivedDataCache/Compressed.ddp not found, will not use a pak cache.
[2017.03.09-21.25.52:460][  0]LogDerivedDataCache: Unable to find inner node CompressedPak for hierarchical cache Hierarchy.
[2017.03.09-21.25.52:544][  0]LogDerivedDataCache:Display: Pak cache opened for reading ../../../Engine/DerivedDataCache/Compressed.ddp.
[2017.03.09-21.25.52:556][  0]LogDerivedDataCache: Using Local data cache path C:/Users/Alex/AppData/Local/UnrealEngine/Common/DerivedDataCache: Writable
[2017.03.09-21.26.04:065][  0]LogInit: Selected Device Profile: [Windows]
[2017.03.09-21.26.04:130][  0]LogContentStreaming: Texture pool size is 0.00 MB
[2017.03.09-21.26.06:872][  0]LogMeshUtilities: No automatic mesh reduction module available
[2017.03.09-21.26.06:872][  0]LogMeshUtilities: No automatic mesh merging module available
[2017.03.09-21.26.06:872][  0]LogMeshUtilities: No distributed automatic mesh merging module available
[2017.03.09-21.26.11:021][  0]LogAssetRegistry: FAssetRegistry took 0.0247 seconds to start up
[2017.03.09-21.26.11:390][  0]LogPackageLocalizationCache: Processed 3 localized package path(s) for 2 prioritized culture(s) in 0.094822 seconds
[2017.03.09-21.26.11:518][  0]LogUObjectArray: 28739 objects as part of root set at end of initial load.
[2017.03.09-21.26.11:518][  0]LogUObjectAllocator: 5855632 out of 0 bytes used by permanent object pool.
[2017.03.09-21.26.11:518][  0]LogUObjectArray: CloseDisregardForGC: 0/0 objects in disregard for GC pool
[2017.03.09-21.26.11:628][  0]LogInit: WinSock: version 1.1 (2.2), MaxSocks=32767, MaxUdp=65467
[2017.03.09-21.26.22:098][  0]LogSlate: SlateFontCache - WITH_FREETYPE: 1, WITH_HARFBUZZ: 1
[2017.03.09-21.26.22:117][  0]LogSlate: SlateFontCache - WITH_FREETYPE: 1, WITH_HARFBUZZ: 1
[2017.03.09-21.26.39:625][  0]LogUdpMessaging: Initializing bridge on interface 0.0.0.0:0 to multicast group 230.0.0.1:6666.
[2017.03.09-21.26.42:540][  0]SourceControl: Info Source control is disabled
[2017.03.09-21.26.42:542][  0]SourceControl: Info Source control is disabled
[2017.03.09-21.26.42:724][  0]SourceControl: Info Source control is disabled
[2017.03.09-21.26.42:863][  0]SourceControl: Info Source control is disabled
[2017.03.09-21.26.47:780][  0]LogEngine: Initializing Engine...
[2017.03.09-21.26.47:930][  0]LogHMD: SteamVR failed to initialize.  Err: 110
[2017.03.09-21.26.47:951][  0]LogHMD: SteamVR failed to initialize.  Err: 110
[2017.03.09-21.26.49:492][  0]LogAIModule: Creating AISystem for world NewWorld
[2017.03.09-21.26.50:097][  0]LogInit: XAudio2 using 'Speakers (Realtek High Definition Audio)' : 2 channels at 48 kHz using 32 bits per sample (channel mask 0x3)
[2017.03.09-21.26.50:132][  0]LogInit: FAudioDevice initialized.
[2017.03.09-21.26.50:177][  0]LogDerivedDataCache: Saved boot cache 0.04s 48MB C:/Users/Alex/AppData/Local/UnrealEngine/4.12/DerivedDataCache/Boot.ddc.
[2017.03.09-21.26.50:186][  0]LogInit: Texture streaming: Enabled
[2017.03.09-21.26.51:807][  0]LogInit: Transaction tracking system initialized
[2017.03.09-21.26.52:640][  0]BlueprintLog: New page: Editor Load
[2017.03.09-21.26.56:383][  0]LocalizationService: Info Localization service is disabled
[2017.03.09-21.26.58:333][  0]LogConsoleResponse:Display: 
[2017.03.09-21.27.00:579][  0]LogFileCache: Scanning file cache for directory 'C:/Users/Alex/Desktop/Gith/CGT445/Game/Content/' took 0.04s
[2017.03.09-21.27.00:579][  0]LogCook:Display: Max memory allowance for cook 8192mb
[2017.03.09-21.27.00:579][  0]LogCook:Display: Mobile HDR setting 1
[2017.03.09-21.27.03:922][  0]SourceControl: Info Source control is disabled
[2017.03.09-21.27.04:005][  0]Cmd: MAP LOAD FILE="C:/Users/Alex/Desktop/Gith/CGT445/Game/Content/FirstPersonBP/Maps/FirstPersonExampleMap.umap" TEMPLATE=0 SHOWPROGRESS=1 FEATURELEVEL=3
[2017.03.09-21.27.04:035][  0]LightingResults: New page: Lighting Build
[2017.03.09-21.27.04:422][  0]MapCheck: New page: Map Check
[2017.03.09-21.27.04:422][  0]LightingResults: New page: Lighting Build
[2017.03.09-21.27.07:290][  0]LogAIModule: Creating AISystem for world FirstPersonExampleMap
[2017.03.09-21.27.08:086][  0]LogEditorServer: Finished looking for orphan Actors (0.013 secs)
[2017.03.09-21.27.08:160][  0]Cmd: MAP CHECKDEP NOCLEARLOG
[2017.03.09-21.27.08:280][  0]MapCheck: Info Map check complete: 0 Error(s), 0 Warning(s), took 119.311ms to complete.
[2017.03.09-21.27.08:280][  0]LogFileHelpers: Loading map 'FirstPersonExampleMap' took 4.319
[2017.03.09-21.27.10:626][  0]LogCollectionManager: Loaded 0 collections in 0.014338 seconds
[2017.03.09-21.27.10:762][  0]LogFileCache: Scanning file cache for directory 'C:/Users/Alex/Desktop/Gith/CGT445/Game/Saved/Collections/' took 0.01s
[2017.03.09-21.27.10:762][  0]LogFileCache: Scanning file cache for directory 'C:/Users/Alex/Desktop/Gith/CGT445/Game/Content/Developers/Alex/Collections/' took 0.01s
[2017.03.09-21.27.10:762][  0]LogFileCache: Scanning file cache for directory 'C:/Users/Alex/Desktop/Gith/CGT445/Game/Content/Collections/' took 0.01s
[2017.03.09-21.27.10:762][  0]LogCollectionManager: Rebuilt the GUID cache for 0 collections in 0.000004 seconds
[2017.03.09-21.27.10:785][  0]LogContentBrowser: Native class hierarchy populated in 0.0220 seconds. Added 2047 classes and 369 folders.
[2017.03.09-21.27.10:884][  0]LogStats: UGameplayTagsManager::ConstructGameplayTagTree: Construct from data asset -  0.000 s
[2017.03.09-21.27.10:885][  0]LogStats: UGameplayTagsManager::ConstructGameplayTagTree: GameplayTagTreeChangedEvent.Broadcast -  0.000 s
[2017.03.09-21.27.10:888][  0]LogContentBrowser: Native class hierarchy updated for 'GameplayTags' in 0.0020 seconds. Added 12 classes and 0 folders.
[2017.03.09-21.27.10:940][  0]LogContentBrowser: Native class hierarchy updated for 'WidgetCarousel' in 0.0013 seconds. Added 0 classes and 0 folders.
[2017.03.09-21.27.12:324][  0]LogContentBrowser: Native class hierarchy updated for 'AddContentDialog' in 0.0003 seconds. Added 0 classes and 0 folders.
[2017.03.09-21.27.12:402][  0]LogContentBrowser: Native class hierarchy updated for 'SceneOutliner' in 0.0013 seconds. Added 1 classes and 2 folders.
[2017.03.09-21.27.13:366][  0]LogCrashTracker: Crashtracker disabled due to settings.
[2017.03.09-21.27.13:626][  0]LogUObjectGlobals:Warning: Failed to find object 'Class None.'
[2017.03.09-21.27.13:742][  0]LogContentBrowser: Native class hierarchy updated for 'HierarchicalLODOutliner' in 0.0008 seconds. Added 1 classes and 2 folders.
[2017.03.09-21.27.13:743][  0]LogLoad: Full Startup: 96.96 seconds (BP compile: 1.03 seconds)
[2017.03.09-21.27.13:743][  0]LogExternalProfiler: No external profilers were discovered.  External profiling features will not be available.
[2017.03.09-21.27.13:869][  0]LogOcInput: OculusInput pre-init called
[2017.03.09-21.27.14:520][  0]LogContentStreaming: Texture pool size now 1000 MB
[2017.03.09-21.27.16:555][  0]LogRenderer: Reallocating scene render targets to support 952x576 (Frame:2).
[2017.03.09-21.27.16:982][  1]LogFileCache: Retrieving MD5 hashes for directory 'C:/Users/Alex/Desktop/Gith/CGT445/Game/Content/' took 2.91s
[2017.03.09-21.27.17:637][  6]LogAssetRegistry: Asset discovery search completed in 66.6391 seconds
[2017.03.09-21.27.17:649][  6]LogCollectionManager: Rebuilt the object cache for 0 collections in 0.000000 seconds (found 0 objects)
[2017.03.09-21.27.17:667][  6]LogCollectionManager: Fixed up redirectors for 0 collections in 0.030135 seconds (updated 0 objects)
[2017.03.09-21.27.24:942][833]LogTexture:Display: Building textures: food_fight_by_lancer_idenoure (BGRA8)
[2017.03.09-21.27.25:919][833]LogContentBrowser: Native class hierarchy updated for 'BlueprintGraph' in 0.0026 seconds. Added 111 classes and 0 folders.
[2017.03.09-21.27.27:347][833]LogLinker:Warning: Can't find file '/Game/Blueprints/HUD.HUD'
[2017.03.09-21.28.03:656][972]LogBlueprintUserMessages: Early PlayInEditor Detection: Level '/Game/FirstPersonBP/Maps/FirstPersonExampleMap.FirstPersonExampleMap:PersistentLevel' has LevelScriptBlueprint '/Game/FirstPersonBP/Maps/FirstPersonExampleMap.FirstPersonExampleMap:PersistentLevel.FirstPersonExampleMap' with GeneratedClass '/Game/FirstPersonBP/Maps/FirstPersonExampleMap.FirstPersonExampleMap_C' with ClassGeneratedBy '/Game/FirstPersonBP/Maps/FirstPersonExampleMap.FirstPersonExampleMap:PersistentLevel.FirstPersonExampleMap'
[2017.03.09-21.28.03:657][972]LogPlayLevel: PlayLevel: No blueprints needed recompiling
[2017.03.09-21.28.03:843][972]PIE: New page: PIE session: FirstPersonExampleMap (Mar 9, 2017, 11:28:03 AM)
[2017.03.09-21.28.03:843][972]LogPlayLevel: Creating play world package: /Game/FirstPersonBP/Maps/UEDPIE_0_FirstPersonExampleMap
[2017.03.09-21.28.03:975][972]LogPlayLevel: PIE: StaticDuplicateObject took: (0.131701s)
[2017.03.09-21.28.03:977][972]LogAIModule: Creating AISystem for world FirstPersonExampleMap
[2017.03.09-21.28.03:988][972]LogPlayLevel: PIE: World Init took: (0.013140s)
[2017.03.09-21.28.04:005][972]LogPlayLevel: PIE: Created PIE world by copying editor world from /Game/FirstPersonBP/Maps/FirstPersonExampleMap.FirstPersonExampleMap to /Game/FirstPersonBP/Maps/UEDPIE_0_FirstPersonExampleMap.FirstPersonExampleMap (0.161375s)
[2017.03.09-21.28.04:333][972]LogInit: XAudio2 using 'Speakers (Realtek High Definition Audio)' : 2 channels at 48 kHz using 32 bits per sample (channel mask 0x3)
[2017.03.09-21.28.04:360][972]LogInit: FAudioDevice initialized.
[2017.03.09-21.28.04:596][972]LogWorld: Game class is 'FoodFightersGM_C'
[2017.03.09-21.28.04:751][972]LogWorld: Bringing World /Game/FirstPersonBP/Maps/UEDPIE_0_FirstPersonExampleMap.FirstPersonExampleMap up for play (max tick rate 0) at 2017.03.09-16.28.04
[2017.03.09-21.28.04:782][972]LogWorld: Bringing up level for play took: 0.054327
[2017.03.09-21.28.04:983][972]LogContentBrowser: Native class hierarchy updated for 'MovieSceneCapture' in 0.0020 seconds. Added 11 classes and 0 folders.
[2017.03.09-21.28.05:280][972]LogScript:Warning: Accessed None trying to read property My Character
	HUD_C /Engine/Transient.UnrealEdEngine_0:GameInstance_0.HUD_C_0
	Function /Game/Blueprints/UI/HUD.HUD_C:GetText_0:003D
[2017.03.09-21.28.05:280][972]PIE:Error: Error Blueprint Runtime Error: Accessed None trying to read property My Character from function: 'GetText_0' from node: Return Node in graph: GetText_0 in object: HUD with description: Accessed None trying to read property My Character
[2017.03.09-21.28.05:319][972]LogScript:Warning: Accessed None trying to read property My Character
	HUD_C /Engine/Transient.UnrealEdEngine_0:GameInstance_0.HUD_C_1
	Function /Game/Blueprints/UI/HUD.HUD_C:GetText_0:003D
[2017.03.09-21.28.05:319][972]PIE:Error: Error Blueprint Runtime Error: Accessed None trying to read property My Character from function: 'GetText_0' from node: Return Node in graph: GetText_0 in object: HUD with description: Accessed None trying to read property My Character
[2017.03.09-21.28.05:338][972]PIE: Info Play in editor start time for /Game/FirstPersonBP/Maps/UEDPIE_0_FirstPersonExampleMap 2.604
[2017.03.09-21.28.05:338][972]LogBlueprintUserMessages: Late PlayInEditor Detection: Level '/Game/FirstPersonBP/Maps/FirstPersonExampleMap.FirstPersonExampleMap:PersistentLevel' has LevelScriptBlueprint '/Game/FirstPersonBP/Maps/FirstPersonExampleMap.FirstPersonExampleMap:PersistentLevel.FirstPersonExampleMap' with GeneratedClass '/Game/FirstPersonBP/Maps/FirstPersonExampleMap.FirstPersonExampleMap_C' with ClassGeneratedBy '/Game/FirstPersonBP/Maps/FirstPersonExampleMap.FirstPersonExampleMap:PersistentLevel.FirstPersonExampleMap'
[2017.03.09-21.28.07:559][173]LogBlueprintUserMessages: Early EndPlayMap Detection: Level '/Game/FirstPersonBP/Maps/FirstPersonExampleMap.FirstPersonExampleMap:PersistentLevel' has LevelScriptBlueprint '/Game/FirstPersonBP/Maps/FirstPersonExampleMap.FirstPersonExampleMap:PersistentLevel.FirstPersonExampleMap' with GeneratedClass '/Game/FirstPersonBP/Maps/FirstPersonExampleMap.FirstPersonExampleMap_C' with ClassGeneratedBy '/Game/FirstPersonBP/Maps/FirstPersonExampleMap.FirstPersonExampleMap:PersistentLevel.FirstPersonExampleMap'
[2017.03.09-21.28.07:798][173]LogBlueprintUserMessages: Late EndPlayMap Detection: Level '/Game/FirstPersonBP/Maps/FirstPersonExampleMap.FirstPersonExampleMap:PersistentLevel' has LevelScriptBlueprint '/Game/FirstPersonBP/Maps/FirstPersonExampleMap.FirstPersonExampleMap:PersistentLevel.FirstPersonExampleMap' with GeneratedClass '/Game/FirstPersonBP/Maps/FirstPersonExampleMap.FirstPersonExampleMap_C' with ClassGeneratedBy '/Game/FirstPersonBP/Maps/FirstPersonExampleMap.FirstPersonExampleMap:PersistentLevel.FirstPersonExampleMap'
[2017.03.09-21.28.09:377][324]LogBlueprintUserMessages: Early PlayInEditor Detection: Level '/Game/FirstPersonBP/Maps/FirstPersonExampleMap.FirstPersonExampleMap:PersistentLevel' has LevelScriptBlueprint '/Game/FirstPersonBP/Maps/FirstPersonExampleMap.FirstPersonExampleMap:PersistentLevel.FirstPersonExampleMap' with GeneratedClass '/Game/FirstPersonBP/Maps/FirstPersonExampleMap.FirstPersonExampleMap_C' with ClassGeneratedBy '/Game/FirstPersonBP/Maps/FirstPersonExampleMap.FirstPersonExampleMap:PersistentLevel.FirstPersonExampleMap'
[2017.03.09-21.28.09:377][324]LogPlayLevel: PlayLevel: No blueprints needed recompiling
[2017.03.09-21.28.09:378][324]PIE: New page: PIE session: FirstPersonExampleMap (Mar 9, 2017, 11:28:09 AM)
[2017.03.09-21.28.09:378][324]LogPlayLevel: Creating play world package: /Game/FirstPersonBP/Maps/UEDPIE_0_FirstPersonExampleMap
[2017.03.09-21.28.09:429][324]LogPlayLevel: PIE: StaticDuplicateObject took: (0.050736s)
[2017.03.09-21.28.09:430][324]LogAIModule: Creating AISystem for world FirstPersonExampleMap
[2017.03.09-21.28.09:431][324]LogPlayLevel: PIE: World Init took: (0.001605s)
[2017.03.09-21.28.09:431][324]LogPlayLevel: PIE: Created PIE world by copying editor world from /Game/FirstPersonBP/Maps/FirstPersonExampleMap.FirstPersonExampleMap to /Game/FirstPersonBP/Maps/UEDPIE_0_FirstPersonExampleMap.FirstPersonExampleMap (0.052955s)
[2017.03.09-21.28.09:469][324]LogInit: XAudio2 using 'Speakers (Realtek High Definition Audio)' : 2 channels at 48 kHz using 32 bits per sample (channel mask 0x3)
[2017.03.09-21.28.09:481][324]LogInit: FAudioDevice initialized.
[2017.03.09-21.28.09:532][324]LogWorld: Game class is 'FoodFightersGM_C'
[2017.03.09-21.28.09:537][324]LogWorld: Bringing World /Game/FirstPersonBP/Maps/UEDPIE_0_FirstPersonExampleMap.FirstPersonExampleMap up for play (max tick rate 0) at 2017.03.09-16.28.09
[2017.03.09-21.28.09:537][324]LogWorld: Bringing up level for play took: 0.003726
[2017.03.09-21.28.09:540][324]LogScript:Warning: Accessed None trying to read property My Character
	HUD_C /Engine/Transient.UnrealEdEngine_0:GameInstance_1.HUD_C_2
	Function /Game/Blueprints/UI/HUD.HUD_C:GetText_0:003D
[2017.03.09-21.28.09:541][324]PIE:Error: Error Blueprint Runtime Error: Accessed None trying to read property My Character from function: 'GetText_0' from node: Return Node in graph: GetText_0 in object: HUD with description: Accessed None trying to read property My Character
[2017.03.09-21.28.09:544][324]LogScript:Warning: Accessed None trying to read property My Character
	HUD_C /Engine/Transient.UnrealEdEngine_0:GameInstance_1.HUD_C_3
	Function /Game/Blueprints/UI/HUD.HUD_C:GetText_0:003D
[2017.03.09-21.28.09:544][324]PIE:Error: Error Blueprint Runtime Error: Accessed None trying to read property My Character from function: 'GetText_0' from node: Return Node in graph: GetText_0 in object: HUD with description: Accessed None trying to read property My Character
[2017.03.09-21.28.09:544][324]PIE: Info Play in editor start time for /Game/FirstPersonBP/Maps/UEDPIE_0_FirstPersonExampleMap 0.811
[2017.03.09-21.28.09:544][324]LogBlueprintUserMessages: Late PlayInEditor Detection: Level '/Game/FirstPersonBP/Maps/FirstPersonExampleMap.FirstPersonExampleMap:PersistentLevel' has LevelScriptBlueprint '/Game/FirstPersonBP/Maps/FirstPersonExampleMap.FirstPersonExampleMap:PersistentLevel.FirstPersonExampleMap' with GeneratedClass '/Game/FirstPersonBP/Maps/FirstPersonExampleMap.FirstPersonExampleMap_C' with ClassGeneratedBy '/Game/FirstPersonBP/Maps/FirstPersonExampleMap.FirstPersonExampleMap:PersistentLevel.FirstPersonExampleMap'
[2017.03.09-21.28.14:674][873]LogSpawn:Warning: SpawnActor failed because of collision at the spawn location [X=360.431 Y=24.090 Z=338.957] for [FoodProjectile_C]
[2017.03.09-21.28.14:809][889]LogSpawn:Warning: SpawnActor failed because of collision at the spawn location [X=362.601 Y=13.342 Z=327.715] for [FoodProjectile_C]
[2017.03.09-21.28.17:674][232]LogSpawn:Warning: SpawnActor failed because of collision at the spawn location [X=170.648 Y=44.987 Z=330.452] for [FoodProjectile_C]
[2017.03.09-21.28.18:024][274]LogSpawn:Warning: SpawnActor failed because of collision at the spawn location [X=174.483 Y=30.067 Z=323.898] for [FoodProjectile_C]
[2017.03.09-21.28.18:182][293]LogSpawn:Warning: SpawnActor failed because of collision at the spawn location [X=175.122 Y=18.290 Z=327.586] for [FoodProjectile_C]
[2017.03.09-21.28.18:349][313]LogSpawn:Warning: SpawnActor failed because of collision at the spawn location [X=176.902 Y=11.238 Z=324.899] for [FoodProjectile_C]
[2017.03.09-21.28.20:831][611]LogBlueprintUserMessages: Early EndPlayMap Detection: Level '/Game/FirstPersonBP/Maps/FirstPersonExampleMap.FirstPersonExampleMap:PersistentLevel' has LevelScriptBlueprint '/Game/FirstPersonBP/Maps/FirstPersonExampleMap.FirstPersonExampleMap:PersistentLevel.FirstPersonExampleMap' with GeneratedClass '/Game/FirstPersonBP/Maps/FirstPersonExampleMap.FirstPersonExampleMap_C' with ClassGeneratedBy '/Game/FirstPersonBP/Maps/FirstPersonExampleMap.FirstPersonExampleMap:PersistentLevel.FirstPersonExampleMap'
[2017.03.09-21.28.20:862][611]LogBlueprintUserMessages: Late EndPlayMap Detection: Level '/Game/FirstPersonBP/Maps/FirstPersonExampleMap.FirstPersonExampleMap:PersistentLevel' has LevelScriptBlueprint '/Game/FirstPersonBP/Maps/FirstPersonExampleMap.FirstPersonExampleMap:PersistentLevel.FirstPersonExampleMap' with GeneratedClass '/Game/FirstPersonBP/Maps/FirstPersonExampleMap.FirstPersonExampleMap_C' with ClassGeneratedBy '/Game/FirstPersonBP/Maps/FirstPersonExampleMap.FirstPersonExampleMap:PersistentLevel.FirstPersonExampleMap'
[2017.03.09-21.28.28:622][451]LogAIModule: Creating AISystem for world BarebonesCafeteria
[2017.03.09-21.28.28:723][451]Cmd: MAP LOAD FILE="C:/Users/Alex/Desktop/Gith/CGT445/Game/Content/Maps/BarebonesCafeteria.umap" TEMPLATE=0 SHOWPROGRESS=1 FEATURELEVEL=3
[2017.03.09-21.28.28:723][451]LightingResults: New page: Lighting Build
[2017.03.09-21.28.28:725][451]LoadErrors: New page: Loading map: BarebonesCafeteria.umap
[2017.03.09-21.28.28:727][451]MapCheck: New page: Map Check
[2017.03.09-21.28.28:727][451]LightingResults: New page: Lighting Build
[2017.03.09-21.28.29:007][451]LogEditorServer: Finished looking for orphan Actors (0.000 secs)
[2017.03.09-21.28.29:036][451]Cmd: MAP CHECKDEP NOCLEARLOG
[2017.03.09-21.28.29:087][451]MapCheck: Info Map check complete: 0 Error(s), 0 Warning(s), took 50.545ms to complete.
[2017.03.09-21.28.29:087][451]LogFileHelpers: Loading map 'BarebonesCafeteria' took 0.426
[2017.03.09-21.31.31:265][999]LogEditorViewport: Clicking on Actor (LMB): StaticMeshActor (Shape_Tube4)
[2017.03.09-21.31.55:733][706]LogPlayLevel: PlayLevel: No blueprints needed recompiling
[2017.03.09-21.31.55:733][706]PIE: New page: PIE session: BarebonesCafeteria (Mar 9, 2017, 11:31:55 AM)
[2017.03.09-21.31.55:733][706]LogPlayLevel: Creating play world package: /Game/Maps/UEDPIE_0_BarebonesCafeteria
[2017.03.09-21.31.55:736][706]LogPlayLevel: PIE: StaticDuplicateObject took: (0.003148s)
[2017.03.09-21.31.55:737][706]LogAIModule: Creating AISystem for world BarebonesCafeteria
[2017.03.09-21.31.55:737][706]LogPlayLevel: PIE: World Init took: (0.000913s)
[2017.03.09-21.31.55:737][706]LogPlayLevel: PIE: Created PIE world by copying editor world from /Game/Maps/BarebonesCafeteria.BarebonesCafeteria to /Game/Maps/UEDPIE_0_BarebonesCafeteria.BarebonesCafeteria (0.004240s)
[2017.03.09-21.31.55:861][706]LogInit: XAudio2 using 'Speakers (Realtek High Definition Audio)' : 2 channels at 48 kHz using 32 bits per sample (channel mask 0x3)
[2017.03.09-21.31.55:877][706]LogInit: FAudioDevice initialized.
[2017.03.09-21.31.55:936][706]LogWorld: Game class is 'FoodFightersGM_C'
[2017.03.09-21.31.55:941][706]LogWorld: Bringing World /Game/Maps/UEDPIE_0_BarebonesCafeteria.BarebonesCafeteria up for play (max tick rate 0) at 2017.03.09-16.31.55
[2017.03.09-21.31.55:941][706]LogWorld: Bringing up level for play took: 0.003599
[2017.03.09-21.31.55:973][706]LogScript:Warning: Accessed None trying to read property My Character
	HUD_C /Engine/Transient.UnrealEdEngine_0:GameInstance_2.HUD_C_4
	Function /Game/Blueprints/UI/HUD.HUD_C:GetText_0:003D
[2017.03.09-21.31.55:973][706]PIE:Error: Error Blueprint Runtime Error: Accessed None trying to read property My Character from function: 'GetText_0' from node: Return Node in graph: GetText_0 in object: HUD with description: Accessed None trying to read property My Character
[2017.03.09-21.31.55:976][706]LogScript:Warning: Accessed None trying to read property My Character
	HUD_C /Engine/Transient.UnrealEdEngine_0:GameInstance_2.HUD_C_5
	Function /Game/Blueprints/UI/HUD.HUD_C:GetText_0:003D
[2017.03.09-21.31.55:977][706]PIE:Error: Error Blueprint Runtime Error: Accessed None trying to read property My Character from function: 'GetText_0' from node: Return Node in graph: GetText_0 in object: HUD with description: Accessed None trying to read property My Character
[2017.03.09-21.31.55:977][706]PIE: Info Play in editor start time for /Game/Maps/UEDPIE_0_BarebonesCafeteria 1.243
[2017.03.09-21.33.20:096][415]LogPlayLevel: PlayLevel: No blueprints needed recompiling
[2017.03.09-21.33.20:096][415]PIE: New page: PIE session: BarebonesCafeteria (Mar 9, 2017, 11:33:20 AM)
[2017.03.09-21.33.20:096][415]LogPlayLevel: Creating play world package: /Game/Maps/UEDPIE_0_BarebonesCafeteria
[2017.03.09-21.33.20:099][415]LogPlayLevel: PIE: StaticDuplicateObject took: (0.002879s)
[2017.03.09-21.33.20:099][415]LogAIModule: Creating AISystem for world BarebonesCafeteria
[2017.03.09-21.33.20:099][415]LogPlayLevel: PIE: World Init took: (0.000584s)
[2017.03.09-21.33.20:100][415]LogPlayLevel: PIE: Created PIE world by copying editor world from /Game/Maps/BarebonesCafeteria.BarebonesCafeteria to /Game/Maps/UEDPIE_0_BarebonesCafeteria.BarebonesCafeteria (0.003677s)
[2017.03.09-21.33.20:120][415]LogInit: XAudio2 using 'Speakers (Realtek High Definition Audio)' : 2 channels at 48 kHz using 32 bits per sample (channel mask 0x3)
[2017.03.09-21.33.20:129][415]LogInit: FAudioDevice initialized.
[2017.03.09-21.33.20:172][415]LogWorld: Game class is 'FoodFightersGM_C'
[2017.03.09-21.33.20:175][415]LogWorld: Bringing World /Game/Maps/UEDPIE_0_BarebonesCafeteria.BarebonesCafeteria up for play (max tick rate 0) at 2017.03.09-16.33.20
[2017.03.09-21.33.20:176][415]LogWorld: Bringing up level for play took: 0.002852
[2017.03.09-21.33.20:178][415]LogScript:Warning: Accessed None trying to read property My Character
	HUD_C /Engine/Transient.UnrealEdEngine_0:GameInstance_3.HUD_C_6
	Function /Game/Blueprints/UI/HUD.HUD_C:GetText_0:003D
[2017.03.09-21.33.20:179][415]PIE:Error: Error Blueprint Runtime Error: Accessed None trying to read property My Character from function: 'GetText_0' from node: Return Node in graph: GetText_0 in object: HUD with description: Accessed None trying to read property My Character
[2017.03.09-21.33.20:181][415]LogScript:Warning: Accessed None trying to read property My Character
	HUD_C /Engine/Transient.UnrealEdEngine_0:GameInstance_3.HUD_C_7
	Function /Game/Blueprints/UI/HUD.HUD_C:GetText_0:003D
[2017.03.09-21.33.20:181][415]PIE:Error: Error Blueprint Runtime Error: Accessed None trying to read property My Character from function: 'GetText_0' from node: Return Node in graph: GetText_0 in object: HUD with description: Accessed None trying to read property My Character
[2017.03.09-21.33.20:181][415]PIE: Info Play in editor start time for /Game/Maps/UEDPIE_0_BarebonesCafeteria -0.552
[2017.03.09-21.33.53:469][301]LogEditorViewport: Clicking on Actor (LMB): StaticMeshActor (Floor_400x400)
[2017.03.09-21.33.53:941][350]LogPlayLevel: PlayLevel: No blueprints needed recompiling
[2017.03.09-21.33.53:941][350]PIE: New page: PIE session: BarebonesCafeteria (Mar 9, 2017, 11:33:53 AM)
[2017.03.09-21.33.53:941][350]LogPlayLevel: Creating play world package: /Game/Maps/UEDPIE_0_BarebonesCafeteria
[2017.03.09-21.33.53:944][350]LogPlayLevel: PIE: StaticDuplicateObject took: (0.003140s)
[2017.03.09-21.33.53:945][350]LogAIModule: Creating AISystem for world BarebonesCafeteria
[2017.03.09-21.33.53:945][350]LogPlayLevel: PIE: World Init took: (0.000732s)
[2017.03.09-21.33.53:945][350]LogPlayLevel: PIE: Created PIE world by copying editor world from /Game/Maps/BarebonesCafeteria.BarebonesCafeteria to /Game/Maps/UEDPIE_0_BarebonesCafeteria.BarebonesCafeteria (0.004101s)
[2017.03.09-21.33.53:962][350]LogInit: XAudio2 using 'Speakers (Realtek High Definition Audio)' : 2 channels at 48 kHz using 32 bits per sample (channel mask 0x3)
[2017.03.09-21.33.53:971][350]LogInit: FAudioDevice initialized.
[2017.03.09-21.33.54:018][350]LogWorld: Game class is 'FoodFightersGM_C'
[2017.03.09-21.33.54:021][350]LogWorld: Bringing World /Game/Maps/UEDPIE_0_BarebonesCafeteria.BarebonesCafeteria up for play (max tick rate 0) at 2017.03.09-16.33.54
[2017.03.09-21.33.54:022][350]LogWorld: Bringing up level for play took: 0.002640
[2017.03.09-21.33.54:025][350]LogScript:Warning: Accessed None trying to read property My Character
	HUD_C /Engine/Transient.UnrealEdEngine_0:GameInstance_4.HUD_C_8
	Function /Game/Blueprints/UI/HUD.HUD_C:GetText_0:003D
[2017.03.09-21.33.54:025][350]PIE:Error: Error Blueprint Runtime Error: Accessed None trying to read property My Character from function: 'GetText_0' from node: Return Node in graph: GetText_0 in object: HUD with description: Accessed None trying to read property My Character
[2017.03.09-21.33.54:027][350]LogScript:Warning: Accessed None trying to read property My Character
	HUD_C /Engine/Transient.UnrealEdEngine_0:GameInstance_4.HUD_C_9
	Function /Game/Blueprints/UI/HUD.HUD_C:GetText_0:003D
[2017.03.09-21.33.54:027][350]PIE:Error: Error Blueprint Runtime Error: Accessed None trying to read property My Character from function: 'GetText_0' from node: Return Node in graph: GetText_0 in object: HUD with description: Accessed None trying to read property My Character
[2017.03.09-21.33.54:027][350]PIE: Info Play in editor start time for /Game/Maps/UEDPIE_0_BarebonesCafeteria -0.706
[2017.03.09-21.34.00:062][ 73]LogSpawn:Warning: SpawnActor failed because of collision at the spawn location [X=-636.008 Y=-3.905 Z=128.601] for [FoodProjectile_C]
[2017.03.09-21.34.00:212][ 91]LogSpawn:Warning: SpawnActor failed because of collision at the spawn location [X=-638.303 Y=4.551 Z=136.998] for [FoodProjectile_C]
[2017.03.09-21.34.00:380][111]LogSpawn:Warning: SpawnActor failed because of collision at the spawn location [X=-635.230 Y=-28.177 Z=132.115] for [FoodProjectile_C]
[2017.03.09-21.34.00:572][134]LogSpawn:Warning: SpawnActor failed because of collision at the spawn location [X=-641.580 Y=-9.583 Z=131.477] for [FoodProjectile_C]
[2017.03.09-21.34.00:930][177]LogSpawn:Warning: SpawnActor failed because of collision at the spawn location [X=-636.192 Y=-34.640 Z=132.871] for [FoodProjectile_C]
[2017.03.09-21.34.01:089][196]LogSpawn:Warning: SpawnActor failed because of collision at the spawn location [X=-629.928 Y=-40.418 Z=135.720] for [FoodProjectile_C]
[2017.03.09-21.34.01:247][215]LogSpawn:Warning: SpawnActor failed because of collision at the spawn location [X=-626.235 Y=-53.019 Z=138.641] for [FoodProjectile_C]
[2017.03.09-21.34.01:414][235]LogSpawn:Warning: SpawnActor failed because of collision at the spawn location [X=-624.818 Y=-55.001 Z=139.397] for [FoodProjectile_C]
[2017.03.09-21.34.01:764][277]LogSpawn:Warning: SpawnActor failed because of collision at the spawn location [X=-611.482 Y=-43.496 Z=98.038] for [FoodProjectile_C]
[2017.03.09-21.34.01:906][294]LogSpawn:Warning: SpawnActor failed because of collision at the spawn location [X=-601.026 Y=-59.729 Z=107.528] for [FoodProjectile_C]
[2017.03.09-21.34.02:049][311]LogSpawn:Warning: SpawnActor failed because of collision at the spawn location [X=-600.091 Y=-59.955 Z=107.318] for [FoodProjectile_C]
[2017.03.09-21.34.14:500][685]LogPlayLevel: PlayLevel: No blueprints needed recompiling
[2017.03.09-21.34.14:501][685]PIE: New page: PIE session: BarebonesCafeteria (Mar 9, 2017, 11:34:14 AM)
[2017.03.09-21.34.14:501][685]LogPlayLevel: Creating play world package: /Game/Maps/UEDPIE_0_BarebonesCafeteria
[2017.03.09-21.34.14:504][685]LogPlayLevel: PIE: StaticDuplicateObject took: (0.002964s)
[2017.03.09-21.34.14:504][685]LogAIModule: Creating AISystem for world BarebonesCafeteria
[2017.03.09-21.34.14:504][685]LogPlayLevel: PIE: World Init took: (0.000563s)
[2017.03.09-21.34.14:504][685]LogPlayLevel: PIE: Created PIE world by copying editor world from /Game/Maps/BarebonesCafeteria.BarebonesCafeteria to /Game/Maps/UEDPIE_0_BarebonesCafeteria.BarebonesCafeteria (0.003709s)
[2017.03.09-21.34.14:526][685]LogInit: XAudio2 using 'Speakers (Realtek High Definition Audio)' : 2 channels at 48 kHz using 32 bits per sample (channel mask 0x3)
[2017.03.09-21.34.14:535][685]LogInit: FAudioDevice initialized.
[2017.03.09-21.34.14:583][685]LogWorld: Game class is 'FoodFightersGM_C'
[2017.03.09-21.34.14:586][685]LogWorld: Bringing World /Game/Maps/UEDPIE_0_BarebonesCafeteria.BarebonesCafeteria up for play (max tick rate 0) at 2017.03.09-16.34.14
[2017.03.09-21.34.14:587][685]LogWorld: Bringing up level for play took: 0.002980
[2017.03.09-21.34.14:590][685]LogScript:Warning: Accessed None trying to read property My Character
	HUD_C /Engine/Transient.UnrealEdEngine_0:GameInstance_5.HUD_C_10
	Function /Game/Blueprints/UI/HUD.HUD_C:GetText_0:003D
[2017.03.09-21.34.14:590][685]PIE:Error: Error Blueprint Runtime Error: Accessed None trying to read property My Character from function: 'GetText_0' from node: Return Node in graph: GetText_0 in object: HUD with description: Accessed None trying to read property My Character
[2017.03.09-21.34.14:593][685]LogScript:Warning: Accessed None trying to read property My Character
	HUD_C /Engine/Transient.UnrealEdEngine_0:GameInstance_5.HUD_C_11
	Function /Game/Blueprints/UI/HUD.HUD_C:GetText_0:003D
[2017.03.09-21.34.14:593][685]PIE:Error: Error Blueprint Runtime Error: Accessed None trying to read property My Character from function: 'GetText_0' from node: Return Node in graph: GetText_0 in object: HUD with description: Accessed None trying to read property My Character
[2017.03.09-21.34.14:593][685]PIE: Info Play in editor start time for /Game/Maps/UEDPIE_0_BarebonesCafeteria -0.14
[2017.03.09-21.34.45:536][171]LogEditorViewport: Clicking on Actor (LMB): StaticMeshActor (Floor_400x400)
[2017.03.09-21.35.08:007][649]Cmd: TRANSACTION UNDO
[2017.03.09-21.35.08:018][649]LogEditorTransaction: Undo Create Actors
[2017.03.09-21.35.18:735][829]Cmd: TRANSACTION UNDO
[2017.03.09-21.35.18:735][829]LogEditorTransaction: Undo Create Actors
[2017.03.09-21.35.39:686][182]LogPlayLevel: PlayLevel: No blueprints needed recompiling
[2017.03.09-21.35.39:686][182]PIE: New page: PIE session: BarebonesCafeteria (Mar 9, 2017, 11:35:39 AM)
[2017.03.09-21.35.39:686][182]LogPlayLevel: Creating play world package: /Game/Maps/UEDPIE_0_BarebonesCafeteria
[2017.03.09-21.35.39:689][182]LogPlayLevel: PIE: StaticDuplicateObject took: (0.003413s)
[2017.03.09-21.35.39:690][182]LogAIModule: Creating AISystem for world BarebonesCafeteria
[2017.03.09-21.35.39:690][182]LogPlayLevel: PIE: World Init took: (0.000582s)
[2017.03.09-21.35.39:690][182]LogPlayLevel: PIE: Created PIE world by copying editor world from /Game/Maps/BarebonesCafeteria.BarebonesCafeteria to /Game/Maps/UEDPIE_0_BarebonesCafeteria.BarebonesCafeteria (0.004249s)
[2017.03.09-21.35.39:730][182]LogInit: XAudio2 using 'Speakers (Realtek High Definition Audio)' : 2 channels at 48 kHz using 32 bits per sample (channel mask 0x3)
[2017.03.09-21.35.39:739][182]LogInit: FAudioDevice initialized.
[2017.03.09-21.35.39:788][182]LogWorld: Game class is 'FoodFightersGM_C'
[2017.03.09-21.35.39:792][182]LogWorld: Bringing World /Game/Maps/UEDPIE_0_BarebonesCafeteria.BarebonesCafeteria up for play (max tick rate 0) at 2017.03.09-16.35.39
[2017.03.09-21.35.39:793][182]LogWorld: Bringing up level for play took: 0.003247
[2017.03.09-21.35.39:796][182]LogScript:Warning: Accessed None trying to read property My Character
	HUD_C /Engine/Transient.UnrealEdEngine_0:GameInstance_6.HUD_C_12
	Function /Game/Blueprints/UI/HUD.HUD_C:GetText_0:003D
[2017.03.09-21.35.39:796][182]PIE:Error: Error Blueprint Runtime Error: Accessed None trying to read property My Character from function: 'GetText_0' from node: Return Node in graph: GetText_0 in object: HUD with description: Accessed None trying to read property My Character
[2017.03.09-21.35.39:799][182]LogScript:Warning: Accessed None trying to read property My Character
	HUD_C /Engine/Transient.UnrealEdEngine_0:GameInstance_6.HUD_C_13
	Function /Game/Blueprints/UI/HUD.HUD_C:GetText_0:003D
[2017.03.09-21.35.39:799][182]PIE:Error: Error Blueprint Runtime Error: Accessed None trying to read property My Character from function: 'GetText_0' from node: Return Node in graph: GetText_0 in object: HUD with description: Accessed None trying to read property My Character
[2017.03.09-21.35.39:800][182]PIE: Info Play in editor start time for /Game/Maps/UEDPIE_0_BarebonesCafeteria 1.066
[2017.03.09-21.35.48:551][196]Cmd: TRANSACTION UNDO
[2017.03.09-21.35.48:551][196]LogEditorTransaction: Undo Create Actors
[2017.03.09-21.35.49:947][347]Cmd: TRANSACTION UNDO
[2017.03.09-21.35.49:947][347]LogEditorTransaction: Undo Create Actors
[2017.03.09-21.35.50:732][439]Cmd: TRANSACTION UNDO
[2017.03.09-21.35.50:732][439]LogEditorTransaction: Undo Create Actors
[2017.03.09-21.35.51:422][521]Cmd: TRANSACTION UNDO
[2017.03.09-21.35.51:422][521]LogEditorTransaction: Undo Create Actors
[2017.03.09-21.35.52:191][609]Cmd: TRANSACTION UNDO
[2017.03.09-21.35.52:191][609]LogEditorTransaction: Undo Create Actors
[2017.03.09-21.35.52:507][646]Cmd: TRANSACTION UNDO
[2017.03.09-21.35.52:507][646]LogEditorTransaction: Undo Create Actors
[2017.03.09-21.36.08:436][604]Cmd: TRANSACTION UNDO
[2017.03.09-21.36.08:436][604]LogEditorTransaction: Undo Create Actors
[2017.03.09-21.36.17:563][456]LogEditorViewport: Clicking on Actor (context menu): StaticMeshActor (Wall_500x502)
[2017.03.09-21.36.34:247][265]Cmd: TRANSACTION UNDO
[2017.03.09-21.36.34:247][265]LogEditorTransaction: Undo Create Actors
[2017.03.09-21.36.53:573][179]Cmd: OBJ SAVEPACKAGE PACKAGE="/Game/Maps/BarebonesCafeteria" FILE="C:/Users/Alex/Desktop/Gith/CGT445/Game/Content/Maps/BarebonesCafeteria.umap" SILENT=true AUTOSAVING=false KEEPDIRTY=false
[2017.03.09-21.36.53:949][179]LogSavePackage: Save=317.08ms
[2017.03.09-21.36.53:949][179]LogSavePackage: Moving 'C:/Users/Alex/Desktop/Gith/CGT445/Game/Saved/BarebonesCafeteriaBA06D54F4A3FE481D021A58F043F97A5.tmp' to 'C:/Users/Alex/Desktop/Gith/CGT445/Game/Content/Maps/BarebonesCafeteria.umap'
[2017.03.09-21.36.53:985][179]LogSavePackage:Display: Finished SavePackage C:/Users/Alex/Desktop/Gith/CGT445/Game/Content/Maps/BarebonesCafeteria.umap
[2017.03.09-21.36.54:025][179]LogFileHelpers: Saving map 'BarebonesCafeteria' took 0.540
[2017.03.09-21.36.54:545][179]LogWindowsTextInputMethodSystem:Display: IME system now deactivated.
[2017.03.09-21.36.54:989][180]Cmd: QUIT_EDITOR
[2017.03.09-21.36.56:206][180]LogExit: Preparing to exit.
[2017.03.09-21.36.57:471][180]LogExit: Editor shut down
[2017.03.09-21.36.57:471][180]LogExit: Transaction tracking system shut down
[2017.03.09-21.36.59:201][180]LogObj: Freed 0b from 0 cluster array pools.
[2017.03.09-21.36.59:202][180]LogExit: Object subsystem successfully closed.
[2017.03.09-21.36.59:477][180]LogD3D11RHI: Shutdown
[2017.03.09-21.36.59:485][180]LogD3D11RHI: CleanupD3DDevice
[2017.03.09-21.36.59:771][180]LogD3D11RHI: ~FD3D11DynamicRHI
[2017.03.09-21.37.00:592][180]LogModuleManager: Shutting down and abandoning module MovieSceneCapture (215)
[2017.03.09-21.37.00:593][180]LogModuleManager: Shutting down and abandoning module BlueprintGraph (214)
[2017.03.09-21.37.00:602][180]LogModuleManager: Shutting down and abandoning module HierarchicalLODOutliner (213)
[2017.03.09-21.37.00:612][180]LogModuleManager: Shutting down and abandoning module CrashTracker (212)
[2017.03.09-21.37.00:613][180]LogModuleManager: Shutting down and abandoning module SceneOutliner (211)
[2017.03.09-21.37.00:613][180]LogModuleManager: Shutting down and abandoning module WidgetCarousel (210)
[2017.03.09-21.37.00:620][180]LogModuleManager: Shutting down and abandoning module AddContentDialog (209)
[2017.03.09-21.37.00:651][180]LogModuleManager: Shutting down and abandoning module GameplayTags (208)
[2017.03.09-21.37.00:651][180]LogModuleManager: Shutting down and abandoning module EditorWidgets (207)
[2017.03.09-21.37.00:651][180]LogModuleManager: Shutting down and abandoning module CollectionManager (206)
[2017.03.09-21.37.00:682][180]LogModuleManager: Shutting down and abandoning module StatsViewer (205)
[2017.03.09-21.37.00:718][180]LogModuleManager: Shutting down and abandoning module FoliageEdit (204)
[2017.03.09-21.37.00:719][180]LogModuleManager: Shutting down and abandoning module LandscapeEditor (203)
[2017.03.09-21.37.00:733][180]LogModuleManager: Shutting down and abandoning module SceneDepthPickerMode (202)
[2017.03.09-21.37.00:733][180]LogModuleManager: Shutting down and abandoning module ActorPickerMode (201)
[2017.03.09-21.37.00:733][180]LogModuleManager: Shutting down and abandoning module GeometryMode (200)
[2017.03.09-21.37.00:733][180]LogModuleManager: Shutting down and abandoning module TextureAlignMode (199)
[2017.03.09-21.37.00:733][180]LogModuleManager: Shutting down and abandoning module BspMode (198)
[2017.03.09-21.37.00:755][180]LogModuleManager: Shutting down and abandoning module HardwareSurvey (197)
[2017.03.09-21.37.00:755][180]LogModuleManager: Shutting down and abandoning module SequenceRecorderSections (196)
[2017.03.09-21.37.00:755][180]LogModuleManager: Shutting down and abandoning module SequenceRecorder (195)
[2017.03.09-21.37.00:761][180]LogModuleManager: Shutting down and abandoning module AutomationWorker (194)
[2017.03.09-21.37.00:761][180]LogModuleManager: Shutting down and abandoning module MatineeToLevelSequence (193)
[2017.03.09-21.37.00:761][180]LogModuleManager: Shutting down and abandoning module PlacementMode (192)
[2017.03.09-21.37.00:781][180]LogModuleManager: Shutting down and abandoning module LevelSequenceEditor (191)
[2017.03.09-21.37.00:834][180]LogModuleManager: Shutting down and abandoning module CharacterAI (190)
[2017.03.09-21.37.00:834][180]LogModuleManager: Shutting down and abandoning module SmartSnapping (189)
[2017.03.09-21.37.00:834][180]LogModuleManager: Shutting down and abandoning module SessionServices (188)
[2017.03.09-21.37.00:834][180]LogModuleManager: Shutting down and abandoning module ViewportSnapping (187)
[2017.03.09-21.37.00:834][180]LogModuleManager: Shutting down and abandoning module LogVisualizer (186)
[2017.03.09-21.37.00:836][180]LogModuleManager: Shutting down and abandoning module GameProjectGeneration (185)
[2017.03.09-21.37.00:864][180]LogModuleManager: Shutting down and abandoning module IntroTutorials (184)
[2017.03.09-21.37.00:908][180]LogModuleManager: Shutting down and abandoning module EditorLiveStreaming (183)
[2017.03.09-21.37.00:908][180]LogModuleManager: Shutting down and abandoning module IOSPlatformEditor (182)
[2017.03.09-21.37.00:918][180]LogModuleManager: Shutting down and abandoning module HTML5PlatformEditor (181)
[2017.03.09-21.37.00:918][180]LogModuleManager: Shutting down and abandoning module AndroidDeviceDetection (180)
[2017.03.09-21.37.01:376][180]LogModuleManager: Shutting down and abandoning module AndroidPlatformEditor (179)
[2017.03.09-21.37.01:402][180]LogModuleManager: Shutting down and abandoning module IOSRuntimeSettings (178)
[2017.03.09-21.37.01:402][180]LogModuleManager: Shutting down and abandoning module AndroidRuntimeSettings (177)
[2017.03.09-21.37.01:402][180]LogModuleManager: Shutting down and abandoning module MergeActors (176)
[2017.03.09-21.37.01:424][180]LogModuleManager: Shutting down and abandoning module SizeMap (175)
[2017.03.09-21.37.01:425][180]LogModuleManager: Shutting down and abandoning module TreeMap (174)
[2017.03.09-21.37.01:445][180]LogModuleManager: Shutting down and abandoning module ReferenceViewer (173)
[2017.03.09-21.37.01:446][180]LogModuleManager: Shutting down and abandoning module LocalizationService (172)
[2017.03.09-21.37.01:463][180]LogModuleManager: Shutting down and abandoning module LocalizationDashboard (171)
[2017.03.09-21.37.01:479][180]LogModuleManager: Shutting down and abandoning module HardwareTargeting (170)
[2017.03.09-21.37.01:486][180]LogModuleManager: Shutting down and abandoning module DeviceProfileEditor (169)
[2017.03.09-21.37.01:506][180]LogModuleManager: Shutting down and abandoning module UndoHistory (168)
[2017.03.09-21.37.01:512][180]LogModuleManager: Shutting down and abandoning module UserFeedback (167)
[2017.03.09-21.37.01:512][180]LogModuleManager: Shutting down and abandoning module XmlParser (166)
[2017.03.09-21.37.01:512][180]LogModuleManager: Shutting down and abandoning module Blutility (165)
[2017.03.09-21.37.01:525][180]LogModuleManager: Shutting down and abandoning module ProjectTargetPlatformEditor (164)
[2017.03.09-21.37.01:531][180]LogModuleManager: Shutting down and abandoning module ProjectSettingsViewer (163)
[2017.03.09-21.37.01:531][180]LogModuleManager: Shutting down and abandoning module InputBindingEditor (162)
[2017.03.09-21.37.01:559][180]LogModuleManager: Shutting down and abandoning module EditorSettingsViewer (161)
[2017.03.09-21.37.01:559][180]LogModuleManager: Shutting down and abandoning module SettingsEditor (160)
[2017.03.09-21.37.01:571][180]LogModuleManager: Shutting down and abandoning module ProjectLauncher (159)
[2017.03.09-21.37.01:592][180]LogModuleManager: Shutting down and abandoning module SessionFrontend (158)
[2017.03.09-21.37.01:611][180]LogModuleManager: Shutting down and abandoning module ProfilerClient (157)
[2017.03.09-21.37.01:643][180]LogModuleManager: Shutting down and abandoning module TargetDeviceServices (156)
[2017.03.09-21.37.01:653][180]LogModuleManager: Shutting down and abandoning module DeviceManager (155)
[2017.03.09-21.37.01:723][180]LogModuleManager: Shutting down and abandoning module AutomationController (154)
[2017.03.09-21.37.01:741][180]LogModuleManager: Shutting down and abandoning module AutomationWindow (153)
[2017.03.09-21.37.01:760][180]LogModuleManager: Shutting down and abandoning module Layers (152)
[2017.03.09-21.37.01:781][180]LogModuleManager: Shutting down and abandoning module ComponentVisualizers (151)
[2017.03.09-21.37.01:781][180]LogModuleManager: Shutting down and abandoning module DetailCustomizations (150)
[2017.03.09-21.37.01:795][180]LogModuleManager: Shutting down and abandoning module PackagesDialog (149)
[2017.03.09-21.37.01:795][180]LogModuleManager: Shutting down and abandoning module Persona (148)
[2017.03.09-21.37.01:841][180]LogModuleManager: Shutting down and abandoning module Kismet (147)
[2017.03.09-21.37.01:845][180]LogModuleManager: Shutting down and abandoning module GraphEditor (146)
[2017.03.09-21.37.01:845][180]LogModuleManager: Shutting down and abandoning module ClassViewer (145)
[2017.03.09-21.37.01:863][180]LogModuleManager: Shutting down and abandoning module Toolbox (144)
[2017.03.09-21.37.01:873][180]LogModuleManager: Shutting down and abandoning module ModuleUI (143)
[2017.03.09-21.37.01:900][180]LogModuleManager: Shutting down and abandoning module MovieSceneTools (142)
[2017.03.09-21.37.01:941][180]LogModuleManager: Shutting down and abandoning module OutputLog (141)
[2017.03.09-21.37.01:958][180]LogModuleManager: Shutting down and abandoning module GammaUI (140)
[2017.03.09-21.37.01:987][180]LogModuleManager: Shutting down and abandoning module Documentation (139)
[2017.03.09-21.37.01:987][180]LogModuleManager: Shutting down and abandoning module StreamingPauseRendering (138)
[2017.03.09-21.37.01:987][180]LogModuleManager: Shutting down and abandoning module AnalyticsET (137)
[2017.03.09-21.37.01:987][180]LogModuleManager: Shutting down and abandoning module Analytics (136)
[2017.03.09-21.37.01:987][180]LogModuleManager: Shutting down and abandoning module PortalServices (135)
[2017.03.09-21.37.01:987][180]LogModuleManager: Shutting down and abandoning module PortalRpc (134)
[2017.03.09-21.37.01:987][180]LogModuleManager: Shutting down and abandoning module MessagingRpc (133)
[2017.03.09-21.37.01:987][180]LogModuleManager: Shutting down and abandoning module GameplayDebugger (132)
[2017.03.09-21.37.01:995][180]LogModuleManager: Shutting down and abandoning module AITestSuite (131)
[2017.03.09-21.37.01:999][180]LogModuleManager: Shutting down and abandoning module AIModule (130)
[2017.03.09-21.37.01:999][180]LogModuleManager: Shutting down and abandoning module ProfilerService (129)
[2017.03.09-21.37.02:228][180]LogModuleManager: Shutting down and abandoning module TaskGraph (128)
[2017.03.09-21.37.02:241][180]LogModuleManager: Shutting down and abandoning module SlateRemote (127)
[2017.03.09-21.37.02:241][180]LogModuleManager: Shutting down and abandoning module SteamVRController (126)
[2017.03.09-21.37.02:241][180]LogModuleManager: Shutting down and abandoning module SteamVR (125)
[2017.03.09-21.37.02:241][180]LogModuleManager: Shutting down and abandoning module ProceduralMeshComponent (124)
[2017.03.09-21.37.02:241][180]LogModuleManager: Shutting down and abandoning module OculusLibrary (123)
[2017.03.09-21.37.02:242][180]LogModuleManager: Shutting down and abandoning module OculusInput (122)
[2017.03.09-21.37.02:242][180]LogModuleManager: Shutting down and abandoning module CustomMeshComponent (121)
[2017.03.09-21.37.02:253][180]LogModuleManager: Shutting down and abandoning module CableComponent (120)
[2017.03.09-21.37.02:253][180]LogModuleManager: Shutting down and abandoning module ArchVisCharacter (119)
[2017.03.09-21.37.02:253][180]LogModuleManager: Shutting down and abandoning module MediaPlayerEditor (118)
[2017.03.09-21.37.02:278][180]LogModuleManager: Shutting down and abandoning module HTML5Networking (117)
[2017.03.09-21.37.02:278][180]LogModuleManager: Shutting down and abandoning module SuperSearch (116)
[2017.03.09-21.37.02:278][180]LogModuleManager: Shutting down and abandoning module SuperSearchEditor (115)
[2017.03.09-21.37.02:278][180]LogModuleManager: Shutting down and abandoning module SpeedTreeImporter (114)
[2017.03.09-21.37.02:278][180]LogModuleManager: Shutting down and abandoning module PluginBrowser (113)
[2017.03.09-21.37.02:315][180]LogModuleManager: Shutting down and abandoning module EpicSurvey (112)
[2017.03.09-21.37.02:315][180]LogModuleManager: Shutting down and abandoning module DesktopPlatform (111)
[2017.03.09-21.37.02:335][180]LogModuleManager: Shutting down and abandoning module VisualStudioSourceCodeAccess (110)
[2017.03.09-21.37.02:335][180]LogModuleManager: Shutting down and abandoning module UObjectPlugin (109)
[2017.03.09-21.37.02:335][180]LogModuleManager: Shutting down and abandoning module SubversionSourceControl (108)
[2017.03.09-21.37.02:340][180]LogModuleManager: Shutting down and abandoning module PerforceSourceControl (107)
[2017.03.09-21.37.02:362][180]LogModuleManager: Shutting down and abandoning module SourceControl (106)
[2017.03.09-21.37.02:382][180]LogModuleManager: Shutting down and abandoning module GitSourceControl (105)
[2017.03.09-21.37.02:403][180]LogModuleManager: Shutting down and abandoning module LightPropagationVolumeEditor (104)
[2017.03.09-21.37.02:403][180]LogModuleManager: Shutting down and abandoning module PaperTiledImporter (103)
[2017.03.09-21.37.02:414][180]LogModuleManager: Shutting down and abandoning module PaperSpriteSheetImporter (102)
[2017.03.09-21.37.02:414][180]LogModuleManager: Shutting down and abandoning module MeshPaint (101)
[2017.03.09-21.37.02:427][180]LogModuleManager: Shutting down and abandoning module PixelInspectorModule (100)
[2017.03.09-21.37.02:443][180]LogModuleManager: Shutting down and abandoning module HotReload (99)
[2017.03.09-21.37.02:453][180]LogModuleManager: Shutting down and abandoning module MainFrame (98)
[2017.03.09-21.37.02:462][180]LogModuleManager: Shutting down and abandoning module LevelEditor (97)
[2017.03.09-21.37.02:469][180]LogModuleManager: Shutting down and abandoning module ContentBrowser (96)
[2017.03.09-21.37.02:471][180]LogModuleManager: Shutting down and abandoning module Paper2DEditor (95)
[2017.03.09-21.37.02:491][180]LogModuleManager: Shutting down and abandoning module UdpMessaging (94)
[2017.03.09-21.37.02:592][180]LogModuleManager: Shutting down and abandoning module LightPropagationVolumeRuntime (93)
[2017.03.09-21.37.02:592][180]LogModuleManager: Shutting down and abandoning module Paper2D (92)
[2017.03.09-21.37.02:610][180]LogModuleManager: Shutting down and abandoning module WindowsMoviePlayer (91)
[2017.03.09-21.37.02:610][180]LogModuleManager: Shutting down and abandoning module Media (90)
[2017.03.09-21.37.02:610][180]LogModuleManager: Shutting down and abandoning module WmfMedia (89)
[2017.03.09-21.37.02:620][180]LogModuleManager: Shutting down and abandoning module MediaAssets (88)
[2017.03.09-21.37.02:620][180]LogModuleManager: Shutting down and abandoning module GameLiveStreaming (87)
[2017.03.09-21.37.02:620][180]LogModuleManager: Shutting down and abandoning module GameplayTagsEditor (86)
[2017.03.09-21.37.02:620][180]LogModuleManager: Shutting down and abandoning module OnlineBlueprintSupport (85)
[2017.03.09-21.37.02:620][180]LogModuleManager: Shutting down and abandoning module VREditor (84)
[2017.03.09-21.37.02:638][180]LogModuleManager: Shutting down and abandoning module GameplayTasksEditor (83)
[2017.03.09-21.37.02:638][180]LogModuleManager: Shutting down and abandoning module PropertyEditor (82)
[2017.03.09-21.37.02:638][180]LogModuleManager: Shutting down and abandoning module BehaviorTreeEditor (81)
[2017.03.09-21.37.02:664][180]LogModuleManager: Shutting down and abandoning module FunctionalTesting (80)
[2017.03.09-21.37.02:664][180]LogModuleManager: Shutting down and abandoning module CollisionAnalyzer (79)
[2017.03.09-21.37.02:686][180]LogModuleManager: Shutting down and abandoning module Sequencer (78)
[2017.03.09-21.37.02:705][180]LogModuleManager: Shutting down and abandoning module WorkspaceMenuStructure (77)
[2017.03.09-21.37.02:705][180]LogModuleManager: Shutting down and abandoning module MessageLog (76)
[2017.03.09-21.37.02:705][180]LogModuleManager: Shutting down and abandoning module AssetTools (75)
[2017.03.09-21.37.02:729][180]LogModuleManager: Shutting down and abandoning module UMGEditor (74)
[2017.03.09-21.37.02:761][180]LogModuleManager: Shutting down and abandoning module UMG (73)
[2017.03.09-21.37.02:761][180]LogModuleManager: Shutting down and abandoning module SlateReflector (72)
[2017.03.09-21.37.02:794][180]LogModuleManager: Shutting down and abandoning module Slate (71)
[2017.03.09-21.37.02:794][180]LogModuleManager: Shutting down and abandoning module EditorStyle (70)
[2017.03.09-21.37.02:801][180]LogModuleManager: Shutting down and abandoning module SourceCodeAccess (69)
[2017.03.09-21.37.02:802][180]LogModuleManager: Shutting down and abandoning module HeadMountedDisplay (68)
[2017.03.09-21.37.02:802][180]LogModuleManager: Shutting down and abandoning module XAudio2 (67)
[2017.03.09-21.37.02:802][180]LogModuleManager: Shutting down and abandoning module Networking (65)
[2017.03.09-21.37.02:802][180]LogModuleManager: Shutting down and abandoning module Core (64)
[2017.03.09-21.37.02:802][180]LogModuleManager: Shutting down and abandoning module DirectoryWatcher (63)
[2017.03.09-21.37.02:803][180]LogModuleManager: Shutting down and abandoning module AssetRegistry (62)
[2017.03.09-21.37.02:975][180]LogModuleManager: Shutting down and abandoning module KismetCompiler (61)
[2017.03.09-21.37.02:975][180]LogModuleManager: Shutting down and abandoning module PhysXFormats (60)
[2017.03.09-21.37.02:975][180]LogModuleManager: Shutting down and abandoning module MeshUtilities (59)
[2017.03.09-21.37.02:992][180]LogModuleManager: Shutting down and abandoning module DerivedDataCache (58)
[2017.03.09-21.37.03:064][180]LogDerivedDataCache: Shutdown
[2017.03.09-21.37.03:064][180]LogModuleManager: Shutting down and abandoning module VulkanShaderFormat (57)
[2017.03.09-21.37.03:073][180]LogModuleManager: Shutting down and abandoning module ShaderFormatOpenGL (56)
[2017.03.09-21.37.03:106][180]LogModuleManager: Shutting down and abandoning module ShaderFormatD3D (55)
[2017.03.09-21.37.03:106][180]LogModuleManager: Shutting down and abandoning module MetalShaderFormat (54)
[2017.03.09-21.37.03:134][180]LogModuleManager: Shutting down and abandoning module TextureFormatUncompressed (53)
[2017.03.09-21.37.03:134][180]LogModuleManager: Shutting down and abandoning module TextureFormatPVR (52)
[2017.03.09-21.37.03:134][180]LogModuleManager: Shutting down and abandoning module TextureFormatIntelISPCTexComp (51)
[2017.03.09-21.37.03:135][180]LogModuleManager: Shutting down and abandoning module TextureFormatDXT (50)
[2017.03.09-21.37.03:135][180]LogModuleManager: Shutting down and abandoning module ImageWrapper (49)
[2017.03.09-21.37.03:135][180]LogModuleManager: Shutting down and abandoning module TextureFormatASTC (48)
[2017.03.09-21.37.03:135][180]LogModuleManager: Shutting down and abandoning module TextureFormatAndroid (47)
[2017.03.09-21.37.03:135][180]LogModuleManager: Shutting down and abandoning module AudioFormatOpus (46)
[2017.03.09-21.37.03:146][180]LogModuleManager: Shutting down and abandoning module AudioFormatOgg (45)
[2017.03.09-21.37.03:146][180]LogModuleManager: Shutting down and abandoning module AudioFormatADPCM (44)
[2017.03.09-21.37.03:146][180]LogModuleManager: Shutting down and abandoning module LinuxTargetPlatform (43)
[2017.03.09-21.37.03:147][180]LogModuleManager: Shutting down and abandoning module LinuxServerTargetPlatform (42)
[2017.03.09-21.37.03:147][180]LogModuleManager: Shutting down and abandoning module LinuxNoEditorTargetPlatform (41)
[2017.03.09-21.37.03:147][180]LogModuleManager: Shutting down and abandoning module TVOSTargetPlatform (40)
[2017.03.09-21.37.03:147][180]LogModuleManager: Shutting down and abandoning module Messaging (39)
[2017.03.09-21.37.03:147][180]LogModuleManager: Shutting down and abandoning module IOSTargetPlatform (38)
[2017.03.09-21.37.03:147][180]LogModuleManager: Shutting down and abandoning module HTML5TargetPlatform (37)
[2017.03.09-21.37.03:147][180]LogModuleManager: Shutting down and abandoning module Android_PVRTCTargetPlatform (36)
[2017.03.09-21.37.03:147][180]LogModuleManager: Shutting down and abandoning module Android_MultiTargetPlatform (35)
[2017.03.09-21.37.03:154][180]LogModuleManager: Shutting down and abandoning module Android_ETC2TargetPlatform (34)
[2017.03.09-21.37.03:154][180]LogModuleManager: Shutting down and abandoning module Android_ETC1TargetPlatform (33)
[2017.03.09-21.37.03:154][180]LogModuleManager: Shutting down and abandoning module Android_DXTTargetPlatform (32)
[2017.03.09-21.37.03:154][180]LogModuleManager: Shutting down and abandoning module Android_ATCTargetPlatform (31)
[2017.03.09-21.37.03:154][180]LogModuleManager: Shutting down and abandoning module Android_ASTCTargetPlatform (30)
[2017.03.09-21.37.03:154][180]LogModuleManager: Shutting down and abandoning module AndroidTargetPlatform (29)
[2017.03.09-21.37.03:154][180]LogModuleManager: Shutting down and abandoning module WindowsTargetPlatform (28)
[2017.03.09-21.37.03:154][180]LogModuleManager: Shutting down and abandoning module WindowsServerTargetPlatform (27)
[2017.03.09-21.37.03:154][180]LogModuleManager: Shutting down and abandoning module WindowsNoEditorTargetPlatform (26)
[2017.03.09-21.37.03:155][180]LogModuleManager: Shutting down and abandoning module WindowsClientTargetPlatform (25)
[2017.03.09-21.37.03:155][180]LogModuleManager: Shutting down and abandoning module AllDesktopTargetPlatform (24)
[2017.03.09-21.37.03:155][180]LogModuleManager: Shutting down and abandoning module TargetPlatform (23)
[2017.03.09-21.37.03:161][180]LogModuleManager: Shutting down and abandoning module InputCore (22)
[2017.03.09-21.37.03:161][180]LogModuleManager: Shutting down and abandoning module Settings (21)
[2017.03.09-21.37.03:161][180]LogModuleManager: Shutting down and abandoning module OnlineSubsystem (19)
[2017.03.09-21.37.03:171][180]LogModuleManager: Shutting down and abandoning module HTTP (18)
[2017.03.09-21.37.04:672][180]LogModuleManager: Shutting down and abandoning module XMPP (17)
[2017.03.09-21.37.04:695][180]LogModuleManager: Shutting down and abandoning module OculusRift (16)
[2017.03.09-21.37.04:708][180]LogModuleManager: Shutting down and abandoning module ExampleDeviceProfileSelector (15)
[2017.03.09-21.37.04:708][180]LogModuleManager: Shutting down and abandoning module TextureCompressor (14)
[2017.03.09-21.37.04:710][180]LogModuleManager: Shutting down and abandoning module ShaderCore (13)
[2017.03.09-21.37.04:710][180]LogModuleManager: Shutting down and abandoning module Landscape (12)
[2017.03.09-21.37.04:710][180]LogModuleManager: Shutting down and abandoning module SlateRHIRenderer (11)
[2017.03.09-21.37.04:732][180]LogModuleManager: Shutting down and abandoning module OpenGLDrv (10)
[2017.03.09-21.37.04:757][180]LogModuleManager: Shutting down and abandoning module D3D11RHI (9)
[2017.03.09-21.37.04:757][180]LogModuleManager: Shutting down and abandoning module AnimGraphRuntime (8)
[2017.03.09-21.37.04:757][180]LogModuleManager: Shutting down and abandoning module Renderer (7)
[2017.03.09-21.37.04:757][180]LogModuleManager: Shutting down and abandoning module Engine (6)
[2017.03.09-21.37.04:757][180]LogModuleManager: Shutting down and abandoning module CoreUObject (5)
[2017.03.09-21.37.04:757][180]LogModuleManager: Shutting down and abandoning module NetworkFile (4)
[2017.03.09-21.37.04:787][180]LogModuleManager: Shutting down and abandoning module StreamingFile (3)
[2017.03.09-21.37.04:787][180]LogModuleManager: Shutting down and abandoning module SandboxFile (2)
[2017.03.09-21.37.04:800][180]LogModuleManager: Shutting down and abandoning module PakFile (1)
[2017.03.09-21.37.04:833][180]LogExit: Exiting.
[2017.03.09-21.37.04:867][180]Log file closed, 03/09/17 16:37:04
