Log file open, 02/19/17 17:14:55
LogInit:Display: Running engine for game: Game
LogPlatformFile: Not using cached read wrapper
LogInit:Display: RandInit(929083098) SRandInit(929083099).
LogTaskGraph: Started task graph with 4 named threads and 7 total threads with 1 sets of task threads.
LogStats: Stats thread started at 0.077404
LogInit: Version: 4.12.5-3039270+++UE4+Release-4.12
LogInit: API Version: 2992821
LogInit: Net Version: 3039270
LogDevObjectVersion: Number of dev versions registered: 13
LogDevObjectVersion:   Dev-Blueprints (B0D832E4-1F89-4F0D-ACCF-7EB736FD4AA2): 3
LogDevObjectVersion:   Dev-Build (E1C64328-A22C-4D53-A36C-8E866417BD8C): 0
LogDevObjectVersion:   Dev-Core (375EC13C-06E4-48FB-B500-84F0262A717E): 1
LogDevObjectVersion:   Dev-Editor (E4B068ED-F494-42E9-A231-DA0B2E46BB41): 2
LogDevObjectVersion:   Dev-Framework (CFFC743F-43B0-4480-9391-14DF171D2073): 6
LogDevObjectVersion:   Dev-Mobile (B02B49B5-BB20-44E9-A304-32B752E40360): 0
LogDevObjectVersion:   Dev-Networking (A4E4105C-59A1-49B5-A7C5-40C4547EDFEE): 0
LogDevObjectVersion:   Dev-Online (39C831C9-5AE6-47DC-9A44-9C173E1C8E7C): 0
LogDevObjectVersion:   Dev-Physics (78F01B33-EBEA-4F98-B9B4-84EACCB95AA2): 0
LogDevObjectVersion:   Dev-Platform (6631380F-2D4D-43E0-8009-CF276956A95A): 0
LogDevObjectVersion:   Dev-Rendering (12F88B9F-8875-4AFC-A67C-D90C383ABD29): 2
LogDevObjectVersion:   Dev-Sequencer (7B5AE74C-D270-4C10-A958-57980B212A5A): 0
LogDevObjectVersion:   Dev-VR (D7296918-1DD6-4BDD-9DE2-64A83CC13884): 0
LogInit: Compiled (64-bit): Jul  6 2016 09:09:46
LogInit: Compiled with Visual C++: 19.00.23026.00
LogInit: Build Configuration: Development
LogInit: Branch Name: ++UE4+Release-4.12
LogInit: Command line:  
LogInit: Base directory: F:/Epic Games/4.12/Engine/Binaries/Win64/
LogInit: Installed Engine Build: 1
LogInit: Using libcurl 7.41.0
LogInit:  - built for x86_64-pc-win32
LogInit:  - supports SSL with WinSSL
LogInit:  - other features:
LogInit:      CURL_VERSION_SSL
LogInit:      CURL_VERSION_IPV6
LogInit:      CURL_VERSION_ASYNCHDNS
LogInit:      CURL_VERSION_LARGEFILE
LogInit:      CURL_VERSION_IDN
LogInit:  CurlRequestOptions (configurable via config and command line):
LogInit:  - bVerifyPeer = true  - Libcurl will verify peer certificate
LogInit:  - bUseHttpProxy = false  - Libcurl will NOT use HTTP proxy
LogInit:  - bDontReuseConnections = false  - Libcurl will reuse connections
LogInit:  - CertBundlePath = nullptr  - Libcurl will use whatever was configured at build time.
LogInit: Presizing for max 8388607 objects, including 0 objects not considered by GC, pre-allocating 0 bytes for permanent pool.
LogInit: Object subsystem initialized
[2017.02.19-22.14.55:786][  0]LogInit: Selected Device Profile: [Windows]
[2017.02.19-22.14.55:786][  0]LogInit: Applying CVar settings loaded from the selected device profile: [Windows]
[2017.02.19-22.14.55:829][  0]LogInit: Computer: DESKTOP-F5OT20E
[2017.02.19-22.14.55:829][  0]LogInit: User: reyno
[2017.02.19-22.14.55:829][  0]LogInit: CPU Page size=65536, Cores=4
[2017.02.19-22.14.55:829][  0]LogInit: High frequency timer resolution =3.421875 MHz
[2017.02.19-22.14.55:829][  0]LogMemory: Memory total: Physical=15.9GB (16GB approx)
[2017.02.19-22.14.55:829][  0]LogMemory: Platform Memory Stats for Windows
[2017.02.19-22.14.55:829][  0]LogMemory: Process Physical Memory: 190.18 MB used, 190.18 MB peak
[2017.02.19-22.14.55:829][  0]LogMemory: Process Virtual Memory: 195.04 MB used, 195.04 MB peak
[2017.02.19-22.14.55:829][  0]LogMemory: Physical Memory: 3934.69 MB used, 16317.80 MB total
[2017.02.19-22.14.55:829][  0]LogMemory: Virtual Memory: 552.69 MB used, 134217728.00 MB total
[2017.02.19-22.14.55:863][  0]LogTextLocalizationManager: No specific translations for ('en-US') exist, so ('en') translations will be used.
[2017.02.19-22.14.56:202][  0]LogD3D11RHI: D3D11 adapters:
[2017.02.19-22.14.56:696][  0]LogD3D11RHI:    0. 'NVIDIA GeForce GTX 1070' (Feature Level 11_0)
[2017.02.19-22.14.56:696][  0]LogD3D11RHI:       8119/0/8158 MB DedicatedVideo/DedicatedSystem/SharedSystem, Outputs:2, VendorId:0x10de
[2017.02.19-22.14.56:699][  0]LogD3D11RHI:    1. 'Microsoft Basic Render Driver' (Feature Level 11_0)
[2017.02.19-22.14.56:699][  0]LogD3D11RHI:       0/0/8158 MB DedicatedVideo/DedicatedSystem/SharedSystem, Outputs:0, VendorId:0x1414
[2017.02.19-22.14.56:699][  0]LogD3D11RHI: Chosen D3D11 Adapter: 0
[2017.02.19-22.14.56:702][  0]LogD3D11RHI: Creating new Direct3DDevice
[2017.02.19-22.14.56:703][  0]LogD3D11RHI:     GPU DeviceId: 0x1b81 (for the marketing name, search the web for "GPU Device Id")
[2017.02.19-22.14.56:703][  0]LogWindows: EnumDisplayDevices:
[2017.02.19-22.14.56:703][  0]LogWindows:    0. 'NVIDIA GeForce GTX 1070' (P:1 D:1)
[2017.02.19-22.14.56:703][  0]LogWindows:    1. 'NVIDIA GeForce GTX 1070' (P:0 D:1)
[2017.02.19-22.14.56:704][  0]LogWindows:    2. 'NVIDIA GeForce GTX 1070' (P:0 D:0)
[2017.02.19-22.14.56:704][  0]LogWindows:    3. 'NVIDIA GeForce GTX 1070' (P:0 D:0)
[2017.02.19-22.14.56:704][  0]LogWindows: DebugString: FoundDriverCount:4 
[2017.02.19-22.14.56:704][  0]LogD3D11RHI:     Adapter Name: NVIDIA GeForce GTX 1070
[2017.02.19-22.14.56:704][  0]LogD3D11RHI:   Driver Version: 378.66 (internal:21.21.13.7866, unified:378.66)
[2017.02.19-22.14.56:704][  0]LogD3D11RHI:      Driver Date: 2-9-2017
[2017.02.19-22.14.56:704][  0]LogRHI: Texture pool is 1361 MB (70% of 1945 MB)
[2017.02.19-22.14.57:167][  0]LogD3D11RHI: Async texture creation enabled
[2017.02.19-22.14.57:201][  0]LogD3D11RHI: GPU Timing Frequency: 1000.000000 (Debug: 2 1)
[2017.02.19-22.14.57:202][  0]LogShaderCompilers: Guid format shader working directory is 9 characters bigger than the processId version (Z:/ClassFiles/Cnit 48101/CGT445/Game/Intermediate/Shaders/WorkingDirectory/11500/).
[2017.02.19-22.14.57:202][  0]LogShaderCompilers: Cleaned the shader compiler working directory 'C:/Users/reyno/AppData/Local/Temp/UnrealShaderWorkingDir/E0357C124ED01581E9DA0D8D349CDE3B/'.
[2017.02.19-22.14.57:202][  0]LogShaderCompilers:Display: Using Local Shader Compiler.
[2017.02.19-22.14.57:967][  0]LogTemp:Display: Loaded TP AllDesktopTargetPlatform
[2017.02.19-22.14.57:979][  0]LogTemp:Display: Loaded TP WindowsClientTargetPlatform
[2017.02.19-22.14.57:992][  0]LogTemp:Display: Loaded TP WindowsNoEditorTargetPlatform
[2017.02.19-22.14.58:004][  0]LogTemp:Display: Loaded TP WindowsServerTargetPlatform
[2017.02.19-22.14.58:012][  0]LogTemp:Display: Loaded TP WindowsTargetPlatform
[2017.02.19-22.14.58:026][  0]LogTemp:Display: Loaded TP AndroidTargetPlatform
[2017.02.19-22.14.58:037][  0]LogTemp:Display: Loaded TP Android_ASTCTargetPlatform
[2017.02.19-22.14.58:048][  0]LogTemp:Display: Loaded TP Android_ATCTargetPlatform
[2017.02.19-22.14.58:058][  0]LogTemp:Display: Loaded TP Android_DXTTargetPlatform
[2017.02.19-22.14.58:069][  0]LogTemp:Display: Loaded TP Android_ETC1TargetPlatform
[2017.02.19-22.14.58:080][  0]LogTemp:Display: Loaded TP Android_ETC2TargetPlatform
[2017.02.19-22.14.58:103][  0]LogTemp:Display: Loaded TP Android_MultiTargetPlatform
[2017.02.19-22.14.58:103][  0]LogTemp:Display: Loaded TP Android_PVRTCTargetPlatform
[2017.02.19-22.14.58:104][  0]LogTemp:Display: Loaded TP HTML5TargetPlatform
[2017.02.19-22.14.58:131][  0]LogTemp:Display: Loaded TP IOSTargetPlatform
[2017.02.19-22.14.58:144][  0]LogTemp:Display: Loaded TP TVOSTargetPlatform
[2017.02.19-22.14.58:158][  0]LogTemp:Display: Loaded TP LinuxNoEditorTargetPlatform
[2017.02.19-22.14.58:171][  0]LogTemp:Display: Loaded TP LinuxServerTargetPlatform
[2017.02.19-22.14.58:183][  0]LogTemp:Display: Loaded TP LinuxTargetPlatform
[2017.02.19-22.14.58:183][  0]LogTargetPlatformManager:Display: Building Assets For Windows
[2017.02.19-22.14.58:235][  0]LogDerivedDataCache:Display: Max Cache Size: 512 MB
[2017.02.19-22.14.58:278][  0]LogDerivedDataCache: Loaded boot cache 0.04s 48MB C:/Users/reyno/AppData/Local/UnrealEngine/4.12/DerivedDataCache/Boot.ddc.
[2017.02.19-22.14.58:278][  0]LogDerivedDataCache:Display: Loaded Boot cache: C:/Users/reyno/AppData/Local/UnrealEngine/4.12/DerivedDataCache/Boot.ddc
[2017.02.19-22.14.58:279][  0]LogDerivedDataCache: FDerivedDataBackendGraph:  Pak pak cache file Z:/ClassFiles/Cnit 48101/CGT445/Game/DerivedDataCache/DDC.ddp not found, will not use a pak cache.
[2017.02.19-22.14.58:279][  0]LogDerivedDataCache: Unable to find inner node Pak for hierarchical cache Hierarchy.
[2017.02.19-22.14.58:281][  0]LogDerivedDataCache: FDerivedDataBackendGraph:  CompressedPak pak cache file Z:/ClassFiles/Cnit 48101/CGT445/Game/DerivedDataCache/Compressed.ddp not found, will not use a pak cache.
[2017.02.19-22.14.58:281][  0]LogDerivedDataCache: Unable to find inner node CompressedPak for hierarchical cache Hierarchy.
[2017.02.19-22.14.58:295][  0]LogDerivedDataCache:Display: Pak cache opened for reading ../../../Engine/DerivedDataCache/Compressed.ddp.
[2017.02.19-22.14.58:306][  0]LogDerivedDataCache: Using Local data cache path C:/Users/reyno/AppData/Local/UnrealEngine/Common/DerivedDataCache: Writable
[2017.02.19-22.14.58:455][  0]LogInit: Selected Device Profile: [Windows]
[2017.02.19-22.14.58:456][  0]LogContentStreaming: Texture pool size is 0.00 MB
[2017.02.19-22.14.58:679][  0]LogMeshUtilities: No automatic mesh reduction module available
[2017.02.19-22.14.58:679][  0]LogMeshUtilities: No automatic mesh merging module available
[2017.02.19-22.14.58:679][  0]LogMeshUtilities: No distributed automatic mesh merging module available
[2017.02.19-22.14.58:878][  0]LogAssetRegistry: FAssetRegistry took 0.0216 seconds to start up
[2017.02.19-22.14.59:577][  0]LogPackageLocalizationCache: Processed 3 localized package path(s) for 2 prioritized culture(s) in 0.695176 seconds
[2017.02.19-22.14.59:581][  0]LogUObjectArray: 28739 objects as part of root set at end of initial load.
[2017.02.19-22.14.59:581][  0]LogUObjectAllocator: 5855632 out of 0 bytes used by permanent object pool.
[2017.02.19-22.14.59:581][  0]LogUObjectArray: CloseDisregardForGC: 0/0 objects in disregard for GC pool
[2017.02.19-22.14.59:585][  0]LogInit: WinSock: version 1.1 (2.2), MaxSocks=32767, MaxUdp=65467
[2017.02.19-22.14.59:722][  0]LogSlate: SlateFontCache - WITH_FREETYPE: 1, WITH_HARFBUZZ: 1
[2017.02.19-22.14.59:722][  0]LogSlate: SlateFontCache - WITH_FREETYPE: 1, WITH_HARFBUZZ: 1
[2017.02.19-22.15.00:248][  0]LogSubstanceCoreModule: Substance CPU Engine Loaded, Max Texture Size 2048
[2017.02.19-22.15.00:253][  0]LogUdpMessaging: Initializing bridge on interface 0.0.0.0:0 to multicast group 230.0.0.1:6666.
[2017.02.19-22.15.00:254][  0]LogDirectoryWatcher: A directory notification failed for 'Z:/ClassFiles/Cnit 48101/CGT445/Game/Content/' because it was aborted or there was a buffer overflow.
[2017.02.19-22.15.00:808][  0]SourceControl: Info Source control is disabled
[2017.02.19-22.15.00:809][  0]SourceControl: Info Source control is disabled
[2017.02.19-22.15.00:813][  0]SourceControl: Info Source control is disabled
[2017.02.19-22.15.00:819][  0]SourceControl: Info Source control is disabled
[2017.02.19-22.15.00:910][  0]LogDirectoryWatcher: A directory notification failed for 'Z:/ClassFiles/Cnit 48101/CGT445/Game/Content/' because it was aborted or there was a buffer overflow.
[2017.02.19-22.15.00:997][  0]LogEngine: Initializing Engine...
[2017.02.19-22.15.00:998][  0]LogHMD: SteamVR failed to initialize.  Err: 110
[2017.02.19-22.15.00:999][  0]LogHMD: SteamVR failed to initialize.  Err: 110
[2017.02.19-22.15.01:134][  0]LogAIModule: Creating AISystem for world NewWorld
[2017.02.19-22.15.01:146][  0]LogInit: XAudio2 using 'Speakers (2- USB Audio Device)' : 2 channels at 48 kHz using 16 bits per sample (channel mask 0x3)
[2017.02.19-22.15.01:159][  0]LogInit: FAudioDevice initialized.
[2017.02.19-22.15.01:180][  0]LogDerivedDataCache: Saved boot cache 0.02s 48MB C:/Users/reyno/AppData/Local/UnrealEngine/4.12/DerivedDataCache/Boot.ddc.
[2017.02.19-22.15.01:184][  0]LogInit: Texture streaming: Enabled
[2017.02.19-22.15.01:203][  0]LogWindowsTextInputMethodSystem:Display: IME system now deactivated.
[2017.02.19-22.15.01:233][  0]LogInit: Transaction tracking system initialized
[2017.02.19-22.15.01:257][  0]BlueprintLog: New page: Editor Load
[2017.02.19-22.15.01:362][  0]LocalizationService: Info Localization service is disabled
[2017.02.19-22.15.01:411][  0]LogConsoleResponse:Display: 
[2017.02.19-22.15.01:503][  0]LogCook:Display: Max memory allowance for cook 8192mb
[2017.02.19-22.15.01:503][  0]LogCook:Display: Mobile HDR setting 1
[2017.02.19-22.15.01:569][  0]SourceControl: Info Source control is disabled
[2017.02.19-22.15.01:569][  0]Cmd: MAP LOAD FILE="Z:/ClassFiles/Cnit 48101/CGT445/Game/Content/FirstPersonBP/Maps/FirstPersonExampleMap.umap" TEMPLATE=0 SHOWPROGRESS=1 FEATURELEVEL=3
[2017.02.19-22.15.01:583][  0]LightingResults: New page: Lighting Build
[2017.02.19-22.15.01:585][  0]MapCheck: New page: Map Check
[2017.02.19-22.15.01:585][  0]LightingResults: New page: Lighting Build
[2017.02.19-22.15.01:921][  0]LogFileCache: Scanning file cache for directory 'Z:/ClassFiles/Cnit 48101/CGT445/Game/Content/' took 0.18s
[2017.02.19-22.15.04:713][  0]LogAIModule: Creating AISystem for world FirstPersonExampleMap
[2017.02.19-22.15.04:721][  0]LogEditorServer: Finished looking for orphan Actors (0.000 secs)
[2017.02.19-22.15.04:722][  0]Cmd: MAP CHECKDEP NOCLEARLOG
[2017.02.19-22.15.04:757][  0]MapCheck: Info Map check complete: 0 Error(s), 0 Warning(s), took 35.132ms to complete.
[2017.02.19-22.15.04:757][  0]LogFileHelpers: Loading map 'FirstPersonExampleMap' took 3.188
[2017.02.19-22.15.04:898][  0]LogCollectionManager: Loaded 0 collections in 0.006684 seconds
[2017.02.19-22.15.04:958][  0]LogFileCache: Scanning file cache for directory 'Z:/ClassFiles/Cnit 48101/CGT445/Game/Saved/Collections/' took 0.01s
[2017.02.19-22.15.04:958][  0]LogFileCache: Scanning file cache for directory 'Z:/ClassFiles/Cnit 48101/CGT445/Game/Content/Developers/reyno/Collections/' took 0.01s
[2017.02.19-22.15.04:958][  0]LogFileCache: Scanning file cache for directory 'Z:/ClassFiles/Cnit 48101/CGT445/Game/Content/Collections/' took 0.01s
[2017.02.19-22.15.04:958][  0]LogCollectionManager: Rebuilt the GUID cache for 0 collections in 0.000002 seconds
[2017.02.19-22.15.04:965][  0]LogContentBrowser: Native class hierarchy populated in 0.0070 seconds. Added 2062 classes and 375 folders.
[2017.02.19-22.15.04:968][  0]LogStats: UGameplayTagsManager::ConstructGameplayTagTree: Construct from data asset -  0.000 s
[2017.02.19-22.15.04:968][  0]LogStats: UGameplayTagsManager::ConstructGameplayTagTree: GameplayTagTreeChangedEvent.Broadcast -  0.000 s
[2017.02.19-22.15.04:968][  0]LogContentBrowser: Native class hierarchy updated for 'GameplayTags' in 0.0004 seconds. Added 12 classes and 0 folders.
[2017.02.19-22.15.04:970][  0]LogContentBrowser: Native class hierarchy updated for 'WidgetCarousel' in 0.0004 seconds. Added 0 classes and 0 folders.
[2017.02.19-22.15.05:000][  0]LogContentBrowser: Native class hierarchy updated for 'AddContentDialog' in 0.0005 seconds. Added 0 classes and 0 folders.
[2017.02.19-22.15.05:003][  0]LogContentBrowser: Native class hierarchy updated for 'SceneOutliner' in 0.0003 seconds. Added 1 classes and 2 folders.
[2017.02.19-22.15.05:020][  0]LogCrashTracker: Crashtracker disabled due to settings.
[2017.02.19-22.15.05:024][  0]LogUObjectGlobals:Warning: Failed to find object 'Class None.'
[2017.02.19-22.15.05:049][  0]LogContentBrowser: Native class hierarchy updated for 'HierarchicalLODOutliner' in 0.0006 seconds. Added 1 classes and 2 folders.
[2017.02.19-22.15.05:049][  0]LogLoad: Full Startup: 10.74 seconds (BP compile: 0.09 seconds)
[2017.02.19-22.15.05:049][  0]LogExternalProfiler: No external profilers were discovered.  External profiling features will not be available.
[2017.02.19-22.15.05:060][  0]LogOcInput: OculusInput pre-init called
[2017.02.19-22.15.05:075][  0]LogDirectoryWatcher: A directory notification failed for 'Z:/ClassFiles/Cnit 48101/CGT445/Game/Saved/Collections/' because it was aborted or there was a buffer overflow.
[2017.02.19-22.15.05:075][  0]LogDirectoryWatcher: A directory notification failed for 'Z:/ClassFiles/Cnit 48101/CGT445/Game/Content/Developers/reyno/Collections/' because it was aborted or there was a buffer overflow.
[2017.02.19-22.15.05:075][  0]LogDirectoryWatcher: A directory notification failed for 'Z:/ClassFiles/Cnit 48101/CGT445/Game/Content/Collections/' because it was aborted or there was a buffer overflow.
[2017.02.19-22.15.05:078][  0]LogContentStreaming: Texture pool size now 700 MB
[2017.02.19-22.15.05:201][  1]LogAssetRegistry: Asset discovery search completed in 6.3444 seconds
[2017.02.19-22.15.05:201][  1]LogCollectionManager: Rebuilt the object cache for 0 collections in 0.000001 seconds (found 0 objects)
[2017.02.19-22.15.05:201][  1]LogCollectionManager: Fixed up redirectors for 0 collections in 0.000030 seconds (updated 0 objects)
[2017.02.19-22.15.05:201][  1]LogDirectoryWatcher: A directory notification failed for 'Z:/ClassFiles/Cnit 48101/CGT445/Game/Saved/Collections/' because it was aborted or there was a buffer overflow.
[2017.02.19-22.15.05:201][  1]LogDirectoryWatcher: A directory notification failed for 'Z:/ClassFiles/Cnit 48101/CGT445/Game/Content/Collections/' because it was aborted or there was a buffer overflow.
[2017.02.19-22.15.05:201][  1]LogDirectoryWatcher: A directory notification failed for 'Z:/ClassFiles/Cnit 48101/CGT445/Game/Content/Developers/reyno/Collections/' because it was aborted or there was a buffer overflow.
[2017.02.19-22.15.05:215][  2]LogRenderer: Reallocating scene render targets to support 872x432 (Frame:2).
[2017.02.19-22.15.09:086][210]LogRenderer: Reallocating scene render targets to support 1208x576 (Frame:505).
[2017.02.19-22.15.17:201][162]Cmd: MAP LOAD FILE="Z:/ClassFiles/Cnit 48101/CGT445/Game/Content/Maps/Opening_Level.umap" TEMPLATE=0 SHOWPROGRESS=1 FEATURELEVEL=3
[2017.02.19-22.15.17:229][162]LightingResults: New page: Lighting Build
[2017.02.19-22.15.17:230][162]LoadErrors: New page: Loading map: Opening_Level.umap
[2017.02.19-22.15.17:232][162]MapCheck: New page: Map Check
[2017.02.19-22.15.17:232][162]LightingResults: New page: Lighting Build
[2017.02.19-22.15.17:634][162]LogAIModule: Creating AISystem for world Opening_Level
[2017.02.19-22.15.17:659][162]LogEditorServer: Finished looking for orphan Actors (0.000 secs)
[2017.02.19-22.15.17:711][162]Cmd: MAP CHECKDEP NOCLEARLOG
[2017.02.19-22.15.17:881][162]MapCheck: Info Map check complete: 0 Error(s), 0 Warning(s), took 169.133ms to complete.
[2017.02.19-22.15.17:881][162]LogFileHelpers: Loading map 'Opening_Level' took 0.680
[2017.02.19-22.17.38:166][504]Cmd: OBJ SAVEPACKAGE PACKAGE="/Game/MayaImports/Bare_DFrame" FILE="Z:/ClassFiles/Cnit 48101/CGT445/Game/Content/MayaImports/Bare_DFrame.uasset" SILENT=true
[2017.02.19-22.17.38:290][504]LogSavePackage: Save=106.29ms
[2017.02.19-22.17.38:290][504]LogSavePackage: Moving 'Z:/ClassFiles/Cnit 48101/CGT445/Game/Saved/Bare_DFrame809CB088485D74B13257D3BA5A79317A.tmp' to 'Z:/ClassFiles/Cnit 48101/CGT445/Game/Content/MayaImports/Bare_DFrame.uasset'
[2017.02.19-22.17.38:351][504]LogSavePackage:Display: Finished SavePackage Z:/ClassFiles/Cnit 48101/CGT445/Game/Content/MayaImports/Bare_DFrame.uasset
[2017.02.19-22.17.38:359][504]Cmd: OBJ SAVEPACKAGE PACKAGE="/Game/Geometry/Bare_DFrame" FILE="Z:/ClassFiles/Cnit 48101/CGT445/Game/Content/Geometry/Bare_DFrame.uasset" SILENT=true
[2017.02.19-22.17.38:441][504]LogSavePackage: Save=18.95ms
[2017.02.19-22.17.38:442][504]LogSavePackage: Moving 'Z:/ClassFiles/Cnit 48101/CGT445/Game/Saved/Bare_DFrameD83542994242258A2BB1779DF802DFB0.tmp' to 'Z:/ClassFiles/Cnit 48101/CGT445/Game/Content/Geometry/Bare_DFrame.uasset'
[2017.02.19-22.17.38:519][504]LogSavePackage:Display: Finished SavePackage Z:/ClassFiles/Cnit 48101/CGT445/Game/Content/Geometry/Bare_DFrame.uasset
[2017.02.19-22.17.48:764][695]Cmd: OBJ SAVEPACKAGE PACKAGE="/Game/MayaImports/Walkway" FILE="Z:/ClassFiles/Cnit 48101/CGT445/Game/Content/MayaImports/Walkway.uasset" SILENT=true
[2017.02.19-22.17.48:881][695]LogSavePackage: Save=99.88ms
[2017.02.19-22.17.48:881][695]LogSavePackage: Moving 'Z:/ClassFiles/Cnit 48101/CGT445/Game/Saved/WalkwayCB843C9F404BA34447D1228F3BE958AE.tmp' to 'Z:/ClassFiles/Cnit 48101/CGT445/Game/Content/MayaImports/Walkway.uasset'
[2017.02.19-22.17.48:939][695]LogSavePackage:Display: Finished SavePackage Z:/ClassFiles/Cnit 48101/CGT445/Game/Content/MayaImports/Walkway.uasset
[2017.02.19-22.17.48:942][695]Cmd: OBJ SAVEPACKAGE PACKAGE="/Game/Geometry/Walkway" FILE="Z:/ClassFiles/Cnit 48101/CGT445/Game/Content/Geometry/Walkway.uasset" SILENT=true
[2017.02.19-22.17.49:003][695]LogSavePackage: Save=12.75ms
[2017.02.19-22.17.49:003][695]LogSavePackage: Moving 'Z:/ClassFiles/Cnit 48101/CGT445/Game/Saved/WalkwayC596A97E437F431EDAC31A88DECBBCD3.tmp' to 'Z:/ClassFiles/Cnit 48101/CGT445/Game/Content/Geometry/Walkway.uasset'
[2017.02.19-22.17.49:059][695]LogSavePackage:Display: Finished SavePackage Z:/ClassFiles/Cnit 48101/CGT445/Game/Content/Geometry/Walkway.uasset
[2017.02.19-22.18.20:889][296]LogMaterial: Missing cached shader map for material Material_0, compiling. 
[2017.02.19-22.18.20:990][297]LogMaterial: Missing cached shader map for material Material_1, compiling. 
[2017.02.19-22.18.21:023][298]LogMaterial: Missing cached shader map for material Material_2, compiling. 
[2017.02.19-22.18.21:052][299]LogMaterial: Missing cached shader map for material Material_3, compiling. 
[2017.02.19-22.18.21:099][301]LogMaterial: Missing cached shader map for material Material_4, compiling. 
[2017.02.19-22.18.21:126][302]LogMaterial: Missing cached shader map for material Material_5, compiling. 
[2017.02.19-22.18.21:151][303]LogMaterial: Missing cached shader map for material Material_6, compiling. 
[2017.02.19-22.18.21:178][304]LogMaterial: Missing cached shader map for material Material_7, compiling. 
[2017.02.19-22.18.30:899][349]LogContentBrowser: Native class hierarchy updated for 'BlueprintGraph' in 0.0017 seconds. Added 111 classes and 0 folders.
[2017.02.19-22.19.45:963][358]BlueprintLog: New page: Compile FirstPersonCharacter
[2017.02.19-22.19.46:733][358]LogUObjectGlobals:Warning: Guid referenced by CapsuleComponent /Game/Maps/Opening_Level.Opening_Level:PersistentLevel.FirstPersonCharacter_1102.CollisionCylinder is already used by CapsuleComponent /Game/Maps/Opening_Level.Opening_Level:PersistentLevel.REINST_FirstPersonCharacter_C_0.CollisionCylinder, which should never happen in the editor but could happen at runtime with duplicate level loading or PIE
[2017.02.19-22.19.46:733][358]LogUObjectGlobals:Warning: Guid referenced by ArrowComponent /Game/Maps/Opening_Level.Opening_Level:PersistentLevel.FirstPersonCharacter_1102.Arrow is already used by ArrowComponent /Game/Maps/Opening_Level.Opening_Level:PersistentLevel.REINST_FirstPersonCharacter_C_0.Arrow, which should never happen in the editor but could happen at runtime with duplicate level loading or PIE
[2017.02.19-22.19.46:733][358]LogUObjectGlobals:Warning: Guid referenced by CharacterMovementComponent /Game/Maps/Opening_Level.Opening_Level:PersistentLevel.FirstPersonCharacter_1102.CharMoveComp is already used by CharacterMovementComponent /Game/Maps/Opening_Level.Opening_Level:PersistentLevel.REINST_FirstPersonCharacter_C_0.CharMoveComp, which should never happen in the editor but could happen at runtime with duplicate level loading or PIE
[2017.02.19-22.19.46:733][358]LogUObjectGlobals:Warning: Guid referenced by SkeletalMeshComponent /Game/Maps/Opening_Level.Opening_Level:PersistentLevel.FirstPersonCharacter_1102.CharacterMesh0 is already used by SkeletalMeshComponent /Game/Maps/Opening_Level.Opening_Level:PersistentLevel.REINST_FirstPersonCharacter_C_0.CharacterMesh0, which should never happen in the editor but could happen at runtime with duplicate level loading or PIE
[2017.02.19-22.19.47:125][358]BlueprintEditorCompileResults: Info [0292.82] Compile of FirstPersonCharacter successful! [in 1,162 ms] (/Game/FirstPersonBP/Blueprints/FirstPersonCharacter.FirstPersonCharacter)
[2017.02.19-22.20.41:000][121]Cmd: OBJ SAVEPACKAGE PACKAGE="/Game/Maps/Opening_Level" FILE="Z:/ClassFiles/Cnit 48101/CGT445/Game/Content/Maps/Opening_Level.umap" SILENT=true AUTOSAVING=